This file is Log/Gamma_All_141021_201411031436_649440.log
initialize ls6500
dataDir /Users/djaffe/work/GIT/LINDSEY/TechMaturation2014/LS6500/Gamma_All_141021/ 
dataSubDir Gamma_All_141021/
initialize spreadsheetReader
ls6500.Main: pickMode put
ls6500.processHeader: S1_Position12 has no vial
ls6500.processHeader: S2_Position12 has no vial
ls6500.processHeader: S3_Position12 has no vial
ls6500.processHeader: S4_Position12 has no vial
ls6500.processHeader: S5_Position12 has no vial
ls6500.processHeader: S6_Position03 has no vial
ls6500.processHeader: S6_Position04 has no vial
ls6500.processHeader: S6_Position05 has no vial
ls6500.processHeader: S6_Position07 has no vial
ls6500.processHeader: S6_Position08 has no vial
ls6500.processHeader: S6_Position09 has no vial
ls6500.processHeader: S6_Position10 has no vial
ls6500.processHeader: S6_Position11 has no vial
ls6500.processHeader: S6_Position12 has no vial
ls6500.processHeader: S7_Position10 has no vial
ls6500.processHeader: S7_Position11 has no vial
ls6500.processHeader: S7_Position12 has no vial
ls6500.processHeader: Found 67 total samples
ls6500.matchVialMeas: remove summary file MeasurementNo00068.xls from list
ls6500.matchVialMeas: remove summary file MeasurementNo00136.xls from list
ls6500.matchVialMeas: remove summary file MeasurementNo00204.xls from list
ls6500.fillSampleMsmts: initial,final sampleMsmts length 0 , 67
ls6500.fillSampleMsmts: Samples in fillSampleMsmts 0100_1_1 0100_1_2 15%_WbLS_Vit._C 0100_1000_2 0052_0_1 PP_1000_1 PP_1000_2 0052_400_2 0052_100_1 EMPTY_S2_Position02 0100_400_2 0100_400_1 GLASS_100_1 0050_400_1 EMPTY_S1_Position01 0050_400_2 0100_10_2 0102_1000_1 0100_100_2 GLASS_400_2 GLASS_400_1 0100_100_1 0052_100_2 0050_100_1 LS_Vit._C 0050_100_2 EMPTY_S7_Position07 GLASS_1000_1 0102_100_1 0102_100_2 GLASS_1000_2 0102_10_1 5%_WbLS_Vit._C WbLS-5_10/20/14 0102_10_2 0102_1_2 EMPTY_S5_Position05 0102_1_1 10%_WbLS_Vit._C PP_100_1 GLASS_100_2 PP_100_2 PP_400_2 WbLS-10_10/20/14 0102_400_1 0102_400_2 EMPTY_S6_Position06 0052_400_1 PP_0_2 PP_400_1 EMPTY_S3_Position03 0102_1000_2 GLASS_0_1 LS_10/20/14 GLASS_0_2 0052_0_2 PP_0_1 EMPTY_S4_Position04 0050_0_1 WbLS-15_10/20/14 0100_0_1 0102_0_2 0102_0_1 0100_0_2 0050_0_2 0100_10_1 0100_1000_1 Tray_Position S1_Position01 Number of `no vial` to this position 0
get measurement from /Users/djaffe/work/GIT/LINDSEY/TechMaturation2014/LS6500/Gamma_All_141021/MeasurementNo00001.xls
get measurement from /Users/djaffe/work/GIT/LINDSEY/TechMaturation2014/LS6500/Gamma_All_141021/MeasurementNo00069.xls
get measurement from /Users/djaffe/work/GIT/LINDSEY/TechMaturation2014/LS6500/Gamma_All_141021/MeasurementNo00137.xls
get measurement from /Users/djaffe/work/GIT/LINDSEY/TechMaturation2014/LS6500/Gamma_All_141021/MeasurementNo00205.xls
Tray_Position S1_Position02 Number of `no vial` to this position 0
get measurement from /Users/djaffe/work/GIT/LINDSEY/TechMaturation2014/LS6500/Gamma_All_141021/MeasurementNo00002.xls
get measurement from /Users/djaffe/work/GIT/LINDSEY/TechMaturation2014/LS6500/Gamma_All_141021/MeasurementNo00070.xls
get measurement from /Users/djaffe/work/GIT/LINDSEY/TechMaturation2014/LS6500/Gamma_All_141021/MeasurementNo00138.xls
get measurement from /Users/djaffe/work/GIT/LINDSEY/TechMaturation2014/LS6500/Gamma_All_141021/MeasurementNo00206.xls
Tray_Position S1_Position03 Number of `no vial` to this position 0
get measurement from /Users/djaffe/work/GIT/LINDSEY/TechMaturation2014/LS6500/Gamma_All_141021/MeasurementNo00003.xls
get measurement from /Users/djaffe/work/GIT/LINDSEY/TechMaturation2014/LS6500/Gamma_All_141021/MeasurementNo00071.xls
get measurement from /Users/djaffe/work/GIT/LINDSEY/TechMaturation2014/LS6500/Gamma_All_141021/MeasurementNo00139.xls
get measurement from /Users/djaffe/work/GIT/LINDSEY/TechMaturation2014/LS6500/Gamma_All_141021/MeasurementNo00207.xls
Tray_Position S1_Position04 Number of `no vial` to this position 0
get measurement from /Users/djaffe/work/GIT/LINDSEY/TechMaturation2014/LS6500/Gamma_All_141021/MeasurementNo00004.xls
get measurement from /Users/djaffe/work/GIT/LINDSEY/TechMaturation2014/LS6500/Gamma_All_141021/MeasurementNo00072.xls
get measurement from /Users/djaffe/work/GIT/LINDSEY/TechMaturation2014/LS6500/Gamma_All_141021/MeasurementNo00140.xls
get measurement from /Users/djaffe/work/GIT/LINDSEY/TechMaturation2014/LS6500/Gamma_All_141021/MeasurementNo00208.xls
Tray_Position S1_Position05 Number of `no vial` to this position 0
get measurement from /Users/djaffe/work/GIT/LINDSEY/TechMaturation2014/LS6500/Gamma_All_141021/MeasurementNo00005.xls
get measurement from /Users/djaffe/work/GIT/LINDSEY/TechMaturation2014/LS6500/Gamma_All_141021/MeasurementNo00073.xls
get measurement from /Users/djaffe/work/GIT/LINDSEY/TechMaturation2014/LS6500/Gamma_All_141021/MeasurementNo00141.xls
get measurement from /Users/djaffe/work/GIT/LINDSEY/TechMaturation2014/LS6500/Gamma_All_141021/MeasurementNo00209.xls
Tray_Position S1_Position06 Number of `no vial` to this position 0
get measurement from /Users/djaffe/work/GIT/LINDSEY/TechMaturation2014/LS6500/Gamma_All_141021/MeasurementNo00006.xls
get measurement from /Users/djaffe/work/GIT/LINDSEY/TechMaturation2014/LS6500/Gamma_All_141021/MeasurementNo00074.xls
get measurement from /Users/djaffe/work/GIT/LINDSEY/TechMaturation2014/LS6500/Gamma_All_141021/MeasurementNo00142.xls
get measurement from /Users/djaffe/work/GIT/LINDSEY/TechMaturation2014/LS6500/Gamma_All_141021/MeasurementNo00210.xls
Tray_Position S1_Position07 Number of `no vial` to this position 0
get measurement from /Users/djaffe/work/GIT/LINDSEY/TechMaturation2014/LS6500/Gamma_All_141021/MeasurementNo00007.xls
get measurement from /Users/djaffe/work/GIT/LINDSEY/TechMaturation2014/LS6500/Gamma_All_141021/MeasurementNo00075.xls
get measurement from /Users/djaffe/work/GIT/LINDSEY/TechMaturation2014/LS6500/Gamma_All_141021/MeasurementNo00143.xls
get measurement from /Users/djaffe/work/GIT/LINDSEY/TechMaturation2014/LS6500/Gamma_All_141021/MeasurementNo00211.xls
Tray_Position S1_Position08 Number of `no vial` to this position 0
get measurement from /Users/djaffe/work/GIT/LINDSEY/TechMaturation2014/LS6500/Gamma_All_141021/MeasurementNo00008.xls
get measurement from /Users/djaffe/work/GIT/LINDSEY/TechMaturation2014/LS6500/Gamma_All_141021/MeasurementNo00076.xls
get measurement from /Users/djaffe/work/GIT/LINDSEY/TechMaturation2014/LS6500/Gamma_All_141021/MeasurementNo00144.xls
get measurement from /Users/djaffe/work/GIT/LINDSEY/TechMaturation2014/LS6500/Gamma_All_141021/MeasurementNo00212.xls
Tray_Position S1_Position09 Number of `no vial` to this position 0
get measurement from /Users/djaffe/work/GIT/LINDSEY/TechMaturation2014/LS6500/Gamma_All_141021/MeasurementNo00009.xls
get measurement from /Users/djaffe/work/GIT/LINDSEY/TechMaturation2014/LS6500/Gamma_All_141021/MeasurementNo00077.xls
get measurement from /Users/djaffe/work/GIT/LINDSEY/TechMaturation2014/LS6500/Gamma_All_141021/MeasurementNo00145.xls
get measurement from /Users/djaffe/work/GIT/LINDSEY/TechMaturation2014/LS6500/Gamma_All_141021/MeasurementNo00213.xls
Tray_Position S1_Position10 Number of `no vial` to this position 0
get measurement from /Users/djaffe/work/GIT/LINDSEY/TechMaturation2014/LS6500/Gamma_All_141021/MeasurementNo00010.xls
get measurement from /Users/djaffe/work/GIT/LINDSEY/TechMaturation2014/LS6500/Gamma_All_141021/MeasurementNo00078.xls
get measurement from /Users/djaffe/work/GIT/LINDSEY/TechMaturation2014/LS6500/Gamma_All_141021/MeasurementNo00146.xls
get measurement from /Users/djaffe/work/GIT/LINDSEY/TechMaturation2014/LS6500/Gamma_All_141021/MeasurementNo00214.xls
Tray_Position S1_Position11 Number of `no vial` to this position 0
get measurement from /Users/djaffe/work/GIT/LINDSEY/TechMaturation2014/LS6500/Gamma_All_141021/MeasurementNo00011.xls
get measurement from /Users/djaffe/work/GIT/LINDSEY/TechMaturation2014/LS6500/Gamma_All_141021/MeasurementNo00079.xls
get measurement from /Users/djaffe/work/GIT/LINDSEY/TechMaturation2014/LS6500/Gamma_All_141021/MeasurementNo00147.xls
get measurement from /Users/djaffe/work/GIT/LINDSEY/TechMaturation2014/LS6500/Gamma_All_141021/MeasurementNo00215.xls
Tray_Position S2_Position01 Number of `no vial` to this position 1
get measurement from /Users/djaffe/work/GIT/LINDSEY/TechMaturation2014/LS6500/Gamma_All_141021/MeasurementNo00012.xls
get measurement from /Users/djaffe/work/GIT/LINDSEY/TechMaturation2014/LS6500/Gamma_All_141021/MeasurementNo00080.xls
get measurement from /Users/djaffe/work/GIT/LINDSEY/TechMaturation2014/LS6500/Gamma_All_141021/MeasurementNo00148.xls
get measurement from /Users/djaffe/work/GIT/LINDSEY/TechMaturation2014/LS6500/Gamma_All_141021/MeasurementNo00216.xls
Tray_Position S2_Position02 Number of `no vial` to this position 1
get measurement from /Users/djaffe/work/GIT/LINDSEY/TechMaturation2014/LS6500/Gamma_All_141021/MeasurementNo00013.xls
get measurement from /Users/djaffe/work/GIT/LINDSEY/TechMaturation2014/LS6500/Gamma_All_141021/MeasurementNo00081.xls
get measurement from /Users/djaffe/work/GIT/LINDSEY/TechMaturation2014/LS6500/Gamma_All_141021/MeasurementNo00149.xls
Tray_Position S2_Position03 Number of `no vial` to this position 1
get measurement from /Users/djaffe/work/GIT/LINDSEY/TechMaturation2014/LS6500/Gamma_All_141021/MeasurementNo00014.xls
get measurement from /Users/djaffe/work/GIT/LINDSEY/TechMaturation2014/LS6500/Gamma_All_141021/MeasurementNo00082.xls
get measurement from /Users/djaffe/work/GIT/LINDSEY/TechMaturation2014/LS6500/Gamma_All_141021/MeasurementNo00150.xls
Tray_Position S2_Position04 Number of `no vial` to this position 1
get measurement from /Users/djaffe/work/GIT/LINDSEY/TechMaturation2014/LS6500/Gamma_All_141021/MeasurementNo00015.xls
get measurement from /Users/djaffe/work/GIT/LINDSEY/TechMaturation2014/LS6500/Gamma_All_141021/MeasurementNo00083.xls
get measurement from /Users/djaffe/work/GIT/LINDSEY/TechMaturation2014/LS6500/Gamma_All_141021/MeasurementNo00151.xls
Tray_Position S2_Position05 Number of `no vial` to this position 1
get measurement from /Users/djaffe/work/GIT/LINDSEY/TechMaturation2014/LS6500/Gamma_All_141021/MeasurementNo00016.xls
get measurement from /Users/djaffe/work/GIT/LINDSEY/TechMaturation2014/LS6500/Gamma_All_141021/MeasurementNo00084.xls
get measurement from /Users/djaffe/work/GIT/LINDSEY/TechMaturation2014/LS6500/Gamma_All_141021/MeasurementNo00152.xls
Tray_Position S2_Position06 Number of `no vial` to this position 1
get measurement from /Users/djaffe/work/GIT/LINDSEY/TechMaturation2014/LS6500/Gamma_All_141021/MeasurementNo00017.xls
get measurement from /Users/djaffe/work/GIT/LINDSEY/TechMaturation2014/LS6500/Gamma_All_141021/MeasurementNo00085.xls
get measurement from /Users/djaffe/work/GIT/LINDSEY/TechMaturation2014/LS6500/Gamma_All_141021/MeasurementNo00153.xls
Tray_Position S2_Position07 Number of `no vial` to this position 1
get measurement from /Users/djaffe/work/GIT/LINDSEY/TechMaturation2014/LS6500/Gamma_All_141021/MeasurementNo00018.xls
get measurement from /Users/djaffe/work/GIT/LINDSEY/TechMaturation2014/LS6500/Gamma_All_141021/MeasurementNo00086.xls
get measurement from /Users/djaffe/work/GIT/LINDSEY/TechMaturation2014/LS6500/Gamma_All_141021/MeasurementNo00154.xls
Tray_Position S2_Position08 Number of `no vial` to this position 1
get measurement from /Users/djaffe/work/GIT/LINDSEY/TechMaturation2014/LS6500/Gamma_All_141021/MeasurementNo00019.xls
get measurement from /Users/djaffe/work/GIT/LINDSEY/TechMaturation2014/LS6500/Gamma_All_141021/MeasurementNo00087.xls
get measurement from /Users/djaffe/work/GIT/LINDSEY/TechMaturation2014/LS6500/Gamma_All_141021/MeasurementNo00155.xls
Tray_Position S2_Position09 Number of `no vial` to this position 1
get measurement from /Users/djaffe/work/GIT/LINDSEY/TechMaturation2014/LS6500/Gamma_All_141021/MeasurementNo00020.xls
get measurement from /Users/djaffe/work/GIT/LINDSEY/TechMaturation2014/LS6500/Gamma_All_141021/MeasurementNo00088.xls
get measurement from /Users/djaffe/work/GIT/LINDSEY/TechMaturation2014/LS6500/Gamma_All_141021/MeasurementNo00156.xls
Tray_Position S2_Position10 Number of `no vial` to this position 1
get measurement from /Users/djaffe/work/GIT/LINDSEY/TechMaturation2014/LS6500/Gamma_All_141021/MeasurementNo00021.xls
get measurement from /Users/djaffe/work/GIT/LINDSEY/TechMaturation2014/LS6500/Gamma_All_141021/MeasurementNo00089.xls
get measurement from /Users/djaffe/work/GIT/LINDSEY/TechMaturation2014/LS6500/Gamma_All_141021/MeasurementNo00157.xls
Tray_Position S2_Position11 Number of `no vial` to this position 1
get measurement from /Users/djaffe/work/GIT/LINDSEY/TechMaturation2014/LS6500/Gamma_All_141021/MeasurementNo00022.xls
get measurement from /Users/djaffe/work/GIT/LINDSEY/TechMaturation2014/LS6500/Gamma_All_141021/MeasurementNo00090.xls
get measurement from /Users/djaffe/work/GIT/LINDSEY/TechMaturation2014/LS6500/Gamma_All_141021/MeasurementNo00158.xls
Tray_Position S3_Position01 Number of `no vial` to this position 2
get measurement from /Users/djaffe/work/GIT/LINDSEY/TechMaturation2014/LS6500/Gamma_All_141021/MeasurementNo00023.xls
get measurement from /Users/djaffe/work/GIT/LINDSEY/TechMaturation2014/LS6500/Gamma_All_141021/MeasurementNo00091.xls
get measurement from /Users/djaffe/work/GIT/LINDSEY/TechMaturation2014/LS6500/Gamma_All_141021/MeasurementNo00159.xls
Tray_Position S3_Position02 Number of `no vial` to this position 2
get measurement from /Users/djaffe/work/GIT/LINDSEY/TechMaturation2014/LS6500/Gamma_All_141021/MeasurementNo00024.xls
get measurement from /Users/djaffe/work/GIT/LINDSEY/TechMaturation2014/LS6500/Gamma_All_141021/MeasurementNo00092.xls
get measurement from /Users/djaffe/work/GIT/LINDSEY/TechMaturation2014/LS6500/Gamma_All_141021/MeasurementNo00160.xls
Tray_Position S3_Position03 Number of `no vial` to this position 2
get measurement from /Users/djaffe/work/GIT/LINDSEY/TechMaturation2014/LS6500/Gamma_All_141021/MeasurementNo00025.xls
get measurement from /Users/djaffe/work/GIT/LINDSEY/TechMaturation2014/LS6500/Gamma_All_141021/MeasurementNo00093.xls
get measurement from /Users/djaffe/work/GIT/LINDSEY/TechMaturation2014/LS6500/Gamma_All_141021/MeasurementNo00161.xls
Tray_Position S3_Position04 Number of `no vial` to this position 2
get measurement from /Users/djaffe/work/GIT/LINDSEY/TechMaturation2014/LS6500/Gamma_All_141021/MeasurementNo00026.xls
get measurement from /Users/djaffe/work/GIT/LINDSEY/TechMaturation2014/LS6500/Gamma_All_141021/MeasurementNo00094.xls
get measurement from /Users/djaffe/work/GIT/LINDSEY/TechMaturation2014/LS6500/Gamma_All_141021/MeasurementNo00162.xls
Tray_Position S3_Position05 Number of `no vial` to this position 2
get measurement from /Users/djaffe/work/GIT/LINDSEY/TechMaturation2014/LS6500/Gamma_All_141021/MeasurementNo00027.xls
get measurement from /Users/djaffe/work/GIT/LINDSEY/TechMaturation2014/LS6500/Gamma_All_141021/MeasurementNo00095.xls
get measurement from /Users/djaffe/work/GIT/LINDSEY/TechMaturation2014/LS6500/Gamma_All_141021/MeasurementNo00163.xls
Tray_Position S3_Position06 Number of `no vial` to this position 2
get measurement from /Users/djaffe/work/GIT/LINDSEY/TechMaturation2014/LS6500/Gamma_All_141021/MeasurementNo00028.xls
get measurement from /Users/djaffe/work/GIT/LINDSEY/TechMaturation2014/LS6500/Gamma_All_141021/MeasurementNo00096.xls
get measurement from /Users/djaffe/work/GIT/LINDSEY/TechMaturation2014/LS6500/Gamma_All_141021/MeasurementNo00164.xls
Tray_Position S3_Position07 Number of `no vial` to this position 2
get measurement from /Users/djaffe/work/GIT/LINDSEY/TechMaturation2014/LS6500/Gamma_All_141021/MeasurementNo00029.xls
get measurement from /Users/djaffe/work/GIT/LINDSEY/TechMaturation2014/LS6500/Gamma_All_141021/MeasurementNo00097.xls
get measurement from /Users/djaffe/work/GIT/LINDSEY/TechMaturation2014/LS6500/Gamma_All_141021/MeasurementNo00165.xls
Tray_Position S3_Position08 Number of `no vial` to this position 2
get measurement from /Users/djaffe/work/GIT/LINDSEY/TechMaturation2014/LS6500/Gamma_All_141021/MeasurementNo00030.xls
get measurement from /Users/djaffe/work/GIT/LINDSEY/TechMaturation2014/LS6500/Gamma_All_141021/MeasurementNo00098.xls
get measurement from /Users/djaffe/work/GIT/LINDSEY/TechMaturation2014/LS6500/Gamma_All_141021/MeasurementNo00166.xls
Tray_Position S3_Position09 Number of `no vial` to this position 2
get measurement from /Users/djaffe/work/GIT/LINDSEY/TechMaturation2014/LS6500/Gamma_All_141021/MeasurementNo00031.xls
get measurement from /Users/djaffe/work/GIT/LINDSEY/TechMaturation2014/LS6500/Gamma_All_141021/MeasurementNo00099.xls
get measurement from /Users/djaffe/work/GIT/LINDSEY/TechMaturation2014/LS6500/Gamma_All_141021/MeasurementNo00167.xls
Tray_Position S3_Position10 Number of `no vial` to this position 2
get measurement from /Users/djaffe/work/GIT/LINDSEY/TechMaturation2014/LS6500/Gamma_All_141021/MeasurementNo00032.xls
get measurement from /Users/djaffe/work/GIT/LINDSEY/TechMaturation2014/LS6500/Gamma_All_141021/MeasurementNo00100.xls
get measurement from /Users/djaffe/work/GIT/LINDSEY/TechMaturation2014/LS6500/Gamma_All_141021/MeasurementNo00168.xls
Tray_Position S3_Position11 Number of `no vial` to this position 2
get measurement from /Users/djaffe/work/GIT/LINDSEY/TechMaturation2014/LS6500/Gamma_All_141021/MeasurementNo00033.xls
get measurement from /Users/djaffe/work/GIT/LINDSEY/TechMaturation2014/LS6500/Gamma_All_141021/MeasurementNo00101.xls
get measurement from /Users/djaffe/work/GIT/LINDSEY/TechMaturation2014/LS6500/Gamma_All_141021/MeasurementNo00169.xls
Tray_Position S4_Position01 Number of `no vial` to this position 3
get measurement from /Users/djaffe/work/GIT/LINDSEY/TechMaturation2014/LS6500/Gamma_All_141021/MeasurementNo00034.xls
get measurement from /Users/djaffe/work/GIT/LINDSEY/TechMaturation2014/LS6500/Gamma_All_141021/MeasurementNo00102.xls
get measurement from /Users/djaffe/work/GIT/LINDSEY/TechMaturation2014/LS6500/Gamma_All_141021/MeasurementNo00170.xls
Tray_Position S4_Position02 Number of `no vial` to this position 3
get measurement from /Users/djaffe/work/GIT/LINDSEY/TechMaturation2014/LS6500/Gamma_All_141021/MeasurementNo00035.xls
get measurement from /Users/djaffe/work/GIT/LINDSEY/TechMaturation2014/LS6500/Gamma_All_141021/MeasurementNo00103.xls
get measurement from /Users/djaffe/work/GIT/LINDSEY/TechMaturation2014/LS6500/Gamma_All_141021/MeasurementNo00171.xls
Tray_Position S4_Position03 Number of `no vial` to this position 3
get measurement from /Users/djaffe/work/GIT/LINDSEY/TechMaturation2014/LS6500/Gamma_All_141021/MeasurementNo00036.xls
get measurement from /Users/djaffe/work/GIT/LINDSEY/TechMaturation2014/LS6500/Gamma_All_141021/MeasurementNo00104.xls
get measurement from /Users/djaffe/work/GIT/LINDSEY/TechMaturation2014/LS6500/Gamma_All_141021/MeasurementNo00172.xls
Tray_Position S4_Position04 Number of `no vial` to this position 3
get measurement from /Users/djaffe/work/GIT/LINDSEY/TechMaturation2014/LS6500/Gamma_All_141021/MeasurementNo00037.xls
get measurement from /Users/djaffe/work/GIT/LINDSEY/TechMaturation2014/LS6500/Gamma_All_141021/MeasurementNo00105.xls
get measurement from /Users/djaffe/work/GIT/LINDSEY/TechMaturation2014/LS6500/Gamma_All_141021/MeasurementNo00173.xls
Tray_Position S4_Position05 Number of `no vial` to this position 3
get measurement from /Users/djaffe/work/GIT/LINDSEY/TechMaturation2014/LS6500/Gamma_All_141021/MeasurementNo00038.xls
get measurement from /Users/djaffe/work/GIT/LINDSEY/TechMaturation2014/LS6500/Gamma_All_141021/MeasurementNo00106.xls
get measurement from /Users/djaffe/work/GIT/LINDSEY/TechMaturation2014/LS6500/Gamma_All_141021/MeasurementNo00174.xls
Tray_Position S4_Position06 Number of `no vial` to this position 3
get measurement from /Users/djaffe/work/GIT/LINDSEY/TechMaturation2014/LS6500/Gamma_All_141021/MeasurementNo00039.xls
get measurement from /Users/djaffe/work/GIT/LINDSEY/TechMaturation2014/LS6500/Gamma_All_141021/MeasurementNo00107.xls
get measurement from /Users/djaffe/work/GIT/LINDSEY/TechMaturation2014/LS6500/Gamma_All_141021/MeasurementNo00175.xls
Tray_Position S4_Position07 Number of `no vial` to this position 3
get measurement from /Users/djaffe/work/GIT/LINDSEY/TechMaturation2014/LS6500/Gamma_All_141021/MeasurementNo00040.xls
get measurement from /Users/djaffe/work/GIT/LINDSEY/TechMaturation2014/LS6500/Gamma_All_141021/MeasurementNo00108.xls
get measurement from /Users/djaffe/work/GIT/LINDSEY/TechMaturation2014/LS6500/Gamma_All_141021/MeasurementNo00176.xls
Tray_Position S4_Position08 Number of `no vial` to this position 3
get measurement from /Users/djaffe/work/GIT/LINDSEY/TechMaturation2014/LS6500/Gamma_All_141021/MeasurementNo00041.xls
get measurement from /Users/djaffe/work/GIT/LINDSEY/TechMaturation2014/LS6500/Gamma_All_141021/MeasurementNo00109.xls
get measurement from /Users/djaffe/work/GIT/LINDSEY/TechMaturation2014/LS6500/Gamma_All_141021/MeasurementNo00177.xls
Tray_Position S4_Position09 Number of `no vial` to this position 3
get measurement from /Users/djaffe/work/GIT/LINDSEY/TechMaturation2014/LS6500/Gamma_All_141021/MeasurementNo00042.xls
get measurement from /Users/djaffe/work/GIT/LINDSEY/TechMaturation2014/LS6500/Gamma_All_141021/MeasurementNo00110.xls
get measurement from /Users/djaffe/work/GIT/LINDSEY/TechMaturation2014/LS6500/Gamma_All_141021/MeasurementNo00178.xls
Tray_Position S4_Position10 Number of `no vial` to this position 3
get measurement from /Users/djaffe/work/GIT/LINDSEY/TechMaturation2014/LS6500/Gamma_All_141021/MeasurementNo00043.xls
get measurement from /Users/djaffe/work/GIT/LINDSEY/TechMaturation2014/LS6500/Gamma_All_141021/MeasurementNo00111.xls
get measurement from /Users/djaffe/work/GIT/LINDSEY/TechMaturation2014/LS6500/Gamma_All_141021/MeasurementNo00179.xls
Tray_Position S4_Position11 Number of `no vial` to this position 3
get measurement from /Users/djaffe/work/GIT/LINDSEY/TechMaturation2014/LS6500/Gamma_All_141021/MeasurementNo00044.xls
get measurement from /Users/djaffe/work/GIT/LINDSEY/TechMaturation2014/LS6500/Gamma_All_141021/MeasurementNo00112.xls
get measurement from /Users/djaffe/work/GIT/LINDSEY/TechMaturation2014/LS6500/Gamma_All_141021/MeasurementNo00180.xls
Tray_Position S5_Position01 Number of `no vial` to this position 4
get measurement from /Users/djaffe/work/GIT/LINDSEY/TechMaturation2014/LS6500/Gamma_All_141021/MeasurementNo00045.xls
get measurement from /Users/djaffe/work/GIT/LINDSEY/TechMaturation2014/LS6500/Gamma_All_141021/MeasurementNo00113.xls
get measurement from /Users/djaffe/work/GIT/LINDSEY/TechMaturation2014/LS6500/Gamma_All_141021/MeasurementNo00181.xls
Tray_Position S5_Position02 Number of `no vial` to this position 4
get measurement from /Users/djaffe/work/GIT/LINDSEY/TechMaturation2014/LS6500/Gamma_All_141021/MeasurementNo00046.xls
get measurement from /Users/djaffe/work/GIT/LINDSEY/TechMaturation2014/LS6500/Gamma_All_141021/MeasurementNo00114.xls
get measurement from /Users/djaffe/work/GIT/LINDSEY/TechMaturation2014/LS6500/Gamma_All_141021/MeasurementNo00182.xls
Tray_Position S5_Position03 Number of `no vial` to this position 4
get measurement from /Users/djaffe/work/GIT/LINDSEY/TechMaturation2014/LS6500/Gamma_All_141021/MeasurementNo00047.xls
get measurement from /Users/djaffe/work/GIT/LINDSEY/TechMaturation2014/LS6500/Gamma_All_141021/MeasurementNo00115.xls
get measurement from /Users/djaffe/work/GIT/LINDSEY/TechMaturation2014/LS6500/Gamma_All_141021/MeasurementNo00183.xls
Tray_Position S5_Position04 Number of `no vial` to this position 4
get measurement from /Users/djaffe/work/GIT/LINDSEY/TechMaturation2014/LS6500/Gamma_All_141021/MeasurementNo00048.xls
get measurement from /Users/djaffe/work/GIT/LINDSEY/TechMaturation2014/LS6500/Gamma_All_141021/MeasurementNo00116.xls
get measurement from /Users/djaffe/work/GIT/LINDSEY/TechMaturation2014/LS6500/Gamma_All_141021/MeasurementNo00184.xls
Tray_Position S5_Position05 Number of `no vial` to this position 4
get measurement from /Users/djaffe/work/GIT/LINDSEY/TechMaturation2014/LS6500/Gamma_All_141021/MeasurementNo00049.xls
get measurement from /Users/djaffe/work/GIT/LINDSEY/TechMaturation2014/LS6500/Gamma_All_141021/MeasurementNo00117.xls
get measurement from /Users/djaffe/work/GIT/LINDSEY/TechMaturation2014/LS6500/Gamma_All_141021/MeasurementNo00185.xls
Tray_Position S5_Position06 Number of `no vial` to this position 4
get measurement from /Users/djaffe/work/GIT/LINDSEY/TechMaturation2014/LS6500/Gamma_All_141021/MeasurementNo00050.xls
get measurement from /Users/djaffe/work/GIT/LINDSEY/TechMaturation2014/LS6500/Gamma_All_141021/MeasurementNo00118.xls
get measurement from /Users/djaffe/work/GIT/LINDSEY/TechMaturation2014/LS6500/Gamma_All_141021/MeasurementNo00186.xls
Tray_Position S5_Position07 Number of `no vial` to this position 4
get measurement from /Users/djaffe/work/GIT/LINDSEY/TechMaturation2014/LS6500/Gamma_All_141021/MeasurementNo00051.xls
get measurement from /Users/djaffe/work/GIT/LINDSEY/TechMaturation2014/LS6500/Gamma_All_141021/MeasurementNo00119.xls
get measurement from /Users/djaffe/work/GIT/LINDSEY/TechMaturation2014/LS6500/Gamma_All_141021/MeasurementNo00187.xls
Tray_Position S5_Position08 Number of `no vial` to this position 4
get measurement from /Users/djaffe/work/GIT/LINDSEY/TechMaturation2014/LS6500/Gamma_All_141021/MeasurementNo00052.xls
get measurement from /Users/djaffe/work/GIT/LINDSEY/TechMaturation2014/LS6500/Gamma_All_141021/MeasurementNo00120.xls
get measurement from /Users/djaffe/work/GIT/LINDSEY/TechMaturation2014/LS6500/Gamma_All_141021/MeasurementNo00188.xls
Tray_Position S5_Position09 Number of `no vial` to this position 4
get measurement from /Users/djaffe/work/GIT/LINDSEY/TechMaturation2014/LS6500/Gamma_All_141021/MeasurementNo00053.xls
get measurement from /Users/djaffe/work/GIT/LINDSEY/TechMaturation2014/LS6500/Gamma_All_141021/MeasurementNo00121.xls
get measurement from /Users/djaffe/work/GIT/LINDSEY/TechMaturation2014/LS6500/Gamma_All_141021/MeasurementNo00189.xls
Tray_Position S5_Position10 Number of `no vial` to this position 4
get measurement from /Users/djaffe/work/GIT/LINDSEY/TechMaturation2014/LS6500/Gamma_All_141021/MeasurementNo00054.xls
get measurement from /Users/djaffe/work/GIT/LINDSEY/TechMaturation2014/LS6500/Gamma_All_141021/MeasurementNo00122.xls
get measurement from /Users/djaffe/work/GIT/LINDSEY/TechMaturation2014/LS6500/Gamma_All_141021/MeasurementNo00190.xls
Tray_Position S5_Position11 Number of `no vial` to this position 4
get measurement from /Users/djaffe/work/GIT/LINDSEY/TechMaturation2014/LS6500/Gamma_All_141021/MeasurementNo00055.xls
get measurement from /Users/djaffe/work/GIT/LINDSEY/TechMaturation2014/LS6500/Gamma_All_141021/MeasurementNo00123.xls
get measurement from /Users/djaffe/work/GIT/LINDSEY/TechMaturation2014/LS6500/Gamma_All_141021/MeasurementNo00191.xls
Tray_Position S6_Position01 Number of `no vial` to this position 5
get measurement from /Users/djaffe/work/GIT/LINDSEY/TechMaturation2014/LS6500/Gamma_All_141021/MeasurementNo00056.xls
get measurement from /Users/djaffe/work/GIT/LINDSEY/TechMaturation2014/LS6500/Gamma_All_141021/MeasurementNo00124.xls
get measurement from /Users/djaffe/work/GIT/LINDSEY/TechMaturation2014/LS6500/Gamma_All_141021/MeasurementNo00192.xls
Tray_Position S6_Position02 Number of `no vial` to this position 5
get measurement from /Users/djaffe/work/GIT/LINDSEY/TechMaturation2014/LS6500/Gamma_All_141021/MeasurementNo00057.xls
get measurement from /Users/djaffe/work/GIT/LINDSEY/TechMaturation2014/LS6500/Gamma_All_141021/MeasurementNo00125.xls
get measurement from /Users/djaffe/work/GIT/LINDSEY/TechMaturation2014/LS6500/Gamma_All_141021/MeasurementNo00193.xls
Tray_Position S6_Position06 Number of `no vial` to this position 8
get measurement from /Users/djaffe/work/GIT/LINDSEY/TechMaturation2014/LS6500/Gamma_All_141021/MeasurementNo00058.xls
get measurement from /Users/djaffe/work/GIT/LINDSEY/TechMaturation2014/LS6500/Gamma_All_141021/MeasurementNo00126.xls
get measurement from /Users/djaffe/work/GIT/LINDSEY/TechMaturation2014/LS6500/Gamma_All_141021/MeasurementNo00194.xls
Tray_Position S7_Position01 Number of `no vial` to this position 14
get measurement from /Users/djaffe/work/GIT/LINDSEY/TechMaturation2014/LS6500/Gamma_All_141021/MeasurementNo00059.xls
get measurement from /Users/djaffe/work/GIT/LINDSEY/TechMaturation2014/LS6500/Gamma_All_141021/MeasurementNo00127.xls
get measurement from /Users/djaffe/work/GIT/LINDSEY/TechMaturation2014/LS6500/Gamma_All_141021/MeasurementNo00195.xls
Tray_Position S7_Position02 Number of `no vial` to this position 14
get measurement from /Users/djaffe/work/GIT/LINDSEY/TechMaturation2014/LS6500/Gamma_All_141021/MeasurementNo00060.xls
get measurement from /Users/djaffe/work/GIT/LINDSEY/TechMaturation2014/LS6500/Gamma_All_141021/MeasurementNo00128.xls
get measurement from /Users/djaffe/work/GIT/LINDSEY/TechMaturation2014/LS6500/Gamma_All_141021/MeasurementNo00196.xls
Tray_Position S7_Position03 Number of `no vial` to this position 14
get measurement from /Users/djaffe/work/GIT/LINDSEY/TechMaturation2014/LS6500/Gamma_All_141021/MeasurementNo00061.xls
get measurement from /Users/djaffe/work/GIT/LINDSEY/TechMaturation2014/LS6500/Gamma_All_141021/MeasurementNo00129.xls
get measurement from /Users/djaffe/work/GIT/LINDSEY/TechMaturation2014/LS6500/Gamma_All_141021/MeasurementNo00197.xls
Tray_Position S7_Position04 Number of `no vial` to this position 14
get measurement from /Users/djaffe/work/GIT/LINDSEY/TechMaturation2014/LS6500/Gamma_All_141021/MeasurementNo00062.xls
get measurement from /Users/djaffe/work/GIT/LINDSEY/TechMaturation2014/LS6500/Gamma_All_141021/MeasurementNo00130.xls
get measurement from /Users/djaffe/work/GIT/LINDSEY/TechMaturation2014/LS6500/Gamma_All_141021/MeasurementNo00198.xls
Tray_Position S7_Position05 Number of `no vial` to this position 14
get measurement from /Users/djaffe/work/GIT/LINDSEY/TechMaturation2014/LS6500/Gamma_All_141021/MeasurementNo00063.xls
get measurement from /Users/djaffe/work/GIT/LINDSEY/TechMaturation2014/LS6500/Gamma_All_141021/MeasurementNo00131.xls
get measurement from /Users/djaffe/work/GIT/LINDSEY/TechMaturation2014/LS6500/Gamma_All_141021/MeasurementNo00199.xls
Tray_Position S7_Position06 Number of `no vial` to this position 14
get measurement from /Users/djaffe/work/GIT/LINDSEY/TechMaturation2014/LS6500/Gamma_All_141021/MeasurementNo00064.xls
get measurement from /Users/djaffe/work/GIT/LINDSEY/TechMaturation2014/LS6500/Gamma_All_141021/MeasurementNo00132.xls
get measurement from /Users/djaffe/work/GIT/LINDSEY/TechMaturation2014/LS6500/Gamma_All_141021/MeasurementNo00200.xls
Tray_Position S7_Position07 Number of `no vial` to this position 14
get measurement from /Users/djaffe/work/GIT/LINDSEY/TechMaturation2014/LS6500/Gamma_All_141021/MeasurementNo00065.xls
get measurement from /Users/djaffe/work/GIT/LINDSEY/TechMaturation2014/LS6500/Gamma_All_141021/MeasurementNo00133.xls
get measurement from /Users/djaffe/work/GIT/LINDSEY/TechMaturation2014/LS6500/Gamma_All_141021/MeasurementNo00201.xls
Tray_Position S7_Position08 Number of `no vial` to this position 14
get measurement from /Users/djaffe/work/GIT/LINDSEY/TechMaturation2014/LS6500/Gamma_All_141021/MeasurementNo00066.xls
get measurement from /Users/djaffe/work/GIT/LINDSEY/TechMaturation2014/LS6500/Gamma_All_141021/MeasurementNo00134.xls
get measurement from /Users/djaffe/work/GIT/LINDSEY/TechMaturation2014/LS6500/Gamma_All_141021/MeasurementNo00202.xls
Tray_Position S7_Position09 Number of `no vial` to this position 14
get measurement from /Users/djaffe/work/GIT/LINDSEY/TechMaturation2014/LS6500/Gamma_All_141021/MeasurementNo00067.xls
get measurement from /Users/djaffe/work/GIT/LINDSEY/TechMaturation2014/LS6500/Gamma_All_141021/MeasurementNo00135.xls
get measurement from /Users/djaffe/work/GIT/LINDSEY/TechMaturation2014/LS6500/Gamma_All_141021/MeasurementNo00203.xls
ls6500.putOrGet: patience...writing pickled data to Pickles/Gamma_All_141021.pickle
ls6500.Analyze
sample 0100_1_1
sample 0100_1_2
sample 15%_WbLS_Vit._C
sample 0100_1000_2
sample 0052_0_1
sample PP_1000_1
sample PP_1000_2
sample 0052_400_2
sample 0052_100_1
sample EMPTY_S2_Position02
sample 0100_400_2
sample 0100_400_1
sample GLASS_100_1
sample 0050_400_1
sample EMPTY_S1_Position01
sample 0050_400_2
sample 0100_10_2
sample 0102_1000_1
sample 0100_100_2
sample GLASS_400_2
sample GLASS_400_1
sample 0100_100_1
sample 0052_100_2
sample 0050_100_1
sample LS_Vit._C
sample 0050_100_2
sample EMPTY_S7_Position07
sample GLASS_1000_1
sample 0102_100_1
sample 0102_100_2
sample GLASS_1000_2
sample 0102_10_1
sample 5%_WbLS_Vit._C
sample WbLS-5_10/20/14
sample 0102_10_2
sample 0102_1_2
sample EMPTY_S5_Position05
sample 0102_1_1
sample 10%_WbLS_Vit._C
sample PP_100_1
sample GLASS_100_2
sample PP_100_2
sample PP_400_2
sample WbLS-10_10/20/14
sample 0102_400_1
sample 0102_400_2
sample EMPTY_S6_Position06
sample 0052_400_1
sample PP_0_2
sample PP_400_1
sample EMPTY_S3_Position03
sample 0102_1000_2
sample GLASS_0_1
sample LS_10/20/14
sample GLASS_0_2
sample 0052_0_2
sample PP_0_1
sample EMPTY_S4_Position04
sample 0050_0_1
sample WbLS-15_10/20/14
sample 0100_0_1
sample 0102_0_2
sample 0102_0_1
sample 0100_0_2
sample 0050_0_2
sample 0100_10_1
sample 0100_1000_1
0100_1_1 Gamma 0.037752 0.030953 
0100_1_2 Gamma 0.863930 0.104098 
15%_WbLS_Vit._C Gamma 0.045788 0.001940 
0100_1000_2 Gamma 0.000075 0.000230 
0052_0_1 Gamma 0.000087 0.000000 0.000001 
PP_1000_1 Gamma 0.418593 0.179731 
PP_1000_2 Gamma 0.103937 0.441298 
0052_400_2 Gamma 0.000281 0.000000 
0052_100_1 Gamma 0.000017 0.000000 0.000000 
EMPTY_S2_Position02 Gamma 0.999991 0.995815 
0100_400_2 Gamma 0.000034 0.000000 
0100_400_1 Gamma 0.000000 0.000000 
GLASS_100_1 Gamma 0.421699 0.498455 
0050_400_1 Gamma 0.000000 0.000000 0.000000 
EMPTY_S1_Position01 Gamma 0.007973 0.002142 0.001368 
0050_400_2 Gamma 0.000004 0.000000 0.000000 
0100_10_2 Gamma 0.010215 0.000011 
0102_1000_1 Gamma 0.000000 0.000000 
0100_100_2 Gamma 0.000001 0.000000 
GLASS_400_2 Gamma 0.000000 0.000000 
GLASS_400_1 Gamma 0.000000 0.000000 
0100_100_1 Gamma 0.000002 0.000000 
0052_100_2 Gamma 0.000000 0.000000 0.000000 
0050_100_1 Gamma 0.000009 0.000003 0.000000 
LS_Vit._C Gamma 0.000106 0.000000 
0050_100_2 Gamma 0.000000 0.000000 0.000000 
EMPTY_S7_Position07 Gamma 0.793834 0.938028 
GLASS_1000_1 Gamma 0.000000 0.000000 
0102_100_1 Gamma 0.000000 0.000000 
0102_100_2 Gamma 0.004677 0.000001 
GLASS_1000_2 Gamma 0.000000 0.000000 
0102_10_1 Gamma 0.003702 0.000179 
5%_WbLS_Vit._C Gamma 0.933606 0.011440 
WbLS-5_10/20/14 Gamma 0.073320 0.689839 
0102_10_2 Gamma 0.000422 0.000000 
0102_1_2 Gamma 0.116486 0.009088 
EMPTY_S5_Position05 Gamma 0.995963 0.031748 
0102_1_1 Gamma 0.000010 0.000000 
10%_WbLS_Vit._C Gamma 0.295134 0.278233 
PP_100_1 Gamma 0.003479 0.247887 
GLASS_100_2 Gamma 0.711296 0.083218 
PP_100_2 Gamma 0.005716 0.505061 
PP_400_2 Gamma 0.684996 0.973647 
WbLS-10_10/20/14 Gamma 0.786989 0.035012 
0102_400_1 Gamma 0.000000 0.000000 
0102_400_2 Gamma 0.000000 0.000000 
EMPTY_S6_Position06 Gamma 0.999699 0.999960 
0052_400_1 Gamma 0.000000 0.000000 0.000000 
PP_0_2 Gamma 0.001326 0.145904 
PP_400_1 Gamma 0.934515 0.012221 
EMPTY_S3_Position03 Gamma 0.999778 0.999633 
0102_1000_2 Gamma 0.000000 0.000000 
GLASS_0_1 Gamma 0.279304 0.000146 
LS_10/20/14 Gamma 0.225097 0.252792 
GLASS_0_2 Gamma 0.005796 0.545098 
0052_0_2 Gamma 0.012539 0.012078 0.352611 
PP_0_1 Gamma 0.107721 0.227151 
EMPTY_S4_Position04 Gamma 0.999999 1.000000 
0050_0_1 Gamma 0.148641 0.435920 0.881479 
WbLS-15_10/20/14 Gamma 0.002844 0.162020 
0100_0_1 Gamma 0.408589 0.000582 
0102_0_2 Gamma 0.030286 0.000501 
0102_0_1 Gamma 0.062333 0.024176 
0100_0_2 Gamma 0.113014 0.061915 
0050_0_2 Gamma 0.038962 0.897485 0.185142 
0100_10_1 Gamma 0.271788 0.038751 
0100_1000_1 Gamma 0.088124 0.023996 
keyTitle: ['0100_1_1', '20141021', '14:30:51'] 0100_1_1 20141021 14:30:51
keyTitle: ['0100_1_1', '20141021', '23:01:03'] 0100_1_1 20141021 23:01:03
keyTitle: ['0100_1_1', '20141022', '07:27:27'] 0100_1_1 20141022 07:27:27
keyTitle: ['0100_1_2', '20141021', '14:38:15'] 0100_1_2 20141021 14:38:15
keyTitle: ['0100_1_2', '20141021', '23:08:27'] 0100_1_2 20141021 23:08:27
keyTitle: ['0100_1_2', '20141022', '07:34:50'] 0100_1_2 20141022 07:34:50
keyTitle: ['15%_WbLS_Vit._C', '20141021', '19:49:32'] 15%_WbLS_Vit._C 20141021 19:49:32
keyTitle: ['15%_WbLS_Vit._C', '20141022', '04:15:58'] 15%_WbLS_Vit._C 20141022 04:15:58
keyTitle: ['15%_WbLS_Vit._C', '20141022', '12:40:11'] 15%_WbLS_Vit._C 20141022 12:40:11
keyTitle: ['0100_1000_2', '20141021', '16:51:36'] 0100_1000_2 20141021 16:51:36
keyTitle: ['0100_1000_2', '20141022', '01:21:30'] 0100_1000_2 20141022 01:21:30
keyTitle: ['0100_1000_2', '20141022', '09:47:43'] 0100_1000_2 20141022 09:47:43
keyTitle: ['0052_0_1', '20141021', '12:40:15'] 0052_0_1 20141021 12:40:15
keyTitle: ['0052_0_1', '20141021', '21:10:31'] 0052_0_1 20141021 21:10:31
keyTitle: ['0052_0_1', '20141022', '05:37:02'] 0052_0_1 20141022 05:37:02
keyTitle: ['0052_0_1', '20141022', '14:01:14'] 0052_0_1 20141022 14:01:14
keyTitle: ['PP_1000_1', '20141021', '19:19:13'] PP_1000_1 20141021 19:19:13
keyTitle: ['PP_1000_1', '20141022', '03:45:42'] PP_1000_1 20141022 03:45:42
keyTitle: ['PP_1000_1', '20141022', '12:10:00'] PP_1000_1 20141022 12:10:00
keyTitle: ['PP_1000_2', '20141021', '19:27:04'] PP_1000_2 20141021 19:27:04
keyTitle: ['PP_1000_2', '20141022', '03:53:28'] PP_1000_2 20141022 03:53:28
keyTitle: ['PP_1000_2', '20141022', '12:17:43'] PP_1000_2 20141022 12:17:43
keyTitle: ['0052_400_2', '20141021', '13:53:54'] 0052_400_2 20141021 13:53:54
keyTitle: ['0052_400_2', '20141021', '22:24:04'] 0052_400_2 20141021 22:24:04
keyTitle: ['0052_400_2', '20141022', '06:50:30'] 0052_400_2 20141022 06:50:30
keyTitle: ['0052_100_1', '20141021', '13:09:39'] 0052_100_1 20141021 13:09:39
keyTitle: ['0052_100_1', '20141021', '21:39:56'] 0052_100_1 20141021 21:39:56
keyTitle: ['0052_100_1', '20141022', '06:06:27'] 0052_100_1 20141022 06:06:27
keyTitle: ['0052_100_1', '20141022', '14:30:39'] 0052_100_1 20141022 14:30:39
keyTitle: ['EMPTY_S2_Position02', '20141021', '13:46:30'] EMPTY_S2_Position02 20141021 13:46:30
keyTitle: ['EMPTY_S2_Position02', '20141021', '22:16:42'] EMPTY_S2_Position02 20141021 22:16:42
keyTitle: ['EMPTY_S2_Position02', '20141022', '06:43:09'] EMPTY_S2_Position02 20141022 06:43:09
keyTitle: ['0100_400_2', '20141021', '16:14:22'] 0100_400_2 20141021 16:14:22
keyTitle: ['0100_400_2', '20141022', '00:44:26'] 0100_400_2 20141022 00:44:26
keyTitle: ['0100_400_2', '20141022', '09:10:47'] 0100_400_2 20141022 09:10:47
keyTitle: ['0100_400_1', '20141021', '16:06:55'] 0100_400_1 20141021 16:06:55
keyTitle: ['0100_400_1', '20141022', '00:37:00'] 0100_400_1 20141022 00:37:00
keyTitle: ['0100_400_1', '20141022', '09:03:22'] 0100_400_1 20141022 09:03:22
keyTitle: ['GLASS_100_1', '20141021', '17:45:19'] GLASS_100_1 20141021 17:45:19
keyTitle: ['GLASS_100_1', '20141022', '02:15:02'] GLASS_100_1 20141022 02:15:02
keyTitle: ['GLASS_100_1', '20141022', '10:41:04'] GLASS_100_1 20141022 10:41:04
keyTitle: ['0050_400_1', '20141021', '13:24:23'] 0050_400_1 20141021 13:24:23
keyTitle: ['0050_400_1', '20141021', '21:54:39'] 0050_400_1 20141021 21:54:39
keyTitle: ['0050_400_1', '20141022', '06:21:08'] 0050_400_1 20141022 06:21:08
keyTitle: ['0050_400_1', '20141022', '14:45:20'] 0050_400_1 20141022 14:45:20
keyTitle: ['EMPTY_S1_Position01', '20141021', '12:18:15'] EMPTY_S1_Position01 20141021 12:18:15
keyTitle: ['EMPTY_S1_Position01', '20141021', '20:48:33'] EMPTY_S1_Position01 20141021 20:48:33
keyTitle: ['EMPTY_S1_Position01', '20141022', '05:15:02'] EMPTY_S1_Position01 20141022 05:15:02
keyTitle: ['EMPTY_S1_Position01', '20141022', '13:39:14'] EMPTY_S1_Position01 20141022 13:39:14
keyTitle: ['0050_400_2', '20141021', '13:31:46'] 0050_400_2 20141021 13:31:46
keyTitle: ['0050_400_2', '20141021', '22:02:00'] 0050_400_2 20141021 22:02:00
keyTitle: ['0050_400_2', '20141022', '06:28:29'] 0050_400_2 20141022 06:28:29
keyTitle: ['0050_400_2', '20141022', '14:52:41'] 0050_400_2 20141022 14:52:41
keyTitle: ['0100_10_2', '20141021', '15:07:56'] 0100_10_2 20141021 15:07:56
keyTitle: ['0100_10_2', '20141021', '23:38:07'] 0100_10_2 20141021 23:38:07
keyTitle: ['0100_10_2', '20141022', '08:04:29'] 0100_10_2 20141022 08:04:29
keyTitle: ['0102_1000_1', '20141021', '16:59:08'] 0102_1000_1 20141021 16:59:08
keyTitle: ['0102_1000_1', '20141022', '01:28:59'] 0102_1000_1 20141022 01:28:59
keyTitle: ['0102_1000_1', '20141022', '09:55:09'] 0102_1000_1 20141022 09:55:09
keyTitle: ['0100_100_2', '20141021', '15:44:41'] 0100_100_2 20141021 15:44:41
keyTitle: ['0100_100_2', '20141022', '00:14:50'] 0100_100_2 20141022 00:14:50
keyTitle: ['0100_100_2', '20141022', '08:41:13'] 0100_100_2 20141022 08:41:13
keyTitle: ['GLASS_400_2', '20141021', '18:33:06'] GLASS_400_2 20141021 18:33:06
keyTitle: ['GLASS_400_2', '20141022', '03:02:04'] GLASS_400_2 20141022 03:02:04
keyTitle: ['GLASS_400_2', '20141022', '11:27:43'] GLASS_400_2 20141022 11:27:43
keyTitle: ['GLASS_400_1', '20141021', '18:24:26'] GLASS_400_1 20141021 18:24:26
keyTitle: ['GLASS_400_1', '20141022', '02:53:43'] GLASS_400_1 20141022 02:53:43
keyTitle: ['GLASS_400_1', '20141022', '11:19:34'] GLASS_400_1 20141022 11:19:34
keyTitle: ['0100_100_1', '20141021', '15:37:17'] 0100_100_1 20141021 15:37:17
keyTitle: ['0100_100_1', '20141022', '00:07:26'] 0100_100_1 20141022 00:07:26
keyTitle: ['0100_100_1', '20141022', '08:33:48'] 0100_100_1 20141022 08:33:48
keyTitle: ['0052_100_2', '20141021', '13:16:59'] 0052_100_2 20141021 13:16:59
keyTitle: ['0052_100_2', '20141021', '21:47:17'] 0052_100_2 20141021 21:47:17
keyTitle: ['0052_100_2', '20141022', '06:13:47'] 0052_100_2 20141022 06:13:47
keyTitle: ['0052_100_2', '20141022', '14:38:00'] 0052_100_2 20141022 14:38:00
keyTitle: ['0050_100_1', '20141021', '12:54:56'] 0050_100_1 20141021 12:54:56
keyTitle: ['0050_100_1', '20141021', '21:25:13'] 0050_100_1 20141021 21:25:13
keyTitle: ['0050_100_1', '20141022', '05:51:43'] 0050_100_1 20141022 05:51:43
keyTitle: ['0050_100_1', '20141022', '14:15:55'] 0050_100_1 20141022 14:15:55
keyTitle: ['LS_Vit._C', '20141021', '19:42:04'] LS_Vit._C 20141021 19:42:04
keyTitle: ['LS_Vit._C', '20141022', '04:08:29'] LS_Vit._C 20141022 04:08:29
keyTitle: ['LS_Vit._C', '20141022', '12:32:43'] LS_Vit._C 20141022 12:32:43
keyTitle: ['0050_100_2', '20141021', '13:02:18'] 0050_100_2 20141021 13:02:18
keyTitle: ['0050_100_2', '20141021', '21:32:35'] 0050_100_2 20141021 21:32:35
keyTitle: ['0050_100_2', '20141022', '05:59:06'] 0050_100_2 20141022 05:59:06
keyTitle: ['0050_100_2', '20141022', '14:23:18'] 0050_100_2 20141022 14:23:18
keyTitle: ['EMPTY_S7_Position07', '20141021', '20:26:28'] EMPTY_S7_Position07 20141021 20:26:28
keyTitle: ['EMPTY_S7_Position07', '20141022', '04:52:56'] EMPTY_S7_Position07 20141022 04:52:56
keyTitle: ['EMPTY_S7_Position07', '20141022', '13:17:10'] EMPTY_S7_Position07 20141022 13:17:10
keyTitle: ['GLASS_1000_1', '20141021', '18:59:52'] GLASS_1000_1 20141021 18:59:52
keyTitle: ['GLASS_1000_1', '20141022', '03:27:37'] GLASS_1000_1 20141022 03:27:37
keyTitle: ['GLASS_1000_1', '20141022', '11:52:36'] GLASS_1000_1 20141022 11:52:36
keyTitle: ['0102_100_1', '20141021', '15:52:04'] 0102_100_1 20141021 15:52:04
keyTitle: ['0102_100_1', '20141022', '00:22:13'] 0102_100_1 20141022 00:22:13
keyTitle: ['0102_100_1', '20141022', '08:48:35'] 0102_100_1 20141022 08:48:35
keyTitle: ['0102_100_2', '20141021', '15:59:28'] 0102_100_2 20141021 15:59:28
keyTitle: ['0102_100_2', '20141022', '00:29:35'] 0102_100_2 20141022 00:29:35
keyTitle: ['0102_100_2', '20141022', '08:55:57'] 0102_100_2 20141022 08:55:57
keyTitle: ['GLASS_1000_2', '20141021', '19:11:16'] GLASS_1000_2 20141021 19:11:16
keyTitle: ['GLASS_1000_2', '20141022', '03:37:50'] GLASS_1000_2 20141022 03:37:50
keyTitle: ['GLASS_1000_2', '20141022', '12:02:10'] GLASS_1000_2 20141022 12:02:10
keyTitle: ['0102_10_1', '20141021', '15:22:29'] 0102_10_1 20141021 15:22:29
keyTitle: ['0102_10_1', '20141021', '23:52:39'] 0102_10_1 20141021 23:52:39
keyTitle: ['0102_10_1', '20141022', '08:19:01'] 0102_10_1 20141022 08:19:01
keyTitle: ['5%_WbLS_Vit._C', '20141021', '20:04:13'] 5%_WbLS_Vit._C 20141021 20:04:13
keyTitle: ['5%_WbLS_Vit._C', '20141022', '04:30:40'] 5%_WbLS_Vit._C 20141022 04:30:40
keyTitle: ['5%_WbLS_Vit._C', '20141022', '12:54:54'] 5%_WbLS_Vit._C 20141022 12:54:54
keyTitle: ['WbLS-5_10/20/14', '20141021', '20:41:10'] WbLS-5_10/20/14 20141021 20:41:10
keyTitle: ['WbLS-5_10/20/14', '20141022', '05:07:38'] WbLS-5_10/20/14 20141022 05:07:38
keyTitle: ['WbLS-5_10/20/14', '20141022', '13:31:50'] WbLS-5_10/20/14 20141022 13:31:50
keyTitle: ['0102_10_2', '20141021', '15:29:52'] 0102_10_2 20141021 15:29:52
keyTitle: ['0102_10_2', '20141022', '00:00:01'] 0102_10_2 20141022 00:00:01
keyTitle: ['0102_10_2', '20141022', '08:26:23'] 0102_10_2 20141022 08:26:23
keyTitle: ['0102_1_2', '20141021', '14:53:01'] 0102_1_2 20141021 14:53:01
keyTitle: ['0102_1_2', '20141021', '23:23:12'] 0102_1_2 20141021 23:23:12
keyTitle: ['0102_1_2', '20141022', '07:49:36'] 0102_1_2 20141022 07:49:36
keyTitle: ['EMPTY_S5_Position05', '20141021', '18:15:57'] EMPTY_S5_Position05 20141021 18:15:57
keyTitle: ['EMPTY_S5_Position05', '20141022', '02:45:34'] EMPTY_S5_Position05 20141022 02:45:34
keyTitle: ['EMPTY_S5_Position05', '20141022', '11:11:35'] EMPTY_S5_Position05 20141022 11:11:35
keyTitle: ['0102_1_1', '20141021', '14:45:38'] 0102_1_1 20141021 14:45:38
keyTitle: ['0102_1_1', '20141021', '23:15:49'] 0102_1_1 20141021 23:15:49
keyTitle: ['0102_1_1', '20141022', '07:42:13'] 0102_1_1 20141022 07:42:13
keyTitle: ['10%_WbLS_Vit._C', '20141021', '19:56:53'] 10%_WbLS_Vit._C 20141021 19:56:53
keyTitle: ['10%_WbLS_Vit._C', '20141022', '04:23:20'] 10%_WbLS_Vit._C 20141022 04:23:20
keyTitle: ['10%_WbLS_Vit._C', '20141022', '12:47:34'] 10%_WbLS_Vit._C 20141022 12:47:34
keyTitle: ['PP_100_1', '20141021', '18:00:55'] PP_100_1 20141021 18:00:55
keyTitle: ['PP_100_1', '20141022', '02:30:32'] PP_100_1 20141022 02:30:32
keyTitle: ['PP_100_1', '20141022', '10:56:31'] PP_100_1 20141022 10:56:31
keyTitle: ['GLASS_100_2', '20141021', '17:53:12'] GLASS_100_2 20141021 17:53:12
keyTitle: ['GLASS_100_2', '20141022', '02:22:50'] GLASS_100_2 20141022 02:22:50
keyTitle: ['GLASS_100_2', '20141022', '10:48:49'] GLASS_100_2 20141022 10:48:49
keyTitle: ['PP_100_2', '20141021', '18:08:37'] PP_100_2 20141021 18:08:37
keyTitle: ['PP_100_2', '20141022', '02:38:14'] PP_100_2 20141022 02:38:14
keyTitle: ['PP_100_2', '20141022', '11:04:14'] PP_100_2 20141022 11:04:14
keyTitle: ['PP_400_2', '20141021', '18:48:35'] PP_400_2 20141021 18:48:35
keyTitle: ['PP_400_2', '20141022', '03:17:30'] PP_400_2 20141022 03:17:30
keyTitle: ['PP_400_2', '20141022', '11:43:07'] PP_400_2 20141022 11:43:07
keyTitle: ['WbLS-10_10/20/14', '20141021', '20:33:49'] WbLS-10_10/20/14 20141021 20:33:49
keyTitle: ['WbLS-10_10/20/14', '20141022', '05:00:17'] WbLS-10_10/20/14 20141022 05:00:17
keyTitle: ['WbLS-10_10/20/14', '20141022', '13:24:30'] WbLS-10_10/20/14 20141022 13:24:30
keyTitle: ['0102_400_1', '20141021', '16:21:54'] 0102_400_1 20141021 16:21:54
keyTitle: ['0102_400_1', '20141022', '00:51:56'] 0102_400_1 20141022 00:51:56
keyTitle: ['0102_400_1', '20141022', '09:18:17'] 0102_400_1 20141022 09:18:17
keyTitle: ['0102_400_2', '20141021', '16:29:20'] 0102_400_2 20141021 16:29:20
keyTitle: ['0102_400_2', '20141022', '00:59:21'] 0102_400_2 20141022 00:59:21
keyTitle: ['0102_400_2', '20141022', '09:25:41'] 0102_400_2 20141022 09:25:41
keyTitle: ['EMPTY_S6_Position06', '20141021', '19:34:26'] EMPTY_S6_Position06 20141021 19:34:26
keyTitle: ['EMPTY_S6_Position06', '20141022', '04:00:49'] EMPTY_S6_Position06 20141022 04:00:49
keyTitle: ['EMPTY_S6_Position06', '20141022', '12:25:05'] EMPTY_S6_Position06 20141022 12:25:05
keyTitle: ['0052_400_1', '20141021', '13:39:18'] 0052_400_1 20141021 13:39:18
keyTitle: ['0052_400_1', '20141021', '22:09:31'] 0052_400_1 20141021 22:09:31
keyTitle: ['0052_400_1', '20141022', '06:35:58'] 0052_400_1 20141022 06:35:58
keyTitle: ['0052_400_1', '20141022', '15:00:10'] 0052_400_1 20141022 15:00:10
keyTitle: ['PP_0_2', '20141021', '17:37:19'] PP_0_2 20141021 17:37:19
keyTitle: ['PP_0_2', '20141022', '02:07:06'] PP_0_2 20141022 02:07:06
keyTitle: ['PP_0_2', '20141022', '10:33:11'] PP_0_2 20141022 10:33:11
keyTitle: ['PP_400_1', '20141021', '18:40:49'] PP_400_1 20141021 18:40:49
keyTitle: ['PP_400_1', '20141022', '03:09:47'] PP_400_1 20141022 03:09:47
keyTitle: ['PP_400_1', '20141022', '11:35:24'] PP_400_1 20141022 11:35:24
keyTitle: ['EMPTY_S3_Position03', '20141021', '15:15:08'] EMPTY_S3_Position03 20141021 15:15:08
keyTitle: ['EMPTY_S3_Position03', '20141021', '23:45:20'] EMPTY_S3_Position03 20141021 23:45:20
keyTitle: ['EMPTY_S3_Position03', '20141022', '08:11:41'] EMPTY_S3_Position03 20141022 08:11:41
keyTitle: ['0102_1000_2', '20141021', '17:06:39'] 0102_1000_2 20141021 17:06:39
keyTitle: ['0102_1000_2', '20141022', '01:36:27'] 0102_1000_2 20141022 01:36:27
keyTitle: ['0102_1000_2', '20141022', '10:02:34'] 0102_1000_2 20141022 10:02:34
keyTitle: ['GLASS_0_1', '20141021', '17:14:12'] GLASS_0_1 20141021 17:14:12
keyTitle: ['GLASS_0_1', '20141022', '01:44:00'] GLASS_0_1 20141022 01:44:00
keyTitle: ['GLASS_0_1', '20141022', '10:10:07'] GLASS_0_1 20141022 10:10:07
keyTitle: ['LS_10/20/14', '20141021', '20:11:45'] LS_10/20/14 20141021 20:11:45
keyTitle: ['LS_10/20/14', '20141022', '04:38:13'] LS_10/20/14 20141022 04:38:13
keyTitle: ['LS_10/20/14', '20141022', '13:02:26'] LS_10/20/14 20141022 13:02:26
keyTitle: ['GLASS_0_2', '20141021', '17:21:53'] GLASS_0_2 20141021 17:21:53
keyTitle: ['GLASS_0_2', '20141022', '01:51:42'] GLASS_0_2 20141022 01:51:42
keyTitle: ['GLASS_0_2', '20141022', '10:17:47'] GLASS_0_2 20141022 10:17:47
keyTitle: ['0052_0_2', '20141021', '12:47:34'] 0052_0_2 20141021 12:47:34
keyTitle: ['0052_0_2', '20141021', '21:17:50'] 0052_0_2 20141021 21:17:50
keyTitle: ['0052_0_2', '20141022', '05:44:22'] 0052_0_2 20141022 05:44:22
keyTitle: ['0052_0_2', '20141022', '14:08:34'] 0052_0_2 20141022 14:08:34
keyTitle: ['PP_0_1', '20141021', '17:29:36'] PP_0_1 20141021 17:29:36
keyTitle: ['PP_0_1', '20141022', '01:59:24'] PP_0_1 20141022 01:59:24
keyTitle: ['PP_0_1', '20141022', '10:25:29'] PP_0_1 20141022 10:25:29
keyTitle: ['EMPTY_S4_Position04', '20141021', '16:44:04'] EMPTY_S4_Position04 20141021 16:44:04
keyTitle: ['EMPTY_S4_Position04', '20141022', '01:14:02'] EMPTY_S4_Position04 20141022 01:14:02
keyTitle: ['EMPTY_S4_Position04', '20141022', '09:40:18'] EMPTY_S4_Position04 20141022 09:40:18
keyTitle: ['0050_0_1', '20141021', '12:25:35'] 0050_0_1 20141021 12:25:35
keyTitle: ['0050_0_1', '20141021', '20:55:52'] 0050_0_1 20141021 20:55:52
keyTitle: ['0050_0_1', '20141022', '05:22:22'] 0050_0_1 20141022 05:22:22
keyTitle: ['0050_0_1', '20141022', '13:46:33'] 0050_0_1 20141022 13:46:33
keyTitle: ['WbLS-15_10/20/14', '20141021', '20:19:16'] WbLS-15_10/20/14 20141021 20:19:16
keyTitle: ['WbLS-15_10/20/14', '20141022', '04:45:44'] WbLS-15_10/20/14 20141022 04:45:44
keyTitle: ['WbLS-15_10/20/14', '20141022', '13:09:57'] WbLS-15_10/20/14 20141022 13:09:57
keyTitle: ['0100_0_1', '20141021', '14:01:18'] 0100_0_1 20141021 14:01:18
keyTitle: ['0100_0_1', '20141021', '22:31:28'] 0100_0_1 20141021 22:31:28
keyTitle: ['0100_0_1', '20141022', '06:57:53'] 0100_0_1 20141022 06:57:53
keyTitle: ['0102_0_2', '20141021', '14:23:27'] 0102_0_2 20141021 14:23:27
keyTitle: ['0102_0_2', '20141021', '22:53:39'] 0102_0_2 20141021 22:53:39
keyTitle: ['0102_0_2', '20141022', '07:20:03'] 0102_0_2 20141022 07:20:03
keyTitle: ['0102_0_1', '20141021', '14:16:04'] 0102_0_1 20141021 14:16:04
keyTitle: ['0102_0_1', '20141021', '22:46:16'] 0102_0_1 20141021 22:46:16
keyTitle: ['0102_0_1', '20141022', '07:12:40'] 0102_0_1 20141022 07:12:40
keyTitle: ['0100_0_2', '20141021', '14:08:42'] 0100_0_2 20141021 14:08:42
keyTitle: ['0100_0_2', '20141021', '22:38:52'] 0100_0_2 20141021 22:38:52
keyTitle: ['0100_0_2', '20141022', '07:05:17'] 0100_0_2 20141022 07:05:17
keyTitle: ['0050_0_2', '20141021', '12:32:56'] 0050_0_2 20141021 12:32:56
keyTitle: ['0050_0_2', '20141021', '21:03:12'] 0050_0_2 20141021 21:03:12
keyTitle: ['0050_0_2', '20141022', '05:29:43'] 0050_0_2 20141022 05:29:43
keyTitle: ['0050_0_2', '20141022', '13:53:54'] 0050_0_2 20141022 13:53:54
keyTitle: ['0100_10_1', '20141021', '15:00:32'] 0100_10_1 20141021 15:00:32
keyTitle: ['0100_10_1', '20141021', '23:30:43'] 0100_10_1 20141021 23:30:43
keyTitle: ['0100_10_1', '20141022', '07:57:06'] 0100_10_1 20141022 07:57:06
keyTitle: ['0100_1000_1', '20141021', '16:36:52'] 0100_1000_1 20141021 16:36:52
keyTitle: ['0100_1000_1', '20141022', '01:06:49'] 0100_1000_1 20141022 01:06:49
keyTitle: ['0100_1000_1', '20141022', '09:33:07'] 0100_1000_1 20141022 09:33:07
ls6500.Analyze: Wrote hists to Histograms/Gamma_All_141021.root
