This file is Log/Gamma_Pre-irradiation141017_201411040907_181037.log
initialize ls6500
dataDir /Users/djaffe/work/GIT/LINDSEY/TechMaturation2014/LS6500/Gamma_Pre-irradiation141017/ 
dataSubDir Gamma_Pre-irradiation141017/
initialize spreadsheetReader
ls6500.Main: pickMode put
ls6500.processHeader: S1_Position12 has no vial
ls6500.processHeader: S2_Position12 has no vial
ls6500.processHeader: S3_Position12 has no vial
ls6500.processHeader: S4_Position08 has no vial
ls6500.processHeader: S4_Position09 has no vial
ls6500.processHeader: S4_Position10 has no vial
ls6500.processHeader: S4_Position11 has no vial
ls6500.processHeader: S4_Position12 has no vial
ls6500.processHeader: Found 40 total samples
ls6500.matchVialMeas: remove summary file MeasurementNo00041.xls from list
ls6500.matchVialMeas: remove summary file MeasurementNo00082.xls from list
ls6500.matchVialMeas: remove summary file MeasurementNo00123.xls from list
ls6500.matchVialMeas: remove summary file MeasurementNo00164.xls from list
ls6500.matchVialMeas: remove summary file MeasurementNo00205.xls from list
ls6500.matchVialMeas: remove summary file MeasurementNo00246.xls from list
ls6500.matchVialMeas: remove summary file MeasurementNo00287.xls from list
ls6500.matchVialMeas: remove summary file MeasurementNo00328.xls from list
ls6500.matchVialMeas: remove summary file MeasurementNo00369.xls from list
ls6500.matchVialMeas: remove summary file MeasurementNo00410.xls from list
ls6500.matchVialMeas: remove summary file MeasurementNo00451.xls from list
ls6500.matchVialMeas: remove summary file MeasurementNo00492.xls from list
ls6500.matchVialMeas: remove summary file MeasurementNo00533.xls from list
ls6500.matchVialMeas: remove summary file MeasurementNo00574.xls from list
ls6500.matchVialMeas: remove summary file MeasurementNo00597.xls from list
ls6500.fillSampleMsmts: initial,final sampleMsmts length 0 , 40
ls6500.fillSampleMsmts: Samples in fillSampleMsmts 0100_1_1 0100_1_2 0052_0_1 0052_100_1 EMPTY_S2_Position02 0100_400_2 0100_400_1 0050_400_1 EMPTY_S1_Position01 0050_400_2 0100_10_2 0102_1000_1 0100_100_2 0100_100_1 0052_100_2 0050_100_1 0050_100_2 0102_100_1 0102_100_2 0102_10_1 0100_1000_2 0102_1_2 0102_1_1 0102_400_1 0102_10_2 0102_400_2 0052_400_2 0052_400_1 EMPTY_S3_Position03 0102_1000_2 0100_10_1 0052_0_2 EMPTY_S4_Position04 0100_0_1 0102_0_2 0102_0_1 0100_0_2 0050_0_2 0050_0_1 0100_1000_1 Tray_Position S1_Position01 Number of `no vial` to this position 0
get measurement from /Users/djaffe/work/GIT/LINDSEY/TechMaturation2014/LS6500/Gamma_Pre-irradiation141017/MeasurementNo00001.xls
get measurement from /Users/djaffe/work/GIT/LINDSEY/TechMaturation2014/LS6500/Gamma_Pre-irradiation141017/MeasurementNo00042.xls
get measurement from /Users/djaffe/work/GIT/LINDSEY/TechMaturation2014/LS6500/Gamma_Pre-irradiation141017/MeasurementNo00083.xls
get measurement from /Users/djaffe/work/GIT/LINDSEY/TechMaturation2014/LS6500/Gamma_Pre-irradiation141017/MeasurementNo00124.xls
get measurement from /Users/djaffe/work/GIT/LINDSEY/TechMaturation2014/LS6500/Gamma_Pre-irradiation141017/MeasurementNo00165.xls
get measurement from /Users/djaffe/work/GIT/LINDSEY/TechMaturation2014/LS6500/Gamma_Pre-irradiation141017/MeasurementNo00206.xls
get measurement from /Users/djaffe/work/GIT/LINDSEY/TechMaturation2014/LS6500/Gamma_Pre-irradiation141017/MeasurementNo00247.xls
get measurement from /Users/djaffe/work/GIT/LINDSEY/TechMaturation2014/LS6500/Gamma_Pre-irradiation141017/MeasurementNo00288.xls
get measurement from /Users/djaffe/work/GIT/LINDSEY/TechMaturation2014/LS6500/Gamma_Pre-irradiation141017/MeasurementNo00329.xls
get measurement from /Users/djaffe/work/GIT/LINDSEY/TechMaturation2014/LS6500/Gamma_Pre-irradiation141017/MeasurementNo00370.xls
get measurement from /Users/djaffe/work/GIT/LINDSEY/TechMaturation2014/LS6500/Gamma_Pre-irradiation141017/MeasurementNo00411.xls
get measurement from /Users/djaffe/work/GIT/LINDSEY/TechMaturation2014/LS6500/Gamma_Pre-irradiation141017/MeasurementNo00452.xls
get measurement from /Users/djaffe/work/GIT/LINDSEY/TechMaturation2014/LS6500/Gamma_Pre-irradiation141017/MeasurementNo00493.xls
get measurement from /Users/djaffe/work/GIT/LINDSEY/TechMaturation2014/LS6500/Gamma_Pre-irradiation141017/MeasurementNo00534.xls
get measurement from /Users/djaffe/work/GIT/LINDSEY/TechMaturation2014/LS6500/Gamma_Pre-irradiation141017/MeasurementNo00575.xls
Tray_Position S1_Position02 Number of `no vial` to this position 0
get measurement from /Users/djaffe/work/GIT/LINDSEY/TechMaturation2014/LS6500/Gamma_Pre-irradiation141017/MeasurementNo00002.xls
get measurement from /Users/djaffe/work/GIT/LINDSEY/TechMaturation2014/LS6500/Gamma_Pre-irradiation141017/MeasurementNo00043.xls
get measurement from /Users/djaffe/work/GIT/LINDSEY/TechMaturation2014/LS6500/Gamma_Pre-irradiation141017/MeasurementNo00084.xls
get measurement from /Users/djaffe/work/GIT/LINDSEY/TechMaturation2014/LS6500/Gamma_Pre-irradiation141017/MeasurementNo00125.xls
get measurement from /Users/djaffe/work/GIT/LINDSEY/TechMaturation2014/LS6500/Gamma_Pre-irradiation141017/MeasurementNo00166.xls
get measurement from /Users/djaffe/work/GIT/LINDSEY/TechMaturation2014/LS6500/Gamma_Pre-irradiation141017/MeasurementNo00207.xls
get measurement from /Users/djaffe/work/GIT/LINDSEY/TechMaturation2014/LS6500/Gamma_Pre-irradiation141017/MeasurementNo00248.xls
get measurement from /Users/djaffe/work/GIT/LINDSEY/TechMaturation2014/LS6500/Gamma_Pre-irradiation141017/MeasurementNo00289.xls
get measurement from /Users/djaffe/work/GIT/LINDSEY/TechMaturation2014/LS6500/Gamma_Pre-irradiation141017/MeasurementNo00330.xls
get measurement from /Users/djaffe/work/GIT/LINDSEY/TechMaturation2014/LS6500/Gamma_Pre-irradiation141017/MeasurementNo00371.xls
get measurement from /Users/djaffe/work/GIT/LINDSEY/TechMaturation2014/LS6500/Gamma_Pre-irradiation141017/MeasurementNo00412.xls
get measurement from /Users/djaffe/work/GIT/LINDSEY/TechMaturation2014/LS6500/Gamma_Pre-irradiation141017/MeasurementNo00453.xls
get measurement from /Users/djaffe/work/GIT/LINDSEY/TechMaturation2014/LS6500/Gamma_Pre-irradiation141017/MeasurementNo00494.xls
get measurement from /Users/djaffe/work/GIT/LINDSEY/TechMaturation2014/LS6500/Gamma_Pre-irradiation141017/MeasurementNo00535.xls
get measurement from /Users/djaffe/work/GIT/LINDSEY/TechMaturation2014/LS6500/Gamma_Pre-irradiation141017/MeasurementNo00576.xls
Tray_Position S1_Position03 Number of `no vial` to this position 0
get measurement from /Users/djaffe/work/GIT/LINDSEY/TechMaturation2014/LS6500/Gamma_Pre-irradiation141017/MeasurementNo00003.xls
get measurement from /Users/djaffe/work/GIT/LINDSEY/TechMaturation2014/LS6500/Gamma_Pre-irradiation141017/MeasurementNo00044.xls
get measurement from /Users/djaffe/work/GIT/LINDSEY/TechMaturation2014/LS6500/Gamma_Pre-irradiation141017/MeasurementNo00085.xls
get measurement from /Users/djaffe/work/GIT/LINDSEY/TechMaturation2014/LS6500/Gamma_Pre-irradiation141017/MeasurementNo00126.xls
get measurement from /Users/djaffe/work/GIT/LINDSEY/TechMaturation2014/LS6500/Gamma_Pre-irradiation141017/MeasurementNo00167.xls
get measurement from /Users/djaffe/work/GIT/LINDSEY/TechMaturation2014/LS6500/Gamma_Pre-irradiation141017/MeasurementNo00208.xls
get measurement from /Users/djaffe/work/GIT/LINDSEY/TechMaturation2014/LS6500/Gamma_Pre-irradiation141017/MeasurementNo00249.xls
get measurement from /Users/djaffe/work/GIT/LINDSEY/TechMaturation2014/LS6500/Gamma_Pre-irradiation141017/MeasurementNo00290.xls
get measurement from /Users/djaffe/work/GIT/LINDSEY/TechMaturation2014/LS6500/Gamma_Pre-irradiation141017/MeasurementNo00331.xls
get measurement from /Users/djaffe/work/GIT/LINDSEY/TechMaturation2014/LS6500/Gamma_Pre-irradiation141017/MeasurementNo00372.xls
get measurement from /Users/djaffe/work/GIT/LINDSEY/TechMaturation2014/LS6500/Gamma_Pre-irradiation141017/MeasurementNo00413.xls
get measurement from /Users/djaffe/work/GIT/LINDSEY/TechMaturation2014/LS6500/Gamma_Pre-irradiation141017/MeasurementNo00454.xls
get measurement from /Users/djaffe/work/GIT/LINDSEY/TechMaturation2014/LS6500/Gamma_Pre-irradiation141017/MeasurementNo00495.xls
get measurement from /Users/djaffe/work/GIT/LINDSEY/TechMaturation2014/LS6500/Gamma_Pre-irradiation141017/MeasurementNo00536.xls
get measurement from /Users/djaffe/work/GIT/LINDSEY/TechMaturation2014/LS6500/Gamma_Pre-irradiation141017/MeasurementNo00577.xls
Tray_Position S1_Position04 Number of `no vial` to this position 0
get measurement from /Users/djaffe/work/GIT/LINDSEY/TechMaturation2014/LS6500/Gamma_Pre-irradiation141017/MeasurementNo00004.xls
get measurement from /Users/djaffe/work/GIT/LINDSEY/TechMaturation2014/LS6500/Gamma_Pre-irradiation141017/MeasurementNo00045.xls
get measurement from /Users/djaffe/work/GIT/LINDSEY/TechMaturation2014/LS6500/Gamma_Pre-irradiation141017/MeasurementNo00086.xls
get measurement from /Users/djaffe/work/GIT/LINDSEY/TechMaturation2014/LS6500/Gamma_Pre-irradiation141017/MeasurementNo00127.xls
get measurement from /Users/djaffe/work/GIT/LINDSEY/TechMaturation2014/LS6500/Gamma_Pre-irradiation141017/MeasurementNo00168.xls
get measurement from /Users/djaffe/work/GIT/LINDSEY/TechMaturation2014/LS6500/Gamma_Pre-irradiation141017/MeasurementNo00209.xls
get measurement from /Users/djaffe/work/GIT/LINDSEY/TechMaturation2014/LS6500/Gamma_Pre-irradiation141017/MeasurementNo00250.xls
get measurement from /Users/djaffe/work/GIT/LINDSEY/TechMaturation2014/LS6500/Gamma_Pre-irradiation141017/MeasurementNo00291.xls
get measurement from /Users/djaffe/work/GIT/LINDSEY/TechMaturation2014/LS6500/Gamma_Pre-irradiation141017/MeasurementNo00332.xls
get measurement from /Users/djaffe/work/GIT/LINDSEY/TechMaturation2014/LS6500/Gamma_Pre-irradiation141017/MeasurementNo00373.xls
get measurement from /Users/djaffe/work/GIT/LINDSEY/TechMaturation2014/LS6500/Gamma_Pre-irradiation141017/MeasurementNo00414.xls
get measurement from /Users/djaffe/work/GIT/LINDSEY/TechMaturation2014/LS6500/Gamma_Pre-irradiation141017/MeasurementNo00455.xls
get measurement from /Users/djaffe/work/GIT/LINDSEY/TechMaturation2014/LS6500/Gamma_Pre-irradiation141017/MeasurementNo00496.xls
get measurement from /Users/djaffe/work/GIT/LINDSEY/TechMaturation2014/LS6500/Gamma_Pre-irradiation141017/MeasurementNo00537.xls
get measurement from /Users/djaffe/work/GIT/LINDSEY/TechMaturation2014/LS6500/Gamma_Pre-irradiation141017/MeasurementNo00578.xls
Tray_Position S1_Position05 Number of `no vial` to this position 0
get measurement from /Users/djaffe/work/GIT/LINDSEY/TechMaturation2014/LS6500/Gamma_Pre-irradiation141017/MeasurementNo00005.xls
get measurement from /Users/djaffe/work/GIT/LINDSEY/TechMaturation2014/LS6500/Gamma_Pre-irradiation141017/MeasurementNo00046.xls
get measurement from /Users/djaffe/work/GIT/LINDSEY/TechMaturation2014/LS6500/Gamma_Pre-irradiation141017/MeasurementNo00087.xls
get measurement from /Users/djaffe/work/GIT/LINDSEY/TechMaturation2014/LS6500/Gamma_Pre-irradiation141017/MeasurementNo00128.xls
get measurement from /Users/djaffe/work/GIT/LINDSEY/TechMaturation2014/LS6500/Gamma_Pre-irradiation141017/MeasurementNo00169.xls
get measurement from /Users/djaffe/work/GIT/LINDSEY/TechMaturation2014/LS6500/Gamma_Pre-irradiation141017/MeasurementNo00210.xls
get measurement from /Users/djaffe/work/GIT/LINDSEY/TechMaturation2014/LS6500/Gamma_Pre-irradiation141017/MeasurementNo00251.xls
get measurement from /Users/djaffe/work/GIT/LINDSEY/TechMaturation2014/LS6500/Gamma_Pre-irradiation141017/MeasurementNo00292.xls
get measurement from /Users/djaffe/work/GIT/LINDSEY/TechMaturation2014/LS6500/Gamma_Pre-irradiation141017/MeasurementNo00333.xls
get measurement from /Users/djaffe/work/GIT/LINDSEY/TechMaturation2014/LS6500/Gamma_Pre-irradiation141017/MeasurementNo00374.xls
get measurement from /Users/djaffe/work/GIT/LINDSEY/TechMaturation2014/LS6500/Gamma_Pre-irradiation141017/MeasurementNo00415.xls
get measurement from /Users/djaffe/work/GIT/LINDSEY/TechMaturation2014/LS6500/Gamma_Pre-irradiation141017/MeasurementNo00456.xls
get measurement from /Users/djaffe/work/GIT/LINDSEY/TechMaturation2014/LS6500/Gamma_Pre-irradiation141017/MeasurementNo00497.xls
get measurement from /Users/djaffe/work/GIT/LINDSEY/TechMaturation2014/LS6500/Gamma_Pre-irradiation141017/MeasurementNo00538.xls
get measurement from /Users/djaffe/work/GIT/LINDSEY/TechMaturation2014/LS6500/Gamma_Pre-irradiation141017/MeasurementNo00579.xls
Tray_Position S1_Position06 Number of `no vial` to this position 0
get measurement from /Users/djaffe/work/GIT/LINDSEY/TechMaturation2014/LS6500/Gamma_Pre-irradiation141017/MeasurementNo00006.xls
get measurement from /Users/djaffe/work/GIT/LINDSEY/TechMaturation2014/LS6500/Gamma_Pre-irradiation141017/MeasurementNo00047.xls
get measurement from /Users/djaffe/work/GIT/LINDSEY/TechMaturation2014/LS6500/Gamma_Pre-irradiation141017/MeasurementNo00088.xls
get measurement from /Users/djaffe/work/GIT/LINDSEY/TechMaturation2014/LS6500/Gamma_Pre-irradiation141017/MeasurementNo00129.xls
get measurement from /Users/djaffe/work/GIT/LINDSEY/TechMaturation2014/LS6500/Gamma_Pre-irradiation141017/MeasurementNo00170.xls
get measurement from /Users/djaffe/work/GIT/LINDSEY/TechMaturation2014/LS6500/Gamma_Pre-irradiation141017/MeasurementNo00211.xls
get measurement from /Users/djaffe/work/GIT/LINDSEY/TechMaturation2014/LS6500/Gamma_Pre-irradiation141017/MeasurementNo00252.xls
get measurement from /Users/djaffe/work/GIT/LINDSEY/TechMaturation2014/LS6500/Gamma_Pre-irradiation141017/MeasurementNo00293.xls
get measurement from /Users/djaffe/work/GIT/LINDSEY/TechMaturation2014/LS6500/Gamma_Pre-irradiation141017/MeasurementNo00334.xls
get measurement from /Users/djaffe/work/GIT/LINDSEY/TechMaturation2014/LS6500/Gamma_Pre-irradiation141017/MeasurementNo00375.xls
get measurement from /Users/djaffe/work/GIT/LINDSEY/TechMaturation2014/LS6500/Gamma_Pre-irradiation141017/MeasurementNo00416.xls
get measurement from /Users/djaffe/work/GIT/LINDSEY/TechMaturation2014/LS6500/Gamma_Pre-irradiation141017/MeasurementNo00457.xls
get measurement from /Users/djaffe/work/GIT/LINDSEY/TechMaturation2014/LS6500/Gamma_Pre-irradiation141017/MeasurementNo00498.xls
get measurement from /Users/djaffe/work/GIT/LINDSEY/TechMaturation2014/LS6500/Gamma_Pre-irradiation141017/MeasurementNo00539.xls
get measurement from /Users/djaffe/work/GIT/LINDSEY/TechMaturation2014/LS6500/Gamma_Pre-irradiation141017/MeasurementNo00580.xls
Tray_Position S1_Position07 Number of `no vial` to this position 0
get measurement from /Users/djaffe/work/GIT/LINDSEY/TechMaturation2014/LS6500/Gamma_Pre-irradiation141017/MeasurementNo00007.xls
get measurement from /Users/djaffe/work/GIT/LINDSEY/TechMaturation2014/LS6500/Gamma_Pre-irradiation141017/MeasurementNo00048.xls
get measurement from /Users/djaffe/work/GIT/LINDSEY/TechMaturation2014/LS6500/Gamma_Pre-irradiation141017/MeasurementNo00089.xls
get measurement from /Users/djaffe/work/GIT/LINDSEY/TechMaturation2014/LS6500/Gamma_Pre-irradiation141017/MeasurementNo00130.xls
get measurement from /Users/djaffe/work/GIT/LINDSEY/TechMaturation2014/LS6500/Gamma_Pre-irradiation141017/MeasurementNo00171.xls
get measurement from /Users/djaffe/work/GIT/LINDSEY/TechMaturation2014/LS6500/Gamma_Pre-irradiation141017/MeasurementNo00212.xls
get measurement from /Users/djaffe/work/GIT/LINDSEY/TechMaturation2014/LS6500/Gamma_Pre-irradiation141017/MeasurementNo00253.xls
get measurement from /Users/djaffe/work/GIT/LINDSEY/TechMaturation2014/LS6500/Gamma_Pre-irradiation141017/MeasurementNo00294.xls
get measurement from /Users/djaffe/work/GIT/LINDSEY/TechMaturation2014/LS6500/Gamma_Pre-irradiation141017/MeasurementNo00335.xls
get measurement from /Users/djaffe/work/GIT/LINDSEY/TechMaturation2014/LS6500/Gamma_Pre-irradiation141017/MeasurementNo00376.xls
get measurement from /Users/djaffe/work/GIT/LINDSEY/TechMaturation2014/LS6500/Gamma_Pre-irradiation141017/MeasurementNo00417.xls
get measurement from /Users/djaffe/work/GIT/LINDSEY/TechMaturation2014/LS6500/Gamma_Pre-irradiation141017/MeasurementNo00458.xls
get measurement from /Users/djaffe/work/GIT/LINDSEY/TechMaturation2014/LS6500/Gamma_Pre-irradiation141017/MeasurementNo00499.xls
get measurement from /Users/djaffe/work/GIT/LINDSEY/TechMaturation2014/LS6500/Gamma_Pre-irradiation141017/MeasurementNo00540.xls
get measurement from /Users/djaffe/work/GIT/LINDSEY/TechMaturation2014/LS6500/Gamma_Pre-irradiation141017/MeasurementNo00581.xls
Tray_Position S1_Position08 Number of `no vial` to this position 0
get measurement from /Users/djaffe/work/GIT/LINDSEY/TechMaturation2014/LS6500/Gamma_Pre-irradiation141017/MeasurementNo00008.xls
get measurement from /Users/djaffe/work/GIT/LINDSEY/TechMaturation2014/LS6500/Gamma_Pre-irradiation141017/MeasurementNo00049.xls
get measurement from /Users/djaffe/work/GIT/LINDSEY/TechMaturation2014/LS6500/Gamma_Pre-irradiation141017/MeasurementNo00090.xls
get measurement from /Users/djaffe/work/GIT/LINDSEY/TechMaturation2014/LS6500/Gamma_Pre-irradiation141017/MeasurementNo00131.xls
get measurement from /Users/djaffe/work/GIT/LINDSEY/TechMaturation2014/LS6500/Gamma_Pre-irradiation141017/MeasurementNo00172.xls
get measurement from /Users/djaffe/work/GIT/LINDSEY/TechMaturation2014/LS6500/Gamma_Pre-irradiation141017/MeasurementNo00213.xls
get measurement from /Users/djaffe/work/GIT/LINDSEY/TechMaturation2014/LS6500/Gamma_Pre-irradiation141017/MeasurementNo00254.xls
get measurement from /Users/djaffe/work/GIT/LINDSEY/TechMaturation2014/LS6500/Gamma_Pre-irradiation141017/MeasurementNo00295.xls
get measurement from /Users/djaffe/work/GIT/LINDSEY/TechMaturation2014/LS6500/Gamma_Pre-irradiation141017/MeasurementNo00336.xls
get measurement from /Users/djaffe/work/GIT/LINDSEY/TechMaturation2014/LS6500/Gamma_Pre-irradiation141017/MeasurementNo00377.xls
get measurement from /Users/djaffe/work/GIT/LINDSEY/TechMaturation2014/LS6500/Gamma_Pre-irradiation141017/MeasurementNo00418.xls
get measurement from /Users/djaffe/work/GIT/LINDSEY/TechMaturation2014/LS6500/Gamma_Pre-irradiation141017/MeasurementNo00459.xls
get measurement from /Users/djaffe/work/GIT/LINDSEY/TechMaturation2014/LS6500/Gamma_Pre-irradiation141017/MeasurementNo00500.xls
get measurement from /Users/djaffe/work/GIT/LINDSEY/TechMaturation2014/LS6500/Gamma_Pre-irradiation141017/MeasurementNo00541.xls
get measurement from /Users/djaffe/work/GIT/LINDSEY/TechMaturation2014/LS6500/Gamma_Pre-irradiation141017/MeasurementNo00582.xls
Tray_Position S1_Position09 Number of `no vial` to this position 0
get measurement from /Users/djaffe/work/GIT/LINDSEY/TechMaturation2014/LS6500/Gamma_Pre-irradiation141017/MeasurementNo00009.xls
get measurement from /Users/djaffe/work/GIT/LINDSEY/TechMaturation2014/LS6500/Gamma_Pre-irradiation141017/MeasurementNo00050.xls
get measurement from /Users/djaffe/work/GIT/LINDSEY/TechMaturation2014/LS6500/Gamma_Pre-irradiation141017/MeasurementNo00091.xls
get measurement from /Users/djaffe/work/GIT/LINDSEY/TechMaturation2014/LS6500/Gamma_Pre-irradiation141017/MeasurementNo00132.xls
get measurement from /Users/djaffe/work/GIT/LINDSEY/TechMaturation2014/LS6500/Gamma_Pre-irradiation141017/MeasurementNo00173.xls
get measurement from /Users/djaffe/work/GIT/LINDSEY/TechMaturation2014/LS6500/Gamma_Pre-irradiation141017/MeasurementNo00214.xls
get measurement from /Users/djaffe/work/GIT/LINDSEY/TechMaturation2014/LS6500/Gamma_Pre-irradiation141017/MeasurementNo00255.xls
get measurement from /Users/djaffe/work/GIT/LINDSEY/TechMaturation2014/LS6500/Gamma_Pre-irradiation141017/MeasurementNo00296.xls
get measurement from /Users/djaffe/work/GIT/LINDSEY/TechMaturation2014/LS6500/Gamma_Pre-irradiation141017/MeasurementNo00337.xls
get measurement from /Users/djaffe/work/GIT/LINDSEY/TechMaturation2014/LS6500/Gamma_Pre-irradiation141017/MeasurementNo00378.xls
get measurement from /Users/djaffe/work/GIT/LINDSEY/TechMaturation2014/LS6500/Gamma_Pre-irradiation141017/MeasurementNo00419.xls
get measurement from /Users/djaffe/work/GIT/LINDSEY/TechMaturation2014/LS6500/Gamma_Pre-irradiation141017/MeasurementNo00460.xls
get measurement from /Users/djaffe/work/GIT/LINDSEY/TechMaturation2014/LS6500/Gamma_Pre-irradiation141017/MeasurementNo00501.xls
get measurement from /Users/djaffe/work/GIT/LINDSEY/TechMaturation2014/LS6500/Gamma_Pre-irradiation141017/MeasurementNo00542.xls
get measurement from /Users/djaffe/work/GIT/LINDSEY/TechMaturation2014/LS6500/Gamma_Pre-irradiation141017/MeasurementNo00583.xls
Tray_Position S1_Position10 Number of `no vial` to this position 0
get measurement from /Users/djaffe/work/GIT/LINDSEY/TechMaturation2014/LS6500/Gamma_Pre-irradiation141017/MeasurementNo00010.xls
get measurement from /Users/djaffe/work/GIT/LINDSEY/TechMaturation2014/LS6500/Gamma_Pre-irradiation141017/MeasurementNo00051.xls
get measurement from /Users/djaffe/work/GIT/LINDSEY/TechMaturation2014/LS6500/Gamma_Pre-irradiation141017/MeasurementNo00092.xls
get measurement from /Users/djaffe/work/GIT/LINDSEY/TechMaturation2014/LS6500/Gamma_Pre-irradiation141017/MeasurementNo00133.xls
get measurement from /Users/djaffe/work/GIT/LINDSEY/TechMaturation2014/LS6500/Gamma_Pre-irradiation141017/MeasurementNo00174.xls
get measurement from /Users/djaffe/work/GIT/LINDSEY/TechMaturation2014/LS6500/Gamma_Pre-irradiation141017/MeasurementNo00215.xls
get measurement from /Users/djaffe/work/GIT/LINDSEY/TechMaturation2014/LS6500/Gamma_Pre-irradiation141017/MeasurementNo00256.xls
get measurement from /Users/djaffe/work/GIT/LINDSEY/TechMaturation2014/LS6500/Gamma_Pre-irradiation141017/MeasurementNo00297.xls
get measurement from /Users/djaffe/work/GIT/LINDSEY/TechMaturation2014/LS6500/Gamma_Pre-irradiation141017/MeasurementNo00338.xls
get measurement from /Users/djaffe/work/GIT/LINDSEY/TechMaturation2014/LS6500/Gamma_Pre-irradiation141017/MeasurementNo00379.xls
get measurement from /Users/djaffe/work/GIT/LINDSEY/TechMaturation2014/LS6500/Gamma_Pre-irradiation141017/MeasurementNo00420.xls
get measurement from /Users/djaffe/work/GIT/LINDSEY/TechMaturation2014/LS6500/Gamma_Pre-irradiation141017/MeasurementNo00461.xls
get measurement from /Users/djaffe/work/GIT/LINDSEY/TechMaturation2014/LS6500/Gamma_Pre-irradiation141017/MeasurementNo00502.xls
get measurement from /Users/djaffe/work/GIT/LINDSEY/TechMaturation2014/LS6500/Gamma_Pre-irradiation141017/MeasurementNo00543.xls
get measurement from /Users/djaffe/work/GIT/LINDSEY/TechMaturation2014/LS6500/Gamma_Pre-irradiation141017/MeasurementNo00584.xls
Tray_Position S1_Position11 Number of `no vial` to this position 0
get measurement from /Users/djaffe/work/GIT/LINDSEY/TechMaturation2014/LS6500/Gamma_Pre-irradiation141017/MeasurementNo00011.xls
get measurement from /Users/djaffe/work/GIT/LINDSEY/TechMaturation2014/LS6500/Gamma_Pre-irradiation141017/MeasurementNo00052.xls
get measurement from /Users/djaffe/work/GIT/LINDSEY/TechMaturation2014/LS6500/Gamma_Pre-irradiation141017/MeasurementNo00093.xls
get measurement from /Users/djaffe/work/GIT/LINDSEY/TechMaturation2014/LS6500/Gamma_Pre-irradiation141017/MeasurementNo00134.xls
get measurement from /Users/djaffe/work/GIT/LINDSEY/TechMaturation2014/LS6500/Gamma_Pre-irradiation141017/MeasurementNo00175.xls
get measurement from /Users/djaffe/work/GIT/LINDSEY/TechMaturation2014/LS6500/Gamma_Pre-irradiation141017/MeasurementNo00216.xls
get measurement from /Users/djaffe/work/GIT/LINDSEY/TechMaturation2014/LS6500/Gamma_Pre-irradiation141017/MeasurementNo00257.xls
get measurement from /Users/djaffe/work/GIT/LINDSEY/TechMaturation2014/LS6500/Gamma_Pre-irradiation141017/MeasurementNo00298.xls
get measurement from /Users/djaffe/work/GIT/LINDSEY/TechMaturation2014/LS6500/Gamma_Pre-irradiation141017/MeasurementNo00339.xls
get measurement from /Users/djaffe/work/GIT/LINDSEY/TechMaturation2014/LS6500/Gamma_Pre-irradiation141017/MeasurementNo00380.xls
get measurement from /Users/djaffe/work/GIT/LINDSEY/TechMaturation2014/LS6500/Gamma_Pre-irradiation141017/MeasurementNo00421.xls
get measurement from /Users/djaffe/work/GIT/LINDSEY/TechMaturation2014/LS6500/Gamma_Pre-irradiation141017/MeasurementNo00462.xls
get measurement from /Users/djaffe/work/GIT/LINDSEY/TechMaturation2014/LS6500/Gamma_Pre-irradiation141017/MeasurementNo00503.xls
get measurement from /Users/djaffe/work/GIT/LINDSEY/TechMaturation2014/LS6500/Gamma_Pre-irradiation141017/MeasurementNo00544.xls
get measurement from /Users/djaffe/work/GIT/LINDSEY/TechMaturation2014/LS6500/Gamma_Pre-irradiation141017/MeasurementNo00585.xls
Tray_Position S2_Position01 Number of `no vial` to this position 1
get measurement from /Users/djaffe/work/GIT/LINDSEY/TechMaturation2014/LS6500/Gamma_Pre-irradiation141017/MeasurementNo00012.xls
get measurement from /Users/djaffe/work/GIT/LINDSEY/TechMaturation2014/LS6500/Gamma_Pre-irradiation141017/MeasurementNo00053.xls
get measurement from /Users/djaffe/work/GIT/LINDSEY/TechMaturation2014/LS6500/Gamma_Pre-irradiation141017/MeasurementNo00094.xls
get measurement from /Users/djaffe/work/GIT/LINDSEY/TechMaturation2014/LS6500/Gamma_Pre-irradiation141017/MeasurementNo00135.xls
get measurement from /Users/djaffe/work/GIT/LINDSEY/TechMaturation2014/LS6500/Gamma_Pre-irradiation141017/MeasurementNo00176.xls
get measurement from /Users/djaffe/work/GIT/LINDSEY/TechMaturation2014/LS6500/Gamma_Pre-irradiation141017/MeasurementNo00217.xls
get measurement from /Users/djaffe/work/GIT/LINDSEY/TechMaturation2014/LS6500/Gamma_Pre-irradiation141017/MeasurementNo00258.xls
get measurement from /Users/djaffe/work/GIT/LINDSEY/TechMaturation2014/LS6500/Gamma_Pre-irradiation141017/MeasurementNo00299.xls
get measurement from /Users/djaffe/work/GIT/LINDSEY/TechMaturation2014/LS6500/Gamma_Pre-irradiation141017/MeasurementNo00340.xls
get measurement from /Users/djaffe/work/GIT/LINDSEY/TechMaturation2014/LS6500/Gamma_Pre-irradiation141017/MeasurementNo00381.xls
get measurement from /Users/djaffe/work/GIT/LINDSEY/TechMaturation2014/LS6500/Gamma_Pre-irradiation141017/MeasurementNo00422.xls
get measurement from /Users/djaffe/work/GIT/LINDSEY/TechMaturation2014/LS6500/Gamma_Pre-irradiation141017/MeasurementNo00463.xls
get measurement from /Users/djaffe/work/GIT/LINDSEY/TechMaturation2014/LS6500/Gamma_Pre-irradiation141017/MeasurementNo00504.xls
get measurement from /Users/djaffe/work/GIT/LINDSEY/TechMaturation2014/LS6500/Gamma_Pre-irradiation141017/MeasurementNo00545.xls
get measurement from /Users/djaffe/work/GIT/LINDSEY/TechMaturation2014/LS6500/Gamma_Pre-irradiation141017/MeasurementNo00586.xls
Tray_Position S2_Position02 Number of `no vial` to this position 1
get measurement from /Users/djaffe/work/GIT/LINDSEY/TechMaturation2014/LS6500/Gamma_Pre-irradiation141017/MeasurementNo00013.xls
get measurement from /Users/djaffe/work/GIT/LINDSEY/TechMaturation2014/LS6500/Gamma_Pre-irradiation141017/MeasurementNo00054.xls
get measurement from /Users/djaffe/work/GIT/LINDSEY/TechMaturation2014/LS6500/Gamma_Pre-irradiation141017/MeasurementNo00095.xls
get measurement from /Users/djaffe/work/GIT/LINDSEY/TechMaturation2014/LS6500/Gamma_Pre-irradiation141017/MeasurementNo00136.xls
get measurement from /Users/djaffe/work/GIT/LINDSEY/TechMaturation2014/LS6500/Gamma_Pre-irradiation141017/MeasurementNo00177.xls
get measurement from /Users/djaffe/work/GIT/LINDSEY/TechMaturation2014/LS6500/Gamma_Pre-irradiation141017/MeasurementNo00218.xls
get measurement from /Users/djaffe/work/GIT/LINDSEY/TechMaturation2014/LS6500/Gamma_Pre-irradiation141017/MeasurementNo00259.xls
get measurement from /Users/djaffe/work/GIT/LINDSEY/TechMaturation2014/LS6500/Gamma_Pre-irradiation141017/MeasurementNo00300.xls
get measurement from /Users/djaffe/work/GIT/LINDSEY/TechMaturation2014/LS6500/Gamma_Pre-irradiation141017/MeasurementNo00341.xls
get measurement from /Users/djaffe/work/GIT/LINDSEY/TechMaturation2014/LS6500/Gamma_Pre-irradiation141017/MeasurementNo00382.xls
get measurement from /Users/djaffe/work/GIT/LINDSEY/TechMaturation2014/LS6500/Gamma_Pre-irradiation141017/MeasurementNo00423.xls
get measurement from /Users/djaffe/work/GIT/LINDSEY/TechMaturation2014/LS6500/Gamma_Pre-irradiation141017/MeasurementNo00464.xls
get measurement from /Users/djaffe/work/GIT/LINDSEY/TechMaturation2014/LS6500/Gamma_Pre-irradiation141017/MeasurementNo00505.xls
get measurement from /Users/djaffe/work/GIT/LINDSEY/TechMaturation2014/LS6500/Gamma_Pre-irradiation141017/MeasurementNo00546.xls
get measurement from /Users/djaffe/work/GIT/LINDSEY/TechMaturation2014/LS6500/Gamma_Pre-irradiation141017/MeasurementNo00587.xls
Tray_Position S2_Position03 Number of `no vial` to this position 1
get measurement from /Users/djaffe/work/GIT/LINDSEY/TechMaturation2014/LS6500/Gamma_Pre-irradiation141017/MeasurementNo00014.xls
get measurement from /Users/djaffe/work/GIT/LINDSEY/TechMaturation2014/LS6500/Gamma_Pre-irradiation141017/MeasurementNo00055.xls
get measurement from /Users/djaffe/work/GIT/LINDSEY/TechMaturation2014/LS6500/Gamma_Pre-irradiation141017/MeasurementNo00096.xls
get measurement from /Users/djaffe/work/GIT/LINDSEY/TechMaturation2014/LS6500/Gamma_Pre-irradiation141017/MeasurementNo00137.xls
get measurement from /Users/djaffe/work/GIT/LINDSEY/TechMaturation2014/LS6500/Gamma_Pre-irradiation141017/MeasurementNo00178.xls
get measurement from /Users/djaffe/work/GIT/LINDSEY/TechMaturation2014/LS6500/Gamma_Pre-irradiation141017/MeasurementNo00219.xls
get measurement from /Users/djaffe/work/GIT/LINDSEY/TechMaturation2014/LS6500/Gamma_Pre-irradiation141017/MeasurementNo00260.xls
get measurement from /Users/djaffe/work/GIT/LINDSEY/TechMaturation2014/LS6500/Gamma_Pre-irradiation141017/MeasurementNo00301.xls
get measurement from /Users/djaffe/work/GIT/LINDSEY/TechMaturation2014/LS6500/Gamma_Pre-irradiation141017/MeasurementNo00342.xls
get measurement from /Users/djaffe/work/GIT/LINDSEY/TechMaturation2014/LS6500/Gamma_Pre-irradiation141017/MeasurementNo00383.xls
get measurement from /Users/djaffe/work/GIT/LINDSEY/TechMaturation2014/LS6500/Gamma_Pre-irradiation141017/MeasurementNo00424.xls
get measurement from /Users/djaffe/work/GIT/LINDSEY/TechMaturation2014/LS6500/Gamma_Pre-irradiation141017/MeasurementNo00465.xls
get measurement from /Users/djaffe/work/GIT/LINDSEY/TechMaturation2014/LS6500/Gamma_Pre-irradiation141017/MeasurementNo00506.xls
get measurement from /Users/djaffe/work/GIT/LINDSEY/TechMaturation2014/LS6500/Gamma_Pre-irradiation141017/MeasurementNo00547.xls
get measurement from /Users/djaffe/work/GIT/LINDSEY/TechMaturation2014/LS6500/Gamma_Pre-irradiation141017/MeasurementNo00588.xls
Tray_Position S2_Position04 Number of `no vial` to this position 1
get measurement from /Users/djaffe/work/GIT/LINDSEY/TechMaturation2014/LS6500/Gamma_Pre-irradiation141017/MeasurementNo00015.xls
get measurement from /Users/djaffe/work/GIT/LINDSEY/TechMaturation2014/LS6500/Gamma_Pre-irradiation141017/MeasurementNo00056.xls
get measurement from /Users/djaffe/work/GIT/LINDSEY/TechMaturation2014/LS6500/Gamma_Pre-irradiation141017/MeasurementNo00097.xls
get measurement from /Users/djaffe/work/GIT/LINDSEY/TechMaturation2014/LS6500/Gamma_Pre-irradiation141017/MeasurementNo00138.xls
get measurement from /Users/djaffe/work/GIT/LINDSEY/TechMaturation2014/LS6500/Gamma_Pre-irradiation141017/MeasurementNo00179.xls
get measurement from /Users/djaffe/work/GIT/LINDSEY/TechMaturation2014/LS6500/Gamma_Pre-irradiation141017/MeasurementNo00220.xls
get measurement from /Users/djaffe/work/GIT/LINDSEY/TechMaturation2014/LS6500/Gamma_Pre-irradiation141017/MeasurementNo00261.xls
get measurement from /Users/djaffe/work/GIT/LINDSEY/TechMaturation2014/LS6500/Gamma_Pre-irradiation141017/MeasurementNo00302.xls
get measurement from /Users/djaffe/work/GIT/LINDSEY/TechMaturation2014/LS6500/Gamma_Pre-irradiation141017/MeasurementNo00343.xls
get measurement from /Users/djaffe/work/GIT/LINDSEY/TechMaturation2014/LS6500/Gamma_Pre-irradiation141017/MeasurementNo00384.xls
get measurement from /Users/djaffe/work/GIT/LINDSEY/TechMaturation2014/LS6500/Gamma_Pre-irradiation141017/MeasurementNo00425.xls
get measurement from /Users/djaffe/work/GIT/LINDSEY/TechMaturation2014/LS6500/Gamma_Pre-irradiation141017/MeasurementNo00466.xls
get measurement from /Users/djaffe/work/GIT/LINDSEY/TechMaturation2014/LS6500/Gamma_Pre-irradiation141017/MeasurementNo00507.xls
get measurement from /Users/djaffe/work/GIT/LINDSEY/TechMaturation2014/LS6500/Gamma_Pre-irradiation141017/MeasurementNo00548.xls
get measurement from /Users/djaffe/work/GIT/LINDSEY/TechMaturation2014/LS6500/Gamma_Pre-irradiation141017/MeasurementNo00589.xls
Tray_Position S2_Position05 Number of `no vial` to this position 1
get measurement from /Users/djaffe/work/GIT/LINDSEY/TechMaturation2014/LS6500/Gamma_Pre-irradiation141017/MeasurementNo00016.xls
get measurement from /Users/djaffe/work/GIT/LINDSEY/TechMaturation2014/LS6500/Gamma_Pre-irradiation141017/MeasurementNo00057.xls
get measurement from /Users/djaffe/work/GIT/LINDSEY/TechMaturation2014/LS6500/Gamma_Pre-irradiation141017/MeasurementNo00098.xls
get measurement from /Users/djaffe/work/GIT/LINDSEY/TechMaturation2014/LS6500/Gamma_Pre-irradiation141017/MeasurementNo00139.xls
get measurement from /Users/djaffe/work/GIT/LINDSEY/TechMaturation2014/LS6500/Gamma_Pre-irradiation141017/MeasurementNo00180.xls
get measurement from /Users/djaffe/work/GIT/LINDSEY/TechMaturation2014/LS6500/Gamma_Pre-irradiation141017/MeasurementNo00221.xls
get measurement from /Users/djaffe/work/GIT/LINDSEY/TechMaturation2014/LS6500/Gamma_Pre-irradiation141017/MeasurementNo00262.xls
get measurement from /Users/djaffe/work/GIT/LINDSEY/TechMaturation2014/LS6500/Gamma_Pre-irradiation141017/MeasurementNo00303.xls
get measurement from /Users/djaffe/work/GIT/LINDSEY/TechMaturation2014/LS6500/Gamma_Pre-irradiation141017/MeasurementNo00344.xls
get measurement from /Users/djaffe/work/GIT/LINDSEY/TechMaturation2014/LS6500/Gamma_Pre-irradiation141017/MeasurementNo00385.xls
get measurement from /Users/djaffe/work/GIT/LINDSEY/TechMaturation2014/LS6500/Gamma_Pre-irradiation141017/MeasurementNo00426.xls
get measurement from /Users/djaffe/work/GIT/LINDSEY/TechMaturation2014/LS6500/Gamma_Pre-irradiation141017/MeasurementNo00467.xls
get measurement from /Users/djaffe/work/GIT/LINDSEY/TechMaturation2014/LS6500/Gamma_Pre-irradiation141017/MeasurementNo00508.xls
get measurement from /Users/djaffe/work/GIT/LINDSEY/TechMaturation2014/LS6500/Gamma_Pre-irradiation141017/MeasurementNo00549.xls
get measurement from /Users/djaffe/work/GIT/LINDSEY/TechMaturation2014/LS6500/Gamma_Pre-irradiation141017/MeasurementNo00590.xls
Tray_Position S2_Position06 Number of `no vial` to this position 1
get measurement from /Users/djaffe/work/GIT/LINDSEY/TechMaturation2014/LS6500/Gamma_Pre-irradiation141017/MeasurementNo00017.xls
get measurement from /Users/djaffe/work/GIT/LINDSEY/TechMaturation2014/LS6500/Gamma_Pre-irradiation141017/MeasurementNo00058.xls
get measurement from /Users/djaffe/work/GIT/LINDSEY/TechMaturation2014/LS6500/Gamma_Pre-irradiation141017/MeasurementNo00099.xls
get measurement from /Users/djaffe/work/GIT/LINDSEY/TechMaturation2014/LS6500/Gamma_Pre-irradiation141017/MeasurementNo00140.xls
get measurement from /Users/djaffe/work/GIT/LINDSEY/TechMaturation2014/LS6500/Gamma_Pre-irradiation141017/MeasurementNo00181.xls
get measurement from /Users/djaffe/work/GIT/LINDSEY/TechMaturation2014/LS6500/Gamma_Pre-irradiation141017/MeasurementNo00222.xls
get measurement from /Users/djaffe/work/GIT/LINDSEY/TechMaturation2014/LS6500/Gamma_Pre-irradiation141017/MeasurementNo00263.xls
get measurement from /Users/djaffe/work/GIT/LINDSEY/TechMaturation2014/LS6500/Gamma_Pre-irradiation141017/MeasurementNo00304.xls
get measurement from /Users/djaffe/work/GIT/LINDSEY/TechMaturation2014/LS6500/Gamma_Pre-irradiation141017/MeasurementNo00345.xls
get measurement from /Users/djaffe/work/GIT/LINDSEY/TechMaturation2014/LS6500/Gamma_Pre-irradiation141017/MeasurementNo00386.xls
get measurement from /Users/djaffe/work/GIT/LINDSEY/TechMaturation2014/LS6500/Gamma_Pre-irradiation141017/MeasurementNo00427.xls
get measurement from /Users/djaffe/work/GIT/LINDSEY/TechMaturation2014/LS6500/Gamma_Pre-irradiation141017/MeasurementNo00468.xls
get measurement from /Users/djaffe/work/GIT/LINDSEY/TechMaturation2014/LS6500/Gamma_Pre-irradiation141017/MeasurementNo00509.xls
get measurement from /Users/djaffe/work/GIT/LINDSEY/TechMaturation2014/LS6500/Gamma_Pre-irradiation141017/MeasurementNo00550.xls
get measurement from /Users/djaffe/work/GIT/LINDSEY/TechMaturation2014/LS6500/Gamma_Pre-irradiation141017/MeasurementNo00591.xls
Tray_Position S2_Position07 Number of `no vial` to this position 1
get measurement from /Users/djaffe/work/GIT/LINDSEY/TechMaturation2014/LS6500/Gamma_Pre-irradiation141017/MeasurementNo00018.xls
get measurement from /Users/djaffe/work/GIT/LINDSEY/TechMaturation2014/LS6500/Gamma_Pre-irradiation141017/MeasurementNo00059.xls
get measurement from /Users/djaffe/work/GIT/LINDSEY/TechMaturation2014/LS6500/Gamma_Pre-irradiation141017/MeasurementNo00100.xls
get measurement from /Users/djaffe/work/GIT/LINDSEY/TechMaturation2014/LS6500/Gamma_Pre-irradiation141017/MeasurementNo00141.xls
get measurement from /Users/djaffe/work/GIT/LINDSEY/TechMaturation2014/LS6500/Gamma_Pre-irradiation141017/MeasurementNo00182.xls
get measurement from /Users/djaffe/work/GIT/LINDSEY/TechMaturation2014/LS6500/Gamma_Pre-irradiation141017/MeasurementNo00223.xls
get measurement from /Users/djaffe/work/GIT/LINDSEY/TechMaturation2014/LS6500/Gamma_Pre-irradiation141017/MeasurementNo00264.xls
get measurement from /Users/djaffe/work/GIT/LINDSEY/TechMaturation2014/LS6500/Gamma_Pre-irradiation141017/MeasurementNo00305.xls
get measurement from /Users/djaffe/work/GIT/LINDSEY/TechMaturation2014/LS6500/Gamma_Pre-irradiation141017/MeasurementNo00346.xls
get measurement from /Users/djaffe/work/GIT/LINDSEY/TechMaturation2014/LS6500/Gamma_Pre-irradiation141017/MeasurementNo00387.xls
get measurement from /Users/djaffe/work/GIT/LINDSEY/TechMaturation2014/LS6500/Gamma_Pre-irradiation141017/MeasurementNo00428.xls
get measurement from /Users/djaffe/work/GIT/LINDSEY/TechMaturation2014/LS6500/Gamma_Pre-irradiation141017/MeasurementNo00469.xls
get measurement from /Users/djaffe/work/GIT/LINDSEY/TechMaturation2014/LS6500/Gamma_Pre-irradiation141017/MeasurementNo00510.xls
get measurement from /Users/djaffe/work/GIT/LINDSEY/TechMaturation2014/LS6500/Gamma_Pre-irradiation141017/MeasurementNo00551.xls
get measurement from /Users/djaffe/work/GIT/LINDSEY/TechMaturation2014/LS6500/Gamma_Pre-irradiation141017/MeasurementNo00592.xls
Tray_Position S2_Position08 Number of `no vial` to this position 1
get measurement from /Users/djaffe/work/GIT/LINDSEY/TechMaturation2014/LS6500/Gamma_Pre-irradiation141017/MeasurementNo00019.xls
get measurement from /Users/djaffe/work/GIT/LINDSEY/TechMaturation2014/LS6500/Gamma_Pre-irradiation141017/MeasurementNo00060.xls
get measurement from /Users/djaffe/work/GIT/LINDSEY/TechMaturation2014/LS6500/Gamma_Pre-irradiation141017/MeasurementNo00101.xls
get measurement from /Users/djaffe/work/GIT/LINDSEY/TechMaturation2014/LS6500/Gamma_Pre-irradiation141017/MeasurementNo00142.xls
get measurement from /Users/djaffe/work/GIT/LINDSEY/TechMaturation2014/LS6500/Gamma_Pre-irradiation141017/MeasurementNo00183.xls
get measurement from /Users/djaffe/work/GIT/LINDSEY/TechMaturation2014/LS6500/Gamma_Pre-irradiation141017/MeasurementNo00224.xls
get measurement from /Users/djaffe/work/GIT/LINDSEY/TechMaturation2014/LS6500/Gamma_Pre-irradiation141017/MeasurementNo00265.xls
get measurement from /Users/djaffe/work/GIT/LINDSEY/TechMaturation2014/LS6500/Gamma_Pre-irradiation141017/MeasurementNo00306.xls
get measurement from /Users/djaffe/work/GIT/LINDSEY/TechMaturation2014/LS6500/Gamma_Pre-irradiation141017/MeasurementNo00347.xls
get measurement from /Users/djaffe/work/GIT/LINDSEY/TechMaturation2014/LS6500/Gamma_Pre-irradiation141017/MeasurementNo00388.xls
get measurement from /Users/djaffe/work/GIT/LINDSEY/TechMaturation2014/LS6500/Gamma_Pre-irradiation141017/MeasurementNo00429.xls
get measurement from /Users/djaffe/work/GIT/LINDSEY/TechMaturation2014/LS6500/Gamma_Pre-irradiation141017/MeasurementNo00470.xls
get measurement from /Users/djaffe/work/GIT/LINDSEY/TechMaturation2014/LS6500/Gamma_Pre-irradiation141017/MeasurementNo00511.xls
get measurement from /Users/djaffe/work/GIT/LINDSEY/TechMaturation2014/LS6500/Gamma_Pre-irradiation141017/MeasurementNo00552.xls
get measurement from /Users/djaffe/work/GIT/LINDSEY/TechMaturation2014/LS6500/Gamma_Pre-irradiation141017/MeasurementNo00593.xls
Tray_Position S2_Position09 Number of `no vial` to this position 1
get measurement from /Users/djaffe/work/GIT/LINDSEY/TechMaturation2014/LS6500/Gamma_Pre-irradiation141017/MeasurementNo00020.xls
get measurement from /Users/djaffe/work/GIT/LINDSEY/TechMaturation2014/LS6500/Gamma_Pre-irradiation141017/MeasurementNo00061.xls
get measurement from /Users/djaffe/work/GIT/LINDSEY/TechMaturation2014/LS6500/Gamma_Pre-irradiation141017/MeasurementNo00102.xls
get measurement from /Users/djaffe/work/GIT/LINDSEY/TechMaturation2014/LS6500/Gamma_Pre-irradiation141017/MeasurementNo00143.xls
get measurement from /Users/djaffe/work/GIT/LINDSEY/TechMaturation2014/LS6500/Gamma_Pre-irradiation141017/MeasurementNo00184.xls
get measurement from /Users/djaffe/work/GIT/LINDSEY/TechMaturation2014/LS6500/Gamma_Pre-irradiation141017/MeasurementNo00225.xls
get measurement from /Users/djaffe/work/GIT/LINDSEY/TechMaturation2014/LS6500/Gamma_Pre-irradiation141017/MeasurementNo00266.xls
get measurement from /Users/djaffe/work/GIT/LINDSEY/TechMaturation2014/LS6500/Gamma_Pre-irradiation141017/MeasurementNo00307.xls
get measurement from /Users/djaffe/work/GIT/LINDSEY/TechMaturation2014/LS6500/Gamma_Pre-irradiation141017/MeasurementNo00348.xls
get measurement from /Users/djaffe/work/GIT/LINDSEY/TechMaturation2014/LS6500/Gamma_Pre-irradiation141017/MeasurementNo00389.xls
get measurement from /Users/djaffe/work/GIT/LINDSEY/TechMaturation2014/LS6500/Gamma_Pre-irradiation141017/MeasurementNo00430.xls
get measurement from /Users/djaffe/work/GIT/LINDSEY/TechMaturation2014/LS6500/Gamma_Pre-irradiation141017/MeasurementNo00471.xls
get measurement from /Users/djaffe/work/GIT/LINDSEY/TechMaturation2014/LS6500/Gamma_Pre-irradiation141017/MeasurementNo00512.xls
get measurement from /Users/djaffe/work/GIT/LINDSEY/TechMaturation2014/LS6500/Gamma_Pre-irradiation141017/MeasurementNo00553.xls
get measurement from /Users/djaffe/work/GIT/LINDSEY/TechMaturation2014/LS6500/Gamma_Pre-irradiation141017/MeasurementNo00594.xls
Tray_Position S2_Position10 Number of `no vial` to this position 1
get measurement from /Users/djaffe/work/GIT/LINDSEY/TechMaturation2014/LS6500/Gamma_Pre-irradiation141017/MeasurementNo00021.xls
get measurement from /Users/djaffe/work/GIT/LINDSEY/TechMaturation2014/LS6500/Gamma_Pre-irradiation141017/MeasurementNo00062.xls
get measurement from /Users/djaffe/work/GIT/LINDSEY/TechMaturation2014/LS6500/Gamma_Pre-irradiation141017/MeasurementNo00103.xls
get measurement from /Users/djaffe/work/GIT/LINDSEY/TechMaturation2014/LS6500/Gamma_Pre-irradiation141017/MeasurementNo00144.xls
get measurement from /Users/djaffe/work/GIT/LINDSEY/TechMaturation2014/LS6500/Gamma_Pre-irradiation141017/MeasurementNo00185.xls
get measurement from /Users/djaffe/work/GIT/LINDSEY/TechMaturation2014/LS6500/Gamma_Pre-irradiation141017/MeasurementNo00226.xls
get measurement from /Users/djaffe/work/GIT/LINDSEY/TechMaturation2014/LS6500/Gamma_Pre-irradiation141017/MeasurementNo00267.xls
get measurement from /Users/djaffe/work/GIT/LINDSEY/TechMaturation2014/LS6500/Gamma_Pre-irradiation141017/MeasurementNo00308.xls
get measurement from /Users/djaffe/work/GIT/LINDSEY/TechMaturation2014/LS6500/Gamma_Pre-irradiation141017/MeasurementNo00349.xls
get measurement from /Users/djaffe/work/GIT/LINDSEY/TechMaturation2014/LS6500/Gamma_Pre-irradiation141017/MeasurementNo00390.xls
get measurement from /Users/djaffe/work/GIT/LINDSEY/TechMaturation2014/LS6500/Gamma_Pre-irradiation141017/MeasurementNo00431.xls
get measurement from /Users/djaffe/work/GIT/LINDSEY/TechMaturation2014/LS6500/Gamma_Pre-irradiation141017/MeasurementNo00472.xls
get measurement from /Users/djaffe/work/GIT/LINDSEY/TechMaturation2014/LS6500/Gamma_Pre-irradiation141017/MeasurementNo00513.xls
get measurement from /Users/djaffe/work/GIT/LINDSEY/TechMaturation2014/LS6500/Gamma_Pre-irradiation141017/MeasurementNo00554.xls
get measurement from /Users/djaffe/work/GIT/LINDSEY/TechMaturation2014/LS6500/Gamma_Pre-irradiation141017/MeasurementNo00595.xls
Tray_Position S2_Position11 Number of `no vial` to this position 1
get measurement from /Users/djaffe/work/GIT/LINDSEY/TechMaturation2014/LS6500/Gamma_Pre-irradiation141017/MeasurementNo00022.xls
get measurement from /Users/djaffe/work/GIT/LINDSEY/TechMaturation2014/LS6500/Gamma_Pre-irradiation141017/MeasurementNo00063.xls
get measurement from /Users/djaffe/work/GIT/LINDSEY/TechMaturation2014/LS6500/Gamma_Pre-irradiation141017/MeasurementNo00104.xls
get measurement from /Users/djaffe/work/GIT/LINDSEY/TechMaturation2014/LS6500/Gamma_Pre-irradiation141017/MeasurementNo00145.xls
get measurement from /Users/djaffe/work/GIT/LINDSEY/TechMaturation2014/LS6500/Gamma_Pre-irradiation141017/MeasurementNo00186.xls
get measurement from /Users/djaffe/work/GIT/LINDSEY/TechMaturation2014/LS6500/Gamma_Pre-irradiation141017/MeasurementNo00227.xls
get measurement from /Users/djaffe/work/GIT/LINDSEY/TechMaturation2014/LS6500/Gamma_Pre-irradiation141017/MeasurementNo00268.xls
get measurement from /Users/djaffe/work/GIT/LINDSEY/TechMaturation2014/LS6500/Gamma_Pre-irradiation141017/MeasurementNo00309.xls
get measurement from /Users/djaffe/work/GIT/LINDSEY/TechMaturation2014/LS6500/Gamma_Pre-irradiation141017/MeasurementNo00350.xls
get measurement from /Users/djaffe/work/GIT/LINDSEY/TechMaturation2014/LS6500/Gamma_Pre-irradiation141017/MeasurementNo00391.xls
get measurement from /Users/djaffe/work/GIT/LINDSEY/TechMaturation2014/LS6500/Gamma_Pre-irradiation141017/MeasurementNo00432.xls
get measurement from /Users/djaffe/work/GIT/LINDSEY/TechMaturation2014/LS6500/Gamma_Pre-irradiation141017/MeasurementNo00473.xls
get measurement from /Users/djaffe/work/GIT/LINDSEY/TechMaturation2014/LS6500/Gamma_Pre-irradiation141017/MeasurementNo00514.xls
get measurement from /Users/djaffe/work/GIT/LINDSEY/TechMaturation2014/LS6500/Gamma_Pre-irradiation141017/MeasurementNo00555.xls
get measurement from /Users/djaffe/work/GIT/LINDSEY/TechMaturation2014/LS6500/Gamma_Pre-irradiation141017/MeasurementNo00596.xls
Tray_Position S3_Position01 Number of `no vial` to this position 2
get measurement from /Users/djaffe/work/GIT/LINDSEY/TechMaturation2014/LS6500/Gamma_Pre-irradiation141017/MeasurementNo00023.xls
get measurement from /Users/djaffe/work/GIT/LINDSEY/TechMaturation2014/LS6500/Gamma_Pre-irradiation141017/MeasurementNo00064.xls
get measurement from /Users/djaffe/work/GIT/LINDSEY/TechMaturation2014/LS6500/Gamma_Pre-irradiation141017/MeasurementNo00105.xls
get measurement from /Users/djaffe/work/GIT/LINDSEY/TechMaturation2014/LS6500/Gamma_Pre-irradiation141017/MeasurementNo00146.xls
get measurement from /Users/djaffe/work/GIT/LINDSEY/TechMaturation2014/LS6500/Gamma_Pre-irradiation141017/MeasurementNo00187.xls
get measurement from /Users/djaffe/work/GIT/LINDSEY/TechMaturation2014/LS6500/Gamma_Pre-irradiation141017/MeasurementNo00228.xls
get measurement from /Users/djaffe/work/GIT/LINDSEY/TechMaturation2014/LS6500/Gamma_Pre-irradiation141017/MeasurementNo00269.xls
get measurement from /Users/djaffe/work/GIT/LINDSEY/TechMaturation2014/LS6500/Gamma_Pre-irradiation141017/MeasurementNo00310.xls
get measurement from /Users/djaffe/work/GIT/LINDSEY/TechMaturation2014/LS6500/Gamma_Pre-irradiation141017/MeasurementNo00351.xls
get measurement from /Users/djaffe/work/GIT/LINDSEY/TechMaturation2014/LS6500/Gamma_Pre-irradiation141017/MeasurementNo00392.xls
get measurement from /Users/djaffe/work/GIT/LINDSEY/TechMaturation2014/LS6500/Gamma_Pre-irradiation141017/MeasurementNo00433.xls
get measurement from /Users/djaffe/work/GIT/LINDSEY/TechMaturation2014/LS6500/Gamma_Pre-irradiation141017/MeasurementNo00474.xls
get measurement from /Users/djaffe/work/GIT/LINDSEY/TechMaturation2014/LS6500/Gamma_Pre-irradiation141017/MeasurementNo00515.xls
get measurement from /Users/djaffe/work/GIT/LINDSEY/TechMaturation2014/LS6500/Gamma_Pre-irradiation141017/MeasurementNo00556.xls
Tray_Position S3_Position02 Number of `no vial` to this position 2
get measurement from /Users/djaffe/work/GIT/LINDSEY/TechMaturation2014/LS6500/Gamma_Pre-irradiation141017/MeasurementNo00024.xls
get measurement from /Users/djaffe/work/GIT/LINDSEY/TechMaturation2014/LS6500/Gamma_Pre-irradiation141017/MeasurementNo00065.xls
get measurement from /Users/djaffe/work/GIT/LINDSEY/TechMaturation2014/LS6500/Gamma_Pre-irradiation141017/MeasurementNo00106.xls
get measurement from /Users/djaffe/work/GIT/LINDSEY/TechMaturation2014/LS6500/Gamma_Pre-irradiation141017/MeasurementNo00147.xls
get measurement from /Users/djaffe/work/GIT/LINDSEY/TechMaturation2014/LS6500/Gamma_Pre-irradiation141017/MeasurementNo00188.xls
get measurement from /Users/djaffe/work/GIT/LINDSEY/TechMaturation2014/LS6500/Gamma_Pre-irradiation141017/MeasurementNo00229.xls
get measurement from /Users/djaffe/work/GIT/LINDSEY/TechMaturation2014/LS6500/Gamma_Pre-irradiation141017/MeasurementNo00270.xls
get measurement from /Users/djaffe/work/GIT/LINDSEY/TechMaturation2014/LS6500/Gamma_Pre-irradiation141017/MeasurementNo00311.xls
get measurement from /Users/djaffe/work/GIT/LINDSEY/TechMaturation2014/LS6500/Gamma_Pre-irradiation141017/MeasurementNo00352.xls
get measurement from /Users/djaffe/work/GIT/LINDSEY/TechMaturation2014/LS6500/Gamma_Pre-irradiation141017/MeasurementNo00393.xls
get measurement from /Users/djaffe/work/GIT/LINDSEY/TechMaturation2014/LS6500/Gamma_Pre-irradiation141017/MeasurementNo00434.xls
get measurement from /Users/djaffe/work/GIT/LINDSEY/TechMaturation2014/LS6500/Gamma_Pre-irradiation141017/MeasurementNo00475.xls
get measurement from /Users/djaffe/work/GIT/LINDSEY/TechMaturation2014/LS6500/Gamma_Pre-irradiation141017/MeasurementNo00516.xls
get measurement from /Users/djaffe/work/GIT/LINDSEY/TechMaturation2014/LS6500/Gamma_Pre-irradiation141017/MeasurementNo00557.xls
Tray_Position S3_Position03 Number of `no vial` to this position 2
get measurement from /Users/djaffe/work/GIT/LINDSEY/TechMaturation2014/LS6500/Gamma_Pre-irradiation141017/MeasurementNo00025.xls
get measurement from /Users/djaffe/work/GIT/LINDSEY/TechMaturation2014/LS6500/Gamma_Pre-irradiation141017/MeasurementNo00066.xls
get measurement from /Users/djaffe/work/GIT/LINDSEY/TechMaturation2014/LS6500/Gamma_Pre-irradiation141017/MeasurementNo00107.xls
get measurement from /Users/djaffe/work/GIT/LINDSEY/TechMaturation2014/LS6500/Gamma_Pre-irradiation141017/MeasurementNo00148.xls
get measurement from /Users/djaffe/work/GIT/LINDSEY/TechMaturation2014/LS6500/Gamma_Pre-irradiation141017/MeasurementNo00189.xls
get measurement from /Users/djaffe/work/GIT/LINDSEY/TechMaturation2014/LS6500/Gamma_Pre-irradiation141017/MeasurementNo00230.xls
get measurement from /Users/djaffe/work/GIT/LINDSEY/TechMaturation2014/LS6500/Gamma_Pre-irradiation141017/MeasurementNo00271.xls
get measurement from /Users/djaffe/work/GIT/LINDSEY/TechMaturation2014/LS6500/Gamma_Pre-irradiation141017/MeasurementNo00312.xls
get measurement from /Users/djaffe/work/GIT/LINDSEY/TechMaturation2014/LS6500/Gamma_Pre-irradiation141017/MeasurementNo00353.xls
get measurement from /Users/djaffe/work/GIT/LINDSEY/TechMaturation2014/LS6500/Gamma_Pre-irradiation141017/MeasurementNo00394.xls
get measurement from /Users/djaffe/work/GIT/LINDSEY/TechMaturation2014/LS6500/Gamma_Pre-irradiation141017/MeasurementNo00435.xls
get measurement from /Users/djaffe/work/GIT/LINDSEY/TechMaturation2014/LS6500/Gamma_Pre-irradiation141017/MeasurementNo00476.xls
get measurement from /Users/djaffe/work/GIT/LINDSEY/TechMaturation2014/LS6500/Gamma_Pre-irradiation141017/MeasurementNo00517.xls
get measurement from /Users/djaffe/work/GIT/LINDSEY/TechMaturation2014/LS6500/Gamma_Pre-irradiation141017/MeasurementNo00558.xls
Tray_Position S3_Position04 Number of `no vial` to this position 2
get measurement from /Users/djaffe/work/GIT/LINDSEY/TechMaturation2014/LS6500/Gamma_Pre-irradiation141017/MeasurementNo00026.xls
get measurement from /Users/djaffe/work/GIT/LINDSEY/TechMaturation2014/LS6500/Gamma_Pre-irradiation141017/MeasurementNo00067.xls
get measurement from /Users/djaffe/work/GIT/LINDSEY/TechMaturation2014/LS6500/Gamma_Pre-irradiation141017/MeasurementNo00108.xls
get measurement from /Users/djaffe/work/GIT/LINDSEY/TechMaturation2014/LS6500/Gamma_Pre-irradiation141017/MeasurementNo00149.xls
get measurement from /Users/djaffe/work/GIT/LINDSEY/TechMaturation2014/LS6500/Gamma_Pre-irradiation141017/MeasurementNo00190.xls
get measurement from /Users/djaffe/work/GIT/LINDSEY/TechMaturation2014/LS6500/Gamma_Pre-irradiation141017/MeasurementNo00231.xls
get measurement from /Users/djaffe/work/GIT/LINDSEY/TechMaturation2014/LS6500/Gamma_Pre-irradiation141017/MeasurementNo00272.xls
get measurement from /Users/djaffe/work/GIT/LINDSEY/TechMaturation2014/LS6500/Gamma_Pre-irradiation141017/MeasurementNo00313.xls
get measurement from /Users/djaffe/work/GIT/LINDSEY/TechMaturation2014/LS6500/Gamma_Pre-irradiation141017/MeasurementNo00354.xls
get measurement from /Users/djaffe/work/GIT/LINDSEY/TechMaturation2014/LS6500/Gamma_Pre-irradiation141017/MeasurementNo00395.xls
get measurement from /Users/djaffe/work/GIT/LINDSEY/TechMaturation2014/LS6500/Gamma_Pre-irradiation141017/MeasurementNo00436.xls
get measurement from /Users/djaffe/work/GIT/LINDSEY/TechMaturation2014/LS6500/Gamma_Pre-irradiation141017/MeasurementNo00477.xls
get measurement from /Users/djaffe/work/GIT/LINDSEY/TechMaturation2014/LS6500/Gamma_Pre-irradiation141017/MeasurementNo00518.xls
get measurement from /Users/djaffe/work/GIT/LINDSEY/TechMaturation2014/LS6500/Gamma_Pre-irradiation141017/MeasurementNo00559.xls
Tray_Position S3_Position05 Number of `no vial` to this position 2
get measurement from /Users/djaffe/work/GIT/LINDSEY/TechMaturation2014/LS6500/Gamma_Pre-irradiation141017/MeasurementNo00027.xls
get measurement from /Users/djaffe/work/GIT/LINDSEY/TechMaturation2014/LS6500/Gamma_Pre-irradiation141017/MeasurementNo00068.xls
get measurement from /Users/djaffe/work/GIT/LINDSEY/TechMaturation2014/LS6500/Gamma_Pre-irradiation141017/MeasurementNo00109.xls
get measurement from /Users/djaffe/work/GIT/LINDSEY/TechMaturation2014/LS6500/Gamma_Pre-irradiation141017/MeasurementNo00150.xls
get measurement from /Users/djaffe/work/GIT/LINDSEY/TechMaturation2014/LS6500/Gamma_Pre-irradiation141017/MeasurementNo00191.xls
get measurement from /Users/djaffe/work/GIT/LINDSEY/TechMaturation2014/LS6500/Gamma_Pre-irradiation141017/MeasurementNo00232.xls
get measurement from /Users/djaffe/work/GIT/LINDSEY/TechMaturation2014/LS6500/Gamma_Pre-irradiation141017/MeasurementNo00273.xls
get measurement from /Users/djaffe/work/GIT/LINDSEY/TechMaturation2014/LS6500/Gamma_Pre-irradiation141017/MeasurementNo00314.xls
get measurement from /Users/djaffe/work/GIT/LINDSEY/TechMaturation2014/LS6500/Gamma_Pre-irradiation141017/MeasurementNo00355.xls
get measurement from /Users/djaffe/work/GIT/LINDSEY/TechMaturation2014/LS6500/Gamma_Pre-irradiation141017/MeasurementNo00396.xls
get measurement from /Users/djaffe/work/GIT/LINDSEY/TechMaturation2014/LS6500/Gamma_Pre-irradiation141017/MeasurementNo00437.xls
get measurement from /Users/djaffe/work/GIT/LINDSEY/TechMaturation2014/LS6500/Gamma_Pre-irradiation141017/MeasurementNo00478.xls
get measurement from /Users/djaffe/work/GIT/LINDSEY/TechMaturation2014/LS6500/Gamma_Pre-irradiation141017/MeasurementNo00519.xls
get measurement from /Users/djaffe/work/GIT/LINDSEY/TechMaturation2014/LS6500/Gamma_Pre-irradiation141017/MeasurementNo00560.xls
Tray_Position S3_Position06 Number of `no vial` to this position 2
get measurement from /Users/djaffe/work/GIT/LINDSEY/TechMaturation2014/LS6500/Gamma_Pre-irradiation141017/MeasurementNo00028.xls
get measurement from /Users/djaffe/work/GIT/LINDSEY/TechMaturation2014/LS6500/Gamma_Pre-irradiation141017/MeasurementNo00069.xls
get measurement from /Users/djaffe/work/GIT/LINDSEY/TechMaturation2014/LS6500/Gamma_Pre-irradiation141017/MeasurementNo00110.xls
get measurement from /Users/djaffe/work/GIT/LINDSEY/TechMaturation2014/LS6500/Gamma_Pre-irradiation141017/MeasurementNo00151.xls
get measurement from /Users/djaffe/work/GIT/LINDSEY/TechMaturation2014/LS6500/Gamma_Pre-irradiation141017/MeasurementNo00192.xls
get measurement from /Users/djaffe/work/GIT/LINDSEY/TechMaturation2014/LS6500/Gamma_Pre-irradiation141017/MeasurementNo00233.xls
get measurement from /Users/djaffe/work/GIT/LINDSEY/TechMaturation2014/LS6500/Gamma_Pre-irradiation141017/MeasurementNo00274.xls
get measurement from /Users/djaffe/work/GIT/LINDSEY/TechMaturation2014/LS6500/Gamma_Pre-irradiation141017/MeasurementNo00315.xls
get measurement from /Users/djaffe/work/GIT/LINDSEY/TechMaturation2014/LS6500/Gamma_Pre-irradiation141017/MeasurementNo00356.xls
get measurement from /Users/djaffe/work/GIT/LINDSEY/TechMaturation2014/LS6500/Gamma_Pre-irradiation141017/MeasurementNo00397.xls
get measurement from /Users/djaffe/work/GIT/LINDSEY/TechMaturation2014/LS6500/Gamma_Pre-irradiation141017/MeasurementNo00438.xls
get measurement from /Users/djaffe/work/GIT/LINDSEY/TechMaturation2014/LS6500/Gamma_Pre-irradiation141017/MeasurementNo00479.xls
get measurement from /Users/djaffe/work/GIT/LINDSEY/TechMaturation2014/LS6500/Gamma_Pre-irradiation141017/MeasurementNo00520.xls
get measurement from /Users/djaffe/work/GIT/LINDSEY/TechMaturation2014/LS6500/Gamma_Pre-irradiation141017/MeasurementNo00561.xls
Tray_Position S3_Position07 Number of `no vial` to this position 2
get measurement from /Users/djaffe/work/GIT/LINDSEY/TechMaturation2014/LS6500/Gamma_Pre-irradiation141017/MeasurementNo00029.xls
get measurement from /Users/djaffe/work/GIT/LINDSEY/TechMaturation2014/LS6500/Gamma_Pre-irradiation141017/MeasurementNo00070.xls
get measurement from /Users/djaffe/work/GIT/LINDSEY/TechMaturation2014/LS6500/Gamma_Pre-irradiation141017/MeasurementNo00111.xls
get measurement from /Users/djaffe/work/GIT/LINDSEY/TechMaturation2014/LS6500/Gamma_Pre-irradiation141017/MeasurementNo00152.xls
get measurement from /Users/djaffe/work/GIT/LINDSEY/TechMaturation2014/LS6500/Gamma_Pre-irradiation141017/MeasurementNo00193.xls
get measurement from /Users/djaffe/work/GIT/LINDSEY/TechMaturation2014/LS6500/Gamma_Pre-irradiation141017/MeasurementNo00234.xls
get measurement from /Users/djaffe/work/GIT/LINDSEY/TechMaturation2014/LS6500/Gamma_Pre-irradiation141017/MeasurementNo00275.xls
get measurement from /Users/djaffe/work/GIT/LINDSEY/TechMaturation2014/LS6500/Gamma_Pre-irradiation141017/MeasurementNo00316.xls
get measurement from /Users/djaffe/work/GIT/LINDSEY/TechMaturation2014/LS6500/Gamma_Pre-irradiation141017/MeasurementNo00357.xls
get measurement from /Users/djaffe/work/GIT/LINDSEY/TechMaturation2014/LS6500/Gamma_Pre-irradiation141017/MeasurementNo00398.xls
get measurement from /Users/djaffe/work/GIT/LINDSEY/TechMaturation2014/LS6500/Gamma_Pre-irradiation141017/MeasurementNo00439.xls
get measurement from /Users/djaffe/work/GIT/LINDSEY/TechMaturation2014/LS6500/Gamma_Pre-irradiation141017/MeasurementNo00480.xls
get measurement from /Users/djaffe/work/GIT/LINDSEY/TechMaturation2014/LS6500/Gamma_Pre-irradiation141017/MeasurementNo00521.xls
get measurement from /Users/djaffe/work/GIT/LINDSEY/TechMaturation2014/LS6500/Gamma_Pre-irradiation141017/MeasurementNo00562.xls
Tray_Position S3_Position08 Number of `no vial` to this position 2
get measurement from /Users/djaffe/work/GIT/LINDSEY/TechMaturation2014/LS6500/Gamma_Pre-irradiation141017/MeasurementNo00030.xls
get measurement from /Users/djaffe/work/GIT/LINDSEY/TechMaturation2014/LS6500/Gamma_Pre-irradiation141017/MeasurementNo00071.xls
get measurement from /Users/djaffe/work/GIT/LINDSEY/TechMaturation2014/LS6500/Gamma_Pre-irradiation141017/MeasurementNo00112.xls
get measurement from /Users/djaffe/work/GIT/LINDSEY/TechMaturation2014/LS6500/Gamma_Pre-irradiation141017/MeasurementNo00153.xls
get measurement from /Users/djaffe/work/GIT/LINDSEY/TechMaturation2014/LS6500/Gamma_Pre-irradiation141017/MeasurementNo00194.xls
get measurement from /Users/djaffe/work/GIT/LINDSEY/TechMaturation2014/LS6500/Gamma_Pre-irradiation141017/MeasurementNo00235.xls
get measurement from /Users/djaffe/work/GIT/LINDSEY/TechMaturation2014/LS6500/Gamma_Pre-irradiation141017/MeasurementNo00276.xls
get measurement from /Users/djaffe/work/GIT/LINDSEY/TechMaturation2014/LS6500/Gamma_Pre-irradiation141017/MeasurementNo00317.xls
get measurement from /Users/djaffe/work/GIT/LINDSEY/TechMaturation2014/LS6500/Gamma_Pre-irradiation141017/MeasurementNo00358.xls
get measurement from /Users/djaffe/work/GIT/LINDSEY/TechMaturation2014/LS6500/Gamma_Pre-irradiation141017/MeasurementNo00399.xls
get measurement from /Users/djaffe/work/GIT/LINDSEY/TechMaturation2014/LS6500/Gamma_Pre-irradiation141017/MeasurementNo00440.xls
get measurement from /Users/djaffe/work/GIT/LINDSEY/TechMaturation2014/LS6500/Gamma_Pre-irradiation141017/MeasurementNo00481.xls
get measurement from /Users/djaffe/work/GIT/LINDSEY/TechMaturation2014/LS6500/Gamma_Pre-irradiation141017/MeasurementNo00522.xls
get measurement from /Users/djaffe/work/GIT/LINDSEY/TechMaturation2014/LS6500/Gamma_Pre-irradiation141017/MeasurementNo00563.xls
Tray_Position S3_Position09 Number of `no vial` to this position 2
get measurement from /Users/djaffe/work/GIT/LINDSEY/TechMaturation2014/LS6500/Gamma_Pre-irradiation141017/MeasurementNo00031.xls
get measurement from /Users/djaffe/work/GIT/LINDSEY/TechMaturation2014/LS6500/Gamma_Pre-irradiation141017/MeasurementNo00072.xls
get measurement from /Users/djaffe/work/GIT/LINDSEY/TechMaturation2014/LS6500/Gamma_Pre-irradiation141017/MeasurementNo00113.xls
get measurement from /Users/djaffe/work/GIT/LINDSEY/TechMaturation2014/LS6500/Gamma_Pre-irradiation141017/MeasurementNo00154.xls
get measurement from /Users/djaffe/work/GIT/LINDSEY/TechMaturation2014/LS6500/Gamma_Pre-irradiation141017/MeasurementNo00195.xls
get measurement from /Users/djaffe/work/GIT/LINDSEY/TechMaturation2014/LS6500/Gamma_Pre-irradiation141017/MeasurementNo00236.xls
get measurement from /Users/djaffe/work/GIT/LINDSEY/TechMaturation2014/LS6500/Gamma_Pre-irradiation141017/MeasurementNo00277.xls
get measurement from /Users/djaffe/work/GIT/LINDSEY/TechMaturation2014/LS6500/Gamma_Pre-irradiation141017/MeasurementNo00318.xls
get measurement from /Users/djaffe/work/GIT/LINDSEY/TechMaturation2014/LS6500/Gamma_Pre-irradiation141017/MeasurementNo00359.xls
get measurement from /Users/djaffe/work/GIT/LINDSEY/TechMaturation2014/LS6500/Gamma_Pre-irradiation141017/MeasurementNo00400.xls
get measurement from /Users/djaffe/work/GIT/LINDSEY/TechMaturation2014/LS6500/Gamma_Pre-irradiation141017/MeasurementNo00441.xls
get measurement from /Users/djaffe/work/GIT/LINDSEY/TechMaturation2014/LS6500/Gamma_Pre-irradiation141017/MeasurementNo00482.xls
get measurement from /Users/djaffe/work/GIT/LINDSEY/TechMaturation2014/LS6500/Gamma_Pre-irradiation141017/MeasurementNo00523.xls
get measurement from /Users/djaffe/work/GIT/LINDSEY/TechMaturation2014/LS6500/Gamma_Pre-irradiation141017/MeasurementNo00564.xls
Tray_Position S3_Position10 Number of `no vial` to this position 2
get measurement from /Users/djaffe/work/GIT/LINDSEY/TechMaturation2014/LS6500/Gamma_Pre-irradiation141017/MeasurementNo00032.xls
get measurement from /Users/djaffe/work/GIT/LINDSEY/TechMaturation2014/LS6500/Gamma_Pre-irradiation141017/MeasurementNo00073.xls
get measurement from /Users/djaffe/work/GIT/LINDSEY/TechMaturation2014/LS6500/Gamma_Pre-irradiation141017/MeasurementNo00114.xls
get measurement from /Users/djaffe/work/GIT/LINDSEY/TechMaturation2014/LS6500/Gamma_Pre-irradiation141017/MeasurementNo00155.xls
get measurement from /Users/djaffe/work/GIT/LINDSEY/TechMaturation2014/LS6500/Gamma_Pre-irradiation141017/MeasurementNo00196.xls
get measurement from /Users/djaffe/work/GIT/LINDSEY/TechMaturation2014/LS6500/Gamma_Pre-irradiation141017/MeasurementNo00237.xls
get measurement from /Users/djaffe/work/GIT/LINDSEY/TechMaturation2014/LS6500/Gamma_Pre-irradiation141017/MeasurementNo00278.xls
get measurement from /Users/djaffe/work/GIT/LINDSEY/TechMaturation2014/LS6500/Gamma_Pre-irradiation141017/MeasurementNo00319.xls
get measurement from /Users/djaffe/work/GIT/LINDSEY/TechMaturation2014/LS6500/Gamma_Pre-irradiation141017/MeasurementNo00360.xls
get measurement from /Users/djaffe/work/GIT/LINDSEY/TechMaturation2014/LS6500/Gamma_Pre-irradiation141017/MeasurementNo00401.xls
get measurement from /Users/djaffe/work/GIT/LINDSEY/TechMaturation2014/LS6500/Gamma_Pre-irradiation141017/MeasurementNo00442.xls
get measurement from /Users/djaffe/work/GIT/LINDSEY/TechMaturation2014/LS6500/Gamma_Pre-irradiation141017/MeasurementNo00483.xls
get measurement from /Users/djaffe/work/GIT/LINDSEY/TechMaturation2014/LS6500/Gamma_Pre-irradiation141017/MeasurementNo00524.xls
get measurement from /Users/djaffe/work/GIT/LINDSEY/TechMaturation2014/LS6500/Gamma_Pre-irradiation141017/MeasurementNo00565.xls
Tray_Position S3_Position11 Number of `no vial` to this position 2
get measurement from /Users/djaffe/work/GIT/LINDSEY/TechMaturation2014/LS6500/Gamma_Pre-irradiation141017/MeasurementNo00033.xls
get measurement from /Users/djaffe/work/GIT/LINDSEY/TechMaturation2014/LS6500/Gamma_Pre-irradiation141017/MeasurementNo00074.xls
get measurement from /Users/djaffe/work/GIT/LINDSEY/TechMaturation2014/LS6500/Gamma_Pre-irradiation141017/MeasurementNo00115.xls
get measurement from /Users/djaffe/work/GIT/LINDSEY/TechMaturation2014/LS6500/Gamma_Pre-irradiation141017/MeasurementNo00156.xls
get measurement from /Users/djaffe/work/GIT/LINDSEY/TechMaturation2014/LS6500/Gamma_Pre-irradiation141017/MeasurementNo00197.xls
get measurement from /Users/djaffe/work/GIT/LINDSEY/TechMaturation2014/LS6500/Gamma_Pre-irradiation141017/MeasurementNo00238.xls
get measurement from /Users/djaffe/work/GIT/LINDSEY/TechMaturation2014/LS6500/Gamma_Pre-irradiation141017/MeasurementNo00279.xls
get measurement from /Users/djaffe/work/GIT/LINDSEY/TechMaturation2014/LS6500/Gamma_Pre-irradiation141017/MeasurementNo00320.xls
get measurement from /Users/djaffe/work/GIT/LINDSEY/TechMaturation2014/LS6500/Gamma_Pre-irradiation141017/MeasurementNo00361.xls
get measurement from /Users/djaffe/work/GIT/LINDSEY/TechMaturation2014/LS6500/Gamma_Pre-irradiation141017/MeasurementNo00402.xls
get measurement from /Users/djaffe/work/GIT/LINDSEY/TechMaturation2014/LS6500/Gamma_Pre-irradiation141017/MeasurementNo00443.xls
get measurement from /Users/djaffe/work/GIT/LINDSEY/TechMaturation2014/LS6500/Gamma_Pre-irradiation141017/MeasurementNo00484.xls
get measurement from /Users/djaffe/work/GIT/LINDSEY/TechMaturation2014/LS6500/Gamma_Pre-irradiation141017/MeasurementNo00525.xls
get measurement from /Users/djaffe/work/GIT/LINDSEY/TechMaturation2014/LS6500/Gamma_Pre-irradiation141017/MeasurementNo00566.xls
Tray_Position S4_Position01 Number of `no vial` to this position 3
get measurement from /Users/djaffe/work/GIT/LINDSEY/TechMaturation2014/LS6500/Gamma_Pre-irradiation141017/MeasurementNo00034.xls
get measurement from /Users/djaffe/work/GIT/LINDSEY/TechMaturation2014/LS6500/Gamma_Pre-irradiation141017/MeasurementNo00075.xls
get measurement from /Users/djaffe/work/GIT/LINDSEY/TechMaturation2014/LS6500/Gamma_Pre-irradiation141017/MeasurementNo00116.xls
get measurement from /Users/djaffe/work/GIT/LINDSEY/TechMaturation2014/LS6500/Gamma_Pre-irradiation141017/MeasurementNo00157.xls
get measurement from /Users/djaffe/work/GIT/LINDSEY/TechMaturation2014/LS6500/Gamma_Pre-irradiation141017/MeasurementNo00198.xls
get measurement from /Users/djaffe/work/GIT/LINDSEY/TechMaturation2014/LS6500/Gamma_Pre-irradiation141017/MeasurementNo00239.xls
get measurement from /Users/djaffe/work/GIT/LINDSEY/TechMaturation2014/LS6500/Gamma_Pre-irradiation141017/MeasurementNo00280.xls
get measurement from /Users/djaffe/work/GIT/LINDSEY/TechMaturation2014/LS6500/Gamma_Pre-irradiation141017/MeasurementNo00321.xls
get measurement from /Users/djaffe/work/GIT/LINDSEY/TechMaturation2014/LS6500/Gamma_Pre-irradiation141017/MeasurementNo00362.xls
get measurement from /Users/djaffe/work/GIT/LINDSEY/TechMaturation2014/LS6500/Gamma_Pre-irradiation141017/MeasurementNo00403.xls
get measurement from /Users/djaffe/work/GIT/LINDSEY/TechMaturation2014/LS6500/Gamma_Pre-irradiation141017/MeasurementNo00444.xls
get measurement from /Users/djaffe/work/GIT/LINDSEY/TechMaturation2014/LS6500/Gamma_Pre-irradiation141017/MeasurementNo00485.xls
get measurement from /Users/djaffe/work/GIT/LINDSEY/TechMaturation2014/LS6500/Gamma_Pre-irradiation141017/MeasurementNo00526.xls
get measurement from /Users/djaffe/work/GIT/LINDSEY/TechMaturation2014/LS6500/Gamma_Pre-irradiation141017/MeasurementNo00567.xls
Tray_Position S4_Position02 Number of `no vial` to this position 3
get measurement from /Users/djaffe/work/GIT/LINDSEY/TechMaturation2014/LS6500/Gamma_Pre-irradiation141017/MeasurementNo00035.xls
get measurement from /Users/djaffe/work/GIT/LINDSEY/TechMaturation2014/LS6500/Gamma_Pre-irradiation141017/MeasurementNo00076.xls
get measurement from /Users/djaffe/work/GIT/LINDSEY/TechMaturation2014/LS6500/Gamma_Pre-irradiation141017/MeasurementNo00117.xls
get measurement from /Users/djaffe/work/GIT/LINDSEY/TechMaturation2014/LS6500/Gamma_Pre-irradiation141017/MeasurementNo00158.xls
get measurement from /Users/djaffe/work/GIT/LINDSEY/TechMaturation2014/LS6500/Gamma_Pre-irradiation141017/MeasurementNo00199.xls
get measurement from /Users/djaffe/work/GIT/LINDSEY/TechMaturation2014/LS6500/Gamma_Pre-irradiation141017/MeasurementNo00240.xls
get measurement from /Users/djaffe/work/GIT/LINDSEY/TechMaturation2014/LS6500/Gamma_Pre-irradiation141017/MeasurementNo00281.xls
get measurement from /Users/djaffe/work/GIT/LINDSEY/TechMaturation2014/LS6500/Gamma_Pre-irradiation141017/MeasurementNo00322.xls
get measurement from /Users/djaffe/work/GIT/LINDSEY/TechMaturation2014/LS6500/Gamma_Pre-irradiation141017/MeasurementNo00363.xls
get measurement from /Users/djaffe/work/GIT/LINDSEY/TechMaturation2014/LS6500/Gamma_Pre-irradiation141017/MeasurementNo00404.xls
get measurement from /Users/djaffe/work/GIT/LINDSEY/TechMaturation2014/LS6500/Gamma_Pre-irradiation141017/MeasurementNo00445.xls
get measurement from /Users/djaffe/work/GIT/LINDSEY/TechMaturation2014/LS6500/Gamma_Pre-irradiation141017/MeasurementNo00486.xls
get measurement from /Users/djaffe/work/GIT/LINDSEY/TechMaturation2014/LS6500/Gamma_Pre-irradiation141017/MeasurementNo00527.xls
get measurement from /Users/djaffe/work/GIT/LINDSEY/TechMaturation2014/LS6500/Gamma_Pre-irradiation141017/MeasurementNo00568.xls
Tray_Position S4_Position03 Number of `no vial` to this position 3
get measurement from /Users/djaffe/work/GIT/LINDSEY/TechMaturation2014/LS6500/Gamma_Pre-irradiation141017/MeasurementNo00036.xls
get measurement from /Users/djaffe/work/GIT/LINDSEY/TechMaturation2014/LS6500/Gamma_Pre-irradiation141017/MeasurementNo00077.xls
get measurement from /Users/djaffe/work/GIT/LINDSEY/TechMaturation2014/LS6500/Gamma_Pre-irradiation141017/MeasurementNo00118.xls
get measurement from /Users/djaffe/work/GIT/LINDSEY/TechMaturation2014/LS6500/Gamma_Pre-irradiation141017/MeasurementNo00159.xls
get measurement from /Users/djaffe/work/GIT/LINDSEY/TechMaturation2014/LS6500/Gamma_Pre-irradiation141017/MeasurementNo00200.xls
get measurement from /Users/djaffe/work/GIT/LINDSEY/TechMaturation2014/LS6500/Gamma_Pre-irradiation141017/MeasurementNo00241.xls
get measurement from /Users/djaffe/work/GIT/LINDSEY/TechMaturation2014/LS6500/Gamma_Pre-irradiation141017/MeasurementNo00282.xls
get measurement from /Users/djaffe/work/GIT/LINDSEY/TechMaturation2014/LS6500/Gamma_Pre-irradiation141017/MeasurementNo00323.xls
get measurement from /Users/djaffe/work/GIT/LINDSEY/TechMaturation2014/LS6500/Gamma_Pre-irradiation141017/MeasurementNo00364.xls
get measurement from /Users/djaffe/work/GIT/LINDSEY/TechMaturation2014/LS6500/Gamma_Pre-irradiation141017/MeasurementNo00405.xls
get measurement from /Users/djaffe/work/GIT/LINDSEY/TechMaturation2014/LS6500/Gamma_Pre-irradiation141017/MeasurementNo00446.xls
get measurement from /Users/djaffe/work/GIT/LINDSEY/TechMaturation2014/LS6500/Gamma_Pre-irradiation141017/MeasurementNo00487.xls
get measurement from /Users/djaffe/work/GIT/LINDSEY/TechMaturation2014/LS6500/Gamma_Pre-irradiation141017/MeasurementNo00528.xls
get measurement from /Users/djaffe/work/GIT/LINDSEY/TechMaturation2014/LS6500/Gamma_Pre-irradiation141017/MeasurementNo00569.xls
Tray_Position S4_Position04 Number of `no vial` to this position 3
get measurement from /Users/djaffe/work/GIT/LINDSEY/TechMaturation2014/LS6500/Gamma_Pre-irradiation141017/MeasurementNo00037.xls
get measurement from /Users/djaffe/work/GIT/LINDSEY/TechMaturation2014/LS6500/Gamma_Pre-irradiation141017/MeasurementNo00078.xls
get measurement from /Users/djaffe/work/GIT/LINDSEY/TechMaturation2014/LS6500/Gamma_Pre-irradiation141017/MeasurementNo00119.xls
get measurement from /Users/djaffe/work/GIT/LINDSEY/TechMaturation2014/LS6500/Gamma_Pre-irradiation141017/MeasurementNo00160.xls
get measurement from /Users/djaffe/work/GIT/LINDSEY/TechMaturation2014/LS6500/Gamma_Pre-irradiation141017/MeasurementNo00201.xls
get measurement from /Users/djaffe/work/GIT/LINDSEY/TechMaturation2014/LS6500/Gamma_Pre-irradiation141017/MeasurementNo00242.xls
get measurement from /Users/djaffe/work/GIT/LINDSEY/TechMaturation2014/LS6500/Gamma_Pre-irradiation141017/MeasurementNo00283.xls
get measurement from /Users/djaffe/work/GIT/LINDSEY/TechMaturation2014/LS6500/Gamma_Pre-irradiation141017/MeasurementNo00324.xls
get measurement from /Users/djaffe/work/GIT/LINDSEY/TechMaturation2014/LS6500/Gamma_Pre-irradiation141017/MeasurementNo00365.xls
get measurement from /Users/djaffe/work/GIT/LINDSEY/TechMaturation2014/LS6500/Gamma_Pre-irradiation141017/MeasurementNo00406.xls
get measurement from /Users/djaffe/work/GIT/LINDSEY/TechMaturation2014/LS6500/Gamma_Pre-irradiation141017/MeasurementNo00447.xls
get measurement from /Users/djaffe/work/GIT/LINDSEY/TechMaturation2014/LS6500/Gamma_Pre-irradiation141017/MeasurementNo00488.xls
get measurement from /Users/djaffe/work/GIT/LINDSEY/TechMaturation2014/LS6500/Gamma_Pre-irradiation141017/MeasurementNo00529.xls
get measurement from /Users/djaffe/work/GIT/LINDSEY/TechMaturation2014/LS6500/Gamma_Pre-irradiation141017/MeasurementNo00570.xls
Tray_Position S4_Position05 Number of `no vial` to this position 3
get measurement from /Users/djaffe/work/GIT/LINDSEY/TechMaturation2014/LS6500/Gamma_Pre-irradiation141017/MeasurementNo00038.xls
get measurement from /Users/djaffe/work/GIT/LINDSEY/TechMaturation2014/LS6500/Gamma_Pre-irradiation141017/MeasurementNo00079.xls
get measurement from /Users/djaffe/work/GIT/LINDSEY/TechMaturation2014/LS6500/Gamma_Pre-irradiation141017/MeasurementNo00120.xls
get measurement from /Users/djaffe/work/GIT/LINDSEY/TechMaturation2014/LS6500/Gamma_Pre-irradiation141017/MeasurementNo00161.xls
get measurement from /Users/djaffe/work/GIT/LINDSEY/TechMaturation2014/LS6500/Gamma_Pre-irradiation141017/MeasurementNo00202.xls
get measurement from /Users/djaffe/work/GIT/LINDSEY/TechMaturation2014/LS6500/Gamma_Pre-irradiation141017/MeasurementNo00243.xls
get measurement from /Users/djaffe/work/GIT/LINDSEY/TechMaturation2014/LS6500/Gamma_Pre-irradiation141017/MeasurementNo00284.xls
get measurement from /Users/djaffe/work/GIT/LINDSEY/TechMaturation2014/LS6500/Gamma_Pre-irradiation141017/MeasurementNo00325.xls
get measurement from /Users/djaffe/work/GIT/LINDSEY/TechMaturation2014/LS6500/Gamma_Pre-irradiation141017/MeasurementNo00366.xls
get measurement from /Users/djaffe/work/GIT/LINDSEY/TechMaturation2014/LS6500/Gamma_Pre-irradiation141017/MeasurementNo00407.xls
get measurement from /Users/djaffe/work/GIT/LINDSEY/TechMaturation2014/LS6500/Gamma_Pre-irradiation141017/MeasurementNo00448.xls
get measurement from /Users/djaffe/work/GIT/LINDSEY/TechMaturation2014/LS6500/Gamma_Pre-irradiation141017/MeasurementNo00489.xls
get measurement from /Users/djaffe/work/GIT/LINDSEY/TechMaturation2014/LS6500/Gamma_Pre-irradiation141017/MeasurementNo00530.xls
get measurement from /Users/djaffe/work/GIT/LINDSEY/TechMaturation2014/LS6500/Gamma_Pre-irradiation141017/MeasurementNo00571.xls
Tray_Position S4_Position06 Number of `no vial` to this position 3
get measurement from /Users/djaffe/work/GIT/LINDSEY/TechMaturation2014/LS6500/Gamma_Pre-irradiation141017/MeasurementNo00039.xls
get measurement from /Users/djaffe/work/GIT/LINDSEY/TechMaturation2014/LS6500/Gamma_Pre-irradiation141017/MeasurementNo00080.xls
get measurement from /Users/djaffe/work/GIT/LINDSEY/TechMaturation2014/LS6500/Gamma_Pre-irradiation141017/MeasurementNo00121.xls
get measurement from /Users/djaffe/work/GIT/LINDSEY/TechMaturation2014/LS6500/Gamma_Pre-irradiation141017/MeasurementNo00162.xls
get measurement from /Users/djaffe/work/GIT/LINDSEY/TechMaturation2014/LS6500/Gamma_Pre-irradiation141017/MeasurementNo00203.xls
get measurement from /Users/djaffe/work/GIT/LINDSEY/TechMaturation2014/LS6500/Gamma_Pre-irradiation141017/MeasurementNo00244.xls
get measurement from /Users/djaffe/work/GIT/LINDSEY/TechMaturation2014/LS6500/Gamma_Pre-irradiation141017/MeasurementNo00285.xls
get measurement from /Users/djaffe/work/GIT/LINDSEY/TechMaturation2014/LS6500/Gamma_Pre-irradiation141017/MeasurementNo00326.xls
get measurement from /Users/djaffe/work/GIT/LINDSEY/TechMaturation2014/LS6500/Gamma_Pre-irradiation141017/MeasurementNo00367.xls
get measurement from /Users/djaffe/work/GIT/LINDSEY/TechMaturation2014/LS6500/Gamma_Pre-irradiation141017/MeasurementNo00408.xls
get measurement from /Users/djaffe/work/GIT/LINDSEY/TechMaturation2014/LS6500/Gamma_Pre-irradiation141017/MeasurementNo00449.xls
get measurement from /Users/djaffe/work/GIT/LINDSEY/TechMaturation2014/LS6500/Gamma_Pre-irradiation141017/MeasurementNo00490.xls
get measurement from /Users/djaffe/work/GIT/LINDSEY/TechMaturation2014/LS6500/Gamma_Pre-irradiation141017/MeasurementNo00531.xls
get measurement from /Users/djaffe/work/GIT/LINDSEY/TechMaturation2014/LS6500/Gamma_Pre-irradiation141017/MeasurementNo00572.xls
Tray_Position S4_Position07 Number of `no vial` to this position 3
get measurement from /Users/djaffe/work/GIT/LINDSEY/TechMaturation2014/LS6500/Gamma_Pre-irradiation141017/MeasurementNo00040.xls
get measurement from /Users/djaffe/work/GIT/LINDSEY/TechMaturation2014/LS6500/Gamma_Pre-irradiation141017/MeasurementNo00081.xls
get measurement from /Users/djaffe/work/GIT/LINDSEY/TechMaturation2014/LS6500/Gamma_Pre-irradiation141017/MeasurementNo00122.xls
get measurement from /Users/djaffe/work/GIT/LINDSEY/TechMaturation2014/LS6500/Gamma_Pre-irradiation141017/MeasurementNo00163.xls
get measurement from /Users/djaffe/work/GIT/LINDSEY/TechMaturation2014/LS6500/Gamma_Pre-irradiation141017/MeasurementNo00204.xls
get measurement from /Users/djaffe/work/GIT/LINDSEY/TechMaturation2014/LS6500/Gamma_Pre-irradiation141017/MeasurementNo00245.xls
get measurement from /Users/djaffe/work/GIT/LINDSEY/TechMaturation2014/LS6500/Gamma_Pre-irradiation141017/MeasurementNo00286.xls
get measurement from /Users/djaffe/work/GIT/LINDSEY/TechMaturation2014/LS6500/Gamma_Pre-irradiation141017/MeasurementNo00327.xls
get measurement from /Users/djaffe/work/GIT/LINDSEY/TechMaturation2014/LS6500/Gamma_Pre-irradiation141017/MeasurementNo00368.xls
get measurement from /Users/djaffe/work/GIT/LINDSEY/TechMaturation2014/LS6500/Gamma_Pre-irradiation141017/MeasurementNo00409.xls
get measurement from /Users/djaffe/work/GIT/LINDSEY/TechMaturation2014/LS6500/Gamma_Pre-irradiation141017/MeasurementNo00450.xls
get measurement from /Users/djaffe/work/GIT/LINDSEY/TechMaturation2014/LS6500/Gamma_Pre-irradiation141017/MeasurementNo00491.xls
get measurement from /Users/djaffe/work/GIT/LINDSEY/TechMaturation2014/LS6500/Gamma_Pre-irradiation141017/MeasurementNo00532.xls
get measurement from /Users/djaffe/work/GIT/LINDSEY/TechMaturation2014/LS6500/Gamma_Pre-irradiation141017/MeasurementNo00573.xls
ls6500.putOrGet: patience...writing pickled data to Pickles/Gamma_Pre-irradiation141017.pickle
ls6500.Analyze
sample 0100_1_1
sample 0100_1_2
sample 0052_0_1
sample 0052_100_1
sample EMPTY_S2_Position02
sample 0100_400_2
sample 0100_400_1
sample 0050_400_1
sample EMPTY_S1_Position01
sample 0050_400_2
sample 0100_10_2
sample 0102_1000_1
sample 0100_100_2
sample 0100_100_1
sample 0052_100_2
sample 0050_100_1
sample 0050_100_2
sample 0102_100_1
sample 0102_100_2
sample 0102_10_1
sample 0100_1000_2
sample 0102_1_2
sample 0102_1_1
sample 0102_400_1
sample 0102_10_2
sample 0102_400_2
sample 0052_400_2
sample 0052_400_1
sample EMPTY_S3_Position03
sample 0102_1000_2
sample 0100_10_1
sample 0052_0_2
sample EMPTY_S4_Position04
sample 0100_0_1
sample 0102_0_2
sample 0102_0_1
sample 0100_0_2
sample 0050_0_2
sample 0050_0_1
sample 0100_1000_1
ls6500.Analyze: Wrote hists to Histograms/Gamma_Pre-irradiation141017.root
