initialize ls6500
dataDir /Users/djaffe/work/GIT/LINDSEY/TechMaturation2014/LS6500/Gamma_Pre-irradiation141017/ 
dataSubDir Gamma_Pre-irradiation141017/
initialize spreadsheetReader
ls6500.Main: pickMode put
ls6500.processHeader: S1_Position12 has no vial
ls6500.processHeader: S2_Position12 has no vial
ls6500.processHeader: S3_Position12 has no vial
ls6500.processHeader: S4_Position08 has no vial
ls6500.processHeader: S4_Position09 has no vial
ls6500.processHeader: S4_Position10 has no vial
ls6500.processHeader: S4_Position11 has no vial
ls6500.processHeader: S4_Position12 has no vial
ls6500.processHeader: Found 40 total samples
ls6500.matchVialMeas: remove summary file MeasurementNo00041.xls from list
ls6500.matchVialMeas: remove summary file MeasurementNo00082.xls from list
ls6500.matchVialMeas: remove summary file MeasurementNo00123.xls from list
ls6500.matchVialMeas: remove summary file MeasurementNo00164.xls from list
ls6500.matchVialMeas: remove summary file MeasurementNo00205.xls from list
ls6500.matchVialMeas: remove summary file MeasurementNo00246.xls from list
ls6500.matchVialMeas: remove summary file MeasurementNo00287.xls from list
ls6500.matchVialMeas: remove summary file MeasurementNo00328.xls from list
ls6500.matchVialMeas: remove summary file MeasurementNo00369.xls from list
ls6500.matchVialMeas: remove summary file MeasurementNo00410.xls from list
ls6500.matchVialMeas: remove summary file MeasurementNo00451.xls from list
ls6500.matchVialMeas: remove summary file MeasurementNo00492.xls from list
ls6500.matchVialMeas: remove summary file MeasurementNo00533.xls from list
ls6500.matchVialMeas: remove summary file MeasurementNo00574.xls from list
ls6500.matchVialMeas: remove summary file MeasurementNo00597.xls from list
Tray_Position S1_Position01 Number of `no vial` to this position 0
get measurement from /Users/djaffe/work/GIT/LINDSEY/TechMaturation2014/LS6500/Gamma_Pre-irradiation141017/MeasurementNo00001.xls
get measurement from /Users/djaffe/work/GIT/LINDSEY/TechMaturation2014/LS6500/Gamma_Pre-irradiation141017/MeasurementNo00042.xls
get measurement from /Users/djaffe/work/GIT/LINDSEY/TechMaturation2014/LS6500/Gamma_Pre-irradiation141017/MeasurementNo00083.xls
get measurement from /Users/djaffe/work/GIT/LINDSEY/TechMaturation2014/LS6500/Gamma_Pre-irradiation141017/MeasurementNo00124.xls
get measurement from /Users/djaffe/work/GIT/LINDSEY/TechMaturation2014/LS6500/Gamma_Pre-irradiation141017/MeasurementNo00165.xls
get measurement from /Users/djaffe/work/GIT/LINDSEY/TechMaturation2014/LS6500/Gamma_Pre-irradiation141017/MeasurementNo00206.xls
get measurement from /Users/djaffe/work/GIT/LINDSEY/TechMaturation2014/LS6500/Gamma_Pre-irradiation141017/MeasurementNo00247.xls
get measurement from /Users/djaffe/work/GIT/LINDSEY/TechMaturation2014/LS6500/Gamma_Pre-irradiation141017/MeasurementNo00288.xls
get measurement from /Users/djaffe/work/GIT/LINDSEY/TechMaturation2014/LS6500/Gamma_Pre-irradiation141017/MeasurementNo00329.xls
get measurement from /Users/djaffe/work/GIT/LINDSEY/TechMaturation2014/LS6500/Gamma_Pre-irradiation141017/MeasurementNo00370.xls
get measurement from /Users/djaffe/work/GIT/LINDSEY/TechMaturation2014/LS6500/Gamma_Pre-irradiation141017/MeasurementNo00411.xls
get measurement from /Users/djaffe/work/GIT/LINDSEY/TechMaturation2014/LS6500/Gamma_Pre-irradiation141017/MeasurementNo00452.xls
get measurement from /Users/djaffe/work/GIT/LINDSEY/TechMaturation2014/LS6500/Gamma_Pre-irradiation141017/MeasurementNo00493.xls
get measurement from /Users/djaffe/work/GIT/LINDSEY/TechMaturation2014/LS6500/Gamma_Pre-irradiation141017/MeasurementNo00534.xls
get measurement from /Users/djaffe/work/GIT/LINDSEY/TechMaturation2014/LS6500/Gamma_Pre-irradiation141017/MeasurementNo00575.xls
Tray_Position S1_Position02 Number of `no vial` to this position 0
get measurement from /Users/djaffe/work/GIT/LINDSEY/TechMaturation2014/LS6500/Gamma_Pre-irradiation141017/MeasurementNo00002.xls
get measurement from /Users/djaffe/work/GIT/LINDSEY/TechMaturation2014/LS6500/Gamma_Pre-irradiation141017/MeasurementNo00043.xls
get measurement from /Users/djaffe/work/GIT/LINDSEY/TechMaturation2014/LS6500/Gamma_Pre-irradiation141017/MeasurementNo00084.xls
get measurement from /Users/djaffe/work/GIT/LINDSEY/TechMaturation2014/LS6500/Gamma_Pre-irradiation141017/MeasurementNo00125.xls
get measurement from /Users/djaffe/work/GIT/LINDSEY/TechMaturation2014/LS6500/Gamma_Pre-irradiation141017/MeasurementNo00166.xls
get measurement from /Users/djaffe/work/GIT/LINDSEY/TechMaturation2014/LS6500/Gamma_Pre-irradiation141017/MeasurementNo00207.xls
get measurement from /Users/djaffe/work/GIT/LINDSEY/TechMaturation2014/LS6500/Gamma_Pre-irradiation141017/MeasurementNo00248.xls
get measurement from /Users/djaffe/work/GIT/LINDSEY/TechMaturation2014/LS6500/Gamma_Pre-irradiation141017/MeasurementNo00289.xls
get measurement from /Users/djaffe/work/GIT/LINDSEY/TechMaturation2014/LS6500/Gamma_Pre-irradiation141017/MeasurementNo00330.xls
get measurement from /Users/djaffe/work/GIT/LINDSEY/TechMaturation2014/LS6500/Gamma_Pre-irradiation141017/MeasurementNo00371.xls
get measurement from /Users/djaffe/work/GIT/LINDSEY/TechMaturation2014/LS6500/Gamma_Pre-irradiation141017/MeasurementNo00412.xls
get measurement from /Users/djaffe/work/GIT/LINDSEY/TechMaturation2014/LS6500/Gamma_Pre-irradiation141017/MeasurementNo00453.xls
get measurement from /Users/djaffe/work/GIT/LINDSEY/TechMaturation2014/LS6500/Gamma_Pre-irradiation141017/MeasurementNo00494.xls
get measurement from /Users/djaffe/work/GIT/LINDSEY/TechMaturation2014/LS6500/Gamma_Pre-irradiation141017/MeasurementNo00535.xls
get measurement from /Users/djaffe/work/GIT/LINDSEY/TechMaturation2014/LS6500/Gamma_Pre-irradiation141017/MeasurementNo00576.xls
Tray_Position S1_Position03 Number of `no vial` to this position 0
get measurement from /Users/djaffe/work/GIT/LINDSEY/TechMaturation2014/LS6500/Gamma_Pre-irradiation141017/MeasurementNo00003.xls
get measurement from /Users/djaffe/work/GIT/LINDSEY/TechMaturation2014/LS6500/Gamma_Pre-irradiation141017/MeasurementNo00044.xls
get measurement from /Users/djaffe/work/GIT/LINDSEY/TechMaturation2014/LS6500/Gamma_Pre-irradiation141017/MeasurementNo00085.xls
get measurement from /Users/djaffe/work/GIT/LINDSEY/TechMaturation2014/LS6500/Gamma_Pre-irradiation141017/MeasurementNo00126.xls
get measurement from /Users/djaffe/work/GIT/LINDSEY/TechMaturation2014/LS6500/Gamma_Pre-irradiation141017/MeasurementNo00167.xls
get measurement from /Users/djaffe/work/GIT/LINDSEY/TechMaturation2014/LS6500/Gamma_Pre-irradiation141017/MeasurementNo00208.xls
get measurement from /Users/djaffe/work/GIT/LINDSEY/TechMaturation2014/LS6500/Gamma_Pre-irradiation141017/MeasurementNo00249.xls
get measurement from /Users/djaffe/work/GIT/LINDSEY/TechMaturation2014/LS6500/Gamma_Pre-irradiation141017/MeasurementNo00290.xls
get measurement from /Users/djaffe/work/GIT/LINDSEY/TechMaturation2014/LS6500/Gamma_Pre-irradiation141017/MeasurementNo00331.xls
get measurement from /Users/djaffe/work/GIT/LINDSEY/TechMaturation2014/LS6500/Gamma_Pre-irradiation141017/MeasurementNo00372.xls
get measurement from /Users/djaffe/work/GIT/LINDSEY/TechMaturation2014/LS6500/Gamma_Pre-irradiation141017/MeasurementNo00413.xls
get measurement from /Users/djaffe/work/GIT/LINDSEY/TechMaturation2014/LS6500/Gamma_Pre-irradiation141017/MeasurementNo00454.xls
get measurement from /Users/djaffe/work/GIT/LINDSEY/TechMaturation2014/LS6500/Gamma_Pre-irradiation141017/MeasurementNo00495.xls
get measurement from /Users/djaffe/work/GIT/LINDSEY/TechMaturation2014/LS6500/Gamma_Pre-irradiation141017/MeasurementNo00536.xls
get measurement from /Users/djaffe/work/GIT/LINDSEY/TechMaturation2014/LS6500/Gamma_Pre-irradiation141017/MeasurementNo00577.xls
Tray_Position S1_Position04 Number of `no vial` to this position 0
get measurement from /Users/djaffe/work/GIT/LINDSEY/TechMaturation2014/LS6500/Gamma_Pre-irradiation141017/MeasurementNo00004.xls
get measurement from /Users/djaffe/work/GIT/LINDSEY/TechMaturation2014/LS6500/Gamma_Pre-irradiation141017/MeasurementNo00045.xls
get measurement from /Users/djaffe/work/GIT/LINDSEY/TechMaturation2014/LS6500/Gamma_Pre-irradiation141017/MeasurementNo00086.xls
get measurement from /Users/djaffe/work/GIT/LINDSEY/TechMaturation2014/LS6500/Gamma_Pre-irradiation141017/MeasurementNo00127.xls
get measurement from /Users/djaffe/work/GIT/LINDSEY/TechMaturation2014/LS6500/Gamma_Pre-irradiation141017/MeasurementNo00168.xls
get measurement from /Users/djaffe/work/GIT/LINDSEY/TechMaturation2014/LS6500/Gamma_Pre-irradiation141017/MeasurementNo00209.xls
get measurement from /Users/djaffe/work/GIT/LINDSEY/TechMaturation2014/LS6500/Gamma_Pre-irradiation141017/MeasurementNo00250.xls
get measurement from /Users/djaffe/work/GIT/LINDSEY/TechMaturation2014/LS6500/Gamma_Pre-irradiation141017/MeasurementNo00291.xls
get measurement from /Users/djaffe/work/GIT/LINDSEY/TechMaturation2014/LS6500/Gamma_Pre-irradiation141017/MeasurementNo00332.xls
get measurement from /Users/djaffe/work/GIT/LINDSEY/TechMaturation2014/LS6500/Gamma_Pre-irradiation141017/MeasurementNo00373.xls
get measurement from /Users/djaffe/work/GIT/LINDSEY/TechMaturation2014/LS6500/Gamma_Pre-irradiation141017/MeasurementNo00414.xls
get measurement from /Users/djaffe/work/GIT/LINDSEY/TechMaturation2014/LS6500/Gamma_Pre-irradiation141017/MeasurementNo00455.xls
get measurement from /Users/djaffe/work/GIT/LINDSEY/TechMaturation2014/LS6500/Gamma_Pre-irradiation141017/MeasurementNo00496.xls
get measurement from /Users/djaffe/work/GIT/LINDSEY/TechMaturation2014/LS6500/Gamma_Pre-irradiation141017/MeasurementNo00537.xls
get measurement from /Users/djaffe/work/GIT/LINDSEY/TechMaturation2014/LS6500/Gamma_Pre-irradiation141017/MeasurementNo00578.xls
Tray_Position S1_Position05 Number of `no vial` to this position 0
get measurement from /Users/djaffe/work/GIT/LINDSEY/TechMaturation2014/LS6500/Gamma_Pre-irradiation141017/MeasurementNo00005.xls
get measurement from /Users/djaffe/work/GIT/LINDSEY/TechMaturation2014/LS6500/Gamma_Pre-irradiation141017/MeasurementNo00046.xls
get measurement from /Users/djaffe/work/GIT/LINDSEY/TechMaturation2014/LS6500/Gamma_Pre-irradiation141017/MeasurementNo00087.xls
get measurement from /Users/djaffe/work/GIT/LINDSEY/TechMaturation2014/LS6500/Gamma_Pre-irradiation141017/MeasurementNo00128.xls
get measurement from /Users/djaffe/work/GIT/LINDSEY/TechMaturation2014/LS6500/Gamma_Pre-irradiation141017/MeasurementNo00169.xls
get measurement from /Users/djaffe/work/GIT/LINDSEY/TechMaturation2014/LS6500/Gamma_Pre-irradiation141017/MeasurementNo00210.xls
get measurement from /Users/djaffe/work/GIT/LINDSEY/TechMaturation2014/LS6500/Gamma_Pre-irradiation141017/MeasurementNo00251.xls
get measurement from /Users/djaffe/work/GIT/LINDSEY/TechMaturation2014/LS6500/Gamma_Pre-irradiation141017/MeasurementNo00292.xls
get measurement from /Users/djaffe/work/GIT/LINDSEY/TechMaturation2014/LS6500/Gamma_Pre-irradiation141017/MeasurementNo00333.xls
get measurement from /Users/djaffe/work/GIT/LINDSEY/TechMaturation2014/LS6500/Gamma_Pre-irradiation141017/MeasurementNo00374.xls
get measurement from /Users/djaffe/work/GIT/LINDSEY/TechMaturation2014/LS6500/Gamma_Pre-irradiation141017/MeasurementNo00415.xls
get measurement from /Users/djaffe/work/GIT/LINDSEY/TechMaturation2014/LS6500/Gamma_Pre-irradiation141017/MeasurementNo00456.xls
get measurement from /Users/djaffe/work/GIT/LINDSEY/TechMaturation2014/LS6500/Gamma_Pre-irradiation141017/MeasurementNo00497.xls
get measurement from /Users/djaffe/work/GIT/LINDSEY/TechMaturation2014/LS6500/Gamma_Pre-irradiation141017/MeasurementNo00538.xls
get measurement from /Users/djaffe/work/GIT/LINDSEY/TechMaturation2014/LS6500/Gamma_Pre-irradiation141017/MeasurementNo00579.xls
Tray_Position S1_Position06 Number of `no vial` to this position 0
get measurement from /Users/djaffe/work/GIT/LINDSEY/TechMaturation2014/LS6500/Gamma_Pre-irradiation141017/MeasurementNo00006.xls
get measurement from /Users/djaffe/work/GIT/LINDSEY/TechMaturation2014/LS6500/Gamma_Pre-irradiation141017/MeasurementNo00047.xls
get measurement from /Users/djaffe/work/GIT/LINDSEY/TechMaturation2014/LS6500/Gamma_Pre-irradiation141017/MeasurementNo00088.xls
get measurement from /Users/djaffe/work/GIT/LINDSEY/TechMaturation2014/LS6500/Gamma_Pre-irradiation141017/MeasurementNo00129.xls
get measurement from /Users/djaffe/work/GIT/LINDSEY/TechMaturation2014/LS6500/Gamma_Pre-irradiation141017/MeasurementNo00170.xls
get measurement from /Users/djaffe/work/GIT/LINDSEY/TechMaturation2014/LS6500/Gamma_Pre-irradiation141017/MeasurementNo00211.xls
get measurement from /Users/djaffe/work/GIT/LINDSEY/TechMaturation2014/LS6500/Gamma_Pre-irradiation141017/MeasurementNo00252.xls
get measurement from /Users/djaffe/work/GIT/LINDSEY/TechMaturation2014/LS6500/Gamma_Pre-irradiation141017/MeasurementNo00293.xls
get measurement from /Users/djaffe/work/GIT/LINDSEY/TechMaturation2014/LS6500/Gamma_Pre-irradiation141017/MeasurementNo00334.xls
get measurement from /Users/djaffe/work/GIT/LINDSEY/TechMaturation2014/LS6500/Gamma_Pre-irradiation141017/MeasurementNo00375.xls
get measurement from /Users/djaffe/work/GIT/LINDSEY/TechMaturation2014/LS6500/Gamma_Pre-irradiation141017/MeasurementNo00416.xls
get measurement from /Users/djaffe/work/GIT/LINDSEY/TechMaturation2014/LS6500/Gamma_Pre-irradiation141017/MeasurementNo00457.xls
get measurement from /Users/djaffe/work/GIT/LINDSEY/TechMaturation2014/LS6500/Gamma_Pre-irradiation141017/MeasurementNo00498.xls
get measurement from /Users/djaffe/work/GIT/LINDSEY/TechMaturation2014/LS6500/Gamma_Pre-irradiation141017/MeasurementNo00539.xls
get measurement from /Users/djaffe/work/GIT/LINDSEY/TechMaturation2014/LS6500/Gamma_Pre-irradiation141017/MeasurementNo00580.xls
Tray_Position S1_Position07 Number of `no vial` to this position 0
get measurement from /Users/djaffe/work/GIT/LINDSEY/TechMaturation2014/LS6500/Gamma_Pre-irradiation141017/MeasurementNo00007.xls
get measurement from /Users/djaffe/work/GIT/LINDSEY/TechMaturation2014/LS6500/Gamma_Pre-irradiation141017/MeasurementNo00048.xls
get measurement from /Users/djaffe/work/GIT/LINDSEY/TechMaturation2014/LS6500/Gamma_Pre-irradiation141017/MeasurementNo00089.xls
get measurement from /Users/djaffe/work/GIT/LINDSEY/TechMaturation2014/LS6500/Gamma_Pre-irradiation141017/MeasurementNo00130.xls
get measurement from /Users/djaffe/work/GIT/LINDSEY/TechMaturation2014/LS6500/Gamma_Pre-irradiation141017/MeasurementNo00171.xls
get measurement from /Users/djaffe/work/GIT/LINDSEY/TechMaturation2014/LS6500/Gamma_Pre-irradiation141017/MeasurementNo00212.xls
get measurement from /Users/djaffe/work/GIT/LINDSEY/TechMaturation2014/LS6500/Gamma_Pre-irradiation141017/MeasurementNo00253.xls
get measurement from /Users/djaffe/work/GIT/LINDSEY/TechMaturation2014/LS6500/Gamma_Pre-irradiation141017/MeasurementNo00294.xls
get measurement from /Users/djaffe/work/GIT/LINDSEY/TechMaturation2014/LS6500/Gamma_Pre-irradiation141017/MeasurementNo00335.xls
get measurement from /Users/djaffe/work/GIT/LINDSEY/TechMaturation2014/LS6500/Gamma_Pre-irradiation141017/MeasurementNo00376.xls
get measurement from /Users/djaffe/work/GIT/LINDSEY/TechMaturation2014/LS6500/Gamma_Pre-irradiation141017/MeasurementNo00417.xls
get measurement from /Users/djaffe/work/GIT/LINDSEY/TechMaturation2014/LS6500/Gamma_Pre-irradiation141017/MeasurementNo00458.xls
get measurement from /Users/djaffe/work/GIT/LINDSEY/TechMaturation2014/LS6500/Gamma_Pre-irradiation141017/MeasurementNo00499.xls
get measurement from /Users/djaffe/work/GIT/LINDSEY/TechMaturation2014/LS6500/Gamma_Pre-irradiation141017/MeasurementNo00540.xls
get measurement from /Users/djaffe/work/GIT/LINDSEY/TechMaturation2014/LS6500/Gamma_Pre-irradiation141017/MeasurementNo00581.xls
Tray_Position S1_Position08 Number of `no vial` to this position 0
get measurement from /Users/djaffe/work/GIT/LINDSEY/TechMaturation2014/LS6500/Gamma_Pre-irradiation141017/MeasurementNo00008.xls
get measurement from /Users/djaffe/work/GIT/LINDSEY/TechMaturation2014/LS6500/Gamma_Pre-irradiation141017/MeasurementNo00049.xls
get measurement from /Users/djaffe/work/GIT/LINDSEY/TechMaturation2014/LS6500/Gamma_Pre-irradiation141017/MeasurementNo00090.xls
get measurement from /Users/djaffe/work/GIT/LINDSEY/TechMaturation2014/LS6500/Gamma_Pre-irradiation141017/MeasurementNo00131.xls
get measurement from /Users/djaffe/work/GIT/LINDSEY/TechMaturation2014/LS6500/Gamma_Pre-irradiation141017/MeasurementNo00172.xls
get measurement from /Users/djaffe/work/GIT/LINDSEY/TechMaturation2014/LS6500/Gamma_Pre-irradiation141017/MeasurementNo00213.xls
get measurement from /Users/djaffe/work/GIT/LINDSEY/TechMaturation2014/LS6500/Gamma_Pre-irradiation141017/MeasurementNo00254.xls
get measurement from /Users/djaffe/work/GIT/LINDSEY/TechMaturation2014/LS6500/Gamma_Pre-irradiation141017/MeasurementNo00295.xls
get measurement from /Users/djaffe/work/GIT/LINDSEY/TechMaturation2014/LS6500/Gamma_Pre-irradiation141017/MeasurementNo00336.xls
get measurement from /Users/djaffe/work/GIT/LINDSEY/TechMaturation2014/LS6500/Gamma_Pre-irradiation141017/MeasurementNo00377.xls
get measurement from /Users/djaffe/work/GIT/LINDSEY/TechMaturation2014/LS6500/Gamma_Pre-irradiation141017/MeasurementNo00418.xls
get measurement from /Users/djaffe/work/GIT/LINDSEY/TechMaturation2014/LS6500/Gamma_Pre-irradiation141017/MeasurementNo00459.xls
get measurement from /Users/djaffe/work/GIT/LINDSEY/TechMaturation2014/LS6500/Gamma_Pre-irradiation141017/MeasurementNo00500.xls
get measurement from /Users/djaffe/work/GIT/LINDSEY/TechMaturation2014/LS6500/Gamma_Pre-irradiation141017/MeasurementNo00541.xls
get measurement from /Users/djaffe/work/GIT/LINDSEY/TechMaturation2014/LS6500/Gamma_Pre-irradiation141017/MeasurementNo00582.xls
Tray_Position S1_Position09 Number of `no vial` to this position 0
get measurement from /Users/djaffe/work/GIT/LINDSEY/TechMaturation2014/LS6500/Gamma_Pre-irradiation141017/MeasurementNo00009.xls
get measurement from /Users/djaffe/work/GIT/LINDSEY/TechMaturation2014/LS6500/Gamma_Pre-irradiation141017/MeasurementNo00050.xls
get measurement from /Users/djaffe/work/GIT/LINDSEY/TechMaturation2014/LS6500/Gamma_Pre-irradiation141017/MeasurementNo00091.xls
get measurement from /Users/djaffe/work/GIT/LINDSEY/TechMaturation2014/LS6500/Gamma_Pre-irradiation141017/MeasurementNo00132.xls
get measurement from /Users/djaffe/work/GIT/LINDSEY/TechMaturation2014/LS6500/Gamma_Pre-irradiation141017/MeasurementNo00173.xls
get measurement from /Users/djaffe/work/GIT/LINDSEY/TechMaturation2014/LS6500/Gamma_Pre-irradiation141017/MeasurementNo00214.xls
get measurement from /Users/djaffe/work/GIT/LINDSEY/TechMaturation2014/LS6500/Gamma_Pre-irradiation141017/MeasurementNo00255.xls
get measurement from /Users/djaffe/work/GIT/LINDSEY/TechMaturation2014/LS6500/Gamma_Pre-irradiation141017/MeasurementNo00296.xls
get measurement from /Users/djaffe/work/GIT/LINDSEY/TechMaturation2014/LS6500/Gamma_Pre-irradiation141017/MeasurementNo00337.xls
get measurement from /Users/djaffe/work/GIT/LINDSEY/TechMaturation2014/LS6500/Gamma_Pre-irradiation141017/MeasurementNo00378.xls
get measurement from /Users/djaffe/work/GIT/LINDSEY/TechMaturation2014/LS6500/Gamma_Pre-irradiation141017/MeasurementNo00419.xls
get measurement from /Users/djaffe/work/GIT/LINDSEY/TechMaturation2014/LS6500/Gamma_Pre-irradiation141017/MeasurementNo00460.xls
get measurement from /Users/djaffe/work/GIT/LINDSEY/TechMaturation2014/LS6500/Gamma_Pre-irradiation141017/MeasurementNo00501.xls
get measurement from /Users/djaffe/work/GIT/LINDSEY/TechMaturation2014/LS6500/Gamma_Pre-irradiation141017/MeasurementNo00542.xls
get measurement from /Users/djaffe/work/GIT/LINDSEY/TechMaturation2014/LS6500/Gamma_Pre-irradiation141017/MeasurementNo00583.xls
Tray_Position S1_Position10 Number of `no vial` to this position 0
get measurement from /Users/djaffe/work/GIT/LINDSEY/TechMaturation2014/LS6500/Gamma_Pre-irradiation141017/MeasurementNo00010.xls
get measurement from /Users/djaffe/work/GIT/LINDSEY/TechMaturation2014/LS6500/Gamma_Pre-irradiation141017/MeasurementNo00051.xls
get measurement from /Users/djaffe/work/GIT/LINDSEY/TechMaturation2014/LS6500/Gamma_Pre-irradiation141017/MeasurementNo00092.xls
get measurement from /Users/djaffe/work/GIT/LINDSEY/TechMaturation2014/LS6500/Gamma_Pre-irradiation141017/MeasurementNo00133.xls
get measurement from /Users/djaffe/work/GIT/LINDSEY/TechMaturation2014/LS6500/Gamma_Pre-irradiation141017/MeasurementNo00174.xls
get measurement from /Users/djaffe/work/GIT/LINDSEY/TechMaturation2014/LS6500/Gamma_Pre-irradiation141017/MeasurementNo00215.xls
get measurement from /Users/djaffe/work/GIT/LINDSEY/TechMaturation2014/LS6500/Gamma_Pre-irradiation141017/MeasurementNo00256.xls
get measurement from /Users/djaffe/work/GIT/LINDSEY/TechMaturation2014/LS6500/Gamma_Pre-irradiation141017/MeasurementNo00297.xls
get measurement from /Users/djaffe/work/GIT/LINDSEY/TechMaturation2014/LS6500/Gamma_Pre-irradiation141017/MeasurementNo00338.xls
get measurement from /Users/djaffe/work/GIT/LINDSEY/TechMaturation2014/LS6500/Gamma_Pre-irradiation141017/MeasurementNo00379.xls
get measurement from /Users/djaffe/work/GIT/LINDSEY/TechMaturation2014/LS6500/Gamma_Pre-irradiation141017/MeasurementNo00420.xls
get measurement from /Users/djaffe/work/GIT/LINDSEY/TechMaturation2014/LS6500/Gamma_Pre-irradiation141017/MeasurementNo00461.xls
get measurement from /Users/djaffe/work/GIT/LINDSEY/TechMaturation2014/LS6500/Gamma_Pre-irradiation141017/MeasurementNo00502.xls
get measurement from /Users/djaffe/work/GIT/LINDSEY/TechMaturation2014/LS6500/Gamma_Pre-irradiation141017/MeasurementNo00543.xls
get measurement from /Users/djaffe/work/GIT/LINDSEY/TechMaturation2014/LS6500/Gamma_Pre-irradiation141017/MeasurementNo00584.xls
Tray_Position S1_Position11 Number of `no vial` to this position 0
get measurement from /Users/djaffe/work/GIT/LINDSEY/TechMaturation2014/LS6500/Gamma_Pre-irradiation141017/MeasurementNo00011.xls
get measurement from /Users/djaffe/work/GIT/LINDSEY/TechMaturation2014/LS6500/Gamma_Pre-irradiation141017/MeasurementNo00052.xls
get measurement from /Users/djaffe/work/GIT/LINDSEY/TechMaturation2014/LS6500/Gamma_Pre-irradiation141017/MeasurementNo00093.xls
get measurement from /Users/djaffe/work/GIT/LINDSEY/TechMaturation2014/LS6500/Gamma_Pre-irradiation141017/MeasurementNo00134.xls
get measurement from /Users/djaffe/work/GIT/LINDSEY/TechMaturation2014/LS6500/Gamma_Pre-irradiation141017/MeasurementNo00175.xls
get measurement from /Users/djaffe/work/GIT/LINDSEY/TechMaturation2014/LS6500/Gamma_Pre-irradiation141017/MeasurementNo00216.xls
get measurement from /Users/djaffe/work/GIT/LINDSEY/TechMaturation2014/LS6500/Gamma_Pre-irradiation141017/MeasurementNo00257.xls
get measurement from /Users/djaffe/work/GIT/LINDSEY/TechMaturation2014/LS6500/Gamma_Pre-irradiation141017/MeasurementNo00298.xls
get measurement from /Users/djaffe/work/GIT/LINDSEY/TechMaturation2014/LS6500/Gamma_Pre-irradiation141017/MeasurementNo00339.xls
get measurement from /Users/djaffe/work/GIT/LINDSEY/TechMaturation2014/LS6500/Gamma_Pre-irradiation141017/MeasurementNo00380.xls
get measurement from /Users/djaffe/work/GIT/LINDSEY/TechMaturation2014/LS6500/Gamma_Pre-irradiation141017/MeasurementNo00421.xls
get measurement from /Users/djaffe/work/GIT/LINDSEY/TechMaturation2014/LS6500/Gamma_Pre-irradiation141017/MeasurementNo00462.xls
get measurement from /Users/djaffe/work/GIT/LINDSEY/TechMaturation2014/LS6500/Gamma_Pre-irradiation141017/MeasurementNo00503.xls
get measurement from /Users/djaffe/work/GIT/LINDSEY/TechMaturation2014/LS6500/Gamma_Pre-irradiation141017/MeasurementNo00544.xls
get measurement from /Users/djaffe/work/GIT/LINDSEY/TechMaturation2014/LS6500/Gamma_Pre-irradiation141017/MeasurementNo00585.xls
Tray_Position S2_Position01 Number of `no vial` to this position 1
get measurement from /Users/djaffe/work/GIT/LINDSEY/TechMaturation2014/LS6500/Gamma_Pre-irradiation141017/MeasurementNo00012.xls
get measurement from /Users/djaffe/work/GIT/LINDSEY/TechMaturation2014/LS6500/Gamma_Pre-irradiation141017/MeasurementNo00053.xls
get measurement from /Users/djaffe/work/GIT/LINDSEY/TechMaturation2014/LS6500/Gamma_Pre-irradiation141017/MeasurementNo00094.xls
get measurement from /Users/djaffe/work/GIT/LINDSEY/TechMaturation2014/LS6500/Gamma_Pre-irradiation141017/MeasurementNo00135.xls
get measurement from /Users/djaffe/work/GIT/LINDSEY/TechMaturation2014/LS6500/Gamma_Pre-irradiation141017/MeasurementNo00176.xls
get measurement from /Users/djaffe/work/GIT/LINDSEY/TechMaturation2014/LS6500/Gamma_Pre-irradiation141017/MeasurementNo00217.xls
get measurement from /Users/djaffe/work/GIT/LINDSEY/TechMaturation2014/LS6500/Gamma_Pre-irradiation141017/MeasurementNo00258.xls
get measurement from /Users/djaffe/work/GIT/LINDSEY/TechMaturation2014/LS6500/Gamma_Pre-irradiation141017/MeasurementNo00299.xls
get measurement from /Users/djaffe/work/GIT/LINDSEY/TechMaturation2014/LS6500/Gamma_Pre-irradiation141017/MeasurementNo00340.xls
get measurement from /Users/djaffe/work/GIT/LINDSEY/TechMaturation2014/LS6500/Gamma_Pre-irradiation141017/MeasurementNo00381.xls
get measurement from /Users/djaffe/work/GIT/LINDSEY/TechMaturation2014/LS6500/Gamma_Pre-irradiation141017/MeasurementNo00422.xls
get measurement from /Users/djaffe/work/GIT/LINDSEY/TechMaturation2014/LS6500/Gamma_Pre-irradiation141017/MeasurementNo00463.xls
get measurement from /Users/djaffe/work/GIT/LINDSEY/TechMaturation2014/LS6500/Gamma_Pre-irradiation141017/MeasurementNo00504.xls
get measurement from /Users/djaffe/work/GIT/LINDSEY/TechMaturation2014/LS6500/Gamma_Pre-irradiation141017/MeasurementNo00545.xls
get measurement from /Users/djaffe/work/GIT/LINDSEY/TechMaturation2014/LS6500/Gamma_Pre-irradiation141017/MeasurementNo00586.xls
Tray_Position S2_Position02 Number of `no vial` to this position 1
get measurement from /Users/djaffe/work/GIT/LINDSEY/TechMaturation2014/LS6500/Gamma_Pre-irradiation141017/MeasurementNo00013.xls
get measurement from /Users/djaffe/work/GIT/LINDSEY/TechMaturation2014/LS6500/Gamma_Pre-irradiation141017/MeasurementNo00054.xls
get measurement from /Users/djaffe/work/GIT/LINDSEY/TechMaturation2014/LS6500/Gamma_Pre-irradiation141017/MeasurementNo00095.xls
get measurement from /Users/djaffe/work/GIT/LINDSEY/TechMaturation2014/LS6500/Gamma_Pre-irradiation141017/MeasurementNo00136.xls
get measurement from /Users/djaffe/work/GIT/LINDSEY/TechMaturation2014/LS6500/Gamma_Pre-irradiation141017/MeasurementNo00177.xls
get measurement from /Users/djaffe/work/GIT/LINDSEY/TechMaturation2014/LS6500/Gamma_Pre-irradiation141017/MeasurementNo00218.xls
get measurement from /Users/djaffe/work/GIT/LINDSEY/TechMaturation2014/LS6500/Gamma_Pre-irradiation141017/MeasurementNo00259.xls
get measurement from /Users/djaffe/work/GIT/LINDSEY/TechMaturation2014/LS6500/Gamma_Pre-irradiation141017/MeasurementNo00300.xls
get measurement from /Users/djaffe/work/GIT/LINDSEY/TechMaturation2014/LS6500/Gamma_Pre-irradiation141017/MeasurementNo00341.xls
get measurement from /Users/djaffe/work/GIT/LINDSEY/TechMaturation2014/LS6500/Gamma_Pre-irradiation141017/MeasurementNo00382.xls
get measurement from /Users/djaffe/work/GIT/LINDSEY/TechMaturation2014/LS6500/Gamma_Pre-irradiation141017/MeasurementNo00423.xls
get measurement from /Users/djaffe/work/GIT/LINDSEY/TechMaturation2014/LS6500/Gamma_Pre-irradiation141017/MeasurementNo00464.xls
get measurement from /Users/djaffe/work/GIT/LINDSEY/TechMaturation2014/LS6500/Gamma_Pre-irradiation141017/MeasurementNo00505.xls
get measurement from /Users/djaffe/work/GIT/LINDSEY/TechMaturation2014/LS6500/Gamma_Pre-irradiation141017/MeasurementNo00546.xls
get measurement from /Users/djaffe/work/GIT/LINDSEY/TechMaturation2014/LS6500/Gamma_Pre-irradiation141017/MeasurementNo00587.xls
Tray_Position S2_Position03 Number of `no vial` to this position 1
get measurement from /Users/djaffe/work/GIT/LINDSEY/TechMaturation2014/LS6500/Gamma_Pre-irradiation141017/MeasurementNo00014.xls
get measurement from /Users/djaffe/work/GIT/LINDSEY/TechMaturation2014/LS6500/Gamma_Pre-irradiation141017/MeasurementNo00055.xls
get measurement from /Users/djaffe/work/GIT/LINDSEY/TechMaturation2014/LS6500/Gamma_Pre-irradiation141017/MeasurementNo00096.xls
get measurement from /Users/djaffe/work/GIT/LINDSEY/TechMaturation2014/LS6500/Gamma_Pre-irradiation141017/MeasurementNo00137.xls
get measurement from /Users/djaffe/work/GIT/LINDSEY/TechMaturation2014/LS6500/Gamma_Pre-irradiation141017/MeasurementNo00178.xls
get measurement from /Users/djaffe/work/GIT/LINDSEY/TechMaturation2014/LS6500/Gamma_Pre-irradiation141017/MeasurementNo00219.xls
get measurement from /Users/djaffe/work/GIT/LINDSEY/TechMaturation2014/LS6500/Gamma_Pre-irradiation141017/MeasurementNo00260.xls
get measurement from /Users/djaffe/work/GIT/LINDSEY/TechMaturation2014/LS6500/Gamma_Pre-irradiation141017/MeasurementNo00301.xls
get measurement from /Users/djaffe/work/GIT/LINDSEY/TechMaturation2014/LS6500/Gamma_Pre-irradiation141017/MeasurementNo00342.xls
get measurement from /Users/djaffe/work/GIT/LINDSEY/TechMaturation2014/LS6500/Gamma_Pre-irradiation141017/MeasurementNo00383.xls
get measurement from /Users/djaffe/work/GIT/LINDSEY/TechMaturation2014/LS6500/Gamma_Pre-irradiation141017/MeasurementNo00424.xls
get measurement from /Users/djaffe/work/GIT/LINDSEY/TechMaturation2014/LS6500/Gamma_Pre-irradiation141017/MeasurementNo00465.xls
get measurement from /Users/djaffe/work/GIT/LINDSEY/TechMaturation2014/LS6500/Gamma_Pre-irradiation141017/MeasurementNo00506.xls
get measurement from /Users/djaffe/work/GIT/LINDSEY/TechMaturation2014/LS6500/Gamma_Pre-irradiation141017/MeasurementNo00547.xls
get measurement from /Users/djaffe/work/GIT/LINDSEY/TechMaturation2014/LS6500/Gamma_Pre-irradiation141017/MeasurementNo00588.xls
Tray_Position S2_Position04 Number of `no vial` to this position 1
get measurement from /Users/djaffe/work/GIT/LINDSEY/TechMaturation2014/LS6500/Gamma_Pre-irradiation141017/MeasurementNo00015.xls
get measurement from /Users/djaffe/work/GIT/LINDSEY/TechMaturation2014/LS6500/Gamma_Pre-irradiation141017/MeasurementNo00056.xls
get measurement from /Users/djaffe/work/GIT/LINDSEY/TechMaturation2014/LS6500/Gamma_Pre-irradiation141017/MeasurementNo00097.xls
get measurement from /Users/djaffe/work/GIT/LINDSEY/TechMaturation2014/LS6500/Gamma_Pre-irradiation141017/MeasurementNo00138.xls
get measurement from /Users/djaffe/work/GIT/LINDSEY/TechMaturation2014/LS6500/Gamma_Pre-irradiation141017/MeasurementNo00179.xls
get measurement from /Users/djaffe/work/GIT/LINDSEY/TechMaturation2014/LS6500/Gamma_Pre-irradiation141017/MeasurementNo00220.xls
get measurement from /Users/djaffe/work/GIT/LINDSEY/TechMaturation2014/LS6500/Gamma_Pre-irradiation141017/MeasurementNo00261.xls
get measurement from /Users/djaffe/work/GIT/LINDSEY/TechMaturation2014/LS6500/Gamma_Pre-irradiation141017/MeasurementNo00302.xls
get measurement from /Users/djaffe/work/GIT/LINDSEY/TechMaturation2014/LS6500/Gamma_Pre-irradiation141017/MeasurementNo00343.xls
get measurement from /Users/djaffe/work/GIT/LINDSEY/TechMaturation2014/LS6500/Gamma_Pre-irradiation141017/MeasurementNo00384.xls
get measurement from /Users/djaffe/work/GIT/LINDSEY/TechMaturation2014/LS6500/Gamma_Pre-irradiation141017/MeasurementNo00425.xls
get measurement from /Users/djaffe/work/GIT/LINDSEY/TechMaturation2014/LS6500/Gamma_Pre-irradiation141017/MeasurementNo00466.xls
get measurement from /Users/djaffe/work/GIT/LINDSEY/TechMaturation2014/LS6500/Gamma_Pre-irradiation141017/MeasurementNo00507.xls
get measurement from /Users/djaffe/work/GIT/LINDSEY/TechMaturation2014/LS6500/Gamma_Pre-irradiation141017/MeasurementNo00548.xls
get measurement from /Users/djaffe/work/GIT/LINDSEY/TechMaturation2014/LS6500/Gamma_Pre-irradiation141017/MeasurementNo00589.xls
Tray_Position S2_Position05 Number of `no vial` to this position 1
get measurement from /Users/djaffe/work/GIT/LINDSEY/TechMaturation2014/LS6500/Gamma_Pre-irradiation141017/MeasurementNo00016.xls
get measurement from /Users/djaffe/work/GIT/LINDSEY/TechMaturation2014/LS6500/Gamma_Pre-irradiation141017/MeasurementNo00057.xls
get measurement from /Users/djaffe/work/GIT/LINDSEY/TechMaturation2014/LS6500/Gamma_Pre-irradiation141017/MeasurementNo00098.xls
get measurement from /Users/djaffe/work/GIT/LINDSEY/TechMaturation2014/LS6500/Gamma_Pre-irradiation141017/MeasurementNo00139.xls
get measurement from /Users/djaffe/work/GIT/LINDSEY/TechMaturation2014/LS6500/Gamma_Pre-irradiation141017/MeasurementNo00180.xls
get measurement from /Users/djaffe/work/GIT/LINDSEY/TechMaturation2014/LS6500/Gamma_Pre-irradiation141017/MeasurementNo00221.xls
get measurement from /Users/djaffe/work/GIT/LINDSEY/TechMaturation2014/LS6500/Gamma_Pre-irradiation141017/MeasurementNo00262.xls
get measurement from /Users/djaffe/work/GIT/LINDSEY/TechMaturation2014/LS6500/Gamma_Pre-irradiation141017/MeasurementNo00303.xls
get measurement from /Users/djaffe/work/GIT/LINDSEY/TechMaturation2014/LS6500/Gamma_Pre-irradiation141017/MeasurementNo00344.xls
get measurement from /Users/djaffe/work/GIT/LINDSEY/TechMaturation2014/LS6500/Gamma_Pre-irradiation141017/MeasurementNo00385.xls
get measurement from /Users/djaffe/work/GIT/LINDSEY/TechMaturation2014/LS6500/Gamma_Pre-irradiation141017/MeasurementNo00426.xls
get measurement from /Users/djaffe/work/GIT/LINDSEY/TechMaturation2014/LS6500/Gamma_Pre-irradiation141017/MeasurementNo00467.xls
get measurement from /Users/djaffe/work/GIT/LINDSEY/TechMaturation2014/LS6500/Gamma_Pre-irradiation141017/MeasurementNo00508.xls
get measurement from /Users/djaffe/work/GIT/LINDSEY/TechMaturation2014/LS6500/Gamma_Pre-irradiation141017/MeasurementNo00549.xls
get measurement from /Users/djaffe/work/GIT/LINDSEY/TechMaturation2014/LS6500/Gamma_Pre-irradiation141017/MeasurementNo00590.xls
Tray_Position S2_Position06 Number of `no vial` to this position 1
get measurement from /Users/djaffe/work/GIT/LINDSEY/TechMaturation2014/LS6500/Gamma_Pre-irradiation141017/MeasurementNo00017.xls
get measurement from /Users/djaffe/work/GIT/LINDSEY/TechMaturation2014/LS6500/Gamma_Pre-irradiation141017/MeasurementNo00058.xls
get measurement from /Users/djaffe/work/GIT/LINDSEY/TechMaturation2014/LS6500/Gamma_Pre-irradiation141017/MeasurementNo00099.xls
get measurement from /Users/djaffe/work/GIT/LINDSEY/TechMaturation2014/LS6500/Gamma_Pre-irradiation141017/MeasurementNo00140.xls
get measurement from /Users/djaffe/work/GIT/LINDSEY/TechMaturation2014/LS6500/Gamma_Pre-irradiation141017/MeasurementNo00181.xls
get measurement from /Users/djaffe/work/GIT/LINDSEY/TechMaturation2014/LS6500/Gamma_Pre-irradiation141017/MeasurementNo00222.xls
get measurement from /Users/djaffe/work/GIT/LINDSEY/TechMaturation2014/LS6500/Gamma_Pre-irradiation141017/MeasurementNo00263.xls
get measurement from /Users/djaffe/work/GIT/LINDSEY/TechMaturation2014/LS6500/Gamma_Pre-irradiation141017/MeasurementNo00304.xls
get measurement from /Users/djaffe/work/GIT/LINDSEY/TechMaturation2014/LS6500/Gamma_Pre-irradiation141017/MeasurementNo00345.xls
get measurement from /Users/djaffe/work/GIT/LINDSEY/TechMaturation2014/LS6500/Gamma_Pre-irradiation141017/MeasurementNo00386.xls
get measurement from /Users/djaffe/work/GIT/LINDSEY/TechMaturation2014/LS6500/Gamma_Pre-irradiation141017/MeasurementNo00427.xls
get measurement from /Users/djaffe/work/GIT/LINDSEY/TechMaturation2014/LS6500/Gamma_Pre-irradiation141017/MeasurementNo00468.xls
get measurement from /Users/djaffe/work/GIT/LINDSEY/TechMaturation2014/LS6500/Gamma_Pre-irradiation141017/MeasurementNo00509.xls
get measurement from /Users/djaffe/work/GIT/LINDSEY/TechMaturation2014/LS6500/Gamma_Pre-irradiation141017/MeasurementNo00550.xls
get measurement from /Users/djaffe/work/GIT/LINDSEY/TechMaturation2014/LS6500/Gamma_Pre-irradiation141017/MeasurementNo00591.xls
Tray_Position S2_Position07 Number of `no vial` to this position 1
get measurement from /Users/djaffe/work/GIT/LINDSEY/TechMaturation2014/LS6500/Gamma_Pre-irradiation141017/MeasurementNo00018.xls
get measurement from /Users/djaffe/work/GIT/LINDSEY/TechMaturation2014/LS6500/Gamma_Pre-irradiation141017/MeasurementNo00059.xls
get measurement from /Users/djaffe/work/GIT/LINDSEY/TechMaturation2014/LS6500/Gamma_Pre-irradiation141017/MeasurementNo00100.xls
get measurement from /Users/djaffe/work/GIT/LINDSEY/TechMaturation2014/LS6500/Gamma_Pre-irradiation141017/MeasurementNo00141.xls
get measurement from /Users/djaffe/work/GIT/LINDSEY/TechMaturation2014/LS6500/Gamma_Pre-irradiation141017/MeasurementNo00182.xls
get measurement from /Users/djaffe/work/GIT/LINDSEY/TechMaturation2014/LS6500/Gamma_Pre-irradiation141017/MeasurementNo00223.xls
get measurement from /Users/djaffe/work/GIT/LINDSEY/TechMaturation2014/LS6500/Gamma_Pre-irradiation141017/MeasurementNo00264.xls
get measurement from /Users/djaffe/work/GIT/LINDSEY/TechMaturation2014/LS6500/Gamma_Pre-irradiation141017/MeasurementNo00305.xls
get measurement from /Users/djaffe/work/GIT/LINDSEY/TechMaturation2014/LS6500/Gamma_Pre-irradiation141017/MeasurementNo00346.xls
get measurement from /Users/djaffe/work/GIT/LINDSEY/TechMaturation2014/LS6500/Gamma_Pre-irradiation141017/MeasurementNo00387.xls
get measurement from /Users/djaffe/work/GIT/LINDSEY/TechMaturation2014/LS6500/Gamma_Pre-irradiation141017/MeasurementNo00428.xls
get measurement from /Users/djaffe/work/GIT/LINDSEY/TechMaturation2014/LS6500/Gamma_Pre-irradiation141017/MeasurementNo00469.xls
get measurement from /Users/djaffe/work/GIT/LINDSEY/TechMaturation2014/LS6500/Gamma_Pre-irradiation141017/MeasurementNo00510.xls
get measurement from /Users/djaffe/work/GIT/LINDSEY/TechMaturation2014/LS6500/Gamma_Pre-irradiation141017/MeasurementNo00551.xls
get measurement from /Users/djaffe/work/GIT/LINDSEY/TechMaturation2014/LS6500/Gamma_Pre-irradiation141017/MeasurementNo00592.xls
Tray_Position S2_Position08 Number of `no vial` to this position 1
get measurement from /Users/djaffe/work/GIT/LINDSEY/TechMaturation2014/LS6500/Gamma_Pre-irradiation141017/MeasurementNo00019.xls
get measurement from /Users/djaffe/work/GIT/LINDSEY/TechMaturation2014/LS6500/Gamma_Pre-irradiation141017/MeasurementNo00060.xls
get measurement from /Users/djaffe/work/GIT/LINDSEY/TechMaturation2014/LS6500/Gamma_Pre-irradiation141017/MeasurementNo00101.xls
get measurement from /Users/djaffe/work/GIT/LINDSEY/TechMaturation2014/LS6500/Gamma_Pre-irradiation141017/MeasurementNo00142.xls
get measurement from /Users/djaffe/work/GIT/LINDSEY/TechMaturation2014/LS6500/Gamma_Pre-irradiation141017/MeasurementNo00183.xls
get measurement from /Users/djaffe/work/GIT/LINDSEY/TechMaturation2014/LS6500/Gamma_Pre-irradiation141017/MeasurementNo00224.xls
get measurement from /Users/djaffe/work/GIT/LINDSEY/TechMaturation2014/LS6500/Gamma_Pre-irradiation141017/MeasurementNo00265.xls
get measurement from /Users/djaffe/work/GIT/LINDSEY/TechMaturation2014/LS6500/Gamma_Pre-irradiation141017/MeasurementNo00306.xls
get measurement from /Users/djaffe/work/GIT/LINDSEY/TechMaturation2014/LS6500/Gamma_Pre-irradiation141017/MeasurementNo00347.xls
get measurement from /Users/djaffe/work/GIT/LINDSEY/TechMaturation2014/LS6500/Gamma_Pre-irradiation141017/MeasurementNo00388.xls
get measurement from /Users/djaffe/work/GIT/LINDSEY/TechMaturation2014/LS6500/Gamma_Pre-irradiation141017/MeasurementNo00429.xls
get measurement from /Users/djaffe/work/GIT/LINDSEY/TechMaturation2014/LS6500/Gamma_Pre-irradiation141017/MeasurementNo00470.xls
get measurement from /Users/djaffe/work/GIT/LINDSEY/TechMaturation2014/LS6500/Gamma_Pre-irradiation141017/MeasurementNo00511.xls
get measurement from /Users/djaffe/work/GIT/LINDSEY/TechMaturation2014/LS6500/Gamma_Pre-irradiation141017/MeasurementNo00552.xls
get measurement from /Users/djaffe/work/GIT/LINDSEY/TechMaturation2014/LS6500/Gamma_Pre-irradiation141017/MeasurementNo00593.xls
Tray_Position S2_Position09 Number of `no vial` to this position 1
get measurement from /Users/djaffe/work/GIT/LINDSEY/TechMaturation2014/LS6500/Gamma_Pre-irradiation141017/MeasurementNo00020.xls
get measurement from /Users/djaffe/work/GIT/LINDSEY/TechMaturation2014/LS6500/Gamma_Pre-irradiation141017/MeasurementNo00061.xls
get measurement from /Users/djaffe/work/GIT/LINDSEY/TechMaturation2014/LS6500/Gamma_Pre-irradiation141017/MeasurementNo00102.xls
get measurement from /Users/djaffe/work/GIT/LINDSEY/TechMaturation2014/LS6500/Gamma_Pre-irradiation141017/MeasurementNo00143.xls
get measurement from /Users/djaffe/work/GIT/LINDSEY/TechMaturation2014/LS6500/Gamma_Pre-irradiation141017/MeasurementNo00184.xls
get measurement from /Users/djaffe/work/GIT/LINDSEY/TechMaturation2014/LS6500/Gamma_Pre-irradiation141017/MeasurementNo00225.xls
get measurement from /Users/djaffe/work/GIT/LINDSEY/TechMaturation2014/LS6500/Gamma_Pre-irradiation141017/MeasurementNo00266.xls
get measurement from /Users/djaffe/work/GIT/LINDSEY/TechMaturation2014/LS6500/Gamma_Pre-irradiation141017/MeasurementNo00307.xls
get measurement from /Users/djaffe/work/GIT/LINDSEY/TechMaturation2014/LS6500/Gamma_Pre-irradiation141017/MeasurementNo00348.xls
get measurement from /Users/djaffe/work/GIT/LINDSEY/TechMaturation2014/LS6500/Gamma_Pre-irradiation141017/MeasurementNo00389.xls
get measurement from /Users/djaffe/work/GIT/LINDSEY/TechMaturation2014/LS6500/Gamma_Pre-irradiation141017/MeasurementNo00430.xls
get measurement from /Users/djaffe/work/GIT/LINDSEY/TechMaturation2014/LS6500/Gamma_Pre-irradiation141017/MeasurementNo00471.xls
get measurement from /Users/djaffe/work/GIT/LINDSEY/TechMaturation2014/LS6500/Gamma_Pre-irradiation141017/MeasurementNo00512.xls
get measurement from /Users/djaffe/work/GIT/LINDSEY/TechMaturation2014/LS6500/Gamma_Pre-irradiation141017/MeasurementNo00553.xls
get measurement from /Users/djaffe/work/GIT/LINDSEY/TechMaturation2014/LS6500/Gamma_Pre-irradiation141017/MeasurementNo00594.xls
Tray_Position S2_Position10 Number of `no vial` to this position 1
get measurement from /Users/djaffe/work/GIT/LINDSEY/TechMaturation2014/LS6500/Gamma_Pre-irradiation141017/MeasurementNo00021.xls
get measurement from /Users/djaffe/work/GIT/LINDSEY/TechMaturation2014/LS6500/Gamma_Pre-irradiation141017/MeasurementNo00062.xls
get measurement from /Users/djaffe/work/GIT/LINDSEY/TechMaturation2014/LS6500/Gamma_Pre-irradiation141017/MeasurementNo00103.xls
get measurement from /Users/djaffe/work/GIT/LINDSEY/TechMaturation2014/LS6500/Gamma_Pre-irradiation141017/MeasurementNo00144.xls
get measurement from /Users/djaffe/work/GIT/LINDSEY/TechMaturation2014/LS6500/Gamma_Pre-irradiation141017/MeasurementNo00185.xls
get measurement from /Users/djaffe/work/GIT/LINDSEY/TechMaturation2014/LS6500/Gamma_Pre-irradiation141017/MeasurementNo00226.xls
get measurement from /Users/djaffe/work/GIT/LINDSEY/TechMaturation2014/LS6500/Gamma_Pre-irradiation141017/MeasurementNo00267.xls
get measurement from /Users/djaffe/work/GIT/LINDSEY/TechMaturation2014/LS6500/Gamma_Pre-irradiation141017/MeasurementNo00308.xls
get measurement from /Users/djaffe/work/GIT/LINDSEY/TechMaturation2014/LS6500/Gamma_Pre-irradiation141017/MeasurementNo00349.xls
get measurement from /Users/djaffe/work/GIT/LINDSEY/TechMaturation2014/LS6500/Gamma_Pre-irradiation141017/MeasurementNo00390.xls
get measurement from /Users/djaffe/work/GIT/LINDSEY/TechMaturation2014/LS6500/Gamma_Pre-irradiation141017/MeasurementNo00431.xls
get measurement from /Users/djaffe/work/GIT/LINDSEY/TechMaturation2014/LS6500/Gamma_Pre-irradiation141017/MeasurementNo00472.xls
get measurement from /Users/djaffe/work/GIT/LINDSEY/TechMaturation2014/LS6500/Gamma_Pre-irradiation141017/MeasurementNo00513.xls
get measurement from /Users/djaffe/work/GIT/LINDSEY/TechMaturation2014/LS6500/Gamma_Pre-irradiation141017/MeasurementNo00554.xls
get measurement from /Users/djaffe/work/GIT/LINDSEY/TechMaturation2014/LS6500/Gamma_Pre-irradiation141017/MeasurementNo00595.xls
Tray_Position S2_Position11 Number of `no vial` to this position 1
get measurement from /Users/djaffe/work/GIT/LINDSEY/TechMaturation2014/LS6500/Gamma_Pre-irradiation141017/MeasurementNo00022.xls
get measurement from /Users/djaffe/work/GIT/LINDSEY/TechMaturation2014/LS6500/Gamma_Pre-irradiation141017/MeasurementNo00063.xls
get measurement from /Users/djaffe/work/GIT/LINDSEY/TechMaturation2014/LS6500/Gamma_Pre-irradiation141017/MeasurementNo00104.xls
get measurement from /Users/djaffe/work/GIT/LINDSEY/TechMaturation2014/LS6500/Gamma_Pre-irradiation141017/MeasurementNo00145.xls
get measurement from /Users/djaffe/work/GIT/LINDSEY/TechMaturation2014/LS6500/Gamma_Pre-irradiation141017/MeasurementNo00186.xls
get measurement from /Users/djaffe/work/GIT/LINDSEY/TechMaturation2014/LS6500/Gamma_Pre-irradiation141017/MeasurementNo00227.xls
get measurement from /Users/djaffe/work/GIT/LINDSEY/TechMaturation2014/LS6500/Gamma_Pre-irradiation141017/MeasurementNo00268.xls
get measurement from /Users/djaffe/work/GIT/LINDSEY/TechMaturation2014/LS6500/Gamma_Pre-irradiation141017/MeasurementNo00309.xls
get measurement from /Users/djaffe/work/GIT/LINDSEY/TechMaturation2014/LS6500/Gamma_Pre-irradiation141017/MeasurementNo00350.xls
get measurement from /Users/djaffe/work/GIT/LINDSEY/TechMaturation2014/LS6500/Gamma_Pre-irradiation141017/MeasurementNo00391.xls
get measurement from /Users/djaffe/work/GIT/LINDSEY/TechMaturation2014/LS6500/Gamma_Pre-irradiation141017/MeasurementNo00432.xls
get measurement from /Users/djaffe/work/GIT/LINDSEY/TechMaturation2014/LS6500/Gamma_Pre-irradiation141017/MeasurementNo00473.xls
get measurement from /Users/djaffe/work/GIT/LINDSEY/TechMaturation2014/LS6500/Gamma_Pre-irradiation141017/MeasurementNo00514.xls
get measurement from /Users/djaffe/work/GIT/LINDSEY/TechMaturation2014/LS6500/Gamma_Pre-irradiation141017/MeasurementNo00555.xls
get measurement from /Users/djaffe/work/GIT/LINDSEY/TechMaturation2014/LS6500/Gamma_Pre-irradiation141017/MeasurementNo00596.xls
Tray_Position S3_Position01 Number of `no vial` to this position 2
get measurement from /Users/djaffe/work/GIT/LINDSEY/TechMaturation2014/LS6500/Gamma_Pre-irradiation141017/MeasurementNo00023.xls
get measurement from /Users/djaffe/work/GIT/LINDSEY/TechMaturation2014/LS6500/Gamma_Pre-irradiation141017/MeasurementNo00064.xls
get measurement from /Users/djaffe/work/GIT/LINDSEY/TechMaturation2014/LS6500/Gamma_Pre-irradiation141017/MeasurementNo00105.xls
get measurement from /Users/djaffe/work/GIT/LINDSEY/TechMaturation2014/LS6500/Gamma_Pre-irradiation141017/MeasurementNo00146.xls
get measurement from /Users/djaffe/work/GIT/LINDSEY/TechMaturation2014/LS6500/Gamma_Pre-irradiation141017/MeasurementNo00187.xls
get measurement from /Users/djaffe/work/GIT/LINDSEY/TechMaturation2014/LS6500/Gamma_Pre-irradiation141017/MeasurementNo00228.xls
get measurement from /Users/djaffe/work/GIT/LINDSEY/TechMaturation2014/LS6500/Gamma_Pre-irradiation141017/MeasurementNo00269.xls
get measurement from /Users/djaffe/work/GIT/LINDSEY/TechMaturation2014/LS6500/Gamma_Pre-irradiation141017/MeasurementNo00310.xls
get measurement from /Users/djaffe/work/GIT/LINDSEY/TechMaturation2014/LS6500/Gamma_Pre-irradiation141017/MeasurementNo00351.xls
get measurement from /Users/djaffe/work/GIT/LINDSEY/TechMaturation2014/LS6500/Gamma_Pre-irradiation141017/MeasurementNo00392.xls
get measurement from /Users/djaffe/work/GIT/LINDSEY/TechMaturation2014/LS6500/Gamma_Pre-irradiation141017/MeasurementNo00433.xls
get measurement from /Users/djaffe/work/GIT/LINDSEY/TechMaturation2014/LS6500/Gamma_Pre-irradiation141017/MeasurementNo00474.xls
get measurement from /Users/djaffe/work/GIT/LINDSEY/TechMaturation2014/LS6500/Gamma_Pre-irradiation141017/MeasurementNo00515.xls
get measurement from /Users/djaffe/work/GIT/LINDSEY/TechMaturation2014/LS6500/Gamma_Pre-irradiation141017/MeasurementNo00556.xls
Tray_Position S3_Position02 Number of `no vial` to this position 2
get measurement from /Users/djaffe/work/GIT/LINDSEY/TechMaturation2014/LS6500/Gamma_Pre-irradiation141017/MeasurementNo00024.xls
get measurement from /Users/djaffe/work/GIT/LINDSEY/TechMaturation2014/LS6500/Gamma_Pre-irradiation141017/MeasurementNo00065.xls
get measurement from /Users/djaffe/work/GIT/LINDSEY/TechMaturation2014/LS6500/Gamma_Pre-irradiation141017/MeasurementNo00106.xls
get measurement from /Users/djaffe/work/GIT/LINDSEY/TechMaturation2014/LS6500/Gamma_Pre-irradiation141017/MeasurementNo00147.xls
get measurement from /Users/djaffe/work/GIT/LINDSEY/TechMaturation2014/LS6500/Gamma_Pre-irradiation141017/MeasurementNo00188.xls
get measurement from /Users/djaffe/work/GIT/LINDSEY/TechMaturation2014/LS6500/Gamma_Pre-irradiation141017/MeasurementNo00229.xls
get measurement from /Users/djaffe/work/GIT/LINDSEY/TechMaturation2014/LS6500/Gamma_Pre-irradiation141017/MeasurementNo00270.xls
get measurement from /Users/djaffe/work/GIT/LINDSEY/TechMaturation2014/LS6500/Gamma_Pre-irradiation141017/MeasurementNo00311.xls
get measurement from /Users/djaffe/work/GIT/LINDSEY/TechMaturation2014/LS6500/Gamma_Pre-irradiation141017/MeasurementNo00352.xls
get measurement from /Users/djaffe/work/GIT/LINDSEY/TechMaturation2014/LS6500/Gamma_Pre-irradiation141017/MeasurementNo00393.xls
get measurement from /Users/djaffe/work/GIT/LINDSEY/TechMaturation2014/LS6500/Gamma_Pre-irradiation141017/MeasurementNo00434.xls
get measurement from /Users/djaffe/work/GIT/LINDSEY/TechMaturation2014/LS6500/Gamma_Pre-irradiation141017/MeasurementNo00475.xls
get measurement from /Users/djaffe/work/GIT/LINDSEY/TechMaturation2014/LS6500/Gamma_Pre-irradiation141017/MeasurementNo00516.xls
get measurement from /Users/djaffe/work/GIT/LINDSEY/TechMaturation2014/LS6500/Gamma_Pre-irradiation141017/MeasurementNo00557.xls
Tray_Position S3_Position03 Number of `no vial` to this position 2
get measurement from /Users/djaffe/work/GIT/LINDSEY/TechMaturation2014/LS6500/Gamma_Pre-irradiation141017/MeasurementNo00025.xls
get measurement from /Users/djaffe/work/GIT/LINDSEY/TechMaturation2014/LS6500/Gamma_Pre-irradiation141017/MeasurementNo00066.xls
get measurement from /Users/djaffe/work/GIT/LINDSEY/TechMaturation2014/LS6500/Gamma_Pre-irradiation141017/MeasurementNo00107.xls
get measurement from /Users/djaffe/work/GIT/LINDSEY/TechMaturation2014/LS6500/Gamma_Pre-irradiation141017/MeasurementNo00148.xls
get measurement from /Users/djaffe/work/GIT/LINDSEY/TechMaturation2014/LS6500/Gamma_Pre-irradiation141017/MeasurementNo00189.xls
get measurement from /Users/djaffe/work/GIT/LINDSEY/TechMaturation2014/LS6500/Gamma_Pre-irradiation141017/MeasurementNo00230.xls
get measurement from /Users/djaffe/work/GIT/LINDSEY/TechMaturation2014/LS6500/Gamma_Pre-irradiation141017/MeasurementNo00271.xls
get measurement from /Users/djaffe/work/GIT/LINDSEY/TechMaturation2014/LS6500/Gamma_Pre-irradiation141017/MeasurementNo00312.xls
get measurement from /Users/djaffe/work/GIT/LINDSEY/TechMaturation2014/LS6500/Gamma_Pre-irradiation141017/MeasurementNo00353.xls
get measurement from /Users/djaffe/work/GIT/LINDSEY/TechMaturation2014/LS6500/Gamma_Pre-irradiation141017/MeasurementNo00394.xls
get measurement from /Users/djaffe/work/GIT/LINDSEY/TechMaturation2014/LS6500/Gamma_Pre-irradiation141017/MeasurementNo00435.xls
get measurement from /Users/djaffe/work/GIT/LINDSEY/TechMaturation2014/LS6500/Gamma_Pre-irradiation141017/MeasurementNo00476.xls
get measurement from /Users/djaffe/work/GIT/LINDSEY/TechMaturation2014/LS6500/Gamma_Pre-irradiation141017/MeasurementNo00517.xls
get measurement from /Users/djaffe/work/GIT/LINDSEY/TechMaturation2014/LS6500/Gamma_Pre-irradiation141017/MeasurementNo00558.xls
Tray_Position S3_Position04 Number of `no vial` to this position 2
get measurement from /Users/djaffe/work/GIT/LINDSEY/TechMaturation2014/LS6500/Gamma_Pre-irradiation141017/MeasurementNo00026.xls
get measurement from /Users/djaffe/work/GIT/LINDSEY/TechMaturation2014/LS6500/Gamma_Pre-irradiation141017/MeasurementNo00067.xls
get measurement from /Users/djaffe/work/GIT/LINDSEY/TechMaturation2014/LS6500/Gamma_Pre-irradiation141017/MeasurementNo00108.xls
get measurement from /Users/djaffe/work/GIT/LINDSEY/TechMaturation2014/LS6500/Gamma_Pre-irradiation141017/MeasurementNo00149.xls
get measurement from /Users/djaffe/work/GIT/LINDSEY/TechMaturation2014/LS6500/Gamma_Pre-irradiation141017/MeasurementNo00190.xls
get measurement from /Users/djaffe/work/GIT/LINDSEY/TechMaturation2014/LS6500/Gamma_Pre-irradiation141017/MeasurementNo00231.xls
get measurement from /Users/djaffe/work/GIT/LINDSEY/TechMaturation2014/LS6500/Gamma_Pre-irradiation141017/MeasurementNo00272.xls
get measurement from /Users/djaffe/work/GIT/LINDSEY/TechMaturation2014/LS6500/Gamma_Pre-irradiation141017/MeasurementNo00313.xls
get measurement from /Users/djaffe/work/GIT/LINDSEY/TechMaturation2014/LS6500/Gamma_Pre-irradiation141017/MeasurementNo00354.xls
get measurement from /Users/djaffe/work/GIT/LINDSEY/TechMaturation2014/LS6500/Gamma_Pre-irradiation141017/MeasurementNo00395.xls
get measurement from /Users/djaffe/work/GIT/LINDSEY/TechMaturation2014/LS6500/Gamma_Pre-irradiation141017/MeasurementNo00436.xls
get measurement from /Users/djaffe/work/GIT/LINDSEY/TechMaturation2014/LS6500/Gamma_Pre-irradiation141017/MeasurementNo00477.xls
get measurement from /Users/djaffe/work/GIT/LINDSEY/TechMaturation2014/LS6500/Gamma_Pre-irradiation141017/MeasurementNo00518.xls
get measurement from /Users/djaffe/work/GIT/LINDSEY/TechMaturation2014/LS6500/Gamma_Pre-irradiation141017/MeasurementNo00559.xls
Tray_Position S3_Position05 Number of `no vial` to this position 2
get measurement from /Users/djaffe/work/GIT/LINDSEY/TechMaturation2014/LS6500/Gamma_Pre-irradiation141017/MeasurementNo00027.xls
get measurement from /Users/djaffe/work/GIT/LINDSEY/TechMaturation2014/LS6500/Gamma_Pre-irradiation141017/MeasurementNo00068.xls
get measurement from /Users/djaffe/work/GIT/LINDSEY/TechMaturation2014/LS6500/Gamma_Pre-irradiation141017/MeasurementNo00109.xls
get measurement from /Users/djaffe/work/GIT/LINDSEY/TechMaturation2014/LS6500/Gamma_Pre-irradiation141017/MeasurementNo00150.xls
get measurement from /Users/djaffe/work/GIT/LINDSEY/TechMaturation2014/LS6500/Gamma_Pre-irradiation141017/MeasurementNo00191.xls
get measurement from /Users/djaffe/work/GIT/LINDSEY/TechMaturation2014/LS6500/Gamma_Pre-irradiation141017/MeasurementNo00232.xls
get measurement from /Users/djaffe/work/GIT/LINDSEY/TechMaturation2014/LS6500/Gamma_Pre-irradiation141017/MeasurementNo00273.xls
get measurement from /Users/djaffe/work/GIT/LINDSEY/TechMaturation2014/LS6500/Gamma_Pre-irradiation141017/MeasurementNo00314.xls
get measurement from /Users/djaffe/work/GIT/LINDSEY/TechMaturation2014/LS6500/Gamma_Pre-irradiation141017/MeasurementNo00355.xls
get measurement from /Users/djaffe/work/GIT/LINDSEY/TechMaturation2014/LS6500/Gamma_Pre-irradiation141017/MeasurementNo00396.xls
get measurement from /Users/djaffe/work/GIT/LINDSEY/TechMaturation2014/LS6500/Gamma_Pre-irradiation141017/MeasurementNo00437.xls
get measurement from /Users/djaffe/work/GIT/LINDSEY/TechMaturation2014/LS6500/Gamma_Pre-irradiation141017/MeasurementNo00478.xls
get measurement from /Users/djaffe/work/GIT/LINDSEY/TechMaturation2014/LS6500/Gamma_Pre-irradiation141017/MeasurementNo00519.xls
get measurement from /Users/djaffe/work/GIT/LINDSEY/TechMaturation2014/LS6500/Gamma_Pre-irradiation141017/MeasurementNo00560.xls
Tray_Position S3_Position06 Number of `no vial` to this position 2
get measurement from /Users/djaffe/work/GIT/LINDSEY/TechMaturation2014/LS6500/Gamma_Pre-irradiation141017/MeasurementNo00028.xls
get measurement from /Users/djaffe/work/GIT/LINDSEY/TechMaturation2014/LS6500/Gamma_Pre-irradiation141017/MeasurementNo00069.xls
get measurement from /Users/djaffe/work/GIT/LINDSEY/TechMaturation2014/LS6500/Gamma_Pre-irradiation141017/MeasurementNo00110.xls
get measurement from /Users/djaffe/work/GIT/LINDSEY/TechMaturation2014/LS6500/Gamma_Pre-irradiation141017/MeasurementNo00151.xls
get measurement from /Users/djaffe/work/GIT/LINDSEY/TechMaturation2014/LS6500/Gamma_Pre-irradiation141017/MeasurementNo00192.xls
get measurement from /Users/djaffe/work/GIT/LINDSEY/TechMaturation2014/LS6500/Gamma_Pre-irradiation141017/MeasurementNo00233.xls
get measurement from /Users/djaffe/work/GIT/LINDSEY/TechMaturation2014/LS6500/Gamma_Pre-irradiation141017/MeasurementNo00274.xls
get measurement from /Users/djaffe/work/GIT/LINDSEY/TechMaturation2014/LS6500/Gamma_Pre-irradiation141017/MeasurementNo00315.xls
get measurement from /Users/djaffe/work/GIT/LINDSEY/TechMaturation2014/LS6500/Gamma_Pre-irradiation141017/MeasurementNo00356.xls
get measurement from /Users/djaffe/work/GIT/LINDSEY/TechMaturation2014/LS6500/Gamma_Pre-irradiation141017/MeasurementNo00397.xls
get measurement from /Users/djaffe/work/GIT/LINDSEY/TechMaturation2014/LS6500/Gamma_Pre-irradiation141017/MeasurementNo00438.xls
get measurement from /Users/djaffe/work/GIT/LINDSEY/TechMaturation2014/LS6500/Gamma_Pre-irradiation141017/MeasurementNo00479.xls
get measurement from /Users/djaffe/work/GIT/LINDSEY/TechMaturation2014/LS6500/Gamma_Pre-irradiation141017/MeasurementNo00520.xls
get measurement from /Users/djaffe/work/GIT/LINDSEY/TechMaturation2014/LS6500/Gamma_Pre-irradiation141017/MeasurementNo00561.xls
Tray_Position S3_Position07 Number of `no vial` to this position 2
get measurement from /Users/djaffe/work/GIT/LINDSEY/TechMaturation2014/LS6500/Gamma_Pre-irradiation141017/MeasurementNo00029.xls
get measurement from /Users/djaffe/work/GIT/LINDSEY/TechMaturation2014/LS6500/Gamma_Pre-irradiation141017/MeasurementNo00070.xls
get measurement from /Users/djaffe/work/GIT/LINDSEY/TechMaturation2014/LS6500/Gamma_Pre-irradiation141017/MeasurementNo00111.xls
get measurement from /Users/djaffe/work/GIT/LINDSEY/TechMaturation2014/LS6500/Gamma_Pre-irradiation141017/MeasurementNo00152.xls
get measurement from /Users/djaffe/work/GIT/LINDSEY/TechMaturation2014/LS6500/Gamma_Pre-irradiation141017/MeasurementNo00193.xls
get measurement from /Users/djaffe/work/GIT/LINDSEY/TechMaturation2014/LS6500/Gamma_Pre-irradiation141017/MeasurementNo00234.xls
get measurement from /Users/djaffe/work/GIT/LINDSEY/TechMaturation2014/LS6500/Gamma_Pre-irradiation141017/MeasurementNo00275.xls
get measurement from /Users/djaffe/work/GIT/LINDSEY/TechMaturation2014/LS6500/Gamma_Pre-irradiation141017/MeasurementNo00316.xls
get measurement from /Users/djaffe/work/GIT/LINDSEY/TechMaturation2014/LS6500/Gamma_Pre-irradiation141017/MeasurementNo00357.xls
get measurement from /Users/djaffe/work/GIT/LINDSEY/TechMaturation2014/LS6500/Gamma_Pre-irradiation141017/MeasurementNo00398.xls
get measurement from /Users/djaffe/work/GIT/LINDSEY/TechMaturation2014/LS6500/Gamma_Pre-irradiation141017/MeasurementNo00439.xls
get measurement from /Users/djaffe/work/GIT/LINDSEY/TechMaturation2014/LS6500/Gamma_Pre-irradiation141017/MeasurementNo00480.xls
get measurement from /Users/djaffe/work/GIT/LINDSEY/TechMaturation2014/LS6500/Gamma_Pre-irradiation141017/MeasurementNo00521.xls
get measurement from /Users/djaffe/work/GIT/LINDSEY/TechMaturation2014/LS6500/Gamma_Pre-irradiation141017/MeasurementNo00562.xls
Tray_Position S3_Position08 Number of `no vial` to this position 2
get measurement from /Users/djaffe/work/GIT/LINDSEY/TechMaturation2014/LS6500/Gamma_Pre-irradiation141017/MeasurementNo00030.xls
get measurement from /Users/djaffe/work/GIT/LINDSEY/TechMaturation2014/LS6500/Gamma_Pre-irradiation141017/MeasurementNo00071.xls
get measurement from /Users/djaffe/work/GIT/LINDSEY/TechMaturation2014/LS6500/Gamma_Pre-irradiation141017/MeasurementNo00112.xls
get measurement from /Users/djaffe/work/GIT/LINDSEY/TechMaturation2014/LS6500/Gamma_Pre-irradiation141017/MeasurementNo00153.xls
get measurement from /Users/djaffe/work/GIT/LINDSEY/TechMaturation2014/LS6500/Gamma_Pre-irradiation141017/MeasurementNo00194.xls
get measurement from /Users/djaffe/work/GIT/LINDSEY/TechMaturation2014/LS6500/Gamma_Pre-irradiation141017/MeasurementNo00235.xls
get measurement from /Users/djaffe/work/GIT/LINDSEY/TechMaturation2014/LS6500/Gamma_Pre-irradiation141017/MeasurementNo00276.xls
get measurement from /Users/djaffe/work/GIT/LINDSEY/TechMaturation2014/LS6500/Gamma_Pre-irradiation141017/MeasurementNo00317.xls
get measurement from /Users/djaffe/work/GIT/LINDSEY/TechMaturation2014/LS6500/Gamma_Pre-irradiation141017/MeasurementNo00358.xls
get measurement from /Users/djaffe/work/GIT/LINDSEY/TechMaturation2014/LS6500/Gamma_Pre-irradiation141017/MeasurementNo00399.xls
get measurement from /Users/djaffe/work/GIT/LINDSEY/TechMaturation2014/LS6500/Gamma_Pre-irradiation141017/MeasurementNo00440.xls
get measurement from /Users/djaffe/work/GIT/LINDSEY/TechMaturation2014/LS6500/Gamma_Pre-irradiation141017/MeasurementNo00481.xls
get measurement from /Users/djaffe/work/GIT/LINDSEY/TechMaturation2014/LS6500/Gamma_Pre-irradiation141017/MeasurementNo00522.xls
get measurement from /Users/djaffe/work/GIT/LINDSEY/TechMaturation2014/LS6500/Gamma_Pre-irradiation141017/MeasurementNo00563.xls
Tray_Position S3_Position09 Number of `no vial` to this position 2
get measurement from /Users/djaffe/work/GIT/LINDSEY/TechMaturation2014/LS6500/Gamma_Pre-irradiation141017/MeasurementNo00031.xls
get measurement from /Users/djaffe/work/GIT/LINDSEY/TechMaturation2014/LS6500/Gamma_Pre-irradiation141017/MeasurementNo00072.xls
get measurement from /Users/djaffe/work/GIT/LINDSEY/TechMaturation2014/LS6500/Gamma_Pre-irradiation141017/MeasurementNo00113.xls
get measurement from /Users/djaffe/work/GIT/LINDSEY/TechMaturation2014/LS6500/Gamma_Pre-irradiation141017/MeasurementNo00154.xls
get measurement from /Users/djaffe/work/GIT/LINDSEY/TechMaturation2014/LS6500/Gamma_Pre-irradiation141017/MeasurementNo00195.xls
get measurement from /Users/djaffe/work/GIT/LINDSEY/TechMaturation2014/LS6500/Gamma_Pre-irradiation141017/MeasurementNo00236.xls
get measurement from /Users/djaffe/work/GIT/LINDSEY/TechMaturation2014/LS6500/Gamma_Pre-irradiation141017/MeasurementNo00277.xls
get measurement from /Users/djaffe/work/GIT/LINDSEY/TechMaturation2014/LS6500/Gamma_Pre-irradiation141017/MeasurementNo00318.xls
get measurement from /Users/djaffe/work/GIT/LINDSEY/TechMaturation2014/LS6500/Gamma_Pre-irradiation141017/MeasurementNo00359.xls
get measurement from /Users/djaffe/work/GIT/LINDSEY/TechMaturation2014/LS6500/Gamma_Pre-irradiation141017/MeasurementNo00400.xls
get measurement from /Users/djaffe/work/GIT/LINDSEY/TechMaturation2014/LS6500/Gamma_Pre-irradiation141017/MeasurementNo00441.xls
get measurement from /Users/djaffe/work/GIT/LINDSEY/TechMaturation2014/LS6500/Gamma_Pre-irradiation141017/MeasurementNo00482.xls
get measurement from /Users/djaffe/work/GIT/LINDSEY/TechMaturation2014/LS6500/Gamma_Pre-irradiation141017/MeasurementNo00523.xls
get measurement from /Users/djaffe/work/GIT/LINDSEY/TechMaturation2014/LS6500/Gamma_Pre-irradiation141017/MeasurementNo00564.xls
Tray_Position S3_Position10 Number of `no vial` to this position 2
get measurement from /Users/djaffe/work/GIT/LINDSEY/TechMaturation2014/LS6500/Gamma_Pre-irradiation141017/MeasurementNo00032.xls
get measurement from /Users/djaffe/work/GIT/LINDSEY/TechMaturation2014/LS6500/Gamma_Pre-irradiation141017/MeasurementNo00073.xls
get measurement from /Users/djaffe/work/GIT/LINDSEY/TechMaturation2014/LS6500/Gamma_Pre-irradiation141017/MeasurementNo00114.xls
get measurement from /Users/djaffe/work/GIT/LINDSEY/TechMaturation2014/LS6500/Gamma_Pre-irradiation141017/MeasurementNo00155.xls
get measurement from /Users/djaffe/work/GIT/LINDSEY/TechMaturation2014/LS6500/Gamma_Pre-irradiation141017/MeasurementNo00196.xls
get measurement from /Users/djaffe/work/GIT/LINDSEY/TechMaturation2014/LS6500/Gamma_Pre-irradiation141017/MeasurementNo00237.xls
get measurement from /Users/djaffe/work/GIT/LINDSEY/TechMaturation2014/LS6500/Gamma_Pre-irradiation141017/MeasurementNo00278.xls
get measurement from /Users/djaffe/work/GIT/LINDSEY/TechMaturation2014/LS6500/Gamma_Pre-irradiation141017/MeasurementNo00319.xls
get measurement from /Users/djaffe/work/GIT/LINDSEY/TechMaturation2014/LS6500/Gamma_Pre-irradiation141017/MeasurementNo00360.xls
get measurement from /Users/djaffe/work/GIT/LINDSEY/TechMaturation2014/LS6500/Gamma_Pre-irradiation141017/MeasurementNo00401.xls
get measurement from /Users/djaffe/work/GIT/LINDSEY/TechMaturation2014/LS6500/Gamma_Pre-irradiation141017/MeasurementNo00442.xls
get measurement from /Users/djaffe/work/GIT/LINDSEY/TechMaturation2014/LS6500/Gamma_Pre-irradiation141017/MeasurementNo00483.xls
get measurement from /Users/djaffe/work/GIT/LINDSEY/TechMaturation2014/LS6500/Gamma_Pre-irradiation141017/MeasurementNo00524.xls
get measurement from /Users/djaffe/work/GIT/LINDSEY/TechMaturation2014/LS6500/Gamma_Pre-irradiation141017/MeasurementNo00565.xls
Tray_Position S3_Position11 Number of `no vial` to this position 2
get measurement from /Users/djaffe/work/GIT/LINDSEY/TechMaturation2014/LS6500/Gamma_Pre-irradiation141017/MeasurementNo00033.xls
get measurement from /Users/djaffe/work/GIT/LINDSEY/TechMaturation2014/LS6500/Gamma_Pre-irradiation141017/MeasurementNo00074.xls
get measurement from /Users/djaffe/work/GIT/LINDSEY/TechMaturation2014/LS6500/Gamma_Pre-irradiation141017/MeasurementNo00115.xls
get measurement from /Users/djaffe/work/GIT/LINDSEY/TechMaturation2014/LS6500/Gamma_Pre-irradiation141017/MeasurementNo00156.xls
get measurement from /Users/djaffe/work/GIT/LINDSEY/TechMaturation2014/LS6500/Gamma_Pre-irradiation141017/MeasurementNo00197.xls
get measurement from /Users/djaffe/work/GIT/LINDSEY/TechMaturation2014/LS6500/Gamma_Pre-irradiation141017/MeasurementNo00238.xls
get measurement from /Users/djaffe/work/GIT/LINDSEY/TechMaturation2014/LS6500/Gamma_Pre-irradiation141017/MeasurementNo00279.xls
get measurement from /Users/djaffe/work/GIT/LINDSEY/TechMaturation2014/LS6500/Gamma_Pre-irradiation141017/MeasurementNo00320.xls
get measurement from /Users/djaffe/work/GIT/LINDSEY/TechMaturation2014/LS6500/Gamma_Pre-irradiation141017/MeasurementNo00361.xls
get measurement from /Users/djaffe/work/GIT/LINDSEY/TechMaturation2014/LS6500/Gamma_Pre-irradiation141017/MeasurementNo00402.xls
get measurement from /Users/djaffe/work/GIT/LINDSEY/TechMaturation2014/LS6500/Gamma_Pre-irradiation141017/MeasurementNo00443.xls
get measurement from /Users/djaffe/work/GIT/LINDSEY/TechMaturation2014/LS6500/Gamma_Pre-irradiation141017/MeasurementNo00484.xls
get measurement from /Users/djaffe/work/GIT/LINDSEY/TechMaturation2014/LS6500/Gamma_Pre-irradiation141017/MeasurementNo00525.xls
get measurement from /Users/djaffe/work/GIT/LINDSEY/TechMaturation2014/LS6500/Gamma_Pre-irradiation141017/MeasurementNo00566.xls
Tray_Position S4_Position01 Number of `no vial` to this position 3
get measurement from /Users/djaffe/work/GIT/LINDSEY/TechMaturation2014/LS6500/Gamma_Pre-irradiation141017/MeasurementNo00034.xls
get measurement from /Users/djaffe/work/GIT/LINDSEY/TechMaturation2014/LS6500/Gamma_Pre-irradiation141017/MeasurementNo00075.xls
get measurement from /Users/djaffe/work/GIT/LINDSEY/TechMaturation2014/LS6500/Gamma_Pre-irradiation141017/MeasurementNo00116.xls
get measurement from /Users/djaffe/work/GIT/LINDSEY/TechMaturation2014/LS6500/Gamma_Pre-irradiation141017/MeasurementNo00157.xls
get measurement from /Users/djaffe/work/GIT/LINDSEY/TechMaturation2014/LS6500/Gamma_Pre-irradiation141017/MeasurementNo00198.xls
get measurement from /Users/djaffe/work/GIT/LINDSEY/TechMaturation2014/LS6500/Gamma_Pre-irradiation141017/MeasurementNo00239.xls
get measurement from /Users/djaffe/work/GIT/LINDSEY/TechMaturation2014/LS6500/Gamma_Pre-irradiation141017/MeasurementNo00280.xls
get measurement from /Users/djaffe/work/GIT/LINDSEY/TechMaturation2014/LS6500/Gamma_Pre-irradiation141017/MeasurementNo00321.xls
get measurement from /Users/djaffe/work/GIT/LINDSEY/TechMaturation2014/LS6500/Gamma_Pre-irradiation141017/MeasurementNo00362.xls
get measurement from /Users/djaffe/work/GIT/LINDSEY/TechMaturation2014/LS6500/Gamma_Pre-irradiation141017/MeasurementNo00403.xls
get measurement from /Users/djaffe/work/GIT/LINDSEY/TechMaturation2014/LS6500/Gamma_Pre-irradiation141017/MeasurementNo00444.xls
get measurement from /Users/djaffe/work/GIT/LINDSEY/TechMaturation2014/LS6500/Gamma_Pre-irradiation141017/MeasurementNo00485.xls
get measurement from /Users/djaffe/work/GIT/LINDSEY/TechMaturation2014/LS6500/Gamma_Pre-irradiation141017/MeasurementNo00526.xls
get measurement from /Users/djaffe/work/GIT/LINDSEY/TechMaturation2014/LS6500/Gamma_Pre-irradiation141017/MeasurementNo00567.xls
Tray_Position S4_Position02 Number of `no vial` to this position 3
get measurement from /Users/djaffe/work/GIT/LINDSEY/TechMaturation2014/LS6500/Gamma_Pre-irradiation141017/MeasurementNo00035.xls
get measurement from /Users/djaffe/work/GIT/LINDSEY/TechMaturation2014/LS6500/Gamma_Pre-irradiation141017/MeasurementNo00076.xls
get measurement from /Users/djaffe/work/GIT/LINDSEY/TechMaturation2014/LS6500/Gamma_Pre-irradiation141017/MeasurementNo00117.xls
get measurement from /Users/djaffe/work/GIT/LINDSEY/TechMaturation2014/LS6500/Gamma_Pre-irradiation141017/MeasurementNo00158.xls
get measurement from /Users/djaffe/work/GIT/LINDSEY/TechMaturation2014/LS6500/Gamma_Pre-irradiation141017/MeasurementNo00199.xls
get measurement from /Users/djaffe/work/GIT/LINDSEY/TechMaturation2014/LS6500/Gamma_Pre-irradiation141017/MeasurementNo00240.xls
get measurement from /Users/djaffe/work/GIT/LINDSEY/TechMaturation2014/LS6500/Gamma_Pre-irradiation141017/MeasurementNo00281.xls
get measurement from /Users/djaffe/work/GIT/LINDSEY/TechMaturation2014/LS6500/Gamma_Pre-irradiation141017/MeasurementNo00322.xls
get measurement from /Users/djaffe/work/GIT/LINDSEY/TechMaturation2014/LS6500/Gamma_Pre-irradiation141017/MeasurementNo00363.xls
get measurement from /Users/djaffe/work/GIT/LINDSEY/TechMaturation2014/LS6500/Gamma_Pre-irradiation141017/MeasurementNo00404.xls
get measurement from /Users/djaffe/work/GIT/LINDSEY/TechMaturation2014/LS6500/Gamma_Pre-irradiation141017/MeasurementNo00445.xls
get measurement from /Users/djaffe/work/GIT/LINDSEY/TechMaturation2014/LS6500/Gamma_Pre-irradiation141017/MeasurementNo00486.xls
get measurement from /Users/djaffe/work/GIT/LINDSEY/TechMaturation2014/LS6500/Gamma_Pre-irradiation141017/MeasurementNo00527.xls
get measurement from /Users/djaffe/work/GIT/LINDSEY/TechMaturation2014/LS6500/Gamma_Pre-irradiation141017/MeasurementNo00568.xls
Tray_Position S4_Position03 Number of `no vial` to this position 3
get measurement from /Users/djaffe/work/GIT/LINDSEY/TechMaturation2014/LS6500/Gamma_Pre-irradiation141017/MeasurementNo00036.xls
get measurement from /Users/djaffe/work/GIT/LINDSEY/TechMaturation2014/LS6500/Gamma_Pre-irradiation141017/MeasurementNo00077.xls
get measurement from /Users/djaffe/work/GIT/LINDSEY/TechMaturation2014/LS6500/Gamma_Pre-irradiation141017/MeasurementNo00118.xls
get measurement from /Users/djaffe/work/GIT/LINDSEY/TechMaturation2014/LS6500/Gamma_Pre-irradiation141017/MeasurementNo00159.xls
get measurement from /Users/djaffe/work/GIT/LINDSEY/TechMaturation2014/LS6500/Gamma_Pre-irradiation141017/MeasurementNo00200.xls
get measurement from /Users/djaffe/work/GIT/LINDSEY/TechMaturation2014/LS6500/Gamma_Pre-irradiation141017/MeasurementNo00241.xls
get measurement from /Users/djaffe/work/GIT/LINDSEY/TechMaturation2014/LS6500/Gamma_Pre-irradiation141017/MeasurementNo00282.xls
get measurement from /Users/djaffe/work/GIT/LINDSEY/TechMaturation2014/LS6500/Gamma_Pre-irradiation141017/MeasurementNo00323.xls
get measurement from /Users/djaffe/work/GIT/LINDSEY/TechMaturation2014/LS6500/Gamma_Pre-irradiation141017/MeasurementNo00364.xls
get measurement from /Users/djaffe/work/GIT/LINDSEY/TechMaturation2014/LS6500/Gamma_Pre-irradiation141017/MeasurementNo00405.xls
get measurement from /Users/djaffe/work/GIT/LINDSEY/TechMaturation2014/LS6500/Gamma_Pre-irradiation141017/MeasurementNo00446.xls
get measurement from /Users/djaffe/work/GIT/LINDSEY/TechMaturation2014/LS6500/Gamma_Pre-irradiation141017/MeasurementNo00487.xls
get measurement from /Users/djaffe/work/GIT/LINDSEY/TechMaturation2014/LS6500/Gamma_Pre-irradiation141017/MeasurementNo00528.xls
get measurement from /Users/djaffe/work/GIT/LINDSEY/TechMaturation2014/LS6500/Gamma_Pre-irradiation141017/MeasurementNo00569.xls
Tray_Position S4_Position04 Number of `no vial` to this position 3
get measurement from /Users/djaffe/work/GIT/LINDSEY/TechMaturation2014/LS6500/Gamma_Pre-irradiation141017/MeasurementNo00037.xls
get measurement from /Users/djaffe/work/GIT/LINDSEY/TechMaturation2014/LS6500/Gamma_Pre-irradiation141017/MeasurementNo00078.xls
get measurement from /Users/djaffe/work/GIT/LINDSEY/TechMaturation2014/LS6500/Gamma_Pre-irradiation141017/MeasurementNo00119.xls
get measurement from /Users/djaffe/work/GIT/LINDSEY/TechMaturation2014/LS6500/Gamma_Pre-irradiation141017/MeasurementNo00160.xls
get measurement from /Users/djaffe/work/GIT/LINDSEY/TechMaturation2014/LS6500/Gamma_Pre-irradiation141017/MeasurementNo00201.xls
get measurement from /Users/djaffe/work/GIT/LINDSEY/TechMaturation2014/LS6500/Gamma_Pre-irradiation141017/MeasurementNo00242.xls
get measurement from /Users/djaffe/work/GIT/LINDSEY/TechMaturation2014/LS6500/Gamma_Pre-irradiation141017/MeasurementNo00283.xls
get measurement from /Users/djaffe/work/GIT/LINDSEY/TechMaturation2014/LS6500/Gamma_Pre-irradiation141017/MeasurementNo00324.xls
get measurement from /Users/djaffe/work/GIT/LINDSEY/TechMaturation2014/LS6500/Gamma_Pre-irradiation141017/MeasurementNo00365.xls
get measurement from /Users/djaffe/work/GIT/LINDSEY/TechMaturation2014/LS6500/Gamma_Pre-irradiation141017/MeasurementNo00406.xls
get measurement from /Users/djaffe/work/GIT/LINDSEY/TechMaturation2014/LS6500/Gamma_Pre-irradiation141017/MeasurementNo00447.xls
get measurement from /Users/djaffe/work/GIT/LINDSEY/TechMaturation2014/LS6500/Gamma_Pre-irradiation141017/MeasurementNo00488.xls
get measurement from /Users/djaffe/work/GIT/LINDSEY/TechMaturation2014/LS6500/Gamma_Pre-irradiation141017/MeasurementNo00529.xls
get measurement from /Users/djaffe/work/GIT/LINDSEY/TechMaturation2014/LS6500/Gamma_Pre-irradiation141017/MeasurementNo00570.xls
Tray_Position S4_Position05 Number of `no vial` to this position 3
get measurement from /Users/djaffe/work/GIT/LINDSEY/TechMaturation2014/LS6500/Gamma_Pre-irradiation141017/MeasurementNo00038.xls
get measurement from /Users/djaffe/work/GIT/LINDSEY/TechMaturation2014/LS6500/Gamma_Pre-irradiation141017/MeasurementNo00079.xls
get measurement from /Users/djaffe/work/GIT/LINDSEY/TechMaturation2014/LS6500/Gamma_Pre-irradiation141017/MeasurementNo00120.xls
get measurement from /Users/djaffe/work/GIT/LINDSEY/TechMaturation2014/LS6500/Gamma_Pre-irradiation141017/MeasurementNo00161.xls
get measurement from /Users/djaffe/work/GIT/LINDSEY/TechMaturation2014/LS6500/Gamma_Pre-irradiation141017/MeasurementNo00202.xls
get measurement from /Users/djaffe/work/GIT/LINDSEY/TechMaturation2014/LS6500/Gamma_Pre-irradiation141017/MeasurementNo00243.xls
get measurement from /Users/djaffe/work/GIT/LINDSEY/TechMaturation2014/LS6500/Gamma_Pre-irradiation141017/MeasurementNo00284.xls
get measurement from /Users/djaffe/work/GIT/LINDSEY/TechMaturation2014/LS6500/Gamma_Pre-irradiation141017/MeasurementNo00325.xls
get measurement from /Users/djaffe/work/GIT/LINDSEY/TechMaturation2014/LS6500/Gamma_Pre-irradiation141017/MeasurementNo00366.xls
get measurement from /Users/djaffe/work/GIT/LINDSEY/TechMaturation2014/LS6500/Gamma_Pre-irradiation141017/MeasurementNo00407.xls
get measurement from /Users/djaffe/work/GIT/LINDSEY/TechMaturation2014/LS6500/Gamma_Pre-irradiation141017/MeasurementNo00448.xls
get measurement from /Users/djaffe/work/GIT/LINDSEY/TechMaturation2014/LS6500/Gamma_Pre-irradiation141017/MeasurementNo00489.xls
get measurement from /Users/djaffe/work/GIT/LINDSEY/TechMaturation2014/LS6500/Gamma_Pre-irradiation141017/MeasurementNo00530.xls
get measurement from /Users/djaffe/work/GIT/LINDSEY/TechMaturation2014/LS6500/Gamma_Pre-irradiation141017/MeasurementNo00571.xls
Tray_Position S4_Position06 Number of `no vial` to this position 3
get measurement from /Users/djaffe/work/GIT/LINDSEY/TechMaturation2014/LS6500/Gamma_Pre-irradiation141017/MeasurementNo00039.xls
get measurement from /Users/djaffe/work/GIT/LINDSEY/TechMaturation2014/LS6500/Gamma_Pre-irradiation141017/MeasurementNo00080.xls
get measurement from /Users/djaffe/work/GIT/LINDSEY/TechMaturation2014/LS6500/Gamma_Pre-irradiation141017/MeasurementNo00121.xls
get measurement from /Users/djaffe/work/GIT/LINDSEY/TechMaturation2014/LS6500/Gamma_Pre-irradiation141017/MeasurementNo00162.xls
get measurement from /Users/djaffe/work/GIT/LINDSEY/TechMaturation2014/LS6500/Gamma_Pre-irradiation141017/MeasurementNo00203.xls
get measurement from /Users/djaffe/work/GIT/LINDSEY/TechMaturation2014/LS6500/Gamma_Pre-irradiation141017/MeasurementNo00244.xls
get measurement from /Users/djaffe/work/GIT/LINDSEY/TechMaturation2014/LS6500/Gamma_Pre-irradiation141017/MeasurementNo00285.xls
get measurement from /Users/djaffe/work/GIT/LINDSEY/TechMaturation2014/LS6500/Gamma_Pre-irradiation141017/MeasurementNo00326.xls
get measurement from /Users/djaffe/work/GIT/LINDSEY/TechMaturation2014/LS6500/Gamma_Pre-irradiation141017/MeasurementNo00367.xls
get measurement from /Users/djaffe/work/GIT/LINDSEY/TechMaturation2014/LS6500/Gamma_Pre-irradiation141017/MeasurementNo00408.xls
get measurement from /Users/djaffe/work/GIT/LINDSEY/TechMaturation2014/LS6500/Gamma_Pre-irradiation141017/MeasurementNo00449.xls
get measurement from /Users/djaffe/work/GIT/LINDSEY/TechMaturation2014/LS6500/Gamma_Pre-irradiation141017/MeasurementNo00490.xls
get measurement from /Users/djaffe/work/GIT/LINDSEY/TechMaturation2014/LS6500/Gamma_Pre-irradiation141017/MeasurementNo00531.xls
get measurement from /Users/djaffe/work/GIT/LINDSEY/TechMaturation2014/LS6500/Gamma_Pre-irradiation141017/MeasurementNo00572.xls
Tray_Position S4_Position07 Number of `no vial` to this position 3
get measurement from /Users/djaffe/work/GIT/LINDSEY/TechMaturation2014/LS6500/Gamma_Pre-irradiation141017/MeasurementNo00040.xls
get measurement from /Users/djaffe/work/GIT/LINDSEY/TechMaturation2014/LS6500/Gamma_Pre-irradiation141017/MeasurementNo00081.xls
get measurement from /Users/djaffe/work/GIT/LINDSEY/TechMaturation2014/LS6500/Gamma_Pre-irradiation141017/MeasurementNo00122.xls
get measurement from /Users/djaffe/work/GIT/LINDSEY/TechMaturation2014/LS6500/Gamma_Pre-irradiation141017/MeasurementNo00163.xls
get measurement from /Users/djaffe/work/GIT/LINDSEY/TechMaturation2014/LS6500/Gamma_Pre-irradiation141017/MeasurementNo00204.xls
get measurement from /Users/djaffe/work/GIT/LINDSEY/TechMaturation2014/LS6500/Gamma_Pre-irradiation141017/MeasurementNo00245.xls
get measurement from /Users/djaffe/work/GIT/LINDSEY/TechMaturation2014/LS6500/Gamma_Pre-irradiation141017/MeasurementNo00286.xls
get measurement from /Users/djaffe/work/GIT/LINDSEY/TechMaturation2014/LS6500/Gamma_Pre-irradiation141017/MeasurementNo00327.xls
get measurement from /Users/djaffe/work/GIT/LINDSEY/TechMaturation2014/LS6500/Gamma_Pre-irradiation141017/MeasurementNo00368.xls
get measurement from /Users/djaffe/work/GIT/LINDSEY/TechMaturation2014/LS6500/Gamma_Pre-irradiation141017/MeasurementNo00409.xls
get measurement from /Users/djaffe/work/GIT/LINDSEY/TechMaturation2014/LS6500/Gamma_Pre-irradiation141017/MeasurementNo00450.xls
get measurement from /Users/djaffe/work/GIT/LINDSEY/TechMaturation2014/LS6500/Gamma_Pre-irradiation141017/MeasurementNo00491.xls
get measurement from /Users/djaffe/work/GIT/LINDSEY/TechMaturation2014/LS6500/Gamma_Pre-irradiation141017/MeasurementNo00532.xls
get measurement from /Users/djaffe/work/GIT/LINDSEY/TechMaturation2014/LS6500/Gamma_Pre-irradiation141017/MeasurementNo00573.xls
ls6500.putOrGet: patience...writing pickled data to Pickles/Gamma_Pre-irradiation141017.pickle
ls6500.Analyze
pn S1_Position01 sample EMPTY
pn S1_Position02 sample 0050_0_1
pn S1_Position03 sample 0050_0_2
pn S1_Position04 sample 0052_0_1
pn S1_Position05 sample 0052_0_2
pn S1_Position06 sample 0050_100_1
pn S1_Position07 sample 0050_100_2
pn S1_Position08 sample 0052_100_1
pn S1_Position09 sample 0052_100_2
pn S1_Position10 sample 0050_400_1
pn S1_Position11 sample 0050_400_2
pn S2_Position01 sample 0052_400_1
pn S2_Position02 sample EMPTY
pn S2_Position03 sample 0052_400_2
pn S2_Position04 sample 0100_0_1
pn S2_Position05 sample 0100_0_2
pn S2_Position06 sample 0102_0_1
pn S2_Position07 sample 0102_0_2
pn S2_Position08 sample 0100_1_1
pn S2_Position09 sample 0100_1_2
pn S2_Position10 sample 0102_1_1
pn S2_Position11 sample 0102_1_2
pn S3_Position01 sample 0100_10_1
pn S3_Position02 sample 0100_10_2
pn S3_Position03 sample EMPTY
pn S3_Position04 sample 0102_10_1
pn S3_Position05 sample 0102_10_2
pn S3_Position06 sample 0100_100_1
pn S3_Position07 sample 0100_100_2
pn S3_Position08 sample 0102_100_1
pn S3_Position09 sample 0102_100_2
pn S3_Position10 sample 0100_400_1
pn S3_Position11 sample 0100_400_2
pn S4_Position01 sample 0102_400_1
pn S4_Position02 sample 0102_400_2
pn S4_Position03 sample 0100_1000_1
pn S4_Position04 sample EMPTY
pn S4_Position05 sample 0100_1000_2
pn S4_Position06 sample 0102_1000_1
pn S4_Position07 sample 0102_1000_2
EMPTY Gamma 0.922948 0.996378 0.004188 0.999388 0.402139 0.989469 0.891056 0.489310 0.283300 0.028860 0.999901 0.874109 0.018202 0.539151 
0050_0_1 Gamma 0.446127 0.170153 0.012413 0.016629 0.009375 0.001601 0.019898 0.029021 0.000000 0.000006 0.000003 0.000000 0.000000 0.000000 
0050_0_2 Gamma 0.999308 0.111467 0.303088 0.119396 0.012729 0.001038 0.000530 0.000000 0.000008 0.000000 0.000000 0.000000 0.000000 0.000000 
0052_0_1 Gamma 0.402440 0.046425 0.330334 0.000022 0.000000 0.000000 0.000004 0.000001 0.008176 0.005452 0.000113 0.000000 0.000000 0.000000 
0052_0_2 Gamma 0.000026 0.003985 0.000022 0.000000 0.000000 0.000000 0.000000 0.000000 0.000000 0.000000 0.000000 0.000000 0.000000 0.000000 
0050_100_1 Gamma 0.050713 0.002109 0.000001 0.058154 0.000014 0.004220 0.000058 0.000000 0.000000 0.000000 0.000000 0.000000 0.000000 0.000000 
0050_100_2 Gamma 0.703486 0.216461 0.437336 0.046335 0.002352 0.004247 0.379918 0.000596 0.003278 0.002048 0.000069 0.000001 0.000178 0.000001 
0052_100_1 Gamma 0.632925 0.118976 0.049843 0.000015 0.000000 0.000000 0.000002 0.002038 0.000024 0.000001 0.000067 0.000105 0.000000 0.000000 
0052_100_2 Gamma 0.605790 0.465350 0.025072 0.000543 0.000000 0.000000 0.000000 0.000000 0.000008 0.000000 0.000012 0.000006 0.000000 0.000000 
0050_400_1 Gamma 0.944463 0.318947 0.131164 0.518251 0.050712 0.931217 0.001182 0.001032 0.000004 0.000063 0.000107 0.000124 0.000000 0.000000 
0050_400_2 Gamma 0.844911 0.940184 0.107572 0.214789 0.126829 0.515783 0.006869 0.001946 0.000020 0.001090 0.000000 0.000000 0.000009 0.000005 
0052_400_1 Gamma 0.195131 0.056957 0.075732 0.000003 0.000241 0.000000 0.000001 0.005031 0.001613 0.000001 0.000045 0.000340 0.000000 0.000000 
EMPTY Gamma 0.981768 0.346061 0.602442 0.994491 0.601721 0.998954 0.998785 0.544005 0.986702 0.994450 0.228478 0.113026 0.962073 0.229164 
0052_400_2 Gamma 0.620137 0.370026 0.025789 0.000070 0.000000 0.000000 0.000059 0.000015 0.006627 0.000350 0.000004 0.000000 0.000000 0.000000 
0100_0_1 Gamma 0.795656 0.897904 0.563145 0.262789 0.016065 0.000088 0.686756 0.029795 0.872547 0.999759 0.020859 0.402470 0.003408 0.083296 
0100_0_2 Gamma 0.938480 0.661032 0.568654 0.002972 0.001632 0.000252 0.933125 0.120415 0.182023 0.619373 0.063644 0.002467 0.167508 0.185770 
0102_0_1 Gamma 0.298813 0.077071 0.003771 0.000005 0.000000 0.000000 0.018725 0.000034 0.000014 0.000022 0.044817 0.000015 0.000031 0.000000 
0102_0_2 Gamma 0.192134 0.592386 0.359304 0.002836 0.000001 0.000001 0.000362 0.078478 0.079402 0.000135 0.205876 0.000269 0.000002 0.000003 
0100_1_1 Gamma 0.050051 0.140642 0.058106 0.224236 0.016473 0.021678 0.741952 0.011292 0.001478 0.040515 0.000153 0.000092 0.001001 0.031497 
0100_1_2 Gamma 0.076220 0.008848 0.342049 0.000015 0.000019 0.000030 0.530327 0.520671 0.190725 0.439189 0.104093 0.010997 0.865177 0.029186 
0102_1_1 Gamma 0.405254 0.003251 0.175274 0.000000 0.000000 0.000000 0.000175 0.001378 0.024531 0.000000 0.034093 0.000001 0.000000 0.000000 
0102_1_2 Gamma 0.343222 0.000680 0.579242 0.002260 0.000138 0.000267 0.148702 0.002640 0.458386 0.450432 0.358532 0.045513 0.002733 0.007424 
0100_10_1 Gamma 0.794515 0.874675 0.879041 0.104941 0.069439 0.097386 0.502207 0.081534 0.020536 0.002640 0.000271 0.272866 0.002104 
0100_10_2 Gamma 0.581487 0.986311 0.960917 0.021528 0.093170 0.189196 0.696325 0.703769 0.062164 0.200493 0.000015 0.030189 0.153789 
EMPTY Gamma 0.995766 0.994777 0.999544 0.890862 0.535814 0.999794 0.999998 0.853040 0.999597 0.369221 0.979663 0.879309 0.291177 
0102_10_1 Gamma 0.081868 0.758046 0.481854 0.001102 0.000003 0.002208 0.015327 0.001315 0.306518 0.035366 0.044558 0.012816 0.000294 
0102_10_2 Gamma 0.707336 0.751890 0.107196 0.000001 0.000010 0.000000 0.133463 0.019170 0.061701 0.002840 0.034348 0.000119 0.000010 
0100_100_1 Gamma 0.901125 0.678702 0.010443 0.017426 0.083364 0.101252 0.248479 0.171340 0.009629 0.449283 0.000050 0.006895 0.001849 
0100_100_2 Gamma 0.197795 0.890159 0.046381 0.006280 0.067380 0.000782 0.439764 0.030747 0.431601 0.217305 0.001075 0.019657 0.005090 
0102_100_1 Gamma 0.811493 0.939070 0.588931 0.000000 0.000000 0.000249 0.005455 0.060769 0.027137 0.000550 0.143352 0.000501 0.003420 
0102_100_2 Gamma 0.144609 0.653453 0.887166 0.000002 0.000000 0.000003 0.000014 0.000847 0.001109 0.000001 0.053385 0.000239 0.000000 
0100_400_1 Gamma 0.455079 0.382465 0.472711 0.000896 0.141914 0.909596 0.027048 0.146211 0.001371 0.012356 0.000012 0.005703 0.000208 
0100_400_2 Gamma 0.015213 0.008502 0.133572 0.044827 0.056200 0.406018 0.004936 0.021187 0.000001 0.001884 0.000000 0.000181 0.000116 
0102_400_1 Gamma 0.499574 0.442913 0.013874 0.000000 0.000000 0.000006 0.003735 0.027503 0.012115 0.000006 0.014951 0.000007 0.000000 
0102_400_2 Gamma 0.097933 0.018382 0.214906 0.486282 0.004368 0.396302 0.281482 0.254665 0.547071 0.230898 0.033838 0.838142 0.070733 
0100_1000_1 Gamma 0.962660 0.999989 0.355918 0.000064 0.000011 0.016025 0.031804 0.801332 0.349852 0.000000 0.001183 0.115494 0.072982 
EMPTY Gamma 0.416431 0.985896 0.994967 0.814191 0.376809 0.891646 0.853304 0.490061 0.826854 0.999972 0.900536 0.546053 0.877977 
0100_1000_2 Gamma 0.204262 0.707959 0.007814 0.000009 0.000009 0.006787 0.162544 0.068542 0.489102 0.996858 0.076690 0.247010 0.146863 
0102_1000_1 Gamma 0.216458 0.004306 0.000221 0.000007 0.000000 0.000000 0.000600 0.000001 0.000775 0.000143 0.003272 0.000000 0.000000 
0102_1000_2 Gamma 0.431227 0.101628 0.027947 0.000000 0.000000 0.000000 0.002711 0.002097 0.000005 0.000063 0.007125 0.000134 0.000000 
ls6500.Analyze: Wrote hists to Histograms/Gamma_Pre-irradiation141017.root
