This file is Log/Gamma_1Gy_141020_201411031435_878540.log
initialize ls6500
dataDir /Users/djaffe/work/GIT/LINDSEY/TechMaturation2014/LS6500/Gamma_1Gy_141020/ 
dataSubDir Gamma_1Gy_141020/
initialize spreadsheetReader
ls6500.Main: pickMode put
ls6500.processHeader: S1_Position10 has no vial
ls6500.processHeader: S1_Position11 has no vial
ls6500.processHeader: S1_Position12 has no vial
ls6500.processHeader: Found 9 total samples
ls6500.matchVialMeas: remove summary file MeasurementNo00010.xls from list
ls6500.matchVialMeas: remove summary file MeasurementNo00020.xls from list
ls6500.matchVialMeas: remove summary file MeasurementNo00030.xls from list
ls6500.matchVialMeas: remove summary file MeasurementNo00040.xls from list
ls6500.matchVialMeas: remove summary file MeasurementNo00050.xls from list
ls6500.matchVialMeas: remove summary file MeasurementNo00060.xls from list
ls6500.matchVialMeas: remove summary file MeasurementNo00070.xls from list
ls6500.matchVialMeas: remove summary file MeasurementNo00080.xls from list
ls6500.matchVialMeas: remove summary file MeasurementNo00090.xls from list
ls6500.matchVialMeas: remove summary file MeasurementNo00100.xls from list
ls6500.matchVialMeas: remove summary file MeasurementNo00110.xls from list
ls6500.matchVialMeas: remove summary file MeasurementNo00120.xls from list
ls6500.matchVialMeas: remove summary file MeasurementNo00130.xls from list
ls6500.matchVialMeas: remove summary file MeasurementNo00140.xls from list
ls6500.matchVialMeas: remove summary file MeasurementNo00150.xls from list
ls6500.matchVialMeas: remove summary file MeasurementNo00160.xls from list
ls6500.matchVialMeas: remove summary file MeasurementNo00170.xls from list
ls6500.fillSampleMsmts: initial,final sampleMsmts length 0 , 9
ls6500.fillSampleMsmts: Samples in fillSampleMsmts 0102_1_2 0100_1_1 EMPTY_S1_Position01 0102_1_1 0100_1_2 0100_0_1 0102_0_2 0102_0_1 0100_0_2 Tray_Position S1_Position01 Number of `no vial` to this position 0
get measurement from /Users/djaffe/work/GIT/LINDSEY/TechMaturation2014/LS6500/Gamma_1Gy_141020/MeasurementNo00001.xls
get measurement from /Users/djaffe/work/GIT/LINDSEY/TechMaturation2014/LS6500/Gamma_1Gy_141020/MeasurementNo00011.xls
get measurement from /Users/djaffe/work/GIT/LINDSEY/TechMaturation2014/LS6500/Gamma_1Gy_141020/MeasurementNo00021.xls
get measurement from /Users/djaffe/work/GIT/LINDSEY/TechMaturation2014/LS6500/Gamma_1Gy_141020/MeasurementNo00031.xls
get measurement from /Users/djaffe/work/GIT/LINDSEY/TechMaturation2014/LS6500/Gamma_1Gy_141020/MeasurementNo00041.xls
get measurement from /Users/djaffe/work/GIT/LINDSEY/TechMaturation2014/LS6500/Gamma_1Gy_141020/MeasurementNo00051.xls
get measurement from /Users/djaffe/work/GIT/LINDSEY/TechMaturation2014/LS6500/Gamma_1Gy_141020/MeasurementNo00061.xls
get measurement from /Users/djaffe/work/GIT/LINDSEY/TechMaturation2014/LS6500/Gamma_1Gy_141020/MeasurementNo00071.xls
get measurement from /Users/djaffe/work/GIT/LINDSEY/TechMaturation2014/LS6500/Gamma_1Gy_141020/MeasurementNo00081.xls
get measurement from /Users/djaffe/work/GIT/LINDSEY/TechMaturation2014/LS6500/Gamma_1Gy_141020/MeasurementNo00091.xls
get measurement from /Users/djaffe/work/GIT/LINDSEY/TechMaturation2014/LS6500/Gamma_1Gy_141020/MeasurementNo00101.xls
get measurement from /Users/djaffe/work/GIT/LINDSEY/TechMaturation2014/LS6500/Gamma_1Gy_141020/MeasurementNo00111.xls
get measurement from /Users/djaffe/work/GIT/LINDSEY/TechMaturation2014/LS6500/Gamma_1Gy_141020/MeasurementNo00121.xls
get measurement from /Users/djaffe/work/GIT/LINDSEY/TechMaturation2014/LS6500/Gamma_1Gy_141020/MeasurementNo00131.xls
get measurement from /Users/djaffe/work/GIT/LINDSEY/TechMaturation2014/LS6500/Gamma_1Gy_141020/MeasurementNo00141.xls
get measurement from /Users/djaffe/work/GIT/LINDSEY/TechMaturation2014/LS6500/Gamma_1Gy_141020/MeasurementNo00151.xls
get measurement from /Users/djaffe/work/GIT/LINDSEY/TechMaturation2014/LS6500/Gamma_1Gy_141020/MeasurementNo00161.xls
Tray_Position S1_Position02 Number of `no vial` to this position 0
get measurement from /Users/djaffe/work/GIT/LINDSEY/TechMaturation2014/LS6500/Gamma_1Gy_141020/MeasurementNo00002.xls
get measurement from /Users/djaffe/work/GIT/LINDSEY/TechMaturation2014/LS6500/Gamma_1Gy_141020/MeasurementNo00012.xls
get measurement from /Users/djaffe/work/GIT/LINDSEY/TechMaturation2014/LS6500/Gamma_1Gy_141020/MeasurementNo00022.xls
get measurement from /Users/djaffe/work/GIT/LINDSEY/TechMaturation2014/LS6500/Gamma_1Gy_141020/MeasurementNo00032.xls
get measurement from /Users/djaffe/work/GIT/LINDSEY/TechMaturation2014/LS6500/Gamma_1Gy_141020/MeasurementNo00042.xls
get measurement from /Users/djaffe/work/GIT/LINDSEY/TechMaturation2014/LS6500/Gamma_1Gy_141020/MeasurementNo00052.xls
get measurement from /Users/djaffe/work/GIT/LINDSEY/TechMaturation2014/LS6500/Gamma_1Gy_141020/MeasurementNo00062.xls
get measurement from /Users/djaffe/work/GIT/LINDSEY/TechMaturation2014/LS6500/Gamma_1Gy_141020/MeasurementNo00072.xls
get measurement from /Users/djaffe/work/GIT/LINDSEY/TechMaturation2014/LS6500/Gamma_1Gy_141020/MeasurementNo00082.xls
get measurement from /Users/djaffe/work/GIT/LINDSEY/TechMaturation2014/LS6500/Gamma_1Gy_141020/MeasurementNo00092.xls
get measurement from /Users/djaffe/work/GIT/LINDSEY/TechMaturation2014/LS6500/Gamma_1Gy_141020/MeasurementNo00102.xls
get measurement from /Users/djaffe/work/GIT/LINDSEY/TechMaturation2014/LS6500/Gamma_1Gy_141020/MeasurementNo00112.xls
get measurement from /Users/djaffe/work/GIT/LINDSEY/TechMaturation2014/LS6500/Gamma_1Gy_141020/MeasurementNo00122.xls
get measurement from /Users/djaffe/work/GIT/LINDSEY/TechMaturation2014/LS6500/Gamma_1Gy_141020/MeasurementNo00132.xls
get measurement from /Users/djaffe/work/GIT/LINDSEY/TechMaturation2014/LS6500/Gamma_1Gy_141020/MeasurementNo00142.xls
get measurement from /Users/djaffe/work/GIT/LINDSEY/TechMaturation2014/LS6500/Gamma_1Gy_141020/MeasurementNo00152.xls
get measurement from /Users/djaffe/work/GIT/LINDSEY/TechMaturation2014/LS6500/Gamma_1Gy_141020/MeasurementNo00162.xls
Tray_Position S1_Position03 Number of `no vial` to this position 0
get measurement from /Users/djaffe/work/GIT/LINDSEY/TechMaturation2014/LS6500/Gamma_1Gy_141020/MeasurementNo00003.xls
get measurement from /Users/djaffe/work/GIT/LINDSEY/TechMaturation2014/LS6500/Gamma_1Gy_141020/MeasurementNo00013.xls
get measurement from /Users/djaffe/work/GIT/LINDSEY/TechMaturation2014/LS6500/Gamma_1Gy_141020/MeasurementNo00023.xls
get measurement from /Users/djaffe/work/GIT/LINDSEY/TechMaturation2014/LS6500/Gamma_1Gy_141020/MeasurementNo00033.xls
get measurement from /Users/djaffe/work/GIT/LINDSEY/TechMaturation2014/LS6500/Gamma_1Gy_141020/MeasurementNo00043.xls
get measurement from /Users/djaffe/work/GIT/LINDSEY/TechMaturation2014/LS6500/Gamma_1Gy_141020/MeasurementNo00053.xls
get measurement from /Users/djaffe/work/GIT/LINDSEY/TechMaturation2014/LS6500/Gamma_1Gy_141020/MeasurementNo00063.xls
get measurement from /Users/djaffe/work/GIT/LINDSEY/TechMaturation2014/LS6500/Gamma_1Gy_141020/MeasurementNo00073.xls
get measurement from /Users/djaffe/work/GIT/LINDSEY/TechMaturation2014/LS6500/Gamma_1Gy_141020/MeasurementNo00083.xls
get measurement from /Users/djaffe/work/GIT/LINDSEY/TechMaturation2014/LS6500/Gamma_1Gy_141020/MeasurementNo00093.xls
get measurement from /Users/djaffe/work/GIT/LINDSEY/TechMaturation2014/LS6500/Gamma_1Gy_141020/MeasurementNo00103.xls
get measurement from /Users/djaffe/work/GIT/LINDSEY/TechMaturation2014/LS6500/Gamma_1Gy_141020/MeasurementNo00113.xls
get measurement from /Users/djaffe/work/GIT/LINDSEY/TechMaturation2014/LS6500/Gamma_1Gy_141020/MeasurementNo00123.xls
get measurement from /Users/djaffe/work/GIT/LINDSEY/TechMaturation2014/LS6500/Gamma_1Gy_141020/MeasurementNo00133.xls
get measurement from /Users/djaffe/work/GIT/LINDSEY/TechMaturation2014/LS6500/Gamma_1Gy_141020/MeasurementNo00143.xls
get measurement from /Users/djaffe/work/GIT/LINDSEY/TechMaturation2014/LS6500/Gamma_1Gy_141020/MeasurementNo00153.xls
get measurement from /Users/djaffe/work/GIT/LINDSEY/TechMaturation2014/LS6500/Gamma_1Gy_141020/MeasurementNo00163.xls
Tray_Position S1_Position04 Number of `no vial` to this position 0
get measurement from /Users/djaffe/work/GIT/LINDSEY/TechMaturation2014/LS6500/Gamma_1Gy_141020/MeasurementNo00004.xls
get measurement from /Users/djaffe/work/GIT/LINDSEY/TechMaturation2014/LS6500/Gamma_1Gy_141020/MeasurementNo00014.xls
get measurement from /Users/djaffe/work/GIT/LINDSEY/TechMaturation2014/LS6500/Gamma_1Gy_141020/MeasurementNo00024.xls
get measurement from /Users/djaffe/work/GIT/LINDSEY/TechMaturation2014/LS6500/Gamma_1Gy_141020/MeasurementNo00034.xls
get measurement from /Users/djaffe/work/GIT/LINDSEY/TechMaturation2014/LS6500/Gamma_1Gy_141020/MeasurementNo00044.xls
get measurement from /Users/djaffe/work/GIT/LINDSEY/TechMaturation2014/LS6500/Gamma_1Gy_141020/MeasurementNo00054.xls
get measurement from /Users/djaffe/work/GIT/LINDSEY/TechMaturation2014/LS6500/Gamma_1Gy_141020/MeasurementNo00064.xls
get measurement from /Users/djaffe/work/GIT/LINDSEY/TechMaturation2014/LS6500/Gamma_1Gy_141020/MeasurementNo00074.xls
get measurement from /Users/djaffe/work/GIT/LINDSEY/TechMaturation2014/LS6500/Gamma_1Gy_141020/MeasurementNo00084.xls
get measurement from /Users/djaffe/work/GIT/LINDSEY/TechMaturation2014/LS6500/Gamma_1Gy_141020/MeasurementNo00094.xls
get measurement from /Users/djaffe/work/GIT/LINDSEY/TechMaturation2014/LS6500/Gamma_1Gy_141020/MeasurementNo00104.xls
get measurement from /Users/djaffe/work/GIT/LINDSEY/TechMaturation2014/LS6500/Gamma_1Gy_141020/MeasurementNo00114.xls
get measurement from /Users/djaffe/work/GIT/LINDSEY/TechMaturation2014/LS6500/Gamma_1Gy_141020/MeasurementNo00124.xls
get measurement from /Users/djaffe/work/GIT/LINDSEY/TechMaturation2014/LS6500/Gamma_1Gy_141020/MeasurementNo00134.xls
get measurement from /Users/djaffe/work/GIT/LINDSEY/TechMaturation2014/LS6500/Gamma_1Gy_141020/MeasurementNo00144.xls
get measurement from /Users/djaffe/work/GIT/LINDSEY/TechMaturation2014/LS6500/Gamma_1Gy_141020/MeasurementNo00154.xls
get measurement from /Users/djaffe/work/GIT/LINDSEY/TechMaturation2014/LS6500/Gamma_1Gy_141020/MeasurementNo00164.xls
Tray_Position S1_Position05 Number of `no vial` to this position 0
get measurement from /Users/djaffe/work/GIT/LINDSEY/TechMaturation2014/LS6500/Gamma_1Gy_141020/MeasurementNo00005.xls
get measurement from /Users/djaffe/work/GIT/LINDSEY/TechMaturation2014/LS6500/Gamma_1Gy_141020/MeasurementNo00015.xls
get measurement from /Users/djaffe/work/GIT/LINDSEY/TechMaturation2014/LS6500/Gamma_1Gy_141020/MeasurementNo00025.xls
get measurement from /Users/djaffe/work/GIT/LINDSEY/TechMaturation2014/LS6500/Gamma_1Gy_141020/MeasurementNo00035.xls
get measurement from /Users/djaffe/work/GIT/LINDSEY/TechMaturation2014/LS6500/Gamma_1Gy_141020/MeasurementNo00045.xls
get measurement from /Users/djaffe/work/GIT/LINDSEY/TechMaturation2014/LS6500/Gamma_1Gy_141020/MeasurementNo00055.xls
get measurement from /Users/djaffe/work/GIT/LINDSEY/TechMaturation2014/LS6500/Gamma_1Gy_141020/MeasurementNo00065.xls
get measurement from /Users/djaffe/work/GIT/LINDSEY/TechMaturation2014/LS6500/Gamma_1Gy_141020/MeasurementNo00075.xls
get measurement from /Users/djaffe/work/GIT/LINDSEY/TechMaturation2014/LS6500/Gamma_1Gy_141020/MeasurementNo00085.xls
get measurement from /Users/djaffe/work/GIT/LINDSEY/TechMaturation2014/LS6500/Gamma_1Gy_141020/MeasurementNo00095.xls
get measurement from /Users/djaffe/work/GIT/LINDSEY/TechMaturation2014/LS6500/Gamma_1Gy_141020/MeasurementNo00105.xls
get measurement from /Users/djaffe/work/GIT/LINDSEY/TechMaturation2014/LS6500/Gamma_1Gy_141020/MeasurementNo00115.xls
get measurement from /Users/djaffe/work/GIT/LINDSEY/TechMaturation2014/LS6500/Gamma_1Gy_141020/MeasurementNo00125.xls
get measurement from /Users/djaffe/work/GIT/LINDSEY/TechMaturation2014/LS6500/Gamma_1Gy_141020/MeasurementNo00135.xls
get measurement from /Users/djaffe/work/GIT/LINDSEY/TechMaturation2014/LS6500/Gamma_1Gy_141020/MeasurementNo00145.xls
get measurement from /Users/djaffe/work/GIT/LINDSEY/TechMaturation2014/LS6500/Gamma_1Gy_141020/MeasurementNo00155.xls
get measurement from /Users/djaffe/work/GIT/LINDSEY/TechMaturation2014/LS6500/Gamma_1Gy_141020/MeasurementNo00165.xls
Tray_Position S1_Position06 Number of `no vial` to this position 0
get measurement from /Users/djaffe/work/GIT/LINDSEY/TechMaturation2014/LS6500/Gamma_1Gy_141020/MeasurementNo00006.xls
get measurement from /Users/djaffe/work/GIT/LINDSEY/TechMaturation2014/LS6500/Gamma_1Gy_141020/MeasurementNo00016.xls
get measurement from /Users/djaffe/work/GIT/LINDSEY/TechMaturation2014/LS6500/Gamma_1Gy_141020/MeasurementNo00026.xls
get measurement from /Users/djaffe/work/GIT/LINDSEY/TechMaturation2014/LS6500/Gamma_1Gy_141020/MeasurementNo00036.xls
get measurement from /Users/djaffe/work/GIT/LINDSEY/TechMaturation2014/LS6500/Gamma_1Gy_141020/MeasurementNo00046.xls
get measurement from /Users/djaffe/work/GIT/LINDSEY/TechMaturation2014/LS6500/Gamma_1Gy_141020/MeasurementNo00056.xls
get measurement from /Users/djaffe/work/GIT/LINDSEY/TechMaturation2014/LS6500/Gamma_1Gy_141020/MeasurementNo00066.xls
get measurement from /Users/djaffe/work/GIT/LINDSEY/TechMaturation2014/LS6500/Gamma_1Gy_141020/MeasurementNo00076.xls
get measurement from /Users/djaffe/work/GIT/LINDSEY/TechMaturation2014/LS6500/Gamma_1Gy_141020/MeasurementNo00086.xls
get measurement from /Users/djaffe/work/GIT/LINDSEY/TechMaturation2014/LS6500/Gamma_1Gy_141020/MeasurementNo00096.xls
get measurement from /Users/djaffe/work/GIT/LINDSEY/TechMaturation2014/LS6500/Gamma_1Gy_141020/MeasurementNo00106.xls
get measurement from /Users/djaffe/work/GIT/LINDSEY/TechMaturation2014/LS6500/Gamma_1Gy_141020/MeasurementNo00116.xls
get measurement from /Users/djaffe/work/GIT/LINDSEY/TechMaturation2014/LS6500/Gamma_1Gy_141020/MeasurementNo00126.xls
get measurement from /Users/djaffe/work/GIT/LINDSEY/TechMaturation2014/LS6500/Gamma_1Gy_141020/MeasurementNo00136.xls
get measurement from /Users/djaffe/work/GIT/LINDSEY/TechMaturation2014/LS6500/Gamma_1Gy_141020/MeasurementNo00146.xls
get measurement from /Users/djaffe/work/GIT/LINDSEY/TechMaturation2014/LS6500/Gamma_1Gy_141020/MeasurementNo00156.xls
get measurement from /Users/djaffe/work/GIT/LINDSEY/TechMaturation2014/LS6500/Gamma_1Gy_141020/MeasurementNo00166.xls
Tray_Position S1_Position07 Number of `no vial` to this position 0
get measurement from /Users/djaffe/work/GIT/LINDSEY/TechMaturation2014/LS6500/Gamma_1Gy_141020/MeasurementNo00007.xls
get measurement from /Users/djaffe/work/GIT/LINDSEY/TechMaturation2014/LS6500/Gamma_1Gy_141020/MeasurementNo00017.xls
get measurement from /Users/djaffe/work/GIT/LINDSEY/TechMaturation2014/LS6500/Gamma_1Gy_141020/MeasurementNo00027.xls
get measurement from /Users/djaffe/work/GIT/LINDSEY/TechMaturation2014/LS6500/Gamma_1Gy_141020/MeasurementNo00037.xls
get measurement from /Users/djaffe/work/GIT/LINDSEY/TechMaturation2014/LS6500/Gamma_1Gy_141020/MeasurementNo00047.xls
get measurement from /Users/djaffe/work/GIT/LINDSEY/TechMaturation2014/LS6500/Gamma_1Gy_141020/MeasurementNo00057.xls
get measurement from /Users/djaffe/work/GIT/LINDSEY/TechMaturation2014/LS6500/Gamma_1Gy_141020/MeasurementNo00067.xls
get measurement from /Users/djaffe/work/GIT/LINDSEY/TechMaturation2014/LS6500/Gamma_1Gy_141020/MeasurementNo00077.xls
get measurement from /Users/djaffe/work/GIT/LINDSEY/TechMaturation2014/LS6500/Gamma_1Gy_141020/MeasurementNo00087.xls
get measurement from /Users/djaffe/work/GIT/LINDSEY/TechMaturation2014/LS6500/Gamma_1Gy_141020/MeasurementNo00097.xls
get measurement from /Users/djaffe/work/GIT/LINDSEY/TechMaturation2014/LS6500/Gamma_1Gy_141020/MeasurementNo00107.xls
get measurement from /Users/djaffe/work/GIT/LINDSEY/TechMaturation2014/LS6500/Gamma_1Gy_141020/MeasurementNo00117.xls
get measurement from /Users/djaffe/work/GIT/LINDSEY/TechMaturation2014/LS6500/Gamma_1Gy_141020/MeasurementNo00127.xls
get measurement from /Users/djaffe/work/GIT/LINDSEY/TechMaturation2014/LS6500/Gamma_1Gy_141020/MeasurementNo00137.xls
get measurement from /Users/djaffe/work/GIT/LINDSEY/TechMaturation2014/LS6500/Gamma_1Gy_141020/MeasurementNo00147.xls
get measurement from /Users/djaffe/work/GIT/LINDSEY/TechMaturation2014/LS6500/Gamma_1Gy_141020/MeasurementNo00157.xls
get measurement from /Users/djaffe/work/GIT/LINDSEY/TechMaturation2014/LS6500/Gamma_1Gy_141020/MeasurementNo00167.xls
Tray_Position S1_Position08 Number of `no vial` to this position 0
get measurement from /Users/djaffe/work/GIT/LINDSEY/TechMaturation2014/LS6500/Gamma_1Gy_141020/MeasurementNo00008.xls
get measurement from /Users/djaffe/work/GIT/LINDSEY/TechMaturation2014/LS6500/Gamma_1Gy_141020/MeasurementNo00018.xls
get measurement from /Users/djaffe/work/GIT/LINDSEY/TechMaturation2014/LS6500/Gamma_1Gy_141020/MeasurementNo00028.xls
get measurement from /Users/djaffe/work/GIT/LINDSEY/TechMaturation2014/LS6500/Gamma_1Gy_141020/MeasurementNo00038.xls
get measurement from /Users/djaffe/work/GIT/LINDSEY/TechMaturation2014/LS6500/Gamma_1Gy_141020/MeasurementNo00048.xls
get measurement from /Users/djaffe/work/GIT/LINDSEY/TechMaturation2014/LS6500/Gamma_1Gy_141020/MeasurementNo00058.xls
get measurement from /Users/djaffe/work/GIT/LINDSEY/TechMaturation2014/LS6500/Gamma_1Gy_141020/MeasurementNo00068.xls
get measurement from /Users/djaffe/work/GIT/LINDSEY/TechMaturation2014/LS6500/Gamma_1Gy_141020/MeasurementNo00078.xls
get measurement from /Users/djaffe/work/GIT/LINDSEY/TechMaturation2014/LS6500/Gamma_1Gy_141020/MeasurementNo00088.xls
get measurement from /Users/djaffe/work/GIT/LINDSEY/TechMaturation2014/LS6500/Gamma_1Gy_141020/MeasurementNo00098.xls
get measurement from /Users/djaffe/work/GIT/LINDSEY/TechMaturation2014/LS6500/Gamma_1Gy_141020/MeasurementNo00108.xls
get measurement from /Users/djaffe/work/GIT/LINDSEY/TechMaturation2014/LS6500/Gamma_1Gy_141020/MeasurementNo00118.xls
get measurement from /Users/djaffe/work/GIT/LINDSEY/TechMaturation2014/LS6500/Gamma_1Gy_141020/MeasurementNo00128.xls
get measurement from /Users/djaffe/work/GIT/LINDSEY/TechMaturation2014/LS6500/Gamma_1Gy_141020/MeasurementNo00138.xls
get measurement from /Users/djaffe/work/GIT/LINDSEY/TechMaturation2014/LS6500/Gamma_1Gy_141020/MeasurementNo00148.xls
get measurement from /Users/djaffe/work/GIT/LINDSEY/TechMaturation2014/LS6500/Gamma_1Gy_141020/MeasurementNo00158.xls
get measurement from /Users/djaffe/work/GIT/LINDSEY/TechMaturation2014/LS6500/Gamma_1Gy_141020/MeasurementNo00168.xls
Tray_Position S1_Position09 Number of `no vial` to this position 0
get measurement from /Users/djaffe/work/GIT/LINDSEY/TechMaturation2014/LS6500/Gamma_1Gy_141020/MeasurementNo00009.xls
get measurement from /Users/djaffe/work/GIT/LINDSEY/TechMaturation2014/LS6500/Gamma_1Gy_141020/MeasurementNo00019.xls
get measurement from /Users/djaffe/work/GIT/LINDSEY/TechMaturation2014/LS6500/Gamma_1Gy_141020/MeasurementNo00029.xls
get measurement from /Users/djaffe/work/GIT/LINDSEY/TechMaturation2014/LS6500/Gamma_1Gy_141020/MeasurementNo00039.xls
get measurement from /Users/djaffe/work/GIT/LINDSEY/TechMaturation2014/LS6500/Gamma_1Gy_141020/MeasurementNo00049.xls
get measurement from /Users/djaffe/work/GIT/LINDSEY/TechMaturation2014/LS6500/Gamma_1Gy_141020/MeasurementNo00059.xls
get measurement from /Users/djaffe/work/GIT/LINDSEY/TechMaturation2014/LS6500/Gamma_1Gy_141020/MeasurementNo00069.xls
get measurement from /Users/djaffe/work/GIT/LINDSEY/TechMaturation2014/LS6500/Gamma_1Gy_141020/MeasurementNo00079.xls
get measurement from /Users/djaffe/work/GIT/LINDSEY/TechMaturation2014/LS6500/Gamma_1Gy_141020/MeasurementNo00089.xls
get measurement from /Users/djaffe/work/GIT/LINDSEY/TechMaturation2014/LS6500/Gamma_1Gy_141020/MeasurementNo00099.xls
get measurement from /Users/djaffe/work/GIT/LINDSEY/TechMaturation2014/LS6500/Gamma_1Gy_141020/MeasurementNo00109.xls
get measurement from /Users/djaffe/work/GIT/LINDSEY/TechMaturation2014/LS6500/Gamma_1Gy_141020/MeasurementNo00119.xls
get measurement from /Users/djaffe/work/GIT/LINDSEY/TechMaturation2014/LS6500/Gamma_1Gy_141020/MeasurementNo00129.xls
get measurement from /Users/djaffe/work/GIT/LINDSEY/TechMaturation2014/LS6500/Gamma_1Gy_141020/MeasurementNo00139.xls
get measurement from /Users/djaffe/work/GIT/LINDSEY/TechMaturation2014/LS6500/Gamma_1Gy_141020/MeasurementNo00149.xls
get measurement from /Users/djaffe/work/GIT/LINDSEY/TechMaturation2014/LS6500/Gamma_1Gy_141020/MeasurementNo00159.xls
get measurement from /Users/djaffe/work/GIT/LINDSEY/TechMaturation2014/LS6500/Gamma_1Gy_141020/MeasurementNo00169.xls
ls6500.putOrGet: patience...writing pickled data to Pickles/Gamma_1Gy_141020.pickle
ls6500.Analyze
sample 0102_1_2
sample 0100_1_1
sample EMPTY_S1_Position01
sample 0102_1_1
sample 0100_1_2
sample 0100_0_1
sample 0102_0_2
sample 0102_0_1
sample 0100_0_2
0102_1_2 Gamma 0.147718 0.588287 0.000403 0.192886 0.004319 0.004709 0.000175 0.090361 0.000979 0.001291 0.006921 0.001072 0.015500 0.001368 0.021414 0.002077 
0100_1_1 Gamma 0.982365 0.145012 0.162183 0.005092 0.012760 0.003872 0.024872 0.002014 0.002707 0.241201 0.141321 0.178814 0.136283 0.227787 0.270045 0.349274 
EMPTY_S1_Position01 Gamma 0.664336 0.033216 0.982971 0.827565 0.006325 0.011033 0.062082 0.000219 0.001511 0.054966 0.001635 0.000267 0.754648 0.994185 0.023340 0.805867 
0102_1_1 Gamma 0.008663 0.203780 0.051844 0.246618 0.006914 0.027154 0.017089 0.265375 0.005817 0.013221 0.106980 0.094477 0.298860 0.005223 0.651151 0.073676 
0100_1_2 Gamma 0.028024 0.038039 0.000102 0.000006 0.000180 0.000000 0.003337 0.000000 0.003332 0.000037 0.000020 0.000000 0.000006 0.000228 0.269015 0.006987 
0100_0_1 Gamma 0.020641 0.007403 0.000456 0.000111 0.000000 0.000024 0.000004 0.000146 0.000208 0.002190 0.005566 0.002256 0.000391 0.000414 0.000001 0.000096 
0102_0_2 Gamma 0.024830 0.036737 0.000027 0.000005 0.000112 0.000116 0.000038 0.000059 0.000000 0.000290 0.000301 0.000008 0.000026 0.046814 0.000012 0.000208 
0102_0_1 Gamma 0.916736 0.092158 0.052679 0.820515 0.229898 0.315739 0.075168 0.000930 0.000554 0.010979 0.003914 0.000380 0.538333 0.624718 0.087349 0.220901 
0100_0_2 Gamma 0.377981 0.664352 0.073695 0.336651 0.821113 0.025810 0.065465 0.005808 0.127335 0.451718 0.254596 0.018597 0.932352 0.758058 0.032321 0.637602 
keyTitle: ['0102_1_2', '20141020', '16:19:53'] 0102_1_2 20141020 16:19:53
keyTitle: ['0102_1_2', '20141020', '17:26:45'] 0102_1_2 20141020 17:26:45
keyTitle: ['0102_1_2', '20141020', '18:33:35'] 0102_1_2 20141020 18:33:35
keyTitle: ['0102_1_2', '20141020', '19:40:25'] 0102_1_2 20141020 19:40:25
keyTitle: ['0102_1_2', '20141020', '20:47:16'] 0102_1_2 20141020 20:47:16
keyTitle: ['0102_1_2', '20141020', '21:54:08'] 0102_1_2 20141020 21:54:08
keyTitle: ['0102_1_2', '20141020', '23:00:54'] 0102_1_2 20141020 23:00:54
keyTitle: ['0102_1_2', '20141021', '00:07:43'] 0102_1_2 20141021 00:07:43
keyTitle: ['0102_1_2', '20141021', '01:14:27'] 0102_1_2 20141021 01:14:27
keyTitle: ['0102_1_2', '20141021', '02:21:19'] 0102_1_2 20141021 02:21:19
keyTitle: ['0102_1_2', '20141021', '03:28:06'] 0102_1_2 20141021 03:28:06
keyTitle: ['0102_1_2', '20141021', '04:34:54'] 0102_1_2 20141021 04:34:54
keyTitle: ['0102_1_2', '20141021', '05:41:41'] 0102_1_2 20141021 05:41:41
keyTitle: ['0102_1_2', '20141021', '06:48:28'] 0102_1_2 20141021 06:48:28
keyTitle: ['0102_1_2', '20141021', '07:55:14'] 0102_1_2 20141021 07:55:14
keyTitle: ['0102_1_2', '20141021', '09:01:57'] 0102_1_2 20141021 09:01:57
keyTitle: ['0102_1_2', '20141021', '10:08:46'] 0102_1_2 20141021 10:08:46
keyTitle: ['0100_1_1', '20141020', '15:57:44'] 0100_1_1 20141020 15:57:44
keyTitle: ['0100_1_1', '20141020', '17:04:37'] 0100_1_1 20141020 17:04:37
keyTitle: ['0100_1_1', '20141020', '18:11:28'] 0100_1_1 20141020 18:11:28
keyTitle: ['0100_1_1', '20141020', '19:18:17'] 0100_1_1 20141020 19:18:17
keyTitle: ['0100_1_1', '20141020', '20:25:06'] 0100_1_1 20141020 20:25:06
keyTitle: ['0100_1_1', '20141020', '21:32:01'] 0100_1_1 20141020 21:32:01
keyTitle: ['0100_1_1', '20141020', '22:38:48'] 0100_1_1 20141020 22:38:48
keyTitle: ['0100_1_1', '20141020', '23:45:35'] 0100_1_1 20141020 23:45:35
keyTitle: ['0100_1_1', '20141021', '00:52:21'] 0100_1_1 20141021 00:52:21
keyTitle: ['0100_1_1', '20141021', '01:59:10'] 0100_1_1 20141021 01:59:10
keyTitle: ['0100_1_1', '20141021', '03:05:58'] 0100_1_1 20141021 03:05:58
keyTitle: ['0100_1_1', '20141021', '04:12:47'] 0100_1_1 20141021 04:12:47
keyTitle: ['0100_1_1', '20141021', '05:19:34'] 0100_1_1 20141021 05:19:34
keyTitle: ['0100_1_1', '20141021', '06:26:20'] 0100_1_1 20141021 06:26:20
keyTitle: ['0100_1_1', '20141021', '07:33:06'] 0100_1_1 20141021 07:33:06
keyTitle: ['0100_1_1', '20141021', '08:39:51'] 0100_1_1 20141021 08:39:51
keyTitle: ['0100_1_1', '20141021', '09:46:36'] 0100_1_1 20141021 09:46:36
keyTitle: ['EMPTY_S1_Position01', '20141020', '15:20:50'] EMPTY_S1_Position01 20141020 15:20:50
keyTitle: ['EMPTY_S1_Position01', '20141020', '16:27:45'] EMPTY_S1_Position01 20141020 16:27:45
keyTitle: ['EMPTY_S1_Position01', '20141020', '17:34:37'] EMPTY_S1_Position01 20141020 17:34:37
keyTitle: ['EMPTY_S1_Position01', '20141020', '18:41:26'] EMPTY_S1_Position01 20141020 18:41:26
keyTitle: ['EMPTY_S1_Position01', '20141020', '19:48:17'] EMPTY_S1_Position01 20141020 19:48:17
keyTitle: ['EMPTY_S1_Position01', '20141020', '20:55:08'] EMPTY_S1_Position01 20141020 20:55:08
keyTitle: ['EMPTY_S1_Position01', '20141020', '22:01:59'] EMPTY_S1_Position01 20141020 22:01:59
keyTitle: ['EMPTY_S1_Position01', '20141020', '23:08:46'] EMPTY_S1_Position01 20141020 23:08:46
keyTitle: ['EMPTY_S1_Position01', '20141021', '00:15:34'] EMPTY_S1_Position01 20141021 00:15:34
keyTitle: ['EMPTY_S1_Position01', '20141021', '01:22:18'] EMPTY_S1_Position01 20141021 01:22:18
keyTitle: ['EMPTY_S1_Position01', '20141021', '02:29:11'] EMPTY_S1_Position01 20141021 02:29:11
keyTitle: ['EMPTY_S1_Position01', '20141021', '03:35:58'] EMPTY_S1_Position01 20141021 03:35:58
keyTitle: ['EMPTY_S1_Position01', '20141021', '04:42:46'] EMPTY_S1_Position01 20141021 04:42:46
keyTitle: ['EMPTY_S1_Position01', '20141021', '05:49:32'] EMPTY_S1_Position01 20141021 05:49:32
keyTitle: ['EMPTY_S1_Position01', '20141021', '06:56:19'] EMPTY_S1_Position01 20141021 06:56:19
keyTitle: ['EMPTY_S1_Position01', '20141021', '08:03:05'] EMPTY_S1_Position01 20141021 08:03:05
keyTitle: ['EMPTY_S1_Position01', '20141021', '09:09:48'] EMPTY_S1_Position01 20141021 09:09:48
keyTitle: ['0102_1_1', '20141020', '16:12:31'] 0102_1_1 20141020 16:12:31
keyTitle: ['0102_1_1', '20141020', '17:19:23'] 0102_1_1 20141020 17:19:23
keyTitle: ['0102_1_1', '20141020', '18:26:13'] 0102_1_1 20141020 18:26:13
keyTitle: ['0102_1_1', '20141020', '19:33:03'] 0102_1_1 20141020 19:33:03
keyTitle: ['0102_1_1', '20141020', '20:39:53'] 0102_1_1 20141020 20:39:53
keyTitle: ['0102_1_1', '20141020', '21:46:46'] 0102_1_1 20141020 21:46:46
keyTitle: ['0102_1_1', '20141020', '22:53:33'] 0102_1_1 20141020 22:53:33
keyTitle: ['0102_1_1', '20141021', '00:00:20'] 0102_1_1 20141021 00:00:20
keyTitle: ['0102_1_1', '20141021', '01:07:06'] 0102_1_1 20141021 01:07:06
keyTitle: ['0102_1_1', '20141021', '02:13:56'] 0102_1_1 20141021 02:13:56
keyTitle: ['0102_1_1', '20141021', '03:20:43'] 0102_1_1 20141021 03:20:43
keyTitle: ['0102_1_1', '20141021', '04:27:32'] 0102_1_1 20141021 04:27:32
keyTitle: ['0102_1_1', '20141021', '05:34:18'] 0102_1_1 20141021 05:34:18
keyTitle: ['0102_1_1', '20141021', '06:41:06'] 0102_1_1 20141021 06:41:06
keyTitle: ['0102_1_1', '20141021', '07:47:52'] 0102_1_1 20141021 07:47:52
keyTitle: ['0102_1_1', '20141021', '08:54:35'] 0102_1_1 20141021 08:54:35
keyTitle: ['0102_1_1', '20141021', '10:01:23'] 0102_1_1 20141021 10:01:23
keyTitle: ['0100_1_2', '20141020', '16:05:08'] 0100_1_2 20141020 16:05:08
keyTitle: ['0100_1_2', '20141020', '17:12:01'] 0100_1_2 20141020 17:12:01
keyTitle: ['0100_1_2', '20141020', '18:18:51'] 0100_1_2 20141020 18:18:51
keyTitle: ['0100_1_2', '20141020', '19:25:41'] 0100_1_2 20141020 19:25:41
keyTitle: ['0100_1_2', '20141020', '20:32:30'] 0100_1_2 20141020 20:32:30
keyTitle: ['0100_1_2', '20141020', '21:39:24'] 0100_1_2 20141020 21:39:24
keyTitle: ['0100_1_2', '20141020', '22:46:11'] 0100_1_2 20141020 22:46:11
keyTitle: ['0100_1_2', '20141020', '23:52:58'] 0100_1_2 20141020 23:52:58
keyTitle: ['0100_1_2', '20141021', '00:59:44'] 0100_1_2 20141021 00:59:44
keyTitle: ['0100_1_2', '20141021', '02:06:33'] 0100_1_2 20141021 02:06:33
keyTitle: ['0100_1_2', '20141021', '03:13:21'] 0100_1_2 20141021 03:13:21
keyTitle: ['0100_1_2', '20141021', '04:20:10'] 0100_1_2 20141021 04:20:10
keyTitle: ['0100_1_2', '20141021', '05:26:57'] 0100_1_2 20141021 05:26:57
keyTitle: ['0100_1_2', '20141021', '06:33:44'] 0100_1_2 20141021 06:33:44
keyTitle: ['0100_1_2', '20141021', '07:40:30'] 0100_1_2 20141021 07:40:30
keyTitle: ['0100_1_2', '20141021', '08:47:13'] 0100_1_2 20141021 08:47:13
keyTitle: ['0100_1_2', '20141021', '09:54:01'] 0100_1_2 20141021 09:54:01
keyTitle: ['0100_0_1', '20141020', '15:28:12'] 0100_0_1 20141020 15:28:12
keyTitle: ['0100_0_1', '20141020', '16:35:07'] 0100_0_1 20141020 16:35:07
keyTitle: ['0100_0_1', '20141020', '17:41:58'] 0100_0_1 20141020 17:41:58
keyTitle: ['0100_0_1', '20141020', '18:48:47'] 0100_0_1 20141020 18:48:47
keyTitle: ['0100_0_1', '20141020', '19:55:38'] 0100_0_1 20141020 19:55:38
keyTitle: ['0100_0_1', '20141020', '21:02:30'] 0100_0_1 20141020 21:02:30
keyTitle: ['0100_0_1', '20141020', '22:09:20'] 0100_0_1 20141020 22:09:20
keyTitle: ['0100_0_1', '20141020', '23:16:06'] 0100_0_1 20141020 23:16:06
keyTitle: ['0100_0_1', '20141021', '00:22:53'] 0100_0_1 20141021 00:22:53
keyTitle: ['0100_0_1', '20141021', '01:29:39'] 0100_0_1 20141021 01:29:39
keyTitle: ['0100_0_1', '20141021', '02:36:32'] 0100_0_1 20141021 02:36:32
keyTitle: ['0100_0_1', '20141021', '03:43:18'] 0100_0_1 20141021 03:43:18
keyTitle: ['0100_0_1', '20141021', '04:50:07'] 0100_0_1 20141021 04:50:07
keyTitle: ['0100_0_1', '20141021', '05:56:53'] 0100_0_1 20141021 05:56:53
keyTitle: ['0100_0_1', '20141021', '07:03:39'] 0100_0_1 20141021 07:03:39
keyTitle: ['0100_0_1', '20141021', '08:10:25'] 0100_0_1 20141021 08:10:25
keyTitle: ['0100_0_1', '20141021', '09:17:09'] 0100_0_1 20141021 09:17:09
keyTitle: ['0102_0_2', '20141020', '15:50:20'] 0102_0_2 20141020 15:50:20
keyTitle: ['0102_0_2', '20141020', '16:57:13'] 0102_0_2 20141020 16:57:13
keyTitle: ['0102_0_2', '20141020', '18:04:04'] 0102_0_2 20141020 18:04:04
keyTitle: ['0102_0_2', '20141020', '19:10:54'] 0102_0_2 20141020 19:10:54
keyTitle: ['0102_0_2', '20141020', '20:17:43'] 0102_0_2 20141020 20:17:43
keyTitle: ['0102_0_2', '20141020', '21:24:37'] 0102_0_2 20141020 21:24:37
keyTitle: ['0102_0_2', '20141020', '22:31:26'] 0102_0_2 20141020 22:31:26
keyTitle: ['0102_0_2', '20141020', '23:38:13'] 0102_0_2 20141020 23:38:13
keyTitle: ['0102_0_2', '20141021', '00:44:59'] 0102_0_2 20141021 00:44:59
keyTitle: ['0102_0_2', '20141021', '01:51:47'] 0102_0_2 20141021 01:51:47
keyTitle: ['0102_0_2', '20141021', '02:58:36'] 0102_0_2 20141021 02:58:36
keyTitle: ['0102_0_2', '20141021', '04:05:24'] 0102_0_2 20141021 04:05:24
keyTitle: ['0102_0_2', '20141021', '05:12:12'] 0102_0_2 20141021 05:12:12
keyTitle: ['0102_0_2', '20141021', '06:18:57'] 0102_0_2 20141021 06:18:57
keyTitle: ['0102_0_2', '20141021', '07:25:44'] 0102_0_2 20141021 07:25:44
keyTitle: ['0102_0_2', '20141021', '08:32:28'] 0102_0_2 20141021 08:32:28
keyTitle: ['0102_0_2', '20141021', '09:39:13'] 0102_0_2 20141021 09:39:13
keyTitle: ['0102_0_1', '20141020', '15:42:58'] 0102_0_1 20141020 15:42:58
keyTitle: ['0102_0_1', '20141020', '16:49:52'] 0102_0_1 20141020 16:49:52
keyTitle: ['0102_0_1', '20141020', '17:56:43'] 0102_0_1 20141020 17:56:43
keyTitle: ['0102_0_1', '20141020', '19:03:32'] 0102_0_1 20141020 19:03:32
keyTitle: ['0102_0_1', '20141020', '20:10:22'] 0102_0_1 20141020 20:10:22
keyTitle: ['0102_0_1', '20141020', '21:17:15'] 0102_0_1 20141020 21:17:15
keyTitle: ['0102_0_1', '20141020', '22:24:04'] 0102_0_1 20141020 22:24:04
keyTitle: ['0102_0_1', '20141020', '23:30:51'] 0102_0_1 20141020 23:30:51
keyTitle: ['0102_0_1', '20141021', '00:37:37'] 0102_0_1 20141021 00:37:37
keyTitle: ['0102_0_1', '20141021', '01:44:25'] 0102_0_1 20141021 01:44:25
keyTitle: ['0102_0_1', '20141021', '02:51:14'] 0102_0_1 20141021 02:51:14
keyTitle: ['0102_0_1', '20141021', '03:58:02'] 0102_0_1 20141021 03:58:02
keyTitle: ['0102_0_1', '20141021', '05:04:50'] 0102_0_1 20141021 05:04:50
keyTitle: ['0102_0_1', '20141021', '06:11:36'] 0102_0_1 20141021 06:11:36
keyTitle: ['0102_0_1', '20141021', '07:18:22'] 0102_0_1 20141021 07:18:22
keyTitle: ['0102_0_1', '20141021', '08:25:07'] 0102_0_1 20141021 08:25:07
keyTitle: ['0102_0_1', '20141021', '09:31:52'] 0102_0_1 20141021 09:31:52
keyTitle: ['0100_0_2', '20141020', '15:35:36'] 0100_0_2 20141020 15:35:36
keyTitle: ['0100_0_2', '20141020', '16:42:30'] 0100_0_2 20141020 16:42:30
keyTitle: ['0100_0_2', '20141020', '17:49:20'] 0100_0_2 20141020 17:49:20
keyTitle: ['0100_0_2', '20141020', '18:56:10'] 0100_0_2 20141020 18:56:10
keyTitle: ['0100_0_2', '20141020', '20:03:00'] 0100_0_2 20141020 20:03:00
keyTitle: ['0100_0_2', '20141020', '21:09:53'] 0100_0_2 20141020 21:09:53
keyTitle: ['0100_0_2', '20141020', '22:16:42'] 0100_0_2 20141020 22:16:42
keyTitle: ['0100_0_2', '20141020', '23:23:29'] 0100_0_2 20141020 23:23:29
keyTitle: ['0100_0_2', '20141021', '00:30:16'] 0100_0_2 20141021 00:30:16
keyTitle: ['0100_0_2', '20141021', '01:37:02'] 0100_0_2 20141021 01:37:02
keyTitle: ['0100_0_2', '20141021', '02:43:53'] 0100_0_2 20141021 02:43:53
keyTitle: ['0100_0_2', '20141021', '03:50:40'] 0100_0_2 20141021 03:50:40
keyTitle: ['0100_0_2', '20141021', '04:57:29'] 0100_0_2 20141021 04:57:29
keyTitle: ['0100_0_2', '20141021', '06:04:14'] 0100_0_2 20141021 06:04:14
keyTitle: ['0100_0_2', '20141021', '07:11:00'] 0100_0_2 20141021 07:11:00
keyTitle: ['0100_0_2', '20141021', '08:17:46'] 0100_0_2 20141021 08:17:46
keyTitle: ['0100_0_2', '20141021', '09:24:30'] 0100_0_2 20141021 09:24:30
ls6500.Analyze: Wrote hists to Histograms/Gamma_1Gy_141020.root
