ls6500: Output directed to terminal and Log/mergensrl_201411051507_517328.log
initialize ls6500 mergensrl . Merging /Users/djaffe/work/GIT/LINDSEY/TechMaturation2014/LS6500/Pre-irrad_1_141014/, /Users/djaffe/work/GIT/LINDSEY/TechMaturation2014/LS6500/Pre-irrad_2_141024/
ls6500.Main: pickMode merge
ls6500.putOrGet: unpickling...be patient
ls6500.fillSampleMsmts: initial,final sampleMsmts length 0 , 192
ls6500.fillSampleMsmts: Samples in fillSampleMsmts 0052_2F12 0142_1F26 0142_3R33 0052_3R12 0052_3R14 0052_3R17 0050_FPMT EMPTY_S2_Position02 0140_2R31 0100_1R15 0102_1F25 0102_1F21 0140_4R23 0142_2F26 0102_2R25 0100_3F15 0142_3F26 0050_1F11 0142_4F26 0050_1F13 EMPTY_S13_Position01 EMPTY_S13_Position03 0050_1F16 0142_3R26 EMPTY_S8_Position08 1002_3F32 EMPTY_S12_Position12 0142_1R33 0052_4F14 0100_REF1 0100_4R27 0052_4F17 0052_REF1 0052_REF2 0100_4R22 1002_3R32 0140_4R31 1002_2F32 1002_3R35 0052_1F12 0052_1F17 0100_REF2 0052_1F14 0102_2F21 EMPTY_S9_Position09 0102_2F25 1000_2R37 0100_3R15 0140_4F31 0052_4R12 0100_4F22 0052_4R14 0052_4F12 0100_4F27 0052_4R17 1002_1R35 1000_REF1 0100_1F27 1002_1R32 1002_4F32 0142_1R26 1002_4F35 1000_2R36 0142_1F33 1000_2R34 0050_3R16 0140_3F31 0100_2F15 0102_4F25 1002_2F35 EMPTY_S15_Position01 EMPTY_S15_Position05 EMPTY_S5_Position05 1000_3R37 1000_2F36 1000_2F37 1000_2F34 0100_1F15 0140_1F31 0100_2R15 0142_2R26 0100_2R27 0052_3F14 0052_3F17 0100_2R22 0052_3F12 0102_4R25 0142_2F33 0102_4R21 0140_3F23 0050_4R16 0142_4F33 0050_4R13 0050_4R11 EMPTY_S14_Position04 0102_3R21 EMPTY_S14_Position01 0052_2F14 0102_3R25 0050_REF2 1002_3F35 0142_4R26 0140_4F23 0050_2F16 0050_2F11 0050_2F13 0142_2R33 0102_4F21 1000_4R34 0140_1F23 1000_4R36 1000_4R37 0100_4R15 0050_2R13 1002_1F32 1002_1F35 0050_REF1 1000_1R37 1000_1R36 1000_1R34 EMPTY_S3_Position03 0100_3R27 0100_3R22 0100_4F15 0140_3R31 0142_4R33 0052_1R17 0052_1R14 0052_1R12 0050_RPMT EMPTY_S6_Position06 EMPTY_S10_Position10 0140_1R31 0102_2R21 0102_REF2 0050_1R16 0050_1R11 1000_3R34 0050_1R13 1000_3R36 0102_1R21 0140_2F23 0102_1R25 0140_3R23 0050_4F13 1002_2R32 0050_4F11 0050_4F16 1002_2R35 0100_1F22 0052_2F17 EMPTY_S11_Position11 1000_3F34 1000_3F37 1000_3F36 0140_REF1 0140_1R23 0100_2F27 0100_3F22 0140_2F31 EMPTY_S7_Position07 0142_3F33 1002_REF1 0140_2R23 0142_REF1 EMPTY_S4_Position04 0100_3F27 EMPTY_S1_Position01 0102_REF1 0052_2R17 0052_2R14 0102_3F25 0052_2R12 0102_3F21 0050_2R11 1002_4R35 1002_4R32 0050_2R16 0050_3F16 0050_3F13 0050_3F11 1000_4F34 0100_1R27 1000_4F36 1000_4F37 0100_1R22 1000_1F36 0050_3R13 0100_2F22 1000_1F37 0050_3R11 1000_1F34 
ls6500.putOrGet: pickled data read from Pickles/Pre-irrad_1_141014.pickle
ls6500.putOrGet: unpickling...be patient
ls6500.fillSampleMsmts: initial,final sampleMsmts length 192 , 194
ls6500.fillSampleMsmts: Samples in fillSampleMsmts 0052_2F12 0142_1F26 0142_3R33 0052_3R12 0052_3R14 0052_3R17 0050_FPMT EMPTY_S2_Position02 0140_2R31 0100_1R15 0102_1F25 0102_1F21 0140_4R23 0142_2F26 0102_2R25 0100_3F15 0142_3F26 0050_1F11 0142_4F26 0050_1F13 EMPTY_S13_Position01 EMPTY_S13_Position03 0050_1F16 0142_3R26 EMPTY_S8_Position08 1002_3F32 EMPTY_S12_Position12 0142_1R33 0052_4F14 0100_REF1 0100_4R27 0052_4F17 0052_REF1 0052_REF2 0100_4R22 1002_3R32 0140_4R31 1002_2F32 1002_3R35 0052_1F12 0052_1F17 0100_REF2 0052_1F14 0102_2F21 EMPTY_S9_Position09 0102_2F25 1000_2R37 0100_3R15 0140_4F31 0052_4R12 0100_4F22 0052_4R14 0052_4F12 0100_4F27 0052_4R17 1002_1R35 1000_REF1 0100_1F27 1002_1R32 1002_4F32 0142_1R26 1002_4F35 1000_2R36 0142_1F33 1000_2R34 0050_3R16 0140_3F31 0100_2F15 0102_4F25 1002_2F35 EMPTY_S15_Position01 EMPTY_S15_Position05 EMPTY_S5_Position05 1000_3R37 1000_2F36 1000_2F37 1000_2F34 0100_1F15 0140_1F31 0100_2R15 0142_2R26 0100_2R27 0052_3F14 0052_3F17 0100_2R22 0052_3F12 0102_4R25 0142_2F33 0102_4R21 0140_3F23 0050_4R16 0142_4F33 0050_4R13 0050_4R11 EMPTY_S14_Position04 0102_3R21 EMPTY_S14_Position01 0052_2F14 0102_3R25 0050_REF2 1002_3F35 0142_4R26 0140_4F23 0050_2F16 0050_2F11 0050_2F13 0142_2R33 0102_4F21 1000_4R34 0140_1F23 1000_4R36 1000_4R37 0100_4R15 0050_2R13 1002_1F32 1002_1F35 0050_REF1 1000_1R37 1000_1R36 1000_1R34 EMPTY_S3_Position03 0100_3R27 0100_3R22 0100_4F15 0140_3R31 0142_4R33 0052_1R17 0052_1R14 0052_1R12 0050_RPMT EMPTY_S6_Position06 EMPTY_S10_Position10 0140_1R31 0102_2R21 STD_3_H 0102_REF2 0050_1R16 0050_1R11 1000_3R34 0050_1R13 1000_3R36 0102_1R21 0140_2F23 0102_1R25 0140_3R23 0050_4F13 1002_2R32 0050_4F11 0050_4F16 1002_2R35 0100_1F22 STD_14_C 0052_2F17 EMPTY_S11_Position11 1000_3F34 1000_3F37 1000_3F36 0140_REF1 0140_1R23 0100_2F27 0100_3F22 0140_2F31 EMPTY_S7_Position07 0142_3F33 1002_REF1 0140_2R23 0142_REF1 EMPTY_S4_Position04 0100_3F27 EMPTY_S1_Position01 0102_REF1 0052_2R17 0052_2R14 0102_3F25 0052_2R12 0102_3F21 0050_2R11 1002_4R35 1002_4R32 0050_2R16 0050_3F16 0050_3F13 0050_3F11 1000_4F34 0100_1R27 1000_4F36 1000_4F37 0100_1R22 1000_1F36 0050_3R13 0100_2F22 1000_1F37 0050_3R11 1000_1F34 
ls6500.putOrGet: pickled data read from Pickles/Pre-irrad_2_141024.pickle
ls6500.defineMatchingSamples 
Name : Samples
0050_1F : 0050_1F11,0050_1F13,0050_1F16
0050_1R : 0050_1R11,0050_1R13,0050_1R16
0050_2F : 0050_2F11,0050_2F13,0050_2F16
0050_2R : 0050_2R11,0050_2R13,0050_2R16
0050_3F : 0050_3F11,0050_3F13,0050_3F16
0050_3R : 0050_3R11,0050_3R13,0050_3R16
0050_4F : 0050_4F11,0050_4F13,0050_4F16
0050_4R : 0050_4R11,0050_4R13,0050_4R16
0050_REF : 0050_REF1,0050_REF2
0052_1F : 0052_1F12,0052_1F14,0052_1F17
0052_1R : 0052_1R12,0052_1R14,0052_1R17
0052_2F : 0052_2F12,0052_2F14,0052_2F17
0052_2R : 0052_2R12,0052_2R14,0052_2R17
0052_3F : 0052_3F12,0052_3F14,0052_3F17
0052_3R : 0052_3R12,0052_3R14,0052_3R17
0052_4F : 0052_4F12,0052_4F14,0052_4F17
0052_4R : 0052_4R12,0052_4R14,0052_4R17
0052_REF : 0052_REF1,0052_REF2
0100_1F : 0100_1F15,0100_1F22,0100_1F27
0100_1R : 0100_1R15,0100_1R22,0100_1R27
0100_2F : 0100_2F15,0100_2F22,0100_2F27
0100_2R : 0100_2R15,0100_2R22,0100_2R27
0100_3F : 0100_3F15,0100_3F22,0100_3F27
0100_3R : 0100_3R15,0100_3R22,0100_3R27
0100_4F : 0100_4F15,0100_4F22,0100_4F27
0100_4R : 0100_4R15,0100_4R22,0100_4R27
0100_REF : 0100_REF1,0100_REF2
0102_1F : 0102_1F21,0102_1F25
0102_1R : 0102_1R21,0102_1R25
0102_2F : 0102_2F21,0102_2F25
0102_2R : 0102_2R21,0102_2R25
0102_3F : 0102_3F21,0102_3F25
0102_3R : 0102_3R21,0102_3R25
0102_4F : 0102_4F21,0102_4F25
0102_4R : 0102_4R21,0102_4R25
0102_REF : 0102_REF1,0102_REF2
0140_1F : 0140_1F23,0140_1F31
0140_1R : 0140_1R23,0140_1R31
0140_2F : 0140_2F23,0140_2F31
0140_2R : 0140_2R23,0140_2R31
0140_3F : 0140_3F23,0140_3F31
0140_3R : 0140_3R23,0140_3R31
0140_4F : 0140_4F23,0140_4F31
0140_4R : 0140_4R23,0140_4R31
0142_1F : 0142_1F26,0142_1F33
0142_1R : 0142_1R26,0142_1R33
0142_2F : 0142_2F26,0142_2F33
0142_2R : 0142_2R26,0142_2R33
0142_3F : 0142_3F26,0142_3F33
0142_3R : 0142_3R26,0142_3R33
0142_4F : 0142_4F26,0142_4F33
0142_4R : 0142_4R26,0142_4R33
1000_1F : 1000_1F34,1000_1F36,1000_1F37
1000_1R : 1000_1R34,1000_1R36,1000_1R37
1000_2F : 1000_2F34,1000_2F36,1000_2F37
1000_2R : 1000_2R34,1000_2R36,1000_2R37
1000_3F : 1000_3F34,1000_3F36,1000_3F37
1000_3R : 1000_3R34,1000_3R36,1000_3R37
1000_4F : 1000_4F34,1000_4F36,1000_4F37
1000_4R : 1000_4R34,1000_4R36,1000_4R37
1002_1F : 1002_1F32,1002_1F35
1002_1R : 1002_1R32,1002_1R35
1002_2F : 1002_2F32,1002_2F35
1002_2R : 1002_2R32,1002_2R35
1002_3F : 1002_3F32,1002_3F35
1002_3R : 1002_3R32,1002_3R35
1002_4F : 1002_4F32,1002_4F35
1002_4R : 1002_4R32,1002_4R35
EMPTY : EMPTY_S10_Position10,EMPTY_S11_Position11,EMPTY_S12_Position12,EMPTY_S13_Position01,EMPTY_S13_Position03,EMPTY_S14_Position01,EMPTY_S14_Position04,EMPTY_S15_Position01,EMPTY_S15_Position05,EMPTY_S1_Position01,EMPTY_S2_Position02,EMPTY_S3_Position03,EMPTY_S4_Position04,EMPTY_S5_Position05,EMPTY_S6_Position06,EMPTY_S7_Position07,EMPTY_S8_Position08,EMPTY_S9_Position09
ls6500.Analyze
histogramming samples 0052_2F12 0142_1F26 0142_3R33 0052_3R12 0052_3R14 0052_3R17 0050_FPMT EMPTY_S2_Position02 0140_2R31 0100_1R15 0102_1F25 0102_1F21 0140_4R23 0142_2F26 0102_2R25 0100_3F15 0142_3F26 0050_1F11 0142_4F26 0050_1F13 EMPTY_S13_Position01 EMPTY_S13_Position03 0050_1F16 0142_3R26 EMPTY_S8_Position08 1002_3F32 EMPTY_S12_Position12 0142_1R33 0052_4F14 0100_REF1 0100_4R27 0052_4F17 0052_REF1 0052_REF2 0100_4R22 1002_3R32 0140_4R31 1002_2F32 1002_3R35 0052_1F12 0052_1F17 0100_REF2 0052_1F14 0102_2F21 EMPTY_S9_Position09 0102_2F25 1000_2R37 0100_3R15 0140_4F31 0052_4R12 0100_4F22 0052_4R14 0052_4F12 0100_4F27 0052_4R17 1002_1R35 1000_REF1 0100_1F27 1002_1R32 1002_4F32 0142_1R26 1002_4F35 1000_2R36 0142_1F33 1000_2R34 0050_3R16 0140_3F31 0100_2F15 0102_4F25 1002_2F35 EMPTY_S15_Position01 EMPTY_S15_Position05 EMPTY_S5_Position05 1000_3R37 1000_2F36 1000_2F37 1000_2F34 0100_1F15 0140_1F31 0100_2R15 0142_2R26 0100_2R27 0052_3F14 0052_3F17 0100_2R22 0052_3F12 0102_4R25 0142_2F33 0102_4R21 0140_3F23 0050_4R16 0142_4F33 0050_4R13 0050_4R11 EMPTY_S14_Position04 0102_3R21 EMPTY_S14_Position01 0052_2F14 0102_3R25 0050_REF2 1002_3F35 0142_4R26 0140_4F23 0050_2F16 0050_2F11 0050_2F13 0142_2R33 0102_4F21 1000_4R34 0140_1F23 1000_4R36 1000_4R37 0100_4R15 0050_2R13 1002_1F32 1002_1F35 0050_REF1 1000_1R37 1000_1R36 1000_1R34 EMPTY_S3_Position03 0100_3R27 0100_3R22 0100_4F15 0140_3R31 0142_4R33 0052_1R17 0052_1R14 0052_1R12 0050_RPMT EMPTY_S6_Position06 EMPTY_S10_Position10 0140_1R31 0102_2R21 STD_3_H 0102_REF2 0050_1R16 0050_1R11 1000_3R34 0050_1R13 1000_3R36 0102_1R21 0140_2F23 0102_1R25 0140_3R23 0050_4F13 1002_2R32 0050_4F11 0050_4F16 1002_2R35 0100_1F22 STD_14_C 0052_2F17 EMPTY_S11_Position11 1000_3F34 1000_3F37 1000_3F36 0140_REF1 0140_1R23 0100_2F27 0100_3F22 0140_2F31 EMPTY_S7_Position07 0142_3F33 1002_REF1 0140_2R23 0142_REF1 EMPTY_S4_Position04 0100_3F27 EMPTY_S1_Position01 0102_REF1 0052_2R17 0052_2R14 0102_3F25 0052_2R12 0102_3F21 0050_2R11 1002_4R35 1002_4R32 0050_2R16 0050_3F16 0050_3F13 0050_3F11 1000_4F34 0100_1R27 1000_4F36 1000_4F37 0100_1R22 1000_1F36 0050_3R13 0100_2F22 1000_1F37 0050_3R11 1000_1F34 
ls6500.combineCommonSamples: 0052_4R graphs g0052_4R12, g0052_4R14, g0052_4R17
ls6500.averagePoints:i,n,ax,ay 1 1 1412973570.0 46.9726027397 t1,t2 1412973570.0 1412995170.0 type(t1) <type 'ROOT.double'>
ls6500.averagePoints:i,n,ax,ay 2 1 1413004910.0 47.3396226415 t1,t2 1412995170.0 1413016770.0 type(t1) <type 'float'>
ls6500.averagePoints:i,n,ax,ay 3 1 1413019176.0 47.2553191489 t1,t2 1413016770.0 1413038370.0 type(t1) <type 'float'>
ls6500.averagePoints:i,n,ax,ay 4 1 1413058801.0 47.2075471698 t1,t2 1413038370.0 1413059970.0 type(t1) <type 'float'>
ls6500.averagePoints:i,n,ax,ay 5 1 1413090474.0 47.26 t1,t2 1413059970.0 1413081570.0 type(t1) <type 'float'>
ls6500.averagePoints:i,n,ax,ay 6 1 1413104746.0 47.0188679245 t1,t2 1413081570.0 1413103170.0 type(t1) <type 'float'>
ls6500.averagePoints:i,n,ax,ay 7 1 1413144365.0 46.8571428571 t1,t2 1413103170.0 1413124770.0 type(t1) <type 'float'>
ls6500.averagePoints:i,n,ax,ay 8 1 1413176039.0 46.9154929577 t1,t2 1413124770.0 1413146370.0 type(t1) <type 'float'>
ls6500.averagePoints:i,n,ax,ay 9 1 1413190306.0 46.6721311475 t1,t2 1413146370.0 1413167970.0 type(t1) <type 'float'>
ls6500.averagePoints:i,n,ax,ay 10 1 1413229918.0 46.7121212121 t1,t2 1413167970.0 1413189570.0 type(t1) <type 'float'>
ls6500.averagePoints:i,n,ax,ay 11 1 1413261590.0 46.4098360656 t1,t2 1413189570.0 1413211170.0 type(t1) <type 'float'>
ls6500.averagePoints:i,n,ax,ay 12 1 1413275866.0 46.35 t1,t2 1413211170.0 1413232770.0 type(t1) <type 'float'>
ls6500.averagePoints:i,n,ax,ay 13 1 1414207010.0 44.8163265306 t1,t2 1413232770.0 1413254370.0 type(t1) <type 'float'>
ls6500.averagePoints:i,n,ax,ay 14 1 1414238655.0 44.8571428571 t1,t2 1413254370.0 1413275970.0 type(t1) <type 'float'>
ls6500.averagePoints:i,n,ax,ay 15 1 1414263552.0 43.5689655172 t1,t2 1413275970.0 1413297570.0 type(t1) <type 'float'>
ls6500.averagePoints:i,n,ax,ay 16 1 1414292608.0 44.0 t1,t2 1413297570.0 1413319170.0 type(t1) <type 'float'>
ls6500.averagePoints:i,n,ax,ay 17 1 1414324237.0 43.8333333333 t1,t2 1413319170.0 1413340770.0 type(t1) <type 'float'>
ls6500.averagePoints:i,n,ax,ay 18 1 1414349128.0 43.431372549 t1,t2 1413340770.0 1413362370.0 type(t1) <type 'float'>
ls6500.averagePoints:i,n,ax,ay 19 1 1414378170.0 44.0833333333 t1,t2 1413362370.0 1413383970.0 type(t1) <type 'float'>
ls6500.combineCommonSamples: x= 1412973570.0, 1413004910.0, 1413019176.0, 1413058801.0, 1413090474.0, 1413104746.0, 1413144365.0, 1413176039.0, 1413190306.0, 1413229918.0, 1413261590.0, 1413275866.0, 1414207010.0, 1414238655.0, 1414263552.0, 1414292608.0, 1414324237.0, 1414349128.0, 1414378170.0 dx= 15670.0, 12003.0, 21015.5, 26052.0, 22388.0, 31397.5, 36434.5, 32768.0, 41774.0, 46810.0, 43148.0, 497920.0, 502942.5, 504591.0, 508319.0, 513333.5, 514979.0, 518700.0, 523710.0 y= 46.9726027397, 47.3396226415, 47.2553191489, 47.2075471698, 47.26, 47.0188679245, 46.8571428571, 46.9154929577, 46.6721311475, 46.7121212121, 46.4098360656, 46.35, 44.8163265306, 44.8571428571, 43.5689655172, 44.0, 43.8333333333, 43.431372549, 44.0833333333 dy= 0.0, 0.0, 0.0, 0.0, 0.0, 0.0, 0.0, 0.0, 0.0, 0.0, 0.0, 0.0, 0.0, 0.0, 0.0, 0.0, 0.0, 0.0, 0.0
ls6500.combineCommonSamples: 0140_1R graphs g0140_1R23, g0140_1R31
ls6500.averagePoints:i,n,ax,ay 1 1 1412977947.0 89.9444444444 t1,t2 1412977947.0 1412999547.0 type(t1) <type 'ROOT.double'>
ls6500.averagePoints:i,n,ax,ay 2 1 1413009329.0 89.7647058824 t1,t2 1412999547.0 1413021147.0 type(t1) <type 'float'>
ls6500.averagePoints:i,n,ax,ay 3 1 1413063231.0 89.6216216216 t1,t2 1413021147.0 1413042747.0 type(t1) <type 'float'>
ls6500.averagePoints:i,n,ax,ay 4 1 1413094903.0 89.7837837838 t1,t2 1413042747.0 1413064347.0 type(t1) <type 'float'>
ls6500.averagePoints:i,n,ax,ay 5 1 1413148794.0 89.7297297297 t1,t2 1413064347.0 1413085947.0 type(t1) <type 'float'>
ls6500.averagePoints:i,n,ax,ay 6 1 1413180460.0 89.15625 t1,t2 1413085947.0 1413107547.0 type(t1) <type 'float'>
ls6500.averagePoints:i,n,ax,ay 7 1 1413234345.0 89.2777777778 t1,t2 1413107547.0 1413129147.0 type(t1) <type 'float'>
ls6500.averagePoints:i,n,ax,ay 8 1 1413266015.0 88.4705882353 t1,t2 1413129147.0 1413150747.0 type(t1) <type 'float'>
ls6500.averagePoints:i,n,ax,ay 9 1 1414211434.0 87.7692307692 t1,t2 1413150747.0 1413172347.0 type(t1) <type 'float'>
ls6500.averagePoints:i,n,ax,ay 10 1 1414243073.0 87.2857142857 t1,t2 1413172347.0 1413193947.0 type(t1) <type 'float'>
ls6500.averagePoints:i,n,ax,ay 11 1 1414297030.0 87.4285714286 t1,t2 1413193947.0 1413215547.0 type(t1) <type 'float'>
ls6500.averagePoints:i,n,ax,ay 12 1 1414328660.0 87.5405405405 t1,t2 1413215547.0 1413237147.0 type(t1) <type 'float'>
ls6500.averagePoints:i,n,ax,ay 13 1 1414382591.0 87.3783783784 t1,t2 1413237147.0 1413258747.0 type(t1) <type 'float'>
ls6500.combineCommonSamples: x= 1412977947.0, 1413009329.0, 1413063231.0, 1413094903.0, 1413148794.0, 1413180460.0, 1413234345.0, 1413266015.0, 1414211434.0, 1414243073.0, 1414297030.0, 1414328660.0, 1414382591.0 dx= 15691.0, 31842.0, 36878.0, 53023.5, 58056.5, 74199.0, 79234.0, 541143.5, 546163.0, 562341.5, 567356.5, 583522.0, 588534.0 y= 89.9444444444, 89.7647058824, 89.6216216216, 89.7837837838, 89.7297297297, 89.15625, 89.2777777778, 88.4705882353, 87.7692307692, 87.2857142857, 87.4285714286, 87.5405405405, 87.3783783784 dy= 0.0, 0.0, 0.0, 0.0, 0.0, 0.0, 0.0, 0.0, 0.0, 0.0, 0.0, 0.0, 0.0
ls6500.combineCommonSamples: 0142_2R graphs g0142_2R26, g0142_2R33
ls6500.averagePoints:i,n,ax,ay 1 1 1412979267.0 90.6111111111 t1,t2 1412979267.0 1413000867.0 type(t1) <type 'ROOT.double'>
ls6500.averagePoints:i,n,ax,ay 2 1 1413010662.0 90.3142857143 t1,t2 1413000867.0 1413022467.0 type(t1) <type 'float'>
ls6500.averagePoints:i,n,ax,ay 3 1 1413064565.0 90.5294117647 t1,t2 1413022467.0 1413044067.0 type(t1) <type 'float'>
ls6500.averagePoints:i,n,ax,ay 4 1 1413096237.0 89.8571428571 t1,t2 1413044067.0 1413065667.0 type(t1) <type 'float'>
ls6500.averagePoints:i,n,ax,ay 5 1 1413150127.0 89.4 t1,t2 1413065667.0 1413087267.0 type(t1) <type 'float'>
ls6500.averagePoints:i,n,ax,ay 6 1 1413181793.0 88.8857142857 t1,t2 1413087267.0 1413108867.0 type(t1) <type 'float'>
ls6500.averagePoints:i,n,ax,ay 7 1 1413235680.0 88.8695652174 t1,t2 1413108867.0 1413130467.0 type(t1) <type 'float'>
ls6500.averagePoints:i,n,ax,ay 8 1 1413267350.0 86.85 t1,t2 1413130467.0 1413152067.0 type(t1) <type 'float'>
ls6500.averagePoints:i,n,ax,ay 9 1 1414212768.0 80.4615384615 t1,t2 1413152067.0 1413173667.0 type(t1) <type 'float'>
ls6500.averagePoints:i,n,ax,ay 10 1 1414244402.0 79.2368421053 t1,t2 1413173667.0 1413195267.0 type(t1) <type 'float'>
ls6500.averagePoints:i,n,ax,ay 11 1 1414298363.0 79.0789473684 t1,t2 1413195267.0 1413216867.0 type(t1) <type 'float'>
ls6500.averagePoints:i,n,ax,ay 12 1 1414329994.0 77.380952381 t1,t2 1413216867.0 1413238467.0 type(t1) <type 'float'>
ls6500.averagePoints:i,n,ax,ay 13 1 1414383922.0 77.5681818182 t1,t2 1413238467.0 1413260067.0 type(t1) <type 'float'>
ls6500.combineCommonSamples: x= 1412979267.0, 1413010662.0, 1413064565.0, 1413096237.0, 1413150127.0, 1413181793.0, 1413235680.0, 1413267350.0, 1414212768.0, 1414244402.0, 1414298363.0, 1414329994.0, 1414383922.0 dx= 15697.5, 31849.0, 36885.0, 53030.0, 58063.0, 74206.5, 79241.5, 541150.5, 546167.5, 562348.0, 567363.5, 583527.5, 588540.5 y= 90.6111111111, 90.3142857143, 90.5294117647, 89.8571428571, 89.4, 88.8857142857, 88.8695652174, 86.85, 80.4615384615, 79.2368421053, 79.0789473684, 77.380952381, 77.5681818182 dy= 0.0, 0.0, 0.0, 0.0, 0.0, 0.0, 0.0, 0.0, 0.0, 0.0, 0.0, 0.0, 0.0
ls6500.combineCommonSamples: 0140_2F graphs g0140_2F23, g0140_2F31
ls6500.averagePoints:i,n,ax,ay 1 1 1412963389.0 89.2727272727 t1,t2 1412963389.0 1412984989.0 type(t1) <type 'ROOT.double'>
ls6500.averagePoints:i,n,ax,ay 2 1 1412995145.0 89.2121212121 t1,t2 1412984989.0 1413006589.0 type(t1) <type 'float'>
ls6500.averagePoints:i,n,ax,ay 3 1 1413048504.0 89.3714285714 t1,t2 1413006589.0 1413028189.0 type(t1) <type 'float'>
ls6500.averagePoints:i,n,ax,ay 4 1 1413080617.0 88.9722222222 t1,t2 1413028189.0 1413049789.0 type(t1) <type 'float'>
ls6500.averagePoints:i,n,ax,ay 5 1 1413134065.0 88.8387096774 t1,t2 1413049789.0 1413071389.0 type(t1) <type 'float'>
ls6500.averagePoints:i,n,ax,ay 6 1 1413166171.0 89.1666666667 t1,t2 1413071389.0 1413092989.0 type(t1) <type 'float'>
ls6500.averagePoints:i,n,ax,ay 7 1 1413219621.0 88.2580645161 t1,t2 1413092989.0 1413114589.0 type(t1) <type 'float'>
ls6500.averagePoints:i,n,ax,ay 8 1 1413251726.0 87.6285714286 t1,t2 1413114589.0 1413136189.0 type(t1) <type 'float'>
ls6500.averagePoints:i,n,ax,ay 9 1 1414196732.0 86.8684210526 t1,t2 1413136189.0 1413157789.0 type(t1) <type 'float'>
ls6500.averagePoints:i,n,ax,ay 10 1 1414228804.0 87.0606060606 t1,t2 1413157789.0 1413179389.0 type(t1) <type 'float'>
ls6500.averagePoints:i,n,ax,ay 11 1 1414282330.0 86.6486486486 t1,t2 1413179389.0 1413200989.0 type(t1) <type 'float'>
ls6500.averagePoints:i,n,ax,ay 12 1 1414314388.0 86.6388888889 t1,t2 1413200989.0 1413222589.0 type(t1) <type 'float'>
ls6500.averagePoints:i,n,ax,ay 13 1 1414367897.0 86.1944444444 t1,t2 1413222589.0 1413244189.0 type(t1) <type 'float'>
ls6500.combineCommonSamples: x= 1412963389.0, 1412995145.0, 1413048504.0, 1413080617.0, 1413134065.0, 1413166171.0, 1413219621.0, 1413251726.0, 1414196732.0, 1414228804.0, 1414282330.0, 1414314388.0, 1414367897.0 dx= 15878.0, 31757.5, 37014.0, 52938.0, 58191.0, 74116.0, 79368.5, 541071.5, 546307.5, 562270.5, 567499.5, 583454.0, 588678.0 y= 89.2727272727, 89.2121212121, 89.3714285714, 88.9722222222, 88.8387096774, 89.1666666667, 88.2580645161, 87.6285714286, 86.8684210526, 87.0606060606, 86.6486486486, 86.6388888889, 86.1944444444 dy= 0.0, 0.0, 0.0, 0.0, 0.0, 0.0, 0.0, 0.0, 0.0, 0.0, 0.0, 0.0, 0.0
ls6500.combineCommonSamples: 0140_3R graphs g0140_3R23, g0140_3R31
ls6500.averagePoints:i,n,ax,ay 1 1 1412979706.0 90.303030303 t1,t2 1412979706.0 1413001306.0 type(t1) <type 'ROOT.double'>
ls6500.averagePoints:i,n,ax,ay 2 1 1413011106.0 88.5625 t1,t2 1413001306.0 1413022906.0 type(t1) <type 'float'>
ls6500.averagePoints:i,n,ax,ay 3 1 1413065010.0 89.7179487179 t1,t2 1413022906.0 1413044506.0 type(t1) <type 'float'>
ls6500.averagePoints:i,n,ax,ay 4 1 1413096681.0 87.8780487805 t1,t2 1413044506.0 1413066106.0 type(t1) <type 'float'>
ls6500.averagePoints:i,n,ax,ay 5 1 1413150571.0 89.6 t1,t2 1413066106.0 1413087706.0 type(t1) <type 'float'>
ls6500.averagePoints:i,n,ax,ay 6 1 1413182236.0 88.2857142857 t1,t2 1413087706.0 1413109306.0 type(t1) <type 'float'>
ls6500.averagePoints:i,n,ax,ay 7 1 1413236125.0 89.2424242424 t1,t2 1413109306.0 1413130906.0 type(t1) <type 'float'>
ls6500.averagePoints:i,n,ax,ay 8 1 1413267794.0 87.5428571429 t1,t2 1413130906.0 1413152506.0 type(t1) <type 'float'>
ls6500.averagePoints:i,n,ax,ay 9 1 1414213211.0 88.0344827586 t1,t2 1413152506.0 1413174106.0 type(t1) <type 'float'>
ls6500.averagePoints:i,n,ax,ay 10 1 1414244846.0 86.0571428571 t1,t2 1413174106.0 1413195706.0 type(t1) <type 'float'>
ls6500.averagePoints:i,n,ax,ay 11 1 1414298807.0 87.8684210526 t1,t2 1413195706.0 1413217306.0 type(t1) <type 'float'>
ls6500.averagePoints:i,n,ax,ay 12 1 1414330437.0 85.7857142857 t1,t2 1413217306.0 1413238906.0 type(t1) <type 'float'>
ls6500.averagePoints:i,n,ax,ay 13 1 1414384366.0 87.4545454545 t1,t2 1413238906.0 1413260506.0 type(t1) <type 'float'>
ls6500.combineCommonSamples: x= 1412979706.0, 1413011106.0, 1413065010.0, 1413096681.0, 1413150571.0, 1413182236.0, 1413236125.0, 1413267794.0, 1414213211.0, 1414244846.0, 1414298807.0, 1414330437.0, 1414384366.0 dx= 15700.0, 31852.0, 36887.5, 53032.5, 58065.0, 74209.5, 79244.0, 541152.5, 546170.0, 562350.5, 567365.5, 583530.0, 588543.0 y= 90.303030303, 88.5625, 89.7179487179, 87.8780487805, 89.6, 88.2857142857, 89.2424242424, 87.5428571429, 88.0344827586, 86.0571428571, 87.8684210526, 85.7857142857, 87.4545454545 dy= 0.0, 0.0, 0.0, 0.0, 0.0, 0.0, 0.0, 0.0, 0.0, 0.0, 0.0, 0.0, 0.0
ls6500.combineCommonSamples: 0102_2R graphs g0102_2R21, g0102_2R25
ls6500.averagePoints:i,n,ax,ay 1 1 1412975323.0 71.4358974359 t1,t2 1412975323.0 1412996923.0 type(t1) <type 'ROOT.double'>
ls6500.averagePoints:i,n,ax,ay 2 1 1413007104.0 71.243902439 t1,t2 1412996923.0 1413018523.0 type(t1) <type 'float'>
ls6500.averagePoints:i,n,ax,ay 3 1 1413060576.0 71.2391304348 t1,t2 1413018523.0 1413040123.0 type(t1) <type 'float'>
ls6500.averagePoints:i,n,ax,ay 4 1 1413092677.0 71.6571428571 t1,t2 1413040123.0 1413061723.0 type(t1) <type 'float'>
ls6500.averagePoints:i,n,ax,ay 5 1 1413146139.0 70.7 t1,t2 1413061723.0 1413083323.0 type(t1) <type 'float'>
ls6500.averagePoints:i,n,ax,ay 6 1 1413178242.0 71.3076923077 t1,t2 1413083323.0 1413104923.0 type(t1) <type 'float'>
ls6500.averagePoints:i,n,ax,ay 7 1 1413231691.0 69.875 t1,t2 1413104923.0 1413126523.0 type(t1) <type 'float'>
ls6500.averagePoints:i,n,ax,ay 8 1 1413263792.0 69.9791666667 t1,t2 1413126523.0 1413148123.0 type(t1) <type 'float'>
ls6500.averagePoints:i,n,ax,ay 9 1 1414208781.0 65.5714285714 t1,t2 1413148123.0 1413169723.0 type(t1) <type 'float'>
ls6500.averagePoints:i,n,ax,ay 10 1 1414240855.0 65.44 t1,t2 1413169723.0 1413191323.0 type(t1) <type 'float'>
ls6500.averagePoints:i,n,ax,ay 11 1 1414294380.0 64.7307692308 t1,t2 1413191323.0 1413212923.0 type(t1) <type 'float'>
ls6500.averagePoints:i,n,ax,ay 12 1 1414326437.0 64.8510638298 t1,t2 1413212923.0 1413234523.0 type(t1) <type 'float'>
ls6500.averagePoints:i,n,ax,ay 13 1 1414379941.0 63.7916666667 t1,t2 1413234523.0 1413256123.0 type(t1) <type 'float'>
ls6500.combineCommonSamples: x= 1412975323.0, 1413007104.0, 1413060576.0, 1413092677.0, 1413146139.0, 1413178242.0, 1413231691.0, 1413263792.0, 1414208781.0, 1414240855.0, 1414294380.0, 1414326437.0, 1414379941.0 dx= 15890.5, 31826.5, 37077.0, 53008.0, 58259.5, 74184.0, 79434.5, 541129.0, 546366.0, 562328.5, 567557.0, 583509.0, 588735.0 y= 71.4358974359, 71.243902439, 71.2391304348, 71.6571428571, 70.7, 71.3076923077, 69.875, 69.9791666667, 65.5714285714, 65.44, 64.7307692308, 64.8510638298, 63.7916666667 dy= 0.0, 0.0, 0.0, 0.0, 0.0, 0.0, 0.0, 0.0, 0.0, 0.0, 0.0, 0.0, 0.0
ls6500.combineCommonSamples: 0052_REF graphs g0052_REF1, g0052_REF2
