ls6500: Output directed to terminal and Log/mergensrl_201411241154_885718.log
ls6500: Irradiation date is 2014/11/17 18:00:00 irradiation interval is 2014/11/17 18:54:00 2014/11/17 20:11:00
ls6500: initialization mergensrl . Merging /Users/djaffe/work/GIT/LINDSEY/TechMaturation2014/LS6500/Pre-irrad_1_141014/, /Users/djaffe/work/GIT/LINDSEY/TechMaturation2014/LS6500/Pre-irrad_2_141024/, /Users/djaffe/work/GIT/LINDSEY/TechMaturation2014/LS6500/Pre-irrad_3_141029/, /Users/djaffe/work/GIT/LINDSEY/TechMaturation2014/LS6500/Pre-irrad_4_141031/, /Users/djaffe/work/GIT/LINDSEY/TechMaturation2014/LS6500/Pre-irrad_5_141031/, /Users/djaffe/work/GIT/LINDSEY/TechMaturation2014/LS6500/Pre-irrad_6_141105/, /Users/djaffe/work/GIT/LINDSEY/TechMaturation2014/LS6500/Pre-irrad_7_141106/, /Users/djaffe/work/GIT/LINDSEY/TechMaturation2014/LS6500/Pre-irrad_8_141107/, /Users/djaffe/work/GIT/LINDSEY/TechMaturation2014/LS6500/Pre-irrad_9_141110/, /Users/djaffe/work/GIT/LINDSEY/TechMaturation2014/LS6500/Pre-irrad_10_141113/, /Users/djaffe/work/GIT/LINDSEY/TechMaturation2014/LS6500/Pre-irrad_11_141114/, /Users/djaffe/work/GIT/LINDSEY/TechMaturation2014/LS6500/Post-irrad_12_141117/, /Users/djaffe/work/GIT/LINDSEY/TechMaturation2014/LS6500/Post-irrad_13_141118/
ls6500.Main: pickMode merge
ls6500.putOrGet: unpickling...be patient. file Pickles/Pre-irrad_1_141014.pickle
ls6500.fillSampleMsmts: initial,final sampleMsmts length 0 , 192
ls6500.fillSampleMsmts: Samples in fillSampleMsmts 0050_1F11 0050_1F13 0050_1F16 0050_1R11 0050_1R13 0050_1R16 0050_2F11 0050_2F13 0050_2F16 0050_2R11 0050_2R13 0050_2R16 0050_3F11 0050_3F13 0050_3F16 0050_3R11 0050_3R13 0050_3R16 0050_4F11 0050_4F13 0050_4F16 0050_4R11 0050_4R13 0050_4R16 0050_FPMT 0050_REF1 0050_REF2 0050_RPMT 0052_1F12 0052_1F14 0052_1F17 0052_1R12 0052_1R14 0052_1R17 0052_2F12 0052_2F14 0052_2F17 0052_2R12 0052_2R14 0052_2R17 0052_3F12 0052_3F14 0052_3F17 0052_3R12 0052_3R14 0052_3R17 0052_4F12 0052_4F14 0052_4F17 0052_4R12 0052_4R14 0052_4R17 0052_REF1 0052_REF2 0100_1F15 0100_1F22 0100_1F27 0100_1R15 0100_1R22 0100_1R27 0100_2F15 0100_2F22 0100_2F27 0100_2R15 0100_2R22 0100_2R27 0100_3F15 0100_3F22 0100_3F27 0100_3R15 0100_3R22 0100_3R27 0100_4F15 0100_4F22 0100_4F27 0100_4R15 0100_4R22 0100_4R27 0100_REF1 0100_REF2 0102_1F21 0102_1F25 0102_1R21 0102_1R25 0102_2F21 0102_2F25 0102_2R21 0102_2R25 0102_3F21 0102_3F25 0102_3R21 0102_3R25 0102_4F21 0102_4F25 0102_4R21 0102_4R25 0102_REF1 0102_REF2 0140_1F23 0140_1F31 0140_1R23 0140_1R31 0140_2F23 0140_2F31 0140_2R23 0140_2R31 0140_3F23 0140_3F31 0140_3R23 0140_3R31 0140_4F23 0140_4F31 0140_4R23 0140_4R31 0140_REF1 0142_1F26 0142_1F33 0142_1R26 0142_1R33 0142_2F26 0142_2F33 0142_2R26 0142_2R33 0142_3F26 0142_3F33 0142_3R26 0142_3R33 0142_4F26 0142_4F33 0142_4R26 0142_4R33 0142_REF1 1000_1F34 1000_1F36 1000_1F37 1000_1R34 1000_1R36 1000_1R37 1000_2F34 1000_2F36 1000_2F37 1000_2R34 1000_2R36 1000_2R37 1000_3F34 1000_3F36 1000_3F37 1000_3R34 1000_3R36 1000_3R37 1000_4F34 1000_4F36 1000_4F37 1000_4R34 1000_4R36 1000_4R37 1000_REF1 1002_1F32 1002_1F35 1002_1R32 1002_1R35 1002_2F32 1002_2F35 1002_2R32 1002_2R35 1002_3F32 1002_3F35 1002_3R32 1002_3R35 1002_4F32 1002_4F35 1002_4R32 1002_4R35 1002_REF1 EMPTY_S10_Position10 EMPTY_S11_Position11 EMPTY_S12_Position12 EMPTY_S13_Position01 EMPTY_S13_Position03 EMPTY_S14_Position01 EMPTY_S14_Position04 EMPTY_S15_Position01 EMPTY_S15_Position05 EMPTY_S1_Position01 EMPTY_S2_Position02 EMPTY_S3_Position03 EMPTY_S4_Position04 EMPTY_S5_Position05 EMPTY_S6_Position06 EMPTY_S7_Position07 EMPTY_S8_Position08 EMPTY_S9_Position09 
ls6500.putOrGet: pickled data read from Pickles/Pre-irrad_1_141014.pickle
ls6500.putOrGet: unpickling...be patient. file Pickles/Pre-irrad_2_141024.pickle
ls6500.fillSampleMsmts: initial,final sampleMsmts length 192 , 194
ls6500.fillSampleMsmts: Samples in fillSampleMsmts 0050_1F11 0050_1F13 0050_1F16 0050_1R11 0050_1R13 0050_1R16 0050_2F11 0050_2F13 0050_2F16 0050_2R11 0050_2R13 0050_2R16 0050_3F11 0050_3F13 0050_3F16 0050_3R11 0050_3R13 0050_3R16 0050_4F11 0050_4F13 0050_4F16 0050_4R11 0050_4R13 0050_4R16 0050_FPMT 0050_REF1 0050_REF2 0050_RPMT 0052_1F12 0052_1F14 0052_1F17 0052_1R12 0052_1R14 0052_1R17 0052_2F12 0052_2F14 0052_2F17 0052_2R12 0052_2R14 0052_2R17 0052_3F12 0052_3F14 0052_3F17 0052_3R12 0052_3R14 0052_3R17 0052_4F12 0052_4F14 0052_4F17 0052_4R12 0052_4R14 0052_4R17 0052_REF1 0052_REF2 0100_1F15 0100_1F22 0100_1F27 0100_1R15 0100_1R22 0100_1R27 0100_2F15 0100_2F22 0100_2F27 0100_2R15 0100_2R22 0100_2R27 0100_3F15 0100_3F22 0100_3F27 0100_3R15 0100_3R22 0100_3R27 0100_4F15 0100_4F22 0100_4F27 0100_4R15 0100_4R22 0100_4R27 0100_REF1 0100_REF2 0102_1F21 0102_1F25 0102_1R21 0102_1R25 0102_2F21 0102_2F25 0102_2R21 0102_2R25 0102_3F21 0102_3F25 0102_3R21 0102_3R25 0102_4F21 0102_4F25 0102_4R21 0102_4R25 0102_REF1 0102_REF2 0140_1F23 0140_1F31 0140_1R23 0140_1R31 0140_2F23 0140_2F31 0140_2R23 0140_2R31 0140_3F23 0140_3F31 0140_3R23 0140_3R31 0140_4F23 0140_4F31 0140_4R23 0140_4R31 0140_REF1 0142_1F26 0142_1F33 0142_1R26 0142_1R33 0142_2F26 0142_2F33 0142_2R26 0142_2R33 0142_3F26 0142_3F33 0142_3R26 0142_3R33 0142_4F26 0142_4F33 0142_4R26 0142_4R33 0142_REF1 1000_1F34 1000_1F36 1000_1F37 1000_1R34 1000_1R36 1000_1R37 1000_2F34 1000_2F36 1000_2F37 1000_2R34 1000_2R36 1000_2R37 1000_3F34 1000_3F36 1000_3F37 1000_3R34 1000_3R36 1000_3R37 1000_4F34 1000_4F36 1000_4F37 1000_4R34 1000_4R36 1000_4R37 1000_REF1 1002_1F32 1002_1F35 1002_1R32 1002_1R35 1002_2F32 1002_2F35 1002_2R32 1002_2R35 1002_3F32 1002_3F35 1002_3R32 1002_3R35 1002_4F32 1002_4F35 1002_4R32 1002_4R35 1002_REF1 EMPTY_S10_Position10 EMPTY_S11_Position11 EMPTY_S12_Position12 EMPTY_S13_Position01 EMPTY_S13_Position03 EMPTY_S14_Position01 EMPTY_S14_Position04 EMPTY_S15_Position01 EMPTY_S15_Position05 EMPTY_S1_Position01 EMPTY_S2_Position02 EMPTY_S3_Position03 EMPTY_S4_Position04 EMPTY_S5_Position05 EMPTY_S6_Position06 EMPTY_S7_Position07 EMPTY_S8_Position08 EMPTY_S9_Position09 STD_14_C STD_3_H 
ls6500.putOrGet: pickled data read from Pickles/Pre-irrad_2_141024.pickle
ls6500.putOrGet: unpickling...be patient. file Pickles/Pre-irrad_3_141029.pickle
ls6500.fillSampleMsmts: initial,final sampleMsmts length 194 , 194
ls6500.fillSampleMsmts: Samples in fillSampleMsmts 0050_1F11 0050_1F13 0050_1F16 0050_1R11 0050_1R13 0050_1R16 0050_2F11 0050_2F13 0050_2F16 0050_2R11 0050_2R13 0050_2R16 0050_3F11 0050_3F13 0050_3F16 0050_3R11 0050_3R13 0050_3R16 0050_4F11 0050_4F13 0050_4F16 0050_4R11 0050_4R13 0050_4R16 0050_FPMT 0050_REF1 0050_REF2 0050_RPMT 0052_1F12 0052_1F14 0052_1F17 0052_1R12 0052_1R14 0052_1R17 0052_2F12 0052_2F14 0052_2F17 0052_2R12 0052_2R14 0052_2R17 0052_3F12 0052_3F14 0052_3F17 0052_3R12 0052_3R14 0052_3R17 0052_4F12 0052_4F14 0052_4F17 0052_4R12 0052_4R14 0052_4R17 0052_REF1 0052_REF2 0100_1F15 0100_1F22 0100_1F27 0100_1R15 0100_1R22 0100_1R27 0100_2F15 0100_2F22 0100_2F27 0100_2R15 0100_2R22 0100_2R27 0100_3F15 0100_3F22 0100_3F27 0100_3R15 0100_3R22 0100_3R27 0100_4F15 0100_4F22 0100_4F27 0100_4R15 0100_4R22 0100_4R27 0100_REF1 0100_REF2 0102_1F21 0102_1F25 0102_1R21 0102_1R25 0102_2F21 0102_2F25 0102_2R21 0102_2R25 0102_3F21 0102_3F25 0102_3R21 0102_3R25 0102_4F21 0102_4F25 0102_4R21 0102_4R25 0102_REF1 0102_REF2 0140_1F23 0140_1F31 0140_1R23 0140_1R31 0140_2F23 0140_2F31 0140_2R23 0140_2R31 0140_3F23 0140_3F31 0140_3R23 0140_3R31 0140_4F23 0140_4F31 0140_4R23 0140_4R31 0140_REF1 0142_1F26 0142_1F33 0142_1R26 0142_1R33 0142_2F26 0142_2F33 0142_2R26 0142_2R33 0142_3F26 0142_3F33 0142_3R26 0142_3R33 0142_4F26 0142_4F33 0142_4R26 0142_4R33 0142_REF1 1000_1F34 1000_1F36 1000_1F37 1000_1R34 1000_1R36 1000_1R37 1000_2F34 1000_2F36 1000_2F37 1000_2R34 1000_2R36 1000_2R37 1000_3F34 1000_3F36 1000_3F37 1000_3R34 1000_3R36 1000_3R37 1000_4F34 1000_4F36 1000_4F37 1000_4R34 1000_4R36 1000_4R37 1000_REF1 1002_1F32 1002_1F35 1002_1R32 1002_1R35 1002_2F32 1002_2F35 1002_2R32 1002_2R35 1002_3F32 1002_3F35 1002_3R32 1002_3R35 1002_4F32 1002_4F35 1002_4R32 1002_4R35 1002_REF1 EMPTY_S10_Position10 EMPTY_S11_Position11 EMPTY_S12_Position12 EMPTY_S13_Position01 EMPTY_S13_Position03 EMPTY_S14_Position01 EMPTY_S14_Position04 EMPTY_S15_Position01 EMPTY_S15_Position05 EMPTY_S1_Position01 EMPTY_S2_Position02 EMPTY_S3_Position03 EMPTY_S4_Position04 EMPTY_S5_Position05 EMPTY_S6_Position06 EMPTY_S7_Position07 EMPTY_S8_Position08 EMPTY_S9_Position09 STD_14_C STD_3_H 
ls6500.putOrGet: pickled data read from Pickles/Pre-irrad_3_141029.pickle
ls6500.putOrGet: unpickling...be patient. file Pickles/Pre-irrad_4_141031.pickle
ls6500.fillSampleMsmts: initial,final sampleMsmts length 194 , 194
ls6500.fillSampleMsmts: Samples in fillSampleMsmts 0050_1F11 0050_1F13 0050_1F16 0050_1R11 0050_1R13 0050_1R16 0050_2F11 0050_2F13 0050_2F16 0050_2R11 0050_2R13 0050_2R16 0050_3F11 0050_3F13 0050_3F16 0050_3R11 0050_3R13 0050_3R16 0050_4F11 0050_4F13 0050_4F16 0050_4R11 0050_4R13 0050_4R16 0050_FPMT 0050_REF1 0050_REF2 0050_RPMT 0052_1F12 0052_1F14 0052_1F17 0052_1R12 0052_1R14 0052_1R17 0052_2F12 0052_2F14 0052_2F17 0052_2R12 0052_2R14 0052_2R17 0052_3F12 0052_3F14 0052_3F17 0052_3R12 0052_3R14 0052_3R17 0052_4F12 0052_4F14 0052_4F17 0052_4R12 0052_4R14 0052_4R17 0052_REF1 0052_REF2 0100_1F15 0100_1F22 0100_1F27 0100_1R15 0100_1R22 0100_1R27 0100_2F15 0100_2F22 0100_2F27 0100_2R15 0100_2R22 0100_2R27 0100_3F15 0100_3F22 0100_3F27 0100_3R15 0100_3R22 0100_3R27 0100_4F15 0100_4F22 0100_4F27 0100_4R15 0100_4R22 0100_4R27 0100_REF1 0100_REF2 0102_1F21 0102_1F25 0102_1R21 0102_1R25 0102_2F21 0102_2F25 0102_2R21 0102_2R25 0102_3F21 0102_3F25 0102_3R21 0102_3R25 0102_4F21 0102_4F25 0102_4R21 0102_4R25 0102_REF1 0102_REF2 0140_1F23 0140_1F31 0140_1R23 0140_1R31 0140_2F23 0140_2F31 0140_2R23 0140_2R31 0140_3F23 0140_3F31 0140_3R23 0140_3R31 0140_4F23 0140_4F31 0140_4R23 0140_4R31 0140_REF1 0142_1F26 0142_1F33 0142_1R26 0142_1R33 0142_2F26 0142_2F33 0142_2R26 0142_2R33 0142_3F26 0142_3F33 0142_3R26 0142_3R33 0142_4F26 0142_4F33 0142_4R26 0142_4R33 0142_REF1 1000_1F34 1000_1F36 1000_1F37 1000_1R34 1000_1R36 1000_1R37 1000_2F34 1000_2F36 1000_2F37 1000_2R34 1000_2R36 1000_2R37 1000_3F34 1000_3F36 1000_3F37 1000_3R34 1000_3R36 1000_3R37 1000_4F34 1000_4F36 1000_4F37 1000_4R34 1000_4R36 1000_4R37 1000_REF1 1002_1F32 1002_1F35 1002_1R32 1002_1R35 1002_2F32 1002_2F35 1002_2R32 1002_2R35 1002_3F32 1002_3F35 1002_3R32 1002_3R35 1002_4F32 1002_4F35 1002_4R32 1002_4R35 1002_REF1 EMPTY_S10_Position10 EMPTY_S11_Position11 EMPTY_S12_Position12 EMPTY_S13_Position01 EMPTY_S13_Position03 EMPTY_S14_Position01 EMPTY_S14_Position04 EMPTY_S15_Position01 EMPTY_S15_Position05 EMPTY_S1_Position01 EMPTY_S2_Position02 EMPTY_S3_Position03 EMPTY_S4_Position04 EMPTY_S5_Position05 EMPTY_S6_Position06 EMPTY_S7_Position07 EMPTY_S8_Position08 EMPTY_S9_Position09 STD_14_C STD_3_H 
ls6500.putOrGet: pickled data read from Pickles/Pre-irrad_4_141031.pickle
ls6500.putOrGet: unpickling...be patient. file Pickles/Pre-irrad_5_141031.pickle
ls6500.fillSampleMsmts: initial,final sampleMsmts length 194 , 194
ls6500.fillSampleMsmts: Samples in fillSampleMsmts 0050_1F11 0050_1F13 0050_1F16 0050_1R11 0050_1R13 0050_1R16 0050_2F11 0050_2F13 0050_2F16 0050_2R11 0050_2R13 0050_2R16 0050_3F11 0050_3F13 0050_3F16 0050_3R11 0050_3R13 0050_3R16 0050_4F11 0050_4F13 0050_4F16 0050_4R11 0050_4R13 0050_4R16 0050_FPMT 0050_REF1 0050_REF2 0050_RPMT 0052_1F12 0052_1F14 0052_1F17 0052_1R12 0052_1R14 0052_1R17 0052_2F12 0052_2F14 0052_2F17 0052_2R12 0052_2R14 0052_2R17 0052_3F12 0052_3F14 0052_3F17 0052_3R12 0052_3R14 0052_3R17 0052_4F12 0052_4F14 0052_4F17 0052_4R12 0052_4R14 0052_4R17 0052_REF1 0052_REF2 0100_1F15 0100_1F22 0100_1F27 0100_1R15 0100_1R22 0100_1R27 0100_2F15 0100_2F22 0100_2F27 0100_2R15 0100_2R22 0100_2R27 0100_3F15 0100_3F22 0100_3F27 0100_3R15 0100_3R22 0100_3R27 0100_4F15 0100_4F22 0100_4F27 0100_4R15 0100_4R22 0100_4R27 0100_REF1 0100_REF2 0102_1F21 0102_1F25 0102_1R21 0102_1R25 0102_2F21 0102_2F25 0102_2R21 0102_2R25 0102_3F21 0102_3F25 0102_3R21 0102_3R25 0102_4F21 0102_4F25 0102_4R21 0102_4R25 0102_REF1 0102_REF2 0140_1F23 0140_1F31 0140_1R23 0140_1R31 0140_2F23 0140_2F31 0140_2R23 0140_2R31 0140_3F23 0140_3F31 0140_3R23 0140_3R31 0140_4F23 0140_4F31 0140_4R23 0140_4R31 0140_REF1 0142_1F26 0142_1F33 0142_1R26 0142_1R33 0142_2F26 0142_2F33 0142_2R26 0142_2R33 0142_3F26 0142_3F33 0142_3R26 0142_3R33 0142_4F26 0142_4F33 0142_4R26 0142_4R33 0142_REF1 1000_1F34 1000_1F36 1000_1F37 1000_1R34 1000_1R36 1000_1R37 1000_2F34 1000_2F36 1000_2F37 1000_2R34 1000_2R36 1000_2R37 1000_3F34 1000_3F36 1000_3F37 1000_3R34 1000_3R36 1000_3R37 1000_4F34 1000_4F36 1000_4F37 1000_4R34 1000_4R36 1000_4R37 1000_REF1 1002_1F32 1002_1F35 1002_1R32 1002_1R35 1002_2F32 1002_2F35 1002_2R32 1002_2R35 1002_3F32 1002_3F35 1002_3R32 1002_3R35 1002_4F32 1002_4F35 1002_4R32 1002_4R35 1002_REF1 EMPTY_S10_Position10 EMPTY_S11_Position11 EMPTY_S12_Position12 EMPTY_S13_Position01 EMPTY_S13_Position03 EMPTY_S14_Position01 EMPTY_S14_Position04 EMPTY_S15_Position01 EMPTY_S15_Position05 EMPTY_S1_Position01 EMPTY_S2_Position02 EMPTY_S3_Position03 EMPTY_S4_Position04 EMPTY_S5_Position05 EMPTY_S6_Position06 EMPTY_S7_Position07 EMPTY_S8_Position08 EMPTY_S9_Position09 STD_14_C STD_3_H 
ls6500.putOrGet: pickled data read from Pickles/Pre-irrad_5_141031.pickle
ls6500.putOrGet: unpickling...be patient. file Pickles/Pre-irrad_6_141105.pickle
ls6500.fillSampleMsmts: initial,final sampleMsmts length 194 , 194
ls6500.fillSampleMsmts: Samples in fillSampleMsmts 0050_1F11 0050_1F13 0050_1F16 0050_1R11 0050_1R13 0050_1R16 0050_2F11 0050_2F13 0050_2F16 0050_2R11 0050_2R13 0050_2R16 0050_3F11 0050_3F13 0050_3F16 0050_3R11 0050_3R13 0050_3R16 0050_4F11 0050_4F13 0050_4F16 0050_4R11 0050_4R13 0050_4R16 0050_FPMT 0050_REF1 0050_REF2 0050_RPMT 0052_1F12 0052_1F14 0052_1F17 0052_1R12 0052_1R14 0052_1R17 0052_2F12 0052_2F14 0052_2F17 0052_2R12 0052_2R14 0052_2R17 0052_3F12 0052_3F14 0052_3F17 0052_3R12 0052_3R14 0052_3R17 0052_4F12 0052_4F14 0052_4F17 0052_4R12 0052_4R14 0052_4R17 0052_REF1 0052_REF2 0100_1F15 0100_1F22 0100_1F27 0100_1R15 0100_1R22 0100_1R27 0100_2F15 0100_2F22 0100_2F27 0100_2R15 0100_2R22 0100_2R27 0100_3F15 0100_3F22 0100_3F27 0100_3R15 0100_3R22 0100_3R27 0100_4F15 0100_4F22 0100_4F27 0100_4R15 0100_4R22 0100_4R27 0100_REF1 0100_REF2 0102_1F21 0102_1F25 0102_1R21 0102_1R25 0102_2F21 0102_2F25 0102_2R21 0102_2R25 0102_3F21 0102_3F25 0102_3R21 0102_3R25 0102_4F21 0102_4F25 0102_4R21 0102_4R25 0102_REF1 0102_REF2 0140_1F23 0140_1F31 0140_1R23 0140_1R31 0140_2F23 0140_2F31 0140_2R23 0140_2R31 0140_3F23 0140_3F31 0140_3R23 0140_3R31 0140_4F23 0140_4F31 0140_4R23 0140_4R31 0140_REF1 0142_1F26 0142_1F33 0142_1R26 0142_1R33 0142_2F26 0142_2F33 0142_2R26 0142_2R33 0142_3F26 0142_3F33 0142_3R26 0142_3R33 0142_4F26 0142_4F33 0142_4R26 0142_4R33 0142_REF1 1000_1F34 1000_1F36 1000_1F37 1000_1R34 1000_1R36 1000_1R37 1000_2F34 1000_2F36 1000_2F37 1000_2R34 1000_2R36 1000_2R37 1000_3F34 1000_3F36 1000_3F37 1000_3R34 1000_3R36 1000_3R37 1000_4F34 1000_4F36 1000_4F37 1000_4R34 1000_4R36 1000_4R37 1000_REF1 1002_1F32 1002_1F35 1002_1R32 1002_1R35 1002_2F32 1002_2F35 1002_2R32 1002_2R35 1002_3F32 1002_3F35 1002_3R32 1002_3R35 1002_4F32 1002_4F35 1002_4R32 1002_4R35 1002_REF1 EMPTY_S10_Position10 EMPTY_S11_Position11 EMPTY_S12_Position12 EMPTY_S13_Position01 EMPTY_S13_Position03 EMPTY_S14_Position01 EMPTY_S14_Position04 EMPTY_S15_Position01 EMPTY_S15_Position05 EMPTY_S1_Position01 EMPTY_S2_Position02 EMPTY_S3_Position03 EMPTY_S4_Position04 EMPTY_S5_Position05 EMPTY_S6_Position06 EMPTY_S7_Position07 EMPTY_S8_Position08 EMPTY_S9_Position09 STD_14_C STD_3_H 
ls6500.putOrGet: pickled data read from Pickles/Pre-irrad_6_141105.pickle
ls6500.putOrGet: unpickling...be patient. file Pickles/Pre-irrad_7_141106.pickle
ls6500.fillSampleMsmts: initial,final sampleMsmts length 194 , 194
ls6500.fillSampleMsmts: Samples in fillSampleMsmts 0050_1F11 0050_1F13 0050_1F16 0050_1R11 0050_1R13 0050_1R16 0050_2F11 0050_2F13 0050_2F16 0050_2R11 0050_2R13 0050_2R16 0050_3F11 0050_3F13 0050_3F16 0050_3R11 0050_3R13 0050_3R16 0050_4F11 0050_4F13 0050_4F16 0050_4R11 0050_4R13 0050_4R16 0050_FPMT 0050_REF1 0050_REF2 0050_RPMT 0052_1F12 0052_1F14 0052_1F17 0052_1R12 0052_1R14 0052_1R17 0052_2F12 0052_2F14 0052_2F17 0052_2R12 0052_2R14 0052_2R17 0052_3F12 0052_3F14 0052_3F17 0052_3R12 0052_3R14 0052_3R17 0052_4F12 0052_4F14 0052_4F17 0052_4R12 0052_4R14 0052_4R17 0052_REF1 0052_REF2 0100_1F15 0100_1F22 0100_1F27 0100_1R15 0100_1R22 0100_1R27 0100_2F15 0100_2F22 0100_2F27 0100_2R15 0100_2R22 0100_2R27 0100_3F15 0100_3F22 0100_3F27 0100_3R15 0100_3R22 0100_3R27 0100_4F15 0100_4F22 0100_4F27 0100_4R15 0100_4R22 0100_4R27 0100_REF1 0100_REF2 0102_1F21 0102_1F25 0102_1R21 0102_1R25 0102_2F21 0102_2F25 0102_2R21 0102_2R25 0102_3F21 0102_3F25 0102_3R21 0102_3R25 0102_4F21 0102_4F25 0102_4R21 0102_4R25 0102_REF1 0102_REF2 0140_1F23 0140_1F31 0140_1R23 0140_1R31 0140_2F23 0140_2F31 0140_2R23 0140_2R31 0140_3F23 0140_3F31 0140_3R23 0140_3R31 0140_4F23 0140_4F31 0140_4R23 0140_4R31 0140_REF1 0142_1F26 0142_1F33 0142_1R26 0142_1R33 0142_2F26 0142_2F33 0142_2R26 0142_2R33 0142_3F26 0142_3F33 0142_3R26 0142_3R33 0142_4F26 0142_4F33 0142_4R26 0142_4R33 0142_REF1 1000_1F34 1000_1F36 1000_1F37 1000_1R34 1000_1R36 1000_1R37 1000_2F34 1000_2F36 1000_2F37 1000_2R34 1000_2R36 1000_2R37 1000_3F34 1000_3F36 1000_3F37 1000_3R34 1000_3R36 1000_3R37 1000_4F34 1000_4F36 1000_4F37 1000_4R34 1000_4R36 1000_4R37 1000_REF1 1002_1F32 1002_1F35 1002_1R32 1002_1R35 1002_2F32 1002_2F35 1002_2R32 1002_2R35 1002_3F32 1002_3F35 1002_3R32 1002_3R35 1002_4F32 1002_4F35 1002_4R32 1002_4R35 1002_REF1 EMPTY_S10_Position10 EMPTY_S11_Position11 EMPTY_S12_Position12 EMPTY_S13_Position01 EMPTY_S13_Position03 EMPTY_S14_Position01 EMPTY_S14_Position04 EMPTY_S15_Position01 EMPTY_S15_Position05 EMPTY_S1_Position01 EMPTY_S2_Position02 EMPTY_S3_Position03 EMPTY_S4_Position04 EMPTY_S5_Position05 EMPTY_S6_Position06 EMPTY_S7_Position07 EMPTY_S8_Position08 EMPTY_S9_Position09 STD_14_C STD_3_H 
ls6500.putOrGet: pickled data read from Pickles/Pre-irrad_7_141106.pickle
ls6500.putOrGet: unpickling...be patient. file Pickles/Pre-irrad_8_141107.pickle
ls6500.fillSampleMsmts: initial,final sampleMsmts length 194 , 196
ls6500.fillSampleMsmts: Samples in fillSampleMsmts 0050_1F11 0050_1F13 0050_1F16 0050_1R11 0050_1R13 0050_1R16 0050_2F11 0050_2F13 0050_2F16 0050_2R11 0050_2R13 0050_2R16 0050_3F11 0050_3F13 0050_3F16 0050_3R11 0050_3R13 0050_3R16 0050_4F11 0050_4F13 0050_4F16 0050_4R11 0050_4R13 0050_4R16 0050_FPMT 0050_REF1 0050_REF2 0050_RPMT 0052_1F12 0052_1F14 0052_1F17 0052_1R12 0052_1R14 0052_1R17 0052_2F12 0052_2F14 0052_2F17 0052_2R12 0052_2R14 0052_2R17 0052_3F12 0052_3F14 0052_3F17 0052_3R12 0052_3R14 0052_3R17 0052_4F12 0052_4F14 0052_4F17 0052_4R12 0052_4R14 0052_4R17 0052_REF1 0052_REF2 0100_1F15 0100_1F22 0100_1F27 0100_1R15 0100_1R22 0100_1R27 0100_2F15 0100_2F22 0100_2F27 0100_2R15 0100_2R22 0100_2R27 0100_3F15 0100_3F22 0100_3F27 0100_3R15 0100_3R22 0100_3R27 0100_4F15 0100_4F22 0100_4F27 0100_4R15 0100_4R22 0100_4R27 0100_REF1 0100_REF2 0102_1F21 0102_1F25 0102_1R21 0102_1R25 0102_2F21 0102_2F25 0102_2R21 0102_2R25 0102_3F21 0102_3F25 0102_3R21 0102_3R25 0102_4F21 0102_4F25 0102_4R21 0102_4R25 0102_REF1 0102_REF2 0140_1F23 0140_1F31 0140_1R23 0140_1R31 0140_2F23 0140_2F31 0140_2R23 0140_2R31 0140_3F23 0140_3F31 0140_3R23 0140_3R31 0140_4F23 0140_4F31 0140_4R23 0140_4R31 0140_REF1 0140_REF2 0142_1F26 0142_1F33 0142_1R26 0142_1R33 0142_2F26 0142_2F33 0142_2R26 0142_2R33 0142_3F26 0142_3F33 0142_3R26 0142_3R33 0142_4F26 0142_4F33 0142_4R26 0142_4R33 0142_REF1 1000_1F34 1000_1F36 1000_1F37 1000_1R34 1000_1R36 1000_1R37 1000_2F34 1000_2F36 1000_2F37 1000_2R34 1000_2R36 1000_2R37 1000_3F34 1000_3F36 1000_3F37 1000_3R34 1000_3R36 1000_3R37 1000_4F34 1000_4F36 1000_4F37 1000_4R34 1000_4R36 1000_4R37 1000_REF1 1000_REF2 1002_1F32 1002_1F35 1002_1R32 1002_1R35 1002_2F32 1002_2F35 1002_2R32 1002_2R35 1002_3F32 1002_3F35 1002_3R32 1002_3R35 1002_4F32 1002_4F35 1002_4R32 1002_4R35 1002_REF1 EMPTY_S10_Position10 EMPTY_S11_Position11 EMPTY_S12_Position12 EMPTY_S13_Position01 EMPTY_S13_Position03 EMPTY_S14_Position01 EMPTY_S14_Position04 EMPTY_S15_Position01 EMPTY_S15_Position05 EMPTY_S1_Position01 EMPTY_S2_Position02 EMPTY_S3_Position03 EMPTY_S4_Position04 EMPTY_S5_Position05 EMPTY_S6_Position06 EMPTY_S7_Position07 EMPTY_S8_Position08 EMPTY_S9_Position09 STD_14_C STD_3_H 
ls6500.putOrGet: pickled data read from Pickles/Pre-irrad_8_141107.pickle
ls6500.putOrGet: unpickling...be patient. file Pickles/Pre-irrad_9_141110.pickle
ls6500.fillSampleMsmts: initial,final sampleMsmts length 196 , 196
ls6500.fillSampleMsmts: Samples in fillSampleMsmts 0050_1F11 0050_1F13 0050_1F16 0050_1R11 0050_1R13 0050_1R16 0050_2F11 0050_2F13 0050_2F16 0050_2R11 0050_2R13 0050_2R16 0050_3F11 0050_3F13 0050_3F16 0050_3R11 0050_3R13 0050_3R16 0050_4F11 0050_4F13 0050_4F16 0050_4R11 0050_4R13 0050_4R16 0050_FPMT 0050_REF1 0050_REF2 0050_RPMT 0052_1F12 0052_1F14 0052_1F17 0052_1R12 0052_1R14 0052_1R17 0052_2F12 0052_2F14 0052_2F17 0052_2R12 0052_2R14 0052_2R17 0052_3F12 0052_3F14 0052_3F17 0052_3R12 0052_3R14 0052_3R17 0052_4F12 0052_4F14 0052_4F17 0052_4R12 0052_4R14 0052_4R17 0052_REF1 0052_REF2 0100_1F15 0100_1F22 0100_1F27 0100_1R15 0100_1R22 0100_1R27 0100_2F15 0100_2F22 0100_2F27 0100_2R15 0100_2R22 0100_2R27 0100_3F15 0100_3F22 0100_3F27 0100_3R15 0100_3R22 0100_3R27 0100_4F15 0100_4F22 0100_4F27 0100_4R15 0100_4R22 0100_4R27 0100_REF1 0100_REF2 0102_1F21 0102_1F25 0102_1R21 0102_1R25 0102_2F21 0102_2F25 0102_2R21 0102_2R25 0102_3F21 0102_3F25 0102_3R21 0102_3R25 0102_4F21 0102_4F25 0102_4R21 0102_4R25 0102_REF1 0102_REF2 0140_1F23 0140_1F31 0140_1R23 0140_1R31 0140_2F23 0140_2F31 0140_2R23 0140_2R31 0140_3F23 0140_3F31 0140_3R23 0140_3R31 0140_4F23 0140_4F31 0140_4R23 0140_4R31 0140_REF1 0140_REF2 0142_1F26 0142_1F33 0142_1R26 0142_1R33 0142_2F26 0142_2F33 0142_2R26 0142_2R33 0142_3F26 0142_3F33 0142_3R26 0142_3R33 0142_4F26 0142_4F33 0142_4R26 0142_4R33 0142_REF1 1000_1F34 1000_1F36 1000_1F37 1000_1R34 1000_1R36 1000_1R37 1000_2F34 1000_2F36 1000_2F37 1000_2R34 1000_2R36 1000_2R37 1000_3F34 1000_3F36 1000_3F37 1000_3R34 1000_3R36 1000_3R37 1000_4F34 1000_4F36 1000_4F37 1000_4R34 1000_4R36 1000_4R37 1000_REF1 1000_REF2 1002_1F32 1002_1F35 1002_1R32 1002_1R35 1002_2F32 1002_2F35 1002_2R32 1002_2R35 1002_3F32 1002_3F35 1002_3R32 1002_3R35 1002_4F32 1002_4F35 1002_4R32 1002_4R35 1002_REF1 EMPTY_S10_Position10 EMPTY_S11_Position11 EMPTY_S12_Position12 EMPTY_S13_Position01 EMPTY_S13_Position03 EMPTY_S14_Position01 EMPTY_S14_Position04 EMPTY_S15_Position01 EMPTY_S15_Position05 EMPTY_S1_Position01 EMPTY_S2_Position02 EMPTY_S3_Position03 EMPTY_S4_Position04 EMPTY_S5_Position05 EMPTY_S6_Position06 EMPTY_S7_Position07 EMPTY_S8_Position08 EMPTY_S9_Position09 STD_14_C STD_3_H 
ls6500.putOrGet: pickled data read from Pickles/Pre-irrad_9_141110.pickle
ls6500.putOrGet: unpickling...be patient. file Pickles/Pre-irrad_10_141113.pickle
ls6500.fillSampleMsmts: initial,final sampleMsmts length 196 , 196
ls6500.fillSampleMsmts: Samples in fillSampleMsmts 0050_1F11 0050_1F13 0050_1F16 0050_1R11 0050_1R13 0050_1R16 0050_2F11 0050_2F13 0050_2F16 0050_2R11 0050_2R13 0050_2R16 0050_3F11 0050_3F13 0050_3F16 0050_3R11 0050_3R13 0050_3R16 0050_4F11 0050_4F13 0050_4F16 0050_4R11 0050_4R13 0050_4R16 0050_FPMT 0050_REF1 0050_REF2 0050_RPMT 0052_1F12 0052_1F14 0052_1F17 0052_1R12 0052_1R14 0052_1R17 0052_2F12 0052_2F14 0052_2F17 0052_2R12 0052_2R14 0052_2R17 0052_3F12 0052_3F14 0052_3F17 0052_3R12 0052_3R14 0052_3R17 0052_4F12 0052_4F14 0052_4F17 0052_4R12 0052_4R14 0052_4R17 0052_REF1 0052_REF2 0100_1F15 0100_1F22 0100_1F27 0100_1R15 0100_1R22 0100_1R27 0100_2F15 0100_2F22 0100_2F27 0100_2R15 0100_2R22 0100_2R27 0100_3F15 0100_3F22 0100_3F27 0100_3R15 0100_3R22 0100_3R27 0100_4F15 0100_4F22 0100_4F27 0100_4R15 0100_4R22 0100_4R27 0100_REF1 0100_REF2 0102_1F21 0102_1F25 0102_1R21 0102_1R25 0102_2F21 0102_2F25 0102_2R21 0102_2R25 0102_3F21 0102_3F25 0102_3R21 0102_3R25 0102_4F21 0102_4F25 0102_4R21 0102_4R25 0102_REF1 0102_REF2 0140_1F23 0140_1F31 0140_1R23 0140_1R31 0140_2F23 0140_2F31 0140_2R23 0140_2R31 0140_3F23 0140_3F31 0140_3R23 0140_3R31 0140_4F23 0140_4F31 0140_4R23 0140_4R31 0140_REF1 0140_REF2 0142_1F26 0142_1F33 0142_1R26 0142_1R33 0142_2F26 0142_2F33 0142_2R26 0142_2R33 0142_3F26 0142_3F33 0142_3R26 0142_3R33 0142_4F26 0142_4F33 0142_4R26 0142_4R33 0142_REF1 1000_1F34 1000_1F36 1000_1F37 1000_1R34 1000_1R36 1000_1R37 1000_2F34 1000_2F36 1000_2F37 1000_2R34 1000_2R36 1000_2R37 1000_3F34 1000_3F36 1000_3F37 1000_3R34 1000_3R36 1000_3R37 1000_4F34 1000_4F36 1000_4F37 1000_4R34 1000_4R36 1000_4R37 1000_REF1 1000_REF2 1002_1F32 1002_1F35 1002_1R32 1002_1R35 1002_2F32 1002_2F35 1002_2R32 1002_2R35 1002_3F32 1002_3F35 1002_3R32 1002_3R35 1002_4F32 1002_4F35 1002_4R32 1002_4R35 1002_REF1 EMPTY_S10_Position10 EMPTY_S11_Position11 EMPTY_S12_Position12 EMPTY_S13_Position01 EMPTY_S13_Position03 EMPTY_S14_Position01 EMPTY_S14_Position04 EMPTY_S15_Position01 EMPTY_S15_Position05 EMPTY_S1_Position01 EMPTY_S2_Position02 EMPTY_S3_Position03 EMPTY_S4_Position04 EMPTY_S5_Position05 EMPTY_S6_Position06 EMPTY_S7_Position07 EMPTY_S8_Position08 EMPTY_S9_Position09 STD_14_C STD_3_H 
ls6500.putOrGet: pickled data read from Pickles/Pre-irrad_10_141113.pickle
ls6500.putOrGet: unpickling...be patient. file Pickles/Pre-irrad_11_141114.pickle
ls6500.fillSampleMsmts: initial,final sampleMsmts length 196 , 196
ls6500.fillSampleMsmts: Samples in fillSampleMsmts 0050_1F11 0050_1F13 0050_1F16 0050_1R11 0050_1R13 0050_1R16 0050_2F11 0050_2F13 0050_2F16 0050_2R11 0050_2R13 0050_2R16 0050_3F11 0050_3F13 0050_3F16 0050_3R11 0050_3R13 0050_3R16 0050_4F11 0050_4F13 0050_4F16 0050_4R11 0050_4R13 0050_4R16 0050_FPMT 0050_REF1 0050_REF2 0050_RPMT 0052_1F12 0052_1F14 0052_1F17 0052_1R12 0052_1R14 0052_1R17 0052_2F12 0052_2F14 0052_2F17 0052_2R12 0052_2R14 0052_2R17 0052_3F12 0052_3F14 0052_3F17 0052_3R12 0052_3R14 0052_3R17 0052_4F12 0052_4F14 0052_4F17 0052_4R12 0052_4R14 0052_4R17 0052_REF1 0052_REF2 0100_1F15 0100_1F22 0100_1F27 0100_1R15 0100_1R22 0100_1R27 0100_2F15 0100_2F22 0100_2F27 0100_2R15 0100_2R22 0100_2R27 0100_3F15 0100_3F22 0100_3F27 0100_3R15 0100_3R22 0100_3R27 0100_4F15 0100_4F22 0100_4F27 0100_4R15 0100_4R22 0100_4R27 0100_REF1 0100_REF2 0102_1F21 0102_1F25 0102_1R21 0102_1R25 0102_2F21 0102_2F25 0102_2R21 0102_2R25 0102_3F21 0102_3F25 0102_3R21 0102_3R25 0102_4F21 0102_4F25 0102_4R21 0102_4R25 0102_REF1 0102_REF2 0140_1F23 0140_1F31 0140_1R23 0140_1R31 0140_2F23 0140_2F31 0140_2R23 0140_2R31 0140_3F23 0140_3F31 0140_3R23 0140_3R31 0140_4F23 0140_4F31 0140_4R23 0140_4R31 0140_REF1 0140_REF2 0142_1F26 0142_1F33 0142_1R26 0142_1R33 0142_2F26 0142_2F33 0142_2R26 0142_2R33 0142_3F26 0142_3F33 0142_3R26 0142_3R33 0142_4F26 0142_4F33 0142_4R26 0142_4R33 0142_REF1 1000_1F34 1000_1F36 1000_1F37 1000_1R34 1000_1R36 1000_1R37 1000_2F34 1000_2F36 1000_2F37 1000_2R34 1000_2R36 1000_2R37 1000_3F34 1000_3F36 1000_3F37 1000_3R34 1000_3R36 1000_3R37 1000_4F34 1000_4F36 1000_4F37 1000_4R34 1000_4R36 1000_4R37 1000_REF1 1000_REF2 1002_1F32 1002_1F35 1002_1R32 1002_1R35 1002_2F32 1002_2F35 1002_2R32 1002_2R35 1002_3F32 1002_3F35 1002_3R32 1002_3R35 1002_4F32 1002_4F35 1002_4R32 1002_4R35 1002_REF1 EMPTY_S10_Position10 EMPTY_S11_Position11 EMPTY_S12_Position12 EMPTY_S13_Position01 EMPTY_S13_Position03 EMPTY_S14_Position01 EMPTY_S14_Position04 EMPTY_S15_Position01 EMPTY_S15_Position05 EMPTY_S1_Position01 EMPTY_S2_Position02 EMPTY_S3_Position03 EMPTY_S4_Position04 EMPTY_S5_Position05 EMPTY_S6_Position06 EMPTY_S7_Position07 EMPTY_S8_Position08 EMPTY_S9_Position09 STD_14_C STD_3_H 
ls6500.putOrGet: pickled data read from Pickles/Pre-irrad_11_141114.pickle
ls6500.putOrGet: unpickling...be patient. file Pickles/Post-irrad_12_141117.pickle
ls6500.fillSampleMsmts: initial,final sampleMsmts length 196 , 196
ls6500.fillSampleMsmts: Samples in fillSampleMsmts 0050_1F11 0050_1F13 0050_1F16 0050_1R11 0050_1R13 0050_1R16 0050_2F11 0050_2F13 0050_2F16 0050_2R11 0050_2R13 0050_2R16 0050_3F11 0050_3F13 0050_3F16 0050_3R11 0050_3R13 0050_3R16 0050_4F11 0050_4F13 0050_4F16 0050_4R11 0050_4R13 0050_4R16 0050_FPMT 0050_REF1 0050_REF2 0050_RPMT 0052_1F12 0052_1F14 0052_1F17 0052_1R12 0052_1R14 0052_1R17 0052_2F12 0052_2F14 0052_2F17 0052_2R12 0052_2R14 0052_2R17 0052_3F12 0052_3F14 0052_3F17 0052_3R12 0052_3R14 0052_3R17 0052_4F12 0052_4F14 0052_4F17 0052_4R12 0052_4R14 0052_4R17 0052_REF1 0052_REF2 0100_1F15 0100_1F22 0100_1F27 0100_1R15 0100_1R22 0100_1R27 0100_2F15 0100_2F22 0100_2F27 0100_2R15 0100_2R22 0100_2R27 0100_3F15 0100_3F22 0100_3F27 0100_3R15 0100_3R22 0100_3R27 0100_4F15 0100_4F22 0100_4F27 0100_4R15 0100_4R22 0100_4R27 0100_REF1 0100_REF2 0102_1F21 0102_1F25 0102_1R21 0102_1R25 0102_2F21 0102_2F25 0102_2R21 0102_2R25 0102_3F21 0102_3F25 0102_3R21 0102_3R25 0102_4F21 0102_4F25 0102_4R21 0102_4R25 0102_REF1 0102_REF2 0140_1F23 0140_1F31 0140_1R23 0140_1R31 0140_2F23 0140_2F31 0140_2R23 0140_2R31 0140_3F23 0140_3F31 0140_3R23 0140_3R31 0140_4F23 0140_4F31 0140_4R23 0140_4R31 0140_REF1 0140_REF2 0142_1F26 0142_1F33 0142_1R26 0142_1R33 0142_2F26 0142_2F33 0142_2R26 0142_2R33 0142_3F26 0142_3F33 0142_3R26 0142_3R33 0142_4F26 0142_4F33 0142_4R26 0142_4R33 0142_REF1 1000_1F34 1000_1F36 1000_1F37 1000_1R34 1000_1R36 1000_1R37 1000_2F34 1000_2F36 1000_2F37 1000_2R34 1000_2R36 1000_2R37 1000_3F34 1000_3F36 1000_3F37 1000_3R34 1000_3R36 1000_3R37 1000_4F34 1000_4F36 1000_4F37 1000_4R34 1000_4R36 1000_4R37 1000_REF1 1000_REF2 1002_1F32 1002_1F35 1002_1R32 1002_1R35 1002_2F32 1002_2F35 1002_2R32 1002_2R35 1002_3F32 1002_3F35 1002_3R32 1002_3R35 1002_4F32 1002_4F35 1002_4R32 1002_4R35 1002_REF1 EMPTY_S10_Position10 EMPTY_S11_Position11 EMPTY_S12_Position12 EMPTY_S13_Position01 EMPTY_S13_Position03 EMPTY_S14_Position01 EMPTY_S14_Position04 EMPTY_S15_Position01 EMPTY_S15_Position05 EMPTY_S1_Position01 EMPTY_S2_Position02 EMPTY_S3_Position03 EMPTY_S4_Position04 EMPTY_S5_Position05 EMPTY_S6_Position06 EMPTY_S7_Position07 EMPTY_S8_Position08 EMPTY_S9_Position09 STD_14_C STD_3_H 
ls6500.putOrGet: pickled data read from Pickles/Post-irrad_12_141117.pickle
ls6500.putOrGet: unpickling...be patient. file Pickles/Post-irrad_13_141118.pickle
ls6500.fillSampleMsmts: initial,final sampleMsmts length 196 , 196
ls6500.fillSampleMsmts: Samples in fillSampleMsmts 0050_1F11 0050_1F13 0050_1F16 0050_1R11 0050_1R13 0050_1R16 0050_2F11 0050_2F13 0050_2F16 0050_2R11 0050_2R13 0050_2R16 0050_3F11 0050_3F13 0050_3F16 0050_3R11 0050_3R13 0050_3R16 0050_4F11 0050_4F13 0050_4F16 0050_4R11 0050_4R13 0050_4R16 0050_FPMT 0050_REF1 0050_REF2 0050_RPMT 0052_1F12 0052_1F14 0052_1F17 0052_1R12 0052_1R14 0052_1R17 0052_2F12 0052_2F14 0052_2F17 0052_2R12 0052_2R14 0052_2R17 0052_3F12 0052_3F14 0052_3F17 0052_3R12 0052_3R14 0052_3R17 0052_4F12 0052_4F14 0052_4F17 0052_4R12 0052_4R14 0052_4R17 0052_REF1 0052_REF2 0100_1F15 0100_1F22 0100_1F27 0100_1R15 0100_1R22 0100_1R27 0100_2F15 0100_2F22 0100_2F27 0100_2R15 0100_2R22 0100_2R27 0100_3F15 0100_3F22 0100_3F27 0100_3R15 0100_3R22 0100_3R27 0100_4F15 0100_4F22 0100_4F27 0100_4R15 0100_4R22 0100_4R27 0100_REF1 0100_REF2 0102_1F21 0102_1F25 0102_1R21 0102_1R25 0102_2F21 0102_2F25 0102_2R21 0102_2R25 0102_3F21 0102_3F25 0102_3R21 0102_3R25 0102_4F21 0102_4F25 0102_4R21 0102_4R25 0102_REF1 0102_REF2 0140_1F23 0140_1F31 0140_1R23 0140_1R31 0140_2F23 0140_2F31 0140_2R23 0140_2R31 0140_3F23 0140_3F31 0140_3R23 0140_3R31 0140_4F23 0140_4F31 0140_4R23 0140_4R31 0140_REF1 0140_REF2 0142_1F26 0142_1F33 0142_1R26 0142_1R33 0142_2F26 0142_2F33 0142_2R26 0142_2R33 0142_3F26 0142_3F33 0142_3R26 0142_3R33 0142_4F26 0142_4F33 0142_4R26 0142_4R33 0142_REF1 1000_1F34 1000_1F36 1000_1F37 1000_1R34 1000_1R36 1000_1R37 1000_2F34 1000_2F36 1000_2F37 1000_2R34 1000_2R36 1000_2R37 1000_3F34 1000_3F36 1000_3F37 1000_3R34 1000_3R36 1000_3R37 1000_4F34 1000_4F36 1000_4F37 1000_4R34 1000_4R36 1000_4R37 1000_REF1 1000_REF2 1002_1F32 1002_1F35 1002_1R32 1002_1R35 1002_2F32 1002_2F35 1002_2R32 1002_2R35 1002_3F32 1002_3F35 1002_3R32 1002_3R35 1002_4F32 1002_4F35 1002_4R32 1002_4R35 1002_REF1 EMPTY_S10_Position10 EMPTY_S11_Position11 EMPTY_S12_Position12 EMPTY_S13_Position01 EMPTY_S13_Position03 EMPTY_S14_Position01 EMPTY_S14_Position04 EMPTY_S15_Position01 EMPTY_S15_Position05 EMPTY_S1_Position01 EMPTY_S2_Position02 EMPTY_S3_Position03 EMPTY_S4_Position04 EMPTY_S5_Position05 EMPTY_S6_Position06 EMPTY_S7_Position07 EMPTY_S8_Position08 EMPTY_S9_Position09 STD_14_C STD_3_H 
ls6500.putOrGet: pickled data read from Pickles/Post-irrad_13_141118.pickle
ls6500.setNSRL14Cdoses: Initialization complete
ls6500.defineMatchingSamples 
Name : Samples
0050_2R : 0050_2R11,0050_2R13,0050_2R16
0050_Irr1_Front : 0050_1F11,0050_1F13,0050_1F16,0050_3F11,0050_3F13,0050_3F16
0050_Irr1_Rear : 0050_1R11,0050_1R13,0050_1R16,0050_3R11,0050_3R13,0050_3R16
0050_Irr2_Front : 0050_2F11,0050_2F13,0050_2F16,0050_4F11,0050_4F13,0050_4F16
0050_Irr2_Rear : 0050_2R13,0050_2R16,0050_4R11,0050_4R13,0050_4R16
0050_REF : 0050_REF1,0050_REF2
0052_1F : 0052_1F12,0052_1F14,0052_1F17
0052_1R : 0052_1R12,0052_1R14,0052_1R17
0052_2F : 0052_2F12,0052_2F14,0052_2F17
0052_2R : 0052_2R12,0052_2R14,0052_2R17
0052_3F : 0052_3F12,0052_3F14,0052_3F17
0052_3R : 0052_3R12,0052_3R14,0052_3R17
0052_4F : 0052_4F12,0052_4F14,0052_4F17
0052_4R : 0052_4R12,0052_4R14,0052_4R17
0052_REF : 0052_REF1,0052_REF2
0100_3F : 0100_3F15,0100_3F27,0100_3F22
0100_3R : 0100_3R15,0100_3R27,0100_3R22
0100_4F : 0100_4F15,0100_4F27,0100_4F22
0100_4R : 0100_4R15,0100_4R27,0100_4R22
0100_Irr1_Front : 0100_1F15,0100_1F22,0100_1F27,0100_3F15,0100_3F22
0100_Irr1_Rear : 0100_1R15,0100_1R22,0100_1R27,0100_3R15,0100_3R22
0100_Irr2_Front : 0100_2F15,0100_2F22,0100_2F27,0100_4F15,0100_4F22
0100_Irr2_Rear : 0100_2R15,0100_2R22,0100_2R27,0100_4R15,0100_4R22
0100_REF : 0100_REF1,0100_REF2
0102_1F : 0102_1F21,0102_1F25
0102_1R : 0102_1R21,0102_1R25
0102_2F : 0102_2F21,0102_2F25
0102_2R : 0102_2R21,0102_2R25
0102_3F : 0102_3F21,0102_3F25
0102_3R : 0102_3R21,0102_3R25
0102_4F : 0102_4F21,0102_4F25
0102_4R : 0102_4R21,0102_4R25
0102_REF : 0102_REF1,0102_REF2
0140_3F : 0140_3F23,0140_3F31
0140_3R : 0140_3R23,0140_3R31
0140_4F : 0140_4F23,0140_4F31
0140_4R : 0140_4R23,0140_4R31
0140_Irr1_Front : 0140_1F23,0140_1F31,0140_3F23
0140_Irr1_Rear : 0140_1R23,0140_1R31,0140_3R23
0140_Irr2_Front : 0140_2F23,0140_2F31,0140_4F23
0140_Irr2_Rear : 0140_2R23,0140_2R31,0140_4R23
0140_REF : 0140_REF1,0140_REF2
0142_1F : 0142_1F26,0142_1F33
0142_1R : 0142_1R26,0142_1R33
0142_2F : 0142_2F26,0142_2F33
0142_2R : 0142_2R26,0142_2R33
0142_3F : 0142_3F26,0142_3F33
0142_3R : 0142_3R26,0142_3R33
0142_4F : 0142_4F26,0142_4F33
0142_4R : 0142_4R26,0142_4R33
1000_1R : 1000_1R34,1000_1R36,1000_1R37
1000_3F : 1000_3F34,1000_3F36,1000_3F37
1000_4F : 1000_4F34,1000_4F36,1000_4F37
1000_4R : 1000_4R34,1000_4R36,1000_4R37
1000_Irr1_Front : 1000_1F34,1000_1F36,1000_1F37,1000_3F34,1000_3F37
1000_Irr1_Rear : 1000_1R34,1000_1R37,1000_3R34,1000_3R36,1000_3R37
1000_Irr2_Front : 1000_2F34,1000_2F36,1000_2F37,1000_4F34,1000_4F37
1000_Irr2_Rear : 1000_2R34,1000_2R36,1000_2R37,1000_4R34,1000_4R37
1000_REF : 1000_REF1,1000_REF2
1002_1F : 1002_1F32,1002_1F35
1002_1R : 1002_1R32,1002_1R35
1002_2F : 1002_2F32,1002_2F35
1002_2R : 1002_2R32,1002_2R35
1002_3F : 1002_3F32,1002_3F35
1002_3R : 1002_3R32,1002_3R35
1002_4F : 1002_4F32,1002_4F35
1002_4R : 1002_4R32,1002_4R35
EMPTY : EMPTY_S10_Position10,EMPTY_S11_Position11,EMPTY_S12_Position12,EMPTY_S13_Position01,EMPTY_S13_Position03,EMPTY_S14_Position01,EMPTY_S14_Position04,EMPTY_S15_Position01,EMPTY_S15_Position05,EMPTY_S1_Position01,EMPTY_S2_Position02,EMPTY_S3_Position03,EMPTY_S4_Position04,EMPTY_S5_Position05,EMPTY_S6_Position06,EMPTY_S7_Position07,EMPTY_S8_Position08,EMPTY_S9_Position09
ls6500.Analyze
ls.Analyze: kinds ['0052', '0142', '0050', 'EMPTY', '0140', '0100', '0102', '1000', '1002', 'STD']
MultiGraphs make map for kind 0052 p1  p2 g
MultiGraphs make map for kind 0052 p1 n p2 n
MultiGraphs make map for kind 0052 p1 c p2 c
MultiGraphs make map for kind 0052 p1 a p2 a
MultiGraphs make map for kind 0052 p1 Q p2 Q
MultiGraphs make map for kind 0052 p1 D p2 D
MultiGraphs make map for kind 0052 p1 R p2 R
MultiGraphs make map for kind 0052 p1 N p2 N
MultiGraphs make map for kind 0142 p1  p2 g
MultiGraphs make map for kind 0142 p1 n p2 n
MultiGraphs make map for kind 0142 p1 c p2 c
MultiGraphs make map for kind 0142 p1 a p2 a
MultiGraphs make map for kind 0142 p1 Q p2 Q
MultiGraphs make map for kind 0142 p1 D p2 D
MultiGraphs make map for kind 0142 p1 R p2 R
MultiGraphs make map for kind 0142 p1 N p2 N
MultiGraphs make map for kind 0050 p1  p2 g
MultiGraphs make map for kind 0050 p1 n p2 n
MultiGraphs make map for kind 0050 p1 c p2 c
MultiGraphs make map for kind 0050 p1 a p2 a
MultiGraphs make map for kind 0050 p1 Q p2 Q
MultiGraphs make map for kind 0050 p1 D p2 D
MultiGraphs make map for kind 0050 p1 R p2 R
MultiGraphs make map for kind 0050 p1 N p2 N
MultiGraphs make map for kind EMPTY p1  p2 g
MultiGraphs make map for kind EMPTY p1 n p2 n
MultiGraphs make map for kind EMPTY p1 c p2 c
MultiGraphs make map for kind EMPTY p1 a p2 a
MultiGraphs make map for kind EMPTY p1 Q p2 Q
MultiGraphs make map for kind EMPTY p1 D p2 D
MultiGraphs make map for kind EMPTY p1 R p2 R
MultiGraphs make map for kind EMPTY p1 N p2 N
MultiGraphs make map for kind 0140 p1  p2 g
MultiGraphs make map for kind 0140 p1 n p2 n
MultiGraphs make map for kind 0140 p1 c p2 c
MultiGraphs make map for kind 0140 p1 a p2 a
MultiGraphs make map for kind 0140 p1 Q p2 Q
MultiGraphs make map for kind 0140 p1 D p2 D
MultiGraphs make map for kind 0140 p1 R p2 R
MultiGraphs make map for kind 0140 p1 N p2 N
MultiGraphs make map for kind 0100 p1  p2 g
MultiGraphs make map for kind 0100 p1 n p2 n
MultiGraphs make map for kind 0100 p1 c p2 c
MultiGraphs make map for kind 0100 p1 a p2 a
MultiGraphs make map for kind 0100 p1 Q p2 Q
MultiGraphs make map for kind 0100 p1 D p2 D
MultiGraphs make map for kind 0100 p1 R p2 R
MultiGraphs make map for kind 0100 p1 N p2 N
MultiGraphs make map for kind 0102 p1  p2 g
MultiGraphs make map for kind 0102 p1 n p2 n
MultiGraphs make map for kind 0102 p1 c p2 c
MultiGraphs make map for kind 0102 p1 a p2 a
MultiGraphs make map for kind 0102 p1 Q p2 Q
MultiGraphs make map for kind 0102 p1 D p2 D
MultiGraphs make map for kind 0102 p1 R p2 R
MultiGraphs make map for kind 0102 p1 N p2 N
MultiGraphs make map for kind 1000 p1  p2 g
MultiGraphs make map for kind 1000 p1 n p2 n
MultiGraphs make map for kind 1000 p1 c p2 c
MultiGraphs make map for kind 1000 p1 a p2 a
MultiGraphs make map for kind 1000 p1 Q p2 Q
MultiGraphs make map for kind 1000 p1 D p2 D
MultiGraphs make map for kind 1000 p1 R p2 R
MultiGraphs make map for kind 1000 p1 N p2 N
MultiGraphs make map for kind 1002 p1  p2 g
MultiGraphs make map for kind 1002 p1 n p2 n
MultiGraphs make map for kind 1002 p1 c p2 c
MultiGraphs make map for kind 1002 p1 a p2 a
MultiGraphs make map for kind 1002 p1 Q p2 Q
MultiGraphs make map for kind 1002 p1 D p2 D
MultiGraphs make map for kind 1002 p1 R p2 R
MultiGraphs make map for kind 1002 p1 N p2 N
MultiGraphs make map for kind STD p1  p2 g
MultiGraphs make map for kind STD p1 n p2 n
MultiGraphs make map for kind STD p1 c p2 c
MultiGraphs make map for kind STD p1 a p2 a
MultiGraphs make map for kind STD p1 Q p2 Q
MultiGraphs make map for kind STD p1 D p2 D
MultiGraphs make map for kind STD p1 R p2 R
MultiGraphs make map for kind STD p1 N p2 N
histogramming samples 0052_2F12
