This file is Log/mergensrl_201411040916_516526.log
initialize ls6500 mergensrl . Merging /Users/djaffe/work/GIT/LINDSEY/TechMaturation2014/LS6500/Pre-irrad_1_141014/, /Users/djaffe/work/GIT/LINDSEY/TechMaturation2014/LS6500/Pre-irrad_2_141024/
ls6500.Main: pickMode merge
ls6500.putOrGet: unpickling...be patient
ls6500.fillSampleMsmts: initial,final sampleMsmts length 0 , 192
ls6500.fillSampleMsmts: Samples in fillSampleMsmts 0052_2F12 0142_1F26 0142_3R33 0052_3R12 0052_3R14 0052_3R17 0050_FPMT EMPTY_S2_Position02 0140_2R31 0100_1R15 0102_1F25 0102_1F21 0140_4R23 0142_2F26 0102_2R25 0100_3F15 0142_3F26 0050_1F11 0142_4F26 0050_1F13 EMPTY_S13_Position01 EMPTY_S13_Position03 0050_1F16 0142_3R26 EMPTY_S8_Position08 1002_3F32 EMPTY_S12_Position12 0142_1R33 0052_4F14 0100_REF1 0100_4R27 0052_4F17 0052_REF1 0052_REF2 0100_4R22 1002_3R32 0140_4R31 1002_2F32 1002_3R35 0052_1F12 0052_1F17 0100_REF2 0052_1F14 0102_2F21 EMPTY_S9_Position09 0102_2F25 1000_2R37 0100_3R15 0140_4F31 0052_4R12 0100_4F22 0052_4R14 0052_4F12 0100_4F27 0052_4R17 1002_1R35 1000_REF1 0100_1F27 1002_1R32 1002_4F32 0142_1R26 1002_4F35 1000_2R36 0142_1F33 1000_2R34 0050_3R16 0140_3F31 0100_2F15 0102_4F25 1002_2F35 EMPTY_S15_Position01 EMPTY_S15_Position05 EMPTY_S5_Position05 1000_3R37 1000_2F36 1000_2F37 1000_2F34 0100_1F15 0140_1F31 0100_2R15 0142_2R26 0100_2R27 0052_3F14 0052_3F17 0100_2R22 0052_3F12 0102_4R25 0142_2F33 0102_4R21 0140_3F23 0050_4R16 0142_4F33 0050_4R13 0050_4R11 EMPTY_S14_Position04 0102_3R21 EMPTY_S14_Position01 0052_2F14 0102_3R25 0050_REF2 1002_3F35 0142_4R26 0140_4F23 0050_2F16 0050_2F11 0050_2F13 0142_2R33 0102_4F21 1000_4R34 0140_1F23 1000_4R36 1000_4R37 0100_4R15 0050_2R13 1002_1F32 1002_1F35 0050_REF1 1000_1R37 1000_1R36 1000_1R34 EMPTY_S3_Position03 0100_3R27 0100_3R22 0100_4F15 0140_3R31 0142_4R33 0052_1R17 0052_1R14 0052_1R12 0050_RPMT EMPTY_S6_Position06 EMPTY_S10_Position10 0140_1R31 0102_2R21 0102_REF2 0050_1R16 0050_1R11 1000_3R34 0050_1R13 1000_3R36 0102_1R21 0140_2F23 0102_1R25 0140_3R23 0050_4F13 1002_2R32 0050_4F11 0050_4F16 1002_2R35 0100_1F22 0052_2F17 EMPTY_S11_Position11 1000_3F34 1000_3F37 1000_3F36 0140_REF1 0140_1R23 0100_2F27 0100_3F22 0140_2F31 EMPTY_S7_Position07 0142_3F33 1002_REF1 0140_2R23 0142_REF1 EMPTY_S4_Position04 0100_3F27 EMPTY_S1_Position01 0102_REF1 0052_2R17 0052_2R14 0102_3F25 0052_2R12 0102_3F21 0050_2R11 1002_4R35 1002_4R32 0050_2R16 0050_3F16 0050_3F13 0050_3F11 1000_4F34 0100_1R27 1000_4F36 1000_4F37 0100_1R22 1000_1F36 0050_3R13 0100_2F22 1000_1F37 0050_3R11 1000_1F34 ls6500.putOrGet: pickled data read from Pickles/Pre-irrad_1_141014.pickle
ls6500.putOrGet: unpickling...be patient
ls6500.fillSampleMsmts: initial,final sampleMsmts length 192 , 194
ls6500.fillSampleMsmts: Samples in fillSampleMsmts 0052_2F12 0142_1F26 0142_3R33 0052_3R12 0052_3R14 0052_3R17 0050_FPMT EMPTY_S2_Position02 0140_2R31 0100_1R15 0102_1F25 0102_1F21 0140_4R23 0142_2F26 0102_2R25 0100_3F15 0142_3F26 0050_1F11 0142_4F26 0050_1F13 EMPTY_S13_Position01 EMPTY_S13_Position03 0050_1F16 0142_3R26 EMPTY_S8_Position08 1002_3F32 EMPTY_S12_Position12 0142_1R33 0052_4F14 0100_REF1 0100_4R27 0052_4F17 0052_REF1 0052_REF2 0100_4R22 1002_3R32 0140_4R31 1002_2F32 1002_3R35 0052_1F12 0052_1F17 0100_REF2 0052_1F14 0102_2F21 EMPTY_S9_Position09 0102_2F25 1000_2R37 0100_3R15 0140_4F31 0052_4R12 0100_4F22 0052_4R14 0052_4F12 0100_4F27 0052_4R17 1002_1R35 1000_REF1 0100_1F27 1002_1R32 1002_4F32 0142_1R26 1002_4F35 1000_2R36 0142_1F33 1000_2R34 0050_3R16 0140_3F31 0100_2F15 0102_4F25 1002_2F35 EMPTY_S15_Position01 EMPTY_S15_Position05 EMPTY_S5_Position05 1000_3R37 1000_2F36 1000_2F37 1000_2F34 0100_1F15 0140_1F31 0100_2R15 0142_2R26 0100_2R27 0052_3F14 0052_3F17 0100_2R22 0052_3F12 0102_4R25 0142_2F33 0102_4R21 0140_3F23 0050_4R16 0142_4F33 0050_4R13 0050_4R11 EMPTY_S14_Position04 0102_3R21 EMPTY_S14_Position01 0052_2F14 0102_3R25 0050_REF2 1002_3F35 0142_4R26 0140_4F23 0050_2F16 0050_2F11 0050_2F13 0142_2R33 0102_4F21 1000_4R34 0140_1F23 1000_4R36 1000_4R37 0100_4R15 0050_2R13 1002_1F32 1002_1F35 0050_REF1 1000_1R37 1000_1R36 1000_1R34 EMPTY_S3_Position03 0100_3R27 0100_3R22 0100_4F15 0140_3R31 0142_4R33 0052_1R17 0052_1R14 0052_1R12 0050_RPMT EMPTY_S6_Position06 EMPTY_S10_Position10 0140_1R31 0102_2R21 STD_3_H 0102_REF2 0050_1R16 0050_1R11 1000_3R34 0050_1R13 1000_3R36 0102_1R21 0140_2F23 0102_1R25 0140_3R23 0050_4F13 1002_2R32 0050_4F11 0050_4F16 1002_2R35 0100_1F22 STD_14_C 0052_2F17 EMPTY_S11_Position11 1000_3F34 1000_3F37 1000_3F36 0140_REF1 0140_1R23 0100_2F27 0100_3F22 0140_2F31 EMPTY_S7_Position07 0142_3F33 1002_REF1 0140_2R23 0142_REF1 EMPTY_S4_Position04 0100_3F27 EMPTY_S1_Position01 0102_REF1 0052_2R17 0052_2R14 0102_3F25 0052_2R12 0102_3F21 0050_2R11 1002_4R35 1002_4R32 0050_2R16 0050_3F16 0050_3F13 0050_3F11 1000_4F34 0100_1R27 1000_4F36 1000_4F37 0100_1R22 1000_1F36 0050_3R13 0100_2F22 1000_1F37 0050_3R11 1000_1F34 ls6500.putOrGet: pickled data read from Pickles/Pre-irrad_2_141024.pickle
ls6500.Analyze
sample 0052_2F12
sample 0142_1F26
sample 0142_3R33
sample 0052_3R12
sample 0052_3R14
sample 0052_3R17
sample 0050_FPMT
sample EMPTY_S2_Position02
sample 0140_2R31
sample 0100_1R15
sample 0102_1F25
sample 0102_1F21
sample 0140_4R23
sample 0142_2F26
sample 0102_2R25
sample 0100_3F15
sample 0142_3F26
sample 0050_1F11
sample 0142_4F26
sample 0050_1F13
sample EMPTY_S13_Position01
sample EMPTY_S13_Position03
sample 0050_1F16
sample 0142_3R26
sample EMPTY_S8_Position08
sample 1002_3F32
sample EMPTY_S12_Position12
sample 0142_1R33
sample 0052_4F14
sample 0100_REF1
sample 0100_4R27
sample 0052_4F17
sample 0052_REF1
sample 0052_REF2
sample 0100_4R22
sample 1002_3R32
sample 0140_4R31
sample 1002_2F32
sample 1002_3R35
sample 0052_1F12
sample 0052_1F17
sample 0100_REF2
sample 0052_1F14
sample 0102_2F21
sample EMPTY_S9_Position09
sample 0102_2F25
sample 1000_2R37
sample 0100_3R15
sample 0140_4F31
sample 0052_4R12
sample 0100_4F22
sample 0052_4R14
sample 0052_4F12
sample 0100_4F27
sample 0052_4R17
sample 1002_1R35
sample 1000_REF1
sample 0100_1F27
sample 1002_1R32
sample 1002_4F32
sample 0142_1R26
sample 1002_4F35
sample 1000_2R36
sample 0142_1F33
sample 1000_2R34
sample 0050_3R16
sample 0140_3F31
sample 0100_2F15
sample 0102_4F25
sample 1002_2F35
sample EMPTY_S15_Position01
sample EMPTY_S15_Position05
sample EMPTY_S5_Position05
sample 1000_3R37
sample 1000_2F36
sample 1000_2F37
sample 1000_2F34
sample 0100_1F15
sample 0140_1F31
sample 0100_2R15
sample 0142_2R26
sample 0100_2R27
sample 0052_3F14
sample 0052_3F17
sample 0100_2R22
sample 0052_3F12
sample 0102_4R25
sample 0142_2F33
sample 0102_4R21
sample 0140_3F23
sample 0050_4R16
sample 0142_4F33
sample 0050_4R13
sample 0050_4R11
sample EMPTY_S14_Position04
sample 0102_3R21
sample EMPTY_S14_Position01
sample 0052_2F14
sample 0102_3R25
sample 0050_REF2
sample 1002_3F35
sample 0142_4R26
sample 0140_4F23
sample 0050_2F16
sample 0050_2F11
sample 0050_2F13
sample 0142_2R33
sample 0102_4F21
sample 1000_4R34
sample 0140_1F23
sample 1000_4R36
sample 1000_4R37
sample 0100_4R15
sample 0050_2R13
sample 1002_1F32
sample 1002_1F35
sample 0050_REF1
sample 1000_1R37
sample 1000_1R36
sample 1000_1R34
sample EMPTY_S3_Position03
sample 0100_3R27
sample 0100_3R22
sample 0100_4F15
sample 0140_3R31
sample 0142_4R33
sample 0052_1R17
sample 0052_1R14
sample 0052_1R12
sample 0050_RPMT
sample EMPTY_S6_Position06
sample EMPTY_S10_Position10
sample 0140_1R31
sample 0102_2R21
sample STD_3_H
sample 0102_REF2
sample 0050_1R16
sample 0050_1R11
sample 1000_3R34
sample 0050_1R13
sample 1000_3R36
sample 0102_1R21
sample 0140_2F23
sample 0102_1R25
sample 0140_3R23
sample 0050_4F13
sample 1002_2R32
sample 0050_4F11
sample 0050_4F16
sample 1002_2R35
sample 0100_1F22
sample STD_14_C
sample 0052_2F17
sample EMPTY_S11_Position11
sample 1000_3F34
sample 1000_3F37
sample 1000_3F36
sample 0140_REF1
sample 0140_1R23
sample 0100_2F27
sample 0100_3F22
sample 0140_2F31
sample EMPTY_S7_Position07
sample 0142_3F33
sample 1002_REF1
sample 0140_2R23
sample 0142_REF1
sample EMPTY_S4_Position04
sample 0100_3F27
sample EMPTY_S1_Position01
sample 0102_REF1
sample 0052_2R17
sample 0052_2R14
sample 0102_3F25
sample 0052_2R12
sample 0102_3F21
sample 0050_2R11
sample 1002_4R35
sample 1002_4R32
sample 0050_2R16
sample 0050_3F16
sample 0050_3F13
sample 0050_3F11
sample 1000_4F34
sample 0100_1R27
sample 1000_4F36
sample 1000_4F37
sample 0100_1R22
sample 1000_1F36
sample 0050_3R13
sample 0100_2F22
sample 1000_1F37
sample 0050_3R11
sample 1000_1F34
ls6500.Analyze: Wrote hists to Histograms/mergensrl.root
