ls6500: Output directed to terminal and Log/mergensrl_201411051519_558621.log
initialize ls6500 mergensrl . Merging /Users/djaffe/work/GIT/LINDSEY/TechMaturation2014/LS6500/Pre-irrad_1_141014/, /Users/djaffe/work/GIT/LINDSEY/TechMaturation2014/LS6500/Pre-irrad_2_141024/
ls6500.Main: pickMode merge
ls6500.putOrGet: unpickling...be patient
ls6500.fillSampleMsmts: initial,final sampleMsmts length 0 , 192
ls6500.fillSampleMsmts: Samples in fillSampleMsmts 0052_2F12 0142_1F26 0142_3R33 0052_3R12 0052_3R14 0052_3R17 0050_FPMT EMPTY_S2_Position02 0140_2R31 0100_1R15 0102_1F25 0102_1F21 0140_4R23 0142_2F26 0102_2R25 0100_3F15 0142_3F26 0050_1F11 0142_4F26 0050_1F13 EMPTY_S13_Position01 EMPTY_S13_Position03 0050_1F16 0142_3R26 EMPTY_S8_Position08 1002_3F32 EMPTY_S12_Position12 0142_1R33 0052_4F14 0100_REF1 0100_4R27 0052_4F17 0052_REF1 0052_REF2 0100_4R22 1002_3R32 0140_4R31 1002_2F32 1002_3R35 0052_1F12 0052_1F17 0100_REF2 0052_1F14 0102_2F21 EMPTY_S9_Position09 0102_2F25 1000_2R37 0100_3R15 0140_4F31 0052_4R12 0100_4F22 0052_4R14 0052_4F12 0100_4F27 0052_4R17 1002_1R35 1000_REF1 0100_1F27 1002_1R32 1002_4F32 0142_1R26 1002_4F35 1000_2R36 0142_1F33 1000_2R34 0050_3R16 0140_3F31 0100_2F15 0102_4F25 1002_2F35 EMPTY_S15_Position01 EMPTY_S15_Position05 EMPTY_S5_Position05 1000_3R37 1000_2F36 1000_2F37 1000_2F34 0100_1F15 0140_1F31 0100_2R15 0142_2R26 0100_2R27 0052_3F14 0052_3F17 0100_2R22 0052_3F12 0102_4R25 0142_2F33 0102_4R21 0140_3F23 0050_4R16 0142_4F33 0050_4R13 0050_4R11 EMPTY_S14_Position04 0102_3R21 EMPTY_S14_Position01 0052_2F14 0102_3R25 0050_REF2 1002_3F35 0142_4R26 0140_4F23 0050_2F16 0050_2F11 0050_2F13 0142_2R33 0102_4F21 1000_4R34 0140_1F23 1000_4R36 1000_4R37 0100_4R15 0050_2R13 1002_1F32 1002_1F35 0050_REF1 1000_1R37 1000_1R36 1000_1R34 EMPTY_S3_Position03 0100_3R27 0100_3R22 0100_4F15 0140_3R31 0142_4R33 0052_1R17 0052_1R14 0052_1R12 0050_RPMT EMPTY_S6_Position06 EMPTY_S10_Position10 0140_1R31 0102_2R21 0102_REF2 0050_1R16 0050_1R11 1000_3R34 0050_1R13 1000_3R36 0102_1R21 0140_2F23 0102_1R25 0140_3R23 0050_4F13 1002_2R32 0050_4F11 0050_4F16 1002_2R35 0100_1F22 0052_2F17 EMPTY_S11_Position11 1000_3F34 1000_3F37 1000_3F36 0140_REF1 0140_1R23 0100_2F27 0100_3F22 0140_2F31 EMPTY_S7_Position07 0142_3F33 1002_REF1 0140_2R23 0142_REF1 EMPTY_S4_Position04 0100_3F27 EMPTY_S1_Position01 0102_REF1 0052_2R17 0052_2R14 0102_3F25 0052_2R12 0102_3F21 0050_2R11 1002_4R35 1002_4R32 0050_2R16 0050_3F16 0050_3F13 0050_3F11 1000_4F34 0100_1R27 1000_4F36 1000_4F37 0100_1R22 1000_1F36 0050_3R13 0100_2F22 1000_1F37 0050_3R11 1000_1F34 
ls6500.putOrGet: pickled data read from Pickles/Pre-irrad_1_141014.pickle
ls6500.putOrGet: unpickling...be patient
ls6500.fillSampleMsmts: initial,final sampleMsmts length 192 , 194
ls6500.fillSampleMsmts: Samples in fillSampleMsmts 0052_2F12 0142_1F26 0142_3R33 0052_3R12 0052_3R14 0052_3R17 0050_FPMT EMPTY_S2_Position02 0140_2R31 0100_1R15 0102_1F25 0102_1F21 0140_4R23 0142_2F26 0102_2R25 0100_3F15 0142_3F26 0050_1F11 0142_4F26 0050_1F13 EMPTY_S13_Position01 EMPTY_S13_Position03 0050_1F16 0142_3R26 EMPTY_S8_Position08 1002_3F32 EMPTY_S12_Position12 0142_1R33 0052_4F14 0100_REF1 0100_4R27 0052_4F17 0052_REF1 0052_REF2 0100_4R22 1002_3R32 0140_4R31 1002_2F32 1002_3R35 0052_1F12 0052_1F17 0100_REF2 0052_1F14 0102_2F21 EMPTY_S9_Position09 0102_2F25 1000_2R37 0100_3R15 0140_4F31 0052_4R12 0100_4F22 0052_4R14 0052_4F12 0100_4F27 0052_4R17 1002_1R35 1000_REF1 0100_1F27 1002_1R32 1002_4F32 0142_1R26 1002_4F35 1000_2R36 0142_1F33 1000_2R34 0050_3R16 0140_3F31 0100_2F15 0102_4F25 1002_2F35 EMPTY_S15_Position01 EMPTY_S15_Position05 EMPTY_S5_Position05 1000_3R37 1000_2F36 1000_2F37 1000_2F34 0100_1F15 0140_1F31 0100_2R15 0142_2R26 0100_2R27 0052_3F14 0052_3F17 0100_2R22 0052_3F12 0102_4R25 0142_2F33 0102_4R21 0140_3F23 0050_4R16 0142_4F33 0050_4R13 0050_4R11 EMPTY_S14_Position04 0102_3R21 EMPTY_S14_Position01 0052_2F14 0102_3R25 0050_REF2 1002_3F35 0142_4R26 0140_4F23 0050_2F16 0050_2F11 0050_2F13 0142_2R33 0102_4F21 1000_4R34 0140_1F23 1000_4R36 1000_4R37 0100_4R15 0050_2R13 1002_1F32 1002_1F35 0050_REF1 1000_1R37 1000_1R36 1000_1R34 EMPTY_S3_Position03 0100_3R27 0100_3R22 0100_4F15 0140_3R31 0142_4R33 0052_1R17 0052_1R14 0052_1R12 0050_RPMT EMPTY_S6_Position06 EMPTY_S10_Position10 0140_1R31 0102_2R21 STD_3_H 0102_REF2 0050_1R16 0050_1R11 1000_3R34 0050_1R13 1000_3R36 0102_1R21 0140_2F23 0102_1R25 0140_3R23 0050_4F13 1002_2R32 0050_4F11 0050_4F16 1002_2R35 0100_1F22 STD_14_C 0052_2F17 EMPTY_S11_Position11 1000_3F34 1000_3F37 1000_3F36 0140_REF1 0140_1R23 0100_2F27 0100_3F22 0140_2F31 EMPTY_S7_Position07 0142_3F33 1002_REF1 0140_2R23 0142_REF1 EMPTY_S4_Position04 0100_3F27 EMPTY_S1_Position01 0102_REF1 0052_2R17 0052_2R14 0102_3F25 0052_2R12 0102_3F21 0050_2R11 1002_4R35 1002_4R32 0050_2R16 0050_3F16 0050_3F13 0050_3F11 1000_4F34 0100_1R27 1000_4F36 1000_4F37 0100_1R22 1000_1F36 0050_3R13 0100_2F22 1000_1F37 0050_3R11 1000_1F34 
ls6500.putOrGet: pickled data read from Pickles/Pre-irrad_2_141024.pickle
ls6500.defineMatchingSamples 
Name : Samples
0050_1F : 0050_1F11,0050_1F13,0050_1F16
0050_1R : 0050_1R11,0050_1R13,0050_1R16
0050_2F : 0050_2F11,0050_2F13,0050_2F16
0050_2R : 0050_2R11,0050_2R13,0050_2R16
0050_3F : 0050_3F11,0050_3F13,0050_3F16
0050_3R : 0050_3R11,0050_3R13,0050_3R16
0050_4F : 0050_4F11,0050_4F13,0050_4F16
0050_4R : 0050_4R11,0050_4R13,0050_4R16
0050_REF : 0050_REF1,0050_REF2
0052_1F : 0052_1F12,0052_1F14,0052_1F17
0052_1R : 0052_1R12,0052_1R14,0052_1R17
0052_2F : 0052_2F12,0052_2F14,0052_2F17
0052_2R : 0052_2R12,0052_2R14,0052_2R17
0052_3F : 0052_3F12,0052_3F14,0052_3F17
0052_3R : 0052_3R12,0052_3R14,0052_3R17
0052_4F : 0052_4F12,0052_4F14,0052_4F17
0052_4R : 0052_4R12,0052_4R14,0052_4R17
0052_REF : 0052_REF1,0052_REF2
0100_1F : 0100_1F15,0100_1F22,0100_1F27
0100_1R : 0100_1R15,0100_1R22,0100_1R27
0100_2F : 0100_2F15,0100_2F22,0100_2F27
0100_2R : 0100_2R15,0100_2R22,0100_2R27
0100_3F : 0100_3F15,0100_3F22,0100_3F27
0100_3R : 0100_3R15,0100_3R22,0100_3R27
0100_4F : 0100_4F15,0100_4F22,0100_4F27
0100_4R : 0100_4R15,0100_4R22,0100_4R27
0100_REF : 0100_REF1,0100_REF2
0102_1F : 0102_1F21,0102_1F25
0102_1R : 0102_1R21,0102_1R25
0102_2F : 0102_2F21,0102_2F25
0102_2R : 0102_2R21,0102_2R25
0102_3F : 0102_3F21,0102_3F25
0102_3R : 0102_3R21,0102_3R25
0102_4F : 0102_4F21,0102_4F25
0102_4R : 0102_4R21,0102_4R25
0102_REF : 0102_REF1,0102_REF2
0140_1F : 0140_1F23,0140_1F31
0140_1R : 0140_1R23,0140_1R31
0140_2F : 0140_2F23,0140_2F31
0140_2R : 0140_2R23,0140_2R31
0140_3F : 0140_3F23,0140_3F31
0140_3R : 0140_3R23,0140_3R31
0140_4F : 0140_4F23,0140_4F31
0140_4R : 0140_4R23,0140_4R31
0142_1F : 0142_1F26,0142_1F33
0142_1R : 0142_1R26,0142_1R33
0142_2F : 0142_2F26,0142_2F33
0142_2R : 0142_2R26,0142_2R33
0142_3F : 0142_3F26,0142_3F33
0142_3R : 0142_3R26,0142_3R33
0142_4F : 0142_4F26,0142_4F33
0142_4R : 0142_4R26,0142_4R33
1000_1F : 1000_1F34,1000_1F36,1000_1F37
1000_1R : 1000_1R34,1000_1R36,1000_1R37
1000_2F : 1000_2F34,1000_2F36,1000_2F37
1000_2R : 1000_2R34,1000_2R36,1000_2R37
1000_3F : 1000_3F34,1000_3F36,1000_3F37
1000_3R : 1000_3R34,1000_3R36,1000_3R37
1000_4F : 1000_4F34,1000_4F36,1000_4F37
1000_4R : 1000_4R34,1000_4R36,1000_4R37
1002_1F : 1002_1F32,1002_1F35
1002_1R : 1002_1R32,1002_1R35
1002_2F : 1002_2F32,1002_2F35
1002_2R : 1002_2R32,1002_2R35
1002_3F : 1002_3F32,1002_3F35
1002_3R : 1002_3R32,1002_3R35
1002_4F : 1002_4F32,1002_4F35
1002_4R : 1002_4R32,1002_4R35
EMPTY : EMPTY_S10_Position10,EMPTY_S11_Position11,EMPTY_S12_Position12,EMPTY_S13_Position01,EMPTY_S13_Position03,EMPTY_S14_Position01,EMPTY_S14_Position04,EMPTY_S15_Position01,EMPTY_S15_Position05,EMPTY_S1_Position01,EMPTY_S2_Position02,EMPTY_S3_Position03,EMPTY_S4_Position04,EMPTY_S5_Position05,EMPTY_S6_Position06,EMPTY_S7_Position07,EMPTY_S8_Position08,EMPTY_S9_Position09
ls6500.Analyze
histogramming samples 0052_2F12 0142_1F26 0142_3R33 0052_3R12 0052_3R14 0052_3R17 0050_FPMT EMPTY_S2_Position02 0140_2R31 0100_1R15 0102_1F25 0102_1F21 0140_4R23 0142_2F26 0102_2R25 0100_3F15 0142_3F26 0050_1F11 0142_4F26 0050_1F13 EMPTY_S13_Position01 EMPTY_S13_Position03 0050_1F16 0142_3R26 EMPTY_S8_Position08 1002_3F32 EMPTY_S12_Position12 0142_1R33 0052_4F14 0100_REF1 0100_4R27 0052_4F17 0052_REF1 0052_REF2 0100_4R22 1002_3R32 0140_4R31 1002_2F32 1002_3R35 0052_1F12 0052_1F17 0100_REF2 0052_1F14 0102_2F21 EMPTY_S9_Position09 0102_2F25 1000_2R37 0100_3R15 0140_4F31 0052_4R12 0100_4F22 0052_4R14 0052_4F12 0100_4F27 0052_4R17 1002_1R35 1000_REF1 0100_1F27 1002_1R32 1002_4F32 0142_1R26 1002_4F35 1000_2R36 0142_1F33 1000_2R34 0050_3R16 0140_3F31 0100_2F15 0102_4F25 1002_2F35 EMPTY_S15_Position01 EMPTY_S15_Position05 EMPTY_S5_Position05 1000_3R37 1000_2F36 1000_2F37 1000_2F34 0100_1F15 0140_1F31 0100_2R15 0142_2R26 0100_2R27 0052_3F14 0052_3F17 0100_2R22 0052_3F12 0102_4R25 0142_2F33 0102_4R21 0140_3F23 0050_4R16 0142_4F33 0050_4R13 0050_4R11 EMPTY_S14_Position04 0102_3R21 EMPTY_S14_Position01 0052_2F14 0102_3R25 0050_REF2 1002_3F35 0142_4R26 0140_4F23 0050_2F16 0050_2F11 0050_2F13 0142_2R33 0102_4F21 1000_4R34 0140_1F23 1000_4R36 1000_4R37 0100_4R15 0050_2R13 1002_1F32 1002_1F35 0050_REF1 1000_1R37 1000_1R36 1000_1R34 EMPTY_S3_Position03 0100_3R27 0100_3R22 0100_4F15 0140_3R31 0142_4R33 0052_1R17 0052_1R14 0052_1R12 0050_RPMT EMPTY_S6_Position06 EMPTY_S10_Position10 0140_1R31 0102_2R21 STD_3_H 0102_REF2 0050_1R16 0050_1R11 1000_3R34 0050_1R13 1000_3R36 0102_1R21 0140_2F23 0102_1R25 0140_3R23 0050_4F13 1002_2R32 0050_4F11 0050_4F16 1002_2R35 0100_1F22 STD_14_C 0052_2F17 EMPTY_S11_Position11 1000_3F34 1000_3F37 1000_3F36 0140_REF1 0140_1R23 0100_2F27 0100_3F22 0140_2F31 EMPTY_S7_Position07 0142_3F33 1002_REF1 0140_2R23 0142_REF1 EMPTY_S4_Position04 0100_3F27 EMPTY_S1_Position01 0102_REF1 0052_2R17 0052_2R14 0102_3F25 0052_2R12 0102_3F21 0050_2R11 1002_4R35 1002_4R32 0050_2R16 0050_3F16 0050_3F13 0050_3F11 1000_4F34 0100_1R27 1000_4F36 1000_4F37 0100_1R22 1000_1F36 0050_3R13 0100_2F22 1000_1F37 0050_3R11 1000_1F34 
ls6500.combineCommonSamples: 0052_4R graphs g0052_4R12, g0052_4R14, g0052_4R17
ls6500.averagePoints:i 1 u[i]-u[i-1] 31340.0 deltaT 43200.0 (u[i]-u[i-1])/deltaT 0.725462962963
ls6500.averagePoints:i 2 u[i]-u[i-1] 14266.0 deltaT 43200.0 (u[i]-u[i-1])/deltaT 0.330231481481
ls6500.averagePoints:i,n,ax,ay 2 2 1412989240.0 47.1561126906 t1,t2 1412973570.0 1413016770.0
ls6500.averagePoints:i 3 u[i]-u[i-1] 39625.0 deltaT 43200.0 (u[i]-u[i-1])/deltaT 0.91724537037
ls6500.averagePoints:i 4 u[i]-u[i-1] 31673.0 deltaT 43200.0 (u[i]-u[i-1])/deltaT 0.733171296296
ls6500.averagePoints:i,n,ax,ay 4 2 1413038988.5 47.2314331594 t1,t2 1413016770.0 1413059970.0
ls6500.averagePoints:i 5 u[i]-u[i-1] 14272.0 deltaT 43200.0 (u[i]-u[i-1])/deltaT 0.33037037037
ls6500.averagePoints:i,n,ax,ay 5 1 1413090474.0 47.26 t1,t2 1413059970.0 1413103170.0
ls6500.averagePoints:i 6 u[i]-u[i-1] 39619.0 deltaT 43200.0 (u[i]-u[i-1])/deltaT 0.917106481481
ls6500.averagePoints:i 7 u[i]-u[i-1] 31674.0 deltaT 43200.0 (u[i]-u[i-1])/deltaT 0.733194444444
ls6500.averagePoints:i,n,ax,ay 7 2 1413124555.5 46.9380053908 t1,t2 1413103170.0 1413146370.0
ls6500.averagePoints:i 8 u[i]-u[i-1] 14267.0 deltaT 43200.0 (u[i]-u[i-1])/deltaT 0.33025462963
ls6500.averagePoints:i,n,ax,ay 8 1 1413176039.0 46.9154929577 t1,t2 1413146370.0 1413189570.0
ls6500.averagePoints:i 9 u[i]-u[i-1] 39612.0 deltaT 43200.0 (u[i]-u[i-1])/deltaT 0.916944444444
ls6500.averagePoints:i 10 u[i]-u[i-1] 31672.0 deltaT 43200.0 (u[i]-u[i-1])/deltaT 0.733148148148
ls6500.averagePoints:i,n,ax,ay 10 2 1413210112.0 46.6921261798 t1,t2 1413189570.0 1413232770.0
ls6500.averagePoints:i 11 u[i]-u[i-1] 14276.0 deltaT 43200.0 (u[i]-u[i-1])/deltaT 0.330462962963
ls6500.averagePoints:i 12 u[i]-u[i-1] 931144.0 deltaT 43200.0 (u[i]-u[i-1])/deltaT 21.5542592593
ls6500.averagePoints:i,n,ax,ay 12 2 1413268728.0 46.3799180328 t1,t2 1413232770.0 1413275970.0
ls6500.averagePoints:i 13 u[i]-u[i-1] 31645.0 deltaT 43200.0 (u[i]-u[i-1])/deltaT 0.732523148148
ls6500.averagePoints:i,n,ax,ay 13 1 1414207010.0 44.8163265306 t1,t2 1413275970.0 1413319170.0
ls6500.averagePoints:i 14 u[i]-u[i-1] 24897.0 deltaT 43200.0 (u[i]-u[i-1])/deltaT 0.576319444444
ls6500.averagePoints:i,n,ax,ay 14 1 1414238655.0 44.8571428571 t1,t2 1413319170.0 1413362370.0
ls6500.averagePoints:i 15 u[i]-u[i-1] 29056.0 deltaT 43200.0 (u[i]-u[i-1])/deltaT 0.672592592593
ls6500.averagePoints:i,n,ax,ay 15 1 1414263552.0 43.5689655172 t1,t2 1413362370.0 1413405570.0
ls6500.averagePoints:i 16 u[i]-u[i-1] 31629.0 deltaT 43200.0 (u[i]-u[i-1])/deltaT 0.732152777778
ls6500.averagePoints:i,n,ax,ay 16 1 1414292608.0 44.0 t1,t2 1413405570.0 1413448770.0
ls6500.averagePoints:i 17 u[i]-u[i-1] 24891.0 deltaT 43200.0 (u[i]-u[i-1])/deltaT 0.576180555556
ls6500.averagePoints:i,n,ax,ay 17 1 1414324237.0 43.8333333333 t1,t2 1413448770.0 1413491970.0
ls6500.averagePoints:i 18 u[i]-u[i-1] 29042.0 deltaT 43200.0 (u[i]-u[i-1])/deltaT 0.672268518519
ls6500.averagePoints:i,n,ax,ay 18 1 1414349128.0 43.431372549 t1,t2 1413491970.0 1413535170.0
ls6500.averagePoints:i 19 u[i]-u[i-1] 31620.0 deltaT 43200.0 (u[i]-u[i-1])/deltaT 0.731944444444
ls6500.averagePoints:i,n,ax,ay 19 1 1414378170.0 44.0833333333 t1,t2 1413535170.0 1413578370.0
ls6500.combineCommonSamples: 
x= 1412989240.0, 1413038988.5, 1413090474.0, 1413124555.5, 1413176039.0, 1413210112.0, 1413268728.0, 1414207010.0, 1414238655.0, 1414263552.0, 1414292608.0, 1414324237.0, 1414349128.0, 1414378170.0 dx= 22803.0, 36852.0, 22388.0, 36434.5, 21968.0, 36010.0, 487120.0, 481342.5, 472191.0, 465119.0, 459333.5, 450179.0, 443100.0, 437310.0 
y= 47.1561126906, 47.2314331594, 47.26, 46.9380053908, 46.9154929577, 46.6921261798, 46.3799180328, 44.8163265306, 44.8571428571, 43.5689655172, 44.0, 43.8333333333, 43.431372549, 44.0833333333 dy= 0.259522261381, 0.0337798903769, 0.0, 0.114356891835, 0.0, 0.0282772458752, 0.0423104877274, 0.0, 0.0, 0.0, 0.0, 0.0, 0.0, 0.0
ls6500.combineCommonSamples: 0140_1R graphs g0140_1R23, g0140_1R31
ls6500.averagePoints:i 1 u[i]-u[i-1] 31382.0 deltaT 43200.0 (u[i]-u[i-1])/deltaT 0.726435185185
ls6500.averagePoints:i 2 u[i]-u[i-1] 53902.0 deltaT 43200.0 (u[i]-u[i-1])/deltaT 1.24773148148
ls6500.averagePoints:i,n,ax,ay 2 2 1412993638.0 89.8545751634 t1,t2 1412977947.0 1413021147.0
ls6500.averagePoints:i 3 u[i]-u[i-1] 31672.0 deltaT 43200.0 (u[i]-u[i-1])/deltaT 0.733148148148
ls6500.averagePoints:i,n,ax,ay 3 1 1413063231.0 89.6216216216 t1,t2 1413021147.0 1413064347.0
ls6500.averagePoints:i 4 u[i]-u[i-1] 53891.0 deltaT 43200.0 (u[i]-u[i-1])/deltaT 1.24747685185
ls6500.averagePoints:i,n,ax,ay 4 1 1413094903.0 89.7837837838 t1,t2 1413064347.0 1413107547.0
ls6500.averagePoints:i 5 u[i]-u[i-1] 31666.0 deltaT 43200.0 (u[i]-u[i-1])/deltaT 0.733009259259
ls6500.averagePoints:i,n,ax,ay 5 1 1413148794.0 89.7297297297 t1,t2 1413107547.0 1413150747.0
ls6500.averagePoints:i 6 u[i]-u[i-1] 53885.0 deltaT 43200.0 (u[i]-u[i-1])/deltaT 1.24733796296
ls6500.averagePoints:i,n,ax,ay 6 1 1413180460.0 89.15625 t1,t2 1413150747.0 1413193947.0
ls6500.averagePoints:i 7 u[i]-u[i-1] 31670.0 deltaT 43200.0 (u[i]-u[i-1])/deltaT 0.733101851852
ls6500.averagePoints:i,n,ax,ay 7 1 1413234345.0 89.2777777778 t1,t2 1413193947.0 1413237147.0
ls6500.averagePoints:i 8 u[i]-u[i-1] 945419.0 deltaT 43200.0 (u[i]-u[i-1])/deltaT 21.8846990741
ls6500.averagePoints:i,n,ax,ay 8 1 1413266015.0 88.4705882353 t1,t2 1413237147.0 1413280347.0
ls6500.averagePoints:i 9 u[i]-u[i-1] 31639.0 deltaT 43200.0 (u[i]-u[i-1])/deltaT 0.732384259259
ls6500.averagePoints:i,n,ax,ay 9 1 1414211434.0 87.7692307692 t1,t2 1413280347.0 1413323547.0
ls6500.averagePoints:i 10 u[i]-u[i-1] 53957.0 deltaT 43200.0 (u[i]-u[i-1])/deltaT 1.24900462963
ls6500.averagePoints:i,n,ax,ay 10 1 1414243073.0 87.2857142857 t1,t2 1413323547.0 1413366747.0
ls6500.averagePoints:i 11 u[i]-u[i-1] 31630.0 deltaT 43200.0 (u[i]-u[i-1])/deltaT 0.732175925926
ls6500.averagePoints:i,n,ax,ay 11 1 1414297030.0 87.4285714286 t1,t2 1413366747.0 1413409947.0
ls6500.averagePoints:i 12 u[i]-u[i-1] 53931.0 deltaT 43200.0 (u[i]-u[i-1])/deltaT 1.24840277778
ls6500.averagePoints:i,n,ax,ay 12 1 1414328660.0 87.5405405405 t1,t2 1413409947.0 1413453147.0
ls6500.averagePoints:i 13 u[i]-u[i-1] 31624.0 deltaT 43200.0 (u[i]-u[i-1])/deltaT 0.732037037037
ls6500.averagePoints:i,n,ax,ay 13 1 1414382591.0 87.3783783784 t1,t2 1413453147.0 1413496347.0
ls6500.combineCommonSamples: 
x= 1412993638.0, 1413063231.0, 1413094903.0, 1413148794.0, 1413180460.0, 1413234345.0, 1413266015.0, 1414211434.0, 1414243073.0, 1414297030.0, 1414328660.0, 1414382591.0 dx= 42642.0, 36878.0, 42223.5, 36456.5, 41799.0, 36034.0, 487143.5, 481363.0, 486741.5, 480956.5, 486322.0, 480534.0 
y= 89.8545751634, 89.6216216216, 89.7837837838, 89.7297297297, 89.15625, 89.2777777778, 88.4705882353, 87.7692307692, 87.2857142857, 87.4285714286, 87.5405405405, 87.3783783784 dy= 0.127094356096, 0.0, 0.0, 0.0, 0.0, 0.0, 0.0, 0.0, 0.0, 0.0, 0.0, 0.0
ls6500.combineCommonSamples: 0142_2R graphs g0142_2R26, g0142_2R33
ls6500.averagePoints:i 1 u[i]-u[i-1] 31395.0 deltaT 43200.0 (u[i]-u[i-1])/deltaT 0.726736111111
ls6500.averagePoints:i 2 u[i]-u[i-1] 53903.0 deltaT 43200.0 (u[i]-u[i-1])/deltaT 1.24775462963
ls6500.averagePoints:i,n,ax,ay 2 2 1412994964.5 90.4626984127 t1,t2 1412979267.0 1413022467.0
ls6500.averagePoints:i 3 u[i]-u[i-1] 31672.0 deltaT 43200.0 (u[i]-u[i-1])/deltaT 0.733148148148
ls6500.averagePoints:i,n,ax,ay 3 1 1413064565.0 90.5294117647 t1,t2 1413022467.0 1413065667.0
ls6500.averagePoints:i 4 u[i]-u[i-1] 53890.0 deltaT 43200.0 (u[i]-u[i-1])/deltaT 1.2474537037
ls6500.averagePoints:i,n,ax,ay 4 1 1413096237.0 89.8571428571 t1,t2 1413065667.0 1413108867.0
ls6500.averagePoints:i 5 u[i]-u[i-1] 31666.0 deltaT 43200.0 (u[i]-u[i-1])/deltaT 0.733009259259
ls6500.averagePoints:i,n,ax,ay 5 1 1413150127.0 89.4 t1,t2 1413108867.0 1413152067.0
ls6500.averagePoints:i 6 u[i]-u[i-1] 53887.0 deltaT 43200.0 (u[i]-u[i-1])/deltaT 1.24738425926
ls6500.averagePoints:i,n,ax,ay 6 1 1413181793.0 88.8857142857 t1,t2 1413152067.0 1413195267.0
ls6500.averagePoints:i 7 u[i]-u[i-1] 31670.0 deltaT 43200.0 (u[i]-u[i-1])/deltaT 0.733101851852
ls6500.averagePoints:i,n,ax,ay 7 1 1413235680.0 88.8695652174 t1,t2 1413195267.0 1413238467.0
ls6500.averagePoints:i 8 u[i]-u[i-1] 945418.0 deltaT 43200.0 (u[i]-u[i-1])/deltaT 21.8846759259
ls6500.averagePoints:i,n,ax,ay 8 1 1413267350.0 86.85 t1,t2 1413238467.0 1413281667.0
ls6500.averagePoints:i 9 u[i]-u[i-1] 31634.0 deltaT 43200.0 (u[i]-u[i-1])/deltaT 0.732268518519
ls6500.averagePoints:i,n,ax,ay 9 1 1414212768.0 80.4615384615 t1,t2 1413281667.0 1413324867.0
ls6500.averagePoints:i 10 u[i]-u[i-1] 53961.0 deltaT 43200.0 (u[i]-u[i-1])/deltaT 1.24909722222
ls6500.averagePoints:i,n,ax,ay 10 1 1414244402.0 79.2368421053 t1,t2 1413324867.0 1413368067.0
ls6500.averagePoints:i 11 u[i]-u[i-1] 31631.0 deltaT 43200.0 (u[i]-u[i-1])/deltaT 0.732199074074
ls6500.averagePoints:i,n,ax,ay 11 1 1414298363.0 79.0789473684 t1,t2 1413368067.0 1413411267.0
ls6500.averagePoints:i 12 u[i]-u[i-1] 53928.0 deltaT 43200.0 (u[i]-u[i-1])/deltaT 1.24833333333
ls6500.averagePoints:i,n,ax,ay 12 1 1414329994.0 77.380952381 t1,t2 1413411267.0 1413454467.0
ls6500.averagePoints:i 13 u[i]-u[i-1] 31626.0 deltaT 43200.0 (u[i]-u[i-1])/deltaT 0.732083333333
ls6500.averagePoints:i,n,ax,ay 13 1 1414383922.0 77.5681818182 t1,t2 1413454467.0 1413497667.0
ls6500.combineCommonSamples: 
x= 1412994964.5, 1413064565.0, 1413096237.0, 1413150127.0, 1413181793.0, 1413235680.0, 1413267350.0, 1414212768.0, 1414244402.0, 1414298363.0, 1414329994.0, 1414383922.0 dx= 42649.0, 36885.0, 42230.0, 36463.0, 41806.5, 36041.5, 487150.5, 481367.5, 486748.0, 480963.5, 486327.5, 480540.5 
y= 90.4626984127, 90.5294117647, 89.8571428571, 89.4, 88.8857142857, 88.8695652174, 86.85, 80.4615384615, 79.2368421053, 79.0789473684, 77.380952381, 77.5681818182 dy= 0.209887250924, 0.0, 0.0, 0.0, 0.0, 0.0, 0.0, 0.0, 0.0, 0.0, 0.0, 0.0
ls6500.combineCommonSamples: 0140_2F graphs g0140_2F23, g0140_2F31
ls6500.averagePoints:i 1 u[i]-u[i-1] 31756.0 deltaT 43200.0 (u[i]-u[i-1])/deltaT 0.735092592593
ls6500.averagePoints:i 2 u[i]-u[i-1] 53359.0 deltaT 43200.0 (u[i]-u[i-1])/deltaT 1.23516203704
ls6500.averagePoints:i,n,ax,ay 2 2 1412979267.0 89.2424242424 t1,t2 1412963389.0 1413006589.0
ls6500.averagePoints:i 3 u[i]-u[i-1] 32113.0 deltaT 43200.0 (u[i]-u[i-1])/deltaT 0.743356481481
ls6500.averagePoints:i,n,ax,ay 3 1 1413048504.0 89.3714285714 t1,t2 1413006589.0 1413049789.0
ls6500.averagePoints:i 4 u[i]-u[i-1] 53448.0 deltaT 43200.0 (u[i]-u[i-1])/deltaT 1.23722222222
ls6500.averagePoints:i,n,ax,ay 4 1 1413080617.0 88.9722222222 t1,t2 1413049789.0 1413092989.0
ls6500.averagePoints:i 5 u[i]-u[i-1] 32106.0 deltaT 43200.0 (u[i]-u[i-1])/deltaT 0.743194444444
ls6500.averagePoints:i,n,ax,ay 5 1 1413134065.0 88.8387096774 t1,t2 1413092989.0 1413136189.0
ls6500.averagePoints:i 6 u[i]-u[i-1] 53450.0 deltaT 43200.0 (u[i]-u[i-1])/deltaT 1.23726851852
ls6500.averagePoints:i,n,ax,ay 6 1 1413166171.0 89.1666666667 t1,t2 1413136189.0 1413179389.0
ls6500.averagePoints:i 7 u[i]-u[i-1] 32105.0 deltaT 43200.0 (u[i]-u[i-1])/deltaT 0.743171296296
ls6500.averagePoints:i,n,ax,ay 7 1 1413219621.0 88.2580645161 t1,t2 1413179389.0 1413222589.0
ls6500.averagePoints:i 8 u[i]-u[i-1] 945006.0 deltaT 43200.0 (u[i]-u[i-1])/deltaT 21.8751388889
ls6500.averagePoints:i,n,ax,ay 8 1 1413251726.0 87.6285714286 t1,t2 1413222589.0 1413265789.0
ls6500.averagePoints:i 9 u[i]-u[i-1] 32072.0 deltaT 43200.0 (u[i]-u[i-1])/deltaT 0.742407407407
ls6500.averagePoints:i,n,ax,ay 9 1 1414196732.0 86.8684210526 t1,t2 1413265789.0 1413308989.0
ls6500.averagePoints:i 10 u[i]-u[i-1] 53526.0 deltaT 43200.0 (u[i]-u[i-1])/deltaT 1.23902777778
ls6500.averagePoints:i,n,ax,ay 10 1 1414228804.0 87.0606060606 t1,t2 1413308989.0 1413352189.0
ls6500.averagePoints:i 11 u[i]-u[i-1] 32058.0 deltaT 43200.0 (u[i]-u[i-1])/deltaT 0.742083333333
ls6500.averagePoints:i,n,ax,ay 11 1 1414282330.0 86.6486486486 t1,t2 1413352189.0 1413395389.0
ls6500.averagePoints:i 12 u[i]-u[i-1] 53509.0 deltaT 43200.0 (u[i]-u[i-1])/deltaT 1.23863425926
ls6500.averagePoints:i,n,ax,ay 12 1 1414314388.0 86.6388888889 t1,t2 1413395389.0 1413438589.0
ls6500.averagePoints:i 13 u[i]-u[i-1] 32048.0 deltaT 43200.0 (u[i]-u[i-1])/deltaT 0.741851851852
ls6500.averagePoints:i,n,ax,ay 13 1 1414367897.0 86.1944444444 t1,t2 1413438589.0 1413481789.0
ls6500.combineCommonSamples: 
x= 1412979267.0, 1413048504.0, 1413080617.0, 1413134065.0, 1413166171.0, 1413219621.0, 1413251726.0, 1414196732.0, 1414228804.0, 1414282330.0, 1414314388.0, 1414367897.0 dx= 42557.5, 37014.0, 42138.0, 36591.0, 41716.0, 36168.5, 487071.5, 481507.5, 486670.5, 481099.5, 486254.0, 480678.0 
y= 89.2424242424, 89.3714285714, 88.9722222222, 88.8387096774, 89.1666666667, 88.2580645161, 87.6285714286, 86.8684210526, 87.0606060606, 86.6486486486, 86.6388888889, 86.1944444444 dy= 0.0428549563982, 0.0, 0.0, 0.0, 0.0, 0.0, 0.0, 0.0, 0.0, 0.0, 0.0, 0.0
ls6500.combineCommonSamples: 0140_3R graphs g0140_3R23, g0140_3R31
ls6500.averagePoints:i 1 u[i]-u[i-1] 31400.0 deltaT 43200.0 (u[i]-u[i-1])/deltaT 0.726851851852
ls6500.averagePoints:i 2 u[i]-u[i-1] 53904.0 deltaT 43200.0 (u[i]-u[i-1])/deltaT 1.24777777778
ls6500.averagePoints:i,n,ax,ay 2 2 1412995406.0 89.4327651515 t1,t2 1412979706.0 1413022906.0
ls6500.averagePoints:i 3 u[i]-u[i-1] 31671.0 deltaT 43200.0 (u[i]-u[i-1])/deltaT 0.733125
ls6500.averagePoints:i,n,ax,ay 3 1 1413065010.0 89.7179487179 t1,t2 1413022906.0 1413066106.0
ls6500.averagePoints:i 4 u[i]-u[i-1] 53890.0 deltaT 43200.0 (u[i]-u[i-1])/deltaT 1.2474537037
ls6500.averagePoints:i,n,ax,ay 4 1 1413096681.0 87.8780487805 t1,t2 1413066106.0 1413109306.0
ls6500.averagePoints:i 5 u[i]-u[i-1] 31665.0 deltaT 43200.0 (u[i]-u[i-1])/deltaT 0.732986111111
ls6500.averagePoints:i,n,ax,ay 5 1 1413150571.0 89.6 t1,t2 1413109306.0 1413152506.0
ls6500.averagePoints:i 6 u[i]-u[i-1] 53889.0 deltaT 43200.0 (u[i]-u[i-1])/deltaT 1.24743055556
ls6500.averagePoints:i,n,ax,ay 6 1 1413182236.0 88.2857142857 t1,t2 1413152506.0 1413195706.0
ls6500.averagePoints:i 7 u[i]-u[i-1] 31669.0 deltaT 43200.0 (u[i]-u[i-1])/deltaT 0.733078703704
ls6500.averagePoints:i,n,ax,ay 7 1 1413236125.0 89.2424242424 t1,t2 1413195706.0 1413238906.0
ls6500.averagePoints:i 8 u[i]-u[i-1] 945417.0 deltaT 43200.0 (u[i]-u[i-1])/deltaT 21.8846527778
ls6500.averagePoints:i,n,ax,ay 8 1 1413267794.0 87.5428571429 t1,t2 1413238906.0 1413282106.0
ls6500.averagePoints:i 9 u[i]-u[i-1] 31635.0 deltaT 43200.0 (u[i]-u[i-1])/deltaT 0.732291666667
ls6500.averagePoints:i,n,ax,ay 9 1 1414213211.0 88.0344827586 t1,t2 1413282106.0 1413325306.0
ls6500.averagePoints:i 10 u[i]-u[i-1] 53961.0 deltaT 43200.0 (u[i]-u[i-1])/deltaT 1.24909722222
ls6500.averagePoints:i,n,ax,ay 10 1 1414244846.0 86.0571428571 t1,t2 1413325306.0 1413368506.0
ls6500.averagePoints:i 11 u[i]-u[i-1] 31630.0 deltaT 43200.0 (u[i]-u[i-1])/deltaT 0.732175925926
ls6500.averagePoints:i,n,ax,ay 11 1 1414298807.0 87.8684210526 t1,t2 1413368506.0 1413411706.0
ls6500.averagePoints:i 12 u[i]-u[i-1] 53929.0 deltaT 43200.0 (u[i]-u[i-1])/deltaT 1.24835648148
ls6500.averagePoints:i,n,ax,ay 12 1 1414330437.0 85.7857142857 t1,t2 1413411706.0 1413454906.0
ls6500.averagePoints:i 13 u[i]-u[i-1] 31626.0 deltaT 43200.0 (u[i]-u[i-1])/deltaT 0.732083333333
ls6500.averagePoints:i,n,ax,ay 13 1 1414384366.0 87.4545454545 t1,t2 1413454906.0 1413498106.0
ls6500.combineCommonSamples: 
x= 1412995406.0, 1413065010.0, 1413096681.0, 1413150571.0, 1413182236.0, 1413236125.0, 1413267794.0, 1414213211.0, 1414244846.0, 1414298807.0, 1414330437.0, 1414384366.0 dx= 42652.0, 36887.5, 42232.5, 36465.0, 41809.5, 36044.0, 487152.5, 481370.0, 486750.5, 480965.5, 486330.0, 480543.0 
y= 89.4327651515, 89.7179487179, 87.8780487805, 89.6, 88.2857142857, 89.2424242424, 87.5428571429, 88.0344827586, 86.0571428571, 87.8684210526, 85.7857142857, 87.4545454545 dy= 1.23074078013, 0.0, 0.0, 0.0, 0.0, 0.0, 0.0, 0.0, 0.0, 0.0, 0.0, 0.0
ls6500.combineCommonSamples: 0102_2R graphs g0102_2R21, g0102_2R25
ls6500.averagePoints:i 1 u[i]-u[i-1] 31781.0 deltaT 43200.0 (u[i]-u[i-1])/deltaT 0.735671296296
ls6500.averagePoints:i 2 u[i]-u[i-1] 53472.0 deltaT 43200.0 (u[i]-u[i-1])/deltaT 1.23777777778
ls6500.averagePoints:i,n,ax,ay 2 2 1412991213.5 71.3398999375 t1,t2 1412975323.0 1413018523.0
ls6500.averagePoints:i 3 u[i]-u[i-1] 32101.0 deltaT 43200.0 (u[i]-u[i-1])/deltaT 0.743078703704
ls6500.averagePoints:i,n,ax,ay 3 1 1413060576.0 71.2391304348 t1,t2 1413018523.0 1413061723.0
ls6500.averagePoints:i 4 u[i]-u[i-1] 53462.0 deltaT 43200.0 (u[i]-u[i-1])/deltaT 1.2375462963
ls6500.averagePoints:i,n,ax,ay 4 1 1413092677.0 71.6571428571 t1,t2 1413061723.0 1413104923.0
ls6500.averagePoints:i 5 u[i]-u[i-1] 32103.0 deltaT 43200.0 (u[i]-u[i-1])/deltaT 0.743125
ls6500.averagePoints:i,n,ax,ay 5 1 1413146139.0 70.7 t1,t2 1413104923.0 1413148123.0
ls6500.averagePoints:i 6 u[i]-u[i-1] 53449.0 deltaT 43200.0 (u[i]-u[i-1])/deltaT 1.23724537037
ls6500.averagePoints:i,n,ax,ay 6 1 1413178242.0 71.3076923077 t1,t2 1413148123.0 1413191323.0
ls6500.averagePoints:i 7 u[i]-u[i-1] 32101.0 deltaT 43200.0 (u[i]-u[i-1])/deltaT 0.743078703704
ls6500.averagePoints:i,n,ax,ay 7 1 1413231691.0 69.875 t1,t2 1413191323.0 1413234523.0
ls6500.averagePoints:i 8 u[i]-u[i-1] 944989.0 deltaT 43200.0 (u[i]-u[i-1])/deltaT 21.8747453704
ls6500.averagePoints:i,n,ax,ay 8 1 1413263792.0 69.9791666667 t1,t2 1413234523.0 1413277723.0
ls6500.averagePoints:i 9 u[i]-u[i-1] 32074.0 deltaT 43200.0 (u[i]-u[i-1])/deltaT 0.742453703704
ls6500.averagePoints:i,n,ax,ay 9 1 1414208781.0 65.5714285714 t1,t2 1413277723.0 1413320923.0
ls6500.averagePoints:i 10 u[i]-u[i-1] 53525.0 deltaT 43200.0 (u[i]-u[i-1])/deltaT 1.23900462963
ls6500.averagePoints:i,n,ax,ay 10 1 1414240855.0 65.44 t1,t2 1413320923.0 1413364123.0
ls6500.averagePoints:i 11 u[i]-u[i-1] 32057.0 deltaT 43200.0 (u[i]-u[i-1])/deltaT 0.742060185185
ls6500.averagePoints:i,n,ax,ay 11 1 1414294380.0 64.7307692308 t1,t2 1413364123.0 1413407323.0
ls6500.averagePoints:i 12 u[i]-u[i-1] 53504.0 deltaT 43200.0 (u[i]-u[i-1])/deltaT 1.23851851852
ls6500.averagePoints:i,n,ax,ay 12 1 1414326437.0 64.8510638298 t1,t2 1413407323.0 1413450523.0
ls6500.averagePoints:i 13 u[i]-u[i-1] 32052.0 deltaT 43200.0 (u[i]-u[i-1])/deltaT 0.741944444444
ls6500.averagePoints:i,n,ax,ay 13 1 1414379941.0 63.7916666667 t1,t2 1413450523.0 1413493723.0
ls6500.combineCommonSamples: 
x= 1412991213.5, 1413060576.0, 1413092677.0, 1413146139.0, 1413178242.0, 1413231691.0, 1413263792.0, 1414208781.0, 1414240855.0, 1414294380.0, 1414326437.0, 1414379941.0 dx= 42626.5, 37077.0, 42208.0, 36659.5, 41784.0, 36234.5, 487129.0, 481566.0, 486728.5, 481157.0, 486309.0, 480735.0 
y= 71.3398999375, 71.2391304348, 71.6571428571, 70.7, 71.3076923077, 69.875, 69.9791666667, 65.5714285714, 65.44, 64.7307692308, 64.8510638298, 63.7916666667 dy= 0.135760964244, 0.0, 0.0, 0.0, 0.0, 0.0, 0.0, 0.0, 0.0, 0.0, 0.0, 0.0
ls6500.combineCommonSamples: 0052_REF graphs g0052_REF1, g0052_REF2
ls6500.averagePoints:i 1 u[i]-u[i-1] 3576.0 deltaT 43200.0 (u[i]-u[i-1])/deltaT 0.0827777777778
ls6500.averagePoints:i 2 u[i]-u[i-1] 81990.0 deltaT 43200.0 (u[i]-u[i-1])/deltaT 1.89791666667
ls6500.averagePoints:i,n,ax,ay 2 2 1413036546.0 47.4480042017 t1,t2 1413034758.0 1413077958.0
ls6500.averagePoints:i 3 u[i]-u[i-1] 3576.0 deltaT 43200.0 (u[i]-u[i-1])/deltaT 0.0827777777778
ls6500.averagePoints:i,n,ax,ay 3 1 1413120324.0 47.0 t1,t2 1413077958.0 1413121158.0
ls6500.averagePoints:i 4 u[i]-u[i-1] 81981.0 deltaT 43200.0 (u[i]-u[i-1])/deltaT 1.89770833333
ls6500.averagePoints:i,n,ax,ay 4 1 1413123900.0 46.9722222222 t1,t2 1413121158.0 1413164358.0
ls6500.averagePoints:i 5 u[i]-u[i-1] 3574.0 deltaT 43200.0 (u[i]-u[i-1])/deltaT 0.0827314814815
ls6500.averagePoints:i,n,ax,ay 5 1 1413205881.0 47.24 t1,t2 1413164358.0 1413207558.0
ls6500.averagePoints:i 6 u[i]-u[i-1] 81992.0 deltaT 43200.0 (u[i]-u[i-1])/deltaT 1.89796296296
ls6500.averagePoints:i,n,ax,ay 6 1 1413209455.0 46.8378378378 t1,t2 1413207558.0 1413250758.0
ls6500.averagePoints:i 7 u[i]-u[i-1] 3578.0 deltaT 43200.0 (u[i]-u[i-1])/deltaT 0.0828240740741
ls6500.averagePoints:i,n,ax,ay 7 1 1413291447.0 46.2857142857 t1,t2 1413250758.0 1413293958.0
ls6500.averagePoints:i 8 u[i]-u[i-1] 973459.0 deltaT 43200.0 (u[i]-u[i-1])/deltaT 22.5337731481
ls6500.averagePoints:i,n,ax,ay 8 1 1413295025.0 46.5671641791 t1,t2 1413293958.0 1413337158.0
ls6500.averagePoints:i 9 u[i]-u[i-1] 3572.0 deltaT 43200.0 (u[i]-u[i-1])/deltaT 0.0826851851852
ls6500.averagePoints:i,n,ax,ay 9 1 1414268484.0 44.4666666667 t1,t2 1413337158.0 1413380358.0
ls6500.averagePoints:i 10 u[i]-u[i-1] 82005.0 deltaT 43200.0 (u[i]-u[i-1])/deltaT 1.89826388889
ls6500.averagePoints:i,n,ax,ay 10 1 1414272056.0 44.62 t1,t2 1413380358.0 1413423558.0
ls6500.averagePoints:i 11 u[i]-u[i-1] 3571.0 deltaT 43200.0 (u[i]-u[i-1])/deltaT 0.082662037037
ls6500.averagePoints:i,n,ax,ay 11 1 1414354061.0 44.4137931034 t1,t2 1413423558.0 1413466758.0
ls6500.combineCommonSamples: 
x= 1413036546.0, 1413120324.0, 1413123900.0, 1413205881.0, 1413209455.0, 1413291447.0, 1413295025.0, 1414268484.0, 1414272056.0, 1414354061.0 dx= 42783.0, 22971.0, 42361.5, 22548.5, 41944.5, 22133.5, 487263.0, 467449.0, 486851.5, 467037.0 
y= 47.4480042017, 47.0, 46.9722222222, 47.24, 46.8378378378, 46.2857142857, 46.5671641791, 44.4666666667, 44.62, 44.4137931034 dy= 0.300817485692, 0.0, 0.0, 0.0, 0.0, 0.0, 0.0, 0.0, 0.0, 0.0
ls6500.combineCommonSamples: 0140_1F graphs g0140_1F23, g0140_1F31
ls6500.averagePoints:i 1 u[i]-u[i-1] 31333.0 deltaT 43200.0 (u[i]-u[i-1])/deltaT 0.725300925926
ls6500.averagePoints:i 2 u[i]-u[i-1] 53773.0 deltaT 43200.0 (u[i]-u[i-1])/deltaT 1.24474537037
ls6500.averagePoints:i,n,ax,ay 2 2 1412978175.5 89.8846153846 t1,t2 1412962509.0 1413005709.0
ls6500.averagePoints:i 3 u[i]-u[i-1] 31684.0 deltaT 43200.0 (u[i]-u[i-1])/deltaT 0.733425925926
ls6500.averagePoints:i,n,ax,ay 3 1 1413047615.0 89.8823529412 t1,t2 1413005709.0 1413048909.0
ls6500.averagePoints:i 4 u[i]-u[i-1] 53877.0 deltaT 43200.0 (u[i]-u[i-1])/deltaT 1.24715277778
ls6500.averagePoints:i,n,ax,ay 4 1 1413079299.0 90.2727272727 t1,t2 1413048909.0 1413092109.0
ls6500.averagePoints:i 5 u[i]-u[i-1] 31676.0 deltaT 43200.0 (u[i]-u[i-1])/deltaT 0.733240740741
ls6500.averagePoints:i,n,ax,ay 5 1 1413133176.0 89.1428571429 t1,t2 1413092109.0 1413135309.0
ls6500.averagePoints:i 6 u[i]-u[i-1] 53881.0 deltaT 43200.0 (u[i]-u[i-1])/deltaT 1.24724537037
ls6500.averagePoints:i,n,ax,ay 6 1 1413164852.0 89.8235294118 t1,t2 1413135309.0 1413178509.0
ls6500.averagePoints:i 7 u[i]-u[i-1] 31674.0 deltaT 43200.0 (u[i]-u[i-1])/deltaT 0.733194444444
ls6500.averagePoints:i,n,ax,ay 7 1 1413218733.0 88.7666666667 t1,t2 1413178509.0 1413221709.0
ls6500.averagePoints:i 8 u[i]-u[i-1] 945437.0 deltaT 43200.0 (u[i]-u[i-1])/deltaT 21.8851157407
ls6500.averagePoints:i,n,ax,ay 8 1 1413250407.0 88.8 t1,t2 1413221709.0 1413264909.0
ls6500.averagePoints:i 9 u[i]-u[i-1] 31641.0 deltaT 43200.0 (u[i]-u[i-1])/deltaT 0.732430555556
ls6500.averagePoints:i,n,ax,ay 9 1 1414195844.0 87.5277777778 t1,t2 1413264909.0 1413308109.0
ls6500.averagePoints:i 10 u[i]-u[i-1] 53955.0 deltaT 43200.0 (u[i]-u[i-1])/deltaT 1.24895833333
ls6500.averagePoints:i,n,ax,ay 10 1 1414227485.0 87.7692307692 t1,t2 1413308109.0 1413351309.0
ls6500.averagePoints:i 11 u[i]-u[i-1] 31631.0 deltaT 43200.0 (u[i]-u[i-1])/deltaT 0.732199074074
ls6500.averagePoints:i,n,ax,ay 11 1 1414281440.0 87.0 t1,t2 1413351309.0 1413394509.0
ls6500.averagePoints:i 12 u[i]-u[i-1] 53938.0 deltaT 43200.0 (u[i]-u[i-1])/deltaT 1.24856481481
ls6500.averagePoints:i,n,ax,ay 12 1 1414313071.0 86.7435897436 t1,t2 1413394509.0 1413437709.0
ls6500.averagePoints:i 13 u[i]-u[i-1] 31619.0 deltaT 43200.0 (u[i]-u[i-1])/deltaT 0.731921296296
ls6500.averagePoints:i,n,ax,ay 13 1 1414367009.0 86.5 t1,t2 1413437709.0 1413480909.0
ls6500.combineCommonSamples: 
x= 1412978175.5, 1413047615.0, 1413079299.0, 1413133176.0, 1413164852.0, 1413218733.0, 1413250407.0, 1414195844.0, 1414227485.0, 1414281440.0, 1414313071.0, 1414367009.0 dx= 42553.0, 36795.0, 42133.5, 36371.5, 41712.0, 35949.0, 487067.5, 481288.0, 486665.5, 480881.0, 486250.0, 480459.5 
y= 89.8846153846, 89.8823529412, 90.2727272727, 89.1428571429, 89.8235294118, 88.7666666667, 88.8, 87.5277777778, 87.7692307692, 87.0, 86.7435897436, 86.5 dy= 0.0906547155291, 0.0, 0.0, 0.0, 0.0, 0.0, 0.0, 0.0, 0.0, 0.0, 0.0, 0.0
ls6500.combineCommonSamples: 0050_REF graphs g0050_REF1, g0050_REF2
ls6500.averagePoints:i 1 u[i]-u[i-1] 3576.0 deltaT 43200.0 (u[i]-u[i-1])/deltaT 0.0827777777778
ls6500.averagePoints:i 2 u[i]-u[i-1] 81990.0 deltaT 43200.0 (u[i]-u[i-1])/deltaT 1.89791666667
ls6500.averagePoints:i,n,ax,ay 2 2 1413036105.0 48.457258375 t1,t2 1413034317.0 1413077517.0
ls6500.averagePoints:i 3 u[i]-u[i-1] 3576.0 deltaT 43200.0 (u[i]-u[i-1])/deltaT 0.0827777777778
ls6500.averagePoints:i,n,ax,ay 3 1 1413119883.0 48.137254902 t1,t2 1413077517.0 1413120717.0
ls6500.averagePoints:i 4 u[i]-u[i-1] 81982.0 deltaT 43200.0 (u[i]-u[i-1])/deltaT 1.89773148148
ls6500.averagePoints:i,n,ax,ay 4 1 1413123459.0 48.3214285714 t1,t2 1413120717.0 1413163917.0
ls6500.averagePoints:i 5 u[i]-u[i-1] 3573.0 deltaT 43200.0 (u[i]-u[i-1])/deltaT 0.0827083333333
ls6500.averagePoints:i,n,ax,ay 5 1 1413205441.0 48.1914893617 t1,t2 1413163917.0 1413207117.0
ls6500.averagePoints:i 6 u[i]-u[i-1] 81992.0 deltaT 43200.0 (u[i]-u[i-1])/deltaT 1.89796296296
ls6500.averagePoints:i,n,ax,ay 6 1 1413209014.0 48.3725490196 t1,t2 1413207117.0 1413250317.0
ls6500.averagePoints:i 7 u[i]-u[i-1] 3577.0 deltaT 43200.0 (u[i]-u[i-1])/deltaT 0.0828009259259
ls6500.averagePoints:i,n,ax,ay 7 1 1413291006.0 47.4102564103 t1,t2 1413250317.0 1413293517.0
ls6500.averagePoints:i 8 u[i]-u[i-1] 973460.0 deltaT 43200.0 (u[i]-u[i-1])/deltaT 22.5337962963
ls6500.averagePoints:i,n,ax,ay 8 1 1413294583.0 47.9365079365 t1,t2 1413293517.0 1413336717.0
ls6500.averagePoints:i 9 u[i]-u[i-1] 3573.0 deltaT 43200.0 (u[i]-u[i-1])/deltaT 0.0827083333333
ls6500.averagePoints:i,n,ax,ay 9 1 1414268043.0 48.1315789474 t1,t2 1413336717.0 1413379917.0
ls6500.averagePoints:i 10 u[i]-u[i-1] 82004.0 deltaT 43200.0 (u[i]-u[i-1])/deltaT 1.89824074074
ls6500.averagePoints:i,n,ax,ay 10 1 1414271616.0 48.5588235294 t1,t2 1413379917.0 1413423117.0
ls6500.averagePoints:i 11 u[i]-u[i-1] 3572.0 deltaT 43200.0 (u[i]-u[i-1])/deltaT 0.0826851851852
ls6500.averagePoints:i,n,ax,ay 11 1 1414353620.0 47.693877551 t1,t2 1413423117.0 1413466317.0
ls6500.combineCommonSamples: 
x= 1413036105.0, 1413119883.0, 1413123459.0, 1413205441.0, 1413209014.0, 1413291006.0, 1413294583.0, 1414268043.0, 1414271616.0, 1414353620.0 dx= 42783.0, 22971.0, 42362.0, 22548.5, 41944.5, 22133.0, 487263.0, 467449.5, 486851.5, 467037.5 
y= 48.457258375, 48.137254902, 48.3214285714, 48.1914893617, 48.3725490196, 47.4102564103, 47.9365079365, 48.1315789474, 48.5588235294, 47.693877551 dy= 0.12715397259, 0.0, 0.0, 0.0, 0.0, 0.0, 0.0, 0.0, 0.0, 0.0
ls6500.combineCommonSamples: 0140_3F graphs g0140_3F23, g0140_3F31
ls6500.averagePoints:i 1 u[i]-u[i-1] 31757.0 deltaT 43200.0 (u[i]-u[i-1])/deltaT 0.735115740741
ls6500.averagePoints:i 2 u[i]-u[i-1] 53368.0 deltaT 43200.0 (u[i]-u[i-1])/deltaT 1.23537037037
ls6500.averagePoints:i,n,ax,ay 2 2 1412980146.5 90.0726102941 t1,t2 1412964268.0 1413007468.0
ls6500.averagePoints:i 3 u[i]-u[i-1] 32112.0 deltaT 43200.0 (u[i]-u[i-1])/deltaT 0.743333333333
ls6500.averagePoints:i,n,ax,ay 3 1 1413049393.0 90.34375 t1,t2 1413007468.0 1413050668.0
ls6500.averagePoints:i 4 u[i]-u[i-1] 53449.0 deltaT 43200.0 (u[i]-u[i-1])/deltaT 1.23724537037
ls6500.averagePoints:i,n,ax,ay 4 1 1413081505.0 89.2972972973 t1,t2 1413050668.0 1413093868.0
ls6500.averagePoints:i 5 u[i]-u[i-1] 32106.0 deltaT 43200.0 (u[i]-u[i-1])/deltaT 0.743194444444
ls6500.averagePoints:i,n,ax,ay 5 1 1413134954.0 90.0689655172 t1,t2 1413093868.0 1413137068.0
ls6500.averagePoints:i 6 u[i]-u[i-1] 53450.0 deltaT 43200.0 (u[i]-u[i-1])/deltaT 1.23726851852
ls6500.averagePoints:i,n,ax,ay 6 1 1413167060.0 89.5641025641 t1,t2 1413137068.0 1413180268.0
ls6500.averagePoints:i 7 u[i]-u[i-1] 32102.0 deltaT 43200.0 (u[i]-u[i-1])/deltaT 0.743101851852
ls6500.averagePoints:i,n,ax,ay 7 1 1413220510.0 89.3142857143 t1,t2 1413180268.0 1413223468.0
ls6500.averagePoints:i 8 u[i]-u[i-1] 945008.0 deltaT 43200.0 (u[i]-u[i-1])/deltaT 21.8751851852
ls6500.averagePoints:i,n,ax,ay 8 1 1413252612.0 88.2857142857 t1,t2 1413223468.0 1413266668.0
ls6500.averagePoints:i 9 u[i]-u[i-1] 32073.0 deltaT 43200.0 (u[i]-u[i-1])/deltaT 0.742430555556
ls6500.averagePoints:i,n,ax,ay 9 1 1414197620.0 88.3947368421 t1,t2 1413266668.0 1413309868.0
ls6500.averagePoints:i 10 u[i]-u[i-1] 53527.0 deltaT 43200.0 (u[i]-u[i-1])/deltaT 1.23905092593
ls6500.averagePoints:i,n,ax,ay 10 1 1414229693.0 87.3783783784 t1,t2 1413309868.0 1413353068.0
ls6500.averagePoints:i 11 u[i]-u[i-1] 32056.0 deltaT 43200.0 (u[i]-u[i-1])/deltaT 0.742037037037
ls6500.averagePoints:i,n,ax,ay 11 1 1414283220.0 87.6578947368 t1,t2 1413353068.0 1413396268.0
ls6500.averagePoints:i 12 u[i]-u[i-1] 53509.0 deltaT 43200.0 (u[i]-u[i-1])/deltaT 1.23863425926
ls6500.averagePoints:i,n,ax,ay 12 1 1414315276.0 86.9736842105 t1,t2 1413396268.0 1413439468.0
ls6500.averagePoints:i 13 u[i]-u[i-1] 32044.0 deltaT 43200.0 (u[i]-u[i-1])/deltaT 0.741759259259
ls6500.averagePoints:i,n,ax,ay 13 1 1414368785.0 87.4705882353 t1,t2 1413439468.0 1413482668.0
ls6500.combineCommonSamples: 
x= 1412980146.5, 1413049393.0, 1413081505.0, 1413134954.0, 1413167060.0, 1413220510.0, 1413252612.0, 1414197620.0, 1414229693.0, 1414283220.0, 1414315276.0, 1414368785.0 dx= 42562.5, 37018.5, 42143.0, 36596.0, 41721.0, 36172.0, 487076.0, 481512.5, 486676.0, 481104.0, 486258.5, 480680.5 
y= 90.0726102941, 90.34375, 89.2972972973, 90.0689655172, 89.5641025641, 89.3142857143, 88.2857142857, 88.3947368421, 87.3783783784, 87.6578947368, 86.9736842105, 87.4705882353 dy= 0.560226144652, 0.0, 0.0, 0.0, 0.0, 0.0, 0.0, 0.0, 0.0, 0.0, 0.0, 0.0
ls6500.combineCommonSamples: 0102_2F graphs g0102_2F21, g0102_2F25
ls6500.averagePoints:i 1 u[i]-u[i-1] 31758.0 deltaT 43200.0 (u[i]-u[i-1])/deltaT 0.735138888889
ls6500.averagePoints:i 2 u[i]-u[i-1] 53319.0 deltaT 43200.0 (u[i]-u[i-1])/deltaT 1.23423611111
ls6500.averagePoints:i,n,ax,ay 2 2 1412975769.0 70.7967032967 t1,t2 1412959890.0 1413003090.0
ls6500.averagePoints:i 3 u[i]-u[i-1] 32113.0 deltaT 43200.0 (u[i]-u[i-1])/deltaT 0.743356481481
ls6500.averagePoints:i,n,ax,ay 3 1 1413044967.0 70.0810810811 t1,t2 1413003090.0 1413046290.0
ls6500.averagePoints:i 4 u[i]-u[i-1] 53449.0 deltaT 43200.0 (u[i]-u[i-1])/deltaT 1.23724537037
ls6500.averagePoints:i,n,ax,ay 4 1 1413077080.0 70.3055555556 t1,t2 1413046290.0 1413089490.0
ls6500.averagePoints:i 5 u[i]-u[i-1] 32106.0 deltaT 43200.0 (u[i]-u[i-1])/deltaT 0.743194444444
ls6500.averagePoints:i,n,ax,ay 5 1 1413130529.0 69.5681818182 t1,t2 1413089490.0 1413132690.0
ls6500.averagePoints:i 6 u[i]-u[i-1] 53449.0 deltaT 43200.0 (u[i]-u[i-1])/deltaT 1.23724537037
ls6500.averagePoints:i,n,ax,ay 6 1 1413162635.0 70.1111111111 t1,t2 1413132690.0 1413175890.0
ls6500.averagePoints:i 7 u[i]-u[i-1] 32106.0 deltaT 43200.0 (u[i]-u[i-1])/deltaT 0.743194444444
ls6500.averagePoints:i,n,ax,ay 7 1 1413216084.0 69.0714285714 t1,t2 1413175890.0 1413219090.0
ls6500.averagePoints:i 8 u[i]-u[i-1] 944949.0 deltaT 43200.0 (u[i]-u[i-1])/deltaT 21.8738194444
ls6500.averagePoints:i,n,ax,ay 8 1 1413248190.0 68.8936170213 t1,t2 1413219090.0 1413262290.0
ls6500.averagePoints:i 9 u[i]-u[i-1] 32129.0 deltaT 43200.0 (u[i]-u[i-1])/deltaT 0.743726851852
ls6500.averagePoints:i,n,ax,ay 9 1 1414193139.0 64.0869565217 t1,t2 1413262290.0 1413305490.0
ls6500.averagePoints:i 10 u[i]-u[i-1] 53463.0 deltaT 43200.0 (u[i]-u[i-1])/deltaT 1.23756944444
ls6500.averagePoints:i,n,ax,ay 10 1 1414225268.0 64.0444444444 t1,t2 1413305490.0 1413348690.0
ls6500.averagePoints:i 11 u[i]-u[i-1] 32123.0 deltaT 43200.0 (u[i]-u[i-1])/deltaT 0.743587962963
ls6500.averagePoints:i,n,ax,ay 11 1 1414278731.0 63.2926829268 t1,t2 1413348690.0 1413391890.0
ls6500.averagePoints:i 12 u[i]-u[i-1] 53450.0 deltaT 43200.0 (u[i]-u[i-1])/deltaT 1.23726851852
ls6500.averagePoints:i,n,ax,ay 12 1 1414310854.0 63.075 t1,t2 1413391890.0 1413435090.0
ls6500.averagePoints:i 13 u[i]-u[i-1] 32109.0 deltaT 43200.0 (u[i]-u[i-1])/deltaT 0.743263888889
ls6500.averagePoints:i,n,ax,ay 13 1 1414364304.0 61.44 t1,t2 1413435090.0 1413478290.0
ls6500.combineCommonSamples: 
x= 1412975769.0, 1413044967.0, 1413077080.0, 1413130529.0, 1413162635.0, 1413216084.0, 1413248190.0, 1414193139.0, 1414225268.0, 1414278731.0, 1414310854.0, 1414364304.0 dx= 42538.5, 36995.0, 42119.5, 36572.5, 41697.0, 36150.0, 487024.5, 481489.0, 486620.5, 481082.0, 486207.0, 480661.5 
y= 70.7967032967, 70.0810810811, 70.3055555556, 69.5681818182, 70.1111111111, 69.0714285714, 68.8936170213, 64.0869565217, 64.0444444444, 63.2926829268, 63.075, 61.44 dy= 0.015540808393, 0.0, 0.0, 0.0, 0.0, 0.0, 0.0, 0.0, 0.0, 0.0, 0.0, 0.0
ls6500.combineCommonSamples: 0052_2R graphs g0052_2R12, g0052_2R14, g0052_2R17
ls6500.averagePoints:i 1 u[i]-u[i-1] 31764.0 deltaT 43200.0 (u[i]-u[i-1])/deltaT 0.735277777778
ls6500.averagePoints:i 2 u[i]-u[i-1] 24533.0 deltaT 43200.0 (u[i]-u[i-1])/deltaT 0.567893518519
ls6500.averagePoints:i,n,ax,ay 2 2 1412987282.0 46.8657534247 t1,t2 1412971400.0 1413014600.0
ls6500.averagePoints:i 3 u[i]-u[i-1] 28908.0 deltaT 43200.0 (u[i]-u[i-1])/deltaT 0.669166666667
ls6500.averagePoints:i 4 u[i]-u[i-1] 32104.0 deltaT 43200.0 (u[i]-u[i-1])/deltaT 0.743148148148
ls6500.averagePoints:i,n,ax,ay 4 2 1413042151.0 47.2255639098 t1,t2 1413014600.0 1413057800.0
ls6500.averagePoints:i 5 u[i]-u[i-1] 24556.0 deltaT 43200.0 (u[i]-u[i-1])/deltaT 0.568425925926
ls6500.averagePoints:i,n,ax,ay 5 1 1413088709.0 47.2115384615 t1,t2 1413057800.0 1413101000.0
ls6500.averagePoints:i 6 u[i]-u[i-1] 28904.0 deltaT 43200.0 (u[i]-u[i-1])/deltaT 0.669074074074
ls6500.averagePoints:i 7 u[i]-u[i-1] 32105.0 deltaT 43200.0 (u[i]-u[i-1])/deltaT 0.743171296296
ls6500.averagePoints:i,n,ax,ay 7 2 1413127717.0 46.8520255864 t1,t2 1413101000.0 1413144200.0
ls6500.averagePoints:i 8 u[i]-u[i-1] 24549.0 deltaT 43200.0 (u[i]-u[i-1])/deltaT 0.568263888889
ls6500.averagePoints:i,n,ax,ay 8 1 1413174274.0 47.2222222222 t1,t2 1413144200.0 1413187400.0
ls6500.averagePoints:i 9 u[i]-u[i-1] 28900.0 deltaT 43200.0 (u[i]-u[i-1])/deltaT 0.668981481481
ls6500.averagePoints:i 10 u[i]-u[i-1] 32100.0 deltaT 43200.0 (u[i]-u[i-1])/deltaT 0.743055555556
ls6500.averagePoints:i,n,ax,ay 10 2 1413213273.0 46.7663906142 t1,t2 1413187400.0 1413230600.0
ls6500.averagePoints:i 11 u[i]-u[i-1] 24568.0 deltaT 43200.0 (u[i]-u[i-1])/deltaT 0.568703703704
ls6500.averagePoints:i,n,ax,ay 11 1 1413259823.0 46.5238095238 t1,t2 1413230600.0 1413273800.0
ls6500.averagePoints:i 12 u[i]-u[i-1] 920424.0 deltaT 43200.0 (u[i]-u[i-1])/deltaT 21.3061111111
ls6500.averagePoints:i,n,ax,ay 12 1 1413284391.0 46.3787878788 t1,t2 1413273800.0 1413317000.0
ls6500.averagePoints:i 13 u[i]-u[i-1] 32075.0 deltaT 43200.0 (u[i]-u[i-1])/deltaT 0.742476851852
ls6500.averagePoints:i,n,ax,ay 13 1 1414204815.0 44.775862069 t1,t2 1413317000.0 1413360200.0
ls6500.averagePoints:i 14 u[i]-u[i-1] 24460.0 deltaT 43200.0 (u[i]-u[i-1])/deltaT 0.566203703704
ls6500.averagePoints:i,n,ax,ay 14 1 1414236890.0 43.9692307692 t1,t2 1413360200.0 1413403400.0
ls6500.averagePoints:i 15 u[i]-u[i-1] 29065.0 deltaT 43200.0 (u[i]-u[i-1])/deltaT 0.672800925926
ls6500.averagePoints:i,n,ax,ay 15 1 1414261350.0 44.5 t1,t2 1413403400.0 1413446600.0
ls6500.averagePoints:i 16 u[i]-u[i-1] 32056.0 deltaT 43200.0 (u[i]-u[i-1])/deltaT 0.742037037037
ls6500.averagePoints:i,n,ax,ay 16 1 1414290415.0 44.4594594595 t1,t2 1413446600.0 1413489800.0
ls6500.averagePoints:i 17 u[i]-u[i-1] 24457.0 deltaT 43200.0 (u[i]-u[i-1])/deltaT 0.566134259259
ls6500.averagePoints:i,n,ax,ay 17 1 1414322471.0 43.8245614035 t1,t2 1413489800.0 1413533000.0
ls6500.averagePoints:i 18 u[i]-u[i-1] 29050.0 deltaT 43200.0 (u[i]-u[i-1])/deltaT 0.672453703704
ls6500.averagePoints:i,n,ax,ay 18 1 1414346928.0 43.9636363636 t1,t2 1413533000.0 1413576200.0
ls6500.averagePoints:i 19 u[i]-u[i-1] 32046.0 deltaT 43200.0 (u[i]-u[i-1])/deltaT 0.741805555556
ls6500.averagePoints:i,n,ax,ay 19 1 1414375978.0 43.9821428571 t1,t2 1413576200.0 1413619400.0
ls6500.combineCommonSamples: 
x= 1412987282.0, 1413042151.0, 1413088709.0, 1413127717.0, 1413174274.0, 1413213273.0, 1413259823.0, 1413284391.0, 1414204815.0, 1414236890.0, 1414261350.0, 1414290415.0, 1414322471.0, 1414346928.0, 1414375978.0 dx= 28148.5, 37054.5, 27732.5, 36637.0, 27311.5, 36211.5, 26895.5, 465507.5, 459945.0, 450575.0, 443507.5, 437935.5, 428564.0, 421489.0, 415912.0 
y= 46.8657534247, 47.2255639098, 47.2115384615, 46.8520255864, 47.2222222222, 46.7663906142, 46.5238095238, 46.3787878788, 44.775862069, 43.9692307692, 44.5, 44.4594594595, 43.8245614035, 43.9636363636, 43.9821428571 dy= 0.092989384918, 0.337603613574, 0.0, 0.128455219097, 0.0, 0.0385517154527, 0.0, 0.0, 0.0, 0.0, 0.0, 0.0, 0.0, 0.0, 0.0
ls6500.combineCommonSamples: Could not find all graphs for EMPTY #graphs= 0 #samples 18
ls6500.combineCommonSamples: No graphs found for EMPTY
