ls6500: Output directed to terminal and Log/mergensrl_201411171439_175208.log
ls6500: Irradiation date is 2014/11/17 18:00:00
ls6500: initialization mergensrl . Merging /Users/djaffe/work/GIT/LINDSEY/TechMaturation2014/LS6500/Pre-irrad_1_141014/, /Users/djaffe/work/GIT/LINDSEY/TechMaturation2014/LS6500/Pre-irrad_2_141024/, /Users/djaffe/work/GIT/LINDSEY/TechMaturation2014/LS6500/Pre-irrad_3_141029/, /Users/djaffe/work/GIT/LINDSEY/TechMaturation2014/LS6500/Pre-irrad_4_141031/, /Users/djaffe/work/GIT/LINDSEY/TechMaturation2014/LS6500/Pre-irrad_5_141031/, /Users/djaffe/work/GIT/LINDSEY/TechMaturation2014/LS6500/Pre-irrad_6_141105/, /Users/djaffe/work/GIT/LINDSEY/TechMaturation2014/LS6500/Pre-irrad_7_141106/, /Users/djaffe/work/GIT/LINDSEY/TechMaturation2014/LS6500/Pre-irrad_8_141107/, /Users/djaffe/work/GIT/LINDSEY/TechMaturation2014/LS6500/Pre-irrad_9_141110/, /Users/djaffe/work/GIT/LINDSEY/TechMaturation2014/LS6500/Pre-irrad_10_141113/, /Users/djaffe/work/GIT/LINDSEY/TechMaturation2014/LS6500/Pre-irrad_11_141114/
ls6500.Main: pickMode merge
ls6500.putOrGet: unpickling...be patient. file Pickles/Pre-irrad_1_141014.pickle
ls6500.fillSampleMsmts: initial,final sampleMsmts length 0 , 192
ls6500.fillSampleMsmts: Samples in fillSampleMsmts 0050_1F11 0050_1F13 0050_1F16 0050_1R11 0050_1R13 0050_1R16 0050_2F11 0050_2F13 0050_2F16 0050_2R11 0050_2R13 0050_2R16 0050_3F11 0050_3F13 0050_3F16 0050_3R11 0050_3R13 0050_3R16 0050_4F11 0050_4F13 0050_4F16 0050_4R11 0050_4R13 0050_4R16 0050_FPMT 0050_REF1 0050_REF2 0050_RPMT 0052_1F12 0052_1F14 0052_1F17 0052_1R12 0052_1R14 0052_1R17 0052_2F12 0052_2F14 0052_2F17 0052_2R12 0052_2R14 0052_2R17 0052_3F12 0052_3F14 0052_3F17 0052_3R12 0052_3R14 0052_3R17 0052_4F12 0052_4F14 0052_4F17 0052_4R12 0052_4R14 0052_4R17 0052_REF1 0052_REF2 0100_1F15 0100_1F22 0100_1F27 0100_1R15 0100_1R22 0100_1R27 0100_2F15 0100_2F22 0100_2F27 0100_2R15 0100_2R22 0100_2R27 0100_3F15 0100_3F22 0100_3F27 0100_3R15 0100_3R22 0100_3R27 0100_4F15 0100_4F22 0100_4F27 0100_4R15 0100_4R22 0100_4R27 0100_REF1 0100_REF2 0102_1F21 0102_1F25 0102_1R21 0102_1R25 0102_2F21 0102_2F25 0102_2R21 0102_2R25 0102_3F21 0102_3F25 0102_3R21 0102_3R25 0102_4F21 0102_4F25 0102_4R21 0102_4R25 0102_REF1 0102_REF2 0140_1F23 0140_1F31 0140_1R23 0140_1R31 0140_2F23 0140_2F31 0140_2R23 0140_2R31 0140_3F23 0140_3F31 0140_3R23 0140_3R31 0140_4F23 0140_4F31 0140_4R23 0140_4R31 0140_REF1 0142_1F26 0142_1F33 0142_1R26 0142_1R33 0142_2F26 0142_2F33 0142_2R26 0142_2R33 0142_3F26 0142_3F33 0142_3R26 0142_3R33 0142_4F26 0142_4F33 0142_4R26 0142_4R33 0142_REF1 1000_1F34 1000_1F36 1000_1F37 1000_1R34 1000_1R36 1000_1R37 1000_2F34 1000_2F36 1000_2F37 1000_2R34 1000_2R36 1000_2R37 1000_3F34 1000_3F36 1000_3F37 1000_3R34 1000_3R36 1000_3R37 1000_4F34 1000_4F36 1000_4F37 1000_4R34 1000_4R36 1000_4R37 1000_REF1 1002_1F32 1002_1F35 1002_1R32 1002_1R35 1002_2F32 1002_2F35 1002_2R32 1002_2R35 1002_3F32 1002_3F35 1002_3R32 1002_3R35 1002_4F32 1002_4F35 1002_4R32 1002_4R35 1002_REF1 EMPTY_S10_Position10 EMPTY_S11_Position11 EMPTY_S12_Position12 EMPTY_S13_Position01 EMPTY_S13_Position03 EMPTY_S14_Position01 EMPTY_S14_Position04 EMPTY_S15_Position01 EMPTY_S15_Position05 EMPTY_S1_Position01 EMPTY_S2_Position02 EMPTY_S3_Position03 EMPTY_S4_Position04 EMPTY_S5_Position05 EMPTY_S6_Position06 EMPTY_S7_Position07 EMPTY_S8_Position08 EMPTY_S9_Position09 
ls6500.putOrGet: pickled data read from Pickles/Pre-irrad_1_141014.pickle
ls6500.putOrGet: unpickling...be patient. file Pickles/Pre-irrad_2_141024.pickle
ls6500.fillSampleMsmts: initial,final sampleMsmts length 192 , 194
ls6500.fillSampleMsmts: Samples in fillSampleMsmts 0050_1F11 0050_1F13 0050_1F16 0050_1R11 0050_1R13 0050_1R16 0050_2F11 0050_2F13 0050_2F16 0050_2R11 0050_2R13 0050_2R16 0050_3F11 0050_3F13 0050_3F16 0050_3R11 0050_3R13 0050_3R16 0050_4F11 0050_4F13 0050_4F16 0050_4R11 0050_4R13 0050_4R16 0050_FPMT 0050_REF1 0050_REF2 0050_RPMT 0052_1F12 0052_1F14 0052_1F17 0052_1R12 0052_1R14 0052_1R17 0052_2F12 0052_2F14 0052_2F17 0052_2R12 0052_2R14 0052_2R17 0052_3F12 0052_3F14 0052_3F17 0052_3R12 0052_3R14 0052_3R17 0052_4F12 0052_4F14 0052_4F17 0052_4R12 0052_4R14 0052_4R17 0052_REF1 0052_REF2 0100_1F15 0100_1F22 0100_1F27 0100_1R15 0100_1R22 0100_1R27 0100_2F15 0100_2F22 0100_2F27 0100_2R15 0100_2R22 0100_2R27 0100_3F15 0100_3F22 0100_3F27 0100_3R15 0100_3R22 0100_3R27 0100_4F15 0100_4F22 0100_4F27 0100_4R15 0100_4R22 0100_4R27 0100_REF1 0100_REF2 0102_1F21 0102_1F25 0102_1R21 0102_1R25 0102_2F21 0102_2F25 0102_2R21 0102_2R25 0102_3F21 0102_3F25 0102_3R21 0102_3R25 0102_4F21 0102_4F25 0102_4R21 0102_4R25 0102_REF1 0102_REF2 0140_1F23 0140_1F31 0140_1R23 0140_1R31 0140_2F23 0140_2F31 0140_2R23 0140_2R31 0140_3F23 0140_3F31 0140_3R23 0140_3R31 0140_4F23 0140_4F31 0140_4R23 0140_4R31 0140_REF1 0142_1F26 0142_1F33 0142_1R26 0142_1R33 0142_2F26 0142_2F33 0142_2R26 0142_2R33 0142_3F26 0142_3F33 0142_3R26 0142_3R33 0142_4F26 0142_4F33 0142_4R26 0142_4R33 0142_REF1 1000_1F34 1000_1F36 1000_1F37 1000_1R34 1000_1R36 1000_1R37 1000_2F34 1000_2F36 1000_2F37 1000_2R34 1000_2R36 1000_2R37 1000_3F34 1000_3F36 1000_3F37 1000_3R34 1000_3R36 1000_3R37 1000_4F34 1000_4F36 1000_4F37 1000_4R34 1000_4R36 1000_4R37 1000_REF1 1002_1F32 1002_1F35 1002_1R32 1002_1R35 1002_2F32 1002_2F35 1002_2R32 1002_2R35 1002_3F32 1002_3F35 1002_3R32 1002_3R35 1002_4F32 1002_4F35 1002_4R32 1002_4R35 1002_REF1 EMPTY_S10_Position10 EMPTY_S11_Position11 EMPTY_S12_Position12 EMPTY_S13_Position01 EMPTY_S13_Position03 EMPTY_S14_Position01 EMPTY_S14_Position04 EMPTY_S15_Position01 EMPTY_S15_Position05 EMPTY_S1_Position01 EMPTY_S2_Position02 EMPTY_S3_Position03 EMPTY_S4_Position04 EMPTY_S5_Position05 EMPTY_S6_Position06 EMPTY_S7_Position07 EMPTY_S8_Position08 EMPTY_S9_Position09 STD_14_C STD_3_H 
ls6500.putOrGet: pickled data read from Pickles/Pre-irrad_2_141024.pickle
ls6500.putOrGet: unpickling...be patient. file Pickles/Pre-irrad_3_141029.pickle
ls6500.fillSampleMsmts: initial,final sampleMsmts length 194 , 194
ls6500.fillSampleMsmts: Samples in fillSampleMsmts 0050_1F11 0050_1F13 0050_1F16 0050_1R11 0050_1R13 0050_1R16 0050_2F11 0050_2F13 0050_2F16 0050_2R11 0050_2R13 0050_2R16 0050_3F11 0050_3F13 0050_3F16 0050_3R11 0050_3R13 0050_3R16 0050_4F11 0050_4F13 0050_4F16 0050_4R11 0050_4R13 0050_4R16 0050_FPMT 0050_REF1 0050_REF2 0050_RPMT 0052_1F12 0052_1F14 0052_1F17 0052_1R12 0052_1R14 0052_1R17 0052_2F12 0052_2F14 0052_2F17 0052_2R12 0052_2R14 0052_2R17 0052_3F12 0052_3F14 0052_3F17 0052_3R12 0052_3R14 0052_3R17 0052_4F12 0052_4F14 0052_4F17 0052_4R12 0052_4R14 0052_4R17 0052_REF1 0052_REF2 0100_1F15 0100_1F22 0100_1F27 0100_1R15 0100_1R22 0100_1R27 0100_2F15 0100_2F22 0100_2F27 0100_2R15 0100_2R22 0100_2R27 0100_3F15 0100_3F22 0100_3F27 0100_3R15 0100_3R22 0100_3R27 0100_4F15 0100_4F22 0100_4F27 0100_4R15 0100_4R22 0100_4R27 0100_REF1 0100_REF2 0102_1F21 0102_1F25 0102_1R21 0102_1R25 0102_2F21 0102_2F25 0102_2R21 0102_2R25 0102_3F21 0102_3F25 0102_3R21 0102_3R25 0102_4F21 0102_4F25 0102_4R21 0102_4R25 0102_REF1 0102_REF2 0140_1F23 0140_1F31 0140_1R23 0140_1R31 0140_2F23 0140_2F31 0140_2R23 0140_2R31 0140_3F23 0140_3F31 0140_3R23 0140_3R31 0140_4F23 0140_4F31 0140_4R23 0140_4R31 0140_REF1 0142_1F26 0142_1F33 0142_1R26 0142_1R33 0142_2F26 0142_2F33 0142_2R26 0142_2R33 0142_3F26 0142_3F33 0142_3R26 0142_3R33 0142_4F26 0142_4F33 0142_4R26 0142_4R33 0142_REF1 1000_1F34 1000_1F36 1000_1F37 1000_1R34 1000_1R36 1000_1R37 1000_2F34 1000_2F36 1000_2F37 1000_2R34 1000_2R36 1000_2R37 1000_3F34 1000_3F36 1000_3F37 1000_3R34 1000_3R36 1000_3R37 1000_4F34 1000_4F36 1000_4F37 1000_4R34 1000_4R36 1000_4R37 1000_REF1 1002_1F32 1002_1F35 1002_1R32 1002_1R35 1002_2F32 1002_2F35 1002_2R32 1002_2R35 1002_3F32 1002_3F35 1002_3R32 1002_3R35 1002_4F32 1002_4F35 1002_4R32 1002_4R35 1002_REF1 EMPTY_S10_Position10 EMPTY_S11_Position11 EMPTY_S12_Position12 EMPTY_S13_Position01 EMPTY_S13_Position03 EMPTY_S14_Position01 EMPTY_S14_Position04 EMPTY_S15_Position01 EMPTY_S15_Position05 EMPTY_S1_Position01 EMPTY_S2_Position02 EMPTY_S3_Position03 EMPTY_S4_Position04 EMPTY_S5_Position05 EMPTY_S6_Position06 EMPTY_S7_Position07 EMPTY_S8_Position08 EMPTY_S9_Position09 STD_14_C STD_3_H 
ls6500.putOrGet: pickled data read from Pickles/Pre-irrad_3_141029.pickle
ls6500.putOrGet: unpickling...be patient. file Pickles/Pre-irrad_4_141031.pickle
ls6500.fillSampleMsmts: initial,final sampleMsmts length 194 , 194
ls6500.fillSampleMsmts: Samples in fillSampleMsmts 0050_1F11 0050_1F13 0050_1F16 0050_1R11 0050_1R13 0050_1R16 0050_2F11 0050_2F13 0050_2F16 0050_2R11 0050_2R13 0050_2R16 0050_3F11 0050_3F13 0050_3F16 0050_3R11 0050_3R13 0050_3R16 0050_4F11 0050_4F13 0050_4F16 0050_4R11 0050_4R13 0050_4R16 0050_FPMT 0050_REF1 0050_REF2 0050_RPMT 0052_1F12 0052_1F14 0052_1F17 0052_1R12 0052_1R14 0052_1R17 0052_2F12 0052_2F14 0052_2F17 0052_2R12 0052_2R14 0052_2R17 0052_3F12 0052_3F14 0052_3F17 0052_3R12 0052_3R14 0052_3R17 0052_4F12 0052_4F14 0052_4F17 0052_4R12 0052_4R14 0052_4R17 0052_REF1 0052_REF2 0100_1F15 0100_1F22 0100_1F27 0100_1R15 0100_1R22 0100_1R27 0100_2F15 0100_2F22 0100_2F27 0100_2R15 0100_2R22 0100_2R27 0100_3F15 0100_3F22 0100_3F27 0100_3R15 0100_3R22 0100_3R27 0100_4F15 0100_4F22 0100_4F27 0100_4R15 0100_4R22 0100_4R27 0100_REF1 0100_REF2 0102_1F21 0102_1F25 0102_1R21 0102_1R25 0102_2F21 0102_2F25 0102_2R21 0102_2R25 0102_3F21 0102_3F25 0102_3R21 0102_3R25 0102_4F21 0102_4F25 0102_4R21 0102_4R25 0102_REF1 0102_REF2 0140_1F23 0140_1F31 0140_1R23 0140_1R31 0140_2F23 0140_2F31 0140_2R23 0140_2R31 0140_3F23 0140_3F31 0140_3R23 0140_3R31 0140_4F23 0140_4F31 0140_4R23 0140_4R31 0140_REF1 0142_1F26 0142_1F33 0142_1R26 0142_1R33 0142_2F26 0142_2F33 0142_2R26 0142_2R33 0142_3F26 0142_3F33 0142_3R26 0142_3R33 0142_4F26 0142_4F33 0142_4R26 0142_4R33 0142_REF1 1000_1F34 1000_1F36 1000_1F37 1000_1R34 1000_1R36 1000_1R37 1000_2F34 1000_2F36 1000_2F37 1000_2R34 1000_2R36 1000_2R37 1000_3F34 1000_3F36 1000_3F37 1000_3R34 1000_3R36 1000_3R37 1000_4F34 1000_4F36 1000_4F37 1000_4R34 1000_4R36 1000_4R37 1000_REF1 1002_1F32 1002_1F35 1002_1R32 1002_1R35 1002_2F32 1002_2F35 1002_2R32 1002_2R35 1002_3F32 1002_3F35 1002_3R32 1002_3R35 1002_4F32 1002_4F35 1002_4R32 1002_4R35 1002_REF1 EMPTY_S10_Position10 EMPTY_S11_Position11 EMPTY_S12_Position12 EMPTY_S13_Position01 EMPTY_S13_Position03 EMPTY_S14_Position01 EMPTY_S14_Position04 EMPTY_S15_Position01 EMPTY_S15_Position05 EMPTY_S1_Position01 EMPTY_S2_Position02 EMPTY_S3_Position03 EMPTY_S4_Position04 EMPTY_S5_Position05 EMPTY_S6_Position06 EMPTY_S7_Position07 EMPTY_S8_Position08 EMPTY_S9_Position09 STD_14_C STD_3_H 
ls6500.putOrGet: pickled data read from Pickles/Pre-irrad_4_141031.pickle
ls6500.putOrGet: unpickling...be patient. file Pickles/Pre-irrad_5_141031.pickle
ls6500.fillSampleMsmts: initial,final sampleMsmts length 194 , 194
ls6500.fillSampleMsmts: Samples in fillSampleMsmts 0050_1F11 0050_1F13 0050_1F16 0050_1R11 0050_1R13 0050_1R16 0050_2F11 0050_2F13 0050_2F16 0050_2R11 0050_2R13 0050_2R16 0050_3F11 0050_3F13 0050_3F16 0050_3R11 0050_3R13 0050_3R16 0050_4F11 0050_4F13 0050_4F16 0050_4R11 0050_4R13 0050_4R16 0050_FPMT 0050_REF1 0050_REF2 0050_RPMT 0052_1F12 0052_1F14 0052_1F17 0052_1R12 0052_1R14 0052_1R17 0052_2F12 0052_2F14 0052_2F17 0052_2R12 0052_2R14 0052_2R17 0052_3F12 0052_3F14 0052_3F17 0052_3R12 0052_3R14 0052_3R17 0052_4F12 0052_4F14 0052_4F17 0052_4R12 0052_4R14 0052_4R17 0052_REF1 0052_REF2 0100_1F15 0100_1F22 0100_1F27 0100_1R15 0100_1R22 0100_1R27 0100_2F15 0100_2F22 0100_2F27 0100_2R15 0100_2R22 0100_2R27 0100_3F15 0100_3F22 0100_3F27 0100_3R15 0100_3R22 0100_3R27 0100_4F15 0100_4F22 0100_4F27 0100_4R15 0100_4R22 0100_4R27 0100_REF1 0100_REF2 0102_1F21 0102_1F25 0102_1R21 0102_1R25 0102_2F21 0102_2F25 0102_2R21 0102_2R25 0102_3F21 0102_3F25 0102_3R21 0102_3R25 0102_4F21 0102_4F25 0102_4R21 0102_4R25 0102_REF1 0102_REF2 0140_1F23 0140_1F31 0140_1R23 0140_1R31 0140_2F23 0140_2F31 0140_2R23 0140_2R31 0140_3F23 0140_3F31 0140_3R23 0140_3R31 0140_4F23 0140_4F31 0140_4R23 0140_4R31 0140_REF1 0142_1F26 0142_1F33 0142_1R26 0142_1R33 0142_2F26 0142_2F33 0142_2R26 0142_2R33 0142_3F26 0142_3F33 0142_3R26 0142_3R33 0142_4F26 0142_4F33 0142_4R26 0142_4R33 0142_REF1 1000_1F34 1000_1F36 1000_1F37 1000_1R34 1000_1R36 1000_1R37 1000_2F34 1000_2F36 1000_2F37 1000_2R34 1000_2R36 1000_2R37 1000_3F34 1000_3F36 1000_3F37 1000_3R34 1000_3R36 1000_3R37 1000_4F34 1000_4F36 1000_4F37 1000_4R34 1000_4R36 1000_4R37 1000_REF1 1002_1F32 1002_1F35 1002_1R32 1002_1R35 1002_2F32 1002_2F35 1002_2R32 1002_2R35 1002_3F32 1002_3F35 1002_3R32 1002_3R35 1002_4F32 1002_4F35 1002_4R32 1002_4R35 1002_REF1 EMPTY_S10_Position10 EMPTY_S11_Position11 EMPTY_S12_Position12 EMPTY_S13_Position01 EMPTY_S13_Position03 EMPTY_S14_Position01 EMPTY_S14_Position04 EMPTY_S15_Position01 EMPTY_S15_Position05 EMPTY_S1_Position01 EMPTY_S2_Position02 EMPTY_S3_Position03 EMPTY_S4_Position04 EMPTY_S5_Position05 EMPTY_S6_Position06 EMPTY_S7_Position07 EMPTY_S8_Position08 EMPTY_S9_Position09 STD_14_C STD_3_H 
ls6500.putOrGet: pickled data read from Pickles/Pre-irrad_5_141031.pickle
ls6500.putOrGet: unpickling...be patient. file Pickles/Pre-irrad_6_141105.pickle
ls6500.fillSampleMsmts: initial,final sampleMsmts length 194 , 194
ls6500.fillSampleMsmts: Samples in fillSampleMsmts 0050_1F11 0050_1F13 0050_1F16 0050_1R11 0050_1R13 0050_1R16 0050_2F11 0050_2F13 0050_2F16 0050_2R11 0050_2R13 0050_2R16 0050_3F11 0050_3F13 0050_3F16 0050_3R11 0050_3R13 0050_3R16 0050_4F11 0050_4F13 0050_4F16 0050_4R11 0050_4R13 0050_4R16 0050_FPMT 0050_REF1 0050_REF2 0050_RPMT 0052_1F12 0052_1F14 0052_1F17 0052_1R12 0052_1R14 0052_1R17 0052_2F12 0052_2F14 0052_2F17 0052_2R12 0052_2R14 0052_2R17 0052_3F12 0052_3F14 0052_3F17 0052_3R12 0052_3R14 0052_3R17 0052_4F12 0052_4F14 0052_4F17 0052_4R12 0052_4R14 0052_4R17 0052_REF1 0052_REF2 0100_1F15 0100_1F22 0100_1F27 0100_1R15 0100_1R22 0100_1R27 0100_2F15 0100_2F22 0100_2F27 0100_2R15 0100_2R22 0100_2R27 0100_3F15 0100_3F22 0100_3F27 0100_3R15 0100_3R22 0100_3R27 0100_4F15 0100_4F22 0100_4F27 0100_4R15 0100_4R22 0100_4R27 0100_REF1 0100_REF2 0102_1F21 0102_1F25 0102_1R21 0102_1R25 0102_2F21 0102_2F25 0102_2R21 0102_2R25 0102_3F21 0102_3F25 0102_3R21 0102_3R25 0102_4F21 0102_4F25 0102_4R21 0102_4R25 0102_REF1 0102_REF2 0140_1F23 0140_1F31 0140_1R23 0140_1R31 0140_2F23 0140_2F31 0140_2R23 0140_2R31 0140_3F23 0140_3F31 0140_3R23 0140_3R31 0140_4F23 0140_4F31 0140_4R23 0140_4R31 0140_REF1 0142_1F26 0142_1F33 0142_1R26 0142_1R33 0142_2F26 0142_2F33 0142_2R26 0142_2R33 0142_3F26 0142_3F33 0142_3R26 0142_3R33 0142_4F26 0142_4F33 0142_4R26 0142_4R33 0142_REF1 1000_1F34 1000_1F36 1000_1F37 1000_1R34 1000_1R36 1000_1R37 1000_2F34 1000_2F36 1000_2F37 1000_2R34 1000_2R36 1000_2R37 1000_3F34 1000_3F36 1000_3F37 1000_3R34 1000_3R36 1000_3R37 1000_4F34 1000_4F36 1000_4F37 1000_4R34 1000_4R36 1000_4R37 1000_REF1 1002_1F32 1002_1F35 1002_1R32 1002_1R35 1002_2F32 1002_2F35 1002_2R32 1002_2R35 1002_3F32 1002_3F35 1002_3R32 1002_3R35 1002_4F32 1002_4F35 1002_4R32 1002_4R35 1002_REF1 EMPTY_S10_Position10 EMPTY_S11_Position11 EMPTY_S12_Position12 EMPTY_S13_Position01 EMPTY_S13_Position03 EMPTY_S14_Position01 EMPTY_S14_Position04 EMPTY_S15_Position01 EMPTY_S15_Position05 EMPTY_S1_Position01 EMPTY_S2_Position02 EMPTY_S3_Position03 EMPTY_S4_Position04 EMPTY_S5_Position05 EMPTY_S6_Position06 EMPTY_S7_Position07 EMPTY_S8_Position08 EMPTY_S9_Position09 STD_14_C STD_3_H 
ls6500.putOrGet: pickled data read from Pickles/Pre-irrad_6_141105.pickle
ls6500.putOrGet: unpickling...be patient. file Pickles/Pre-irrad_7_141106.pickle
ls6500.fillSampleMsmts: initial,final sampleMsmts length 194 , 194
ls6500.fillSampleMsmts: Samples in fillSampleMsmts 0050_1F11 0050_1F13 0050_1F16 0050_1R11 0050_1R13 0050_1R16 0050_2F11 0050_2F13 0050_2F16 0050_2R11 0050_2R13 0050_2R16 0050_3F11 0050_3F13 0050_3F16 0050_3R11 0050_3R13 0050_3R16 0050_4F11 0050_4F13 0050_4F16 0050_4R11 0050_4R13 0050_4R16 0050_FPMT 0050_REF1 0050_REF2 0050_RPMT 0052_1F12 0052_1F14 0052_1F17 0052_1R12 0052_1R14 0052_1R17 0052_2F12 0052_2F14 0052_2F17 0052_2R12 0052_2R14 0052_2R17 0052_3F12 0052_3F14 0052_3F17 0052_3R12 0052_3R14 0052_3R17 0052_4F12 0052_4F14 0052_4F17 0052_4R12 0052_4R14 0052_4R17 0052_REF1 0052_REF2 0100_1F15 0100_1F22 0100_1F27 0100_1R15 0100_1R22 0100_1R27 0100_2F15 0100_2F22 0100_2F27 0100_2R15 0100_2R22 0100_2R27 0100_3F15 0100_3F22 0100_3F27 0100_3R15 0100_3R22 0100_3R27 0100_4F15 0100_4F22 0100_4F27 0100_4R15 0100_4R22 0100_4R27 0100_REF1 0100_REF2 0102_1F21 0102_1F25 0102_1R21 0102_1R25 0102_2F21 0102_2F25 0102_2R21 0102_2R25 0102_3F21 0102_3F25 0102_3R21 0102_3R25 0102_4F21 0102_4F25 0102_4R21 0102_4R25 0102_REF1 0102_REF2 0140_1F23 0140_1F31 0140_1R23 0140_1R31 0140_2F23 0140_2F31 0140_2R23 0140_2R31 0140_3F23 0140_3F31 0140_3R23 0140_3R31 0140_4F23 0140_4F31 0140_4R23 0140_4R31 0140_REF1 0142_1F26 0142_1F33 0142_1R26 0142_1R33 0142_2F26 0142_2F33 0142_2R26 0142_2R33 0142_3F26 0142_3F33 0142_3R26 0142_3R33 0142_4F26 0142_4F33 0142_4R26 0142_4R33 0142_REF1 1000_1F34 1000_1F36 1000_1F37 1000_1R34 1000_1R36 1000_1R37 1000_2F34 1000_2F36 1000_2F37 1000_2R34 1000_2R36 1000_2R37 1000_3F34 1000_3F36 1000_3F37 1000_3R34 1000_3R36 1000_3R37 1000_4F34 1000_4F36 1000_4F37 1000_4R34 1000_4R36 1000_4R37 1000_REF1 1002_1F32 1002_1F35 1002_1R32 1002_1R35 1002_2F32 1002_2F35 1002_2R32 1002_2R35 1002_3F32 1002_3F35 1002_3R32 1002_3R35 1002_4F32 1002_4F35 1002_4R32 1002_4R35 1002_REF1 EMPTY_S10_Position10 EMPTY_S11_Position11 EMPTY_S12_Position12 EMPTY_S13_Position01 EMPTY_S13_Position03 EMPTY_S14_Position01 EMPTY_S14_Position04 EMPTY_S15_Position01 EMPTY_S15_Position05 EMPTY_S1_Position01 EMPTY_S2_Position02 EMPTY_S3_Position03 EMPTY_S4_Position04 EMPTY_S5_Position05 EMPTY_S6_Position06 EMPTY_S7_Position07 EMPTY_S8_Position08 EMPTY_S9_Position09 STD_14_C STD_3_H 
ls6500.putOrGet: pickled data read from Pickles/Pre-irrad_7_141106.pickle
ls6500.putOrGet: unpickling...be patient. file Pickles/Pre-irrad_8_141107.pickle
ls6500.fillSampleMsmts: initial,final sampleMsmts length 194 , 196
ls6500.fillSampleMsmts: Samples in fillSampleMsmts 0050_1F11 0050_1F13 0050_1F16 0050_1R11 0050_1R13 0050_1R16 0050_2F11 0050_2F13 0050_2F16 0050_2R11 0050_2R13 0050_2R16 0050_3F11 0050_3F13 0050_3F16 0050_3R11 0050_3R13 0050_3R16 0050_4F11 0050_4F13 0050_4F16 0050_4R11 0050_4R13 0050_4R16 0050_FPMT 0050_REF1 0050_REF2 0050_RPMT 0052_1F12 0052_1F14 0052_1F17 0052_1R12 0052_1R14 0052_1R17 0052_2F12 0052_2F14 0052_2F17 0052_2R12 0052_2R14 0052_2R17 0052_3F12 0052_3F14 0052_3F17 0052_3R12 0052_3R14 0052_3R17 0052_4F12 0052_4F14 0052_4F17 0052_4R12 0052_4R14 0052_4R17 0052_REF1 0052_REF2 0100_1F15 0100_1F22 0100_1F27 0100_1R15 0100_1R22 0100_1R27 0100_2F15 0100_2F22 0100_2F27 0100_2R15 0100_2R22 0100_2R27 0100_3F15 0100_3F22 0100_3F27 0100_3R15 0100_3R22 0100_3R27 0100_4F15 0100_4F22 0100_4F27 0100_4R15 0100_4R22 0100_4R27 0100_REF1 0100_REF2 0102_1F21 0102_1F25 0102_1R21 0102_1R25 0102_2F21 0102_2F25 0102_2R21 0102_2R25 0102_3F21 0102_3F25 0102_3R21 0102_3R25 0102_4F21 0102_4F25 0102_4R21 0102_4R25 0102_REF1 0102_REF2 0140_1F23 0140_1F31 0140_1R23 0140_1R31 0140_2F23 0140_2F31 0140_2R23 0140_2R31 0140_3F23 0140_3F31 0140_3R23 0140_3R31 0140_4F23 0140_4F31 0140_4R23 0140_4R31 0140_REF1 0140_REF2 0142_1F26 0142_1F33 0142_1R26 0142_1R33 0142_2F26 0142_2F33 0142_2R26 0142_2R33 0142_3F26 0142_3F33 0142_3R26 0142_3R33 0142_4F26 0142_4F33 0142_4R26 0142_4R33 0142_REF1 1000_1F34 1000_1F36 1000_1F37 1000_1R34 1000_1R36 1000_1R37 1000_2F34 1000_2F36 1000_2F37 1000_2R34 1000_2R36 1000_2R37 1000_3F34 1000_3F36 1000_3F37 1000_3R34 1000_3R36 1000_3R37 1000_4F34 1000_4F36 1000_4F37 1000_4R34 1000_4R36 1000_4R37 1000_REF1 1000_REF2 1002_1F32 1002_1F35 1002_1R32 1002_1R35 1002_2F32 1002_2F35 1002_2R32 1002_2R35 1002_3F32 1002_3F35 1002_3R32 1002_3R35 1002_4F32 1002_4F35 1002_4R32 1002_4R35 1002_REF1 EMPTY_S10_Position10 EMPTY_S11_Position11 EMPTY_S12_Position12 EMPTY_S13_Position01 EMPTY_S13_Position03 EMPTY_S14_Position01 EMPTY_S14_Position04 EMPTY_S15_Position01 EMPTY_S15_Position05 EMPTY_S1_Position01 EMPTY_S2_Position02 EMPTY_S3_Position03 EMPTY_S4_Position04 EMPTY_S5_Position05 EMPTY_S6_Position06 EMPTY_S7_Position07 EMPTY_S8_Position08 EMPTY_S9_Position09 STD_14_C STD_3_H 
ls6500.putOrGet: pickled data read from Pickles/Pre-irrad_8_141107.pickle
ls6500.putOrGet: unpickling...be patient. file Pickles/Pre-irrad_9_141110.pickle
ls6500.fillSampleMsmts: initial,final sampleMsmts length 196 , 196
ls6500.fillSampleMsmts: Samples in fillSampleMsmts 0050_1F11 0050_1F13 0050_1F16 0050_1R11 0050_1R13 0050_1R16 0050_2F11 0050_2F13 0050_2F16 0050_2R11 0050_2R13 0050_2R16 0050_3F11 0050_3F13 0050_3F16 0050_3R11 0050_3R13 0050_3R16 0050_4F11 0050_4F13 0050_4F16 0050_4R11 0050_4R13 0050_4R16 0050_FPMT 0050_REF1 0050_REF2 0050_RPMT 0052_1F12 0052_1F14 0052_1F17 0052_1R12 0052_1R14 0052_1R17 0052_2F12 0052_2F14 0052_2F17 0052_2R12 0052_2R14 0052_2R17 0052_3F12 0052_3F14 0052_3F17 0052_3R12 0052_3R14 0052_3R17 0052_4F12 0052_4F14 0052_4F17 0052_4R12 0052_4R14 0052_4R17 0052_REF1 0052_REF2 0100_1F15 0100_1F22 0100_1F27 0100_1R15 0100_1R22 0100_1R27 0100_2F15 0100_2F22 0100_2F27 0100_2R15 0100_2R22 0100_2R27 0100_3F15 0100_3F22 0100_3F27 0100_3R15 0100_3R22 0100_3R27 0100_4F15 0100_4F22 0100_4F27 0100_4R15 0100_4R22 0100_4R27 0100_REF1 0100_REF2 0102_1F21 0102_1F25 0102_1R21 0102_1R25 0102_2F21 0102_2F25 0102_2R21 0102_2R25 0102_3F21 0102_3F25 0102_3R21 0102_3R25 0102_4F21 0102_4F25 0102_4R21 0102_4R25 0102_REF1 0102_REF2 0140_1F23 0140_1F31 0140_1R23 0140_1R31 0140_2F23 0140_2F31 0140_2R23 0140_2R31 0140_3F23 0140_3F31 0140_3R23 0140_3R31 0140_4F23 0140_4F31 0140_4R23 0140_4R31 0140_REF1 0140_REF2 0142_1F26 0142_1F33 0142_1R26 0142_1R33 0142_2F26 0142_2F33 0142_2R26 0142_2R33 0142_3F26 0142_3F33 0142_3R26 0142_3R33 0142_4F26 0142_4F33 0142_4R26 0142_4R33 0142_REF1 1000_1F34 1000_1F36 1000_1F37 1000_1R34 1000_1R36 1000_1R37 1000_2F34 1000_2F36 1000_2F37 1000_2R34 1000_2R36 1000_2R37 1000_3F34 1000_3F36 1000_3F37 1000_3R34 1000_3R36 1000_3R37 1000_4F34 1000_4F36 1000_4F37 1000_4R34 1000_4R36 1000_4R37 1000_REF1 1000_REF2 1002_1F32 1002_1F35 1002_1R32 1002_1R35 1002_2F32 1002_2F35 1002_2R32 1002_2R35 1002_3F32 1002_3F35 1002_3R32 1002_3R35 1002_4F32 1002_4F35 1002_4R32 1002_4R35 1002_REF1 EMPTY_S10_Position10 EMPTY_S11_Position11 EMPTY_S12_Position12 EMPTY_S13_Position01 EMPTY_S13_Position03 EMPTY_S14_Position01 EMPTY_S14_Position04 EMPTY_S15_Position01 EMPTY_S15_Position05 EMPTY_S1_Position01 EMPTY_S2_Position02 EMPTY_S3_Position03 EMPTY_S4_Position04 EMPTY_S5_Position05 EMPTY_S6_Position06 EMPTY_S7_Position07 EMPTY_S8_Position08 EMPTY_S9_Position09 STD_14_C STD_3_H 
ls6500.putOrGet: pickled data read from Pickles/Pre-irrad_9_141110.pickle
ls6500.putOrGet: unpickling...be patient. file Pickles/Pre-irrad_10_141113.pickle
ls6500.fillSampleMsmts: initial,final sampleMsmts length 196 , 196
ls6500.fillSampleMsmts: Samples in fillSampleMsmts 0050_1F11 0050_1F13 0050_1F16 0050_1R11 0050_1R13 0050_1R16 0050_2F11 0050_2F13 0050_2F16 0050_2R11 0050_2R13 0050_2R16 0050_3F11 0050_3F13 0050_3F16 0050_3R11 0050_3R13 0050_3R16 0050_4F11 0050_4F13 0050_4F16 0050_4R11 0050_4R13 0050_4R16 0050_FPMT 0050_REF1 0050_REF2 0050_RPMT 0052_1F12 0052_1F14 0052_1F17 0052_1R12 0052_1R14 0052_1R17 0052_2F12 0052_2F14 0052_2F17 0052_2R12 0052_2R14 0052_2R17 0052_3F12 0052_3F14 0052_3F17 0052_3R12 0052_3R14 0052_3R17 0052_4F12 0052_4F14 0052_4F17 0052_4R12 0052_4R14 0052_4R17 0052_REF1 0052_REF2 0100_1F15 0100_1F22 0100_1F27 0100_1R15 0100_1R22 0100_1R27 0100_2F15 0100_2F22 0100_2F27 0100_2R15 0100_2R22 0100_2R27 0100_3F15 0100_3F22 0100_3F27 0100_3R15 0100_3R22 0100_3R27 0100_4F15 0100_4F22 0100_4F27 0100_4R15 0100_4R22 0100_4R27 0100_REF1 0100_REF2 0102_1F21 0102_1F25 0102_1R21 0102_1R25 0102_2F21 0102_2F25 0102_2R21 0102_2R25 0102_3F21 0102_3F25 0102_3R21 0102_3R25 0102_4F21 0102_4F25 0102_4R21 0102_4R25 0102_REF1 0102_REF2 0140_1F23 0140_1F31 0140_1R23 0140_1R31 0140_2F23 0140_2F31 0140_2R23 0140_2R31 0140_3F23 0140_3F31 0140_3R23 0140_3R31 0140_4F23 0140_4F31 0140_4R23 0140_4R31 0140_REF1 0140_REF2 0142_1F26 0142_1F33 0142_1R26 0142_1R33 0142_2F26 0142_2F33 0142_2R26 0142_2R33 0142_3F26 0142_3F33 0142_3R26 0142_3R33 0142_4F26 0142_4F33 0142_4R26 0142_4R33 0142_REF1 1000_1F34 1000_1F36 1000_1F37 1000_1R34 1000_1R36 1000_1R37 1000_2F34 1000_2F36 1000_2F37 1000_2R34 1000_2R36 1000_2R37 1000_3F34 1000_3F36 1000_3F37 1000_3R34 1000_3R36 1000_3R37 1000_4F34 1000_4F36 1000_4F37 1000_4R34 1000_4R36 1000_4R37 1000_REF1 1000_REF2 1002_1F32 1002_1F35 1002_1R32 1002_1R35 1002_2F32 1002_2F35 1002_2R32 1002_2R35 1002_3F32 1002_3F35 1002_3R32 1002_3R35 1002_4F32 1002_4F35 1002_4R32 1002_4R35 1002_REF1 EMPTY_S10_Position10 EMPTY_S11_Position11 EMPTY_S12_Position12 EMPTY_S13_Position01 EMPTY_S13_Position03 EMPTY_S14_Position01 EMPTY_S14_Position04 EMPTY_S15_Position01 EMPTY_S15_Position05 EMPTY_S1_Position01 EMPTY_S2_Position02 EMPTY_S3_Position03 EMPTY_S4_Position04 EMPTY_S5_Position05 EMPTY_S6_Position06 EMPTY_S7_Position07 EMPTY_S8_Position08 EMPTY_S9_Position09 STD_14_C STD_3_H 
ls6500.putOrGet: pickled data read from Pickles/Pre-irrad_10_141113.pickle
ls6500.putOrGet: unpickling...be patient. file Pickles/Pre-irrad_11_141114.pickle
ls6500.fillSampleMsmts: initial,final sampleMsmts length 196 , 196
ls6500.fillSampleMsmts: Samples in fillSampleMsmts 0050_1F11 0050_1F13 0050_1F16 0050_1R11 0050_1R13 0050_1R16 0050_2F11 0050_2F13 0050_2F16 0050_2R11 0050_2R13 0050_2R16 0050_3F11 0050_3F13 0050_3F16 0050_3R11 0050_3R13 0050_3R16 0050_4F11 0050_4F13 0050_4F16 0050_4R11 0050_4R13 0050_4R16 0050_FPMT 0050_REF1 0050_REF2 0050_RPMT 0052_1F12 0052_1F14 0052_1F17 0052_1R12 0052_1R14 0052_1R17 0052_2F12 0052_2F14 0052_2F17 0052_2R12 0052_2R14 0052_2R17 0052_3F12 0052_3F14 0052_3F17 0052_3R12 0052_3R14 0052_3R17 0052_4F12 0052_4F14 0052_4F17 0052_4R12 0052_4R14 0052_4R17 0052_REF1 0052_REF2 0100_1F15 0100_1F22 0100_1F27 0100_1R15 0100_1R22 0100_1R27 0100_2F15 0100_2F22 0100_2F27 0100_2R15 0100_2R22 0100_2R27 0100_3F15 0100_3F22 0100_3F27 0100_3R15 0100_3R22 0100_3R27 0100_4F15 0100_4F22 0100_4F27 0100_4R15 0100_4R22 0100_4R27 0100_REF1 0100_REF2 0102_1F21 0102_1F25 0102_1R21 0102_1R25 0102_2F21 0102_2F25 0102_2R21 0102_2R25 0102_3F21 0102_3F25 0102_3R21 0102_3R25 0102_4F21 0102_4F25 0102_4R21 0102_4R25 0102_REF1 0102_REF2 0140_1F23 0140_1F31 0140_1R23 0140_1R31 0140_2F23 0140_2F31 0140_2R23 0140_2R31 0140_3F23 0140_3F31 0140_3R23 0140_3R31 0140_4F23 0140_4F31 0140_4R23 0140_4R31 0140_REF1 0140_REF2 0142_1F26 0142_1F33 0142_1R26 0142_1R33 0142_2F26 0142_2F33 0142_2R26 0142_2R33 0142_3F26 0142_3F33 0142_3R26 0142_3R33 0142_4F26 0142_4F33 0142_4R26 0142_4R33 0142_REF1 1000_1F34 1000_1F36 1000_1F37 1000_1R34 1000_1R36 1000_1R37 1000_2F34 1000_2F36 1000_2F37 1000_2R34 1000_2R36 1000_2R37 1000_3F34 1000_3F36 1000_3F37 1000_3R34 1000_3R36 1000_3R37 1000_4F34 1000_4F36 1000_4F37 1000_4R34 1000_4R36 1000_4R37 1000_REF1 1000_REF2 1002_1F32 1002_1F35 1002_1R32 1002_1R35 1002_2F32 1002_2F35 1002_2R32 1002_2R35 1002_3F32 1002_3F35 1002_3R32 1002_3R35 1002_4F32 1002_4F35 1002_4R32 1002_4R35 1002_REF1 EMPTY_S10_Position10 EMPTY_S11_Position11 EMPTY_S12_Position12 EMPTY_S13_Position01 EMPTY_S13_Position03 EMPTY_S14_Position01 EMPTY_S14_Position04 EMPTY_S15_Position01 EMPTY_S15_Position05 EMPTY_S1_Position01 EMPTY_S2_Position02 EMPTY_S3_Position03 EMPTY_S4_Position04 EMPTY_S5_Position05 EMPTY_S6_Position06 EMPTY_S7_Position07 EMPTY_S8_Position08 EMPTY_S9_Position09 STD_14_C STD_3_H 
ls6500.putOrGet: pickled data read from Pickles/Pre-irrad_11_141114.pickle
ls6500.defineMatchingSamples 
Name : Samples
0050_1F : 0050_1F11,0050_1F13,0050_1F16
0050_1R : 0050_1R11,0050_1R13,0050_1R16
0050_2F : 0050_2F11,0050_2F13,0050_2F16
0050_2R : 0050_2R11,0050_2R13,0050_2R16
0050_3F : 0050_3F11,0050_3F13,0050_3F16
0050_3R : 0050_3R11,0050_3R13,0050_3R16
0050_4F : 0050_4F11,0050_4F13,0050_4F16
0050_4R : 0050_4R11,0050_4R13,0050_4R16
0050_REF : 0050_REF1,0050_REF2
0052_1F : 0052_1F12,0052_1F14,0052_1F17
0052_1R : 0052_1R12,0052_1R14,0052_1R17
0052_2F : 0052_2F12,0052_2F14,0052_2F17
0052_2R : 0052_2R12,0052_2R14,0052_2R17
0052_3F : 0052_3F12,0052_3F14,0052_3F17
0052_3R : 0052_3R12,0052_3R14,0052_3R17
0052_4F : 0052_4F12,0052_4F14,0052_4F17
0052_4R : 0052_4R12,0052_4R14,0052_4R17
0052_REF : 0052_REF1,0052_REF2
0100_1F : 0100_1F15,0100_1F22,0100_1F27
0100_1R : 0100_1R15,0100_1R22,0100_1R27
0100_2F : 0100_2F15,0100_2F22,0100_2F27
0100_2R : 0100_2R15,0100_2R22,0100_2R27
0100_3F : 0100_3F15,0100_3F22,0100_3F27
0100_3R : 0100_3R15,0100_3R22,0100_3R27
0100_4F : 0100_4F15,0100_4F22,0100_4F27
0100_4R : 0100_4R15,0100_4R22,0100_4R27
0100_REF : 0100_REF1,0100_REF2
0102_1F : 0102_1F21,0102_1F25
0102_1R : 0102_1R21,0102_1R25
0102_2F : 0102_2F21,0102_2F25
0102_2R : 0102_2R21,0102_2R25
0102_3F : 0102_3F21,0102_3F25
0102_3R : 0102_3R21,0102_3R25
0102_4F : 0102_4F21,0102_4F25
0102_4R : 0102_4R21,0102_4R25
0102_REF : 0102_REF1,0102_REF2
0140_1F : 0140_1F23,0140_1F31
0140_1R : 0140_1R23,0140_1R31
0140_2F : 0140_2F23,0140_2F31
0140_2R : 0140_2R23,0140_2R31
0140_3F : 0140_3F23,0140_3F31
0140_3R : 0140_3R23,0140_3R31
0140_4F : 0140_4F23,0140_4F31
0140_4R : 0140_4R23,0140_4R31
0140_REF : 0140_REF1,0140_REF2
0142_1F : 0142_1F26,0142_1F33
0142_1R : 0142_1R26,0142_1R33
0142_2F : 0142_2F26,0142_2F33
0142_2R : 0142_2R26,0142_2R33
0142_3F : 0142_3F26,0142_3F33
0142_3R : 0142_3R26,0142_3R33
0142_4F : 0142_4F26,0142_4F33
0142_4R : 0142_4R26,0142_4R33
1000_1F : 1000_1F34,1000_1F36,1000_1F37
1000_1R : 1000_1R34,1000_1R36,1000_1R37
1000_2F : 1000_2F34,1000_2F36,1000_2F37
1000_2R : 1000_2R34,1000_2R36,1000_2R37
1000_3F : 1000_3F34,1000_3F36,1000_3F37
1000_3R : 1000_3R34,1000_3R36,1000_3R37
1000_4F : 1000_4F34,1000_4F36,1000_4F37
1000_4R : 1000_4R34,1000_4R36,1000_4R37
1000_REF : 1000_REF1,1000_REF2
1002_1F : 1002_1F32,1002_1F35
1002_1R : 1002_1R32,1002_1R35
1002_2F : 1002_2F32,1002_2F35
1002_2R : 1002_2R32,1002_2R35
1002_3F : 1002_3F32,1002_3F35
1002_3R : 1002_3R32,1002_3R35
1002_4F : 1002_4F32,1002_4F35
1002_4R : 1002_4R32,1002_4R35
EMPTY : EMPTY_S10_Position10,EMPTY_S11_Position11,EMPTY_S12_Position12,EMPTY_S13_Position01,EMPTY_S13_Position03,EMPTY_S14_Position01,EMPTY_S14_Position04,EMPTY_S15_Position01,EMPTY_S15_Position05,EMPTY_S1_Position01,EMPTY_S2_Position02,EMPTY_S3_Position03,EMPTY_S4_Position04,EMPTY_S5_Position05,EMPTY_S6_Position06,EMPTY_S7_Position07,EMPTY_S8_Position08,EMPTY_S9_Position09
ls6500.Analyze
ls.Analyze: kinds ['0052', '0142', '0050', 'EMPTY', '0140', '0100', '0102', '1000', '1002', 'STD']
histogramming samples 0052_2F12 0142_1F26 0142_3R33 0052_3R12 0052_3R14 0052_3R17 0050_FPMT EMPTY_S2_Position02 0140_2R31 0100_1R15 0102_1F25 1000_REF2 0102_1F21 0140_4R23 0142_2F26 0102_2R25 0100_3F15 0142_3F26 0050_1F11 0142_4F26 0050_1F13 EMPTY_S13_Position01 EMPTY_S13_Position03 0050_1F16 0142_3R26 EMPTY_S8_Position08 1002_3F32 EMPTY_S12_Position12 0142_1R33 0052_4F14 0100_REF1 0100_4R27 0052_4F17 0052_REF1 0052_REF2 0100_4R22 1002_3R32 0140_4R31 1002_2F32 1002_3R35 0052_1F12 0052_1F17 0100_REF2 0052_1F14 0102_2F21 EMPTY_S9_Position09 0102_2F25 1000_2R37 0100_3R15 0140_4F31 0052_4R12 0100_4F22 0052_4R14 0052_4F12 0100_4F27 0052_4R17 1002_1R35 1000_REF1 0100_1F27 1002_1R32 1002_4F32 0142_1R26 1002_4F35 1000_2R36 0142_1F33 1000_2R34 0050_3R16 0140_3F31 0100_2F15 0102_4F25 1002_2F35 EMPTY_S15_Position01 EMPTY_S15_Position05 EMPTY_S5_Position05 1000_3R37 1000_2F36 1000_2F37 1000_2F34 0100_1F15 0140_1F31 0100_2R15 0142_2R26 0100_2R27 0052_3F14 0052_3F17 0100_2R22 0052_3F12 0102_4R25 0142_2F33 0102_4R21 0140_3F23 0050_4R16 0142_4F33 0050_4R13 0050_4R11 EMPTY_S14_Position04 0102_3R21 EMPTY_S14_Position01 0052_2F14 0102_3R25 0050_REF2 1002_3F35 0142_4R26 0140_4F23 0050_2F16 0050_2F11 0050_2F13 0142_2R33 0102_4F21 1000_4R34 0140_1F23 1000_4R36 1000_4R37 0100_4R15 0050_2R13 1002_1F32 1002_1F35 0050_REF1 1000_1R37 1000_1R36 1000_1R34 EMPTY_S3_Position03 0100_3R27 0100_3R22 0100_4F15 0140_3R31 0142_4R33 0052_1R17 0052_1R14 0052_1R12 0050_RPMT EMPTY_S6_Position06 EMPTY_S10_Position10 0140_1R31 0102_2R21 STD_3_H 0102_REF2 0050_1R16 0050_1R11 1000_3R34 0050_1R13 1000_3R36 0102_1R21 0140_2F23 0102_1R25 0140_3R23 0050_4F13 1002_2R32 0050_4F11 0050_4F16 1002_2R35 0100_1F22 STD_14_C 0052_2F17 EMPTY_S11_Position11 1000_3F34 1000_3F37 1000_3F36 0140_REF1 0140_REF2 0140_1R23 0100_2F27 0100_3F22 0140_2F31 EMPTY_S7_Position07 0142_3F33 1002_REF1 0140_2R23 0142_REF1 EMPTY_S4_Position04 0100_3F27 EMPTY_S1_Position01 0102_REF1 0052_2R17 0052_2R14 0102_3F25 0052_2R12 0102_3F21 0050_2R11 1002_4R35 1002_4R32 0050_2R16 0050_3F16 0050_3F13 0050_3F11 1000_4F34 0100_1R27 1000_4F36 1000_4F37 0100_1R22 1000_1F36 0050_3R13 0100_2F22 1000_1F37 0050_3R11 1000_1F34 
sample 0052_2F12 thres 1000.0
sample 0142_1F26 thres 1000.0
sample 0142_3R33 thres 1000.0
sample 0052_3R12 thres 1000.0
sample 0052_3R14 thres 1000.0
sample 0052_3R17 thres 1000.0
sample 0050_FPMT thres 1000.0
sample EMPTY_S2_Position02 thres 200.0
sample 0140_2R31 thres 1000.0
sample 0100_1R15 thres 1000.0
sample 0102_1F25 thres 1000.0
sample 1000_REF2 thres 200.0
sample 0102_1F21 thres 1000.0
sample 0140_4R23 thres 1000.0
sample 0142_2F26 thres 1000.0
sample 0102_2R25 thres 1000.0
sample 0100_3F15 thres 1000.0
sample 0142_3F26 thres 1000.0
sample 0050_1F11 thres 1000.0
sample 0142_4F26 thres 1000.0
sample 0050_1F13 thres 1000.0
sample EMPTY_S13_Position01 thres 200.0
sample EMPTY_S13_Position03 thres 200.0
sample 0050_1F16 thres 1000.0
sample 0142_3R26 thres 1000.0
sample EMPTY_S8_Position08 thres 200.0
sample 1002_3F32 thres 200.0
sample EMPTY_S12_Position12 thres 200.0
sample 0142_1R33 thres 1000.0
sample 0052_4F14 thres 1000.0
sample 0100_REF1 thres 1000.0
sample 0100_4R27 thres 1000.0
sample 0052_4F17 thres 1000.0
sample 0052_REF1 thres 1000.0
sample 0052_REF2 thres 1000.0
sample 0100_4R22 thres 1000.0
sample 1002_3R32 thres 200.0
sample 0140_4R31 thres 1000.0
sample 1002_2F32 thres 200.0
sample 1002_3R35 thres 200.0
sample 0052_1F12 thres 1000.0
sample 0052_1F17 thres 1000.0
sample 0100_REF2 thres 1000.0
sample 0052_1F14 thres 1000.0
sample 0102_2F21 thres 1000.0
sample EMPTY_S9_Position09 thres 200.0
sample 0102_2F25 thres 1000.0
sample 1000_2R37 thres 200.0
sample 0100_3R15 thres 1000.0
sample 0140_4F31 thres 1000.0
sample 0052_4R12 thres 1000.0
sample 0100_4F22 thres 1000.0
sample 0052_4R14 thres 1000.0
sample 0052_4F12 thres 1000.0
sample 0100_4F27 thres 1000.0
sample 0052_4R17 thres 1000.0
sample 1002_1R35 thres 200.0
sample 1000_REF1 thres 200.0
sample 0100_1F27 thres 1000.0
sample 1002_1R32 thres 200.0
sample 1002_4F32 thres 200.0
sample 0142_1R26 thres 1000.0
sample 1002_4F35 thres 200.0
sample 1000_2R36 thres 200.0
sample 0142_1F33 thres 1000.0
sample 1000_2R34 thres 200.0
sample 0050_3R16 thres 1000.0
sample 0140_3F31 thres 1000.0
sample 0100_2F15 thres 1000.0
sample 0102_4F25 thres 1000.0
sample 1002_2F35 thres 200.0
sample EMPTY_S15_Position01 thres 200.0
sample EMPTY_S15_Position05 thres 200.0
sample EMPTY_S5_Position05 thres 200.0
sample 1000_3R37 thres 200.0
sample 1000_2F36 thres 200.0
sample 1000_2F37 thres 200.0
sample 1000_2F34 thres 200.0
sample 0100_1F15 thres 1000.0
sample 0140_1F31 thres 1000.0
sample 0100_2R15 thres 1000.0
sample 0142_2R26 thres 1000.0
sample 0100_2R27 thres 1000.0
sample 0052_3F14 thres 1000.0
sample 0052_3F17 thres 1000.0
sample 0100_2R22 thres 1000.0
sample 0052_3F12 thres 1000.0
sample 0102_4R25 thres 1000.0
sample 0142_2F33 thres 1000.0
sample 0102_4R21 thres 1000.0
sample 0140_3F23 thres 1000.0
sample 0050_4R16 thres 1000.0
sample 0142_4F33 thres 1000.0
sample 0050_4R13 thres 1000.0
sample 0050_4R11 thres 1000.0
sample EMPTY_S14_Position04 thres 200.0
sample 0102_3R21 thres 1000.0
sample EMPTY_S14_Position01 thres 200.0
sample 0052_2F14 thres 1000.0
sample 0102_3R25 thres 1000.0
sample 0050_REF2 thres 1000.0
sample 1002_3F35 thres 200.0
sample 0142_4R26 thres 1000.0
sample 0140_4F23 thres 1000.0
sample 0050_2F16 thres 1000.0
sample 0050_2F11 thres 1000.0
sample 0050_2F13 thres 1000.0
sample 0142_2R33 thres 1000.0
sample 0102_4F21 thres 1000.0
sample 1000_4R34 thres 200.0
sample 0140_1F23 thres 1000.0
sample 1000_4R36 thres 200.0
sample 1000_4R37 thres 200.0
sample 0100_4R15 thres 1000.0
sample 0050_2R13 thres 1000.0
sample 1002_1F32 thres 200.0
sample 1002_1F35 thres 200.0
sample 0050_REF1 thres 1000.0
sample 1000_1R37 thres 200.0
sample 1000_1R36 thres 200.0
sample 1000_1R34 thres 200.0
sample EMPTY_S3_Position03 thres 200.0
sample 0100_3R27 thres 1000.0
sample 0100_3R22 thres 1000.0
sample 0100_4F15 thres 1000.0
sample 0140_3R31 thres 1000.0
sample 0142_4R33 thres 1000.0
sample 0052_1R17 thres 1000.0
sample 0052_1R14 thres 1000.0
sample 0052_1R12 thres 1000.0
sample 0050_RPMT thres 1000.0
sample EMPTY_S6_Position06 thres 200.0
sample EMPTY_S10_Position10 thres 200.0
sample 0140_1R31 thres 1000.0
sample 0102_2R21 thres 1000.0
sample STD_3_H thres 2000.0
sample 0102_REF2 thres 1000.0
sample 0050_1R16 thres 1000.0
sample 0050_1R11 thres 1000.0
sample 1000_3R34 thres 200.0
sample 0050_1R13 thres 1000.0
sample 1000_3R36 thres 200.0
sample 0102_1R21 thres 1000.0
sample 0140_2F23 thres 1000.0
sample 0102_1R25 thres 1000.0
sample 0140_3R23 thres 1000.0
sample 0050_4F13 thres 1000.0
sample 1002_2R32 thres 200.0
sample 0050_4F11 thres 1000.0
sample 0050_4F16 thres 1000.0
sample 1002_2R35 thres 200.0
sample 0100_1F22 thres 1000.0
sample STD_14_C thres 2000.0
sample 0052_2F17 thres 1000.0
sample EMPTY_S11_Position11 thres 200.0
sample 1000_3F34 thres 200.0
sample 1000_3F37 thres 200.0
sample 1000_3F36 thres 200.0
sample 0140_REF1 thres 1000.0
sample 0140_REF2 thres 1000.0
sample 0140_1R23 thres 1000.0
sample 0100_2F27 thres 1000.0
sample 0100_3F22 thres 1000.0
sample 0140_2F31 thres 1000.0
sample EMPTY_S7_Position07 thres 200.0
sample 0142_3F33 thres 1000.0
sample 1002_REF1 thres 200.0
sample 0140_2R23 thres 1000.0
sample 0142_REF1 thres 1000.0
sample EMPTY_S4_Position04 thres 200.0
sample 0100_3F27 thres 1000.0
sample EMPTY_S1_Position01 thres 200.0
sample 0102_REF1 thres 1000.0
sample 0052_2R17 thres 1000.0
sample 0052_2R14 thres 1000.0
sample 0102_3F25 thres 1000.0
sample 0052_2R12 thres 1000.0
sample 0102_3F21 thres 1000.0
sample 0050_2R11 thres 1000.0
sample 1002_4R35 thres 200.0
sample 1002_4R32 thres 200.0
sample 0050_2R16 thres 1000.0
sample 0050_3F16 thres 1000.0
sample 0050_3F13 thres 1000.0
sample 0050_3F11 thres 1000.0
sample 1000_4F34 thres 200.0
sample 0100_1R27 thres 1000.0
sample 1000_4F36 thres 200.0
sample 1000_4F37 thres 200.0
sample 0100_1R22 thres 1000.0
sample 1000_1F36 thres 200.0
sample 0050_3R13 thres 1000.0
sample 0100_2F22 thres 1000.0
sample 1000_1F37 thres 200.0
sample 0050_3R11 thres 1000.0
sample 1000_1F34 thres 200.0
ls6500.combineCommonSamples: 0052_4R graphs g0052_4R12, g0052_4R14, g0052_4R17
Add graph A0052_4R to MultiGraphs. kind= Q0052
ls6500.combineCommonSamples: 0140_1R graphs g0140_1R23, g0140_1R31
Add graph A0140_1R to MultiGraphs. kind= Q0140
ls6500.combineCommonSamples: 0142_2R graphs g0142_2R26, g0142_2R33
Add graph A0142_2R to MultiGraphs. kind= Q0142
ls6500.combineCommonSamples: 0140_2F graphs g0140_2F23, g0140_2F31
Add graph A0140_2F to MultiGraphs. kind= Q0140
ls6500.combineCommonSamples: 0140_3R graphs g0140_3R23, g0140_3R31
Add graph A0140_3R to MultiGraphs. kind= Q0140
ls6500.combineCommonSamples: 0102_2R graphs g0102_2R21, g0102_2R25
Add graph A0102_2R to MultiGraphs. kind= Q0102
ls6500.combineCommonSamples: 0052_REF graphs g0052_REF1, g0052_REF2
Add graph A0052_REF to MultiGraphs. kind= Q0052
ls6500.combineCommonSamples: 0140_1F graphs g0140_1F23, g0140_1F31
Add graph A0140_1F to MultiGraphs. kind= Q0140
ls6500.combineCommonSamples: 0050_REF graphs g0050_REF1, g0050_REF2
Add graph A0050_REF to MultiGraphs. kind= Q0050
ls6500.combineCommonSamples: 0140_REF graphs g0140_REF1, g0140_REF2
Add graph A0140_REF to MultiGraphs. kind= Q0140
ls6500.combineCommonSamples: 0140_3F graphs g0140_3F23, g0140_3F31
Add graph A0140_3F to MultiGraphs. kind= Q0140
ls6500.combineCommonSamples: 0102_2F graphs g0102_2F21, g0102_2F25
Add graph A0102_2F to MultiGraphs. kind= Q0102
ls6500.combineCommonSamples: 0052_2R graphs g0052_2R12, g0052_2R14, g0052_2R17
Add graph A0052_2R to MultiGraphs. kind= Q0052
ls6500.combineCommonSamples: EMPTY graphs gEMPTY_S10_Position10_20141011, gEMPTY_S11_Position11_20141011, gEMPTY_S12_Position12_20141011, gEMPTY_S13_Position01_20141011, gEMPTY_S13_Position03_20141011, gEMPTY_S14_Position01_20141011, gEMPTY_S14_Position04_20141011, gEMPTY_S15_Position01_20141011, gEMPTY_S15_Position05_20141011, gEMPTY_S1_Position01_20141010, gEMPTY_S2_Position02_20141010, gEMPTY_S3_Position03_20141010, gEMPTY_S4_Position04_20141010, gEMPTY_S5_Position05_20141010, gEMPTY_S6_Position06_20141010, gEMPTY_S7_Position07_20141010, gEMPTY_S8_Position08_20141010, gEMPTY_S9_Position09_20141011
ls6500.combineCommonSamples: 1002_2R graphs g1002_2R32, g1002_2R35
Add graph A1002_2R to MultiGraphs. kind= Q1002
ls6500.combineCommonSamples: 0142_4R graphs g0142_4R26, g0142_4R33
Add graph A0142_4R to MultiGraphs. kind= Q0142
ls6500.combineCommonSamples: 0050_4F graphs g0050_4F11, g0050_4F13, g0050_4F16
Add graph A0050_4F to MultiGraphs. kind= Q0050
ls6500.combineCommonSamples: 0100_4F graphs g0100_4F15, g0100_4F22, g0100_4F27
Add graph A0100_4F to MultiGraphs. kind= Q0100
ls6500.combineCommonSamples: 0102_4F graphs g0102_4F21, g0102_4F25
Add graph A0102_4F to MultiGraphs. kind= Q0102
ls6500.combineCommonSamples: 0050_2F graphs g0050_2F11, g0050_2F13, g0050_2F16
Add graph A0050_2F to MultiGraphs. kind= Q0050
ls6500.combineCommonSamples: 0100_2R graphs g0100_2R15, g0100_2R22, g0100_2R27
Add graph A0100_2R to MultiGraphs. kind= Q0100
ls6500.combineCommonSamples: 0050_4R graphs g0050_4R11, g0050_4R13, g0050_4R16
Add graph A0050_4R to MultiGraphs. kind= Q0050
ls6500.combineCommonSamples: 0050_2R graphs g0050_2R11, g0050_2R13, g0050_2R16
Add graph A0050_2R to MultiGraphs. kind= Q0050
ls6500.combineCommonSamples: 0100_2F graphs g0100_2F15, g0100_2F22, g0100_2F27
Add graph A0100_2F to MultiGraphs. kind= Q0100
ls6500.combineCommonSamples: 0142_2F graphs g0142_2F26, g0142_2F33
Add graph A0142_2F to MultiGraphs. kind= Q0142
ls6500.combineCommonSamples: 0100_4R graphs g0100_4R15, g0100_4R22, g0100_4R27
Add graph A0100_4R to MultiGraphs. kind= Q0100
ls6500.combineCommonSamples: 0102_4R graphs g0102_4R21, g0102_4R25
Add graph A0102_4R to MultiGraphs. kind= Q0102
ls6500.combineCommonSamples: 0102_1F graphs g0102_1F21, g0102_1F25
Add graph A0102_1F to MultiGraphs. kind= Q0102
ls6500.combineCommonSamples: 0142_3R graphs g0142_3R26, g0142_3R33
Add graph A0142_3R to MultiGraphs. kind= Q0142
ls6500.combineCommonSamples: 0140_2R graphs g0140_2R23, g0140_2R31
Add graph A0140_2R to MultiGraphs. kind= Q0140
ls6500.combineCommonSamples: 0052_3R graphs g0052_3R12, g0052_3R14, g0052_3R17
Add graph A0052_3R to MultiGraphs. kind= Q0052
ls6500.combineCommonSamples: 1000_4R graphs g1000_4R34, g1000_4R36, g1000_4R37
Add graph A1000_4R to MultiGraphs. kind= Q1000
ls6500.combineCommonSamples: 1002_1F graphs g1002_1F32, g1002_1F35
Add graph A1002_1F to MultiGraphs. kind= Q1002
ls6500.combineCommonSamples: 0142_1R graphs g0142_1R26, g0142_1R33
Add graph A0142_1R to MultiGraphs. kind= Q0142
ls6500.combineCommonSamples: 0140_4R graphs g0140_4R23, g0140_4R31
Add graph A0140_4R to MultiGraphs. kind= Q0140
ls6500.combineCommonSamples: 0052_1F graphs g0052_1F12, g0052_1F14, g0052_1F17
Add graph A0052_1F to MultiGraphs. kind= Q0052
ls6500.combineCommonSamples: 1002_3F graphs g1002_3F32, g1002_3F35
Add graph A1002_3F to MultiGraphs. kind= Q1002
ls6500.combineCommonSamples: 0102_3R graphs g0102_3R21, g0102_3R25
Add graph A0102_3R to MultiGraphs. kind= Q0102
ls6500.combineCommonSamples: 0052_3F graphs g0052_3F12, g0052_3F14, g0052_3F17
Add graph A0052_3F to MultiGraphs. kind= Q0052
ls6500.combineCommonSamples: 1002_1R graphs g1002_1R32, g1002_1R35
Add graph A1002_1R to MultiGraphs. kind= Q1002
ls6500.combineCommonSamples: 0100_REF graphs g0100_REF1, g0100_REF2
Add graph A0100_REF to MultiGraphs. kind= Q0100
ls6500.combineCommonSamples: 1000_REF graphs g1000_REF1, g1000_REF2
Add graph A1000_REF to MultiGraphs. kind= Q1000
ls6500.combineCommonSamples: 0142_3F graphs g0142_3F26, g0142_3F33
Add graph A0142_3F to MultiGraphs. kind= Q0142
ls6500.combineCommonSamples: 0102_REF graphs g0102_REF1, g0102_REF2
Add graph A0102_REF to MultiGraphs. kind= Q0102
ls6500.combineCommonSamples: 1002_3R graphs g1002_3R32, g1002_3R35
Add graph A1002_3R to MultiGraphs. kind= Q1002
ls6500.combineCommonSamples: 1000_1R graphs g1000_1R34, g1000_1R36, g1000_1R37
Add graph A1000_1R to MultiGraphs. kind= Q1000
ls6500.combineCommonSamples: 0102_3F graphs g0102_3F21, g0102_3F25
Add graph A0102_3F to MultiGraphs. kind= Q0102
ls6500.combineCommonSamples: 0052_2F graphs g0052_2F12, g0052_2F14, g0052_2F17
Add graph A0052_2F to MultiGraphs. kind= Q0052
ls6500.combineCommonSamples: 0142_1F graphs g0142_1F26, g0142_1F33
Add graph A0142_1F to MultiGraphs. kind= Q0142
ls6500.combineCommonSamples: 0140_4F graphs g0140_4F23, g0140_4F31
Add graph A0140_4F to MultiGraphs. kind= Q0140
ls6500.combineCommonSamples: 0052_1R graphs g0052_1R12, g0052_1R14, g0052_1R17
Add graph A0052_1R to MultiGraphs. kind= Q0052
ls6500.combineCommonSamples: 0050_1R graphs g0050_1R11, g0050_1R13, g0050_1R16
Add graph A0050_1R to MultiGraphs. kind= Q0050
ls6500.combineCommonSamples: 0102_1R graphs g0102_1R21, g0102_1R25
Add graph A0102_1R to MultiGraphs. kind= Q0102
ls6500.combineCommonSamples: 0100_1R graphs g0100_1R15, g0100_1R22, g0100_1R27
Add graph A0100_1R to MultiGraphs. kind= Q0100
ls6500.combineCommonSamples: 1000_4F graphs g1000_4F34, g1000_4F36, g1000_4F37
Add graph A1000_4F to MultiGraphs. kind= Q1000
ls6500.combineCommonSamples: 0142_4F graphs g0142_4F26, g0142_4F33
Add graph A0142_4F to MultiGraphs. kind= Q0142
ls6500.combineCommonSamples: 0100_3R graphs g0100_3R15, g0100_3R22, g0100_3R27
Add graph A0100_3R to MultiGraphs. kind= Q0100
ls6500.combineCommonSamples: 1000_3F graphs g1000_3F34, g1000_3F36, g1000_3F37
Add graph A1000_3F to MultiGraphs. kind= Q1000
ls6500.combineCommonSamples: 1002_2F graphs g1002_2F32, g1002_2F35
Add graph A1002_2F to MultiGraphs. kind= Q1002
ls6500.combineCommonSamples: 1002_4R graphs g1002_4R32, g1002_4R35
Add graph A1002_4R to MultiGraphs. kind= Q1002
ls6500.combineCommonSamples: 0050_3F graphs g0050_3F11, g0050_3F13, g0050_3F16
Add graph A0050_3F to MultiGraphs. kind= Q0050
ls6500.combineCommonSamples: 1000_2R graphs g1000_2R34, g1000_2R36, g1000_2R37
Add graph A1000_2R to MultiGraphs. kind= Q1000
ls6500.combineCommonSamples: 1000_1F graphs g1000_1F34, g1000_1F36, g1000_1F37
Add graph A1000_1F to MultiGraphs. kind= Q1000
ls6500.combineCommonSamples: 0050_1F graphs g0050_1F11, g0050_1F13, g0050_1F16
Add graph A0050_1F to MultiGraphs. kind= Q0050
ls6500.combineCommonSamples: 0100_1F graphs g0100_1F15, g0100_1F22, g0100_1F27
Add graph A0100_1F to MultiGraphs. kind= Q0100
ls6500.combineCommonSamples: 1000_2F graphs g1000_2F34, g1000_2F36, g1000_2F37
Add graph A1000_2F to MultiGraphs. kind= Q1000
ls6500.combineCommonSamples: 1002_4F graphs g1002_4F32, g1002_4F35
Add graph A1002_4F to MultiGraphs. kind= Q1002
ls6500.combineCommonSamples: 0050_3R graphs g0050_3R11, g0050_3R13, g0050_3R16
Add graph A0050_3R to MultiGraphs. kind= Q0050
ls6500.combineCommonSamples: 0100_3F graphs g0100_3F15, g0100_3F22, g0100_3F27
Add graph A0100_3F to MultiGraphs. kind= Q0100
ls6500.combineCommonSamples: 1000_3R graphs g1000_3R34, g1000_3R36, g1000_3R37
Add graph A1000_3R to MultiGraphs. kind= Q1000
ls6500.combineCommonSamples: 0052_4F graphs g0052_4F12, g0052_4F14, g0052_4F17
Add graph A0052_4F to MultiGraphs. kind= Q0052
ls6500.plotSampleVsDose: WARNING No dose for graph A0052_4R
ls6500.plotSampleVsDose: WARNING No dose for graph A0052_REF
ls6500.plotSampleVsDose: WARNING No dose for graph A0052_2R
ls6500.plotSampleVsDose: WARNING No dose for graph A0052_3R
ls6500.plotSampleVsDose: WARNING No dose for graph A0052_1F
ls6500.plotSampleVsDose: WARNING No dose for graph A0052_3F
ls6500.plotSampleVsDose: WARNING No dose for graph A0052_2F
ls6500.plotSampleVsDose: WARNING No dose for graph A0052_1R
ls6500.plotSampleVsDose: WARNING No dose for graph A0052_4F
ls6500.plotSampleVsDose: WARNING No dose for graph A0140_1R
ls6500.plotSampleVsDose: WARNING No dose for graph A0140_2F
ls6500.plotSampleVsDose: WARNING No dose for graph A0140_3R
ls6500.plotSampleVsDose: WARNING No dose for graph A0140_1F
ls6500.plotSampleVsDose: WARNING No dose for graph A0140_REF
ls6500.plotSampleVsDose: WARNING No dose for graph A0140_3F
ls6500.plotSampleVsDose: WARNING No dose for graph A0140_2R
ls6500.plotSampleVsDose: WARNING No dose for graph A0140_4R
ls6500.plotSampleVsDose: WARNING No dose for graph A0140_4F
ls6500.plotSampleVsDose: WARNING No dose for graph A0142_2R
ls6500.plotSampleVsDose: WARNING No dose for graph A0142_4R
ls6500.plotSampleVsDose: WARNING No dose for graph A0142_2F
ls6500.plotSampleVsDose: WARNING No dose for graph A0142_3R
ls6500.plotSampleVsDose: WARNING No dose for graph A0142_1R
ls6500.plotSampleVsDose: WARNING No dose for graph A0142_3F
ls6500.plotSampleVsDose: WARNING No dose for graph A0142_1F
ls6500.plotSampleVsDose: WARNING No dose for graph A0142_4F
ls6500.plotSampleVsDose: WARNING No dose for graph A0140_1R
ls6500.plotSampleVsDose: WARNING No dose for graph A0140_2F
ls6500.plotSampleVsDose: WARNING No dose for graph A0140_3R
ls6500.plotSampleVsDose: WARNING No dose for graph A0140_1F
ls6500.plotSampleVsDose: WARNING No dose for graph A0140_REF
ls6500.plotSampleVsDose: WARNING No dose for graph A0140_3F
ls6500.plotSampleVsDose: WARNING No dose for graph A0140_2R
ls6500.plotSampleVsDose: WARNING No dose for graph A0140_4R
ls6500.plotSampleVsDose: WARNING No dose for graph A0140_4F
ls6500.plotSampleVsDose: WARNING No dose for graph A0140_1R
ls6500.plotSampleVsDose: WARNING No dose for graph A0140_2F
ls6500.plotSampleVsDose: WARNING No dose for graph A0140_3R
ls6500.plotSampleVsDose: WARNING No dose for graph A0140_1F
ls6500.plotSampleVsDose: WARNING No dose for graph A0140_REF
ls6500.plotSampleVsDose: WARNING No dose for graph A0140_3F
ls6500.plotSampleVsDose: WARNING No dose for graph A0140_2R
ls6500.plotSampleVsDose: WARNING No dose for graph A0140_4R
ls6500.plotSampleVsDose: WARNING No dose for graph A0140_4F
ls6500.plotSampleVsDose: WARNING No dose for graph A0102_2R
ls6500.plotSampleVsDose: WARNING No dose for graph A0102_2F
ls6500.plotSampleVsDose: WARNING No dose for graph A0102_4F
ls6500.plotSampleVsDose: WARNING No dose for graph A0102_4R
ls6500.plotSampleVsDose: WARNING No dose for graph A0102_1F
ls6500.plotSampleVsDose: WARNING No dose for graph A0102_3R
ls6500.plotSampleVsDose: WARNING No dose for graph A0102_REF
ls6500.plotSampleVsDose: WARNING No dose for graph A0102_3F
ls6500.plotSampleVsDose: WARNING No dose for graph A0102_1R
ls6500.plotSampleVsDose: WARNING No dose for graph A0052_4R
ls6500.plotSampleVsDose: WARNING No dose for graph A0052_REF
ls6500.plotSampleVsDose: WARNING No dose for graph A0052_2R
ls6500.plotSampleVsDose: WARNING No dose for graph A0052_3R
ls6500.plotSampleVsDose: WARNING No dose for graph A0052_1F
ls6500.plotSampleVsDose: WARNING No dose for graph A0052_3F
ls6500.plotSampleVsDose: WARNING No dose for graph A0052_2F
ls6500.plotSampleVsDose: WARNING No dose for graph A0052_1R
ls6500.plotSampleVsDose: WARNING No dose for graph A0052_4F
ls6500.plotSampleVsDose: WARNING No dose for graph A0140_1R
ls6500.plotSampleVsDose: WARNING No dose for graph A0140_2F
ls6500.plotSampleVsDose: WARNING No dose for graph A0140_3R
ls6500.plotSampleVsDose: WARNING No dose for graph A0140_1F
ls6500.plotSampleVsDose: WARNING No dose for graph A0140_REF
ls6500.plotSampleVsDose: WARNING No dose for graph A0140_3F
ls6500.plotSampleVsDose: WARNING No dose for graph A0140_2R
ls6500.plotSampleVsDose: WARNING No dose for graph A0140_4R
ls6500.plotSampleVsDose: WARNING No dose for graph A0140_4F
ls6500.plotSampleVsDose: WARNING No dose for graph A0050_REF
ls6500.plotSampleVsDose: WARNING No dose for graph A0050_4F
ls6500.plotSampleVsDose: WARNING No dose for graph A0050_2F
ls6500.plotSampleVsDose: WARNING No dose for graph A0050_4R
ls6500.plotSampleVsDose: WARNING No dose for graph A0050_2R
ls6500.plotSampleVsDose: WARNING No dose for graph A0050_1R
ls6500.plotSampleVsDose: WARNING No dose for graph A0050_3F
ls6500.plotSampleVsDose: WARNING No dose for graph A0050_1F
ls6500.plotSampleVsDose: WARNING No dose for graph A0050_3R
ls6500.plotSampleVsDose: WARNING No dose for graph A0140_1R
ls6500.plotSampleVsDose: WARNING No dose for graph A0140_2F
ls6500.plotSampleVsDose: WARNING No dose for graph A0140_3R
ls6500.plotSampleVsDose: WARNING No dose for graph A0140_1F
ls6500.plotSampleVsDose: WARNING No dose for graph A0140_REF
ls6500.plotSampleVsDose: WARNING No dose for graph A0140_3F
ls6500.plotSampleVsDose: WARNING No dose for graph A0140_2R
ls6500.plotSampleVsDose: WARNING No dose for graph A0140_4R
ls6500.plotSampleVsDose: WARNING No dose for graph A0140_4F
ls6500.plotSampleVsDose: WARNING No dose for graph A0140_1R
ls6500.plotSampleVsDose: WARNING No dose for graph A0140_2F
ls6500.plotSampleVsDose: WARNING No dose for graph A0140_3R
ls6500.plotSampleVsDose: WARNING No dose for graph A0140_1F
ls6500.plotSampleVsDose: WARNING No dose for graph A0140_REF
ls6500.plotSampleVsDose: WARNING No dose for graph A0140_3F
ls6500.plotSampleVsDose: WARNING No dose for graph A0140_2R
ls6500.plotSampleVsDose: WARNING No dose for graph A0140_4R
ls6500.plotSampleVsDose: WARNING No dose for graph A0140_4F
ls6500.plotSampleVsDose: WARNING No dose for graph A0102_2R
ls6500.plotSampleVsDose: WARNING No dose for graph A0102_2F
ls6500.plotSampleVsDose: WARNING No dose for graph A0102_4F
ls6500.plotSampleVsDose: WARNING No dose for graph A0102_4R
ls6500.plotSampleVsDose: WARNING No dose for graph A0102_1F
ls6500.plotSampleVsDose: WARNING No dose for graph A0102_3R
ls6500.plotSampleVsDose: WARNING No dose for graph A0102_REF
ls6500.plotSampleVsDose: WARNING No dose for graph A0102_3F
ls6500.plotSampleVsDose: WARNING No dose for graph A0102_1R
ls6500.plotSampleVsDose: WARNING No dose for graph A0052_4R
ls6500.plotSampleVsDose: WARNING No dose for graph A0052_REF
ls6500.plotSampleVsDose: WARNING No dose for graph A0052_2R
ls6500.plotSampleVsDose: WARNING No dose for graph A0052_3R
ls6500.plotSampleVsDose: WARNING No dose for graph A0052_1F
ls6500.plotSampleVsDose: WARNING No dose for graph A0052_3F
ls6500.plotSampleVsDose: WARNING No dose for graph A0052_2F
ls6500.plotSampleVsDose: WARNING No dose for graph A0052_1R
ls6500.plotSampleVsDose: WARNING No dose for graph A0052_4F
ls6500.plotSampleVsDose: WARNING No dose for graph A1002_2R
ls6500.plotSampleVsDose: WARNING No dose for graph A1002_1F
ls6500.plotSampleVsDose: WARNING No dose for graph A1002_3F
ls6500.plotSampleVsDose: WARNING No dose for graph A1002_1R
ls6500.plotSampleVsDose: WARNING No dose for graph A1002_3R
ls6500.plotSampleVsDose: WARNING No dose for graph A1002_2F
ls6500.plotSampleVsDose: WARNING No dose for graph A1002_4R
ls6500.plotSampleVsDose: WARNING No dose for graph A1002_4F
ls6500.plotSampleVsDose: WARNING No dose for graph A0142_2R
ls6500.plotSampleVsDose: WARNING No dose for graph A0142_4R
ls6500.plotSampleVsDose: WARNING No dose for graph A0142_2F
ls6500.plotSampleVsDose: WARNING No dose for graph A0142_3R
ls6500.plotSampleVsDose: WARNING No dose for graph A0142_1R
ls6500.plotSampleVsDose: WARNING No dose for graph A0142_3F
ls6500.plotSampleVsDose: WARNING No dose for graph A0142_1F
ls6500.plotSampleVsDose: WARNING No dose for graph A0142_4F
ls6500.plotSampleVsDose: WARNING No dose for graph A0050_REF
ls6500.plotSampleVsDose: WARNING No dose for graph A0050_4F
ls6500.plotSampleVsDose: WARNING No dose for graph A0050_2F
ls6500.plotSampleVsDose: WARNING No dose for graph A0050_4R
ls6500.plotSampleVsDose: WARNING No dose for graph A0050_2R
ls6500.plotSampleVsDose: WARNING No dose for graph A0050_1R
ls6500.plotSampleVsDose: WARNING No dose for graph A0050_3F
ls6500.plotSampleVsDose: WARNING No dose for graph A0050_1F
ls6500.plotSampleVsDose: WARNING No dose for graph A0050_3R
ls6500.plotSampleVsDose: WARNING No dose for graph A0100_4F
ls6500.plotSampleVsDose: WARNING No dose for graph A0100_2R
ls6500.plotSampleVsDose: WARNING No dose for graph A0100_2F
ls6500.plotSampleVsDose: WARNING No dose for graph A0100_4R
ls6500.plotSampleVsDose: WARNING No dose for graph A0100_REF
ls6500.plotSampleVsDose: WARNING No dose for graph A0100_1R
ls6500.plotSampleVsDose: WARNING No dose for graph A0100_3R
ls6500.plotSampleVsDose: WARNING No dose for graph A0100_1F
ls6500.plotSampleVsDose: WARNING No dose for graph A0100_3F
ls6500.plotSampleVsDose: WARNING No dose for graph A0102_2R
ls6500.plotSampleVsDose: WARNING No dose for graph A0102_2F
ls6500.plotSampleVsDose: WARNING No dose for graph A0102_4F
ls6500.plotSampleVsDose: WARNING No dose for graph A0102_4R
ls6500.plotSampleVsDose: WARNING No dose for graph A0102_1F
ls6500.plotSampleVsDose: WARNING No dose for graph A0102_3R
ls6500.plotSampleVsDose: WARNING No dose for graph A0102_REF
ls6500.plotSampleVsDose: WARNING No dose for graph A0102_3F
ls6500.plotSampleVsDose: WARNING No dose for graph A0102_1R
ls6500.plotSampleVsDose: WARNING No dose for graph A0050_REF
ls6500.plotSampleVsDose: WARNING No dose for graph A0050_4F
ls6500.plotSampleVsDose: WARNING No dose for graph A0050_2F
ls6500.plotSampleVsDose: WARNING No dose for graph A0050_4R
ls6500.plotSampleVsDose: WARNING No dose for graph A0050_2R
ls6500.plotSampleVsDose: WARNING No dose for graph A0050_1R
ls6500.plotSampleVsDose: WARNING No dose for graph A0050_3F
ls6500.plotSampleVsDose: WARNING No dose for graph A0050_1F
ls6500.plotSampleVsDose: WARNING No dose for graph A0050_3R
ls6500.plotSampleVsDose: WARNING No dose for graph A0100_4F
ls6500.plotSampleVsDose: WARNING No dose for graph A0100_2R
ls6500.plotSampleVsDose: WARNING No dose for graph A0100_2F
ls6500.plotSampleVsDose: WARNING No dose for graph A0100_4R
ls6500.plotSampleVsDose: WARNING No dose for graph A0100_REF
ls6500.plotSampleVsDose: WARNING No dose for graph A0100_1R
ls6500.plotSampleVsDose: WARNING No dose for graph A0100_3R
ls6500.plotSampleVsDose: WARNING No dose for graph A0100_1F
ls6500.plotSampleVsDose: WARNING No dose for graph A0100_3F
ls6500.plotSampleVsDose: WARNING No dose for graph A0050_REF
ls6500.plotSampleVsDose: WARNING No dose for graph A0050_4F
ls6500.plotSampleVsDose: WARNING No dose for graph A0050_2F
ls6500.plotSampleVsDose: WARNING No dose for graph A0050_4R
ls6500.plotSampleVsDose: WARNING No dose for graph A0050_2R
ls6500.plotSampleVsDose: WARNING No dose for graph A0050_1R
ls6500.plotSampleVsDose: WARNING No dose for graph A0050_3F
ls6500.plotSampleVsDose: WARNING No dose for graph A0050_1F
ls6500.plotSampleVsDose: WARNING No dose for graph A0050_3R
ls6500.plotSampleVsDose: WARNING No dose for graph A0050_REF
ls6500.plotSampleVsDose: WARNING No dose for graph A0050_4F
ls6500.plotSampleVsDose: WARNING No dose for graph A0050_2F
ls6500.plotSampleVsDose: WARNING No dose for graph A0050_4R
ls6500.plotSampleVsDose: WARNING No dose for graph A0050_2R
ls6500.plotSampleVsDose: WARNING No dose for graph A0050_1R
ls6500.plotSampleVsDose: WARNING No dose for graph A0050_3F
ls6500.plotSampleVsDose: WARNING No dose for graph A0050_1F
ls6500.plotSampleVsDose: WARNING No dose for graph A0050_3R
ls6500.plotSampleVsDose: WARNING No dose for graph A0100_4F
ls6500.plotSampleVsDose: WARNING No dose for graph A0100_2R
ls6500.plotSampleVsDose: WARNING No dose for graph A0100_2F
ls6500.plotSampleVsDose: WARNING No dose for graph A0100_4R
ls6500.plotSampleVsDose: WARNING No dose for graph A0100_REF
ls6500.plotSampleVsDose: WARNING No dose for graph A0100_1R
ls6500.plotSampleVsDose: WARNING No dose for graph A0100_3R
ls6500.plotSampleVsDose: WARNING No dose for graph A0100_1F
ls6500.plotSampleVsDose: WARNING No dose for graph A0100_3F
ls6500.plotSampleVsDose: WARNING No dose for graph A0142_2R
ls6500.plotSampleVsDose: WARNING No dose for graph A0142_4R
ls6500.plotSampleVsDose: WARNING No dose for graph A0142_2F
ls6500.plotSampleVsDose: WARNING No dose for graph A0142_3R
ls6500.plotSampleVsDose: WARNING No dose for graph A0142_1R
ls6500.plotSampleVsDose: WARNING No dose for graph A0142_3F
ls6500.plotSampleVsDose: WARNING No dose for graph A0142_1F
ls6500.plotSampleVsDose: WARNING No dose for graph A0142_4F
ls6500.plotSampleVsDose: WARNING No dose for graph A0100_4F
ls6500.plotSampleVsDose: WARNING No dose for graph A0100_2R
ls6500.plotSampleVsDose: WARNING No dose for graph A0100_2F
ls6500.plotSampleVsDose: WARNING No dose for graph A0100_4R
ls6500.plotSampleVsDose: WARNING No dose for graph A0100_REF
ls6500.plotSampleVsDose: WARNING No dose for graph A0100_1R
ls6500.plotSampleVsDose: WARNING No dose for graph A0100_3R
ls6500.plotSampleVsDose: WARNING No dose for graph A0100_1F
ls6500.plotSampleVsDose: WARNING No dose for graph A0100_3F
ls6500.plotSampleVsDose: WARNING No dose for graph A0102_2R
ls6500.plotSampleVsDose: WARNING No dose for graph A0102_2F
ls6500.plotSampleVsDose: WARNING No dose for graph A0102_4F
ls6500.plotSampleVsDose: WARNING No dose for graph A0102_4R
ls6500.plotSampleVsDose: WARNING No dose for graph A0102_1F
ls6500.plotSampleVsDose: WARNING No dose for graph A0102_3R
ls6500.plotSampleVsDose: WARNING No dose for graph A0102_REF
ls6500.plotSampleVsDose: WARNING No dose for graph A0102_3F
ls6500.plotSampleVsDose: WARNING No dose for graph A0102_1R
ls6500.plotSampleVsDose: WARNING No dose for graph A0102_2R
ls6500.plotSampleVsDose: WARNING No dose for graph A0102_2F
ls6500.plotSampleVsDose: WARNING No dose for graph A0102_4F
ls6500.plotSampleVsDose: WARNING No dose for graph A0102_4R
ls6500.plotSampleVsDose: WARNING No dose for graph A0102_1F
ls6500.plotSampleVsDose: WARNING No dose for graph A0102_3R
ls6500.plotSampleVsDose: WARNING No dose for graph A0102_REF
ls6500.plotSampleVsDose: WARNING No dose for graph A0102_3F
ls6500.plotSampleVsDose: WARNING No dose for graph A0102_1R
ls6500.plotSampleVsDose: WARNING No dose for graph A0142_2R
ls6500.plotSampleVsDose: WARNING No dose for graph A0142_4R
ls6500.plotSampleVsDose: WARNING No dose for graph A0142_2F
ls6500.plotSampleVsDose: WARNING No dose for graph A0142_3R
ls6500.plotSampleVsDose: WARNING No dose for graph A0142_1R
ls6500.plotSampleVsDose: WARNING No dose for graph A0142_3F
ls6500.plotSampleVsDose: WARNING No dose for graph A0142_1F
ls6500.plotSampleVsDose: WARNING No dose for graph A0142_4F
ls6500.plotSampleVsDose: WARNING No dose for graph A0140_1R
ls6500.plotSampleVsDose: WARNING No dose for graph A0140_2F
ls6500.plotSampleVsDose: WARNING No dose for graph A0140_3R
ls6500.plotSampleVsDose: WARNING No dose for graph A0140_1F
ls6500.plotSampleVsDose: WARNING No dose for graph A0140_REF
ls6500.plotSampleVsDose: WARNING No dose for graph A0140_3F
ls6500.plotSampleVsDose: WARNING No dose for graph A0140_2R
ls6500.plotSampleVsDose: WARNING No dose for graph A0140_4R
ls6500.plotSampleVsDose: WARNING No dose for graph A0140_4F
ls6500.plotSampleVsDose: WARNING No dose for graph A0052_4R
ls6500.plotSampleVsDose: WARNING No dose for graph A0052_REF
ls6500.plotSampleVsDose: WARNING No dose for graph A0052_2R
ls6500.plotSampleVsDose: WARNING No dose for graph A0052_3R
ls6500.plotSampleVsDose: WARNING No dose for graph A0052_1F
ls6500.plotSampleVsDose: WARNING No dose for graph A0052_3F
ls6500.plotSampleVsDose: WARNING No dose for graph A0052_2F
ls6500.plotSampleVsDose: WARNING No dose for graph A0052_1R
ls6500.plotSampleVsDose: WARNING No dose for graph A0052_4F
ls6500.plotSampleVsDose: WARNING No dose for graph A1000_4R
ls6500.plotSampleVsDose: WARNING No dose for graph A1000_REF
ls6500.plotSampleVsDose: WARNING No dose for graph A1000_1R
ls6500.plotSampleVsDose: WARNING No dose for graph A1000_4F
ls6500.plotSampleVsDose: WARNING No dose for graph A1000_3F
ls6500.plotSampleVsDose: WARNING No dose for graph A1000_2R
ls6500.plotSampleVsDose: WARNING No dose for graph A1000_1F
ls6500.plotSampleVsDose: WARNING No dose for graph A1000_2F
ls6500.plotSampleVsDose: WARNING No dose for graph A1000_3R
ls6500.plotSampleVsDose: WARNING No dose for graph A1002_2R
ls6500.plotSampleVsDose: WARNING No dose for graph A1002_1F
ls6500.plotSampleVsDose: WARNING No dose for graph A1002_3F
ls6500.plotSampleVsDose: WARNING No dose for graph A1002_1R
ls6500.plotSampleVsDose: WARNING No dose for graph A1002_3R
ls6500.plotSampleVsDose: WARNING No dose for graph A1002_2F
ls6500.plotSampleVsDose: WARNING No dose for graph A1002_4R
ls6500.plotSampleVsDose: WARNING No dose for graph A1002_4F
ls6500.plotSampleVsDose: WARNING No dose for graph A0142_2R
ls6500.plotSampleVsDose: WARNING No dose for graph A0142_4R
ls6500.plotSampleVsDose: WARNING No dose for graph A0142_2F
ls6500.plotSampleVsDose: WARNING No dose for graph A0142_3R
ls6500.plotSampleVsDose: WARNING No dose for graph A0142_1R
ls6500.plotSampleVsDose: WARNING No dose for graph A0142_3F
ls6500.plotSampleVsDose: WARNING No dose for graph A0142_1F
ls6500.plotSampleVsDose: WARNING No dose for graph A0142_4F
ls6500.plotSampleVsDose: WARNING No dose for graph A0140_1R
ls6500.plotSampleVsDose: WARNING No dose for graph A0140_2F
ls6500.plotSampleVsDose: WARNING No dose for graph A0140_3R
ls6500.plotSampleVsDose: WARNING No dose for graph A0140_1F
ls6500.plotSampleVsDose: WARNING No dose for graph A0140_REF
ls6500.plotSampleVsDose: WARNING No dose for graph A0140_3F
ls6500.plotSampleVsDose: WARNING No dose for graph A0140_2R
ls6500.plotSampleVsDose: WARNING No dose for graph A0140_4R
ls6500.plotSampleVsDose: WARNING No dose for graph A0140_4F
ls6500.plotSampleVsDose: WARNING No dose for graph A0052_4R
ls6500.plotSampleVsDose: WARNING No dose for graph A0052_REF
ls6500.plotSampleVsDose: WARNING No dose for graph A0052_2R
ls6500.plotSampleVsDose: WARNING No dose for graph A0052_3R
ls6500.plotSampleVsDose: WARNING No dose for graph A0052_1F
ls6500.plotSampleVsDose: WARNING No dose for graph A0052_3F
ls6500.plotSampleVsDose: WARNING No dose for graph A0052_2F
ls6500.plotSampleVsDose: WARNING No dose for graph A0052_1R
ls6500.plotSampleVsDose: WARNING No dose for graph A0052_4F
ls6500.plotSampleVsDose: WARNING No dose for graph A1002_2R
ls6500.plotSampleVsDose: WARNING No dose for graph A1002_1F
ls6500.plotSampleVsDose: WARNING No dose for graph A1002_3F
ls6500.plotSampleVsDose: WARNING No dose for graph A1002_1R
ls6500.plotSampleVsDose: WARNING No dose for graph A1002_3R
ls6500.plotSampleVsDose: WARNING No dose for graph A1002_2F
ls6500.plotSampleVsDose: WARNING No dose for graph A1002_4R
ls6500.plotSampleVsDose: WARNING No dose for graph A1002_4F
ls6500.plotSampleVsDose: WARNING No dose for graph A0102_2R
ls6500.plotSampleVsDose: WARNING No dose for graph A0102_2F
ls6500.plotSampleVsDose: WARNING No dose for graph A0102_4F
ls6500.plotSampleVsDose: WARNING No dose for graph A0102_4R
ls6500.plotSampleVsDose: WARNING No dose for graph A0102_1F
ls6500.plotSampleVsDose: WARNING No dose for graph A0102_3R
ls6500.plotSampleVsDose: WARNING No dose for graph A0102_REF
ls6500.plotSampleVsDose: WARNING No dose for graph A0102_3F
ls6500.plotSampleVsDose: WARNING No dose for graph A0102_1R
ls6500.plotSampleVsDose: WARNING No dose for graph A0052_4R
ls6500.plotSampleVsDose: WARNING No dose for graph A0052_REF
ls6500.plotSampleVsDose: WARNING No dose for graph A0052_2R
ls6500.plotSampleVsDose: WARNING No dose for graph A0052_3R
ls6500.plotSampleVsDose: WARNING No dose for graph A0052_1F
ls6500.plotSampleVsDose: WARNING No dose for graph A0052_3F
ls6500.plotSampleVsDose: WARNING No dose for graph A0052_2F
ls6500.plotSampleVsDose: WARNING No dose for graph A0052_1R
ls6500.plotSampleVsDose: WARNING No dose for graph A0052_4F
ls6500.plotSampleVsDose: WARNING No dose for graph A1002_2R
ls6500.plotSampleVsDose: WARNING No dose for graph A1002_1F
ls6500.plotSampleVsDose: WARNING No dose for graph A1002_3F
ls6500.plotSampleVsDose: WARNING No dose for graph A1002_1R
ls6500.plotSampleVsDose: WARNING No dose for graph A1002_3R
ls6500.plotSampleVsDose: WARNING No dose for graph A1002_2F
ls6500.plotSampleVsDose: WARNING No dose for graph A1002_4R
ls6500.plotSampleVsDose: WARNING No dose for graph A1002_4F
ls6500.plotSampleVsDose: WARNING No dose for graph A0100_4F
ls6500.plotSampleVsDose: WARNING No dose for graph A0100_2R
ls6500.plotSampleVsDose: WARNING No dose for graph A0100_2F
ls6500.plotSampleVsDose: WARNING No dose for graph A0100_4R
ls6500.plotSampleVsDose: WARNING No dose for graph A0100_REF
ls6500.plotSampleVsDose: WARNING No dose for graph A0100_1R
ls6500.plotSampleVsDose: WARNING No dose for graph A0100_3R
ls6500.plotSampleVsDose: WARNING No dose for graph A0100_1F
ls6500.plotSampleVsDose: WARNING No dose for graph A0100_3F
ls6500.plotSampleVsDose: WARNING No dose for graph A1000_4R
ls6500.plotSampleVsDose: WARNING No dose for graph A1000_REF
ls6500.plotSampleVsDose: WARNING No dose for graph A1000_1R
ls6500.plotSampleVsDose: WARNING No dose for graph A1000_4F
ls6500.plotSampleVsDose: WARNING No dose for graph A1000_3F
ls6500.plotSampleVsDose: WARNING No dose for graph A1000_2R
ls6500.plotSampleVsDose: WARNING No dose for graph A1000_1F
ls6500.plotSampleVsDose: WARNING No dose for graph A1000_2F
ls6500.plotSampleVsDose: WARNING No dose for graph A1000_3R
ls6500.plotSampleVsDose: WARNING No dose for graph A0142_2R
ls6500.plotSampleVsDose: WARNING No dose for graph A0142_4R
ls6500.plotSampleVsDose: WARNING No dose for graph A0142_2F
ls6500.plotSampleVsDose: WARNING No dose for graph A0142_3R
ls6500.plotSampleVsDose: WARNING No dose for graph A0142_1R
ls6500.plotSampleVsDose: WARNING No dose for graph A0142_3F
ls6500.plotSampleVsDose: WARNING No dose for graph A0142_1F
ls6500.plotSampleVsDose: WARNING No dose for graph A0142_4F
ls6500.plotSampleVsDose: WARNING No dose for graph A0102_2R
ls6500.plotSampleVsDose: WARNING No dose for graph A0102_2F
ls6500.plotSampleVsDose: WARNING No dose for graph A0102_4F
ls6500.plotSampleVsDose: WARNING No dose for graph A0102_4R
ls6500.plotSampleVsDose: WARNING No dose for graph A0102_1F
ls6500.plotSampleVsDose: WARNING No dose for graph A0102_3R
ls6500.plotSampleVsDose: WARNING No dose for graph A0102_REF
ls6500.plotSampleVsDose: WARNING No dose for graph A0102_3F
ls6500.plotSampleVsDose: WARNING No dose for graph A0102_1R
ls6500.plotSampleVsDose: WARNING No dose for graph A1002_2R
ls6500.plotSampleVsDose: WARNING No dose for graph A1002_1F
ls6500.plotSampleVsDose: WARNING No dose for graph A1002_3F
ls6500.plotSampleVsDose: WARNING No dose for graph A1002_1R
ls6500.plotSampleVsDose: WARNING No dose for graph A1002_3R
ls6500.plotSampleVsDose: WARNING No dose for graph A1002_2F
ls6500.plotSampleVsDose: WARNING No dose for graph A1002_4R
ls6500.plotSampleVsDose: WARNING No dose for graph A1002_4F
ls6500.plotSampleVsDose: WARNING No dose for graph A1000_4R
ls6500.plotSampleVsDose: WARNING No dose for graph A1000_REF
ls6500.plotSampleVsDose: WARNING No dose for graph A1000_1R
ls6500.plotSampleVsDose: WARNING No dose for graph A1000_4F
ls6500.plotSampleVsDose: WARNING No dose for graph A1000_3F
ls6500.plotSampleVsDose: WARNING No dose for graph A1000_2R
ls6500.plotSampleVsDose: WARNING No dose for graph A1000_1F
ls6500.plotSampleVsDose: WARNING No dose for graph A1000_2F
ls6500.plotSampleVsDose: WARNING No dose for graph A1000_3R
ls6500.plotSampleVsDose: WARNING No dose for graph A0102_2R
ls6500.plotSampleVsDose: WARNING No dose for graph A0102_2F
ls6500.plotSampleVsDose: WARNING No dose for graph A0102_4F
ls6500.plotSampleVsDose: WARNING No dose for graph A0102_4R
ls6500.plotSampleVsDose: WARNING No dose for graph A0102_1F
ls6500.plotSampleVsDose: WARNING No dose for graph A0102_3R
ls6500.plotSampleVsDose: WARNING No dose for graph A0102_REF
ls6500.plotSampleVsDose: WARNING No dose for graph A0102_3F
ls6500.plotSampleVsDose: WARNING No dose for graph A0102_1R
ls6500.plotSampleVsDose: WARNING No dose for graph A0052_4R
ls6500.plotSampleVsDose: WARNING No dose for graph A0052_REF
ls6500.plotSampleVsDose: WARNING No dose for graph A0052_2R
ls6500.plotSampleVsDose: WARNING No dose for graph A0052_3R
ls6500.plotSampleVsDose: WARNING No dose for graph A0052_1F
ls6500.plotSampleVsDose: WARNING No dose for graph A0052_3F
ls6500.plotSampleVsDose: WARNING No dose for graph A0052_2F
ls6500.plotSampleVsDose: WARNING No dose for graph A0052_1R
ls6500.plotSampleVsDose: WARNING No dose for graph A0052_4F
ls6500.plotSampleVsDose: WARNING No dose for graph A0142_2R
ls6500.plotSampleVsDose: WARNING No dose for graph A0142_4R
ls6500.plotSampleVsDose: WARNING No dose for graph A0142_2F
ls6500.plotSampleVsDose: WARNING No dose for graph A0142_3R
ls6500.plotSampleVsDose: WARNING No dose for graph A0142_1R
ls6500.plotSampleVsDose: WARNING No dose for graph A0142_3F
ls6500.plotSampleVsDose: WARNING No dose for graph A0142_1F
ls6500.plotSampleVsDose: WARNING No dose for graph A0142_4F
ls6500.plotSampleVsDose: WARNING No dose for graph A0140_1R
ls6500.plotSampleVsDose: WARNING No dose for graph A0140_2F
ls6500.plotSampleVsDose: WARNING No dose for graph A0140_3R
ls6500.plotSampleVsDose: WARNING No dose for graph A0140_1F
ls6500.plotSampleVsDose: WARNING No dose for graph A0140_REF
ls6500.plotSampleVsDose: WARNING No dose for graph A0140_3F
ls6500.plotSampleVsDose: WARNING No dose for graph A0140_2R
ls6500.plotSampleVsDose: WARNING No dose for graph A0140_4R
ls6500.plotSampleVsDose: WARNING No dose for graph A0140_4F
ls6500.plotSampleVsDose: WARNING No dose for graph A0052_4R
ls6500.plotSampleVsDose: WARNING No dose for graph A0052_REF
ls6500.plotSampleVsDose: WARNING No dose for graph A0052_2R
ls6500.plotSampleVsDose: WARNING No dose for graph A0052_3R
ls6500.plotSampleVsDose: WARNING No dose for graph A0052_1F
ls6500.plotSampleVsDose: WARNING No dose for graph A0052_3F
ls6500.plotSampleVsDose: WARNING No dose for graph A0052_2F
ls6500.plotSampleVsDose: WARNING No dose for graph A0052_1R
ls6500.plotSampleVsDose: WARNING No dose for graph A0052_4F
ls6500.plotSampleVsDose: WARNING No dose for graph A0050_REF
ls6500.plotSampleVsDose: WARNING No dose for graph A0050_4F
ls6500.plotSampleVsDose: WARNING No dose for graph A0050_2F
ls6500.plotSampleVsDose: WARNING No dose for graph A0050_4R
ls6500.plotSampleVsDose: WARNING No dose for graph A0050_2R
ls6500.plotSampleVsDose: WARNING No dose for graph A0050_1R
ls6500.plotSampleVsDose: WARNING No dose for graph A0050_3F
ls6500.plotSampleVsDose: WARNING No dose for graph A0050_1F
ls6500.plotSampleVsDose: WARNING No dose for graph A0050_3R
ls6500.plotSampleVsDose: WARNING No dose for graph A0102_2R
ls6500.plotSampleVsDose: WARNING No dose for graph A0102_2F
ls6500.plotSampleVsDose: WARNING No dose for graph A0102_4F
ls6500.plotSampleVsDose: WARNING No dose for graph A0102_4R
ls6500.plotSampleVsDose: WARNING No dose for graph A0102_1F
ls6500.plotSampleVsDose: WARNING No dose for graph A0102_3R
ls6500.plotSampleVsDose: WARNING No dose for graph A0102_REF
ls6500.plotSampleVsDose: WARNING No dose for graph A0102_3F
ls6500.plotSampleVsDose: WARNING No dose for graph A0102_1R
ls6500.plotSampleVsDose: WARNING No dose for graph A0100_4F
ls6500.plotSampleVsDose: WARNING No dose for graph A0100_2R
ls6500.plotSampleVsDose: WARNING No dose for graph A0100_2F
ls6500.plotSampleVsDose: WARNING No dose for graph A0100_4R
ls6500.plotSampleVsDose: WARNING No dose for graph A0100_REF
ls6500.plotSampleVsDose: WARNING No dose for graph A0100_1R
ls6500.plotSampleVsDose: WARNING No dose for graph A0100_3R
ls6500.plotSampleVsDose: WARNING No dose for graph A0100_1F
ls6500.plotSampleVsDose: WARNING No dose for graph A0100_3F
ls6500.plotSampleVsDose: WARNING No dose for graph A1000_4R
ls6500.plotSampleVsDose: WARNING No dose for graph A1000_REF
ls6500.plotSampleVsDose: WARNING No dose for graph A1000_1R
ls6500.plotSampleVsDose: WARNING No dose for graph A1000_4F
ls6500.plotSampleVsDose: WARNING No dose for graph A1000_3F
ls6500.plotSampleVsDose: WARNING No dose for graph A1000_2R
ls6500.plotSampleVsDose: WARNING No dose for graph A1000_1F
ls6500.plotSampleVsDose: WARNING No dose for graph A1000_2F
ls6500.plotSampleVsDose: WARNING No dose for graph A1000_3R
ls6500.plotSampleVsDose: WARNING No dose for graph A0142_2R
ls6500.plotSampleVsDose: WARNING No dose for graph A0142_4R
ls6500.plotSampleVsDose: WARNING No dose for graph A0142_2F
ls6500.plotSampleVsDose: WARNING No dose for graph A0142_3R
ls6500.plotSampleVsDose: WARNING No dose for graph A0142_1R
ls6500.plotSampleVsDose: WARNING No dose for graph A0142_3F
ls6500.plotSampleVsDose: WARNING No dose for graph A0142_1F
ls6500.plotSampleVsDose: WARNING No dose for graph A0142_4F
ls6500.plotSampleVsDose: WARNING No dose for graph A0100_4F
ls6500.plotSampleVsDose: WARNING No dose for graph A0100_2R
ls6500.plotSampleVsDose: WARNING No dose for graph A0100_2F
ls6500.plotSampleVsDose: WARNING No dose for graph A0100_4R
ls6500.plotSampleVsDose: WARNING No dose for graph A0100_REF
ls6500.plotSampleVsDose: WARNING No dose for graph A0100_1R
ls6500.plotSampleVsDose: WARNING No dose for graph A0100_3R
ls6500.plotSampleVsDose: WARNING No dose for graph A0100_1F
ls6500.plotSampleVsDose: WARNING No dose for graph A0100_3F
ls6500.plotSampleVsDose: WARNING No dose for graph A1000_4R
ls6500.plotSampleVsDose: WARNING No dose for graph A1000_REF
ls6500.plotSampleVsDose: WARNING No dose for graph A1000_1R
ls6500.plotSampleVsDose: WARNING No dose for graph A1000_4F
ls6500.plotSampleVsDose: WARNING No dose for graph A1000_3F
ls6500.plotSampleVsDose: WARNING No dose for graph A1000_2R
ls6500.plotSampleVsDose: WARNING No dose for graph A1000_1F
ls6500.plotSampleVsDose: WARNING No dose for graph A1000_2F
ls6500.plotSampleVsDose: WARNING No dose for graph A1000_3R
ls6500.plotSampleVsDose: WARNING No dose for graph A1002_2R
ls6500.plotSampleVsDose: WARNING No dose for graph A1002_1F
ls6500.plotSampleVsDose: WARNING No dose for graph A1002_3F
ls6500.plotSampleVsDose: WARNING No dose for graph A1002_1R
ls6500.plotSampleVsDose: WARNING No dose for graph A1002_3R
ls6500.plotSampleVsDose: WARNING No dose for graph A1002_2F
ls6500.plotSampleVsDose: WARNING No dose for graph A1002_4R
ls6500.plotSampleVsDose: WARNING No dose for graph A1002_4F
ls6500.plotSampleVsDose: WARNING No dose for graph A1002_2R
ls6500.plotSampleVsDose: WARNING No dose for graph A1002_1F
ls6500.plotSampleVsDose: WARNING No dose for graph A1002_3F
ls6500.plotSampleVsDose: WARNING No dose for graph A1002_1R
ls6500.plotSampleVsDose: WARNING No dose for graph A1002_3R
ls6500.plotSampleVsDose: WARNING No dose for graph A1002_2F
ls6500.plotSampleVsDose: WARNING No dose for graph A1002_4R
ls6500.plotSampleVsDose: WARNING No dose for graph A1002_4F
ls6500.plotSampleVsDose: WARNING No dose for graph A0050_REF
ls6500.plotSampleVsDose: WARNING No dose for graph A0050_4F
ls6500.plotSampleVsDose: WARNING No dose for graph A0050_2F
ls6500.plotSampleVsDose: WARNING No dose for graph A0050_4R
ls6500.plotSampleVsDose: WARNING No dose for graph A0050_2R
ls6500.plotSampleVsDose: WARNING No dose for graph A0050_1R
ls6500.plotSampleVsDose: WARNING No dose for graph A0050_3F
ls6500.plotSampleVsDose: WARNING No dose for graph A0050_1F
ls6500.plotSampleVsDose: WARNING No dose for graph A0050_3R
ls6500.plotSampleVsDose: WARNING No dose for graph A1000_4R
ls6500.plotSampleVsDose: WARNING No dose for graph A1000_REF
ls6500.plotSampleVsDose: WARNING No dose for graph A1000_1R
ls6500.plotSampleVsDose: WARNING No dose for graph A1000_4F
ls6500.plotSampleVsDose: WARNING No dose for graph A1000_3F
ls6500.plotSampleVsDose: WARNING No dose for graph A1000_2R
ls6500.plotSampleVsDose: WARNING No dose for graph A1000_1F
ls6500.plotSampleVsDose: WARNING No dose for graph A1000_2F
ls6500.plotSampleVsDose: WARNING No dose for graph A1000_3R
ls6500.plotSampleVsDose: WARNING No dose for graph A1000_4R
ls6500.plotSampleVsDose: WARNING No dose for graph A1000_REF
ls6500.plotSampleVsDose: WARNING No dose for graph A1000_1R
ls6500.plotSampleVsDose: WARNING No dose for graph A1000_4F
ls6500.plotSampleVsDose: WARNING No dose for graph A1000_3F
ls6500.plotSampleVsDose: WARNING No dose for graph A1000_2R
ls6500.plotSampleVsDose: WARNING No dose for graph A1000_1F
ls6500.plotSampleVsDose: WARNING No dose for graph A1000_2F
ls6500.plotSampleVsDose: WARNING No dose for graph A1000_3R
ls6500.plotSampleVsDose: WARNING No dose for graph A0050_REF
ls6500.plotSampleVsDose: WARNING No dose for graph A0050_4F
ls6500.plotSampleVsDose: WARNING No dose for graph A0050_2F
ls6500.plotSampleVsDose: WARNING No dose for graph A0050_4R
ls6500.plotSampleVsDose: WARNING No dose for graph A0050_2R
ls6500.plotSampleVsDose: WARNING No dose for graph A0050_1R
ls6500.plotSampleVsDose: WARNING No dose for graph A0050_3F
ls6500.plotSampleVsDose: WARNING No dose for graph A0050_1F
ls6500.plotSampleVsDose: WARNING No dose for graph A0050_3R
ls6500.plotSampleVsDose: WARNING No dose for graph A0100_4F
ls6500.plotSampleVsDose: WARNING No dose for graph A0100_2R
ls6500.plotSampleVsDose: WARNING No dose for graph A0100_2F
ls6500.plotSampleVsDose: WARNING No dose for graph A0100_4R
ls6500.plotSampleVsDose: WARNING No dose for graph A0100_REF
ls6500.plotSampleVsDose: WARNING No dose for graph A0100_1R
ls6500.plotSampleVsDose: WARNING No dose for graph A0100_3R
ls6500.plotSampleVsDose: WARNING No dose for graph A0100_1F
ls6500.plotSampleVsDose: WARNING No dose for graph A0100_3F
ls6500.plotSampleVsDose: WARNING No dose for graph A1000_4R
ls6500.plotSampleVsDose: WARNING No dose for graph A1000_REF
ls6500.plotSampleVsDose: WARNING No dose for graph A1000_1R
ls6500.plotSampleVsDose: WARNING No dose for graph A1000_4F
ls6500.plotSampleVsDose: WARNING No dose for graph A1000_3F
ls6500.plotSampleVsDose: WARNING No dose for graph A1000_2R
ls6500.plotSampleVsDose: WARNING No dose for graph A1000_1F
ls6500.plotSampleVsDose: WARNING No dose for graph A1000_2F
ls6500.plotSampleVsDose: WARNING No dose for graph A1000_3R
ls6500.plotSampleVsDose: WARNING No dose for graph A1002_2R
ls6500.plotSampleVsDose: WARNING No dose for graph A1002_1F
ls6500.plotSampleVsDose: WARNING No dose for graph A1002_3F
ls6500.plotSampleVsDose: WARNING No dose for graph A1002_1R
ls6500.plotSampleVsDose: WARNING No dose for graph A1002_3R
ls6500.plotSampleVsDose: WARNING No dose for graph A1002_2F
ls6500.plotSampleVsDose: WARNING No dose for graph A1002_4R
ls6500.plotSampleVsDose: WARNING No dose for graph A1002_4F
ls6500.plotSampleVsDose: WARNING No dose for graph A0050_REF
ls6500.plotSampleVsDose: WARNING No dose for graph A0050_4F
ls6500.plotSampleVsDose: WARNING No dose for graph A0050_2F
ls6500.plotSampleVsDose: WARNING No dose for graph A0050_4R
ls6500.plotSampleVsDose: WARNING No dose for graph A0050_2R
ls6500.plotSampleVsDose: WARNING No dose for graph A0050_1R
ls6500.plotSampleVsDose: WARNING No dose for graph A0050_3F
ls6500.plotSampleVsDose: WARNING No dose for graph A0050_1F
ls6500.plotSampleVsDose: WARNING No dose for graph A0050_3R
ls6500.plotSampleVsDose: WARNING No dose for graph A0100_4F
ls6500.plotSampleVsDose: WARNING No dose for graph A0100_2R
ls6500.plotSampleVsDose: WARNING No dose for graph A0100_2F
ls6500.plotSampleVsDose: WARNING No dose for graph A0100_4R
ls6500.plotSampleVsDose: WARNING No dose for graph A0100_REF
ls6500.plotSampleVsDose: WARNING No dose for graph A0100_1R
ls6500.plotSampleVsDose: WARNING No dose for graph A0100_3R
ls6500.plotSampleVsDose: WARNING No dose for graph A0100_1F
ls6500.plotSampleVsDose: WARNING No dose for graph A0100_3F
ls6500.plotSampleVsDose: WARNING No dose for graph A1000_4R
ls6500.plotSampleVsDose: WARNING No dose for graph A1000_REF
ls6500.plotSampleVsDose: WARNING No dose for graph A1000_1R
ls6500.plotSampleVsDose: WARNING No dose for graph A1000_4F
ls6500.plotSampleVsDose: WARNING No dose for graph A1000_3F
ls6500.plotSampleVsDose: WARNING No dose for graph A1000_2R
ls6500.plotSampleVsDose: WARNING No dose for graph A1000_1F
ls6500.plotSampleVsDose: WARNING No dose for graph A1000_2F
ls6500.plotSampleVsDose: WARNING No dose for graph A1000_3R
ls6500.plotSampleVsDose: WARNING No dose for graph A0052_4R
ls6500.plotSampleVsDose: WARNING No dose for graph A0052_REF
ls6500.plotSampleVsDose: WARNING No dose for graph A0052_2R
ls6500.plotSampleVsDose: WARNING No dose for graph A0052_3R
ls6500.plotSampleVsDose: WARNING No dose for graph A0052_1F
ls6500.plotSampleVsDose: WARNING No dose for graph A0052_3F
ls6500.plotSampleVsDose: WARNING No dose for graph A0052_2F
ls6500.plotSampleVsDose: WARNING No dose for graph A0052_1R
ls6500.plotSampleVsDose: WARNING No dose for graph A0052_4F
ls6500.Analyze: Wrote hists to Histograms/mergensrl.root
