ls6500: Output directed to terminal and Log/mergegamma_201411061555_479318.log
initialize ls6500 mergegamma . Merging /Users/djaffe/work/GIT/LINDSEY/TechMaturation2014/LS6500/Gamma_Pre-irradiation141017/, /Users/djaffe/work/GIT/LINDSEY/TechMaturation2014/LS6500/Gamma_1Gy_141020/, /Users/djaffe/work/GIT/LINDSEY/TechMaturation2014/LS6500/Gamma_All_141021/, /Users/djaffe/work/GIT/LINDSEY/TechMaturation2014/LS6500/Gamma_All_141022/
ls6500.Main: pickMode merge
ls6500.putOrGet: unpickling...be patient. file Pickles/Gamma_Pre-irradiation141017.pickle
ls6500.fillSampleMsmts: initial,final sampleMsmts length 0 , 40
ls6500.fillSampleMsmts: Samples in fillSampleMsmts 0050_0_1 0050_0_2 0050_100_1 0050_100_2 0050_400_1 0050_400_2 0052_0_1 0052_0_2 0052_100_1 0052_100_2 0052_400_1 0052_400_2 0100_0_1 0100_0_2 0100_1000_1 0100_1000_2 0100_100_1 0100_100_2 0100_10_1 0100_10_2 0100_1_1 0100_1_2 0100_400_1 0100_400_2 0102_0_1 0102_0_2 0102_1000_1 0102_1000_2 0102_100_1 0102_100_2 0102_10_1 0102_10_2 0102_1_1 0102_1_2 0102_400_1 0102_400_2 EMPTY_S1_Position01 EMPTY_S2_Position02 EMPTY_S3_Position03 EMPTY_S4_Position04 
ls6500.putOrGet: pickled data read from Pickles/Gamma_Pre-irradiation141017.pickle
ls6500.putOrGet: unpickling...be patient. file Pickles/Gamma_1Gy_141020.pickle
ls6500.fillSampleMsmts: initial,final sampleMsmts length 40 , 40
ls6500.fillSampleMsmts: Samples in fillSampleMsmts 0050_0_1 0050_0_2 0050_100_1 0050_100_2 0050_400_1 0050_400_2 0052_0_1 0052_0_2 0052_100_1 0052_100_2 0052_400_1 0052_400_2 0100_0_1 0100_0_2 0100_1000_1 0100_1000_2 0100_100_1 0100_100_2 0100_10_1 0100_10_2 0100_1_1 0100_1_2 0100_400_1 0100_400_2 0102_0_1 0102_0_2 0102_1000_1 0102_1000_2 0102_100_1 0102_100_2 0102_10_1 0102_10_2 0102_1_1 0102_1_2 0102_400_1 0102_400_2 EMPTY_S1_Position01 EMPTY_S2_Position02 EMPTY_S3_Position03 EMPTY_S4_Position04 
ls6500.putOrGet: pickled data read from Pickles/Gamma_1Gy_141020.pickle
ls6500.putOrGet: unpickling...be patient. file Pickles/Gamma_All_141021.pickle
ls6500.fillSampleMsmts: initial,final sampleMsmts length 40 , 67
ls6500.fillSampleMsmts: Samples in fillSampleMsmts 0050_0_1 0050_0_2 0050_100_1 0050_100_2 0050_400_1 0050_400_2 0052_0_1 0052_0_2 0052_100_1 0052_100_2 0052_400_1 0052_400_2 0100_0_1 0100_0_2 0100_1000_1 0100_1000_2 0100_100_1 0100_100_2 0100_10_1 0100_10_2 0100_1_1 0100_1_2 0100_400_1 0100_400_2 0102_0_1 0102_0_2 0102_1000_1 0102_1000_2 0102_100_1 0102_100_2 0102_10_1 0102_10_2 0102_1_1 0102_1_2 0102_400_1 0102_400_2 10%_WbLS_Vit._C 15%_WbLS_Vit._C 5%_WbLS_Vit._C EMPTY_S1_Position01 EMPTY_S2_Position02 EMPTY_S3_Position03 EMPTY_S4_Position04 EMPTY_S5_Position05 EMPTY_S6_Position06 EMPTY_S7_Position07 GLASS_0_1 GLASS_0_2 GLASS_1000_1 GLASS_1000_2 GLASS_100_1 GLASS_100_2 GLASS_400_1 GLASS_400_2 LS_10/20/14 LS_Vit._C PP_0_1 PP_0_2 PP_1000_1 PP_1000_2 PP_100_1 PP_100_2 PP_400_1 PP_400_2 WbLS-10_10/20/14 WbLS-15_10/20/14 WbLS-5_10/20/14 
ls6500.putOrGet: pickled data read from Pickles/Gamma_All_141021.pickle
ls6500.putOrGet: unpickling...be patient. file Pickles/Gamma_All_141022.pickle
ls6500.fillSampleMsmts: initial,final sampleMsmts length 67 , 68
ls6500.fillSampleMsmts: Samples in fillSampleMsmts 0050_0_1 0050_0_2 0050_100_1 0050_100_2 0050_400_1 0050_400_2 0052_0_1 0052_0_2 0052_100_1 0052_100_2 0052_400_1 0052_400_2 0100_0_1 0100_0_2 0100_1000_1 0100_1000_2 0100_100_1 0100_100_2 0100_10_1 0100_10_2 0100_1_1 0100_1_2 0100_400_1 0100_400_2 0102_0_1 0102_0_2 0102_1000_1 0102_1000_2 0102_100_1 0102_100_2 0102_10_1 0102_10_2 0102_1_1 0102_1_2 0102_400_1 0102_400_2 10%_WbLS_Vit._C 15%_WbLS_Vit._C 5%_WbLS_Vit._C EMPTY_S1_Position01 EMPTY_S2_Position02 EMPTY_S3_Position03 EMPTY_S4_Position04 EMPTY_S5_Position05 EMPTY_S6_Position06 EMPTY_S7_Position07 GLASS_0_1 GLASS_0_2 GLASS_1000_1 GLASS_1000_2 GLASS_100_1 GLASS_100_2 GLASS_400_1 GLASS_400_2 HDPE_0_1 LS_10/20/14 LS_Vit._C PP_0_1 PP_0_2 PP_1000_1 PP_1000_2 PP_100_1 PP_100_2 PP_400_1 PP_400_2 WbLS-10_10/20/14 WbLS-15_10/20/14 WbLS-5_10/20/14 
ls6500.putOrGet: pickled data read from Pickles/Gamma_All_141022.pickle
ls6500.defineMatchingSamples 
Name : Samples
0050_0 : 0050_0_1,0050_0_2
0050_100 : 0050_100_1,0050_100_2
0050_400 : 0050_400_1,0050_400_2
0052_0 : 0052_0_1,0052_0_2
0052_100 : 0052_100_1,0052_100_2
0052_400 : 0052_400_1,0052_400_2
0100_0 : 0100_0_1,0100_0_2
0100_1 : 0100_1_1,0100_1_2
0100_10 : 0100_10_1,0100_10_2
0100_100 : 0100_100_1,0100_100_2
0100_1000 : 0100_1000_1,0100_1000_2
0100_400 : 0100_400_1,0100_400_2
0102_0 : 0102_0_1,0102_0_2
0102_1 : 0102_1_1,0102_1_2
0102_10 : 0102_10_1,0102_10_2
0102_100 : 0102_100_1,0102_100_2
0102_1000 : 0102_1000_1,0102_1000_2
0102_400 : 0102_400_1,0102_400_2
GLASS_0 : GLASS_0_1,GLASS_0_2
GLASS_100 : GLASS_100_1,GLASS_100_2
GLASS_1000 : GLASS_1000_1,GLASS_1000_2
GLASS_400 : GLASS_400_1,GLASS_400_2
PP_0 : PP_0_1,PP_0_2
PP_100 : PP_100_1,PP_100_2
PP_1000 : PP_1000_1,PP_1000_2
PP_400 : PP_400_1,PP_400_2
ls6500.Analyze
ls6500.kindsOfSamples: sample EMPTY kind EMPT
ls6500.kindsOfSamples: sample 0050_0_1 kind 0050
ls6500.kindsOfSamples: sample 0052_0_1 kind 0052
ls6500.kindsOfSamples: sample 0100_0_1 kind 0100
ls6500.kindsOfSamples: sample 0102_0_1 kind 0102
ls6500.kindsOfSamples: sample GLASS_0_1 kind GLASS
ls6500.kindsOfSamples: sample PP_0_1 kind PP
ls6500.kindsOfSamples: sample LS_Vit._C kind LS
ls6500.kindsOfSamples: sample 15%_WbLS_Vit._C kind 15%
ls6500.kindsOfSamples: sample 10%_WbLS_Vit._C kind 10%
ls6500.kindsOfSamples: sample 5%_WbLS_Vit._C kind 5%
ls6500.kindsOfSamples: sample WbLS-15_10/20/14 kind WbLS-15
ls6500.kindsOfSamples: sample WbLS-10_10/20/14 kind WbLS-10
ls6500.kindsOfSamples: sample WbLS-5_10/20/14 kind WbLS-5
ls6500.kindsOfSamples: sample HDPE_0_1 kind HDPE
ls.Analyze: kinds ['EMPT', '0050', '0052', '0100', '0102', 'GLASS', 'PP', 'LS', '15%', '10%', '5%', 'WbLS-15', 'WbLS-10', 'WbLS-5', 'HDPE']
MultiGraphs make map for kind EMPT p1  p2 g
MultiGraphs make map for kind EMPT p1 n p2 n
MultiGraphs make map for kind EMPT p1 c p2 c
MultiGraphs make map for kind EMPT p1 a p2 a
MultiGraphs make map for kind EMPT p1 Q p2 Q
MultiGraphs make map for kind 0050 p1  p2 g
MultiGraphs make map for kind 0050 p1 n p2 n
MultiGraphs make map for kind 0050 p1 c p2 c
MultiGraphs make map for kind 0050 p1 a p2 a
MultiGraphs make map for kind 0050 p1 Q p2 Q
MultiGraphs make map for kind 0052 p1  p2 g
MultiGraphs make map for kind 0052 p1 n p2 n
MultiGraphs make map for kind 0052 p1 c p2 c
MultiGraphs make map for kind 0052 p1 a p2 a
MultiGraphs make map for kind 0052 p1 Q p2 Q
MultiGraphs make map for kind 0100 p1  p2 g
MultiGraphs make map for kind 0100 p1 n p2 n
MultiGraphs make map for kind 0100 p1 c p2 c
MultiGraphs make map for kind 0100 p1 a p2 a
MultiGraphs make map for kind 0100 p1 Q p2 Q
MultiGraphs make map for kind 0102 p1  p2 g
MultiGraphs make map for kind 0102 p1 n p2 n
MultiGraphs make map for kind 0102 p1 c p2 c
MultiGraphs make map for kind 0102 p1 a p2 a
MultiGraphs make map for kind 0102 p1 Q p2 Q
MultiGraphs make map for kind GLASS p1  p2 g
MultiGraphs make map for kind GLASS p1 n p2 n
MultiGraphs make map for kind GLASS p1 c p2 c
MultiGraphs make map for kind GLASS p1 a p2 a
MultiGraphs make map for kind GLASS p1 Q p2 Q
MultiGraphs make map for kind PP p1  p2 g
MultiGraphs make map for kind PP p1 n p2 n
MultiGraphs make map for kind PP p1 c p2 c
MultiGraphs make map for kind PP p1 a p2 a
MultiGraphs make map for kind PP p1 Q p2 Q
MultiGraphs make map for kind LS p1  p2 g
MultiGraphs make map for kind LS p1 n p2 n
MultiGraphs make map for kind LS p1 c p2 c
MultiGraphs make map for kind LS p1 a p2 a
MultiGraphs make map for kind LS p1 Q p2 Q
MultiGraphs make map for kind 15% p1  p2 g
MultiGraphs make map for kind 15% p1 n p2 n
MultiGraphs make map for kind 15% p1 c p2 c
MultiGraphs make map for kind 15% p1 a p2 a
MultiGraphs make map for kind 15% p1 Q p2 Q
MultiGraphs make map for kind 10% p1  p2 g
MultiGraphs make map for kind 10% p1 n p2 n
MultiGraphs make map for kind 10% p1 c p2 c
MultiGraphs make map for kind 10% p1 a p2 a
MultiGraphs make map for kind 10% p1 Q p2 Q
MultiGraphs make map for kind 5% p1  p2 g
MultiGraphs make map for kind 5% p1 n p2 n
MultiGraphs make map for kind 5% p1 c p2 c
MultiGraphs make map for kind 5% p1 a p2 a
MultiGraphs make map for kind 5% p1 Q p2 Q
MultiGraphs make map for kind WbLS-15 p1  p2 g
MultiGraphs make map for kind WbLS-15 p1 n p2 n
MultiGraphs make map for kind WbLS-15 p1 c p2 c
MultiGraphs make map for kind WbLS-15 p1 a p2 a
MultiGraphs make map for kind WbLS-15 p1 Q p2 Q
MultiGraphs make map for kind WbLS-10 p1  p2 g
MultiGraphs make map for kind WbLS-10 p1 n p2 n
MultiGraphs make map for kind WbLS-10 p1 c p2 c
MultiGraphs make map for kind WbLS-10 p1 a p2 a
MultiGraphs make map for kind WbLS-10 p1 Q p2 Q
MultiGraphs make map for kind WbLS-5 p1  p2 g
MultiGraphs make map for kind WbLS-5 p1 n p2 n
MultiGraphs make map for kind WbLS-5 p1 c p2 c
MultiGraphs make map for kind WbLS-5 p1 a p2 a
MultiGraphs make map for kind WbLS-5 p1 Q p2 Q
MultiGraphs make map for kind HDPE p1  p2 g
MultiGraphs make map for kind HDPE p1 n p2 n
MultiGraphs make map for kind HDPE p1 c p2 c
MultiGraphs make map for kind HDPE p1 a p2 a
MultiGraphs make map for kind HDPE p1 Q p2 Q
histogramming samples 0100_1_1 Add graph c0100_1_1 to MultiGraphs. kind= c0100
0100_1_2 Add graph c0100_1_2 to MultiGraphs. kind= c0100
15%_WbLS_Vit._C Add graph c15%_WbLS_Vit._C to MultiGraphs. kind= c15%
0100_1000_2 Add graph c0100_1000_2 to MultiGraphs. kind= c0100
EMPTY_S6_Position06
