ls6500: Output directed to terminal and Log/mergensrl_201411060950_598772.log
initialize ls6500 mergensrl . Merging /Users/djaffe/work/GIT/LINDSEY/TechMaturation2014/LS6500/Pre-irrad_1_141014/, /Users/djaffe/work/GIT/LINDSEY/TechMaturation2014/LS6500/Pre-irrad_2_141024/, /Users/djaffe/work/GIT/LINDSEY/TechMaturation2014/LS6500/Pre-irrad_3_141029/, /Users/djaffe/work/GIT/LINDSEY/TechMaturation2014/LS6500/Pre-irrad_4_141031/, /Users/djaffe/work/GIT/LINDSEY/TechMaturation2014/LS6500/Pre-irrad_5_141031/
ls6500.Main: pickMode merge
ls6500.putOrGet: unpickling...be patient. file Pickles/Pre-irrad_1_141014.pickle
ls6500.fillSampleMsmts: initial,final sampleMsmts length 0 , 192
ls6500.fillSampleMsmts: Samples in fillSampleMsmts 0050_1F11 0050_1F13 0050_1F16 0050_1R11 0050_1R13 0050_1R16 0050_2F11 0050_2F13 0050_2F16 0050_2R11 0050_2R13 0050_2R16 0050_3F11 0050_3F13 0050_3F16 0050_3R11 0050_3R13 0050_3R16 0050_4F11 0050_4F13 0050_4F16 0050_4R11 0050_4R13 0050_4R16 0050_FPMT 0050_REF1 0050_REF2 0050_RPMT 0052_1F12 0052_1F14 0052_1F17 0052_1R12 0052_1R14 0052_1R17 0052_2F12 0052_2F14 0052_2F17 0052_2R12 0052_2R14 0052_2R17 0052_3F12 0052_3F14 0052_3F17 0052_3R12 0052_3R14 0052_3R17 0052_4F12 0052_4F14 0052_4F17 0052_4R12 0052_4R14 0052_4R17 0052_REF1 0052_REF2 0100_1F15 0100_1F22 0100_1F27 0100_1R15 0100_1R22 0100_1R27 0100_2F15 0100_2F22 0100_2F27 0100_2R15 0100_2R22 0100_2R27 0100_3F15 0100_3F22 0100_3F27 0100_3R15 0100_3R22 0100_3R27 0100_4F15 0100_4F22 0100_4F27 0100_4R15 0100_4R22 0100_4R27 0100_REF1 0100_REF2 0102_1F21 0102_1F25 0102_1R21 0102_1R25 0102_2F21 0102_2F25 0102_2R21 0102_2R25 0102_3F21 0102_3F25 0102_3R21 0102_3R25 0102_4F21 0102_4F25 0102_4R21 0102_4R25 0102_REF1 0102_REF2 0140_1F23 0140_1F31 0140_1R23 0140_1R31 0140_2F23 0140_2F31 0140_2R23 0140_2R31 0140_3F23 0140_3F31 0140_3R23 0140_3R31 0140_4F23 0140_4F31 0140_4R23 0140_4R31 0140_REF1 0142_1F26 0142_1F33 0142_1R26 0142_1R33 0142_2F26 0142_2F33 0142_2R26 0142_2R33 0142_3F26 0142_3F33 0142_3R26 0142_3R33 0142_4F26 0142_4F33 0142_4R26 0142_4R33 0142_REF1 1000_1F34 1000_1F36 1000_1F37 1000_1R34 1000_1R36 1000_1R37 1000_2F34 1000_2F36 1000_2F37 1000_2R34 1000_2R36 1000_2R37 1000_3F34 1000_3F36 1000_3F37 1000_3R34 1000_3R36 1000_3R37 1000_4F34 1000_4F36 1000_4F37 1000_4R34 1000_4R36 1000_4R37 1000_REF1 1002_1F32 1002_1F35 1002_1R32 1002_1R35 1002_2F32 1002_2F35 1002_2R32 1002_2R35 1002_3F32 1002_3F35 1002_3R32 1002_3R35 1002_4F32 1002_4F35 1002_4R32 1002_4R35 1002_REF1 EMPTY_S10_Position10 EMPTY_S11_Position11 EMPTY_S12_Position12 EMPTY_S13_Position01 EMPTY_S13_Position03 EMPTY_S14_Position01 EMPTY_S14_Position04 EMPTY_S15_Position01 EMPTY_S15_Position05 EMPTY_S1_Position01 EMPTY_S2_Position02 EMPTY_S3_Position03 EMPTY_S4_Position04 EMPTY_S5_Position05 EMPTY_S6_Position06 EMPTY_S7_Position07 EMPTY_S8_Position08 EMPTY_S9_Position09 
ls6500.putOrGet: pickled data read from Pickles/Pre-irrad_1_141014.pickle
ls6500.putOrGet: unpickling...be patient. file Pickles/Pre-irrad_2_141024.pickle
ls6500.fillSampleMsmts: initial,final sampleMsmts length 192 , 194
ls6500.fillSampleMsmts: Samples in fillSampleMsmts 0050_1F11 0050_1F13 0050_1F16 0050_1R11 0050_1R13 0050_1R16 0050_2F11 0050_2F13 0050_2F16 0050_2R11 0050_2R13 0050_2R16 0050_3F11 0050_3F13 0050_3F16 0050_3R11 0050_3R13 0050_3R16 0050_4F11 0050_4F13 0050_4F16 0050_4R11 0050_4R13 0050_4R16 0050_FPMT 0050_REF1 0050_REF2 0050_RPMT 0052_1F12 0052_1F14 0052_1F17 0052_1R12 0052_1R14 0052_1R17 0052_2F12 0052_2F14 0052_2F17 0052_2R12 0052_2R14 0052_2R17 0052_3F12 0052_3F14 0052_3F17 0052_3R12 0052_3R14 0052_3R17 0052_4F12 0052_4F14 0052_4F17 0052_4R12 0052_4R14 0052_4R17 0052_REF1 0052_REF2 0100_1F15 0100_1F22 0100_1F27 0100_1R15 0100_1R22 0100_1R27 0100_2F15 0100_2F22 0100_2F27 0100_2R15 0100_2R22 0100_2R27 0100_3F15 0100_3F22 0100_3F27 0100_3R15 0100_3R22 0100_3R27 0100_4F15 0100_4F22 0100_4F27 0100_4R15 0100_4R22 0100_4R27 0100_REF1 0100_REF2 0102_1F21 0102_1F25 0102_1R21 0102_1R25 0102_2F21 0102_2F25 0102_2R21 0102_2R25 0102_3F21 0102_3F25 0102_3R21 0102_3R25 0102_4F21 0102_4F25 0102_4R21 0102_4R25 0102_REF1 0102_REF2 0140_1F23 0140_1F31 0140_1R23 0140_1R31 0140_2F23 0140_2F31 0140_2R23 0140_2R31 0140_3F23 0140_3F31 0140_3R23 0140_3R31 0140_4F23 0140_4F31 0140_4R23 0140_4R31 0140_REF1 0142_1F26 0142_1F33 0142_1R26 0142_1R33 0142_2F26 0142_2F33 0142_2R26 0142_2R33 0142_3F26 0142_3F33 0142_3R26 0142_3R33 0142_4F26 0142_4F33 0142_4R26 0142_4R33 0142_REF1 1000_1F34 1000_1F36 1000_1F37 1000_1R34 1000_1R36 1000_1R37 1000_2F34 1000_2F36 1000_2F37 1000_2R34 1000_2R36 1000_2R37 1000_3F34 1000_3F36 1000_3F37 1000_3R34 1000_3R36 1000_3R37 1000_4F34 1000_4F36 1000_4F37 1000_4R34 1000_4R36 1000_4R37 1000_REF1 1002_1F32 1002_1F35 1002_1R32 1002_1R35 1002_2F32 1002_2F35 1002_2R32 1002_2R35 1002_3F32 1002_3F35 1002_3R32 1002_3R35 1002_4F32 1002_4F35 1002_4R32 1002_4R35 1002_REF1 EMPTY_S10_Position10 EMPTY_S11_Position11 EMPTY_S12_Position12 EMPTY_S13_Position01 EMPTY_S13_Position03 EMPTY_S14_Position01 EMPTY_S14_Position04 EMPTY_S15_Position01 EMPTY_S15_Position05 EMPTY_S1_Position01 EMPTY_S2_Position02 EMPTY_S3_Position03 EMPTY_S4_Position04 EMPTY_S5_Position05 EMPTY_S6_Position06 EMPTY_S7_Position07 EMPTY_S8_Position08 EMPTY_S9_Position09 STD_14_C STD_3_H 
ls6500.putOrGet: pickled data read from Pickles/Pre-irrad_2_141024.pickle
ls6500.putOrGet: unpickling...be patient. file Pickles/Pre-irrad_3_141029.pickle
ls6500.fillSampleMsmts: initial,final sampleMsmts length 194 , 194
ls6500.fillSampleMsmts: Samples in fillSampleMsmts 0050_1F11 0050_1F13 0050_1F16 0050_1R11 0050_1R13 0050_1R16 0050_2F11 0050_2F13 0050_2F16 0050_2R11 0050_2R13 0050_2R16 0050_3F11 0050_3F13 0050_3F16 0050_3R11 0050_3R13 0050_3R16 0050_4F11 0050_4F13 0050_4F16 0050_4R11 0050_4R13 0050_4R16 0050_FPMT 0050_REF1 0050_REF2 0050_RPMT 0052_1F12 0052_1F14 0052_1F17 0052_1R12 0052_1R14 0052_1R17 0052_2F12 0052_2F14 0052_2F17 0052_2R12 0052_2R14 0052_2R17 0052_3F12 0052_3F14 0052_3F17 0052_3R12 0052_3R14 0052_3R17 0052_4F12 0052_4F14 0052_4F17 0052_4R12 0052_4R14 0052_4R17 0052_REF1 0052_REF2 0100_1F15 0100_1F22 0100_1F27 0100_1R15 0100_1R22 0100_1R27 0100_2F15 0100_2F22 0100_2F27 0100_2R15 0100_2R22 0100_2R27 0100_3F15 0100_3F22 0100_3F27 0100_3R15 0100_3R22 0100_3R27 0100_4F15 0100_4F22 0100_4F27 0100_4R15 0100_4R22 0100_4R27 0100_REF1 0100_REF2 0102_1F21 0102_1F25 0102_1R21 0102_1R25 0102_2F21 0102_2F25 0102_2R21 0102_2R25 0102_3F21 0102_3F25 0102_3R21 0102_3R25 0102_4F21 0102_4F25 0102_4R21 0102_4R25 0102_REF1 0102_REF2 0140_1F23 0140_1F31 0140_1R23 0140_1R31 0140_2F23 0140_2F31 0140_2R23 0140_2R31 0140_3F23 0140_3F31 0140_3R23 0140_3R31 0140_4F23 0140_4F31 0140_4R23 0140_4R31 0140_REF1 0142_1F26 0142_1F33 0142_1R26 0142_1R33 0142_2F26 0142_2F33 0142_2R26 0142_2R33 0142_3F26 0142_3F33 0142_3R26 0142_3R33 0142_4F26 0142_4F33 0142_4R26 0142_4R33 0142_REF1 1000_1F34 1000_1F36 1000_1F37 1000_1R34 1000_1R36 1000_1R37 1000_2F34 1000_2F36 1000_2F37 1000_2R34 1000_2R36 1000_2R37 1000_3F34 1000_3F36 1000_3F37 1000_3R34 1000_3R36 1000_3R37 1000_4F34 1000_4F36 1000_4F37 1000_4R34 1000_4R36 1000_4R37 1000_REF1 1002_1F32 1002_1F35 1002_1R32 1002_1R35 1002_2F32 1002_2F35 1002_2R32 1002_2R35 1002_3F32 1002_3F35 1002_3R32 1002_3R35 1002_4F32 1002_4F35 1002_4R32 1002_4R35 1002_REF1 EMPTY_S10_Position10 EMPTY_S11_Position11 EMPTY_S12_Position12 EMPTY_S13_Position01 EMPTY_S13_Position03 EMPTY_S14_Position01 EMPTY_S14_Position04 EMPTY_S15_Position01 EMPTY_S15_Position05 EMPTY_S1_Position01 EMPTY_S2_Position02 EMPTY_S3_Position03 EMPTY_S4_Position04 EMPTY_S5_Position05 EMPTY_S6_Position06 EMPTY_S7_Position07 EMPTY_S8_Position08 EMPTY_S9_Position09 STD_14_C STD_3_H 
ls6500.putOrGet: pickled data read from Pickles/Pre-irrad_3_141029.pickle
ls6500.putOrGet: unpickling...be patient. file Pickles/Pre-irrad_4_141031.pickle
ls6500.fillSampleMsmts: initial,final sampleMsmts length 194 , 194
ls6500.fillSampleMsmts: Samples in fillSampleMsmts 0050_1F11 0050_1F13 0050_1F16 0050_1R11 0050_1R13 0050_1R16 0050_2F11 0050_2F13 0050_2F16 0050_2R11 0050_2R13 0050_2R16 0050_3F11 0050_3F13 0050_3F16 0050_3R11 0050_3R13 0050_3R16 0050_4F11 0050_4F13 0050_4F16 0050_4R11 0050_4R13 0050_4R16 0050_FPMT 0050_REF1 0050_REF2 0050_RPMT 0052_1F12 0052_1F14 0052_1F17 0052_1R12 0052_1R14 0052_1R17 0052_2F12 0052_2F14 0052_2F17 0052_2R12 0052_2R14 0052_2R17 0052_3F12 0052_3F14 0052_3F17 0052_3R12 0052_3R14 0052_3R17 0052_4F12 0052_4F14 0052_4F17 0052_4R12 0052_4R14 0052_4R17 0052_REF1 0052_REF2 0100_1F15 0100_1F22 0100_1F27 0100_1R15 0100_1R22 0100_1R27 0100_2F15 0100_2F22 0100_2F27 0100_2R15 0100_2R22 0100_2R27 0100_3F15 0100_3F22 0100_3F27 0100_3R15 0100_3R22 0100_3R27 0100_4F15 0100_4F22 0100_4F27 0100_4R15 0100_4R22 0100_4R27 0100_REF1 0100_REF2 0102_1F21 0102_1F25 0102_1R21 0102_1R25 0102_2F21 0102_2F25 0102_2R21 0102_2R25 0102_3F21 0102_3F25 0102_3R21 0102_3R25 0102_4F21 0102_4F25 0102_4R21 0102_4R25 0102_REF1 0102_REF2 0140_1F23 0140_1F31 0140_1R23 0140_1R31 0140_2F23 0140_2F31 0140_2R23 0140_2R31 0140_3F23 0140_3F31 0140_3R23 0140_3R31 0140_4F23 0140_4F31 0140_4R23 0140_4R31 0140_REF1 0142_1F26 0142_1F33 0142_1R26 0142_1R33 0142_2F26 0142_2F33 0142_2R26 0142_2R33 0142_3F26 0142_3F33 0142_3R26 0142_3R33 0142_4F26 0142_4F33 0142_4R26 0142_4R33 0142_REF1 1000_1F34 1000_1F36 1000_1F37 1000_1R34 1000_1R36 1000_1R37 1000_2F34 1000_2F36 1000_2F37 1000_2R34 1000_2R36 1000_2R37 1000_3F34 1000_3F36 1000_3F37 1000_3R34 1000_3R36 1000_3R37 1000_4F34 1000_4F36 1000_4F37 1000_4R34 1000_4R36 1000_4R37 1000_REF1 1002_1F32 1002_1F35 1002_1R32 1002_1R35 1002_2F32 1002_2F35 1002_2R32 1002_2R35 1002_3F32 1002_3F35 1002_3R32 1002_3R35 1002_4F32 1002_4F35 1002_4R32 1002_4R35 1002_REF1 EMPTY_S10_Position10 EMPTY_S11_Position11 EMPTY_S12_Position12 EMPTY_S13_Position01 EMPTY_S13_Position03 EMPTY_S14_Position01 EMPTY_S14_Position04 EMPTY_S15_Position01 EMPTY_S15_Position05 EMPTY_S1_Position01 EMPTY_S2_Position02 EMPTY_S3_Position03 EMPTY_S4_Position04 EMPTY_S5_Position05 EMPTY_S6_Position06 EMPTY_S7_Position07 EMPTY_S8_Position08 EMPTY_S9_Position09 STD_14_C STD_3_H 
ls6500.putOrGet: pickled data read from Pickles/Pre-irrad_4_141031.pickle
ls6500.putOrGet: unpickling...be patient. file Pickles/Pre-irrad_5_141031.pickle
ls6500.fillSampleMsmts: initial,final sampleMsmts length 194 , 194
ls6500.fillSampleMsmts: Samples in fillSampleMsmts 0050_1F11 0050_1F13 0050_1F16 0050_1R11 0050_1R13 0050_1R16 0050_2F11 0050_2F13 0050_2F16 0050_2R11 0050_2R13 0050_2R16 0050_3F11 0050_3F13 0050_3F16 0050_3R11 0050_3R13 0050_3R16 0050_4F11 0050_4F13 0050_4F16 0050_4R11 0050_4R13 0050_4R16 0050_FPMT 0050_REF1 0050_REF2 0050_RPMT 0052_1F12 0052_1F14 0052_1F17 0052_1R12 0052_1R14 0052_1R17 0052_2F12 0052_2F14 0052_2F17 0052_2R12 0052_2R14 0052_2R17 0052_3F12 0052_3F14 0052_3F17 0052_3R12 0052_3R14 0052_3R17 0052_4F12 0052_4F14 0052_4F17 0052_4R12 0052_4R14 0052_4R17 0052_REF1 0052_REF2 0100_1F15 0100_1F22 0100_1F27 0100_1R15 0100_1R22 0100_1R27 0100_2F15 0100_2F22 0100_2F27 0100_2R15 0100_2R22 0100_2R27 0100_3F15 0100_3F22 0100_3F27 0100_3R15 0100_3R22 0100_3R27 0100_4F15 0100_4F22 0100_4F27 0100_4R15 0100_4R22 0100_4R27 0100_REF1 0100_REF2 0102_1F21 0102_1F25 0102_1R21 0102_1R25 0102_2F21 0102_2F25 0102_2R21 0102_2R25 0102_3F21 0102_3F25 0102_3R21 0102_3R25 0102_4F21 0102_4F25 0102_4R21 0102_4R25 0102_REF1 0102_REF2 0140_1F23 0140_1F31 0140_1R23 0140_1R31 0140_2F23 0140_2F31 0140_2R23 0140_2R31 0140_3F23 0140_3F31 0140_3R23 0140_3R31 0140_4F23 0140_4F31 0140_4R23 0140_4R31 0140_REF1 0142_1F26 0142_1F33 0142_1R26 0142_1R33 0142_2F26 0142_2F33 0142_2R26 0142_2R33 0142_3F26 0142_3F33 0142_3R26 0142_3R33 0142_4F26 0142_4F33 0142_4R26 0142_4R33 0142_REF1 1000_1F34 1000_1F36 1000_1F37 1000_1R34 1000_1R36 1000_1R37 1000_2F34 1000_2F36 1000_2F37 1000_2R34 1000_2R36 1000_2R37 1000_3F34 1000_3F36 1000_3F37 1000_3R34 1000_3R36 1000_3R37 1000_4F34 1000_4F36 1000_4F37 1000_4R34 1000_4R36 1000_4R37 1000_REF1 1002_1F32 1002_1F35 1002_1R32 1002_1R35 1002_2F32 1002_2F35 1002_2R32 1002_2R35 1002_3F32 1002_3F35 1002_3R32 1002_3R35 1002_4F32 1002_4F35 1002_4R32 1002_4R35 1002_REF1 EMPTY_S10_Position10 EMPTY_S11_Position11 EMPTY_S12_Position12 EMPTY_S13_Position01 EMPTY_S13_Position03 EMPTY_S14_Position01 EMPTY_S14_Position04 EMPTY_S15_Position01 EMPTY_S15_Position05 EMPTY_S1_Position01 EMPTY_S2_Position02 EMPTY_S3_Position03 EMPTY_S4_Position04 EMPTY_S5_Position05 EMPTY_S6_Position06 EMPTY_S7_Position07 EMPTY_S8_Position08 EMPTY_S9_Position09 STD_14_C STD_3_H 
ls6500.putOrGet: pickled data read from Pickles/Pre-irrad_5_141031.pickle
ls6500.defineMatchingSamples 
Name : Samples
0050_1F : 0050_1F11,0050_1F13,0050_1F16
0050_1R : 0050_1R11,0050_1R13,0050_1R16
0050_2F : 0050_2F11,0050_2F13,0050_2F16
0050_2R : 0050_2R11,0050_2R13,0050_2R16
0050_3F : 0050_3F11,0050_3F13,0050_3F16
0050_3R : 0050_3R11,0050_3R13,0050_3R16
0050_4F : 0050_4F11,0050_4F13,0050_4F16
0050_4R : 0050_4R11,0050_4R13,0050_4R16
0050_REF : 0050_REF1,0050_REF2
0052_1F : 0052_1F12,0052_1F14,0052_1F17
0052_1R : 0052_1R12,0052_1R14,0052_1R17
0052_2F : 0052_2F12,0052_2F14,0052_2F17
0052_2R : 0052_2R12,0052_2R14,0052_2R17
0052_3F : 0052_3F12,0052_3F14,0052_3F17
0052_3R : 0052_3R12,0052_3R14,0052_3R17
0052_4F : 0052_4F12,0052_4F14,0052_4F17
0052_4R : 0052_4R12,0052_4R14,0052_4R17
0052_REF : 0052_REF1,0052_REF2
0100_1F : 0100_1F15,0100_1F22,0100_1F27
0100_1R : 0100_1R15,0100_1R22,0100_1R27
0100_2F : 0100_2F15,0100_2F22,0100_2F27
0100_2R : 0100_2R15,0100_2R22,0100_2R27
0100_3F : 0100_3F15,0100_3F22,0100_3F27
0100_3R : 0100_3R15,0100_3R22,0100_3R27
0100_4F : 0100_4F15,0100_4F22,0100_4F27
0100_4R : 0100_4R15,0100_4R22,0100_4R27
0100_REF : 0100_REF1,0100_REF2
0102_1F : 0102_1F21,0102_1F25
0102_1R : 0102_1R21,0102_1R25
0102_2F : 0102_2F21,0102_2F25
0102_2R : 0102_2R21,0102_2R25
0102_3F : 0102_3F21,0102_3F25
0102_3R : 0102_3R21,0102_3R25
0102_4F : 0102_4F21,0102_4F25
0102_4R : 0102_4R21,0102_4R25
0102_REF : 0102_REF1,0102_REF2
0140_1F : 0140_1F23,0140_1F31
0140_1R : 0140_1R23,0140_1R31
0140_2F : 0140_2F23,0140_2F31
0140_2R : 0140_2R23,0140_2R31
0140_3F : 0140_3F23,0140_3F31
0140_3R : 0140_3R23,0140_3R31
0140_4F : 0140_4F23,0140_4F31
0140_4R : 0140_4R23,0140_4R31
0142_1F : 0142_1F26,0142_1F33
0142_1R : 0142_1R26,0142_1R33
0142_2F : 0142_2F26,0142_2F33
0142_2R : 0142_2R26,0142_2R33
0142_3F : 0142_3F26,0142_3F33
0142_3R : 0142_3R26,0142_3R33
0142_4F : 0142_4F26,0142_4F33
0142_4R : 0142_4R26,0142_4R33
1000_1F : 1000_1F34,1000_1F36,1000_1F37
1000_1R : 1000_1R34,1000_1R36,1000_1R37
1000_2F : 1000_2F34,1000_2F36,1000_2F37
1000_2R : 1000_2R34,1000_2R36,1000_2R37
1000_3F : 1000_3F34,1000_3F36,1000_3F37
1000_3R : 1000_3R34,1000_3R36,1000_3R37
1000_4F : 1000_4F34,1000_4F36,1000_4F37
1000_4R : 1000_4R34,1000_4R36,1000_4R37
1002_1F : 1002_1F32,1002_1F35
1002_1R : 1002_1R32,1002_1R35
1002_2F : 1002_2F32,1002_2F35
1002_2R : 1002_2R32,1002_2R35
1002_3F : 1002_3F32,1002_3F35
1002_3R : 1002_3R32,1002_3R35
1002_4F : 1002_4F32,1002_4F35
1002_4R : 1002_4R32,1002_4R35
EMPTY : EMPTY_S10_Position10,EMPTY_S11_Position11,EMPTY_S12_Position12,EMPTY_S13_Position01,EMPTY_S13_Position03,EMPTY_S14_Position01,EMPTY_S14_Position04,EMPTY_S15_Position01,EMPTY_S15_Position05,EMPTY_S1_Position01,EMPTY_S2_Position02,EMPTY_S3_Position03,EMPTY_S4_Position04,EMPTY_S5_Position05,EMPTY_S6_Position06,EMPTY_S7_Position07,EMPTY_S8_Position08,EMPTY_S9_Position09
ls6500.Analyze
histogramming samples 0052_2F12 0142_1F26 0142_3R33 0052_3R12 0052_3R14 0052_3R17 0050_FPMT EMPTY_S2_Position02 0140_2R31 0100_1R15 0102_1F25 0102_1F21 0140_4R23 0142_2F26 0102_2R25 0100_3F15 0142_3F26 0050_1F11 0142_4F26 0050_1F13 EMPTY_S13_Position01 EMPTY_S13_Position03 0050_1F16 0142_3R26 EMPTY_S8_Position08 1002_3F32 EMPTY_S12_Position12 0142_1R33 0052_4F14 0100_REF1 0100_4R27 0052_4F17 0052_REF1 0052_REF2 0100_4R22 1002_3R32 0140_4R31 1002_2F32 1002_3R35 0052_1F12 0052_1F17 0100_REF2 0052_1F14 0102_2F21 EMPTY_S9_Position09 0102_2F25 1000_2R37 0100_3R15 0140_4F31 0052_4R12 0100_4F22 0052_4R14 0052_4F12 0100_4F27 0052_4R17 1002_1R35 1000_REF1 0100_1F27 1002_1R32 1002_4F32 0142_1R26 1002_4F35 1000_2R36 0142_1F33 1000_2R34 0050_3R16 0140_3F31 0100_2F15 0102_4F25 1002_2F35 EMPTY_S15_Position01 EMPTY_S15_Position05 EMPTY_S5_Position05 1000_3R37 1000_2F36 1000_2F37 1000_2F34 0100_1F15 0140_1F31 0100_2R15 0142_2R26 0100_2R27 0052_3F14 0052_3F17 0100_2R22 0052_3F12 0102_4R25 0142_2F33 0102_4R21 0140_3F23 0050_4R16 0142_4F33 0050_4R13 0050_4R11 EMPTY_S14_Position04 0102_3R21 EMPTY_S14_Position01 0052_2F14 0102_3R25 0050_REF2 1002_3F35 0142_4R26 0140_4F23 0050_2F16 0050_2F11 0050_2F13 0142_2R33 0102_4F21 1000_4R34 0140_1F23 1000_4R36 1000_4R37 0100_4R15 0050_2R13 1002_1F32 1002_1F35 0050_REF1 1000_1R37 1000_1R36 1000_1R34 EMPTY_S3_Position03 0100_3R27 0100_3R22 0100_4F15 0140_3R31 0142_4R33 0052_1R17 0052_1R14 0052_1R12 0050_RPMT EMPTY_S6_Position06 EMPTY_S10_Position10 0140_1R31 0102_2R21 STD_3_H 0102_REF2 0050_1R16 0050_1R11 1000_3R34 0050_1R13 1000_3R36 0102_1R21 0140_2F23 0102_1R25 0140_3R23 0050_4F13 1002_2R32 0050_4F11 0050_4F16 1002_2R35 0100_1F22 STD_14_C 0052_2F17 EMPTY_S11_Position11 1000_3F34 1000_3F37 1000_3F36 0140_REF1 0140_1R23 0100_2F27 0100_3F22 0140_2F31 EMPTY_S7_Position07 0142_3F33 1002_REF1 0140_2R23 0142_REF1 EMPTY_S4_Position04 0100_3F27 EMPTY_S1_Position01 0102_REF1 0052_2R17 0052_2R14 0102_3F25 0052_2R12 0102_3F21 0050_2R11 1002_4R35 1002_4R32 0050_2R16 0050_3F16 0050_3F13 0050_3F11 1000_4F34 0100_1R27 1000_4F36 1000_4F37 0100_1R22 1000_1F36 0050_3R13 0100_2F22 1000_1F37 0050_3R11 1000_1F34 
ls6500.combineCommonSamples: 0052_4R graphs g0052_4R12, g0052_4R14, g0052_4R17
ls6500.averagePoints:i,n,ax,ay 28 1 1414925315.0 42.2727272727 sx,i1,i2 0.0 27 27
ls6500.combineCommonSamples: 
u-x[0](hours)= -11.26, -2.56, 1.41, 12.41, 21.21, 25.18, 36.18, 44.98, 48.94, 59.95, 68.74, 72.71, 331.36, 340.15, 347.07, 355.14, 363.92, 370.84, 378.90, 387.69, 442.77, 451.56, 458.46, 498.36, 507.14, 514.05, 522.11, 530.89, 537.80 v= 46.97, 47.34, 47.26, 47.21, 47.26, 47.02, 46.86, 46.92, 46.67, 46.71, 46.41, 46.35, 44.82, 44.86, 43.57, 44.00, 43.83, 43.43, 44.08, 43.92, 43.39, 43.73, 42.89, 43.26, 43.12, 42.38, 43.50, 42.27, 42.40 
x-x[0](hours)= 0.00, 31.89, 62.58, 343.43, 375.34, 450.93, 510.42, 530.89 dx= 11.84, 11.88, 11.88, 11.89, 11.88, 7.85, 11.88, 0.00 
y= 47.19, 47.01, 46.54, 44.31, 43.82, 43.34, 43.06, 42.27 dy= 0.16, 0.18, 0.18, 0.63, 0.28, 0.42, 0.49, 0.00
ls6500.combineCommonSamples: 0140_1R graphs g0140_1R23, g0140_1R31
ls6500.combineCommonSamples: 
u-x[0](hours)= -10.80, -2.09, 12.89, 21.69, 36.66, 45.45, 60.42, 69.22, 331.83, 340.62, 355.61, 364.40, 379.38, 388.16, 443.24, 452.03, 498.83, 507.61, 522.58, 531.36 v= 89.94, 89.76, 89.62, 89.78, 89.73, 89.16, 89.28, 88.47, 87.77, 87.29, 87.43, 87.54, 87.38, 87.87, 86.50, 87.58, 88.52, 88.18, 88.04, 87.09 
x-x[0](hours)= 0.00, 34.60, 64.82, 342.69, 377.31, 447.63, 509.68 dx= 11.85, 11.88, 4.40, 11.89, 11.88, 4.39, 11.88 
y= 89.78, 89.56, 88.87, 87.49, 87.60, 87.04, 88.24 dy= 0.16, 0.35, 0.57, 0.25, 0.25, 0.76, 0.25
ls6500.combineCommonSamples: 0142_2R graphs g0142_2R26, g0142_2R33
ls6500.combineCommonSamples: 
u-x[0](hours)= -10.80, -2.08, 12.89, 21.69, 36.66, 45.45, 60.42, 69.22, 331.83, 340.62, 355.61, 364.40, 379.38, 388.16, 443.24, 452.03, 498.83, 507.61, 522.58, 531.36 v= 90.61, 90.31, 90.53, 89.86, 89.40, 88.89, 88.87, 86.85, 80.46, 79.24, 79.08, 77.38, 77.57, 76.22, 74.31, 73.42, 73.05, 71.03, 71.43, 68.63 
x-x[0](hours)= 0.00, 34.60, 64.82, 342.69, 377.31, 447.63, 509.68 dx= 11.85, 11.88, 4.40, 11.89, 11.88, 4.39, 11.88 
y= 90.48, 89.38, 87.86, 79.59, 77.06, 73.87, 71.84 dy= 0.15, 0.49, 1.43, 0.76, 0.73, 0.63, 1.07
ls6500.combineCommonSamples: 0140_2F graphs g0140_2F23, g0140_2F31
ls6500.averagePoints:i,n,ax,ay 20 1 1414883453.0 87.1714285714 sx,i1,i2 0.0 19 19
ls6500.combineCommonSamples: 
u-x[0](hours)= -10.82, -2.00, 12.82, 21.74, 36.59, 45.51, 60.35, 69.27, 331.77, 340.68, 355.55, 364.46, 379.32, 388.22, 443.19, 452.09, 492.12, 498.78, 507.68, 522.53, 531.43 v= 89.27, 89.21, 89.37, 88.97, 88.84, 89.17, 88.26, 87.63, 86.87, 87.06, 86.65, 86.64, 86.19, 86.59, 86.19, 86.06, 87.83, 86.95, 86.97, 87.17, 85.74 
x-x[0](hours)= 0.00, 34.61, 64.81, 342.67, 377.33, 447.64, 499.52, 522.53 dx= 11.82, 11.88, 4.46, 11.89, 11.88, 4.45, 7.78, 0.00 
y= 89.29, 88.99, 87.94, 86.86, 86.47, 86.13, 87.25, 87.17 dy= 0.08, 0.16, 0.45, 0.21, 0.24, 0.09, 0.50, 0.00
ls6500.combineCommonSamples: 0140_3R graphs g0140_3R23, g0140_3R31
ls6500.combineCommonSamples: 
u-x[0](hours)= -10.81, -2.08, 12.89, 21.69, 36.66, 45.45, 60.42, 69.22, 331.83, 340.62, 355.61, 364.40, 379.38, 388.16, 443.24, 452.03, 498.83, 507.61, 522.58, 531.36 v= 90.30, 88.56, 89.72, 87.88, 89.60, 88.29, 89.24, 87.54, 88.03, 86.06, 87.87, 85.79, 87.45, 85.62, 86.90, 85.61, 88.79, 86.78, 88.31, 85.03 
x-x[0](hours)= 0.00, 34.60, 64.82, 342.69, 377.31, 447.63, 509.68 dx= 11.85, 11.88, 4.40, 11.89, 11.88, 4.39, 11.88 
y= 89.53, 88.59, 88.39, 87.32, 86.29, 86.25, 87.96 dy= 0.89, 0.90, 1.20, 1.10, 1.01, 0.91, 1.05
ls6500.combineCommonSamples: 0102_2R graphs g0102_2R21, g0102_2R25
ls6500.combineCommonSamples: 
u-x[0](hours)= -10.84, -2.01, 12.84, 21.76, 36.61, 45.53, 60.38, 69.29, 331.79, 340.70, 355.57, 364.47, 379.34, 388.24, 443.20, 452.11, 498.79, 507.69, 522.54, 531.44 v= 71.44, 71.24, 71.24, 71.66, 70.70, 71.31, 69.88, 69.98, 65.57, 65.44, 64.73, 64.85, 63.79, 63.91, 61.58, 62.24, 61.22, 60.90, 60.91, 59.48 
x-x[0](hours)= 0.00, 34.63, 64.84, 342.69, 377.35, 447.65, 509.67 dx= 11.84, 11.88, 4.46, 11.89, 11.88, 4.45, 11.88 
y= 71.31, 71.22, 69.93, 65.25, 64.19, 61.91, 61.01 dy= 0.11, 0.48, 0.07, 0.45, 0.58, 0.47, 0.19
ls6500.combineCommonSamples: 0052_REF graphs g0052_REF1, g0052_REF2
ls6500.averagePoints:i,n,ax,ay 12 1 1414357632.0 44.3818181818 sx,i1,i2 0.0 11 11
ls6500.averagePoints:i,n,ax,ay 13 1 1414669513.0 43.5319148936 sx,i1,i2 0.0 12 12
ls6500.combineCommonSamples: 
u-x[0](hours)= -8.25, -7.26, 15.51, 16.51, 39.28, 40.27, 63.05, 64.04, 334.45, 335.44, 358.22, 359.21, 445.84, 501.43, 502.42, 525.18 v= 47.24, 47.66, 47.00, 46.97, 47.24, 46.84, 46.29, 46.57, 44.47, 44.62, 44.41, 44.38, 43.53, 43.64, 44.10, 43.10 
x-x[0](hours)= 0.00, 32.02, 63.55, 342.70, 359.21, 445.84, 501.93 dx= 11.88, 11.88, 0.50, 11.89, 0.00, 0.00, 0.50 
y= 47.30, 47.02, 46.43, 44.50, 44.38, 43.53, 43.87 dy= 0.33, 0.20, 0.20, 0.11, 0.00, 0.00, 0.32
ls6500.combineCommonSamples: 0140_1F graphs g0140_1F23, g0140_1F31
ls6500.averagePoints:i,n,ax,ay 20 1 1414882567.0 88.3333333333 sx,i1,i2 0.0 19 19
ls6500.combineCommonSamples: 
u-x[0](hours)= -10.78, -2.08, 12.86, 21.66, 36.63, 45.42, 60.39, 69.19, 331.81, 340.60, 355.59, 364.37, 379.36, 388.14, 443.22, 452.01, 492.16, 498.82, 507.59, 522.57, 531.34 v= 89.82, 89.95, 89.88, 90.27, 89.14, 89.82, 88.77, 88.80, 87.53, 87.77, 87.00, 86.74, 86.50, 87.51, 86.47, 87.00, 88.33, 87.25, 87.73, 88.33, 86.51 
x-x[0](hours)= 0.00, 34.57, 64.79, 342.67, 377.29, 447.62, 499.52, 522.57 dx= 11.82, 11.88, 4.40, 11.89, 11.88, 4.39, 7.72, 0.00 
y= 89.88, 89.75, 88.78, 87.43, 86.92, 86.74, 87.77, 88.33 dy= 0.06, 0.57, 0.02, 0.39, 0.53, 0.37, 0.54, 0.00
ls6500.combineCommonSamples: 0050_REF graphs g0050_REF1, g0050_REF2
ls6500.averagePoints:i,n,ax,ay 12 1 1414357192.0 48.05 sx,i1,i2 0.0 11 11
ls6500.averagePoints:i,n,ax,ay 13 1 1414669072.0 48.2307692308 sx,i1,i2 0.0 12 12
ls6500.combineCommonSamples: 
u-x[0](hours)= -8.25, -7.26, 15.51, 16.51, 39.28, 40.27, 63.05, 64.04, 334.45, 335.44, 358.22, 359.21, 445.84, 501.43, 502.42, 525.18 v= 48.37, 48.55, 48.14, 48.32, 48.19, 48.37, 47.41, 47.94, 48.13, 48.56, 47.69, 48.05, 48.23, 49.12, 49.28, 48.93 
x-x[0](hours)= 0.00, 32.02, 63.55, 342.70, 359.21, 445.84, 501.93 dx= 11.88, 11.88, 0.50, 11.89, 0.00, 0.00, 0.50 
y= 48.35, 48.30, 47.67, 48.13, 48.05, 48.23, 49.20 dy= 0.21, 0.09, 0.37, 0.43, 0.00, 0.00, 0.12
ls6500.combineCommonSamples: 0140_3F graphs g0140_3F23, g0140_3F31
ls6500.averagePoints:i,n,ax,ay 20 1 1414884341.0 89.1212121212 sx,i1,i2 0.0 19 19
ls6500.combineCommonSamples: 
u-x[0](hours)= -10.82, -2.00, 12.82, 21.74, 36.59, 45.51, 60.36, 69.27, 331.78, 340.68, 355.55, 364.46, 379.32, 388.22, 443.19, 452.09, 492.12, 498.78, 507.68, 522.53, 531.43 v= 90.47, 89.68, 90.34, 89.30, 90.07, 89.56, 89.31, 88.29, 88.39, 87.38, 87.66, 86.97, 87.47, 86.77, 87.00, 86.38, 89.41, 88.28, 87.58, 89.12, 85.87 
x-x[0](hours)= 0.00, 34.61, 64.81, 342.67, 377.33, 447.64, 499.52, 522.53 dx= 11.82, 11.88, 4.46, 11.89, 11.88, 4.45, 7.78, 0.00 
y= 90.16, 89.64, 88.80, 87.81, 87.07, 86.69, 88.42, 89.12 dy= 0.43, 0.39, 0.73, 0.53, 0.36, 0.44, 0.92, 0.00
ls6500.combineCommonSamples: 0102_2F graphs g0102_2F21, g0102_2F25
ls6500.averagePoints:i,n,ax,ay 20 1 1414879862.0 57.8214285714 sx,i1,i2 0.0 19 19
ls6500.combineCommonSamples: 
u-x[0](hours)= -10.82, -2.00, 12.81, 21.73, 36.58, 45.50, 60.35, 69.27, 331.75, 340.68, 355.53, 364.45, 379.30, 388.22, 443.17, 452.08, 492.10, 498.76, 507.67, 522.51, 531.42 v= 70.79, 70.81, 70.08, 70.31, 69.57, 70.11, 69.07, 68.89, 64.09, 64.04, 63.29, 63.08, 61.44, 61.62, 59.80, 59.69, 59.26, 58.16, 58.78, 57.82, 57.13 
x-x[0](hours)= 0.00, 34.61, 64.81, 342.65, 377.32, 447.62, 499.51, 522.51 dx= 11.82, 11.88, 4.46, 11.89, 11.88, 4.46, 7.79, 0.00 
y= 70.56, 69.99, 68.98, 63.81, 62.05, 59.74, 58.74, 57.82 dy= 0.41, 0.38, 0.13, 0.45, 0.90, 0.08, 0.55, 0.00
ls6500.combineCommonSamples: 0052_2R graphs g0052_2R12, g0052_2R14, g0052_2R17
ls6500.averagePoints:i,n,ax,ay 28 1 1414923550.0 41.6829268293 sx,i1,i2 0.0 27 27
ls6500.combineCommonSamples: 
u-x[0](hours)= -12.03, -3.21, 3.61, 11.64, 20.55, 27.37, 35.40, 44.32, 51.14, 59.17, 68.09, 74.91, 330.58, 339.49, 346.29, 354.36, 363.27, 370.06, 378.13, 387.03, 441.99, 450.90, 457.69, 497.58, 506.48, 513.27, 521.34, 530.23, 537.02 v= 46.80, 46.93, 47.46, 46.99, 47.21, 46.76, 46.94, 47.22, 46.74, 46.79, 46.52, 46.38, 44.78, 43.97, 44.50, 44.46, 43.82, 43.96, 43.98, 43.18, 43.12, 42.98, 43.77, 43.20, 43.00, 43.79, 43.23, 41.68, 43.31 
x-x[0](hours)= 0.00, 31.91, 63.33, 342.68, 374.62, 450.19, 509.67, 530.23 dx= 11.83, 11.88, 11.88, 11.89, 11.88, 7.85, 11.88, 0.00 
y= 47.05, 47.03, 46.61, 44.43, 43.74, 43.29, 43.30, 41.68 dy= 0.29, 0.22, 0.19, 0.34, 0.38, 0.42, 0.34, 0.00
ls6500.combineCommonSamples: EMPTY graphs gEMPTY_S10_Position10_20141011, gEMPTY_S11_Position11_20141011, gEMPTY_S12_Position12_20141011, gEMPTY_S13_Position01_20141011, gEMPTY_S13_Position03_20141011, gEMPTY_S14_Position01_20141011, gEMPTY_S14_Position04_20141011, gEMPTY_S15_Position01_20141011, gEMPTY_S15_Position05_20141011, gEMPTY_S1_Position01_20141010, gEMPTY_S2_Position02_20141010, gEMPTY_S3_Position03_20141010, gEMPTY_S4_Position04_20141010, gEMPTY_S5_Position05_20141010, gEMPTY_S6_Position06_20141010, gEMPTY_S7_Position07_20141010, gEMPTY_S8_Position08_20141010, gEMPTY_S9_Position09_20141011
ls6500.combineCommonSamples: 
u-x[0](hours)= -12.95, -11.30, -9.72, -8.11, -6.53, -4.93, -3.33, -1.75, -0.14, 1.45, 3.05, 4.68, 4.80, 5.29, 6.29, 6.67, 7.78, 8.02, 10.74, 12.33, 13.93, 15.56, 17.16, 18.78, 20.39, 21.99, 23.61, 25.22, 26.82, 28.45, 28.57, 29.06, 30.06, 30.43, 31.55, 31.79, 34.50, 36.10, 37.70, 39.33, 40.93, 42.54, 44.16, 45.75, 47.38, 48.99, 50.58, 52.22, 52.34, 52.82, 53.83, 54.20, 55.31, 55.56, 58.27, 59.86, 61.46, 63.10, 64.69, 66.31, 67.92, 69.52, 71.15, 72.75, 74.35, 75.98, 76.10, 76.59, 77.59, 77.97, 79.08, 79.33, 82.04, 332.88, 334.51, 336.11, 337.72, 339.33, 340.93, 342.55, 344.16, 345.75, 347.38, 347.50, 347.75, 348.97, 349.35, 350.46, 350.95, 356.66, 358.29, 359.88, 361.50, 363.11, 364.70, 366.33, 367.93, 369.53, 371.16, 371.28, 371.52, 372.75, 373.12, 374.23, 374.72, 380.43, 382.06, 383.65, 385.26, 386.87, 388.47, 390.09, 391.69, 393.29, 444.29, 445.92, 447.51, 449.13, 450.74, 452.34, 453.96, 455.56, 457.16, 458.78, 458.91, 459.15, 460.37, 460.75, 461.86, 462.35, 493.23, 499.88, 501.51, 503.10, 504.72, 506.33, 507.92, 509.54, 511.14, 512.74, 514.37, 514.49, 514.73, 515.96, 516.33, 517.44, 517.93, 523.64, 525.26, 526.86, 528.47, 529.08, 531.67, 533.29, 534.89, 536.49, 538.12, 538.24, 538.48, 539.71, 540.08, 541.20, 541.68 v= 13.81, 13.74, 14.12, 14.01, 13.72, 13.93, 13.94, 14.01, 14.04, 13.89, 13.78, 13.97, 14.09, 13.77, 14.09, 14.08, 14.07, 13.88, 13.66, 13.94, 14.17, 14.08, 13.77, 13.89, 14.10, 13.95, 14.12, 14.04, 14.00, 13.99, 13.98, 13.77, 14.01, 14.23, 13.91, 13.98, 13.57, 13.93, 13.99, 14.02, 13.87, 14.15, 14.07, 14.29, 13.99, 14.00, 13.79, 13.90, 14.19, 13.72, 13.98, 14.17, 14.01, 13.83, 13.69, 13.89, 14.16, 13.99, 13.80, 13.89, 13.85, 13.83, 13.98, 13.93, 13.75, 13.90, 13.88, 13.57, 14.05, 13.97, 13.75, 13.82, 13.55, 13.71, 13.84, 13.48, 13.69, 13.73, 13.67, 13.73, 13.75, 13.64, 13.61, 13.75, 13.62, 13.75, 13.88, 13.82, 13.44, 13.89, 13.55, 13.38, 13.85, 13.71, 13.77, 13.88, 13.77, 13.72, 13.75, 13.76, 13.72, 13.89, 13.79, 13.78, 13.48, 13.64, 13.73, 13.29, 13.63, 13.76, 13.82, 13.77, 13.74, 13.50, 13.70, 13.44, 13.33, 13.45, 13.67, 13.73, 13.78, 13.69, 13.68, 13.69, 13.75, 13.60, 13.72, 13.85, 13.82, 13.43, 13.97, 13.60, 13.71, 13.59, 13.80, 13.65, 13.62, 13.79, 13.61, 13.85, 13.76, 13.77, 13.69, 13.71, 14.05, 13.81, 13.52, 13.90, 13.72, 13.56, 13.65, 13.63, 13.68, 13.71, 13.60, 13.50, 13.70, 13.45, 13.72, 13.76, 13.85, 13.79, 13.74 
x-x[0](hours)= 0.00, 25.07, 50.17, 73.40, 344.29, 369.56, 388.48, 454.92, 508.40, 531.82 dx= 11.84, 11.88, 11.88, 9.47, 11.89, 11.88, 4.82, 9.03, 11.55, 11.88 
y= 13.93, 13.97, 13.99, 13.84, 13.71, 13.72, 13.65, 13.64, 13.74, 13.68 dy= 0.15, 0.15, 0.16, 0.14, 0.12, 0.14, 0.19, 0.15, 0.13, 0.13
ls6500.combineCommonSamples: 1002_2R graphs g1002_2R32, g1002_2R35
ls6500.combineCommonSamples: 
u-x[0](hours)= -10.85, -2.00, 12.85, 21.77, 36.62, 45.54, 60.38, 69.30, 331.80, 340.70, 355.57, 364.48, 379.34, 388.24, 443.20, 452.11, 498.79, 507.69, 522.54, 531.44 v= 592.00, 591.86, 577.60, 576.71, 564.00, 558.83, 542.38, 538.00, 411.12, 409.14, 397.00, 397.83, 385.31, 385.91, 363.43, 366.70, 354.67, 356.27, 347.00, 347.00 
x-x[0](hours)= 0.00, 34.64, 64.84, 342.69, 377.35, 447.65, 509.68 dx= 11.85, 11.88, 4.46, 11.89, 11.88, 4.45, 11.88 
y= 587.15, 566.52, 540.19, 405.76, 389.68, 365.06, 352.65 dy= 8.27, 9.20, 3.09, 7.65, 7.06, 2.31, 4.96
ls6500.combineCommonSamples: 0142_4R graphs g0142_4R26, g0142_4R33
ls6500.combineCommonSamples: 
u-x[0](hours)= -10.85, -2.00, 12.85, 21.77, 36.62, 45.53, 60.38, 69.30, 331.80, 340.70, 355.57, 364.48, 379.34, 388.24, 443.20, 452.11, 498.79, 507.69, 522.54, 531.44 v= 90.50, 89.95, 89.93, 89.50, 89.49, 88.25, 88.14, 87.17, 79.51, 78.29, 77.83, 76.91, 76.40, 75.57, 72.37, 72.05, 70.82, 69.39, 68.46, 66.98 
x-x[0](hours)= 0.00, 34.64, 64.84, 342.69, 377.35, 447.66, 509.68 dx= 11.85, 11.88, 4.46, 11.89, 11.88, 4.45, 11.88 
y= 90.13, 89.08, 87.65, 78.55, 76.29, 72.21, 69.55 dy= 0.32, 0.72, 0.68, 0.87, 0.67, 0.22, 1.19
ls6500.combineCommonSamples: 0050_4F graphs g0050_4F11, g0050_4F13, g0050_4F16
ls6500.combineCommonSamples: 
u-x[0](hours)= -13.25, -4.43, 7.30, 10.38, 19.30, 31.07, 34.15, 43.06, 54.83, 57.91, 66.83, 78.60, 329.31, 338.24, 347.02, 353.09, 362.02, 370.80, 376.86, 385.78, 440.73, 449.65, 458.42, 489.66, 496.32, 505.23, 514.01, 520.07, 527.99, 537.76 v= 48.37, 48.24, 48.39, 48.48, 48.07, 48.38, 48.16, 48.35, 48.15, 48.18, 47.61, 47.85, 47.78, 47.79, 47.62, 47.67, 47.37, 47.73, 47.55, 47.57, 48.12, 47.46, 48.28, 48.76, 48.57, 47.98, 48.36, 48.65, 47.93, 48.55 
x-x[0](hours)= 0.00, 31.89, 64.54, 341.92, 373.86, 449.60, 497.07, 520.69 dx= 11.81, 11.88, 11.88, 11.89, 11.88, 8.85, 7.79, 6.99 
y= 48.37, 48.24, 47.95, 47.72, 47.55, 47.95, 48.44, 48.32 dy= 0.10, 0.15, 0.27, 0.08, 0.15, 0.44, 0.40, 0.36
ls6500.combineCommonSamples: 0100_4F graphs g0100_4F15, g0100_4F22, g0100_4F27
ls6500.combineCommonSamples: 
u-x[0](hours)= -13.10, -4.40, 6.96, 10.54, 19.34, 30.73, 34.30, 43.10, 54.50, 58.07, 66.87, 78.27, 329.49, 338.28, 346.69, 353.27, 362.05, 370.46, 377.03, 385.82, 440.90, 449.68, 458.09, 489.83, 496.49, 505.27, 513.67, 520.25, 529.02, 537.42 v= 72.74, 72.65, 72.62, 72.37, 72.42, 72.24, 72.38, 72.75, 72.22, 71.57, 71.86, 71.38, 70.69, 71.05, 70.50, 70.12, 70.55, 70.23, 69.66, 70.70, 69.93, 70.48, 69.78, 71.47, 70.66, 71.44, 70.91, 71.34, 70.54, 70.31 
x-x[0](hours)= 0.00, 31.87, 64.43, 341.93, 373.84, 449.56, 501.32, 524.63 dx= 11.82, 11.88, 11.88, 11.89, 11.88, 8.59, 11.92, 4.39 
y= 72.60, 72.45, 71.76, 70.59, 70.28, 70.06, 71.12, 70.94 dy= 0.16, 0.21, 0.36, 0.39, 0.46, 0.37, 0.40, 0.57
ls6500.combineCommonSamples: 0102_4F graphs g0102_4F21, g0102_4F25
ls6500.averagePoints:i,n,ax,ay 20 1 1414882123.0 58.7704918033 sx,i1,i2 0.0 19 19
ls6500.combineCommonSamples: 
u-x[0](hours)= -10.78, -2.08, 12.86, 21.66, 36.63, 45.42, 60.39, 69.19, 331.81, 340.60, 355.59, 364.37, 379.36, 388.14, 443.22, 452.01, 492.16, 498.81, 507.59, 522.57, 531.34 v= 71.46, 71.90, 71.42, 71.47, 71.00, 71.26, 69.94, 69.71, 65.23, 64.88, 63.94, 63.76, 62.98, 62.48, 60.73, 60.45, 59.72, 59.43, 59.18, 58.77, 57.58 
x-x[0](hours)= 0.00, 34.57, 64.79, 342.67, 377.29, 447.61, 499.52, 522.57 dx= 11.82, 11.88, 4.40, 11.89, 11.88, 4.39, 7.72, 0.00 
y= 71.59, 71.25, 69.83, 64.68, 63.07, 60.59, 59.44, 58.77 dy= 0.26, 0.24, 0.16, 0.67, 0.65, 0.19, 0.27, 0.00
ls6500.combineCommonSamples: 0050_2F graphs g0050_2F11, g0050_2F13, g0050_2F16
ls6500.combineCommonSamples: 
u-x[0](hours)= -13.21, -4.48, 7.24, 10.44, 19.24, 31.01, 34.21, 43.01, 54.78, 57.97, 66.77, 78.54, 329.38, 338.18, 346.97, 353.16, 361.96, 370.74, 376.93, 385.72, 440.79, 449.59, 458.37, 489.72, 496.38, 505.18, 513.95, 520.14, 529.93, 537.70 v= 47.73, 48.12, 47.90, 47.90, 47.89, 47.79, 47.98, 48.46, 47.76, 48.09, 47.81, 47.44, 48.16, 47.72, 47.84, 48.38, 47.45, 47.56, 48.02, 48.19, 48.23, 48.11, 48.41, 49.86, 49.33, 48.18, 48.78, 49.50, 48.25, 48.80 
x-x[0](hours)= 0.00, 31.87, 64.52, 341.92, 373.84, 449.58, 497.10, 521.34 dx= 11.82, 11.88, 11.88, 11.89, 11.88, 8.79, 7.73, 7.99 
y= 47.91, 48.03, 47.78, 48.02, 47.80, 48.25, 49.12, 48.84 dy= 0.16, 0.30, 0.27, 0.30, 0.36, 0.15, 0.85, 0.63
ls6500.combineCommonSamples: 0100_2R graphs g0100_2R15, g0100_2R22, g0100_2R27
ls6500.averagePoints:i,n,ax,ay 28 1 1414927072.0 69.152173913 sx,i1,i2 0.0 27 27
ls6500.combineCommonSamples: 
u-x[0](hours)= -11.29, -2.47, 1.37, 12.39, 21.30, 25.14, 36.15, 45.07, 48.91, 59.92, 68.84, 72.68, 331.33, 340.24, 347.04, 355.11, 364.01, 370.81, 378.88, 387.78, 442.74, 451.65, 458.43, 498.33, 507.23, 514.02, 522.08, 530.98, 537.77 v= 72.21, 72.51, 72.62, 72.51, 72.21, 72.39, 72.10, 72.12, 71.91, 71.93, 71.28, 71.68, 70.38, 70.67, 70.31, 69.90, 70.45, 69.61, 70.26, 69.78, 69.48, 70.25, 69.92, 70.62, 70.56, 70.11, 70.83, 69.15, 70.79 
x-x[0](hours)= 0.00, 31.92, 62.59, 343.43, 375.37, 450.94, 510.42, 530.98 dx= 11.84, 11.88, 11.88, 11.89, 11.88, 7.85, 11.88, 0.00 
y= 72.46, 72.20, 71.70, 70.31, 70.03, 69.88, 70.53, 69.15 dy= 0.17, 0.13, 0.30, 0.32, 0.39, 0.39, 0.30, 0.00
ls6500.combineCommonSamples: 0050_4R graphs g0050_4R11, g0050_4R13, g0050_4R16
ls6500.averagePoints:i,n,ax,ay 28 1 1414924874.0 49.2285714286 sx,i1,i2 0.0 27 27
ls6500.combineCommonSamples: 
u-x[0](hours)= -11.26, -2.56, 1.41, 12.41, 21.21, 25.17, 36.18, 44.98, 48.94, 59.94, 68.74, 72.71, 331.36, 340.15, 347.07, 355.14, 363.92, 370.84, 378.90, 387.69, 442.77, 451.55, 458.46, 498.36, 507.14, 514.05, 522.11, 530.89, 537.80 v= 47.99, 48.58, 48.13, 48.21, 48.41, 48.13, 47.87, 48.57, 48.10, 47.76, 48.23, 47.68, 48.25, 48.51, 48.59, 48.20, 48.51, 48.32, 48.33, 48.74, 48.29, 49.20, 48.81, 49.13, 48.73, 49.40, 49.23, 49.23, 49.56 
x-x[0](hours)= 0.00, 31.89, 62.58, 343.43, 375.34, 450.93, 510.41, 530.89 dx= 11.84, 11.88, 11.88, 11.89, 11.88, 7.85, 11.88, 0.00 
y= 48.23, 48.25, 47.94, 48.39, 48.47, 48.77, 49.12, 49.23 dy= 0.25, 0.31, 0.26, 0.19, 0.20, 0.45, 0.28, 0.00
ls6500.combineCommonSamples: 0050_2R graphs g0050_2R11, g0050_2R13, g0050_2R16
ls6500.averagePoints:i,n,ax,ay 28 1 1414923110.0 48.5277777778 sx,i1,i2 0.0 27 27
ls6500.combineCommonSamples: 
u-x[0](hours)= -12.03, -3.21, 3.61, 11.64, 20.55, 27.37, 35.40, 44.32, 51.14, 59.17, 68.08, 74.91, 330.58, 339.49, 346.29, 354.36, 363.26, 370.06, 378.13, 387.03, 441.99, 450.90, 457.68, 497.58, 506.48, 513.27, 521.34, 530.23, 537.02 v= 47.96, 48.04, 48.15, 48.41, 48.16, 47.91, 48.26, 48.26, 47.57, 47.88, 47.95, 47.30, 48.39, 48.46, 47.58, 48.52, 48.08, 47.43, 48.45, 48.44, 48.71, 48.67, 47.69, 49.37, 49.20, 48.60, 49.64, 48.53, 48.44 
x-x[0](hours)= 0.00, 31.91, 63.33, 342.68, 374.62, 450.19, 509.67, 530.23 dx= 11.83, 11.88, 11.88, 11.89, 11.88, 7.85, 11.88, 0.00 
y= 48.14, 48.15, 47.68, 48.24, 48.10, 48.35, 49.20, 48.53 dy= 0.19, 0.16, 0.30, 0.44, 0.48, 0.58, 0.44, 0.00
ls6500.combineCommonSamples: 0100_2F graphs g0100_2F15, g0100_2F22, g0100_2F27
ls6500.combineCommonSamples: 
u-x[0](hours)= -13.22, -4.40, 7.21, 10.41, 19.33, 30.98, 34.18, 43.10, 54.74, 57.94, 66.86, 78.51, 329.35, 338.27, 346.93, 353.12, 362.05, 370.71, 376.90, 385.81, 440.76, 449.68, 458.33, 489.69, 496.35, 505.27, 513.92, 520.11, 529.02, 537.67 v= 72.22, 73.10, 70.83, 72.22, 72.65, 70.40, 71.63, 72.40, 70.51, 71.32, 71.44, 69.80, 69.88, 70.50, 68.81, 69.67, 70.09, 68.30, 69.46, 69.90, 69.66, 69.67, 68.36, 70.78, 70.41, 70.36, 69.33, 70.22, 69.71, 68.70 
x-x[0](hours)= 0.00, 31.90, 64.52, 341.92, 373.87, 449.59, 497.10, 521.01 dx= 11.82, 11.88, 11.88, 11.89, 11.88, 8.79, 7.79, 7.55 
y= 72.09, 71.77, 70.77, 69.71, 69.44, 69.23, 70.52, 69.75 dy= 0.94, 1.01, 0.76, 0.70, 0.80, 0.76, 0.23, 0.44
ls6500.combineCommonSamples: 0142_2F graphs g0142_2F26, g0142_2F33
ls6500.averagePoints:i,n,ax,ay 20 1 1414883896.0 70.1063829787 sx,i1,i2 0.0 19 19
ls6500.combineCommonSamples: 
u-x[0](hours)= -10.82, -2.00, 12.82, 21.74, 36.59, 45.51, 60.35, 69.27, 331.77, 340.68, 355.55, 364.46, 379.32, 388.22, 443.19, 452.09, 492.12, 498.78, 507.68, 522.53, 531.43 v= 89.41, 90.03, 89.42, 89.74, 88.60, 89.39, 87.39, 87.26, 79.12, 78.92, 77.58, 77.24, 76.27, 76.38, 72.69, 73.24, 71.72, 70.64, 71.08, 70.11, 68.85 
x-x[0](hours)= 0.00, 34.61, 64.81, 342.67, 377.33, 447.64, 499.52, 522.53 dx= 11.82, 11.88, 4.46, 11.89, 11.88, 4.45, 7.78, 0.00 
y= 89.62, 89.25, 87.33, 78.54, 76.63, 72.96, 71.15, 70.11 dy= 0.36, 0.59, 0.10, 0.84, 0.53, 0.39, 0.54, 0.00
ls6500.combineCommonSamples: 0100_4R graphs g0100_4R15, g0100_4R22, g0100_4R27
ls6500.averagePoints:i,n,ax,ay 28 1 1414928845.0 69.7906976744 sx,i1,i2 0.0 27 27
ls6500.combineCommonSamples: 
u-x[0](hours)= -11.24, -2.40, 1.19, 12.45, 21.37, 24.96, 36.22, 45.13, 48.73, 59.98, 68.90, 72.49, 331.40, 340.30, 346.85, 355.17, 364.08, 370.62, 378.94, 387.84, 442.80, 451.71, 458.25, 498.39, 507.29, 513.83, 522.15, 531.04, 537.58 v= 72.08, 72.67, 71.94, 72.27, 72.65, 72.22, 71.74, 72.12, 72.03, 71.38, 71.61, 71.06, 70.30, 70.46, 70.43, 69.98, 70.51, 69.79, 70.00, 70.35, 69.40, 70.29, 70.07, 70.50, 70.53, 70.44, 70.51, 69.79, 70.45 
x-x[0](hours)= 0.00, 31.92, 62.52, 343.43, 375.37, 450.92, 510.42, 531.04 dx= 11.84, 11.88, 11.88, 11.89, 11.88, 7.72, 11.88, 0.00 
y= 72.24, 72.18, 71.52, 70.29, 70.16, 69.92, 70.50, 69.79 dy= 0.32, 0.37, 0.41, 0.22, 0.33, 0.46, 0.04, 0.00
ls6500.combineCommonSamples: 0102_4R graphs g0102_4R21, g0102_4R25
ls6500.combineCommonSamples: 
u-x[0](hours)= -10.84, -2.01, 12.85, 21.76, 36.61, 45.53, 60.38, 69.30, 331.79, 340.70, 355.57, 364.47, 379.34, 388.24, 443.20, 452.11, 498.79, 507.69, 522.54, 531.44 v= 71.73, 71.88, 71.05, 71.08, 70.38, 70.83, 69.81, 69.61, 64.44, 63.71, 63.44, 63.16, 62.17, 61.85, 59.63, 59.86, 58.89, 57.91, 58.32, 56.54 
x-x[0](hours)= 0.00, 34.64, 64.84, 342.69, 377.35, 447.65, 509.68 dx= 11.84, 11.88, 4.46, 11.89, 11.88, 4.45, 11.88 
y= 71.55, 70.76, 69.71, 63.87, 62.39, 59.74, 58.37 dy= 0.44, 0.36, 0.14, 0.52, 0.68, 0.17, 0.49
ls6500.combineCommonSamples: 0102_1F graphs g0102_1F21, g0102_1F25
ls6500.averagePoints:i,n,ax,ay 20 1 1414878972.0 60.5434782609 sx,i1,i2 0.0 19 19
ls6500.combineCommonSamples: 
u-x[0](hours)= -10.82, -1.99, 12.81, 21.73, 36.58, 45.50, 60.35, 69.26, 331.75, 340.68, 355.53, 364.45, 379.30, 388.22, 443.16, 452.08, 492.09, 498.75, 507.67, 522.51, 531.42 v= 71.03, 71.44, 70.62, 71.11, 70.18, 71.08, 70.17, 69.41, 65.07, 65.41, 64.35, 64.40, 63.50, 63.47, 62.35, 61.50, 61.58, 61.16, 60.88, 60.54, 59.32 
x-x[0](hours)= 0.00, 34.60, 64.81, 342.65, 377.32, 447.62, 499.51, 522.51 dx= 11.82, 11.88, 4.46, 11.89, 11.88, 4.46, 7.79, 0.00 
y= 71.03, 70.79, 69.79, 64.94, 63.79, 61.92, 61.20, 60.54 dy= 0.41, 0.53, 0.54, 0.54, 0.53, 0.60, 0.35, 0.00
ls6500.combineCommonSamples: 0142_3R graphs g0142_3R26, g0142_3R33
ls6500.combineCommonSamples: 
u-x[0](hours)= -10.81, -2.08, 12.89, 21.69, 36.66, 45.45, 60.42, 69.22, 331.83, 340.62, 355.61, 364.40, 379.38, 388.16, 443.24, 452.03, 498.83, 507.61, 522.58, 531.36 v= 89.82, 89.51, 89.59, 89.06, 88.94, 88.14, 88.12, 86.69, 79.55, 78.40, 77.84, 77.24, 76.19, 75.89, 73.15, 72.64, 71.52, 70.32, 69.98, 67.85 
x-x[0](hours)= 0.00, 34.60, 64.82, 342.69, 377.31, 447.63, 509.68 dx= 11.85, 11.88, 4.40, 11.89, 11.88, 4.39, 11.88 
y= 89.64, 88.72, 87.41, 78.60, 76.44, 72.90, 70.61 dy= 0.16, 0.50, 1.01, 0.87, 0.71, 0.37, 0.81
ls6500.combineCommonSamples: 0140_2R graphs g0140_2R23, g0140_2R31
ls6500.combineCommonSamples: 
u-x[0](hours)= -10.80, -2.08, 12.89, 21.69, 36.66, 45.45, 60.42, 69.22, 331.83, 340.62, 355.61, 364.40, 379.38, 388.16, 443.24, 452.03, 498.83, 507.61, 522.58, 531.36 v= 89.55, 90.57, 89.70, 89.67, 89.39, 89.48, 89.00, 88.78, 87.80, 87.84, 87.47, 87.58, 87.03, 87.87, 86.24, 88.04, 87.97, 87.74, 87.95, 86.54 
x-x[0](hours)= 0.00, 34.60, 64.82, 342.69, 377.31, 447.63, 509.68 dx= 11.85, 11.88, 4.40, 11.89, 11.88, 4.39, 11.88 
y= 89.94, 89.51, 88.89, 87.70, 87.49, 87.14, 87.89 dy= 0.55, 0.14, 0.15, 0.20, 0.43, 1.27, 0.13
ls6500.combineCommonSamples: 0052_3R graphs g0052_3R12, g0052_3R14, g0052_3R17
ls6500.averagePoints:i,n,ax,ay 28 1 1414924432.0 42.1739130435 sx,i1,i2 0.0 27 27
ls6500.combineCommonSamples: 
u-x[0](hours)= -11.98, -3.27, 3.55, 11.70, 20.50, 27.32, 35.46, 44.26, 51.08, 59.23, 68.03, 74.85, 330.64, 339.43, 346.23, 354.42, 363.21, 370.00, 378.19, 386.97, 442.05, 450.84, 457.63, 497.64, 506.42, 513.21, 521.40, 530.17, 536.96 v= 47.15, 47.20, 47.59, 47.17, 47.45, 46.78, 46.76, 47.33, 46.93, 46.78, 46.55, 46.58, 44.59, 44.32, 44.45, 43.76, 44.26, 44.04, 43.52, 43.70, 42.94, 43.33, 43.56, 43.05, 42.80, 43.72, 42.59, 42.17, 42.81 
x-x[0](hours)= 0.00, 31.89, 63.30, 342.68, 374.59, 450.17, 509.67, 530.17 dx= 11.84, 11.88, 11.88, 11.89, 11.88, 7.79, 11.88, 0.00 
y= 47.28, 47.08, 46.71, 44.28, 43.88, 43.27, 43.04, 42.17 dy= 0.21, 0.36, 0.18, 0.36, 0.33, 0.31, 0.49, 0.00
ls6500.combineCommonSamples: 1000_4R graphs g1000_4R34, g1000_4R36, g1000_4R37
ls6500.averagePoints:i,n,ax,ay 28 1 1414936464.0 712.4 sx,i1,i2 0.0 27 27
ls6500.combineCommonSamples: 
u-x[0](hours)= -10.79, -2.05, -0.07, 12.92, 21.72, 23.70, 36.69, 45.48, 47.46, 60.45, 69.25, 71.23, 331.86, 340.65, 345.59, 355.64, 364.42, 369.36, 379.40, 388.19, 443.27, 452.05, 456.98, 498.86, 507.63, 512.57, 522.61, 531.39, 536.32 v= 731.60, 736.14, 728.00, 727.67, 733.00, 728.33, 728.67, 729.71, 726.67, 723.75, 726.00, 722.25, 714.17, 713.50, 709.91, 709.75, 711.60, 707.60, 709.30, 715.33, 705.67, 712.20, 710.00, 717.20, 716.67, 714.88, 712.00, 712.40, 714.40 
x-x[0](hours)= 0.00, 31.89, 62.10, 343.43, 375.34, 450.77, 510.42, 531.39 dx= 11.86, 11.88, 11.88, 11.89, 11.88, 6.86, 11.88, 0.00 
y= 730.85, 729.93, 724.67, 711.83, 710.96, 709.29, 715.19, 712.40 dy= 3.95, 2.13, 2.04, 2.33, 3.35, 3.32, 2.34, 0.00
ls6500.combineCommonSamples: 1002_1F graphs g1002_1F32, g1002_1F35
ls6500.averagePoints:i,n,ax,ay 20 1 1414887015.0 346.0 sx,i1,i2 0.0 19 19
ls6500.combineCommonSamples: 
u-x[0](hours)= -10.79, -2.08, 12.87, 21.67, 36.64, 45.43, 60.40, 69.20, 331.82, 340.61, 355.60, 364.38, 379.36, 388.15, 443.23, 452.01, 492.16, 498.82, 507.60, 522.57, 531.35 v= 586.75, 592.20, 578.20, 576.89, 559.50, 565.00, 540.60, 537.20, 409.00, 409.00, 395.36, 394.67, 383.60, 381.88, 359.00, 361.75, 355.11, 350.50, 351.00, 346.00, 340.44 
x-x[0](hours)= 0.00, 34.58, 64.80, 342.67, 377.30, 447.62, 499.53, 522.57 dx= 11.83, 11.88, 4.40, 11.89, 11.88, 4.39, 7.72, 0.00 
y= 585.72, 567.13, 538.90, 404.45, 386.71, 360.38, 352.20, 346.00 dy= 7.06, 8.89, 2.40, 7.87, 6.94, 1.94, 2.53, 0.00
ls6500.combineCommonSamples: 0142_1R graphs g0142_1R26, g0142_1R33
ls6500.combineCommonSamples: 
u-x[0](hours)= -10.80, -2.08, 12.89, 21.69, 36.66, 45.45, 60.42, 69.22, 331.83, 340.62, 355.61, 364.40, 379.38, 388.16, 443.24, 452.03, 498.83, 507.61, 522.58, 531.36 v= 90.10, 90.31, 89.58, 89.30, 88.86, 88.70, 87.71, 86.71, 79.81, 78.19, 77.91, 76.59, 76.21, 75.30, 72.40, 71.93, 71.10, 69.12, 69.54, 66.45 
x-x[0](hours)= 0.00, 34.60, 64.82, 342.69, 377.31, 447.63, 509.68 dx= 11.85, 11.88, 4.40, 11.89, 11.88, 4.39, 11.88 
y= 90.00, 88.96, 87.21, 78.64, 76.03, 72.16, 69.92 dy= 0.38, 0.31, 0.71, 1.02, 0.66, 0.33, 1.04
ls6500.combineCommonSamples: 0140_4R graphs g0140_4R23, g0140_4R31
ls6500.combineCommonSamples: 
u-x[0](hours)= -10.85, -2.00, 12.85, 21.77, 36.62, 45.53, 60.38, 69.30, 331.80, 340.70, 355.57, 364.48, 379.34, 388.24, 443.20, 452.11, 498.79, 507.69, 522.54, 531.44 v= 90.00, 90.53, 89.82, 90.31, 89.81, 89.84, 89.11, 89.06, 87.43, 87.56, 87.27, 87.50, 87.00, 87.81, 86.30, 87.68, 88.54, 88.31, 87.63, 87.26 
x-x[0](hours)= 0.00, 34.64, 64.84, 342.69, 377.35, 447.66, 509.68 dx= 11.85, 11.88, 4.46, 11.89, 11.88, 4.45, 11.88 
y= 90.12, 89.99, 89.08, 87.42, 87.44, 86.99, 88.16 dy= 0.37, 0.28, 0.04, 0.14, 0.41, 0.97, 0.47
ls6500.combineCommonSamples: 0052_1F graphs g0052_1F12, g0052_1F14, g0052_1F17
ls6500.averagePoints:i,n,ax,ay 21 1 1414422298.0 43.4705882353 sx,i1,i2 0.0 20 20
ls6500.combineCommonSamples: 
u-x[0](hours)= -12.41, -3.67, 4.83, 11.25, 20.05, 28.60, 35.02, 43.82, 52.36, 58.78, 67.58, 76.13, 330.18, 338.99, 347.53, 353.96, 362.77, 371.31, 377.73, 386.53, 395.07, 441.60, 450.40, 458.93, 490.53, 497.19, 505.99, 514.52, 520.94, 530.74, 538.27 v= 46.80, 47.02, 46.38, 46.74, 46.99, 46.48, 46.82, 46.79, 45.87, 46.55, 46.43, 45.69, 44.52, 43.97, 43.38, 44.06, 43.52, 44.12, 43.93, 43.47, 43.47, 43.77, 42.69, 43.15, 43.43, 43.28, 42.54, 43.12, 43.27, 41.93, 42.74 
x-x[0](hours)= 0.00, 31.87, 63.71, 342.67, 374.58, 395.07, 450.31, 502.06, 525.84 dx= 11.83, 11.88, 11.88, 11.89, 11.88, 0.00, 8.67, 11.99, 4.90 
y= 46.74, 46.77, 46.14, 43.98, 43.76, 43.47, 43.20, 43.09, 42.60 dy= 0.27, 0.21, 0.42, 0.47, 0.32, 0.00, 0.54, 0.39, 0.95
ls6500.combineCommonSamples: 1002_3F graphs g1002_3F32, g1002_3F35
ls6500.combineCommonSamples: 
u-x[0](hours)= -10.79, -2.08, 12.87, 21.67, 36.64, 45.44, 60.40, 69.20, 331.82, 340.61, 355.60, 364.38, 379.37, 388.15, 443.23, 452.01, 498.82, 507.60, 522.57, 531.35 v= 593.00, 591.33, 587.17, 580.25, 572.33, 571.25, 557.50, 548.67, 415.30, 410.14, 402.88, 399.33, 392.33, 389.00, 368.88, 369.62, 359.71, 358.38, 356.00, 348.22 
x-x[0](hours)= 0.00, 34.58, 64.80, 342.68, 377.30, 447.62, 509.67 dx= 11.83, 11.88, 4.40, 11.89, 11.88, 4.39, 11.88 
y= 590.50, 574.61, 553.08, 409.44, 393.56, 369.25, 358.03 dy= 3.00, 4.91, 6.25, 6.24, 5.27, 0.53, 1.88
ls6500.combineCommonSamples: 0102_3R graphs g0102_3R21, g0102_3R25
ls6500.combineCommonSamples: 
u-x[0](hours)= -10.84, -2.01, 12.85, 21.76, 36.61, 45.53, 60.38, 69.29, 331.79, 340.70, 355.57, 364.47, 379.34, 388.24, 443.20, 452.11, 498.79, 507.69, 522.54, 531.44 v= 71.23, 72.08, 71.17, 71.45, 70.45, 70.88, 69.90, 69.42, 64.67, 64.57, 62.83, 62.93, 62.29, 62.12, 59.64, 59.91, 58.60, 58.49, 57.49, 56.34 
x-x[0](hours)= 0.00, 34.64, 64.84, 342.69, 377.35, 447.65, 509.67 dx= 11.84, 11.88, 4.46, 11.89, 11.88, 4.45, 11.88 
y= 71.49, 70.93, 69.66, 64.02, 62.45, 59.78, 58.19 dy= 0.51, 0.50, 0.33, 1.04, 0.43, 0.19, 0.61
ls6500.combineCommonSamples: 0052_3F graphs g0052_3F12, g0052_3F14, g0052_3F17
ls6500.combineCommonSamples: 
u-x[0](hours)= -13.22, -4.51, 7.33, 10.41, 19.21, 31.09, 34.18, 42.97, 54.86, 57.94, 66.74, 78.63, 329.34, 338.15, 347.05, 353.12, 361.92, 370.82, 376.89, 385.69, 440.76, 449.56, 458.45, 489.69, 496.35, 505.14, 514.03, 520.10, 527.90, 537.79 v= 47.30, 47.41, 46.62, 46.93, 47.12, 46.36, 47.04, 47.02, 46.53, 46.75, 46.30, 45.91, 44.66, 44.73, 43.84, 44.29, 43.86, 43.64, 43.93, 43.75, 43.61, 43.50, 42.87, 44.10, 43.48, 43.02, 43.15, 43.60, 42.86, 42.48 
x-x[0](hours)= 0.00, 31.86, 64.54, 341.92, 373.83, 449.59, 497.06, 520.68 dx= 11.81, 11.88, 11.88, 11.89, 11.88, 8.85, 7.73, 6.93 
y= 47.07, 46.89, 46.37, 44.38, 43.80, 43.32, 43.54, 43.20 dy= 0.36, 0.35, 0.36, 0.40, 0.13, 0.40, 0.54, 0.37
ls6500.combineCommonSamples: 1002_1R graphs g1002_1R32, g1002_1R35
ls6500.combineCommonSamples: 
u-x[0](hours)= -10.85, -2.00, 12.85, 21.77, 36.62, 45.53, 60.38, 69.30, 331.80, 340.70, 355.57, 364.48, 379.34, 388.24, 443.20, 452.11, 498.79, 507.69, 522.54, 531.44 v= 589.33, 585.50, 577.20, 571.67, 560.67, 554.33, 539.75, 533.20, 408.14, 403.43, 393.25, 389.75, 382.14, 379.12, 359.71, 359.62, 352.86, 348.75, 344.62, 339.29 
x-x[0](hours)= 0.00, 34.64, 64.84, 342.69, 377.35, 447.66, 509.68 dx= 11.85, 11.88, 4.46, 11.89, 11.88, 4.45, 11.88 
y= 584.01, 562.22, 536.48, 401.61, 383.67, 359.67, 348.74 dy= 6.20, 8.77, 4.63, 7.61, 5.48, 0.06, 4.12
ls6500.combineCommonSamples: 0100_REF graphs g0100_REF1, g0100_REF2
ls6500.averagePoints:i,n,ax,ay 12 1 1414358075.0 70.0833333333 sx,i1,i2 0.0 11 11
ls6500.averagePoints:i,n,ax,ay 13 1 1414669956.0 70.1794871795 sx,i1,i2 0.0 12 12
ls6500.combineCommonSamples: 
u-x[0](hours)= -8.25, -7.26, 15.51, 16.51, 39.28, 40.27, 63.05, 64.04, 334.45, 335.44, 358.22, 359.21, 445.84, 501.43, 502.42, 525.18 v= 72.27, 72.96, 72.51, 72.64, 71.93, 71.86, 71.07, 71.79, 70.43, 70.57, 70.14, 70.08, 70.18, 71.30, 71.21, 70.92 
x-x[0](hours)= 0.00, 32.02, 63.55, 342.70, 359.21, 445.84, 501.93 dx= 11.88, 11.88, 0.50, 11.89, 0.00, 0.00, 0.50 
y= 72.58, 72.14, 71.43, 70.38, 70.08, 70.18, 71.25 dy= 0.35, 0.43, 0.51, 0.22, 0.00, 0.00, 0.06
ls6500.combineCommonSamples: 0142_3F graphs g0142_3F26, g0142_3F33
ls6500.averagePoints:i,n,ax,ay 20 1 1414884784.0 70.1290322581 sx,i1,i2 0.0 19 19
ls6500.combineCommonSamples: 
u-x[0](hours)= -10.82, -2.00, 12.82, 21.74, 36.59, 45.51, 60.36, 69.27, 331.78, 340.69, 355.55, 364.46, 379.32, 388.22, 443.19, 452.09, 492.12, 498.78, 507.68, 522.53, 531.43 v= 90.29, 91.22, 90.62, 90.24, 89.95, 89.71, 88.55, 87.57, 79.66, 79.45, 78.19, 77.67, 76.89, 76.89, 72.79, 72.89, 72.28, 71.03, 71.26, 70.13, 68.98 
x-x[0](hours)= 0.00, 34.62, 64.82, 342.67, 377.33, 447.64, 499.53, 522.53 dx= 11.82, 11.88, 4.46, 11.89, 11.88, 4.45, 7.78, 0.00 
y= 90.71, 89.96, 88.06, 79.10, 77.15, 72.84, 71.52, 70.13 dy= 0.47, 0.27, 0.69, 0.80, 0.45, 0.08, 0.67, 0.00
ls6500.combineCommonSamples: 0102_REF graphs g0102_REF1, g0102_REF2
ls6500.averagePoints:i,n,ax,ay 12 1 1414358518.0 63.8113207547 sx,i1,i2 0.0 11 11
ls6500.averagePoints:i,n,ax,ay 13 1 1414670398.0 60.4468085106 sx,i1,i2 0.0 12 12
ls6500.combineCommonSamples: 
u-x[0](hours)= -8.25, -7.26, 15.51, 16.51, 39.28, 40.27, 63.05, 64.04, 334.45, 335.44, 358.22, 359.21, 445.84, 501.43, 502.42, 525.18 v= 71.20, 71.85, 70.63, 71.36, 69.80, 71.00, 69.38, 69.83, 63.84, 64.92, 62.57, 63.81, 60.45, 58.82, 61.09, 57.63 
x-x[0](hours)= 0.00, 32.02, 63.55, 342.70, 359.21, 445.84, 501.92 dx= 11.88, 11.88, 0.50, 11.89, 0.00, 0.00, 0.50 
y= 71.23, 70.72, 69.61, 63.78, 63.81, 60.45, 59.95 dy= 0.61, 0.82, 0.32, 1.18, 0.00, 0.00, 1.60
ls6500.combineCommonSamples: 1002_3R graphs g1002_3R32, g1002_3R35
ls6500.combineCommonSamples: 
u-x[0](hours)= -10.81, -2.08, 12.89, 21.69, 36.66, 45.46, 60.43, 69.22, 331.84, 340.63, 355.61, 364.40, 379.38, 388.16, 443.24, 452.03, 498.83, 507.61, 522.58, 531.36 v= 595.00, 593.40, 584.40, 578.60, 572.25, 561.14, 552.25, 545.44, 411.38, 404.00, 398.43, 393.12, 388.43, 383.43, 367.22, 366.31, 359.33, 356.62, 350.33, 348.11 
x-x[0](hours)= 0.00, 34.60, 64.82, 342.69, 377.31, 447.63, 509.68 dx= 11.85, 11.88, 4.40, 11.89, 11.88, 4.39, 11.88 
y= 590.93, 570.66, 548.85, 404.60, 388.33, 366.76, 355.43 dy= 5.71, 8.84, 4.81, 6.49, 4.85, 0.65, 4.62
ls6500.combineCommonSamples: 1000_1R graphs g1000_1R34, g1000_1R36, g1000_1R37
ls6500.averagePoints:i,n,ax,ay 28 1 1414933725.0 706.25 sx,i1,i2 0.0 27 27
ls6500.combineCommonSamples: 
u-x[0](hours)= -10.94, -2.09, 0.27, 12.76, 21.68, 24.04, 36.53, 45.44, 47.81, 60.29, 69.21, 71.57, 331.71, 340.61, 345.93, 355.48, 364.39, 369.70, 379.25, 388.15, 443.11, 452.02, 457.33, 498.70, 507.60, 512.91, 522.46, 531.35, 536.66 v= 726.50, 729.50, 728.00, 724.71, 729.14, 726.75, 724.80, 724.50, 722.12, 719.60, 722.11, 717.50, 709.00, 712.25, 707.80, 707.80, 710.00, 703.00, 704.50, 708.50, 700.33, 709.80, 706.20, 710.50, 711.67, 714.43, 707.80, 706.25, 709.93 
x-x[0](hours)= 0.00, 31.92, 62.22, 343.43, 375.37, 450.82, 510.42, 531.35 dx= 11.85, 11.88, 11.88, 11.89, 11.88, 7.11, 11.88, 0.00 
y= 727.18, 726.30, 720.33, 709.21, 706.50, 705.44, 711.10, 706.25 dy= 2.05, 2.14, 2.23, 2.10, 3.29, 4.78, 2.75, 0.00
ls6500.combineCommonSamples: 0102_3F graphs g0102_3F21, g0102_3F25
ls6500.averagePoints:i,n,ax,ay 20 1 1414881238.0 57.5384615385 sx,i1,i2 0.0 19 19
ls6500.combineCommonSamples: 
u-x[0](hours)= -10.78, -2.08, 12.86, 21.66, 36.62, 45.42, 60.39, 69.19, 331.81, 340.60, 355.59, 364.37, 379.36, 388.14, 443.22, 452.00, 492.16, 498.81, 507.59, 522.57, 531.34 v= 71.12, 72.30, 70.81, 71.37, 70.49, 71.54, 69.33, 69.86, 64.04, 64.73, 63.33, 63.25, 61.76, 62.39, 59.59, 60.36, 58.83, 58.12, 58.87, 57.54, 57.23 
x-x[0](hours)= 0.00, 34.57, 64.79, 342.66, 377.29, 447.61, 499.52, 522.57 dx= 11.82, 11.88, 4.40, 11.89, 11.88, 4.39, 7.72, 0.00 
y= 71.41, 71.13, 69.59, 64.03, 62.47, 59.97, 58.61, 57.54 dy= 0.79, 0.56, 0.38, 0.70, 0.75, 0.54, 0.42, 0.00
ls6500.combineCommonSamples: 0052_2F graphs g0052_2F12, g0052_2F14, g0052_2F17
ls6500.combineCommonSamples: 
u-x[0](hours)= -13.23, -4.51, 7.33, 10.41, 19.21, 31.10, 34.18, 42.98, 54.86, 57.94, 66.74, 78.63, 329.34, 338.15, 347.05, 353.12, 361.93, 370.83, 376.89, 385.69, 440.76, 449.56, 458.45, 489.69, 496.35, 505.15, 514.04, 520.10, 529.90, 537.79 v= 46.62, 47.17, 46.83, 46.30, 47.05, 47.11, 46.35, 47.34, 46.97, 45.86, 46.40, 46.56, 43.69, 44.27, 44.24, 43.74, 43.53, 43.97, 43.47, 43.27, 43.27, 42.78, 43.23, 43.06, 42.83, 42.88, 43.38, 42.87, 41.89, 43.11 
x-x[0](hours)= 0.00, 31.86, 64.54, 341.92, 373.83, 449.59, 497.06, 521.35 dx= 11.82, 11.88, 11.88, 11.89, 11.88, 8.85, 7.73, 7.93 
y= 46.73, 46.96, 46.45, 43.99, 43.56, 43.09, 42.92, 42.71 dy= 0.36, 0.43, 0.46, 0.31, 0.29, 0.27, 0.12, 0.76
ls6500.combineCommonSamples: 0142_1F graphs g0142_1F26, g0142_1F33
ls6500.averagePoints:i,n,ax,ay 20 1 1414883010.0 70.5 sx,i1,i2 0.0 19 19
ls6500.combineCommonSamples: 
u-x[0](hours)= -10.78, -2.08, 12.86, 21.66, 36.63, 45.43, 60.39, 69.19, 331.81, 340.60, 355.59, 364.38, 379.36, 388.14, 443.23, 452.01, 492.16, 498.82, 507.59, 522.57, 531.34 v= 90.06, 89.97, 90.29, 89.56, 89.46, 88.90, 88.18, 86.79, 80.31, 78.27, 78.70, 76.56, 77.49, 75.27, 73.28, 71.37, 72.27, 70.91, 69.02, 70.50, 67.00 
x-x[0](hours)= 0.00, 34.57, 64.79, 342.67, 377.29, 447.62, 499.52, 522.57 dx= 11.82, 11.88, 4.40, 11.89, 11.88, 4.39, 7.72, 0.00 
y= 90.11, 89.30, 87.49, 79.09, 76.44, 72.32, 70.73, 70.50 dy= 0.16, 0.36, 0.98, 1.08, 1.11, 1.35, 1.63, 0.00
ls6500.combineCommonSamples: 0140_4F graphs g0140_4F23, g0140_4F31
ls6500.averagePoints:i,n,ax,ay 20 1 1414885234.0 89.0540540541 sx,i1,i2 0.0 19 19
ls6500.combineCommonSamples: 
u-x[0](hours)= -10.82, -2.00, 12.83, 21.75, 36.59, 45.51, 60.36, 69.28, 331.78, 340.69, 355.55, 364.46, 379.32, 388.22, 443.19, 452.09, 492.12, 498.78, 507.68, 522.53, 531.43 v= 89.47, 90.34, 90.43, 89.97, 89.94, 90.29, 89.31, 88.92, 88.20, 87.92, 88.09, 87.97, 87.43, 87.85, 87.86, 87.63, 89.68, 88.53, 88.19, 89.05, 86.65 
x-x[0](hours)= 0.00, 34.62, 64.82, 342.67, 377.34, 447.64, 499.53, 522.53 dx= 11.82, 11.88, 4.46, 11.89, 11.88, 4.45, 7.78, 0.00 
y= 90.08, 90.07, 89.12, 88.07, 87.75, 87.75, 88.80, 89.05 dy= 0.53, 0.19, 0.28, 0.14, 0.29, 0.16, 0.78, 0.00
ls6500.combineCommonSamples: 0052_1R graphs g0052_1R12, g0052_1R14, g0052_1R17
ls6500.averagePoints:i,n,ax,ay 28 1 1414922670.0 42.511627907 sx,i1,i2 0.0 27 27
ls6500.combineCommonSamples: 
u-x[0](hours)= -12.03, -3.21, 3.60, 11.63, 20.55, 27.37, 35.40, 44.32, 51.14, 59.17, 68.08, 74.91, 330.58, 339.49, 346.29, 354.36, 363.26, 370.06, 378.13, 387.03, 441.99, 450.90, 457.68, 497.58, 506.48, 513.27, 521.33, 530.23, 537.02 v= 46.93, 46.68, 46.76, 47.20, 46.92, 46.96, 47.08, 47.17, 46.72, 46.57, 46.31, 46.52, 44.80, 44.71, 44.09, 43.70, 44.20, 43.98, 43.43, 43.75, 42.86, 43.23, 43.49, 42.92, 42.89, 43.81, 42.77, 42.51, 43.34 
x-x[0](hours)= 0.00, 31.91, 63.32, 342.68, 374.62, 450.19, 509.67, 530.23 dx= 11.83, 11.88, 11.88, 11.89, 11.88, 7.85, 11.88, 0.00 
y= 46.89, 47.03, 46.53, 44.33, 43.84, 43.19, 43.10, 42.51 dy= 0.23, 0.11, 0.17, 0.52, 0.33, 0.32, 0.48, 0.00
ls6500.combineCommonSamples: 0050_1R graphs g0050_1R11, g0050_1R13, g0050_1R16
ls6500.averagePoints:i,n,ax,ay 28 1 1414922223.0 47.6944444444 sx,i1,i2 0.0 27 27
ls6500.combineCommonSamples: 
u-x[0](hours)= -12.03, -3.21, 3.60, 11.63, 20.55, 27.37, 35.40, 44.32, 51.14, 59.17, 68.08, 74.91, 330.58, 339.49, 346.29, 354.36, 363.26, 370.06, 378.13, 387.03, 441.99, 450.90, 457.68, 497.58, 506.48, 513.27, 521.33, 530.23, 537.02 v= 48.04, 48.11, 47.91, 48.34, 47.95, 47.88, 48.22, 48.27, 47.85, 47.82, 47.88, 47.57, 48.07, 48.07, 47.26, 48.00, 47.84, 47.43, 47.85, 47.82, 47.72, 48.25, 47.87, 48.55, 48.48, 48.12, 49.02, 47.69, 48.66 
x-x[0](hours)= 0.00, 31.91, 63.32, 342.68, 374.62, 450.19, 509.67, 530.23 dx= 11.83, 11.88, 11.88, 11.89, 11.88, 7.85, 11.88, 0.00 
y= 48.10, 48.08, 47.78, 47.85, 47.73, 47.95, 48.54, 47.69 dy= 0.18, 0.20, 0.14, 0.39, 0.20, 0.27, 0.37, 0.00
ls6500.combineCommonSamples: 0102_1R graphs g0102_1R21, g0102_1R25
ls6500.combineCommonSamples: 
u-x[0](hours)= -10.79, -2.09, 12.88, 21.68, 36.65, 45.45, 60.42, 69.21, 331.83, 340.62, 355.61, 364.39, 379.37, 388.16, 443.24, 452.03, 498.83, 507.61, 522.58, 531.36 v= 71.05, 71.30, 70.96, 71.12, 70.29, 70.80, 69.83, 69.42, 65.09, 65.08, 64.49, 63.80, 63.46, 63.30, 61.25, 61.26, 61.09, 60.04, 60.25, 58.55 
x-x[0](hours)= 0.00, 34.59, 64.81, 342.69, 377.31, 447.63, 509.67 dx= 11.84, 11.88, 4.40, 11.89, 11.88, 4.39, 11.88 
y= 71.10, 70.73, 69.62, 64.89, 63.52, 61.26, 60.46 dy= 0.18, 0.42, 0.29, 0.35, 0.26, 0.00, 0.55
ls6500.combineCommonSamples: 0100_1R graphs g0100_1R15, g0100_1R22, g0100_1R27
ls6500.averagePoints:i,n,ax,ay 28 1 1414925757.0 69.2790697674 sx,i1,i2 0.0 27 27
ls6500.combineCommonSamples: 
u-x[0](hours)= -11.26, -2.56, 1.41, 12.41, 21.21, 25.18, 36.18, 44.98, 48.94, 59.95, 68.74, 72.71, 331.36, 340.15, 347.07, 355.14, 363.92, 370.84, 378.91, 387.69, 442.77, 451.56, 458.46, 498.36, 507.14, 514.05, 522.11, 530.89, 537.80 v= 71.93, 72.60, 72.32, 72.41, 72.59, 72.54, 71.86, 72.21, 71.53, 71.27, 71.68, 71.03, 70.30, 70.59, 69.94, 69.88, 70.25, 69.60, 69.86, 69.66, 69.50, 70.18, 69.57, 70.55, 70.25, 70.46, 70.46, 69.28, 70.47 
x-x[0](hours)= 0.00, 31.89, 62.59, 343.43, 375.34, 450.93, 510.42, 530.89 dx= 11.84, 11.88, 11.88, 11.89, 11.88, 7.85, 11.88, 0.00 
y= 72.32, 72.30, 71.38, 70.18, 69.84, 69.75, 70.43, 69.28 dy= 0.28, 0.34, 0.29, 0.33, 0.29, 0.37, 0.13, 0.00
ls6500.combineCommonSamples: 1000_4F graphs g1000_4F34, g1000_4F36, g1000_4F37
ls6500.averagePoints:i,n,ax,ay 28 1 1414921322.0 704.428571429 sx,i1,i2 0.0 27 27
ls6500.combineCommonSamples: 
u-x[0](hours)= -12.06, -3.24, 3.70, 11.60, 20.52, 27.47, 35.37, 44.29, 51.23, 59.13, 68.05, 75.00, 330.55, 339.46, 346.38, 354.33, 363.23, 370.15, 378.09, 387.00, 441.96, 450.86, 457.78, 497.55, 506.45, 513.36, 521.30, 530.20, 537.11 v= 727.80, 729.33, 732.33, 729.00, 726.80, 731.67, 724.25, 728.50, 727.75, 722.09, 718.00, 722.75, 712.00, 713.50, 714.57, 709.67, 707.20, 709.17, 709.40, 709.57, 706.50, 706.75, 712.60, 713.00, 712.67, 721.40, 719.17, 704.43, 715.33 
x-x[0](hours)= 0.00, 31.91, 63.35, 342.68, 374.62, 450.20, 509.67, 530.20 dx= 11.83, 11.88, 11.88, 11.89, 11.88, 7.91, 11.88, 0.00 
y= 729.62, 727.80, 722.65, 712.43, 708.83, 708.62, 716.56, 704.43 dy= 1.93, 3.11, 4.00, 2.13, 1.10, 3.45, 4.40, 0.00
ls6500.combineCommonSamples: 0142_4F graphs g0142_4F26, g0142_4F33
ls6500.averagePoints:i,n,ax,ay 20 1 1414885677.0 69.0681818182 sx,i1,i2 0.0 19 19
ls6500.combineCommonSamples: 
u-x[0](hours)= -10.82, -2.00, 12.83, 21.75, 36.59, 45.51, 60.36, 69.28, 331.78, 340.69, 355.56, 364.46, 379.32, 388.22, 443.19, 452.09, 492.12, 498.78, 507.68, 522.53, 531.43 v= 90.00, 90.14, 89.89, 89.51, 89.36, 89.59, 88.30, 87.71, 79.25, 79.35, 77.84, 77.60, 76.16, 76.39, 72.10, 72.73, 70.76, 69.88, 70.43, 69.07, 67.82 
x-x[0](hours)= 0.00, 34.62, 64.82, 342.67, 377.34, 447.64, 499.53, 522.53 dx= 11.83, 11.88, 4.46, 11.89, 11.88, 4.45, 7.78, 0.00 
y= 90.01, 89.49, 88.00, 78.81, 76.72, 72.41, 70.36, 69.07 dy= 0.12, 0.12, 0.41, 0.85, 0.77, 0.45, 0.44, 0.00
ls6500.combineCommonSamples: 0100_3R graphs g0100_3R15, g0100_3R22, g0100_3R27
ls6500.averagePoints:i,n,ax,ay 28 1 1414927962.0 69.8958333333 sx,i1,i2 0.0 27 27
ls6500.combineCommonSamples: 
u-x[0](hours)= -11.26, -2.44, 1.28, 12.42, 21.34, 25.05, 36.19, 45.10, 48.82, 59.95, 68.87, 72.58, 331.36, 340.27, 346.94, 355.14, 364.05, 370.71, 378.91, 387.81, 442.77, 451.68, 458.34, 498.36, 507.26, 513.92, 522.12, 531.01, 537.68 v= 72.38, 72.93, 72.45, 72.40, 72.78, 72.15, 72.41, 72.29, 72.03, 72.03, 71.72, 71.22, 70.83, 70.16, 69.98, 70.09, 70.32, 69.62, 70.25, 70.35, 69.74, 70.35, 69.83, 70.72, 70.67, 70.15, 70.88, 69.90, 70.54 
x-x[0](hours)= 0.00, 31.92, 62.55, 343.43, 375.37, 450.93, 510.42, 531.01 dx= 11.84, 11.88, 11.88, 11.89, 11.88, 7.78, 11.88, 0.00 
y= 72.54, 72.41, 71.75, 70.26, 70.14, 69.98, 70.60, 69.90 dy= 0.26, 0.27, 0.38, 0.38, 0.34, 0.33, 0.32, 0.00
ls6500.combineCommonSamples: 1000_3F graphs g1000_3F34, g1000_3F36, g1000_3F37
ls6500.averagePoints:i,n,ax,ay 28 1 1414919978.0 705.0 sx,i1,i2 0.0 27 27
ls6500.combineCommonSamples: 
u-x[0](hours)= -12.06, -3.36, 3.82, 11.60, 20.40, 27.59, 35.36, 44.16, 51.36, 59.13, 67.93, 75.13, 330.55, 339.34, 346.50, 354.32, 363.11, 370.28, 378.09, 386.87, 441.96, 450.74, 457.90, 497.55, 506.33, 513.49, 521.30, 530.08, 537.24 v= 721.00, 731.50, 729.00, 723.33, 731.00, 725.00, 716.80, 731.60, 724.00, 715.00, 716.67, 719.00, 705.67, 708.33, 711.00, 703.33, 707.83, 707.83, 699.20, 709.00, 700.00, 706.80, 707.60, 706.25, 711.50, 716.25, 709.00, 705.00, 713.33 
x-x[0](hours)= 0.00, 31.88, 63.38, 342.68, 374.59, 450.20, 509.67, 530.08 dx= 11.83, 11.88, 11.88, 11.89, 11.88, 7.97, 11.88, 0.00 
y= 726.21, 726.10, 718.67, 707.08, 705.97, 704.80, 710.75, 705.00 dy= 4.87, 6.88, 3.92, 3.32, 4.54, 4.18, 4.25, 0.00
ls6500.combineCommonSamples: 1002_2F graphs g1002_2F32, g1002_2F35
ls6500.combineCommonSamples: 
u-x[0](hours)= -10.79, -2.08, 12.87, 21.67, 36.64, 45.44, 60.40, 69.20, 331.82, 340.61, 355.60, 364.38, 379.37, 388.15, 443.23, 452.01, 498.82, 507.60, 522.57, 531.35 v= 585.00, 585.33, 576.43, 572.75, 562.80, 564.00, 545.00, 537.00, 409.83, 408.33, 396.71, 394.75, 385.14, 384.62, 362.00, 364.88, 351.86, 353.43, 349.43, 344.75 
x-x[0](hours)= 0.00, 34.58, 64.80, 342.68, 377.30, 447.62, 509.67 dx= 11.83, 11.88, 4.40, 11.89, 11.88, 4.39, 11.88 
y= 582.25, 566.52, 541.00, 404.96, 388.17, 363.44, 351.57 dy= 5.05, 5.43, 5.66, 7.18, 5.70, 2.03, 2.02
ls6500.combineCommonSamples: 1002_4R graphs g1002_4R32, g1002_4R35
ls6500.combineCommonSamples: 
u-x[0](hours)= -10.82, -2.08, 12.89, 21.69, 36.66, 45.46, 60.43, 69.22, 331.84, 340.63, 355.61, 364.40, 379.38, 388.16, 443.24, 452.03, 498.83, 507.61, 522.58, 531.36 v= 594.33, 593.20, 583.40, 581.50, 573.00, 564.29, 554.00, 548.43, 416.33, 411.86, 405.64, 398.86, 394.67, 390.33, 371.57, 370.62, 364.75, 361.43, 355.71, 352.25 
x-x[0](hours)= 0.00, 34.60, 64.83, 342.69, 377.31, 447.63, 509.68 dx= 11.86, 11.88, 4.40, 11.89, 11.88, 4.39, 11.88 
y= 590.31, 572.93, 551.21, 411.28, 394.62, 371.10, 360.63 dy= 6.01, 8.61, 3.94, 5.37, 4.26, 0.67, 4.57
ls6500.combineCommonSamples: 0050_3F graphs g0050_3F11, g0050_3F13, g0050_3F16
ls6500.combineCommonSamples: 
u-x[0](hours)= -13.22, -4.51, 7.33, 10.41, 19.21, 31.09, 34.17, 42.97, 54.86, 57.94, 66.74, 78.63, 329.34, 338.15, 347.05, 353.12, 361.92, 370.82, 376.89, 385.69, 440.76, 449.56, 458.45, 489.69, 496.35, 505.14, 514.03, 520.10, 527.89, 537.79 v= 47.94, 48.31, 48.02, 48.00, 48.34, 48.11, 48.06, 48.83, 48.15, 47.89, 48.16, 47.90, 48.17, 48.91, 48.06, 47.96, 48.57, 48.22, 48.12, 48.97, 48.37, 48.82, 48.61, 49.28, 49.40, 49.61, 49.16, 49.05, 49.64, 49.33 
x-x[0](hours)= 0.00, 31.86, 64.54, 341.92, 373.83, 449.59, 497.06, 520.68 dx= 11.81, 11.88, 11.88, 11.89, 11.88, 8.85, 7.73, 6.93 
y= 48.07, 48.33, 48.02, 48.27, 48.47, 48.60, 49.43, 49.28 dy= 0.17, 0.35, 0.15, 0.44, 0.39, 0.22, 0.17, 0.32
ls6500.combineCommonSamples: 1000_2R graphs g1000_2R34, g1000_2R36, g1000_2R37
ls6500.averagePoints:i,n,ax,ay 28 1 1414934638.0 704.142857143 sx,i1,i2 0.0 27 27
ls6500.combineCommonSamples: 
u-x[0](hours)= -10.91, -2.06, 0.18, 12.79, 21.71, 23.95, 36.56, 45.48, 47.71, 60.33, 69.24, 71.48, 331.74, 340.65, 345.83, 355.51, 364.42, 369.61, 379.28, 388.19, 443.15, 452.05, 457.23, 498.74, 507.63, 512.82, 522.49, 531.38, 536.57 v= 726.33, 730.50, 728.00, 724.33, 727.80, 729.71, 723.33, 723.80, 723.33, 719.50, 721.40, 720.75, 714.80, 712.00, 711.25, 708.00, 708.50, 706.60, 705.75, 707.83, 706.00, 709.25, 706.67, 712.33, 712.80, 714.40, 709.80, 704.14, 715.50 
x-x[0](hours)= 0.00, 31.92, 62.19, 343.43, 375.37, 450.81, 510.42, 531.38 dx= 11.85, 11.88, 11.88, 11.89, 11.88, 7.04, 11.88, 0.00 
y= 727.29, 726.16, 721.25, 711.51, 707.17, 707.31, 712.33, 704.14 dy= 2.61, 3.10, 1.60, 2.80, 1.23, 1.72, 1.91, 0.00
ls6500.combineCommonSamples: 1000_1F graphs g1000_1F34, g1000_1F36, g1000_1F37
ls6500.combineCommonSamples: 
u-x[0](hours)= -12.09, -3.39, 3.92, 11.56, 20.36, 27.69, 35.33, 44.13, 51.46, 59.09, 67.89, 75.22, 330.51, 339.30, 346.60, 354.29, 363.07, 370.38, 378.06, 386.84, 441.92, 450.71, 458.00, 490.86, 497.51, 506.29, 513.59, 521.27, 530.04, 537.34 v= 724.67, 722.57, 724.20, 726.25, 722.38, 723.60, 726.00, 727.00, 719.57, 720.67, 712.75, 717.83, 710.00, 706.00, 709.43, 709.00, 702.25, 702.67, 701.60, 701.50, 701.75, 702.60, 705.33, 715.50, 709.62, 704.71, 711.25, 713.00, 701.80, 707.20 
x-x[0](hours)= 0.00, 31.88, 63.42, 342.68, 374.59, 450.21, 502.06, 525.65 dx= 11.83, 11.88, 11.88, 11.89, 11.88, 8.04, 11.37, 4.39 
y= 724.42, 724.74, 717.71, 708.61, 702.00, 703.23, 710.27, 707.40 dy= 1.51, 2.13, 3.50, 1.79, 0.55, 1.87, 4.46, 7.92
ls6500.combineCommonSamples: 0050_1F graphs g0050_1F11, g0050_1F13, g0050_1F16
ls6500.averagePoints:i,n,ax,ay 21 1 1414421861.0 47.5434782609 sx,i1,i2 0.0 20 20
ls6500.combineCommonSamples: 
u-x[0](hours)= -12.42, -3.66, 4.83, 11.25, 20.05, 28.60, 35.02, 43.82, 52.37, 58.79, 67.58, 76.13, 330.19, 338.99, 347.54, 353.97, 362.77, 371.31, 377.74, 386.54, 395.07, 441.60, 450.40, 458.94, 490.54, 497.19, 505.99, 514.52, 520.95, 530.74, 538.27 v= 48.05, 47.98, 47.91, 47.95, 47.92, 47.75, 47.83, 47.79, 47.12, 47.79, 47.45, 47.32, 47.56, 47.95, 47.48, 47.67, 47.78, 47.05, 47.80, 47.88, 47.54, 48.42, 47.92, 47.77, 48.83, 48.64, 48.63, 47.93, 49.44, 48.57, 47.53 
x-x[0](hours)= 0.00, 31.87, 63.72, 342.67, 374.59, 395.07, 450.31, 502.06, 525.84 dx= 11.84, 11.88, 11.88, 11.89, 11.88, 0.00, 8.67, 11.99, 4.90 
y= 47.97, 47.82, 47.42, 47.67, 47.63, 47.54, 48.04, 48.51, 49.00 dy= 0.06, 0.07, 0.28, 0.21, 0.39, 0.00, 0.34, 0.40, 0.62
ls6500.combineCommonSamples: 0100_1F graphs g0100_1F15, g0100_1F22, g0100_1F27
ls6500.combineCommonSamples: 
u-x[0](hours)= -13.25, -4.43, 7.30, 10.38, 19.30, 31.07, 34.15, 43.07, 54.83, 57.91, 66.83, 78.60, 329.31, 338.24, 347.02, 353.09, 362.02, 370.80, 376.86, 385.78, 440.73, 449.65, 458.42, 489.66, 496.32, 505.24, 514.01, 520.07, 528.99, 537.76 v= 72.49, 72.49, 72.05, 72.35, 71.86, 71.98, 72.46, 72.05, 71.64, 71.88, 70.92, 71.13, 70.21, 69.94, 70.10, 69.80, 69.47, 69.20, 69.64, 69.72, 69.75, 69.14, 69.19, 70.97, 70.51, 70.23, 70.14, 70.82, 69.39, 70.05 
x-x[0](hours)= 0.00, 31.90, 64.54, 341.92, 373.86, 449.60, 497.07, 521.02 dx= 11.82, 11.88, 11.88, 11.89, 11.88, 8.85, 7.79, 7.49 
y= 72.34, 72.09, 71.39, 70.01, 69.51, 69.36, 70.57, 70.12 dy= 0.21, 0.26, 0.45, 0.18, 0.23, 0.34, 0.38, 0.72
ls6500.combineCommonSamples: 1000_2F graphs g1000_2F34, g1000_2F36, g1000_2F37
ls6500.averagePoints:i,n,ax,ay 28 1 1414919063.0 692.666666667 sx,i1,i2 0.0 27 27
ls6500.combineCommonSamples: 
u-x[0](hours)= -12.06, -3.36, 3.83, 11.59, 20.39, 27.59, 35.36, 44.16, 51.36, 59.13, 67.92, 75.13, 330.54, 339.33, 346.51, 354.32, 363.11, 370.28, 378.09, 386.87, 441.95, 450.74, 457.91, 497.55, 506.32, 513.49, 521.30, 530.07, 537.24 v= 714.25, 719.14, 721.00, 716.00, 718.00, 720.00, 710.75, 724.80, 717.00, 707.00, 709.90, 712.00, 700.25, 699.80, 705.00, 697.50, 697.80, 700.67, 694.12, 697.25, 692.40, 697.33, 702.67, 698.50, 700.00, 709.43, 703.00, 692.67, 704.57 
x-x[0](hours)= 0.00, 31.88, 63.39, 342.68, 374.59, 450.20, 509.67, 530.07 dx= 11.83, 11.88, 11.88, 11.89, 11.88, 7.98, 11.88, 0.00 
y= 717.60, 718.39, 711.48, 700.64, 697.46, 697.47, 702.73, 692.67 dy= 3.04, 5.84, 4.22, 3.15, 2.68, 5.13, 4.84, 0.00
ls6500.combineCommonSamples: 1002_4F graphs g1002_4F32, g1002_4F35
ls6500.combineCommonSamples: 
u-x[0](hours)= -10.83, -2.01, 12.83, 21.75, 36.60, 45.52, 60.37, 69.28, 331.78, 340.69, 355.56, 364.46, 379.33, 388.23, 443.19, 452.10, 498.78, 507.68, 522.53, 531.43 v= 595.00, 594.70, 585.62, 584.67, 574.50, 575.50, 559.50, 554.00, 419.55, 415.00, 409.12, 403.86, 397.17, 395.11, 374.57, 373.89, 365.11, 363.50, 360.75, 352.33 
x-x[0](hours)= 0.00, 34.62, 64.83, 342.68, 377.34, 447.64, 509.67 dx= 11.83, 11.88, 4.46, 11.89, 11.88, 4.45, 11.88 
y= 591.77, 578.22, 556.75, 414.56, 398.71, 374.23, 363.12 dy= 5.33, 5.60, 3.89, 5.22, 4.57, 0.48, 2.21
ls6500.combineCommonSamples: 0050_3R graphs g0050_3R11, g0050_3R13, g0050_3R16
ls6500.averagePoints:i,n,ax,ay 28 1 1414923991.0 48.6578947368 sx,i1,i2 0.0 27 27
ls6500.combineCommonSamples: 
u-x[0](hours)= -11.97, -3.27, 3.55, 11.70, 20.49, 27.32, 35.46, 44.26, 51.08, 59.23, 68.03, 74.85, 330.64, 339.43, 346.23, 354.42, 363.21, 370.00, 378.19, 386.97, 442.05, 450.84, 457.63, 497.64, 506.42, 513.21, 521.40, 530.17, 536.96 v= 47.77, 47.95, 47.74, 48.40, 48.56, 47.57, 48.33, 48.40, 47.57, 47.90, 48.00, 47.28, 47.63, 48.23, 47.57, 47.65, 48.24, 47.18, 47.62, 48.20, 47.43, 48.58, 47.84, 48.49, 49.19, 48.19, 48.87, 48.66, 48.16 
x-x[0](hours)= 0.00, 31.88, 63.30, 342.68, 374.59, 450.17, 509.67, 530.17 dx= 11.84, 11.88, 11.88, 11.89, 11.88, 7.79, 11.88, 0.00 
y= 47.97, 48.22, 47.69, 47.77, 47.81, 47.95, 48.68, 48.66 dy= 0.31, 0.44, 0.33, 0.31, 0.51, 0.58, 0.44, 0.00
ls6500.combineCommonSamples: 0100_3F graphs g0100_3F15, g0100_3F22, g0100_3F27
ls6500.combineCommonSamples: 
u-x[0](hours)= -13.13, -4.43, 7.05, 10.50, 19.30, 30.82, 34.27, 43.07, 54.59, 58.04, 66.84, 78.36, 329.46, 338.25, 346.78, 353.23, 362.02, 370.55, 377.00, 385.79, 440.87, 449.65, 458.18, 489.80, 496.46, 505.24, 513.76, 520.21, 528.99, 537.52 v= 72.33, 72.64, 72.14, 72.61, 72.45, 71.92, 72.20, 73.17, 71.98, 71.90, 71.38, 71.42, 70.22, 70.57, 70.15, 70.51, 70.41, 69.80, 70.02, 70.42, 69.57, 70.03, 70.23, 71.45, 70.47, 70.95, 70.50, 70.85, 70.07, 70.47 
x-x[0](hours)= 0.00, 31.87, 64.45, 341.93, 373.84, 449.57, 501.32, 524.60 dx= 11.82, 11.88, 11.88, 11.89, 11.88, 8.65, 11.98, 4.39 
y= 72.43, 72.44, 71.67, 70.36, 70.16, 69.95, 70.84, 70.46 dy= 0.24, 0.54, 0.31, 0.21, 0.30, 0.34, 0.46, 0.55
ls6500.combineCommonSamples: 1000_3R graphs g1000_3R34, g1000_3R36, g1000_3R37
ls6500.averagePoints:i,n,ax,ay 28 1 1414935550.0 714.0 sx,i1,i2 0.0 27 27
ls6500.combineCommonSamples: 
u-x[0](hours)= -10.82, -2.09, 0.02, 12.89, 21.68, 23.79, 36.65, 45.45, 47.56, 60.42, 69.22, 71.32, 331.83, 340.62, 345.68, 355.61, 364.39, 369.45, 379.37, 388.16, 443.24, 452.02, 457.08, 498.83, 507.60, 512.66, 522.58, 531.35, 536.41 v= 732.33, 738.25, 731.75, 731.00, 736.55, 732.00, 729.57, 729.71, 728.00, 723.00, 729.80, 722.60, 715.50, 717.33, 713.50, 713.00, 715.67, 709.57, 710.00, 712.80, 707.80, 714.00, 712.80, 720.00, 719.43, 719.83, 712.17, 714.00, 720.50 
x-x[0](hours)= 0.00, 31.89, 62.13, 343.43, 375.34, 450.78, 510.42, 531.35 dx= 11.85, 11.88, 11.88, 11.89, 11.88, 6.92, 11.88, 0.00 
y= 733.33, 731.96, 725.85, 714.83, 712.01, 711.53, 717.86, 714.00 dy= 3.32, 3.25, 3.60, 1.99, 2.83, 3.29, 3.80, 0.00
ls6500.combineCommonSamples: 0052_4F graphs g0052_4F12, g0052_4F14, g0052_4F17
ls6500.combineCommonSamples: 
u-x[0](hours)= -13.25, -4.43, 7.30, 10.38, 19.30, 31.07, 34.15, 43.07, 54.83, 57.91, 66.83, 78.60, 329.31, 338.24, 347.02, 353.09, 362.02, 370.80, 376.86, 385.78, 440.73, 449.65, 458.42, 489.66, 496.32, 505.23, 514.01, 520.07, 528.99, 537.76 v= 47.15, 47.41, 47.21, 47.39, 47.02, 46.94, 47.02, 47.25, 46.97, 46.87, 46.13, 46.41, 44.30, 44.38, 44.50, 43.90, 43.84, 43.95, 43.73, 43.76, 43.08, 42.95, 43.40, 42.95, 43.23, 42.77, 43.60, 43.12, 42.39, 43.05 
x-x[0](hours)= 0.00, 31.89, 64.54, 341.92, 373.86, 449.60, 497.07, 521.02 dx= 11.82, 11.88, 11.88, 11.89, 11.88, 8.85, 7.79, 7.49 
y= 47.29, 47.06, 46.59, 44.27, 43.82, 43.14, 42.99, 43.04 dy= 0.13, 0.13, 0.39, 0.26, 0.10, 0.23, 0.23, 0.61
ls6500.Analyze: Wrote hists to Histograms/mergensrl.root
