ls6500: Output directed to terminal and Log/mergensrl_201411060937_624420.log
initialize ls6500 mergensrl . Merging /Users/djaffe/work/GIT/LINDSEY/TechMaturation2014/LS6500/Pre-irrad_1_141014/, /Users/djaffe/work/GIT/LINDSEY/TechMaturation2014/LS6500/Pre-irrad_2_141024/, /Users/djaffe/work/GIT/LINDSEY/TechMaturation2014/LS6500/Pre-irrad_3_141029/, /Users/djaffe/work/GIT/LINDSEY/TechMaturation2014/LS6500/Pre-irrad_4_141031/, /Users/djaffe/work/GIT/LINDSEY/TechMaturation2014/LS6500/Pre-irrad_5_141031/
0.00, 31.25, 62.50, 93.75, 125.00, 156.25, 187.50, 218.75, 250.00, 281.25
0.00, 31.25, 62.50, 93.75, 125.00, 156.25, 187.50, 218.75, 250.00, 281.25
ls6500.Main: pickMode merge
ls6500.putOrGet: unpickling...be patient. file Pickles/Pre-irrad_1_141014.pickle
ls6500.fillSampleMsmts: initial,final sampleMsmts length 0 , 192
ls6500.fillSampleMsmts: Samples in fillSampleMsmts 0050_1F11 0050_1F13 0050_1F16 0050_1R11 0050_1R13 0050_1R16 0050_2F11 0050_2F13 0050_2F16 0050_2R11 0050_2R13 0050_2R16 0050_3F11 0050_3F13 0050_3F16 0050_3R11 0050_3R13 0050_3R16 0050_4F11 0050_4F13 0050_4F16 0050_4R11 0050_4R13 0050_4R16 0050_FPMT 0050_REF1 0050_REF2 0050_RPMT 0052_1F12 0052_1F14 0052_1F17 0052_1R12 0052_1R14 0052_1R17 0052_2F12 0052_2F14 0052_2F17 0052_2R12 0052_2R14 0052_2R17 0052_3F12 0052_3F14 0052_3F17 0052_3R12 0052_3R14 0052_3R17 0052_4F12 0052_4F14 0052_4F17 0052_4R12 0052_4R14 0052_4R17 0052_REF1 0052_REF2 0100_1F15 0100_1F22 0100_1F27 0100_1R15 0100_1R22 0100_1R27 0100_2F15 0100_2F22 0100_2F27 0100_2R15 0100_2R22 0100_2R27 0100_3F15 0100_3F22 0100_3F27 0100_3R15 0100_3R22 0100_3R27 0100_4F15 0100_4F22 0100_4F27 0100_4R15 0100_4R22 0100_4R27 0100_REF1 0100_REF2 0102_1F21 0102_1F25 0102_1R21 0102_1R25 0102_2F21 0102_2F25 0102_2R21 0102_2R25 0102_3F21 0102_3F25 0102_3R21 0102_3R25 0102_4F21 0102_4F25 0102_4R21 0102_4R25 0102_REF1 0102_REF2 0140_1F23 0140_1F31 0140_1R23 0140_1R31 0140_2F23 0140_2F31 0140_2R23 0140_2R31 0140_3F23 0140_3F31 0140_3R23 0140_3R31 0140_4F23 0140_4F31 0140_4R23 0140_4R31 0140_REF1 0142_1F26 0142_1F33 0142_1R26 0142_1R33 0142_2F26 0142_2F33 0142_2R26 0142_2R33 0142_3F26 0142_3F33 0142_3R26 0142_3R33 0142_4F26 0142_4F33 0142_4R26 0142_4R33 0142_REF1 1000_1F34 1000_1F36 1000_1F37 1000_1R34 1000_1R36 1000_1R37 1000_2F34 1000_2F36 1000_2F37 1000_2R34 1000_2R36 1000_2R37 1000_3F34 1000_3F36 1000_3F37 1000_3R34 1000_3R36 1000_3R37 1000_4F34 1000_4F36 1000_4F37 1000_4R34 1000_4R36 1000_4R37 1000_REF1 1002_1F32 1002_1F35 1002_1R32 1002_1R35 1002_2F32 1002_2F35 1002_2R32 1002_2R35 1002_3F32 1002_3F35 1002_3R32 1002_3R35 1002_4F32 1002_4F35 1002_4R32 1002_4R35 1002_REF1 EMPTY_S10_Position10 EMPTY_S11_Position11 EMPTY_S12_Position12 EMPTY_S13_Position01 EMPTY_S13_Position03 EMPTY_S14_Position01 EMPTY_S14_Position04 EMPTY_S15_Position01 EMPTY_S15_Position05 EMPTY_S1_Position01 EMPTY_S2_Position02 EMPTY_S3_Position03 EMPTY_S4_Position04 EMPTY_S5_Position05 EMPTY_S6_Position06 EMPTY_S7_Position07 EMPTY_S8_Position08 EMPTY_S9_Position09 
ls6500.putOrGet: pickled data read from Pickles/Pre-irrad_1_141014.pickle
ls6500.putOrGet: unpickling...be patient. file Pickles/Pre-irrad_2_141024.pickle
ls6500.fillSampleMsmts: initial,final sampleMsmts length 192 , 194
ls6500.fillSampleMsmts: Samples in fillSampleMsmts 0050_1F11 0050_1F13 0050_1F16 0050_1R11 0050_1R13 0050_1R16 0050_2F11 0050_2F13 0050_2F16 0050_2R11 0050_2R13 0050_2R16 0050_3F11 0050_3F13 0050_3F16 0050_3R11 0050_3R13 0050_3R16 0050_4F11 0050_4F13 0050_4F16 0050_4R11 0050_4R13 0050_4R16 0050_FPMT 0050_REF1 0050_REF2 0050_RPMT 0052_1F12 0052_1F14 0052_1F17 0052_1R12 0052_1R14 0052_1R17 0052_2F12 0052_2F14 0052_2F17 0052_2R12 0052_2R14 0052_2R17 0052_3F12 0052_3F14 0052_3F17 0052_3R12 0052_3R14 0052_3R17 0052_4F12 0052_4F14 0052_4F17 0052_4R12 0052_4R14 0052_4R17 0052_REF1 0052_REF2 0100_1F15 0100_1F22 0100_1F27 0100_1R15 0100_1R22 0100_1R27 0100_2F15 0100_2F22 0100_2F27 0100_2R15 0100_2R22 0100_2R27 0100_3F15 0100_3F22 0100_3F27 0100_3R15 0100_3R22 0100_3R27 0100_4F15 0100_4F22 0100_4F27 0100_4R15 0100_4R22 0100_4R27 0100_REF1 0100_REF2 0102_1F21 0102_1F25 0102_1R21 0102_1R25 0102_2F21 0102_2F25 0102_2R21 0102_2R25 0102_3F21 0102_3F25 0102_3R21 0102_3R25 0102_4F21 0102_4F25 0102_4R21 0102_4R25 0102_REF1 0102_REF2 0140_1F23 0140_1F31 0140_1R23 0140_1R31 0140_2F23 0140_2F31 0140_2R23 0140_2R31 0140_3F23 0140_3F31 0140_3R23 0140_3R31 0140_4F23 0140_4F31 0140_4R23 0140_4R31 0140_REF1 0142_1F26 0142_1F33 0142_1R26 0142_1R33 0142_2F26 0142_2F33 0142_2R26 0142_2R33 0142_3F26 0142_3F33 0142_3R26 0142_3R33 0142_4F26 0142_4F33 0142_4R26 0142_4R33 0142_REF1 1000_1F34 1000_1F36 1000_1F37 1000_1R34 1000_1R36 1000_1R37 1000_2F34 1000_2F36 1000_2F37 1000_2R34 1000_2R36 1000_2R37 1000_3F34 1000_3F36 1000_3F37 1000_3R34 1000_3R36 1000_3R37 1000_4F34 1000_4F36 1000_4F37 1000_4R34 1000_4R36 1000_4R37 1000_REF1 1002_1F32 1002_1F35 1002_1R32 1002_1R35 1002_2F32 1002_2F35 1002_2R32 1002_2R35 1002_3F32 1002_3F35 1002_3R32 1002_3R35 1002_4F32 1002_4F35 1002_4R32 1002_4R35 1002_REF1 EMPTY_S10_Position10 EMPTY_S11_Position11 EMPTY_S12_Position12 EMPTY_S13_Position01 EMPTY_S13_Position03 EMPTY_S14_Position01 EMPTY_S14_Position04 EMPTY_S15_Position01 EMPTY_S15_Position05 EMPTY_S1_Position01 EMPTY_S2_Position02 EMPTY_S3_Position03 EMPTY_S4_Position04 EMPTY_S5_Position05 EMPTY_S6_Position06 EMPTY_S7_Position07 EMPTY_S8_Position08 EMPTY_S9_Position09 STD_14_C STD_3_H 
ls6500.putOrGet: pickled data read from Pickles/Pre-irrad_2_141024.pickle
ls6500.putOrGet: unpickling...be patient. file Pickles/Pre-irrad_3_141029.pickle
ls6500.fillSampleMsmts: initial,final sampleMsmts length 194 , 194
ls6500.fillSampleMsmts: Samples in fillSampleMsmts 0050_1F11 0050_1F13 0050_1F16 0050_1R11 0050_1R13 0050_1R16 0050_2F11 0050_2F13 0050_2F16 0050_2R11 0050_2R13 0050_2R16 0050_3F11 0050_3F13 0050_3F16 0050_3R11 0050_3R13 0050_3R16 0050_4F11 0050_4F13 0050_4F16 0050_4R11 0050_4R13 0050_4R16 0050_FPMT 0050_REF1 0050_REF2 0050_RPMT 0052_1F12 0052_1F14 0052_1F17 0052_1R12 0052_1R14 0052_1R17 0052_2F12 0052_2F14 0052_2F17 0052_2R12 0052_2R14 0052_2R17 0052_3F12 0052_3F14 0052_3F17 0052_3R12 0052_3R14 0052_3R17 0052_4F12 0052_4F14 0052_4F17 0052_4R12 0052_4R14 0052_4R17 0052_REF1 0052_REF2 0100_1F15 0100_1F22 0100_1F27 0100_1R15 0100_1R22 0100_1R27 0100_2F15 0100_2F22 0100_2F27 0100_2R15 0100_2R22 0100_2R27 0100_3F15 0100_3F22 0100_3F27 0100_3R15 0100_3R22 0100_3R27 0100_4F15 0100_4F22 0100_4F27 0100_4R15 0100_4R22 0100_4R27 0100_REF1 0100_REF2 0102_1F21 0102_1F25 0102_1R21 0102_1R25 0102_2F21 0102_2F25 0102_2R21 0102_2R25 0102_3F21 0102_3F25 0102_3R21 0102_3R25 0102_4F21 0102_4F25 0102_4R21 0102_4R25 0102_REF1 0102_REF2 0140_1F23 0140_1F31 0140_1R23 0140_1R31 0140_2F23 0140_2F31 0140_2R23 0140_2R31 0140_3F23 0140_3F31 0140_3R23 0140_3R31 0140_4F23 0140_4F31 0140_4R23 0140_4R31 0140_REF1 0142_1F26 0142_1F33 0142_1R26 0142_1R33 0142_2F26 0142_2F33 0142_2R26 0142_2R33 0142_3F26 0142_3F33 0142_3R26 0142_3R33 0142_4F26 0142_4F33 0142_4R26 0142_4R33 0142_REF1 1000_1F34 1000_1F36 1000_1F37 1000_1R34 1000_1R36 1000_1R37 1000_2F34 1000_2F36 1000_2F37 1000_2R34 1000_2R36 1000_2R37 1000_3F34 1000_3F36 1000_3F37 1000_3R34 1000_3R36 1000_3R37 1000_4F34 1000_4F36 1000_4F37 1000_4R34 1000_4R36 1000_4R37 1000_REF1 1002_1F32 1002_1F35 1002_1R32 1002_1R35 1002_2F32 1002_2F35 1002_2R32 1002_2R35 1002_3F32 1002_3F35 1002_3R32 1002_3R35 1002_4F32 1002_4F35 1002_4R32 1002_4R35 1002_REF1 EMPTY_S10_Position10 EMPTY_S11_Position11 EMPTY_S12_Position12 EMPTY_S13_Position01 EMPTY_S13_Position03 EMPTY_S14_Position01 EMPTY_S14_Position04 EMPTY_S15_Position01 EMPTY_S15_Position05 EMPTY_S1_Position01 EMPTY_S2_Position02 EMPTY_S3_Position03 EMPTY_S4_Position04 EMPTY_S5_Position05 EMPTY_S6_Position06 EMPTY_S7_Position07 EMPTY_S8_Position08 EMPTY_S9_Position09 STD_14_C STD_3_H 
ls6500.putOrGet: pickled data read from Pickles/Pre-irrad_3_141029.pickle
ls6500.putOrGet: unpickling...be patient. file Pickles/Pre-irrad_4_141031.pickle
ls6500.fillSampleMsmts: initial,final sampleMsmts length 194 , 194
ls6500.fillSampleMsmts: Samples in fillSampleMsmts 0050_1F11 0050_1F13 0050_1F16 0050_1R11 0050_1R13 0050_1R16 0050_2F11 0050_2F13 0050_2F16 0050_2R11 0050_2R13 0050_2R16 0050_3F11 0050_3F13 0050_3F16 0050_3R11 0050_3R13 0050_3R16 0050_4F11 0050_4F13 0050_4F16 0050_4R11 0050_4R13 0050_4R16 0050_FPMT 0050_REF1 0050_REF2 0050_RPMT 0052_1F12 0052_1F14 0052_1F17 0052_1R12 0052_1R14 0052_1R17 0052_2F12 0052_2F14 0052_2F17 0052_2R12 0052_2R14 0052_2R17 0052_3F12 0052_3F14 0052_3F17 0052_3R12 0052_3R14 0052_3R17 0052_4F12 0052_4F14 0052_4F17 0052_4R12 0052_4R14 0052_4R17 0052_REF1 0052_REF2 0100_1F15 0100_1F22 0100_1F27 0100_1R15 0100_1R22 0100_1R27 0100_2F15 0100_2F22 0100_2F27 0100_2R15 0100_2R22 0100_2R27 0100_3F15 0100_3F22 0100_3F27 0100_3R15 0100_3R22 0100_3R27 0100_4F15 0100_4F22 0100_4F27 0100_4R15 0100_4R22 0100_4R27 0100_REF1 0100_REF2 0102_1F21 0102_1F25 0102_1R21 0102_1R25 0102_2F21 0102_2F25 0102_2R21 0102_2R25 0102_3F21 0102_3F25 0102_3R21 0102_3R25 0102_4F21 0102_4F25 0102_4R21 0102_4R25 0102_REF1 0102_REF2 0140_1F23 0140_1F31 0140_1R23 0140_1R31 0140_2F23 0140_2F31 0140_2R23 0140_2R31 0140_3F23 0140_3F31 0140_3R23 0140_3R31 0140_4F23 0140_4F31 0140_4R23 0140_4R31 0140_REF1 0142_1F26 0142_1F33 0142_1R26 0142_1R33 0142_2F26 0142_2F33 0142_2R26 0142_2R33 0142_3F26 0142_3F33 0142_3R26 0142_3R33 0142_4F26 0142_4F33 0142_4R26 0142_4R33 0142_REF1 1000_1F34 1000_1F36 1000_1F37 1000_1R34 1000_1R36 1000_1R37 1000_2F34 1000_2F36 1000_2F37 1000_2R34 1000_2R36 1000_2R37 1000_3F34 1000_3F36 1000_3F37 1000_3R34 1000_3R36 1000_3R37 1000_4F34 1000_4F36 1000_4F37 1000_4R34 1000_4R36 1000_4R37 1000_REF1 1002_1F32 1002_1F35 1002_1R32 1002_1R35 1002_2F32 1002_2F35 1002_2R32 1002_2R35 1002_3F32 1002_3F35 1002_3R32 1002_3R35 1002_4F32 1002_4F35 1002_4R32 1002_4R35 1002_REF1 EMPTY_S10_Position10 EMPTY_S11_Position11 EMPTY_S12_Position12 EMPTY_S13_Position01 EMPTY_S13_Position03 EMPTY_S14_Position01 EMPTY_S14_Position04 EMPTY_S15_Position01 EMPTY_S15_Position05 EMPTY_S1_Position01 EMPTY_S2_Position02 EMPTY_S3_Position03 EMPTY_S4_Position04 EMPTY_S5_Position05 EMPTY_S6_Position06 EMPTY_S7_Position07 EMPTY_S8_Position08 EMPTY_S9_Position09 STD_14_C STD_3_H 
ls6500.putOrGet: pickled data read from Pickles/Pre-irrad_4_141031.pickle
ls6500.putOrGet: unpickling...be patient. file Pickles/Pre-irrad_5_141031.pickle
ls6500.fillSampleMsmts: initial,final sampleMsmts length 194 , 194
ls6500.fillSampleMsmts: Samples in fillSampleMsmts 0050_1F11 0050_1F13 0050_1F16 0050_1R11 0050_1R13 0050_1R16 0050_2F11 0050_2F13 0050_2F16 0050_2R11 0050_2R13 0050_2R16 0050_3F11 0050_3F13 0050_3F16 0050_3R11 0050_3R13 0050_3R16 0050_4F11 0050_4F13 0050_4F16 0050_4R11 0050_4R13 0050_4R16 0050_FPMT 0050_REF1 0050_REF2 0050_RPMT 0052_1F12 0052_1F14 0052_1F17 0052_1R12 0052_1R14 0052_1R17 0052_2F12 0052_2F14 0052_2F17 0052_2R12 0052_2R14 0052_2R17 0052_3F12 0052_3F14 0052_3F17 0052_3R12 0052_3R14 0052_3R17 0052_4F12 0052_4F14 0052_4F17 0052_4R12 0052_4R14 0052_4R17 0052_REF1 0052_REF2 0100_1F15 0100_1F22 0100_1F27 0100_1R15 0100_1R22 0100_1R27 0100_2F15 0100_2F22 0100_2F27 0100_2R15 0100_2R22 0100_2R27 0100_3F15 0100_3F22 0100_3F27 0100_3R15 0100_3R22 0100_3R27 0100_4F15 0100_4F22 0100_4F27 0100_4R15 0100_4R22 0100_4R27 0100_REF1 0100_REF2 0102_1F21 0102_1F25 0102_1R21 0102_1R25 0102_2F21 0102_2F25 0102_2R21 0102_2R25 0102_3F21 0102_3F25 0102_3R21 0102_3R25 0102_4F21 0102_4F25 0102_4R21 0102_4R25 0102_REF1 0102_REF2 0140_1F23 0140_1F31 0140_1R23 0140_1R31 0140_2F23 0140_2F31 0140_2R23 0140_2R31 0140_3F23 0140_3F31 0140_3R23 0140_3R31 0140_4F23 0140_4F31 0140_4R23 0140_4R31 0140_REF1 0142_1F26 0142_1F33 0142_1R26 0142_1R33 0142_2F26 0142_2F33 0142_2R26 0142_2R33 0142_3F26 0142_3F33 0142_3R26 0142_3R33 0142_4F26 0142_4F33 0142_4R26 0142_4R33 0142_REF1 1000_1F34 1000_1F36 1000_1F37 1000_1R34 1000_1R36 1000_1R37 1000_2F34 1000_2F36 1000_2F37 1000_2R34 1000_2R36 1000_2R37 1000_3F34 1000_3F36 1000_3F37 1000_3R34 1000_3R36 1000_3R37 1000_4F34 1000_4F36 1000_4F37 1000_4R34 1000_4R36 1000_4R37 1000_REF1 1002_1F32 1002_1F35 1002_1R32 1002_1R35 1002_2F32 1002_2F35 1002_2R32 1002_2R35 1002_3F32 1002_3F35 1002_3R32 1002_3R35 1002_4F32 1002_4F35 1002_4R32 1002_4R35 1002_REF1 EMPTY_S10_Position10 EMPTY_S11_Position11 EMPTY_S12_Position12 EMPTY_S13_Position01 EMPTY_S13_Position03 EMPTY_S14_Position01 EMPTY_S14_Position04 EMPTY_S15_Position01 EMPTY_S15_Position05 EMPTY_S1_Position01 EMPTY_S2_Position02 EMPTY_S3_Position03 EMPTY_S4_Position04 EMPTY_S5_Position05 EMPTY_S6_Position06 EMPTY_S7_Position07 EMPTY_S8_Position08 EMPTY_S9_Position09 STD_14_C STD_3_H 
ls6500.putOrGet: pickled data read from Pickles/Pre-irrad_5_141031.pickle
ls6500.defineMatchingSamples 
Name : Samples
0050_1F : 0050_1F11,0050_1F13,0050_1F16
0050_1R : 0050_1R11,0050_1R13,0050_1R16
0050_2F : 0050_2F11,0050_2F13,0050_2F16
0050_2R : 0050_2R11,0050_2R13,0050_2R16
0050_3F : 0050_3F11,0050_3F13,0050_3F16
0050_3R : 0050_3R11,0050_3R13,0050_3R16
0050_4F : 0050_4F11,0050_4F13,0050_4F16
0050_4R : 0050_4R11,0050_4R13,0050_4R16
0050_REF : 0050_REF1,0050_REF2
0052_1F : 0052_1F12,0052_1F14,0052_1F17
0052_1R : 0052_1R12,0052_1R14,0052_1R17
0052_2F : 0052_2F12,0052_2F14,0052_2F17
0052_2R : 0052_2R12,0052_2R14,0052_2R17
0052_3F : 0052_3F12,0052_3F14,0052_3F17
0052_3R : 0052_3R12,0052_3R14,0052_3R17
0052_4F : 0052_4F12,0052_4F14,0052_4F17
0052_4R : 0052_4R12,0052_4R14,0052_4R17
0052_REF : 0052_REF1,0052_REF2
0100_1F : 0100_1F15,0100_1F22,0100_1F27
0100_1R : 0100_1R15,0100_1R22,0100_1R27
0100_2F : 0100_2F15,0100_2F22,0100_2F27
0100_2R : 0100_2R15,0100_2R22,0100_2R27
0100_3F : 0100_3F15,0100_3F22,0100_3F27
0100_3R : 0100_3R15,0100_3R22,0100_3R27
0100_4F : 0100_4F15,0100_4F22,0100_4F27
0100_4R : 0100_4R15,0100_4R22,0100_4R27
0100_REF : 0100_REF1,0100_REF2
0102_1F : 0102_1F21,0102_1F25
0102_1R : 0102_1R21,0102_1R25
0102_2F : 0102_2F21,0102_2F25
0102_2R : 0102_2R21,0102_2R25
0102_3F : 0102_3F21,0102_3F25
0102_3R : 0102_3R21,0102_3R25
0102_4F : 0102_4F21,0102_4F25
0102_4R : 0102_4R21,0102_4R25
0102_REF : 0102_REF1,0102_REF2
0140_1F : 0140_1F23,0140_1F31
0140_1R : 0140_1R23,0140_1R31
0140_2F : 0140_2F23,0140_2F31
0140_2R : 0140_2R23,0140_2R31
0140_3F : 0140_3F23,0140_3F31
0140_3R : 0140_3R23,0140_3R31
0140_4F : 0140_4F23,0140_4F31
0140_4R : 0140_4R23,0140_4R31
0142_1F : 0142_1F26,0142_1F33
0142_1R : 0142_1R26,0142_1R33
0142_2F : 0142_2F26,0142_2F33
0142_2R : 0142_2R26,0142_2R33
0142_3F : 0142_3F26,0142_3F33
0142_3R : 0142_3R26,0142_3R33
0142_4F : 0142_4F26,0142_4F33
0142_4R : 0142_4R26,0142_4R33
1000_1F : 1000_1F34,1000_1F36,1000_1F37
1000_1R : 1000_1R34,1000_1R36,1000_1R37
1000_2F : 1000_2F34,1000_2F36,1000_2F37
1000_2R : 1000_2R34,1000_2R36,1000_2R37
1000_3F : 1000_3F34,1000_3F36,1000_3F37
1000_3R : 1000_3R34,1000_3R36,1000_3R37
1000_4F : 1000_4F34,1000_4F36,1000_4F37
1000_4R : 1000_4R34,1000_4R36,1000_4R37
1002_1F : 1002_1F32,1002_1F35
1002_1R : 1002_1R32,1002_1R35
1002_2F : 1002_2F32,1002_2F35
1002_2R : 1002_2R32,1002_2R35
1002_3F : 1002_3F32,1002_3F35
1002_3R : 1002_3R32,1002_3R35
1002_4F : 1002_4F32,1002_4F35
1002_4R : 1002_4R32,1002_4R35
EMPTY : EMPTY_S10_Position10,EMPTY_S11_Position11,EMPTY_S12_Position12,EMPTY_S13_Position01,EMPTY_S13_Position03,EMPTY_S14_Position01,EMPTY_S14_Position04,EMPTY_S15_Position01,EMPTY_S15_Position05,EMPTY_S1_Position01,EMPTY_S2_Position02,EMPTY_S3_Position03,EMPTY_S4_Position04,EMPTY_S5_Position05,EMPTY_S6_Position06,EMPTY_S7_Position07,EMPTY_S8_Position08,EMPTY_S9_Position09
ls6500.Analyze
histogramming samples 0052_2F12 0142_1F26 0142_3R33 0052_3R12 0052_3R14 0052_3R17 0050_FPMT EMPTY_S2_Position02 0140_2R31 0100_1R15 0102_1F25 0102_1F21 0140_4R23 0142_2F26 0102_2R25 0100_3F15 0142_3F26 0050_1F11 0142_4F26 0050_1F13 EMPTY_S13_Position01 EMPTY_S13_Position03 0050_1F16 0142_3R26 EMPTY_S8_Position08 1002_3F32 EMPTY_S12_Position12 0142_1R33 0052_4F14 0100_REF1 0100_4R27 0052_4F17 0052_REF1 0052_REF2 0100_4R22 1002_3R32 0140_4R31 1002_2F32 1002_3R35 0052_1F12 0052_1F17 0100_REF2 0052_1F14 0102_2F21 EMPTY_S9_Position09 0102_2F25 1000_2R37 0100_3R15 0140_4F31 0052_4R12 0100_4F22 0052_4R14 0052_4F12 0100_4F27 0052_4R17 1002_1R35 1000_REF1 0100_1F27 1002_1R32 1002_4F32 0142_1R26 1002_4F35 1000_2R36 0142_1F33 1000_2R34 0050_3R16 0140_3F31 0100_2F15 0102_4F25 1002_2F35 EMPTY_S15_Position01 EMPTY_S15_Position05 EMPTY_S5_Position05 1000_3R37 1000_2F36 1000_2F37 1000_2F34 0100_1F15 0140_1F31 0100_2R15 0142_2R26 0100_2R27 0052_3F14 0052_3F17 0100_2R22 0052_3F12 0102_4R25 0142_2F33 0102_4R21 0140_3F23 0050_4R16 0142_4F33 0050_4R13 0050_4R11 EMPTY_S14_Position04 0102_3R21 EMPTY_S14_Position01 0052_2F14 0102_3R25 0050_REF2 1002_3F35 0142_4R26 0140_4F23 0050_2F16 0050_2F11 0050_2F13 0142_2R33 0102_4F21 1000_4R34 0140_1F23 1000_4R36 1000_4R37 0100_4R15 0050_2R13 1002_1F32 1002_1F35 0050_REF1 1000_1R37 1000_1R36 1000_1R34 EMPTY_S3_Position03 0100_3R27 0100_3R22 0100_4F15 0140_3R31 0142_4R33 0052_1R17 0052_1R14 0052_1R12 0050_RPMT EMPTY_S6_Position06 EMPTY_S10_Position10 0140_1R31 0102_2R21 STD_3_H 0102_REF2 0050_1R16 0050_1R11 1000_3R34 0050_1R13 1000_3R36 0102_1R21 0140_2F23 0102_1R25 0140_3R23 0050_4F13 1002_2R32 0050_4F11 0050_4F16 1002_2R35 0100_1F22 STD_14_C 0052_2F17 EMPTY_S11_Position11 1000_3F34 1000_3F37 1000_3F36 0140_REF1 0140_1R23 0100_2F27 0100_3F22 0140_2F31 EMPTY_S7_Position07 0142_3F33 1002_REF1 0140_2R23 0142_REF1 EMPTY_S4_Position04 0100_3F27 EMPTY_S1_Position01 0102_REF1 0052_2R17 0052_2R14 0102_3F25 0052_2R12 0102_3F21 0050_2R11 1002_4R35 1002_4R32 0050_2R16 0050_3F16 0050_3F13 0050_3F11 1000_4F34 0100_1R27 1000_4F36 1000_4F37 0100_1R22 1000_1F36 0050_3R13 0100_2F22 1000_1F37 0050_3R11 1000_1F34 
ls6500.combineCommonSamples: 0052_4R graphs g0052_4R12, g0052_4R14, g0052_4R17
ls6500.combineCommonSamples: 
u-u[0]= 0.00, 31340.00, 45606.00, 85231.00, 116904.00, 131176.00, 170795.00, 202469.00, 216736.00, 256348.00, 288020.00, 302296.00, 1233440.00, 1265085.00, 1289982.00, 1319038.00, 1350667.00, 1375558.00, 1404600.00, 1436220.00, 1634515.00, 1666143.00, 1691015.00, 1834640.00, 1866246.00, 1891121.00, 1920150.00, 1951745.00, 1976625.00 v= 46.97, 47.34, 47.26, 47.21, 47.26, 47.02, 46.86, 46.92, 46.67, 46.71, 46.41, 46.35, 44.82, 44.86, 43.57, 44.00, 43.83, 43.43, 44.08, 43.92, 43.39, 43.73, 42.89, 43.26, 43.12, 42.38, 43.50, 42.27, 42.40 
x-x[0]= 0.00, 99080.75, 184640.08, 254613.75, 1192895.75, 1250824.08, 1336397.42, 1395675.75, 1593970.75, 1638034.75, 1794095.75, 1851961.42, 1911200.75 dx= 42615.50, 26945.50, 26939.50, 7138.00, -465572.00, 26976.50, 26966.50, -15810.00, -114957.50, 12436.00, -71812.50, 26952.00, -15797.50 
y= 47.19, 47.05, 46.77, 46.38, 44.82, 44.14, 43.78, 43.92, 43.39, 43.31, 43.26, 43.00, 42.27 dy= 0.16, 0.20, 0.13, 0.04, 0.00, 0.66, 0.33, 0.00, 0.00, 0.60, 0.00, 0.57, 0.00
ls6500.combineCommonSamples: 0140_1R graphs g0140_1R23, g0140_1R31
ls6500.combineCommonSamples: 
u-u[0]= 0.00, 31382.00, 85284.00, 116956.00, 170847.00, 202513.00, 256398.00, 288068.00, 1233487.00, 1265126.00, 1319083.00, 1350713.00, 1404644.00, 1436268.00, 1634558.00, 1666184.00, 1834684.00, 1866288.00, 1920191.00, 1951783.00 v= 89.94, 89.76, 89.62, 89.78, 89.73, 89.16, 89.28, 88.47, 87.77, 87.29, 87.43, 87.54, 87.38, 87.87, 86.50, 87.58, 88.52, 88.18, 88.04, 87.09 
x-x[0]= 0.00, 105012.83, 190566.83, 249179.33, 1194598.33, 1253215.83, 1338789.83, 1397379.33, 1595669.33, 1627295.33, 1795795.33, 1854350.83 dx= 42642.00, 26945.50, 26942.50, -15835.00, -488544.50, 26978.50, 26965.50, -15812.00, -114957.00, -130770.00, -215020.00, 26951.50 
y= 89.78, 89.76, 89.22, 88.47, 87.77, 87.36, 87.46, 87.87, 86.50, 87.58, 88.52, 88.11 dy= 0.16, 0.04, 0.09, 0.00, 0.00, 0.10, 0.11, 0.00, 0.00, 0.00, 0.00, 0.10
ls6500.combineCommonSamples: 0142_2R graphs g0142_2R26, g0142_2R33
ls6500.combineCommonSamples: 
u-u[0]= 0.00, 31395.00, 85298.00, 116970.00, 170860.00, 202526.00, 256413.00, 288083.00, 1233501.00, 1265135.00, 1319096.00, 1350727.00, 1404655.00, 1436281.00, 1634570.00, 1666192.00, 1834695.00, 1866297.00, 1920201.00, 1951795.00 v= 90.61, 90.31, 90.53, 89.86, 89.40, 88.89, 88.87, 86.85, 80.46, 79.24, 79.08, 77.38, 77.57, 76.22, 74.31, 73.42, 73.05, 71.03, 71.43, 68.63 
x-x[0]= 0.00, 105017.33, 190571.83, 249185.33, 1194603.33, 1253217.83, 1338793.33, 1397383.33, 1595672.33, 1627294.33, 1795797.33, 1854351.33 dx= 42649.00, 26945.00, 26943.50, -15835.00, -488544.00, 26980.50, 26964.00, -15813.00, -114957.50, -130768.50, -215020.00, 26952.00 
y= 90.48, 89.63, 88.88, 86.85, 80.46, 79.16, 77.47, 76.22, 74.31, 73.42, 73.05, 71.23 dy= 0.15, 0.32, 0.01, 0.00, 0.00, 0.11, 0.13, 0.00, 0.00, 0.00, 0.00, 0.28
ls6500.combineCommonSamples: 0140_2F graphs g0140_2F23, g0140_2F31
ls6500.combineCommonSamples: 
u-u[0]= 0.00, 31756.00, 85115.00, 117228.00, 170676.00, 202782.00, 256232.00, 288337.00, 1233343.00, 1265415.00, 1318941.00, 1350999.00, 1404508.00, 1436556.00, 1634430.00, 1666473.00, 1810585.00, 1834552.00, 1866587.00, 1920064.00, 1952088.00 v= 89.27, 89.21, 89.37, 88.97, 88.84, 89.17, 88.26, 87.63, 86.87, 87.06, 86.65, 86.64, 86.19, 86.59, 86.19, 86.06, 87.83, 86.95, 86.97, 87.17, 85.74 
x-x[0]= 0.00, 104995.00, 190550.00, 249380.00, 1194386.00, 1253221.00, 1338796.50, 1397599.00, 1595473.00, 1627516.00, 1771628.00, 1811612.50, 1881107.00 dx= 42557.50, 26724.00, 26725.00, -16052.50, -488555.50, 26763.00, 26754.50, -16024.00, -114961.00, -130982.50, -203038.50, 16017.50, -26738.50 
y= 89.29, 88.91, 88.71, 87.63, 86.87, 86.85, 86.42, 86.59, 86.19, 86.06, 87.83, 86.96, 87.17 dy= 0.08, 0.09, 0.64, 0.00, 0.00, 0.29, 0.31, 0.00, 0.00, 0.00, 0.00, 0.02, 0.00
ls6500.combineCommonSamples: 0140_3R graphs g0140_3R23, g0140_3R31
ls6500.combineCommonSamples: 
u-u[0]= 0.00, 31400.00, 85304.00, 116975.00, 170865.00, 202530.00, 256419.00, 288088.00, 1233505.00, 1265140.00, 1319101.00, 1350731.00, 1404660.00, 1436286.00, 1634575.00, 1666196.00, 1834700.00, 1866301.00, 1920205.00, 1951800.00 v= 90.30, 88.56, 89.72, 87.88, 89.60, 88.29, 89.24, 87.54, 88.03, 86.06, 87.87, 85.79, 87.45, 85.62, 86.90, 85.61, 88.79, 86.78, 88.31, 85.03 
x-x[0]= 0.00, 105018.67, 190573.17, 249186.67, 1194603.67, 1253219.17, 1338794.17, 1397384.67, 1595673.67, 1627294.67, 1795798.67, 1854351.67 dx= 42652.00, 26945.00, 26944.50, -15834.50, -488543.00, 26980.50, 26964.50, -15813.00, -114957.50, -130768.00, -215020.00, 26952.00 
y= 89.53, 88.74, 88.76, 87.54, 88.03, 86.96, 86.62, 85.62, 86.90, 85.61, 88.79, 87.55 dy= 0.89, 1.22, 0.68, 0.00, 0.00, 1.28, 1.18, 0.00, 0.00, 0.00, 0.00, 1.08
ls6500.combineCommonSamples: 0102_2R graphs g0102_2R21, g0102_2R25
ls6500.combineCommonSamples: 
u-u[0]= 0.00, 31781.00, 85253.00, 117354.00, 170816.00, 202919.00, 256368.00, 288469.00, 1233458.00, 1265532.00, 1319057.00, 1351114.00, 1404618.00, 1436670.00, 1634533.00, 1666591.00, 1834658.00, 1866693.00, 1920166.00, 1952191.00 v= 71.44, 71.24, 71.24, 71.66, 70.70, 71.31, 69.88, 69.98, 65.57, 65.44, 64.73, 64.85, 63.79, 63.91, 61.58, 62.24, 61.22, 60.90, 60.91, 59.48 
x-x[0]= 0.00, 105073.67, 190632.17, 249457.67, 1194446.67, 1253283.17, 1338854.67, 1397658.67, 1595521.67, 1627579.67, 1795646.67, 1854418.17 dx= 42626.50, 26731.00, 26724.50, -16050.50, -488545.00, 26762.50, 26752.00, -16026.00, -114957.50, -130986.50, -215020.00, 26736.50 
y= 71.31, 71.18, 70.59, 69.98, 65.57, 65.09, 64.32, 63.91, 61.58, 62.24, 61.22, 60.90 dy= 0.11, 0.68, 1.01, 0.00, 0.00, 0.50, 0.75, 0.00, 0.00, 0.00, 0.00, 0.01
ls6500.combineCommonSamples: 0052_REF graphs g0052_REF1, g0052_REF2
ls6500.combineCommonSamples: 
u-u[0]= 0.00, 3576.00, 85566.00, 89142.00, 171123.00, 174697.00, 256689.00, 260267.00, 1233726.00, 1237298.00, 1319303.00, 1322874.00, 1634755.00, 1834860.00, 1838431.00, 1920368.00 v= 47.24, 47.66, 47.00, 46.97, 47.24, 46.84, 46.29, 46.57, 44.47, 44.62, 44.41, 44.38, 43.53, 43.64, 44.10, 43.10 
x-x[0]= 0.00, 100418.50, 185979.00, 230553.00, 1204012.00, 1248586.50, 1293160.00, 1605041.00, 1805146.00, 1808717.00 dx= 42783.00, 40990.50, 40996.00, -1789.00, -488518.50, 41002.50, -1785.50, -157726.00, -257778.50, -259564.00 
y= 47.30, 47.11, 46.56, 46.57, 44.47, 44.52, 44.38, 43.53, 43.64, 44.10 dy= 0.33, 0.19, 0.39, 0.00, 0.00, 0.15, 0.00, 0.00, 0.00, 0.00
ls6500.combineCommonSamples: 0140_1F graphs g0140_1F23, g0140_1F31
ls6500.combineCommonSamples: 
u-u[0]= 0.00, 31333.00, 85106.00, 116790.00, 170667.00, 202343.00, 256224.00, 287898.00, 1233335.00, 1264976.00, 1318931.00, 1350562.00, 1404500.00, 1436119.00, 1634422.00, 1666036.00, 1810578.00, 1834548.00, 1866150.00, 1920058.00, 1951652.00 v= 89.82, 89.95, 89.88, 90.27, 89.14, 89.82, 88.77, 88.80, 87.53, 87.77, 87.00, 86.74, 86.50, 87.51, 86.47, 87.00, 88.33, 87.25, 87.73, 88.33, 86.51 
x-x[0]= 0.00, 104915.50, 190470.50, 249085.00, 1194522.00, 1253140.50, 1338718.00, 1397306.00, 1595609.00, 1627223.00, 1771765.00, 1811536.00, 1881245.00 dx= 42553.00, 26938.50, 26940.50, -15837.00, -488555.50, 26977.50, 26969.00, -15809.50, -114961.00, -130768.00, -203039.00, 15801.00, -26954.00 
y= 89.88, 89.71, 89.30, 88.80, 87.53, 87.38, 86.62, 87.51, 86.47, 87.00, 88.33, 87.49, 88.33 dy= 0.06, 0.80, 0.75, 0.00, 0.00, 0.54, 0.17, 0.00, 0.00, 0.00, 0.00, 0.34, 0.00
ls6500.combineCommonSamples: 0050_REF graphs g0050_REF1, g0050_REF2
ls6500.combineCommonSamples: 
u-u[0]= 0.00, 3576.00, 85566.00, 89142.00, 171124.00, 174697.00, 256689.00, 260266.00, 1233726.00, 1237299.00, 1319303.00, 1322875.00, 1634755.00, 1834860.00, 1838431.00, 1920369.00 v= 48.37, 48.55, 48.14, 48.32, 48.19, 48.37, 47.41, 47.94, 48.13, 48.56, 47.69, 48.05, 48.23, 49.12, 49.28, 48.93 
x-x[0]= 0.00, 100419.00, 185979.00, 230552.00, 1204012.00, 1248587.00, 1293161.00, 1605041.00, 1805146.00, 1808717.00 dx= 42783.00, 40991.00, 40996.00, -1788.50, -488518.50, 41002.00, -1786.00, -157726.00, -257778.50, -259564.00 
y= 48.35, 48.26, 47.89, 47.94, 48.13, 48.13, 48.05, 48.23, 49.12, 49.28 dy= 0.21, 0.09, 0.68, 0.00, 0.00, 0.61, 0.00, 0.00, 0.00, 0.00
ls6500.combineCommonSamples: 0140_3F graphs g0140_3F23, g0140_3F31
ls6500.combineCommonSamples: 
u-u[0]= 0.00, 31757.00, 85125.00, 117237.00, 170686.00, 202792.00, 256242.00, 288344.00, 1233352.00, 1265425.00, 1318952.00, 1351008.00, 1404517.00, 1436561.00, 1634437.00, 1666482.00, 1810592.00, 1834559.00, 1866595.00, 1920073.00, 1952095.00 v= 90.47, 89.68, 90.34, 89.30, 90.07, 89.56, 89.31, 88.29, 88.39, 87.38, 87.66, 86.97, 87.47, 86.77, 87.00, 86.38, 89.41, 88.28, 87.58, 89.12, 85.87 
x-x[0]= 0.00, 105000.83, 190556.33, 249383.33, 1194391.33, 1253227.83, 1338801.83, 1397600.33, 1595476.33, 1627521.33, 1771631.33, 1811616.33, 1881112.33 dx= 42562.50, 26724.50, 26725.00, -16051.00, -488555.00, 26763.50, 26754.50, -16022.00, -114960.00, -130982.50, -203037.50, 16018.00, -26739.00 
y= 90.16, 89.68, 89.44, 88.29, 88.39, 87.52, 87.22, 86.77, 87.00, 86.38, 89.41, 87.93, 89.12 dy= 0.43, 0.55, 0.18, 0.00, 0.00, 0.20, 0.35, 0.00, 0.00, 0.00, 0.00, 0.49, 0.00
ls6500.combineCommonSamples: 0102_2F graphs g0102_2F21, g0102_2F25
ls6500.combineCommonSamples: 
u-u[0]= 0.00, 31758.00, 85077.00, 117190.00, 170639.00, 202745.00, 256194.00, 288300.00, 1233249.00, 1265378.00, 1318841.00, 1350964.00, 1404414.00, 1436523.00, 1634340.00, 1666438.00, 1810497.00, 1834467.00, 1866555.00, 1919972.00, 1952058.00 v= 70.79, 70.81, 70.08, 70.31, 69.57, 70.11, 69.07, 68.89, 64.09, 64.04, 63.29, 63.08, 61.44, 61.62, 59.80, 59.69, 59.26, 58.16, 58.78, 57.82, 57.13 
x-x[0]= 0.00, 104969.50, 190524.50, 249355.00, 1194304.00, 1253164.50, 1338744.00, 1397578.00, 1595395.00, 1627493.00, 1771552.00, 1811566.00, 1881027.00 dx= 42538.50, 26724.50, 26724.50, -16053.00, -488527.50, 26731.50, 26725.00, -16054.50, -114963.00, -131012.00, -203041.50, 16044.00, -26708.50 
y= 70.56, 69.94, 69.59, 68.89, 64.09, 63.67, 62.26, 61.62, 59.80, 59.69, 59.26, 58.47, 57.82 dy= 0.41, 0.52, 0.74, 0.00, 0.00, 0.53, 1.16, 0.00, 0.00, 0.00, 0.00, 0.44, 0.00
ls6500.combineCommonSamples: 0052_2R graphs g0052_2R12, g0052_2R14, g0052_2R17
ls6500.combineCommonSamples: 
u-u[0]= 0.00, 31764.00, 56297.00, 85205.00, 117309.00, 141865.00, 170769.00, 202874.00, 227423.00, 256323.00, 288423.00, 312991.00, 1233415.00, 1265490.00, 1289950.00, 1319015.00, 1351071.00, 1375528.00, 1404578.00, 1436624.00, 1634491.00, 1666549.00, 1690984.00, 1834618.00, 1866652.00, 1891090.00, 1920127.00, 1952150.00, 1976594.00 v= 46.80, 46.93, 47.46, 46.99, 47.21, 46.76, 46.94, 47.22, 46.74, 46.79, 46.52, 46.38, 44.78, 43.97, 44.50, 44.46, 43.82, 43.96, 43.98, 43.18, 43.12, 42.98, 43.77, 43.20, 43.00, 43.79, 43.23, 41.68, 43.31 
x-x[0]= 0.00, 99997.83, 185556.83, 257390.50, 1190098.50, 1248168.50, 1333742.50, 1393307.50, 1591174.50, 1635450.00, 1791301.50, 1849306.50, 1908833.50 dx= 42602.50, 26730.00, 26724.50, 12284.00, -460212.00, 26762.50, 26753.50, -16023.00, -114956.50, 12217.50, -71817.00, 26737.50, -16011.50 
y= 47.05, 46.97, 46.92, 46.45, 44.78, 44.31, 43.92, 43.18, 43.12, 43.38, 43.20, 43.34, 41.68 dy= 0.29, 0.23, 0.26, 0.10, 0.00, 0.30, 0.09, 0.00, 0.00, 0.56, 0.00, 0.41, 0.00
ls6500.combineCommonSamples: EMPTY graphs gEMPTY_S10_Position10_20141011, gEMPTY_S11_Position11_20141011, gEMPTY_S12_Position12_20141011, gEMPTY_S13_Position01_20141011, gEMPTY_S13_Position03_20141011, gEMPTY_S14_Position01_20141011, gEMPTY_S14_Position04_20141011, gEMPTY_S15_Position01_20141011, gEMPTY_S15_Position05_20141011, gEMPTY_S1_Position01_20141010, gEMPTY_S2_Position02_20141010, gEMPTY_S3_Position03_20141010, gEMPTY_S4_Position04_20141010, gEMPTY_S5_Position05_20141010, gEMPTY_S6_Position06_20141010, gEMPTY_S7_Position07_20141010, gEMPTY_S8_Position08_20141010, gEMPTY_S9_Position09_20141011
ls6500.combineCommonSamples: 
u-u[0]= 0.00, 5928.00, 11630.00, 17438.00, 23121.00, 28888.00, 34627.00, 40319.00, 46114.00, 51829.00, 57594.00, 63470.00, 63906.00, 65661.00, 69270.00, 70622.00, 74630.00, 75501.00, 85274.00, 91011.00, 96776.00, 102648.00, 108401.00, 114228.00, 120031.00, 125786.00, 131634.00, 137403.00, 143168.00, 149040.00, 149476.00, 151232.00, 154841.00, 156188.00, 160195.00, 161067.00, 170838.00, 176572.00, 182338.00, 188211.00, 193963.00, 199784.00, 205587.00, 211339.00, 217195.00, 222969.00, 228724.00, 234599.00, 235035.00, 236792.00, 240400.00, 241751.00, 245755.00, 246625.00, 256393.00, 262127.00, 267893.00, 273765.00, 279512.00, 285343.00, 291142.00, 296895.00, 302746.00, 308518.00, 314282.00, 320161.00, 320596.00, 322352.00, 325962.00, 327313.00, 331321.00, 332193.00, 341965.00, 1244999.00, 1250857.00, 1256602.00, 1262421.00, 1268221.00, 1273972.00, 1279818.00, 1285583.00, 1291333.00, 1297202.00, 1297638.00, 1298509.00, 1302924.00, 1304275.00, 1308282.00, 1310039.00, 1330601.00, 1336457.00, 1342199.00, 1348018.00, 1353810.00, 1359557.00, 1365396.00, 1371164.00, 1376924.00, 1382787.00, 1383223.00, 1384093.00, 1388508.00, 1389859.00, 1393859.00, 1395614.00, 1416165.00, 1422021.00, 1427759.00, 1433573.00, 1439366.00, 1445115.00, 1450951.00, 1456720.00, 1462479.00, 1646081.00, 1651933.00, 1657674.00, 1663487.00, 1669282.00, 1675031.00, 1680874.00, 1686640.00, 1692388.00, 1698245.00, 1698681.00, 1699552.00, 1703964.00, 1705314.00, 1709314.00, 1711070.00, 1822238.00, 1846208.00, 1852060.00, 1857800.00, 1863610.00, 1869399.00, 1875145.00, 1880980.00, 1886743.00, 1892491.00, 1898347.00, 1898783.00, 1899654.00, 1904066.00, 1905417.00, 1909421.00, 1911176.00, 1931720.00, 1937570.00, 1943308.00, 1949117.00, 1951303.00, 1960646.00, 1966483.00, 1972242.00, 1977992.00, 1983852.00, 1984288.00, 1985160.00, 1989573.00, 1990921.00, 1994926.00, 1996680.00 v= 13.81, 13.74, 14.12, 14.01, 13.72, 13.93, 13.94, 14.01, 14.04, 13.89, 13.78, 13.97, 14.09, 13.77, 14.09, 14.08, 14.07, 13.88, 13.66, 13.94, 14.17, 14.08, 13.77, 13.89, 14.10, 13.95, 14.12, 14.04, 14.00, 13.99, 13.98, 13.77, 14.01, 14.23, 13.91, 13.98, 13.57, 13.93, 13.99, 14.02, 13.87, 14.15, 14.07, 14.29, 13.99, 14.00, 13.79, 13.90, 14.19, 13.72, 13.98, 14.17, 14.01, 13.83, 13.69, 13.89, 14.16, 13.99, 13.80, 13.89, 13.85, 13.83, 13.98, 13.93, 13.75, 13.90, 13.88, 13.57, 14.05, 13.97, 13.75, 13.82, 13.55, 13.71, 13.84, 13.48, 13.69, 13.73, 13.67, 13.73, 13.75, 13.64, 13.61, 13.75, 13.62, 13.75, 13.88, 13.82, 13.44, 13.89, 13.55, 13.38, 13.85, 13.71, 13.77, 13.88, 13.77, 13.72, 13.75, 13.76, 13.72, 13.89, 13.79, 13.78, 13.48, 13.64, 13.73, 13.29, 13.63, 13.76, 13.82, 13.77, 13.74, 13.50, 13.70, 13.44, 13.33, 13.45, 13.67, 13.73, 13.78, 13.69, 13.68, 13.69, 13.75, 13.60, 13.72, 13.85, 13.82, 13.43, 13.97, 13.60, 13.71, 13.59, 13.80, 13.65, 13.62, 13.79, 13.61, 13.85, 13.76, 13.77, 13.69, 13.71, 14.05, 13.81, 13.52, 13.90, 13.72, 13.56, 13.65, 13.63, 13.68, 13.71, 13.60, 13.50, 13.70, 13.45, 13.72, 13.76, 13.85, 13.79, 13.74 
x-x[0]= 0.00, 88042.40, 173601.79, 259160.35, 1198376.79, 1242020.10, 1327604.85, 1395625.79, 1599458.79, 1640274.39, 1775615.79, 1834142.29, 1914536.50 dx= 42637.00, 39913.50, 39910.50, 39919.00, -451517.00, 39872.00, 39854.00, 20229.00, -91801.00, 29568.50, -55584.00, 29604.50, 42752.50 
y= 13.93, 13.97, 13.98, 13.86, 13.71, 13.71, 13.71, 13.66, 13.70, 13.64, 13.97, 13.73, 13.68 dy= 0.15, 0.16, 0.16, 0.15, 0.00, 0.13, 0.14, 0.18, 0.00, 0.16, 0.00, 0.12, 0.13
ls6500.combineCommonSamples: 1002_2R graphs g1002_2R32, g1002_2R35
ls6500.combineCommonSamples: 
u-u[0]= 0.00, 31861.00, 85334.00, 117434.00, 170892.00, 202992.00, 256450.00, 288549.00, 1233529.00, 1265600.00, 1319126.00, 1351186.00, 1404682.00, 1436741.00, 1634596.00, 1666646.00, 1834719.00, 1866748.00, 1920226.00, 1952250.00 v= 592.00, 591.86, 577.60, 576.71, 564.00, 558.83, 542.38, 538.00, 411.12, 409.14, 397.00, 397.83, 385.31, 385.91, 363.43, 366.70, 354.67, 356.27, 347.00, 347.00 
x-x[0]= 0.00, 105098.00, 190656.00, 249484.00, 1194464.00, 1253298.00, 1338869.00, 1397676.00, 1595531.00, 1627581.00, 1795654.00, 1854422.00 dx= 42667.00, 26729.00, 26729.00, -16049.50, -488539.50, 26763.00, 26748.00, -16029.50, -114957.00, -130982.00, -215018.50, 26739.00 
y= 587.15, 570.36, 550.60, 538.00, 411.12, 403.07, 391.57, 385.91, 363.43, 366.70, 354.67, 351.64 dy= 8.27, 8.99, 11.64, 0.00, 0.00, 8.59, 8.86, 0.00, 0.00, 0.00, 0.00, 6.56
ls6500.combineCommonSamples: 0142_4R graphs g0142_4R26, g0142_4R33
ls6500.combineCommonSamples: 
u-u[0]= 0.00, 31846.00, 85320.00, 117419.00, 170879.00, 202976.00, 256434.00, 288535.00, 1233518.00, 1265584.00, 1319115.00, 1351174.00, 1404672.00, 1436730.00, 1634589.00, 1666639.00, 1834713.00, 1866741.00, 1920217.00, 1952243.00 v= 90.50, 89.95, 89.93, 89.50, 89.49, 88.25, 88.14, 87.17, 79.51, 78.29, 77.83, 76.91, 76.40, 75.57, 72.37, 72.05, 70.82, 69.39, 68.46, 66.98 
x-x[0]= 0.00, 105093.67, 190649.67, 249479.67, 1194462.67, 1253294.17, 1338867.67, 1397674.67, 1595533.67, 1627583.67, 1795657.67, 1854423.67 dx= 42660.00, 26730.00, 26729.00, -16050.50, -488542.00, 26765.50, 26749.00, -16029.00, -114958.50, -130983.50, -215020.50, 26738.00 
y= 90.13, 89.49, 88.19, 87.17, 79.51, 78.06, 76.65, 75.57, 72.37, 72.05, 70.82, 68.92 dy= 0.32, 0.01, 0.08, 0.00, 0.00, 0.32, 0.36, 0.00, 0.00, 0.00, 0.00, 0.66
ls6500.combineCommonSamples: 0050_4F graphs g0050_4F11, g0050_4F13, g0050_4F16
ls6500.combineCommonSamples: 
u-u[0]= 0.00, 31768.00, 73968.00, 85064.00, 117177.00, 159535.00, 170626.00, 202732.00, 245094.00, 256181.00, 288287.00, 330659.00, 1233225.00, 1265366.00, 1296977.00, 1318832.00, 1350955.00, 1382562.00, 1404405.00, 1436512.00, 1634320.00, 1666427.00, 1698019.00, 1810478.00, 1834450.00, 1866543.00, 1898120.00, 1919962.00, 1948448.00, 1983628.00 v= 48.37, 48.24, 48.39, 48.48, 48.07, 48.38, 48.16, 48.35, 48.15, 48.18, 47.61, 47.85, 47.78, 47.79, 47.62, 47.67, 47.37, 47.73, 47.55, 47.57, 48.12, 47.46, 48.28, 48.76, 48.57, 47.98, 48.36, 48.65, 47.93, 48.55 
x-x[0]= 0.00, 101412.67, 186969.00, 261773.00, 1185525.00, 1246025.00, 1331607.33, 1388812.00, 1586620.00, 1634523.00, 1762778.00, 1802796.50, 1874476.67 dx= 42532.00, 26724.50, 26724.50, 21186.00, -451283.00, 26733.00, 26725.00, -16053.50, -114957.50, 15796.00, -56229.50, 16046.50, 25164.00 
y= 48.37, 48.20, 48.23, 47.73, 47.78, 47.70, 47.55, 47.57, 48.12, 47.87, 48.76, 48.28, 48.32 dy= 0.10, 0.16, 0.11, 0.17, 0.00, 0.09, 0.18, 0.00, 0.00, 0.58, 0.00, 0.42, 0.36
ls6500.combineCommonSamples: 0100_4F graphs g0100_4F15, g0100_4F22, g0100_4F27
ls6500.combineCommonSamples: 
u-u[0]= 0.00, 31332.00, 72238.00, 85097.00, 116780.00, 157804.00, 170658.00, 202335.00, 243362.00, 256213.00, 287889.00, 328928.00, 1233326.00, 1264966.00, 1295244.00, 1318922.00, 1350552.00, 1380828.00, 1404491.00, 1436111.00, 1634415.00, 1666026.00, 1696284.00, 1810571.00, 1834541.00, 1866142.00, 1896386.00, 1920049.00, 1951645.00, 1981893.00 v= 72.74, 72.65, 72.62, 72.37, 72.42, 72.24, 72.38, 72.75, 72.22, 71.57, 71.86, 71.38, 70.69, 71.05, 70.50, 70.12, 70.55, 70.23, 69.66, 70.70, 69.93, 70.48, 69.78, 71.47, 70.66, 71.44, 70.91, 71.34, 70.54, 70.31 
x-x[0]= 0.00, 101247.25, 186803.25, 261241.75, 1186159.25, 1245877.25, 1331456.92, 1388944.25, 1587248.25, 1633988.25, 1763404.25, 1818522.92, 1888680.25 dx= 42548.50, 26939.00, 26939.00, 20519.50, -452199.00, 26978.00, 26969.50, -15810.00, -114962.00, 15129.00, -57143.50, 30922.50, 15798.00 
y= 72.60, 72.35, 72.18, 71.62, 70.69, 70.56, 70.15, 70.70, 69.93, 70.13, 71.47, 71.00, 70.94 dy= 0.16, 0.09, 0.59, 0.34, 0.00, 0.47, 0.45, 0.00, 0.00, 0.50, 0.00, 0.40, 0.57
ls6500.combineCommonSamples: 0102_4F graphs g0102_4F21, g0102_4F25
ls6500.combineCommonSamples: 
u-u[0]= 0.00, 31332.00, 85102.00, 116786.00, 170663.00, 202340.00, 256219.00, 287894.00, 1233330.00, 1264972.00, 1318927.00, 1350558.00, 1404496.00, 1436115.00, 1634419.00, 1666031.00, 1810575.00, 1834545.00, 1866146.00, 1920054.00, 1951649.00 v= 71.46, 71.90, 71.42, 71.47, 71.00, 71.26, 69.94, 69.71, 65.23, 64.88, 63.94, 63.76, 62.98, 62.48, 60.73, 60.45, 59.72, 59.43, 59.18, 58.77, 57.58 
x-x[0]= 0.00, 104913.17, 190468.17, 249082.67, 1194518.67, 1253138.17, 1338715.67, 1397303.67, 1595607.67, 1627219.67, 1771763.67, 1811534.17, 1881242.67 dx= 42551.00, 26938.50, 26939.50, -15837.50, -488555.50, 26977.50, 26969.00, -15809.50, -114961.50, -130767.50, -203039.50, 15800.50, -26954.00 
y= 71.59, 71.24, 70.60, 69.71, 65.23, 64.41, 63.37, 62.48, 60.73, 60.45, 59.72, 59.31, 58.77 dy= 0.26, 0.33, 0.93, 0.00, 0.00, 0.67, 0.55, 0.00, 0.00, 0.00, 0.00, 0.18, 0.00
ls6500.combineCommonSamples: 0050_2F graphs g0050_2F11, g0050_2F13, g0050_2F16
ls6500.combineCommonSamples: 
u-u[0]= 0.00, 31432.00, 73611.00, 85135.00, 116817.00, 159176.00, 170700.00, 202373.00, 244735.00, 256254.00, 287927.00, 330302.00, 1233300.00, 1265006.00, 1296619.00, 1318904.00, 1350596.00, 1382203.00, 1404479.00, 1436153.00, 1634394.00, 1666067.00, 1697662.00, 1810553.00, 1834526.00, 1866187.00, 1897763.00, 1920036.00, 1955292.00, 1983269.00 v= 47.73, 48.12, 47.90, 47.90, 47.89, 47.79, 47.98, 48.46, 47.76, 48.09, 47.81, 47.44, 48.16, 47.72, 47.84, 48.38, 47.45, 47.56, 48.02, 48.19, 48.23, 48.11, 48.41, 49.86, 49.33, 48.18, 48.78, 49.50, 48.25, 48.80 
x-x[0]= 0.00, 101353.17, 186909.50, 261570.00, 1185755.50, 1245965.17, 1331548.17, 1388608.50, 1586849.50, 1634320.00, 1763008.50, 1802812.00, 1876819.17 dx= 42567.50, 26941.50, 26940.50, 21187.50, -451499.00, 26949.00, 26941.50, -15837.00, -114957.50, 15797.50, -56445.50, 15830.50, 28764.50 
y= 47.91, 47.89, 48.11, 47.62, 48.16, 47.98, 47.68, 48.19, 48.23, 48.26, 49.86, 48.75, 48.84 dy= 0.16, 0.09, 0.35, 0.26, 0.00, 0.35, 0.31, 0.00, 0.00, 0.21, 0.00, 0.81, 0.63
ls6500.combineCommonSamples: 0100_2R graphs g0100_2R15, g0100_2R22, g0100_2R27
ls6500.combineCommonSamples: 
u-u[0]= 0.00, 31776.00, 45607.00, 85248.00, 117350.00, 131179.00, 170812.00, 202915.00, 216739.00, 256364.00, 288465.00, 302299.00, 1233455.00, 1265529.00, 1289984.00, 1319054.00, 1351111.00, 1375560.00, 1404614.00, 1436666.00, 1634531.00, 1666587.00, 1691016.00, 1834655.00, 1866689.00, 1891121.00, 1920162.00, 1952188.00, 1976626.00 v= 72.21, 72.51, 72.62, 72.51, 72.21, 72.39, 72.10, 72.12, 71.91, 71.93, 71.28, 71.68, 70.38, 70.67, 70.31, 69.90, 70.45, 69.61, 70.26, 69.78, 69.48, 70.25, 69.92, 70.62, 70.56, 70.11, 70.83, 69.15, 70.79 
x-x[0]= 0.00, 99122.58, 184681.58, 254724.25, 1192797.25, 1250864.58, 1336437.25, 1396008.25, 1593873.25, 1638143.75, 1793997.25, 1851999.58, 1911530.25 dx= 42624.00, 26731.00, 26724.50, 6917.00, -465578.00, 26762.50, 26751.50, -16026.00, -114958.50, 12214.50, -71819.50, 26736.50, -16013.00 
y= 72.46, 72.23, 71.98, 71.48, 70.38, 70.29, 70.11, 69.78, 69.48, 70.08, 70.62, 70.50, 69.15 dy= 0.17, 0.15, 0.12, 0.28, 0.00, 0.38, 0.44, 0.00, 0.00, 0.24, 0.00, 0.37, 0.00
ls6500.combineCommonSamples: 0050_4R graphs g0050_4R11, g0050_4R13, g0050_4R16
ls6500.combineCommonSamples: 
u-u[0]= 0.00, 31339.00, 45601.00, 85226.00, 116899.00, 131170.00, 170790.00, 202464.00, 216731.00, 256343.00, 288014.00, 302291.00, 1233435.00, 1265080.00, 1289977.00, 1319033.00, 1350662.00, 1375553.00, 1404595.00, 1436215.00, 1634510.00, 1666139.00, 1691009.00, 1834635.00, 1866241.00, 1891116.00, 1920145.00, 1951740.00, 1976621.00 v= 47.99, 48.58, 48.13, 48.21, 48.41, 48.13, 47.87, 48.57, 48.10, 47.76, 48.23, 47.68, 48.25, 48.51, 48.59, 48.20, 48.51, 48.32, 48.33, 48.74, 48.29, 49.20, 48.81, 49.13, 48.73, 49.40, 49.23, 49.23, 49.56 
x-x[0]= 0.00, 99078.17, 184637.83, 254611.00, 1192893.50, 1250821.83, 1336395.17, 1395673.50, 1593968.50, 1638032.50, 1794093.50, 1851959.17, 1911198.50 dx= 42613.00, 26945.50, 26939.50, 7138.50, -465572.00, 26976.50, 26966.50, -15810.00, -114957.50, 12435.00, -71813.00, 26952.00, -15797.50 
y= 48.23, 48.14, 48.14, 47.96, 48.25, 48.43, 48.38, 48.74, 48.29, 49.00, 49.13, 49.12, 49.23 dy= 0.25, 0.27, 0.41, 0.39, 0.00, 0.20, 0.11, 0.00, 0.00, 0.28, 0.00, 0.35, 0.00
ls6500.combineCommonSamples: 0050_2R graphs g0050_2R11, g0050_2R13, g0050_2R16
ls6500.combineCommonSamples: 
u-u[0]= 0.00, 31763.00, 56292.00, 85200.00, 117303.00, 141860.00, 170764.00, 202869.00, 227418.00, 256318.00, 288418.00, 312986.00, 1233410.00, 1265486.00, 1289946.00, 1319010.00, 1351066.00, 1375523.00, 1404573.00, 1436618.00, 1634487.00, 1666543.00, 1690978.00, 1834614.00, 1866647.00, 1891085.00, 1920122.00, 1952146.00, 1976589.00 v= 47.96, 48.04, 48.15, 48.41, 48.16, 47.91, 48.26, 48.26, 47.57, 47.88, 47.95, 47.30, 48.39, 48.46, 47.58, 48.52, 48.08, 47.43, 48.45, 48.44, 48.71, 48.67, 47.69, 49.37, 49.20, 48.60, 49.64, 48.53, 48.44 
x-x[0]= 0.00, 99995.25, 185554.58, 257388.25, 1190096.25, 1248166.92, 1333740.25, 1393304.25, 1591173.25, 1635446.75, 1791300.25, 1849304.25, 1908832.25 dx= 42600.00, 26730.50, 26724.50, 12284.00, -460212.00, 26762.00, 26753.50, -16022.50, -114957.00, 12217.50, -71818.00, 26737.50, -16012.00 
y= 48.14, 48.11, 47.90, 47.63, 48.39, 48.19, 47.99, 48.44, 48.71, 48.18, 49.37, 49.15, 48.53 dy= 0.19, 0.18, 0.34, 0.46, 0.00, 0.53, 0.52, 0.00, 0.00, 0.69, 0.00, 0.52, 0.00
ls6500.combineCommonSamples: 0100_2F graphs g0100_2F15, g0100_2F22, g0100_2F27
ls6500.combineCommonSamples: 
u-u[0]= 0.00, 31769.00, 73547.00, 85084.00, 117197.00, 159112.00, 170646.00, 202752.00, 244670.00, 256201.00, 288308.00, 330238.00, 1233245.00, 1265386.00, 1296554.00, 1318849.00, 1350973.00, 1382139.00, 1404423.00, 1436531.00, 1634337.00, 1666446.00, 1697596.00, 1810494.00, 1834464.00, 1866563.00, 1897696.00, 1919980.00, 1952066.00, 1983204.00 v= 72.22, 73.10, 70.83, 72.22, 72.65, 70.40, 71.63, 72.40, 70.51, 71.32, 71.44, 69.80, 69.88, 70.50, 68.81, 69.67, 70.09, 68.30, 69.46, 69.90, 69.66, 69.67, 68.36, 70.78, 70.41, 70.36, 69.33, 70.22, 69.71, 68.70 
x-x[0]= 0.00, 101385.00, 186941.00, 261673.00, 1185645.00, 1245996.33, 1331578.33, 1388931.00, 1586737.00, 1634421.00, 1762894.00, 1802913.50, 1875647.33 dx= 42542.00, 26724.50, 26724.50, 20965.00, -451503.50, 26731.50, 26725.00, -16054.00, -114957.00, 15575.00, -56449.00, 16049.50, 27185.00 
y= 72.09, 71.56, 71.41, 70.62, 69.88, 69.66, 69.28, 69.90, 69.66, 69.01, 70.78, 70.38, 69.75 dy= 0.94, 1.13, 0.95, 1.15, 0.00, 0.84, 0.91, 0.00, 0.00, 0.93, 0.00, 0.04, 0.44
ls6500.combineCommonSamples: 0142_2F graphs g0142_2F26, g0142_2F33
ls6500.combineCommonSamples: 
u-u[0]= 0.00, 31757.00, 85121.00, 117233.00, 170681.00, 202787.00, 256237.00, 288342.00, 1233348.00, 1265420.00, 1318947.00, 1351004.00, 1404512.00, 1436559.00, 1634434.00, 1666478.00, 1810589.00, 1834555.00, 1866590.00, 1920068.00, 1952091.00 v= 89.41, 90.03, 89.42, 89.74, 88.60, 89.39, 87.39, 87.26, 79.12, 78.92, 77.58, 77.24, 76.27, 76.38, 72.69, 73.24, 71.72, 70.64, 71.08, 70.11, 68.85 
x-x[0]= 0.00, 104997.67, 190552.67, 249382.67, 1194388.67, 1253224.17, 1338798.67, 1397599.67, 1595474.67, 1627518.67, 1771629.67, 1811613.17, 1881108.67 dx= 42560.50, 26724.00, 26725.00, -16052.50, -488555.50, 26763.50, 26754.00, -16023.50, -114961.00, -130983.00, -203038.50, 16017.50, -26739.00 
y= 89.62, 89.17, 88.39, 87.26, 79.12, 78.25, 76.76, 76.38, 72.69, 73.24, 71.72, 70.86, 70.11 dy= 0.36, 0.81, 1.41, 0.00, 0.00, 0.95, 0.69, 0.00, 0.00, 0.00, 0.00, 0.31, 0.00
ls6500.combineCommonSamples: 0100_4R graphs g0100_4R15, g0100_4R22, g0100_4R27
ls6500.combineCommonSamples: 
u-u[0]= 0.00, 31797.00, 44734.00, 85269.00, 117370.00, 130307.00, 170831.00, 202931.00, 215867.00, 256382.00, 288483.00, 301424.00, 1233473.00, 1265544.00, 1289111.00, 1319069.00, 1351129.00, 1374686.00, 1404631.00, 1436684.00, 1634546.00, 1666602.00, 1690142.00, 1834670.00, 1866706.00, 1890247.00, 1920180.00, 1952201.00, 1975752.00 v= 72.08, 72.67, 71.94, 72.27, 72.65, 72.22, 71.74, 72.12, 72.03, 71.38, 71.61, 71.06, 70.30, 70.46, 70.43, 69.98, 70.51, 69.79, 70.00, 70.35, 69.40, 70.29, 70.07, 70.50, 70.53, 70.44, 70.51, 69.79, 70.45 
x-x[0]= 0.00, 99052.67, 184610.00, 254503.50, 1193023.00, 1250791.33, 1336365.33, 1396234.00, 1594096.00, 1637922.00, 1794220.00, 1851927.67, 1911751.00 dx= 42634.50, 26730.50, 26725.50, 6470.50, -466024.50, 26762.50, 26751.00, -16026.50, -114957.50, 11770.00, -72264.00, 26737.00, -16010.50 
y= 72.24, 72.21, 71.84, 71.34, 70.30, 70.29, 70.10, 70.35, 69.40, 70.18, 70.50, 70.50, 69.79 dy= 0.32, 0.45, 0.40, 0.39, 0.00, 0.27, 0.37, 0.00, 0.00, 0.15, 0.00, 0.05, 0.00
ls6500.combineCommonSamples: 0102_4R graphs g0102_4R21, g0102_4R25
ls6500.combineCommonSamples: 
u-u[0]= 0.00, 31801.00, 85274.00, 117376.00, 170837.00, 202934.00, 256386.00, 288488.00, 1233477.00, 1265547.00, 1319073.00, 1351133.00, 1404634.00, 1436688.00, 1634548.00, 1666604.00, 1834674.00, 1866709.00, 1920183.00, 1952204.00 v= 71.73, 71.88, 71.05, 71.08, 70.38, 70.83, 69.81, 69.61, 64.44, 63.71, 63.44, 63.16, 62.17, 61.85, 59.63, 59.86, 58.89, 57.91, 58.32, 56.54 
x-x[0]= 0.00, 105081.50, 190635.00, 249463.00, 1194452.00, 1253285.00, 1338858.50, 1397663.00, 1595523.00, 1627579.00, 1795649.00, 1854421.00 dx= 42637.00, 26730.50, 26726.00, -16051.00, -488545.50, 26763.00, 26750.50, -16027.00, -114957.00, -130985.00, -215020.00, 26737.00 
y= 71.55, 70.73, 70.32, 69.61, 64.44, 63.58, 62.66, 61.85, 59.63, 59.86, 58.89, 58.12 dy= 0.44, 0.50, 0.72, 0.00, 0.00, 0.19, 0.70, 0.00, 0.00, 0.00, 0.00, 0.29
ls6500.combineCommonSamples: 0102_1F graphs g0102_1F21, g0102_1F25
ls6500.combineCommonSamples: 
u-u[0]= 0.00, 31769.00, 85079.00, 117192.00, 170642.00, 202748.00, 256197.00, 288303.00, 1233241.00, 1265382.00, 1318845.00, 1350969.00, 1404420.00, 1436527.00, 1634334.00, 1666442.00, 1810491.00, 1834462.00, 1866558.00, 1919977.00, 1952062.00 v= 71.03, 71.44, 70.62, 71.11, 70.18, 71.08, 70.17, 69.41, 65.07, 65.41, 64.35, 64.40, 63.50, 63.47, 62.35, 61.50, 61.58, 61.16, 60.88, 60.54, 59.32 
x-x[0]= 0.00, 104967.67, 190523.17, 249353.67, 1194291.67, 1253164.17, 1338745.17, 1397577.67, 1595384.67, 1627492.67, 1771541.67, 1811560.67, 1881027.67 dx= 42539.50, 26725.00, 26724.50, -16053.00, -488522.00, 26731.50, 26725.50, -16053.50, -114957.00, -131011.00, -203035.50, 16048.00, -26709.50 
y= 71.03, 70.64, 70.63, 69.41, 65.07, 64.88, 63.95, 63.47, 62.35, 61.50, 61.58, 61.02, 60.54 dy= 0.41, 0.66, 0.64, 0.00, 0.00, 0.75, 0.63, 0.00, 0.00, 0.00, 0.00, 0.20, 0.00
ls6500.combineCommonSamples: 0142_3R graphs g0142_3R26, g0142_3R33
ls6500.combineCommonSamples: 
u-u[0]= 0.00, 31406.00, 85309.00, 116980.00, 170870.00, 202535.00, 256424.00, 288094.00, 1233510.00, 1265145.00, 1319105.00, 1350736.00, 1404665.00, 1436291.00, 1634580.00, 1666200.00, 1834705.00, 1866304.00, 1920208.00, 1951804.00 v= 89.82, 89.51, 89.59, 89.06, 88.94, 88.14, 88.12, 86.69, 79.55, 78.40, 77.84, 77.24, 76.19, 75.89, 73.15, 72.64, 71.52, 70.32, 69.98, 67.85 
x-x[0]= 0.00, 105020.00, 190574.50, 249189.00, 1194605.00, 1253220.00, 1338795.50, 1397386.00, 1595675.00, 1627295.00, 1795800.00, 1854351.00 dx= 42654.50, 26945.00, 26944.50, -15835.00, -488543.00, 26980.00, 26964.50, -15813.00, -114957.50, -130767.50, -215020.00, 26952.00 
y= 89.64, 89.00, 88.13, 86.69, 79.55, 78.12, 76.71, 75.89, 73.15, 72.64, 71.52, 70.15 dy= 0.16, 0.08, 0.01, 0.00, 0.00, 0.40, 0.74, 0.00, 0.00, 0.00, 0.00, 0.24
ls6500.combineCommonSamples: 0140_2R graphs g0140_2R23, g0140_2R31
ls6500.combineCommonSamples: 
u-u[0]= 0.00, 31390.00, 85292.00, 116965.00, 170856.00, 202521.00, 256407.00, 288077.00, 1233496.00, 1265131.00, 1319090.00, 1350722.00, 1404650.00, 1436276.00, 1634564.00, 1666189.00, 1834690.00, 1866293.00, 1920197.00, 1951790.00 v= 89.55, 90.57, 89.70, 89.67, 89.39, 89.48, 89.00, 88.78, 87.80, 87.84, 87.47, 87.58, 87.03, 87.87, 86.24, 88.04, 87.97, 87.74, 87.95, 86.54 
x-x[0]= 0.00, 105016.50, 190570.00, 249183.00, 1194602.00, 1253216.50, 1338792.00, 1397382.00, 1595670.00, 1627295.00, 1795796.00, 1854351.00 dx= 42646.00, 26945.50, 26943.00, -15835.00, -488544.50, 26979.50, 26964.00, -15813.00, -114957.00, -130769.50, -215020.00, 26952.00 
y= 89.94, 89.53, 89.24, 88.78, 87.80, 87.66, 87.31, 87.87, 86.24, 88.04, 87.97, 87.85 dy= 0.55, 0.20, 0.34, 0.00, 0.00, 0.26, 0.39, 0.00, 0.00, 0.00, 0.00, 0.15
ls6500.combineCommonSamples: 0052_3R graphs g0052_3R12, g0052_3R14, g0052_3R17
ls6500.combineCommonSamples: 
u-u[0]= 0.00, 31338.00, 55884.00, 85219.00, 116893.00, 141449.00, 170784.00, 202459.00, 227008.00, 256337.00, 288007.00, 312575.00, 1233429.00, 1265075.00, 1289535.00, 1319028.00, 1350656.00, 1375112.00, 1404591.00, 1436210.00, 1634505.00, 1666132.00, 1690568.00, 1834631.00, 1866236.00, 1890674.00, 1920140.00, 1951734.00, 1976179.00 v= 47.15, 47.20, 47.59, 47.17, 47.45, 46.78, 46.76, 47.33, 46.93, 46.78, 46.55, 46.58, 44.59, 44.32, 44.45, 43.76, 44.26, 44.04, 43.52, 43.70, 42.94, 43.33, 43.56, 43.05, 42.80, 43.72, 42.59, 42.17, 42.81 
x-x[0]= 0.00, 99931.75, 185491.08, 257180.75, 1190318.75, 1248102.42, 1333676.08, 1393099.75, 1591394.75, 1635239.75, 1791520.75, 1849239.75, 1908623.75 dx= 42609.50, 26945.50, 26939.00, 12284.00, -460427.00, 26976.50, 26967.50, -15809.50, -114957.00, 12218.00, -72031.50, 26952.00, -15797.00 
y= 47.28, 47.00, 47.01, 46.56, 44.59, 44.17, 43.94, 43.70, 42.94, 43.44, 43.05, 43.04, 42.17 dy= 0.21, 0.39, 0.28, 0.02, 0.00, 0.37, 0.38, 0.00, 0.00, 0.16, 0.00, 0.60, 0.00
ls6500.combineCommonSamples: 1000_4R graphs g1000_4R34, g1000_4R36, g1000_4R37
ls6500.combineCommonSamples: 
u-u[0]= 0.00, 31450.00, 38584.00, 85356.00, 117023.00, 124155.00, 170914.00, 202580.00, 209713.00, 256469.00, 288140.00, 295275.00, 1233548.00, 1265187.00, 1282958.00, 1319140.00, 1350770.00, 1368535.00, 1404699.00, 1436327.00, 1634610.00, 1666230.00, 1683987.00, 1834735.00, 1866330.00, 1884093.00, 1920239.00, 1951835.00, 1969601.00 v= 731.60, 736.14, 728.00, 727.67, 733.00, 728.33, 728.67, 729.71, 726.67, 723.75, 726.00, 722.25, 714.17, 713.50, 709.91, 709.75, 711.60, 707.60, 709.30, 715.33, 705.67, 712.20, 710.00, 717.20, 716.67, 714.88, 712.00, 712.40, 714.40 
x-x[0]= 0.00, 98516.50, 184073.17, 252860.00, 1194700.50, 1250247.50, 1335820.50, 1397479.50, 1595762.50, 1636261.00, 1795887.50, 1851373.17, 1912987.50 dx= 42678.00, 26945.50, 26944.50, 3567.50, -469136.50, 26976.50, 26964.50, -15814.00, -114955.50, 8878.50, -75374.00, 26954.50, -15798.00 
y= 730.85, 730.00, 726.71, 724.12, 714.17, 711.05, 709.50, 715.33, 705.67, 711.10, 717.20, 714.51, 712.40 dy= 3.95, 2.60, 2.98, 2.65, 0.00, 2.12, 2.01, 0.00, 0.00, 1.56, 0.00, 2.35, 0.00
ls6500.combineCommonSamples: 1002_1F graphs g1002_1F32, g1002_1F35
ls6500.combineCommonSamples: 
u-u[0]= 0.00, 31333.00, 85154.00, 116833.00, 170717.00, 202392.00, 256269.00, 287943.00, 1233376.00, 1265021.00, 1318978.00, 1350601.00, 1404541.00, 1436156.00, 1634456.00, 1666074.00, 1810613.00, 1834585.00, 1866190.00, 1920095.00, 1951686.00 v= 586.75, 592.20, 578.20, 576.89, 559.50, 565.00, 540.60, 537.20, 409.00, 409.00, 395.36, 394.67, 383.60, 381.88, 359.00, 361.75, 355.11, 350.50, 351.00, 346.00, 340.44 
x-x[0]= 0.00, 104946.00, 190501.50, 249114.00, 1194547.00, 1253170.50, 1338742.00, 1397327.00, 1595627.00, 1627245.00, 1771784.00, 1811558.50, 1881266.00 dx= 42577.00, 26942.00, 26938.50, -15837.00, -488553.50, 26978.50, 26970.00, -15807.50, -114957.50, -130766.50, -203036.00, 15802.50, -26952.50 
y= 585.72, 568.19, 552.80, 537.20, 409.00, 402.18, 389.13, 381.88, 359.00, 361.75, 355.11, 350.75, 346.00 dy= 7.06, 12.30, 17.25, 0.00, 0.00, 9.64, 7.83, 0.00, 0.00, 0.00, 0.00, 0.35, 0.00
ls6500.combineCommonSamples: 0142_1R graphs g0142_1R26, g0142_1R33
ls6500.combineCommonSamples: 
u-u[0]= 0.00, 31384.00, 85286.00, 116959.00, 170850.00, 202516.00, 256401.00, 288070.00, 1233490.00, 1265127.00, 1319084.00, 1350716.00, 1404645.00, 1436270.00, 1634560.00, 1666185.00, 1834686.00, 1866288.00, 1920192.00, 1951784.00 v= 90.10, 90.31, 89.58, 89.30, 88.86, 88.70, 87.71, 86.71, 79.81, 78.19, 77.91, 76.59, 76.21, 75.30, 72.40, 71.93, 71.10, 69.12, 69.54, 66.45 
x-x[0]= 0.00, 105014.50, 190568.50, 249180.00, 1194600.00, 1253215.50, 1338790.50, 1397380.00, 1595670.00, 1627295.00, 1795796.00, 1854350.00 dx= 42643.00, 26945.50, 26942.50, -15834.50, -488544.50, 26978.50, 26964.50, -15812.50, -114957.50, -130770.00, -215020.50, 26952.00 
y= 90.00, 89.08, 88.21, 86.71, 79.81, 78.05, 76.40, 75.30, 72.40, 71.93, 71.10, 69.33 dy= 0.38, 0.31, 0.70, 0.00, 0.00, 0.20, 0.27, 0.00, 0.00, 0.00, 0.00, 0.30
ls6500.combineCommonSamples: 0140_4R graphs g0140_4R23, g0140_4R31
ls6500.combineCommonSamples: 
u-u[0]= 0.00, 31840.00, 85314.00, 117414.00, 170875.00, 202970.00, 256429.00, 288530.00, 1233514.00, 1265579.00, 1319110.00, 1351170.00, 1404668.00, 1436725.00, 1634585.00, 1666635.00, 1834708.00, 1866737.00, 1920213.00, 1952238.00 v= 90.00, 90.53, 89.82, 90.31, 89.81, 89.84, 89.11, 89.06, 87.43, 87.56, 87.27, 87.50, 87.00, 87.81, 86.30, 87.68, 88.54, 88.31, 87.63, 87.26 
x-x[0]= 0.00, 105093.17, 190648.17, 249478.67, 1194462.67, 1253293.17, 1338867.67, 1397673.67, 1595533.67, 1627583.67, 1795656.67, 1854423.67 dx= 42657.00, 26730.50, 26729.50, -16050.50, -488542.50, 26765.50, 26749.00, -16028.50, -114958.50, -130983.50, -215020.00, 26738.00 
y= 90.12, 90.06, 89.48, 89.06, 87.43, 87.41, 87.25, 87.81, 86.30, 87.68, 88.54, 87.97 dy= 0.37, 0.36, 0.51, 0.00, 0.00, 0.20, 0.35, 0.00, 0.00, 0.00, 0.00, 0.48
ls6500.combineCommonSamples: 0052_1F graphs g0052_1F12, g0052_1F14, g0052_1F17
ls6500.combineCommonSamples: 
u-u[0]= 0.00, 31480.00, 62064.00, 85180.00, 116861.00, 147635.00, 170744.00, 202416.00, 233194.00, 256298.00, 287971.00, 318755.00, 1233345.00, 1265050.00, 1295797.00, 1318949.00, 1350639.00, 1381382.00, 1404524.00, 1436197.00, 1466935.00, 1634439.00, 1666110.00, 1696840.00, 1810597.00, 1834571.00, 1866231.00, 1896941.00, 1920080.00, 1955335.00, 1982446.00 v= 46.80, 47.02, 46.38, 46.74, 46.99, 46.48, 46.82, 46.79, 45.87, 46.55, 46.43, 45.69, 44.52, 43.97, 43.38, 44.06, 43.52, 44.12, 43.93, 43.47, 43.47, 43.77, 42.69, 43.15, 43.43, 43.28, 42.54, 43.12, 43.27, 41.93, 42.74 
x-x[0]= 0.00, 100399.00, 185955.00, 258682.00, 1188664.00, 1248584.33, 1334167.33, 1406885.00, 1589758.00, 1636794.00, 1765916.00, 1821233.33, 1893026.50 dx= 42590.00, 26941.50, 26941.00, 15392.00, -457295.00, 26949.50, 26942.50, 15369.00, -83752.00, 15365.00, -56878.50, 31185.00, 17627.50 
y= 46.74, 46.76, 46.40, 46.06, 44.52, 43.80, 43.86, 43.47, 43.77, 42.92, 43.43, 42.98, 42.60 dy= 0.27, 0.26, 0.47, 0.52, 0.00, 0.37, 0.31, 0.00, 0.00, 0.33, 0.00, 0.39, 0.95
ls6500.combineCommonSamples: 1002_3F graphs g1002_3F32, g1002_3F35
ls6500.combineCommonSamples: 
u-u[0]= 0.00, 31336.00, 85178.00, 116853.00, 170739.00, 202412.00, 256295.00, 287964.00, 1233394.00, 1265036.00, 1318994.00, 1350616.00, 1404556.00, 1436169.00, 1634470.00, 1666091.00, 1834599.00, 1866200.00, 1920106.00, 1951702.00 v= 593.00, 591.33, 587.17, 580.25, 572.33, 571.25, 557.50, 548.67, 415.30, 410.14, 402.88, 399.33, 392.33, 389.00, 368.88, 369.62, 359.71, 358.38, 356.00, 348.22 
x-x[0]= 0.00, 104958.00, 190515.50, 249126.00, 1194556.00, 1253177.00, 1338748.00, 1397331.00, 1595632.00, 1627253.00, 1795761.00, 1854315.00 dx= 42589.00, 26943.00, 26941.50, -15834.50, -488549.50, 26979.00, 26970.00, -15806.50, -114957.00, -130767.50, -215021.50, 26953.00 
y= 590.50, 576.29, 564.38, 548.67, 415.30, 406.51, 395.83, 389.00, 368.88, 369.62, 359.71, 357.19 dy= 3.00, 5.60, 9.72, 0.00, 0.00, 5.14, 4.95, 0.00, 0.00, 0.00, 0.00, 1.68
ls6500.combineCommonSamples: 0102_3R graphs g0102_3R21, g0102_3R25
ls6500.combineCommonSamples: 
u-u[0]= 0.00, 31792.00, 85262.00, 117364.00, 170825.00, 202925.00, 256377.00, 288478.00, 1233467.00, 1265539.00, 1319064.00, 1351123.00, 1404626.00, 1436679.00, 1634542.00, 1666597.00, 1834665.00, 1866701.00, 1920175.00, 1952197.00 v= 71.23, 72.08, 71.17, 71.45, 70.45, 70.88, 69.90, 69.42, 64.67, 64.57, 62.83, 62.93, 62.29, 62.12, 59.64, 59.91, 58.60, 58.49, 57.49, 56.34 
x-x[0]= 0.00, 105076.50, 190633.00, 249460.00, 1194449.00, 1253283.50, 1338856.50, 1397661.00, 1595524.00, 1627579.00, 1795647.00, 1854420.00 dx= 42631.00, 26730.50, 26726.00, -16050.50, -488545.00, 26762.50, 26751.50, -16026.50, -114958.00, -130985.50, -215019.50, 26737.00 
y= 71.49, 70.95, 70.39, 69.42, 64.67, 63.70, 62.61, 62.12, 59.64, 59.91, 58.60, 57.99 dy= 0.51, 0.70, 0.70, 0.00, 0.00, 1.23, 0.45, 0.00, 0.00, 0.00, 0.00, 0.71
ls6500.combineCommonSamples: 0052_3F graphs g0052_3F12, g0052_3F14, g0052_3F17
ls6500.combineCommonSamples: 
u-u[0]= 0.00, 31343.00, 73963.00, 85059.00, 116742.00, 159531.00, 170622.00, 202297.00, 245089.00, 256177.00, 287852.00, 330655.00, 1233222.00, 1264931.00, 1296972.00, 1318827.00, 1350520.00, 1382557.00, 1404401.00, 1436077.00, 1634316.00, 1665992.00, 1698015.00, 1810474.00, 1834446.00, 1866110.00, 1898117.00, 1919958.00, 1948014.00, 1983624.00 v= 47.30, 47.41, 46.62, 46.93, 47.12, 46.36, 47.04, 47.02, 46.53, 46.75, 46.30, 45.91, 44.66, 44.73, 43.84, 44.29, 43.86, 43.64, 43.93, 43.75, 43.61, 43.50, 42.87, 44.10, 43.48, 43.02, 43.15, 43.60, 42.86, 42.48 
x-x[0]= 0.00, 101373.75, 186929.75, 261662.25, 1185630.75, 1245985.42, 1331568.08, 1388485.75, 1586724.75, 1634412.25, 1762882.75, 1802686.75, 1874438.42 dx= 42529.50, 26940.00, 26940.00, 21401.50, -451283.50, 26948.00, 26940.50, -15838.00, -114957.50, 16011.50, -56229.50, 15832.00, 24948.50 
y= 47.07, 46.84, 46.77, 46.11, 44.66, 44.29, 43.81, 43.75, 43.61, 43.18, 44.10, 43.25, 43.20 dy= 0.36, 0.42, 0.25, 0.28, 0.00, 0.44, 0.15, 0.00, 0.00, 0.45, 0.00, 0.32, 0.37
ls6500.combineCommonSamples: 1002_1R graphs g1002_1R32, g1002_1R35
ls6500.combineCommonSamples: 
u-u[0]= 0.00, 31854.00, 85327.00, 117426.00, 170885.00, 202985.00, 256444.00, 288542.00, 1233525.00, 1265592.00, 1319121.00, 1351181.00, 1404677.00, 1436738.00, 1634594.00, 1666643.00, 1834716.00, 1866746.00, 1920222.00, 1952248.00 v= 589.33, 585.50, 577.20, 571.67, 560.67, 554.33, 539.75, 533.20, 408.14, 403.43, 393.25, 389.75, 382.14, 379.12, 359.71, 359.62, 352.86, 348.75, 344.62, 339.29 
x-x[0]= 0.00, 105095.17, 190654.17, 249481.67, 1194464.67, 1253296.17, 1338868.67, 1397677.67, 1595533.67, 1627582.67, 1795655.67, 1854423.67 dx= 42663.50, 26729.50, 26729.50, -16049.00, -488540.50, 26764.50, 26748.00, -16030.50, -114958.50, -130983.00, -215019.50, 26738.00 
y= 584.01, 566.17, 547.04, 533.20, 408.14, 398.34, 385.95, 379.12, 359.71, 359.62, 352.86, 346.69 dy= 6.20, 7.78, 10.31, 0.00, 0.00, 7.20, 5.38, 0.00, 0.00, 0.00, 0.00, 2.92
ls6500.combineCommonSamples: 0100_REF graphs g0100_REF1, g0100_REF2
ls6500.combineCommonSamples: 
u-u[0]= 0.00, 3577.00, 85566.00, 89141.00, 171122.00, 174697.00, 256688.00, 260267.00, 1233725.00, 1237298.00, 1319303.00, 1322874.00, 1634755.00, 1834860.00, 1838431.00, 1920368.00 v= 72.27, 72.96, 72.51, 72.64, 71.93, 71.86, 71.07, 71.79, 70.43, 70.57, 70.14, 70.08, 70.18, 71.30, 71.21, 70.92 
x-x[0]= 0.00, 100417.17, 185978.17, 230552.67, 1204010.67, 1248586.17, 1293159.67, 1605040.67, 1805145.67, 1808716.67 dx= 42783.00, 40990.50, 40995.50, -1789.50, -488518.50, 41002.50, -1785.50, -157726.00, -257778.50, -259564.00 
y= 72.58, 72.29, 71.47, 71.79, 70.43, 70.36, 70.08, 70.18, 71.30, 71.21 dy= 0.35, 0.50, 0.56, 0.00, 0.00, 0.31, 0.00, 0.00, 0.00, 0.00
ls6500.combineCommonSamples: 0142_3F graphs g0142_3F26, g0142_3F33
ls6500.combineCommonSamples: 
u-u[0]= 0.00, 31758.00, 85130.00, 117242.00, 170693.00, 202797.00, 256248.00, 288349.00, 1233355.00, 1265430.00, 1318957.00, 1351014.00, 1404521.00, 1436566.00, 1634440.00, 1666486.00, 1810596.00, 1834564.00, 1866601.00, 1920077.00, 1952098.00 v= 90.29, 91.22, 90.62, 90.24, 89.95, 89.71, 88.55, 87.57, 79.66, 79.45, 78.19, 77.67, 76.89, 76.89, 72.79, 72.89, 72.28, 71.03, 71.26, 70.13, 68.98 
x-x[0]= 0.00, 105004.83, 190559.83, 249386.33, 1194392.33, 1253230.83, 1338804.83, 1397603.33, 1595477.33, 1627523.33, 1771633.33, 1811619.83, 1881114.33 dx= 42565.00, 26725.50, 26725.50, -16050.50, -488553.50, 26763.50, 26753.50, -16022.50, -114959.50, -130982.50, -203037.50, 16018.50, -26738.00 
y= 90.71, 90.09, 89.13, 87.57, 79.66, 78.82, 77.28, 76.89, 72.79, 72.89, 72.28, 71.14, 70.13 dy= 0.47, 0.20, 0.82, 0.00, 0.00, 0.89, 0.56, 0.00, 0.00, 0.00, 0.00, 0.16, 0.00
ls6500.combineCommonSamples: 0102_REF graphs g0102_REF1, g0102_REF2
ls6500.combineCommonSamples: 
u-u[0]= 0.00, 3577.00, 85567.00, 89142.00, 171122.00, 174697.00, 256688.00, 260267.00, 1233725.00, 1237298.00, 1319303.00, 1322874.00, 1634754.00, 1834859.00, 1838430.00, 1920368.00 v= 71.20, 71.85, 70.63, 71.36, 69.80, 71.00, 69.38, 69.83, 63.84, 64.92, 62.57, 63.81, 60.45, 58.82, 61.09, 57.63 
x-x[0]= 0.00, 100417.33, 185977.83, 230552.33, 1204010.33, 1248585.83, 1293159.33, 1605039.33, 1805144.33, 1808715.33 dx= 42783.50, 40990.00, 40995.50, -1789.50, -488518.50, 41002.50, -1785.50, -157725.50, -257778.00, -259563.50 
y= 71.23, 70.58, 70.19, 69.83, 63.84, 63.75, 63.81, 60.45, 58.82, 61.09 dy= 0.61, 1.10, 1.14, 0.00, 0.00, 1.66, 0.00, 0.00, 0.00, 0.00
ls6500.combineCommonSamples: 1002_3R graphs g1002_3R32, g1002_3R35
ls6500.combineCommonSamples: 
u-u[0]= 0.00, 31446.00, 85350.00, 117018.00, 170908.00, 202575.00, 256465.00, 288134.00, 1233544.00, 1265184.00, 1319136.00, 1350767.00, 1404695.00, 1436323.00, 1634608.00, 1666226.00, 1834731.00, 1866327.00, 1920236.00, 1951831.00 v= 595.00, 593.40, 584.40, 578.60, 572.25, 561.14, 552.25, 545.44, 411.38, 404.00, 398.43, 393.12, 388.43, 383.43, 367.22, 366.31, 359.33, 356.62, 350.33, 348.11 
x-x[0]= 0.00, 105031.00, 190588.00, 249202.00, 1194612.00, 1253228.00, 1338799.00, 1397391.00, 1595676.00, 1627294.00, 1795799.00, 1854349.50 dx= 42675.00, 26945.00, 26945.00, -15834.50, -488539.50, 26976.00, 26964.00, -15814.00, -114956.50, -130765.50, -215018.00, 26954.50 
y= 590.93, 575.42, 556.70, 545.44, 411.38, 401.21, 390.78, 383.43, 367.22, 366.31, 359.33, 353.48 dy= 5.71, 4.49, 6.29, 0.00, 0.00, 3.94, 3.32, 0.00, 0.00, 0.00, 0.00, 4.45
ls6500.combineCommonSamples: 1000_1R graphs g1000_1R34, g1000_1R36, g1000_1R37
ls6500.combineCommonSamples: 
u-u[0]= 0.00, 31850.00, 40353.00, 85325.00, 117423.00, 125926.00, 170883.00, 202981.00, 211484.00, 256440.00, 288539.00, 297043.00, 1233523.00, 1265589.00, 1284729.00, 1319119.00, 1351179.00, 1370305.00, 1404676.00, 1436735.00, 1634593.00, 1666642.00, 1685760.00, 1834715.00, 1866744.00, 1885865.00, 1920221.00, 1952247.00, 1971371.00 v= 726.50, 729.50, 728.00, 724.71, 729.14, 726.75, 724.80, 724.50, 722.12, 719.60, 722.11, 717.50, 709.00, 712.25, 707.80, 707.80, 710.00, 703.00, 704.50, 708.50, 700.33, 709.80, 706.20, 710.50, 711.67, 714.43, 707.80, 706.25, 709.93 
x-x[0]= 0.00, 98695.33, 184253.00, 253409.00, 1194141.00, 1250430.33, 1336004.67, 1397353.00, 1595211.00, 1636819.00, 1795333.00, 1851561.33, 1912865.00 dx= 42662.50, 26730.00, 26729.50, 4252.00, -468240.00, 26765.00, 26748.50, -16029.50, -114958.50, 9559.00, -74477.50, 26738.50, -16013.00 
y= 727.18, 726.90, 722.07, 719.81, 709.00, 709.28, 705.83, 708.50, 700.33, 708.00, 710.50, 711.30, 706.25 dy= 2.05, 2.18, 2.45, 3.26, 0.00, 2.57, 3.69, 0.00, 0.00, 2.55, 0.00, 3.33, 0.00
ls6500.combineCommonSamples: 0102_3F graphs g0102_3F21, g0102_3F25
ls6500.combineCommonSamples: 
u-u[0]= 0.00, 31332.00, 85092.00, 116775.00, 170654.00, 202330.00, 256209.00, 287884.00, 1233322.00, 1264962.00, 1318917.00, 1350548.00, 1404487.00, 1436107.00, 1634411.00, 1666022.00, 1810568.00, 1834537.00, 1866138.00, 1920046.00, 1951641.00 v= 71.12, 72.30, 70.81, 71.37, 70.49, 71.54, 69.33, 69.86, 64.04, 64.73, 63.33, 63.25, 61.76, 62.39, 59.59, 60.36, 58.83, 58.12, 58.87, 57.54, 57.23 
x-x[0]= 0.00, 104906.50, 190461.50, 249076.00, 1194514.00, 1253131.50, 1338709.50, 1397299.00, 1595603.00, 1627214.00, 1771760.00, 1811529.50, 1881238.00 dx= 42546.00, 26939.50, 26939.50, -15837.50, -488556.50, 26977.50, 26969.50, -15810.00, -114962.00, -130767.50, -203040.50, 15800.50, -26954.00 
y= 71.41, 70.93, 70.43, 69.86, 64.04, 64.03, 62.50, 62.39, 59.59, 60.36, 58.83, 58.50, 57.54 dy= 0.79, 0.62, 1.57, 0.00, 0.00, 1.00, 1.05, 0.00, 0.00, 0.00, 0.00, 0.53, 0.00
ls6500.combineCommonSamples: 0052_2F graphs g0052_2F12, g0052_2F14, g0052_2F17
ls6500.combineCommonSamples: 
u-u[0]= 0.00, 31386.00, 73999.00, 85094.00, 116776.00, 159566.00, 170658.00, 202333.00, 245124.00, 256212.00, 287887.00, 330691.00, 1233258.00, 1264965.00, 1297008.00, 1318862.00, 1350554.00, 1382592.00, 1404437.00, 1436112.00, 1634352.00, 1666026.00, 1698050.00, 1810511.00, 1834483.00, 1866146.00, 1898151.00, 1919994.00, 1955251.00, 1983658.00 v= 46.62, 47.17, 46.83, 46.30, 47.05, 47.11, 46.35, 47.34, 46.97, 45.86, 46.40, 46.56, 43.69, 44.27, 44.24, 43.74, 43.53, 43.97, 43.47, 43.27, 43.27, 42.78, 43.23, 43.06, 42.83, 42.88, 43.38, 42.87, 41.89, 43.11 
x-x[0]= 0.00, 101380.25, 186936.58, 261669.25, 1185638.25, 1245991.92, 1331574.58, 1388492.25, 1586732.25, 1634418.25, 1762891.25, 1802694.75, 1876845.58 dx= 42547.00, 26941.00, 26939.50, 21402.00, -451283.50, 26948.50, 26941.50, -15837.50, -114957.50, 16012.00, -56230.50, 15831.50, 28550.00 
y= 46.73, 46.84, 46.72, 46.48, 43.69, 44.08, 43.66, 43.27, 43.27, 43.00, 43.06, 42.85, 42.71 dy= 0.36, 0.42, 0.77, 0.11, 0.00, 0.29, 0.27, 0.00, 0.00, 0.32, 0.00, 0.03, 0.76
ls6500.combineCommonSamples: 0142_1F graphs g0142_1F26, g0142_1F33
ls6500.combineCommonSamples: 
u-u[0]= 0.00, 31332.00, 85110.00, 116794.00, 170671.00, 202346.00, 256228.00, 287902.00, 1233339.00, 1264979.00, 1318935.00, 1350565.00, 1404504.00, 1436123.00, 1634425.00, 1666039.00, 1810581.00, 1834549.00, 1866153.00, 1920061.00, 1951654.00 v= 90.06, 89.97, 90.29, 89.56, 89.46, 88.90, 88.18, 86.79, 80.31, 78.27, 78.70, 76.56, 77.49, 75.27, 73.28, 71.37, 72.27, 70.91, 69.02, 70.50, 67.00 
x-x[0]= 0.00, 104918.50, 190473.00, 249088.00, 1194525.00, 1253143.00, 1338720.50, 1397309.00, 1595611.00, 1627225.00, 1771767.00, 1811537.00, 1881247.00 dx= 42555.00, 26938.50, 26941.00, -15837.00, -488555.50, 26978.00, 26969.50, -15809.50, -114960.50, -130767.50, -203038.50, 15802.00, -26954.00 
y= 90.11, 89.51, 88.54, 86.79, 80.31, 78.49, 77.02, 75.27, 73.28, 71.37, 72.27, 69.97, 70.50 dy= 0.16, 0.07, 0.51, 0.00, 0.00, 0.30, 0.66, 0.00, 0.00, 0.00, 0.00, 1.33, 0.00
ls6500.combineCommonSamples: 0140_4F graphs g0140_4F23, g0140_4F31
ls6500.combineCommonSamples: 
u-u[0]= 0.00, 31759.00, 85135.00, 117248.00, 170699.00, 202803.00, 256253.00, 288355.00, 1233359.00, 1265436.00, 1318962.00, 1351019.00, 1404527.00, 1436571.00, 1634444.00, 1666491.00, 1810600.00, 1834569.00, 1866606.00, 1920082.00, 1952104.00 v= 89.47, 90.34, 90.43, 89.97, 89.94, 90.29, 89.31, 88.92, 88.20, 87.92, 88.09, 87.97, 87.43, 87.85, 87.86, 87.63, 89.68, 88.53, 88.19, 89.05, 86.65 
x-x[0]= 0.00, 105008.83, 190563.33, 249390.33, 1194394.33, 1253234.33, 1338808.33, 1397606.33, 1595479.33, 1627526.33, 1771635.33, 1811622.83, 1881117.33 dx= 42567.50, 26725.50, 26725.00, -16051.00, -488553.00, 26763.00, 26754.00, -16022.00, -114958.50, -130982.00, -203036.50, 16018.50, -26738.00 
y= 90.08, 89.96, 89.80, 88.92, 88.20, 88.01, 87.70, 87.85, 87.86, 87.63, 89.68, 88.36, 89.05 dy= 0.53, 0.02, 0.69, 0.00, 0.00, 0.12, 0.39, 0.00, 0.00, 0.00, 0.00, 0.24, 0.00
ls6500.combineCommonSamples: 0052_1R graphs g0052_1R12, g0052_1R14, g0052_1R17
ls6500.combineCommonSamples: 
u-u[0]= 0.00, 31763.00, 56287.00, 85196.00, 117299.00, 141855.00, 170759.00, 202865.00, 227414.00, 256314.00, 288414.00, 312982.00, 1233406.00, 1265482.00, 1289941.00, 1319005.00, 1351062.00, 1375518.00, 1404569.00, 1436614.00, 1634482.00, 1666539.00, 1690973.00, 1834609.00, 1866643.00, 1891080.00, 1920117.00, 1952143.00, 1976584.00 v= 46.93, 46.68, 46.76, 47.20, 46.92, 46.96, 47.08, 47.17, 46.72, 46.57, 46.31, 46.52, 44.80, 44.71, 44.09, 43.70, 44.20, 43.98, 43.43, 43.75, 42.86, 43.23, 43.49, 42.92, 42.89, 43.81, 42.77, 42.51, 43.34 
x-x[0]= 0.00, 99992.83, 185552.83, 257386.50, 1190094.50, 1248164.50, 1333738.17, 1393302.50, 1591170.50, 1635444.50, 1791297.50, 1849301.83, 1908831.50 dx= 42598.00, 26730.00, 26724.50, 12284.00, -460212.00, 26761.50, 26753.50, -16022.50, -114956.50, 12217.00, -71818.00, 26737.00, -16013.00 
y= 46.89, 46.98, 46.82, 46.41, 44.80, 44.17, 43.87, 43.75, 42.86, 43.36, 42.92, 43.16, 42.51 dy= 0.23, 0.08, 0.31, 0.15, 0.00, 0.51, 0.40, 0.00, 0.00, 0.18, 0.00, 0.57, 0.00
ls6500.combineCommonSamples: 0050_1R graphs g0050_1R11, g0050_1R13, g0050_1R16
ls6500.combineCommonSamples: 
u-u[0]= 0.00, 31762.00, 56286.00, 85190.00, 117293.00, 141854.00, 170753.00, 202859.00, 227414.00, 256308.00, 288407.00, 312981.00, 1233400.00, 1265475.00, 1289941.00, 1319000.00, 1351057.00, 1375519.00, 1404564.00, 1436608.00, 1634475.00, 1666532.00, 1690973.00, 1834602.00, 1866637.00, 1891080.00, 1920111.00, 1952137.00, 1976584.00 v= 48.04, 48.11, 47.91, 48.34, 47.95, 47.88, 48.22, 48.27, 47.85, 47.82, 47.88, 47.57, 48.07, 48.07, 47.26, 48.00, 47.84, 47.43, 47.85, 47.82, 47.72, 48.25, 47.87, 48.55, 48.48, 48.12, 49.02, 47.69, 48.66 
x-x[0]= 0.00, 99990.50, 185550.83, 257384.50, 1190090.50, 1248162.50, 1333737.17, 1393298.50, 1591165.50, 1635443.00, 1791292.50, 1849299.83, 1908827.50 dx= 42595.00, 26730.00, 26724.50, 12287.00, -460209.50, 26762.50, 26753.50, -16022.00, -114955.50, 12220.50, -71814.50, 26737.00, -16013.00 
y= 48.10, 48.01, 47.98, 47.73, 48.07, 47.78, 47.71, 47.82, 47.72, 48.06, 48.55, 48.54, 47.69 dy= 0.18, 0.18, 0.25, 0.22, 0.00, 0.45, 0.24, 0.00, 0.00, 0.27, 0.00, 0.45, 0.00
ls6500.combineCommonSamples: 0102_1R graphs g0102_1R21, g0102_1R25
ls6500.combineCommonSamples: 
u-u[0]= 0.00, 31341.00, 85242.00, 116914.00, 170806.00, 202479.00, 256359.00, 288029.00, 1233450.00, 1265095.00, 1319049.00, 1350675.00, 1404609.00, 1436231.00, 1634525.00, 1666152.00, 1834650.00, 1866255.00, 1920158.00, 1951754.00 v= 71.05, 71.30, 70.96, 71.12, 70.29, 70.80, 69.83, 69.42, 65.09, 65.08, 64.49, 63.80, 63.46, 63.30, 61.25, 61.26, 61.09, 60.04, 60.25, 58.55 
x-x[0]= 0.00, 104999.00, 190558.00, 249168.00, 1194589.00, 1253211.00, 1338781.00, 1397370.00, 1595664.00, 1627291.00, 1795789.00, 1854345.50 dx= 42621.00, 26946.00, 26940.00, -15835.00, -488545.50, 26977.00, 26967.00, -15811.00, -114958.00, -130771.50, -215020.50, 26951.50 
y= 71.10, 70.70, 70.31, 69.42, 65.09, 64.79, 63.63, 63.30, 61.25, 61.26, 61.09, 60.15 dy= 0.18, 0.58, 0.69, 0.00, 0.00, 0.42, 0.24, 0.00, 0.00, 0.00, 0.00, 0.15
ls6500.combineCommonSamples: 0100_1R graphs g0100_1R15, g0100_1R22, g0100_1R27
ls6500.combineCommonSamples: 
u-u[0]= 0.00, 31339.00, 45610.00, 85237.00, 116909.00, 131181.00, 170800.00, 202473.00, 216741.00, 256353.00, 288024.00, 302300.00, 1233445.00, 1265090.00, 1289988.00, 1319043.00, 1350670.00, 1375563.00, 1404605.00, 1436226.00, 1634520.00, 1666147.00, 1691019.00, 1834645.00, 1866251.00, 1891125.00, 1920154.00, 1951749.00, 1976629.00 v= 71.93, 72.60, 72.32, 72.41, 72.59, 72.54, 71.86, 72.21, 71.53, 71.27, 71.68, 71.03, 70.30, 70.59, 69.94, 69.88, 70.25, 69.60, 69.86, 69.66, 69.50, 70.18, 69.57, 70.55, 70.25, 70.46, 70.46, 69.28, 70.47 
x-x[0]= 0.00, 99083.50, 184642.50, 254615.50, 1192898.50, 1250827.17, 1336399.50, 1395679.50, 1593973.50, 1638036.50, 1794098.50, 1851963.50, 1911202.50 dx= 42618.50, 26945.50, 26940.00, 7138.00, -465572.50, 26976.50, 26967.50, -15810.50, -114957.50, 12436.00, -71813.00, 26951.50, -15797.50 
y= 72.32, 72.33, 71.67, 71.35, 70.30, 70.14, 69.90, 69.66, 69.50, 69.88, 70.55, 70.39, 69.28 dy= 0.28, 0.41, 0.48, 0.46, 0.00, 0.39, 0.33, 0.00, 0.00, 0.43, 0.00, 0.12, 0.00
ls6500.combineCommonSamples: 1000_4F graphs g1000_4F34, g1000_4F36, g1000_4F37
ls6500.combineCommonSamples: 
u-u[0]= 0.00, 31762.00, 56735.00, 85182.00, 117286.00, 142303.00, 170744.00, 202848.00, 227862.00, 256300.00, 288398.00, 313427.00, 1233396.00, 1265470.00, 1290389.00, 1318996.00, 1351049.00, 1375968.00, 1404559.00, 1436603.00, 1634472.00, 1666527.00, 1691423.00, 1834601.00, 1866633.00, 1891530.00, 1920107.00, 1952135.00, 1977032.00 v= 727.80, 729.33, 732.33, 729.00, 726.80, 731.67, 724.25, 728.50, 727.75, 722.09, 718.00, 722.75, 712.00, 713.50, 714.57, 709.67, 707.20, 709.17, 709.40, 709.57, 706.50, 706.75, 712.60, 713.00, 712.67, 721.40, 719.17, 704.43, 715.33 
x-x[0]= 0.00, 100024.58, 185583.58, 257492.75, 1189976.25, 1248198.58, 1333772.25, 1393183.25, 1591052.25, 1635555.25, 1791181.25, 1849336.92, 1908715.25 dx= 42591.00, 26729.00, 26726.00, 12514.50, -459984.50, 26763.00, 26755.00, -16022.00, -114956.50, 12448.00, -71589.00, 26737.00, -16014.00 
y= 729.62, 727.57, 726.11, 720.38, 712.00, 712.58, 708.59, 709.57, 706.50, 709.67, 713.00, 717.74, 704.43 dy= 1.93, 3.77, 3.50, 3.36, 0.00, 2.58, 1.21, 0.00, 0.00, 4.14, 0.00, 4.54, 0.00
ls6500.combineCommonSamples: 0142_4F graphs g0142_4F26, g0142_4F33
ls6500.combineCommonSamples: 
u-u[0]= 0.00, 31759.00, 85141.00, 117252.00, 170704.00, 202808.00, 256258.00, 288361.00, 1233365.00, 1265442.00, 1318967.00, 1351024.00, 1404531.00, 1436576.00, 1634447.00, 1666496.00, 1810603.00, 1834574.00, 1866610.00, 1920086.00, 1952108.00 v= 90.00, 90.14, 89.89, 89.51, 89.36, 89.59, 88.30, 87.71, 79.25, 79.35, 77.84, 77.60, 76.16, 76.39, 72.10, 72.73, 70.76, 69.88, 70.43, 69.07, 67.82 
x-x[0]= 0.00, 105011.33, 190566.33, 249394.33, 1194398.33, 1253237.83, 1338810.83, 1397609.33, 1595480.33, 1627529.33, 1771636.33, 1811625.33, 1881119.33 dx= 42570.50, 26726.00, 26725.00, -16051.50, -488553.50, 26762.50, 26753.50, -16022.50, -114958.00, -130982.50, -203036.00, 16018.00, -26738.00 
y= 90.01, 89.44, 88.95, 87.71, 79.25, 78.59, 76.88, 76.39, 72.10, 72.73, 70.76, 70.16, 69.07 dy= 0.12, 0.11, 0.92, 0.00, 0.00, 1.07, 1.01, 0.00, 0.00, 0.00, 0.00, 0.39, 0.00
ls6500.combineCommonSamples: 0100_3R graphs g0100_3R15, g0100_3R22, g0100_3R27
ls6500.combineCommonSamples: 
u-u[0]= 0.00, 31786.00, 45167.00, 85257.00, 117359.00, 130739.00, 170820.00, 202922.00, 216299.00, 256372.00, 288473.00, 301857.00, 1233463.00, 1265536.00, 1289544.00, 1319061.00, 1351119.00, 1375119.00, 1404622.00, 1436675.00, 1634537.00, 1666594.00, 1690575.00, 1834661.00, 1866697.00, 1890680.00, 1920171.00, 1952194.00, 1976185.00 v= 72.38, 72.93, 72.45, 72.40, 72.78, 72.15, 72.41, 72.29, 72.03, 72.03, 71.72, 71.22, 70.83, 70.16, 69.98, 70.09, 70.32, 69.62, 70.25, 70.35, 69.74, 70.35, 69.83, 70.72, 70.67, 70.15, 70.88, 69.90, 70.54 
x-x[0]= 0.00, 99086.83, 184645.17, 254612.50, 1192910.50, 1250827.83, 1336400.83, 1396122.50, 1593984.50, 1638032.00, 1794108.50, 1851963.50, 1911641.50 dx= 42628.50, 26730.50, 26725.00, 6692.00, -465803.00, 26762.50, 26751.50, -16026.50, -114957.50, 11990.50, -72043.00, 26737.00, -16011.50 
y= 72.54, 72.45, 72.11, 71.47, 70.83, 70.08, 70.07, 70.35, 69.74, 70.09, 70.72, 70.56, 69.90 dy= 0.26, 0.32, 0.15, 0.35, 0.00, 0.09, 0.38, 0.00, 0.00, 0.36, 0.00, 0.38, 0.00
ls6500.combineCommonSamples: 1000_3F graphs g1000_3F34, g1000_3F36, g1000_3F37
ls6500.combineCommonSamples: 
u-u[0]= 0.00, 31336.00, 57181.00, 85173.00, 116848.00, 142749.00, 170735.00, 202407.00, 228309.00, 256288.00, 287958.00, 313873.00, 1233390.00, 1265031.00, 1290835.00, 1318990.00, 1350612.00, 1376417.00, 1404553.00, 1436166.00, 1634467.00, 1666085.00, 1691872.00, 1834596.00, 1866198.00, 1891976.00, 1920104.00, 1951698.00, 1977480.00 v= 721.00, 731.50, 729.00, 723.33, 731.00, 725.00, 716.80, 731.60, 724.00, 715.00, 716.67, 719.00, 705.67, 708.33, 711.00, 703.33, 707.83, 707.83, 699.20, 709.00, 700.00, 706.80, 707.60, 706.25, 711.50, 716.25, 709.00, 705.00, 713.33 
x-x[0]= 0.00, 100021.50, 185578.83, 257493.00, 1189967.50, 1248196.17, 1333771.50, 1392743.50, 1591044.50, 1635556.00, 1791173.50, 1849336.83, 1908275.50 dx= 42586.50, 26943.50, 26940.50, 12957.50, -459758.50, 26979.50, 26970.50, -15806.50, -114957.00, 12893.50, -71362.00, 26953.00, -15797.00 
y= 726.21, 724.27, 723.53, 717.83, 705.67, 707.56, 704.96, 709.00, 700.00, 707.20, 706.25, 712.25, 705.00 dy= 4.87, 7.13, 8.31, 1.65, 0.00, 3.89, 4.98, 0.00, 0.00, 0.57, 0.00, 3.68, 0.00
ls6500.combineCommonSamples: 1002_2F graphs g1002_2F32, g1002_2F35
ls6500.combineCommonSamples: 
u-u[0]= 0.00, 31335.00, 85166.00, 116841.00, 170728.00, 202403.00, 256282.00, 287954.00, 1233384.00, 1265026.00, 1318986.00, 1350608.00, 1404549.00, 1436161.00, 1634463.00, 1666080.00, 1834591.00, 1866194.00, 1920100.00, 1951693.00 v= 585.00, 585.33, 576.43, 572.75, 562.80, 564.00, 545.00, 537.00, 409.83, 408.33, 396.71, 394.75, 385.14, 384.62, 362.00, 364.88, 351.86, 353.43, 349.43, 344.75 
x-x[0]= 0.00, 104950.83, 190508.83, 249120.33, 1194550.33, 1253172.33, 1338744.83, 1397327.33, 1595629.33, 1627246.33, 1795757.33, 1854313.33 dx= 42583.00, 26943.50, 26939.50, -15836.00, -488551.00, 26980.00, 26970.50, -15806.00, -114957.00, -130765.50, -215021.00, 26953.00 
y= 582.25, 567.77, 554.50, 537.00, 409.83, 402.52, 389.95, 384.62, 362.00, 364.88, 351.86, 351.43 dy= 5.05, 7.04, 13.44, 0.00, 0.00, 8.22, 6.79, 0.00, 0.00, 0.00, 0.00, 2.83
ls6500.combineCommonSamples: 1002_4R graphs g1002_4R32, g1002_4R35
ls6500.combineCommonSamples: 
u-u[0]= 0.00, 31455.00, 85360.00, 117026.00, 170918.00, 202584.00, 256473.00, 288144.00, 1233550.00, 1265189.00, 1319141.00, 1350772.00, 1404700.00, 1436329.00, 1634612.00, 1666231.00, 1834736.00, 1866333.00, 1920240.00, 1951837.00 v= 594.33, 593.20, 583.40, 581.50, 573.00, 564.29, 554.00, 548.43, 416.33, 411.86, 405.64, 398.86, 394.67, 390.33, 371.57, 370.62, 364.75, 361.43, 355.71, 352.25 
x-x[0]= 0.00, 105033.67, 190590.17, 249205.67, 1194611.67, 1253226.67, 1338797.67, 1397390.67, 1595673.67, 1627292.67, 1795797.67, 1854348.17 dx= 42680.00, 26946.00, 26944.50, -15835.50, -488538.50, 26976.00, 26964.00, -15814.50, -114956.00, -130765.50, -215018.00, 26953.50 
y= 590.31, 577.25, 559.14, 548.43, 416.33, 408.75, 396.76, 390.33, 371.57, 370.62, 364.75, 358.57 dy= 6.01, 6.01, 7.27, 0.00, 0.00, 4.39, 2.96, 0.00, 0.00, 0.00, 0.00, 4.04
ls6500.combineCommonSamples: 0050_3F graphs g0050_3F11, g0050_3F13, g0050_3F16
ls6500.combineCommonSamples: 
u-u[0]= 0.00, 31344.00, 73960.00, 85056.00, 116738.00, 159527.00, 170619.00, 202294.00, 245085.00, 256173.00, 287848.00, 330652.00, 1233219.00, 1264926.00, 1296969.00, 1318823.00, 1350515.00, 1382554.00, 1404397.00, 1436073.00, 1634313.00, 1665988.00, 1698011.00, 1810471.00, 1834443.00, 1866107.00, 1898113.00, 1919955.00, 1948011.00, 1983620.00 v= 47.94, 48.31, 48.02, 48.00, 48.34, 48.11, 48.06, 48.83, 48.15, 47.89, 48.16, 47.90, 48.17, 48.91, 48.06, 47.96, 48.57, 48.22, 48.12, 48.97, 48.37, 48.82, 48.61, 49.28, 49.40, 49.61, 49.16, 49.05, 49.64, 49.33 
x-x[0]= 0.00, 101371.33, 186927.33, 261660.00, 1185629.00, 1245982.67, 1331565.33, 1388483.00, 1586723.00, 1634409.50, 1762881.00, 1802685.00, 1874436.33 dx= 42528.00, 26940.50, 26939.50, 21402.00, -451283.50, 26948.50, 26941.00, -15838.00, -114958.00, 16011.50, -56230.00, 15832.00, 24949.00 
y= 48.07, 48.17, 48.29, 48.03, 48.17, 48.31, 48.30, 48.97, 48.37, 48.71, 49.28, 49.50, 49.28 dy= 0.17, 0.15, 0.48, 0.18, 0.00, 0.53, 0.24, 0.00, 0.00, 0.15, 0.00, 0.15, 0.32
ls6500.combineCommonSamples: 1000_2R graphs g1000_2R34, g1000_2R36, g1000_2R37
ls6500.combineCommonSamples: 
u-u[0]= 0.00, 31856.00, 39902.00, 85329.00, 117429.00, 125475.00, 170888.00, 202988.00, 211032.00, 256446.00, 288545.00, 296593.00, 1233526.00, 1265595.00, 1284277.00, 1319122.00, 1351183.00, 1369855.00, 1404679.00, 1436739.00, 1634595.00, 1666644.00, 1685308.00, 1834718.00, 1866747.00, 1885413.00, 1920223.00, 1952249.00, 1970920.00 v= 726.33, 730.50, 728.00, 724.33, 727.80, 729.71, 723.33, 723.80, 723.33, 719.50, 721.40, 720.75, 714.80, 712.00, 711.25, 708.00, 708.50, 706.60, 705.75, 707.83, 706.00, 709.25, 706.67, 712.33, 712.80, 714.40, 709.80, 704.14, 715.50 
x-x[0]= 0.00, 98658.92, 184216.92, 253297.25, 1194254.25, 1250392.92, 1335967.25, 1397467.25, 1595323.25, 1636704.25, 1795446.25, 1851522.58, 1912977.25 dx= 42664.50, 26729.50, 26729.00, 4024.00, -468466.50, 26763.50, 26748.00, -16030.00, -114958.00, 9332.00, -74705.00, 26738.00, -16013.00 
y= 727.29, 726.95, 722.21, 721.08, 714.80, 710.42, 706.95, 707.83, 706.00, 707.96, 712.33, 712.33, 704.14 dy= 2.61, 3.27, 2.36, 0.46, 0.00, 2.13, 1.41, 0.00, 0.00, 1.83, 0.00, 2.34, 0.00
ls6500.combineCommonSamples: 1000_1F graphs g1000_1F34, g1000_1F36, g1000_1F37
ls6500.combineCommonSamples: 
u-u[0]= 0.00, 31333.00, 57645.00, 85150.00, 116830.00, 143213.00, 170713.00, 202388.00, 228774.00, 256266.00, 287940.00, 314336.00, 1233374.00, 1265020.00, 1291299.00, 1318975.00, 1350601.00, 1376882.00, 1404538.00, 1436154.00, 1634454.00, 1666074.00, 1692339.00, 1810611.00, 1834581.00, 1866188.00, 1892441.00, 1920094.00, 1951685.00, 1977946.00 v= 724.67, 722.57, 724.20, 726.25, 722.38, 723.60, 726.00, 727.00, 719.57, 720.67, 712.75, 717.83, 710.00, 706.00, 709.43, 709.00, 702.25, 702.67, 701.60, 701.50, 701.75, 702.60, 705.33, 715.50, 709.62, 704.71, 711.25, 713.00, 701.80, 707.20 
x-x[0]= 0.00, 100053.33, 185610.67, 257606.00, 1189842.00, 1248232.67, 1333808.33, 1392622.00, 1590922.00, 1635674.50, 1767079.00, 1820871.33, 1892357.50 dx= 42575.00, 26941.50, 26939.00, 13198.00, -459519.00, 26977.50, 26968.50, -15808.00, -114958.00, 13132.50, -59136.00, 28930.00, 15795.50 
y= 724.42, 723.99, 722.41, 715.29, 710.00, 708.14, 702.17, 701.50, 701.75, 703.97, 715.50, 708.53, 707.40 dy= 1.51, 1.84, 4.01, 3.59, 0.00, 1.87, 0.54, 0.00, 0.00, 1.93, 0.00, 3.40, 7.92
ls6500.combineCommonSamples: 0050_1F graphs g0050_1F11, g0050_1F13, g0050_1F16
ls6500.combineCommonSamples: 
u-u[0]= 0.00, 31533.00, 62112.00, 85228.00, 116907.00, 147682.00, 170792.00, 202463.00, 233240.00, 256346.00, 288018.00, 318801.00, 1233393.00, 1265097.00, 1295845.00, 1318997.00, 1350685.00, 1381429.00, 1404571.00, 1436245.00, 1466986.00, 1634487.00, 1666156.00, 1696886.00, 1810647.00, 1834619.00, 1866279.00, 1896989.00, 1920129.00, 1955382.00, 1982493.00 v= 48.05, 47.98, 47.91, 47.95, 47.92, 47.75, 47.83, 47.79, 47.12, 47.79, 47.45, 47.32, 47.56, 47.95, 47.48, 47.67, 47.78, 47.05, 47.80, 47.88, 47.54, 48.42, 47.92, 47.77, 48.83, 48.64, 48.63, 47.93, 49.44, 48.57, 47.53 
x-x[0]= 0.00, 100408.75, 185964.75, 258691.25, 1188674.75, 1248594.75, 1334176.75, 1406897.25, 1589768.75, 1636802.75, 1765928.75, 1821244.08, 1893037.25 dx= 42614.00, 26942.50, 26941.50, 15391.50, -457296.00, 26950.00, 26943.00, 15370.50, -83750.50, 15365.00, -56880.50, 31185.00, 17626.50 
y= 47.97, 47.84, 47.57, 47.39, 47.56, 47.70, 47.55, 47.71, 48.42, 47.85, 48.83, 48.40, 49.00 dy= 0.06, 0.09, 0.38, 0.10, 0.00, 0.24, 0.43, 0.23, 0.00, 0.11, 0.00, 0.41, 0.62
ls6500.combineCommonSamples: 0100_1F graphs g0100_1F15, g0100_1F22, g0100_1F27
ls6500.combineCommonSamples: 
u-u[0]= 0.00, 31768.00, 73980.00, 85075.00, 117188.00, 159546.00, 170638.00, 202743.00, 245105.00, 256192.00, 288299.00, 330671.00, 1233237.00, 1265378.00, 1296988.00, 1318842.00, 1350965.00, 1382573.00, 1404416.00, 1436522.00, 1634329.00, 1666437.00, 1698029.00, 1810488.00, 1834458.00, 1866554.00, 1898131.00, 1919973.00, 1952058.00, 1983639.00 v= 72.49, 72.49, 72.05, 72.35, 71.86, 71.98, 72.46, 72.05, 71.64, 71.88, 70.92, 71.13, 70.21, 69.94, 70.10, 69.80, 69.47, 69.20, 69.64, 69.72, 69.75, 69.14, 69.19, 70.97, 70.51, 70.23, 70.14, 70.82, 69.39, 70.05 
x-x[0]= 0.00, 101418.25, 186974.25, 261779.25, 1185531.25, 1246030.25, 1331612.25, 1388816.25, 1586623.25, 1634527.25, 1762782.25, 1802800.25, 1875681.58 dx= 42537.50, 26725.00, 26724.50, 21186.00, -451283.00, 26732.00, 26725.50, -16053.00, -114956.50, 15796.00, -56229.50, 16048.00, 26963.50 
y= 72.34, 72.10, 71.86, 71.02, 70.21, 69.94, 69.44, 69.72, 69.75, 69.16, 70.97, 70.37, 70.12 dy= 0.21, 0.32, 0.20, 0.15, 0.00, 0.15, 0.22, 0.00, 0.00, 0.04, 0.00, 0.20, 0.72
ls6500.combineCommonSamples: 1000_2F graphs g1000_2F34, g1000_2F36, g1000_2F37
ls6500.combineCommonSamples: 
u-u[0]= 0.00, 31334.00, 57197.00, 85160.00, 116836.00, 142763.00, 170722.00, 202397.00, 228326.00, 256275.00, 287948.00, 313887.00, 1233379.00, 1265022.00, 1290850.00, 1318982.00, 1350604.00, 1376433.00, 1404545.00, 1436157.00, 1634460.00, 1666076.00, 1691890.00, 1834588.00, 1866191.00, 1891992.00, 1920097.00, 1951689.00, 1977496.00 v= 714.25, 719.14, 721.00, 716.00, 718.00, 720.00, 710.75, 724.80, 717.00, 707.00, 709.90, 712.00, 700.25, 699.80, 705.00, 697.50, 697.80, 700.67, 694.12, 697.25, 692.40, 697.33, 702.67, 698.50, 700.00, 709.43, 703.00, 692.67, 704.57 
x-x[0]= 0.00, 100017.58, 185576.58, 257494.75, 1189956.25, 1248195.25, 1333771.25, 1392734.25, 1591037.25, 1635560.25, 1791165.25, 1849337.25, 1908266.25 dx= 42580.00, 26943.00, 26939.00, 12969.50, -459746.00, 26980.00, 26970.50, -15806.00, -114957.50, 12907.00, -71349.00, 26953.00, -15796.00 
y= 717.60, 716.25, 716.27, 710.95, 700.25, 700.77, 697.53, 697.25, 692.40, 700.00, 698.50, 704.14, 692.67 dy= 3.04, 4.87, 8.92, 1.48, 0.00, 3.84, 3.28, 0.00, 0.00, 3.77, 0.00, 4.82, 0.00
ls6500.combineCommonSamples: 1002_4F graphs g1002_4F32, g1002_4F35
ls6500.combineCommonSamples: 
u-u[0]= 0.00, 31762.00, 85185.00, 117288.00, 170749.00, 202854.00, 256303.00, 288402.00, 1233397.00, 1265472.00, 1318997.00, 1351052.00, 1404561.00, 1436605.00, 1634472.00, 1666529.00, 1834601.00, 1866634.00, 1920108.00, 1952135.00 v= 595.00, 594.70, 585.62, 584.67, 574.50, 575.50, 559.50, 554.00, 419.55, 415.00, 409.12, 403.86, 397.17, 395.11, 374.57, 373.89, 365.11, 363.50, 360.75, 352.33 
x-x[0]= 0.00, 105036.17, 190596.17, 249419.67, 1194414.67, 1253252.17, 1338824.17, 1397622.67, 1595489.67, 1627546.67, 1795618.67, 1854388.67 dx= 42592.50, 26730.50, 26724.50, -16049.50, -488547.00, 26762.50, 26754.50, -16022.00, -114955.50, -130984.00, -215020.00, 26737.00 
y= 591.77, 579.58, 567.50, 554.00, 419.55, 412.06, 400.51, 395.11, 374.57, 373.89, 365.11, 362.12 dy= 5.33, 7.19, 11.31, 0.00, 0.00, 4.15, 4.73, 0.00, 0.00, 0.00, 0.00, 1.94
ls6500.combineCommonSamples: 0050_3R graphs g0050_3R11, g0050_3R13, g0050_3R16
ls6500.combineCommonSamples: 
u-u[0]= 0.00, 31339.00, 55878.00, 85214.00, 116888.00, 141444.00, 170779.00, 202453.00, 227002.00, 256332.00, 288003.00, 312570.00, 1233424.00, 1265070.00, 1289530.00, 1319024.00, 1350651.00, 1375107.00, 1404587.00, 1436204.00, 1634500.00, 1666127.00, 1690563.00, 1834626.00, 1866231.00, 1890670.00, 1920137.00, 1951729.00, 1976174.00 v= 47.77, 47.95, 47.74, 48.40, 48.56, 47.57, 48.33, 48.40, 47.57, 47.90, 48.00, 47.28, 47.63, 48.23, 47.57, 47.65, 48.24, 47.18, 47.62, 48.20, 47.43, 48.58, 47.84, 48.49, 49.19, 48.19, 48.87, 48.66, 48.16 
x-x[0]= 0.00, 99929.25, 185487.92, 257178.75, 1190316.25, 1248100.25, 1333673.92, 1393096.25, 1591392.25, 1635237.25, 1791518.25, 1849238.25, 1908621.25 dx= 42607.00, 26945.50, 26939.50, 12283.50, -460427.00, 26977.00, 26968.00, -15808.50, -114956.50, 12218.00, -72031.50, 26953.00, -15796.00 
y= 47.97, 48.15, 47.96, 47.64, 47.63, 47.82, 47.68, 48.20, 47.43, 48.21, 48.49, 48.75, 48.66 dy= 0.31, 0.52, 0.42, 0.51, 0.00, 0.36, 0.53, 0.00, 0.00, 0.52, 0.00, 0.51, 0.00
ls6500.combineCommonSamples: 0100_3F graphs g0100_3F15, g0100_3F22, g0100_3F27
ls6500.combineCommonSamples: 
u-u[0]= 0.00, 31333.00, 72670.00, 85087.00, 116770.00, 158236.00, 170649.00, 202325.00, 243794.00, 256204.00, 287879.00, 329362.00, 1233317.00, 1264957.00, 1295677.00, 1318912.00, 1350544.00, 1381262.00, 1404483.00, 1436102.00, 1634407.00, 1666018.00, 1696719.00, 1810564.00, 1834534.00, 1866134.00, 1896819.00, 1920041.00, 1951637.00, 1982327.00 v= 72.33, 72.64, 72.14, 72.61, 72.45, 71.92, 72.20, 73.17, 71.98, 71.90, 71.38, 71.42, 70.22, 70.57, 70.15, 70.51, 70.41, 69.80, 70.02, 70.42, 69.57, 70.03, 70.23, 71.45, 70.47, 70.95, 70.50, 70.85, 70.07, 70.47 
x-x[0]= 0.00, 101279.17, 186835.17, 261348.00, 1186044.50, 1245909.50, 1331490.50, 1388829.50, 1587134.50, 1634096.00, 1763291.50, 1818556.50, 1888566.50 dx= 42543.50, 26939.50, 26939.50, 20741.50, -451977.50, 26977.50, 26969.50, -15809.50, -114962.00, 15350.50, -56922.50, 31142.50, 15798.00 
y= 72.43, 72.19, 72.35, 71.40, 70.22, 70.41, 70.08, 70.42, 69.57, 70.13, 71.45, 70.64, 70.46 dy= 0.24, 0.26, 0.72, 0.03, 0.00, 0.23, 0.31, 0.00, 0.00, 0.14, 0.00, 0.27, 0.55
ls6500.combineCommonSamples: 1000_3R graphs g1000_3R34, g1000_3R36, g1000_3R37
ls6500.combineCommonSamples: 
u-u[0]= 0.00, 31441.00, 39030.00, 85345.00, 117013.00, 124602.00, 170902.00, 202571.00, 210160.00, 256461.00, 288129.00, 295721.00, 1233539.00, 1265180.00, 1283404.00, 1319134.00, 1350763.00, 1368982.00, 1404690.00, 1436319.00, 1634605.00, 1666223.00, 1684434.00, 1834727.00, 1866325.00, 1884540.00, 1920233.00, 1951828.00, 1970047.00 v= 732.33, 738.25, 731.75, 731.00, 736.55, 732.00, 729.57, 729.71, 728.00, 723.00, 729.80, 722.60, 715.50, 717.33, 713.50, 713.00, 715.67, 709.57, 710.00, 712.80, 707.80, 714.00, 712.80, 720.00, 719.43, 719.83, 712.17, 714.00, 720.50 
x-x[0]= 0.00, 98551.67, 184110.00, 252971.00, 1194585.00, 1250285.33, 1335857.67, 1397365.00, 1595651.00, 1636374.50, 1795773.00, 1851412.00, 1912874.00 dx= 42672.50, 26944.50, 26945.00, 3796.00, -468909.00, 26977.00, 26963.50, -15814.50, -114957.50, 9105.50, -75146.50, 26954.00, -15797.50 
y= 733.33, 732.71, 726.90, 726.20, 715.50, 714.61, 711.75, 712.80, 707.80, 713.40, 720.00, 717.14, 714.00 dy= 3.32, 3.54, 3.49, 5.09, 0.00, 2.37, 3.40, 0.00, 0.00, 0.85, 0.00, 4.31, 0.00
ls6500.combineCommonSamples: 0052_4F graphs g0052_4F12, g0052_4F14, g0052_4F17
ls6500.combineCommonSamples: 
u-u[0]= 0.00, 31769.00, 73975.00, 85070.00, 117184.00, 159541.00, 170632.00, 202739.00, 245101.00, 256187.00, 288294.00, 330666.00, 1233232.00, 1265372.00, 1296983.00, 1318837.00, 1350961.00, 1382568.00, 1404411.00, 1436517.00, 1634325.00, 1666432.00, 1698025.00, 1810483.00, 1834454.00, 1866549.00, 1898126.00, 1919968.00, 1952053.00, 1983634.00 v= 47.15, 47.41, 47.21, 47.39, 47.02, 46.94, 47.02, 47.25, 46.97, 46.87, 46.13, 46.41, 44.30, 44.38, 44.50, 43.90, 43.84, 43.95, 43.73, 43.76, 43.08, 42.95, 43.40, 42.95, 43.23, 42.77, 43.60, 43.12, 42.39, 43.05 
x-x[0]= 0.00, 101415.50, 186972.17, 261776.50, 1185528.50, 1246027.17, 1331609.83, 1388813.50, 1586621.50, 1634525.00, 1762779.50, 1802798.00, 1875678.83 dx= 42535.00, 26724.00, 26724.00, 21186.00, -451283.00, 26732.50, 26725.00, -16053.00, -114957.00, 15796.50, -56229.00, 16047.50, 26963.50 
y= 47.29, 46.99, 47.03, 46.27, 44.30, 44.26, 43.84, 43.76, 43.08, 43.17, 42.95, 43.00, 43.04 dy= 0.13, 0.04, 0.20, 0.20, 0.00, 0.32, 0.11, 0.00, 0.00, 0.32, 0.00, 0.32, 0.61
ls6500.Analyze: Wrote hists to Histograms/mergensrl.root
