ls6500: Output directed to terminal and Log/mergegamma_201411071700_798509.log
ls6500: Irradiation date is 2014/10/20 16:00:00
ls6500: initialization mergegamma . Merging /Users/djaffe/work/GIT/LINDSEY/TechMaturation2014/LS6500/Gamma_Pre-irradiation141017/, /Users/djaffe/work/GIT/LINDSEY/TechMaturation2014/LS6500/Gamma_1Gy_141020/, /Users/djaffe/work/GIT/LINDSEY/TechMaturation2014/LS6500/Gamma_All_141021/, /Users/djaffe/work/GIT/LINDSEY/TechMaturation2014/LS6500/Gamma_All_141022/
ls6500.Main: pickMode merge
ls6500.putOrGet: unpickling...be patient. file Pickles/Gamma_Pre-irradiation141017.pickle
ls6500.fillSampleMsmts: initial,final sampleMsmts length 0 , 40
ls6500.fillSampleMsmts: Samples in fillSampleMsmts 0050_0_1 0050_0_2 0050_100_1 0050_100_2 0050_400_1 0050_400_2 0052_0_1 0052_0_2 0052_100_1 0052_100_2 0052_400_1 0052_400_2 0100_0_1 0100_0_2 0100_1000_1 0100_1000_2 0100_100_1 0100_100_2 0100_10_1 0100_10_2 0100_1_1 0100_1_2 0100_400_1 0100_400_2 0102_0_1 0102_0_2 0102_1000_1 0102_1000_2 0102_100_1 0102_100_2 0102_10_1 0102_10_2 0102_1_1 0102_1_2 0102_400_1 0102_400_2 EMPTY_S1_Position01 EMPTY_S2_Position02 EMPTY_S3_Position03 EMPTY_S4_Position04 
ls6500.putOrGet: pickled data read from Pickles/Gamma_Pre-irradiation141017.pickle
ls6500.putOrGet: unpickling...be patient. file Pickles/Gamma_1Gy_141020.pickle
ls6500.fillSampleMsmts: initial,final sampleMsmts length 40 , 40
ls6500.fillSampleMsmts: Samples in fillSampleMsmts 0050_0_1 0050_0_2 0050_100_1 0050_100_2 0050_400_1 0050_400_2 0052_0_1 0052_0_2 0052_100_1 0052_100_2 0052_400_1 0052_400_2 0100_0_1 0100_0_2 0100_1000_1 0100_1000_2 0100_100_1 0100_100_2 0100_10_1 0100_10_2 0100_1_1 0100_1_2 0100_400_1 0100_400_2 0102_0_1 0102_0_2 0102_1000_1 0102_1000_2 0102_100_1 0102_100_2 0102_10_1 0102_10_2 0102_1_1 0102_1_2 0102_400_1 0102_400_2 EMPTY_S1_Position01 EMPTY_S2_Position02 EMPTY_S3_Position03 EMPTY_S4_Position04 
ls6500.putOrGet: pickled data read from Pickles/Gamma_1Gy_141020.pickle
ls6500.putOrGet: unpickling...be patient. file Pickles/Gamma_All_141021.pickle
ls6500.fillSampleMsmts: initial,final sampleMsmts length 40 , 67
ls6500.fillSampleMsmts: Samples in fillSampleMsmts 0050_0_1 0050_0_2 0050_100_1 0050_100_2 0050_400_1 0050_400_2 0052_0_1 0052_0_2 0052_100_1 0052_100_2 0052_400_1 0052_400_2 0100_0_1 0100_0_2 0100_1000_1 0100_1000_2 0100_100_1 0100_100_2 0100_10_1 0100_10_2 0100_1_1 0100_1_2 0100_400_1 0100_400_2 0102_0_1 0102_0_2 0102_1000_1 0102_1000_2 0102_100_1 0102_100_2 0102_10_1 0102_10_2 0102_1_1 0102_1_2 0102_400_1 0102_400_2 10%_WbLS_Vit._C 15%_WbLS_Vit._C 5%_WbLS_Vit._C EMPTY_S1_Position01 EMPTY_S2_Position02 EMPTY_S3_Position03 EMPTY_S4_Position04 EMPTY_S5_Position05 EMPTY_S6_Position06 EMPTY_S7_Position07 GLASS_0_1 GLASS_0_2 GLASS_1000_1 GLASS_1000_2 GLASS_100_1 GLASS_100_2 GLASS_400_1 GLASS_400_2 LS_10/20/14 LS_Vit._C PP_0_1 PP_0_2 PP_1000_1 PP_1000_2 PP_100_1 PP_100_2 PP_400_1 PP_400_2 WbLS-10_10/20/14 WbLS-15_10/20/14 WbLS-5_10/20/14 
ls6500.putOrGet: pickled data read from Pickles/Gamma_All_141021.pickle
ls6500.putOrGet: unpickling...be patient. file Pickles/Gamma_All_141022.pickle
ls6500.fillSampleMsmts: initial,final sampleMsmts length 67 , 68
ls6500.fillSampleMsmts: Samples in fillSampleMsmts 0050_0_1 0050_0_2 0050_100_1 0050_100_2 0050_400_1 0050_400_2 0052_0_1 0052_0_2 0052_100_1 0052_100_2 0052_400_1 0052_400_2 0100_0_1 0100_0_2 0100_1000_1 0100_1000_2 0100_100_1 0100_100_2 0100_10_1 0100_10_2 0100_1_1 0100_1_2 0100_400_1 0100_400_2 0102_0_1 0102_0_2 0102_1000_1 0102_1000_2 0102_100_1 0102_100_2 0102_10_1 0102_10_2 0102_1_1 0102_1_2 0102_400_1 0102_400_2 10%_WbLS_Vit._C 15%_WbLS_Vit._C 5%_WbLS_Vit._C EMPTY_S1_Position01 EMPTY_S2_Position02 EMPTY_S3_Position03 EMPTY_S4_Position04 EMPTY_S5_Position05 EMPTY_S6_Position06 EMPTY_S7_Position07 GLASS_0_1 GLASS_0_2 GLASS_1000_1 GLASS_1000_2 GLASS_100_1 GLASS_100_2 GLASS_400_1 GLASS_400_2 HDPE_0_1 LS_10/20/14 LS_Vit._C PP_0_1 PP_0_2 PP_1000_1 PP_1000_2 PP_100_1 PP_100_2 PP_400_1 PP_400_2 WbLS-10_10/20/14 WbLS-15_10/20/14 WbLS-5_10/20/14 
ls6500.putOrGet: pickled data read from Pickles/Gamma_All_141022.pickle
ls6500.defineMatchingSamples 
Name : Samples
0050_0 : 0050_0_1,0050_0_2
0050_100 : 0050_100_1,0050_100_2
0050_400 : 0050_400_1,0050_400_2
0052_0 : 0052_0_1,0052_0_2
0052_100 : 0052_100_1,0052_100_2
0052_400 : 0052_400_1,0052_400_2
0100_0 : 0100_0_1,0100_0_2
0100_1 : 0100_1_1,0100_1_2
0100_10 : 0100_10_1,0100_10_2
0100_100 : 0100_100_1,0100_100_2
0100_1000 : 0100_1000_1,0100_1000_2
0100_400 : 0100_400_1,0100_400_2
0102_0 : 0102_0_1,0102_0_2
0102_1 : 0102_1_1,0102_1_2
0102_10 : 0102_10_1,0102_10_2
0102_100 : 0102_100_1,0102_100_2
0102_1000 : 0102_1000_1,0102_1000_2
0102_400 : 0102_400_1,0102_400_2
EMPTY : EMPTY_S1_Position01,EMPTY_S2_Position02,EMPTY_S3_Position03,EMPTY_S4_Position04,EMPTY_S5_Position05,EMPTY_S6_Position06,EMPTY_S7_Position07
GLASS_0 : GLASS_0_1,GLASS_0_2
GLASS_100 : GLASS_100_1,GLASS_100_2
GLASS_1000 : GLASS_1000_1,GLASS_1000_2
GLASS_400 : GLASS_400_1,GLASS_400_2
PP_0 : PP_0_1,PP_0_2
PP_100 : PP_100_1,PP_100_2
PP_1000 : PP_1000_1,PP_1000_2
PP_400 : PP_400_1,PP_400_2
ls6500.Analyze
ls.Analyze: kinds ['0100', '15%', 'EMPTY', '0052', 'PP', 'GLASS', '0050', '0102', 'LS', '5%', 'WbLS-5', '10%', 'WbLS-10', 'HDPE', 'WbLS-15']
histogramming samples 0100_1_1 0100_1_2 15%_WbLS_Vit._C 0100_1000_2 EMPTY_S6_Position06 0052_0_1 PP_1000_1 PP_1000_2 EMPTY_S2_Position02 0100_400_2 0100_400_1 GLASS_100_1 0050_400_1 EMPTY_S1_Position01 0050_400_2 0100_10_2 0102_1000_1 0100_100_2 GLASS_400_2 GLASS_400_1 0100_100_1 0052_100_2 0052_100_1 LS_Vit._C 0050_100_2 EMPTY_S7_Position07 GLASS_1000_1 0102_100_1 0102_100_2 GLASS_1000_2 0102_10_1 5%_WbLS_Vit._C WbLS-5_10/20/14 0102_10_2 0102_1_2 EMPTY_S5_Position05 0102_1_1 10%_WbLS_Vit._C PP_100_1 GLASS_100_2 PP_100_2 PP_400_2 WbLS-10_10/20/14 0102_400_1 0102_400_2 0052_400_2 0052_400_1 PP_0_2 PP_400_1 EMPTY_S3_Position03 0102_1000_2 LS_10/20/14 GLASS_0_1 0100_10_1 GLASS_0_2 0050_100_1 0052_0_2 PP_0_1 HDPE_0_1 EMPTY_S4_Position04 WbLS-15_10/20/14 0100_0_1 0102_0_2 0102_0_1 0100_0_2 0050_0_2 0050_0_1 0100_1000_1 
ls6500.combineCommonSamples: 0100_10 graphs g0100_10_1, g0100_10_2
Add graph A0100_10 to MultiGraphs. kind= Q0100
ls6500.combineCommonSamples: GLASS_1000 graphs gGLASS_1000_1, gGLASS_1000_2
Add graph AGLASS_1000 to MultiGraphs. kind= QGLASS
ls6500.combineCommonSamples: 0052_400 graphs g0052_400_1, g0052_400_2
Add graph A0052_400 to MultiGraphs. kind= Q0052
ls6500.combineCommonSamples: 0102_10 graphs g0102_10_1, g0102_10_2
Add graph A0102_10 to MultiGraphs. kind= Q0102
ls6500.combineCommonSamples: EMPTY graphs gEMPTY_S1_Position01_20141017, gEMPTY_S2_Position02_20141017, gEMPTY_S3_Position03_20141017, gEMPTY_S4_Position04_20141017, gEMPTY_S5_Position05_20141021, gEMPTY_S6_Position06_20141021, gEMPTY_S7_Position07_20141021
ls6500.combineCommonSamples: 0050_0 graphs g0050_0_1, g0050_0_2
Add graph A0050_0 to MultiGraphs. kind= Q0050
ls6500.combineCommonSamples: 0102_1000 graphs g0102_1000_1, g0102_1000_2
Add graph A0102_1000 to MultiGraphs. kind= Q0102
ls6500.combineCommonSamples: 0100_400 graphs g0100_400_1, g0100_400_2
Add graph A0100_400 to MultiGraphs. kind= Q0100
ls6500.combineCommonSamples: GLASS_100 graphs gGLASS_100_1, gGLASS_100_2
Add graph AGLASS_100 to MultiGraphs. kind= QGLASS
ls6500.combineCommonSamples: 0052_0 graphs g0052_0_1, g0052_0_2
Add graph A0052_0 to MultiGraphs. kind= Q0052
ls6500.combineCommonSamples: 0102_400 graphs g0102_400_1, g0102_400_2
Add graph A0102_400 to MultiGraphs. kind= Q0102
ls6500.combineCommonSamples: PP_0 graphs gPP_0_1, gPP_0_2
Add graph APP_0 to MultiGraphs. kind= QPP
ls6500.combineCommonSamples: 0050_400 graphs g0050_400_1, g0050_400_2
Add graph A0050_400 to MultiGraphs. kind= Q0050
ls6500.combineCommonSamples: 0052_100 graphs g0052_100_1, g0052_100_2
Add graph A0052_100 to MultiGraphs. kind= Q0052
ls6500.combineCommonSamples: PP_100 graphs gPP_100_1, gPP_100_2
Add graph APP_100 to MultiGraphs. kind= QPP
ls6500.combineCommonSamples: 0102_100 graphs g0102_100_1, g0102_100_2
Add graph A0102_100 to MultiGraphs. kind= Q0102
ls6500.combineCommonSamples: 0102_0 graphs g0102_0_1, g0102_0_2
Add graph A0102_0 to MultiGraphs. kind= Q0102
ls6500.combineCommonSamples: 0102_1 graphs g0102_1_1, g0102_1_2
Add graph A0102_1 to MultiGraphs. kind= Q0102
ls6500.combineCommonSamples: PP_400 graphs gPP_400_1, gPP_400_2
Add graph APP_400 to MultiGraphs. kind= QPP
ls6500.combineCommonSamples: PP_1000 graphs gPP_1000_1, gPP_1000_2
Add graph APP_1000 to MultiGraphs. kind= QPP
ls6500.combineCommonSamples: 0100_1000 graphs g0100_1000_1, g0100_1000_2
Add graph A0100_1000 to MultiGraphs. kind= Q0100
ls6500.combineCommonSamples: GLASS_400 graphs gGLASS_400_1, gGLASS_400_2
Add graph AGLASS_400 to MultiGraphs. kind= QGLASS
ls6500.combineCommonSamples: 0100_100 graphs g0100_100_1, g0100_100_2
Add graph A0100_100 to MultiGraphs. kind= Q0100
ls6500.combineCommonSamples: 0050_100 graphs g0050_100_1, g0050_100_2
Add graph A0050_100 to MultiGraphs. kind= Q0050
ls6500.combineCommonSamples: 0100_0 graphs g0100_0_1, g0100_0_2
Add graph A0100_0 to MultiGraphs. kind= Q0100
ls6500.combineCommonSamples: 0100_1 graphs g0100_1_1, g0100_1_2
Add graph A0100_1 to MultiGraphs. kind= Q0100
ls6500.combineCommonSamples: GLASS_0 graphs gGLASS_0_1, gGLASS_0_2
Add graph AGLASS_0 to MultiGraphs. kind= QGLASS
ls6500.plotSampleVsDose: cSN,sam,gSN 0100_10 0100 A0100 graph name A0100_10 title 0100_10 12.0 hour avg
ls6500.plotSampleVsDose: cSN,sam,gSN 0100_10 0100 A0100 graph name A0100_400 title 0100_400 12.0 hour avg
ls6500.plotSampleVsDose: cSN,sam,gSN 0100_10 0100 A0100 graph name A0100_1000 title 0100_1000 12.0 hour avg
ls6500.plotSampleVsDose: cSN,sam,gSN 0100_10 0100 A0100 graph name A0100_100 title 0100_100 12.0 hour avg
ls6500.plotSampleVsDose: cSN,sam,gSN 0100_10 0100 A0100 graph name A0100_0 title 0100_0 12.0 hour avg
ls6500.plotSampleVsDose: cSN,sam,gSN 0100_10 0100 A0100 graph name A0100_1 title 0100_1 12.0 hour avg
name e0100 wtd_avg 70.7530316711 z [70.49191086691087, 70.35121809668068, 70.68840654608097, 71.12983019865545, 71.02399324555404, 70.67144999250263, 70.18616735432066, 70.73250610859306, 71.01943528502167, 70.88288518861137, 70.87844699338602, 70.18564893752864, 70.73543291494418, 70.84137007824614, 70.91511275886276, 70.85683239524703, 70.55076405206138, 70.73405575059537, 71.0899497368481, 71.18815958815959, 70.50260480931944, 70.34403947903948, 70.55327012680475, 70.81752472634626, 70.80008758758758, 70.67295687049523, 70.47890066282925, 70.51351153436126, 70.90026877092095, 70.92050303665611] dz [0.2221235167975923, 0.16501090194078946, 0.31464113150661244, 0.24450280447954084, 0.2596422111041627, 0.08659284183590718, 0.2856814481934402, 0.23985037649883068, 0.27566063764210513, 0.09611521743363516, 0.22510813606544255, 0.4194587335236609, 0.4852112470460283, 0.3246314281647903, 0.31206771043007714, 0.1693955126589464, 0.2613338606504272, 0.2641508993280955, 0.23275122962192044, 0.16427783732568307, 0.2922104628593463, 0.2565953399603173, 0.20042386997296122, 0.3785032817618183, 0.4601801949190159, 0.10974555012123698, 0.3632741313255964, 0.22666943675374462, 0.13035240933101022, 0.18750574824436528]
ls6500.plotSampleVsDose: cSN,sam,gSN GLASS_1000 GLASS AGLASS graph name AGLASS_1000 title GLASS_1000 12.0 hour avg
ls6500.plotSampleVsDose: cSN,sam,gSN GLASS_1000 GLASS AGLASS graph name AGLASS_100 title GLASS_100 12.0 hour avg
ls6500.plotSampleVsDose: cSN,sam,gSN GLASS_1000 GLASS AGLASS graph name AGLASS_400 title GLASS_400 12.0 hour avg
ls6500.plotSampleVsDose: cSN,sam,gSN GLASS_1000 GLASS AGLASS graph name AGLASS_0 title GLASS_0 12.0 hour avg
name eGLASS wtd_avg 0.0 z [] dz []
ls6500.plotSampleVsDose: cSN,sam,gSN 0052_400 0052 A0052 graph name A0052_400 title 0052_400 12.0 hour avg
ls6500.plotSampleVsDose: cSN,sam,gSN 0052_400 0052 A0052 graph name A0052_0 title 0052_0 12.0 hour avg
ls6500.plotSampleVsDose: cSN,sam,gSN 0052_400 0052 A0052 graph name A0052_100 title 0052_100 12.0 hour avg
name e0052 wtd_avg 44.2459252079 z [44.55346618009609, 44.13430956998184, 44.075220353893094, 44.22226410587075, 44.16401283755866, 44.50131137592408, 44.07455298015274, 44.00479678553308, 44.11191094660776, 44.265025243661945, 44.71069334105048, 44.45322083475704, 44.272820158969694, 44.44756865290114, 44.41192002821731] dz [0.22801157601974995, 0.242565234760983, 0.18231910139974453, 0.22682131092118368, 0.27868705238856883, 0.20572713654427816, 0.22913336210775637, 0.1797808883957878, 0.19678634800048175, 0.0793718869094963, 0.36473834254662985, 0.44974118156912823, 0.36715747306064117, 0.3676529407950182, 0.32819832027567747]
ls6500.plotSampleVsDose: cSN,sam,gSN 0102_10 0102 A0102 graph name A0102_10 title 0102_10 12.0 hour avg
ls6500.plotSampleVsDose: cSN,sam,gSN 0102_10 0102 A0102 graph name A0102_1000 title 0102_1000 12.0 hour avg
ls6500.plotSampleVsDose: cSN,sam,gSN 0102_10 0102 A0102 graph name A0102_400 title 0102_400 12.0 hour avg
ls6500.plotSampleVsDose: cSN,sam,gSN 0102_10 0102 A0102 graph name A0102_100 title 0102_100 12.0 hour avg
ls6500.plotSampleVsDose: cSN,sam,gSN 0102_10 0102 A0102 graph name A0102_0 title 0102_0 12.0 hour avg
ls6500.plotSampleVsDose: cSN,sam,gSN 0102_10 0102 A0102 graph name A0102_1 title 0102_1 12.0 hour avg
name e0102 wtd_avg 67.3671645267 z [67.52779603682562, 67.1503507712198, 67.03661240119676, 67.2704107928127, 66.99228740936057, 67.71683107949211, 67.20182677955681, 67.27008323654665, 67.34192325433891, 67.08948395013138, 67.71929570201092, 67.26994616747523, 67.5108762872738, 67.56744183911137, 67.45848031352395, 67.73228394329307, 67.23644272779335, 67.26758141335566, 67.60653616549723, 67.36453349282297, 67.58698123559226, 67.16821234040647, 67.06969155595685, 67.1857104434782, 67.06713291476105, 67.92766504219385, 67.63292295866921, 67.69271895101436, 67.57292547516047, 67.3892662527531] dz [0.30176399030990436, 0.5780213220646113, 0.21420544384631454, 0.296978925123174, 0.3650036489578233, 0.29290081900881626, 0.15352688912808596, 0.20530064453890196, 0.16897861968380426, 0.1643103406841062, 0.40006812084713084, 0.5278555313829886, 0.3657937537283552, 0.351132595425423, 0.6370012811400004, 0.23939294493180627, 0.28893121545571576, 0.10019117634680735, 0.2715506138993464, 0.15076093972176638, 0.07576262326502235, 0.2926667059736035, 0.22889732872265217, 0.2383821679471933, 0.11195925913362811, 0.21218118162576038, 0.4246910310433209, 0.4594530308669784, 0.21884870055110608, 0.17854716289535535]
ls6500.plotSampleVsDose: cSN,sam,gSN 0050_0 0050 A0050 graph name A0050_0 title 0050_0 12.0 hour avg
ls6500.plotSampleVsDose: cSN,sam,gSN 0050_0 0050 A0050 graph name A0050_400 title 0050_400 12.0 hour avg
ls6500.plotSampleVsDose: cSN,sam,gSN 0050_0 0050 A0050 graph name A0050_100 title 0050_100 12.0 hour avg
name e0050 wtd_avg 46.9595063444 z [46.573297485092496, 46.8088293709319, 46.73075475308617, 46.97736523253533, 47.14575914371785, 46.91234044790363, 46.758760275949804, 46.830831025592055, 47.224278471295285, 47.35804260811113, 46.67635382682937, 46.706524276377216, 46.92332014921019, 47.05695767195767, 47.22051600877506] dz [0.2451839197335474, 0.1207873678925724, 0.23898455480516959, 0.10392924517821223, 0.15341072936033084, 0.12853471875175715, 0.26022040587534606, 0.15813677926598885, 0.19210518482117908, 0.2153934608521664, 0.22683585290014913, 0.13665447391922736, 0.22152212487341863, 0.12357034963865886, 0.11482687634426524]
ls6500.plotSampleVsDose: cSN,sam,gSN 0102_1000 0102 A0102 graph name A0102_10 title 0102_10 12.0 hour avg
ls6500.plotSampleVsDose: cSN,sam,gSN 0102_1000 0102 A0102 graph name A0102_1000 title 0102_1000 12.0 hour avg
ls6500.plotSampleVsDose: cSN,sam,gSN 0102_1000 0102 A0102 graph name A0102_400 title 0102_400 12.0 hour avg
ls6500.plotSampleVsDose: cSN,sam,gSN 0102_1000 0102 A0102 graph name A0102_100 title 0102_100 12.0 hour avg
ls6500.plotSampleVsDose: cSN,sam,gSN 0102_1000 0102 A0102 graph name A0102_0 title 0102_0 12.0 hour avg
ls6500.plotSampleVsDose: cSN,sam,gSN 0102_1000 0102 A0102 graph name A0102_1 title 0102_1 12.0 hour avg
name e0102 wtd_avg 67.3671645267 z [67.52779603682562, 67.1503507712198, 67.03661240119676, 67.2704107928127, 66.99228740936057, 67.71683107949211, 67.20182677955681, 67.27008323654665, 67.34192325433891, 67.08948395013138, 67.71929570201092, 67.26994616747523, 67.5108762872738, 67.56744183911137, 67.45848031352395, 67.73228394329307, 67.23644272779335, 67.26758141335566, 67.60653616549723, 67.36453349282297, 67.58698123559226, 67.16821234040647, 67.06969155595685, 67.1857104434782, 67.06713291476105, 67.92766504219385, 67.63292295866921, 67.69271895101436, 67.57292547516047, 67.3892662527531] dz [0.30176399030990436, 0.5780213220646113, 0.21420544384631454, 0.296978925123174, 0.3650036489578233, 0.29290081900881626, 0.15352688912808596, 0.20530064453890196, 0.16897861968380426, 0.1643103406841062, 0.40006812084713084, 0.5278555313829886, 0.3657937537283552, 0.351132595425423, 0.6370012811400004, 0.23939294493180627, 0.28893121545571576, 0.10019117634680735, 0.2715506138993464, 0.15076093972176638, 0.07576262326502235, 0.2926667059736035, 0.22889732872265217, 0.2383821679471933, 0.11195925913362811, 0.21218118162576038, 0.4246910310433209, 0.4594530308669784, 0.21884870055110608, 0.17854716289535535]
ls6500.plotSampleVsDose: cSN,sam,gSN 0100_400 0100 A0100 graph name A0100_10 title 0100_10 12.0 hour avg
ls6500.plotSampleVsDose: cSN,sam,gSN 0100_400 0100 A0100 graph name A0100_400 title 0100_400 12.0 hour avg
ls6500.plotSampleVsDose: cSN,sam,gSN 0100_400 0100 A0100 graph name A0100_1000 title 0100_1000 12.0 hour avg
ls6500.plotSampleVsDose: cSN,sam,gSN 0100_400 0100 A0100 graph name A0100_100 title 0100_100 12.0 hour avg
ls6500.plotSampleVsDose: cSN,sam,gSN 0100_400 0100 A0100 graph name A0100_0 title 0100_0 12.0 hour avg
ls6500.plotSampleVsDose: cSN,sam,gSN 0100_400 0100 A0100 graph name A0100_1 title 0100_1 12.0 hour avg
name e0100 wtd_avg 70.7530316711 z [70.49191086691087, 70.35121809668068, 70.68840654608097, 71.12983019865545, 71.02399324555404, 70.67144999250263, 70.18616735432066, 70.73250610859306, 71.01943528502167, 70.88288518861137, 70.87844699338602, 70.18564893752864, 70.73543291494418, 70.84137007824614, 70.91511275886276, 70.85683239524703, 70.55076405206138, 70.73405575059537, 71.0899497368481, 71.18815958815959, 70.50260480931944, 70.34403947903948, 70.55327012680475, 70.81752472634626, 70.80008758758758, 70.67295687049523, 70.47890066282925, 70.51351153436126, 70.90026877092095, 70.92050303665611] dz [0.2221235167975923, 0.16501090194078946, 0.31464113150661244, 0.24450280447954084, 0.2596422111041627, 0.08659284183590718, 0.2856814481934402, 0.23985037649883068, 0.27566063764210513, 0.09611521743363516, 0.22510813606544255, 0.4194587335236609, 0.4852112470460283, 0.3246314281647903, 0.31206771043007714, 0.1693955126589464, 0.2613338606504272, 0.2641508993280955, 0.23275122962192044, 0.16427783732568307, 0.2922104628593463, 0.2565953399603173, 0.20042386997296122, 0.3785032817618183, 0.4601801949190159, 0.10974555012123698, 0.3632741313255964, 0.22666943675374462, 0.13035240933101022, 0.18750574824436528]
ls6500.plotSampleVsDose: cSN,sam,gSN GLASS_100 GLASS AGLASS graph name AGLASS_1000 title GLASS_1000 12.0 hour avg
ls6500.plotSampleVsDose: cSN,sam,gSN GLASS_100 GLASS AGLASS graph name AGLASS_100 title GLASS_100 12.0 hour avg
ls6500.plotSampleVsDose: cSN,sam,gSN GLASS_100 GLASS AGLASS graph name AGLASS_400 title GLASS_400 12.0 hour avg
ls6500.plotSampleVsDose: cSN,sam,gSN GLASS_100 GLASS AGLASS graph name AGLASS_0 title GLASS_0 12.0 hour avg
name eGLASS wtd_avg 0.0 z [] dz []
ls6500.plotSampleVsDose: cSN,sam,gSN 0052_0 0052 A0052 graph name A0052_400 title 0052_400 12.0 hour avg
ls6500.plotSampleVsDose: cSN,sam,gSN 0052_0 0052 A0052 graph name A0052_0 title 0052_0 12.0 hour avg
ls6500.plotSampleVsDose: cSN,sam,gSN 0052_0 0052 A0052 graph name A0052_100 title 0052_100 12.0 hour avg
name e0052 wtd_avg 44.2459252079 z [44.55346618009609, 44.13430956998184, 44.075220353893094, 44.22226410587075, 44.16401283755866, 44.50131137592408, 44.07455298015274, 44.00479678553308, 44.11191094660776, 44.265025243661945, 44.71069334105048, 44.45322083475704, 44.272820158969694, 44.44756865290114, 44.41192002821731] dz [0.22801157601974995, 0.242565234760983, 0.18231910139974453, 0.22682131092118368, 0.27868705238856883, 0.20572713654427816, 0.22913336210775637, 0.1797808883957878, 0.19678634800048175, 0.0793718869094963, 0.36473834254662985, 0.44974118156912823, 0.36715747306064117, 0.3676529407950182, 0.32819832027567747]
ls6500.plotSampleVsDose: cSN,sam,gSN 0102_400 0102 A0102 graph name A0102_10 title 0102_10 12.0 hour avg
ls6500.plotSampleVsDose: cSN,sam,gSN 0102_400 0102 A0102 graph name A0102_1000 title 0102_1000 12.0 hour avg
ls6500.plotSampleVsDose: cSN,sam,gSN 0102_400 0102 A0102 graph name A0102_400 title 0102_400 12.0 hour avg
ls6500.plotSampleVsDose: cSN,sam,gSN 0102_400 0102 A0102 graph name A0102_100 title 0102_100 12.0 hour avg
ls6500.plotSampleVsDose: cSN,sam,gSN 0102_400 0102 A0102 graph name A0102_0 title 0102_0 12.0 hour avg
ls6500.plotSampleVsDose: cSN,sam,gSN 0102_400 0102 A0102 graph name A0102_1 title 0102_1 12.0 hour avg
name e0102 wtd_avg 67.3671645267 z [67.52779603682562, 67.1503507712198, 67.03661240119676, 67.2704107928127, 66.99228740936057, 67.71683107949211, 67.20182677955681, 67.27008323654665, 67.34192325433891, 67.08948395013138, 67.71929570201092, 67.26994616747523, 67.5108762872738, 67.56744183911137, 67.45848031352395, 67.73228394329307, 67.23644272779335, 67.26758141335566, 67.60653616549723, 67.36453349282297, 67.58698123559226, 67.16821234040647, 67.06969155595685, 67.1857104434782, 67.06713291476105, 67.92766504219385, 67.63292295866921, 67.69271895101436, 67.57292547516047, 67.3892662527531] dz [0.30176399030990436, 0.5780213220646113, 0.21420544384631454, 0.296978925123174, 0.3650036489578233, 0.29290081900881626, 0.15352688912808596, 0.20530064453890196, 0.16897861968380426, 0.1643103406841062, 0.40006812084713084, 0.5278555313829886, 0.3657937537283552, 0.351132595425423, 0.6370012811400004, 0.23939294493180627, 0.28893121545571576, 0.10019117634680735, 0.2715506138993464, 0.15076093972176638, 0.07576262326502235, 0.2926667059736035, 0.22889732872265217, 0.2383821679471933, 0.11195925913362811, 0.21218118162576038, 0.4246910310433209, 0.4594530308669784, 0.21884870055110608, 0.17854716289535535]
ls6500.plotSampleVsDose: cSN,sam,gSN PP_0 PP APP graph name APP_0 title PP_0 12.0 hour avg
ls6500.plotSampleVsDose: cSN,sam,gSN PP_0 PP APP graph name APP_100 title PP_100 12.0 hour avg
ls6500.plotSampleVsDose: cSN,sam,gSN PP_0 PP APP graph name APP_400 title PP_400 12.0 hour avg
ls6500.plotSampleVsDose: cSN,sam,gSN PP_0 PP APP graph name APP_1000 title PP_1000 12.0 hour avg
name ePP wtd_avg 0.0 z [] dz []
ls6500.plotSampleVsDose: cSN,sam,gSN 0050_400 0050 A0050 graph name A0050_0 title 0050_0 12.0 hour avg
ls6500.plotSampleVsDose: cSN,sam,gSN 0050_400 0050 A0050 graph name A0050_400 title 0050_400 12.0 hour avg
ls6500.plotSampleVsDose: cSN,sam,gSN 0050_400 0050 A0050 graph name A0050_100 title 0050_100 12.0 hour avg
name e0050 wtd_avg 46.9595063444 z [46.573297485092496, 46.8088293709319, 46.73075475308617, 46.97736523253533, 47.14575914371785, 46.91234044790363, 46.758760275949804, 46.830831025592055, 47.224278471295285, 47.35804260811113, 46.67635382682937, 46.706524276377216, 46.92332014921019, 47.05695767195767, 47.22051600877506] dz [0.2451839197335474, 0.1207873678925724, 0.23898455480516959, 0.10392924517821223, 0.15341072936033084, 0.12853471875175715, 0.26022040587534606, 0.15813677926598885, 0.19210518482117908, 0.2153934608521664, 0.22683585290014913, 0.13665447391922736, 0.22152212487341863, 0.12357034963865886, 0.11482687634426524]
ls6500.plotSampleVsDose: cSN,sam,gSN 0052_100 0052 A0052 graph name A0052_400 title 0052_400 12.0 hour avg
ls6500.plotSampleVsDose: cSN,sam,gSN 0052_100 0052 A0052 graph name A0052_0 title 0052_0 12.0 hour avg
ls6500.plotSampleVsDose: cSN,sam,gSN 0052_100 0052 A0052 graph name A0052_100 title 0052_100 12.0 hour avg
name e0052 wtd_avg 44.2459252079 z [44.55346618009609, 44.13430956998184, 44.075220353893094, 44.22226410587075, 44.16401283755866, 44.50131137592408, 44.07455298015274, 44.00479678553308, 44.11191094660776, 44.265025243661945, 44.71069334105048, 44.45322083475704, 44.272820158969694, 44.44756865290114, 44.41192002821731] dz [0.22801157601974995, 0.242565234760983, 0.18231910139974453, 0.22682131092118368, 0.27868705238856883, 0.20572713654427816, 0.22913336210775637, 0.1797808883957878, 0.19678634800048175, 0.0793718869094963, 0.36473834254662985, 0.44974118156912823, 0.36715747306064117, 0.3676529407950182, 0.32819832027567747]
ls6500.plotSampleVsDose: cSN,sam,gSN PP_100 PP APP graph name APP_0 title PP_0 12.0 hour avg
ls6500.plotSampleVsDose: cSN,sam,gSN PP_100 PP APP graph name APP_100 title PP_100 12.0 hour avg
ls6500.plotSampleVsDose: cSN,sam,gSN PP_100 PP APP graph name APP_400 title PP_400 12.0 hour avg
ls6500.plotSampleVsDose: cSN,sam,gSN PP_100 PP APP graph name APP_1000 title PP_1000 12.0 hour avg
name ePP wtd_avg 0.0 z [] dz []
ls6500.plotSampleVsDose: cSN,sam,gSN 0102_100 0102 A0102 graph name A0102_10 title 0102_10 12.0 hour avg
ls6500.plotSampleVsDose: cSN,sam,gSN 0102_100 0102 A0102 graph name A0102_1000 title 0102_1000 12.0 hour avg
ls6500.plotSampleVsDose: cSN,sam,gSN 0102_100 0102 A0102 graph name A0102_400 title 0102_400 12.0 hour avg
ls6500.plotSampleVsDose: cSN,sam,gSN 0102_100 0102 A0102 graph name A0102_100 title 0102_100 12.0 hour avg
ls6500.plotSampleVsDose: cSN,sam,gSN 0102_100 0102 A0102 graph name A0102_0 title 0102_0 12.0 hour avg
ls6500.plotSampleVsDose: cSN,sam,gSN 0102_100 0102 A0102 graph name A0102_1 title 0102_1 12.0 hour avg
name e0102 wtd_avg 67.3671645267 z [67.52779603682562, 67.1503507712198, 67.03661240119676, 67.2704107928127, 66.99228740936057, 67.71683107949211, 67.20182677955681, 67.27008323654665, 67.34192325433891, 67.08948395013138, 67.71929570201092, 67.26994616747523, 67.5108762872738, 67.56744183911137, 67.45848031352395, 67.73228394329307, 67.23644272779335, 67.26758141335566, 67.60653616549723, 67.36453349282297, 67.58698123559226, 67.16821234040647, 67.06969155595685, 67.1857104434782, 67.06713291476105, 67.92766504219385, 67.63292295866921, 67.69271895101436, 67.57292547516047, 67.3892662527531] dz [0.30176399030990436, 0.5780213220646113, 0.21420544384631454, 0.296978925123174, 0.3650036489578233, 0.29290081900881626, 0.15352688912808596, 0.20530064453890196, 0.16897861968380426, 0.1643103406841062, 0.40006812084713084, 0.5278555313829886, 0.3657937537283552, 0.351132595425423, 0.6370012811400004, 0.23939294493180627, 0.28893121545571576, 0.10019117634680735, 0.2715506138993464, 0.15076093972176638, 0.07576262326502235, 0.2926667059736035, 0.22889732872265217, 0.2383821679471933, 0.11195925913362811, 0.21218118162576038, 0.4246910310433209, 0.4594530308669784, 0.21884870055110608, 0.17854716289535535]
ls6500.plotSampleVsDose: cSN,sam,gSN 0102_0 0102 A0102 graph name A0102_10 title 0102_10 12.0 hour avg
ls6500.plotSampleVsDose: cSN,sam,gSN 0102_0 0102 A0102 graph name A0102_1000 title 0102_1000 12.0 hour avg
ls6500.plotSampleVsDose: cSN,sam,gSN 0102_0 0102 A0102 graph name A0102_400 title 0102_400 12.0 hour avg
ls6500.plotSampleVsDose: cSN,sam,gSN 0102_0 0102 A0102 graph name A0102_100 title 0102_100 12.0 hour avg
ls6500.plotSampleVsDose: cSN,sam,gSN 0102_0 0102 A0102 graph name A0102_0 title 0102_0 12.0 hour avg
ls6500.plotSampleVsDose: cSN,sam,gSN 0102_0 0102 A0102 graph name A0102_1 title 0102_1 12.0 hour avg
name e0102 wtd_avg 67.3671645267 z [67.52779603682562, 67.1503507712198, 67.03661240119676, 67.2704107928127, 66.99228740936057, 67.71683107949211, 67.20182677955681, 67.27008323654665, 67.34192325433891, 67.08948395013138, 67.71929570201092, 67.26994616747523, 67.5108762872738, 67.56744183911137, 67.45848031352395, 67.73228394329307, 67.23644272779335, 67.26758141335566, 67.60653616549723, 67.36453349282297, 67.58698123559226, 67.16821234040647, 67.06969155595685, 67.1857104434782, 67.06713291476105, 67.92766504219385, 67.63292295866921, 67.69271895101436, 67.57292547516047, 67.3892662527531] dz [0.30176399030990436, 0.5780213220646113, 0.21420544384631454, 0.296978925123174, 0.3650036489578233, 0.29290081900881626, 0.15352688912808596, 0.20530064453890196, 0.16897861968380426, 0.1643103406841062, 0.40006812084713084, 0.5278555313829886, 0.3657937537283552, 0.351132595425423, 0.6370012811400004, 0.23939294493180627, 0.28893121545571576, 0.10019117634680735, 0.2715506138993464, 0.15076093972176638, 0.07576262326502235, 0.2926667059736035, 0.22889732872265217, 0.2383821679471933, 0.11195925913362811, 0.21218118162576038, 0.4246910310433209, 0.4594530308669784, 0.21884870055110608, 0.17854716289535535]
ls6500.plotSampleVsDose: cSN,sam,gSN 0102_1 0102 A0102 graph name A0102_10 title 0102_10 12.0 hour avg
ls6500.plotSampleVsDose: cSN,sam,gSN 0102_1 0102 A0102 graph name A0102_1000 title 0102_1000 12.0 hour avg
ls6500.plotSampleVsDose: cSN,sam,gSN 0102_1 0102 A0102 graph name A0102_400 title 0102_400 12.0 hour avg
ls6500.plotSampleVsDose: cSN,sam,gSN 0102_1 0102 A0102 graph name A0102_100 title 0102_100 12.0 hour avg
ls6500.plotSampleVsDose: cSN,sam,gSN 0102_1 0102 A0102 graph name A0102_0 title 0102_0 12.0 hour avg
ls6500.plotSampleVsDose: cSN,sam,gSN 0102_1 0102 A0102 graph name A0102_1 title 0102_1 12.0 hour avg
name e0102 wtd_avg 67.3671645267 z [67.52779603682562, 67.1503507712198, 67.03661240119676, 67.2704107928127, 66.99228740936057, 67.71683107949211, 67.20182677955681, 67.27008323654665, 67.34192325433891, 67.08948395013138, 67.71929570201092, 67.26994616747523, 67.5108762872738, 67.56744183911137, 67.45848031352395, 67.73228394329307, 67.23644272779335, 67.26758141335566, 67.60653616549723, 67.36453349282297, 67.58698123559226, 67.16821234040647, 67.06969155595685, 67.1857104434782, 67.06713291476105, 67.92766504219385, 67.63292295866921, 67.69271895101436, 67.57292547516047, 67.3892662527531] dz [0.30176399030990436, 0.5780213220646113, 0.21420544384631454, 0.296978925123174, 0.3650036489578233, 0.29290081900881626, 0.15352688912808596, 0.20530064453890196, 0.16897861968380426, 0.1643103406841062, 0.40006812084713084, 0.5278555313829886, 0.3657937537283552, 0.351132595425423, 0.6370012811400004, 0.23939294493180627, 0.28893121545571576, 0.10019117634680735, 0.2715506138993464, 0.15076093972176638, 0.07576262326502235, 0.2926667059736035, 0.22889732872265217, 0.2383821679471933, 0.11195925913362811, 0.21218118162576038, 0.4246910310433209, 0.4594530308669784, 0.21884870055110608, 0.17854716289535535]
ls6500.plotSampleVsDose: cSN,sam,gSN PP_400 PP APP graph name APP_0 title PP_0 12.0 hour avg
ls6500.plotSampleVsDose: cSN,sam,gSN PP_400 PP APP graph name APP_100 title PP_100 12.0 hour avg
ls6500.plotSampleVsDose: cSN,sam,gSN PP_400 PP APP graph name APP_400 title PP_400 12.0 hour avg
ls6500.plotSampleVsDose: cSN,sam,gSN PP_400 PP APP graph name APP_1000 title PP_1000 12.0 hour avg
name ePP wtd_avg 0.0 z [] dz []
ls6500.plotSampleVsDose: cSN,sam,gSN PP_1000 PP APP graph name APP_0 title PP_0 12.0 hour avg
ls6500.plotSampleVsDose: cSN,sam,gSN PP_1000 PP APP graph name APP_100 title PP_100 12.0 hour avg
ls6500.plotSampleVsDose: cSN,sam,gSN PP_1000 PP APP graph name APP_400 title PP_400 12.0 hour avg
ls6500.plotSampleVsDose: cSN,sam,gSN PP_1000 PP APP graph name APP_1000 title PP_1000 12.0 hour avg
name ePP wtd_avg 0.0 z [] dz []
ls6500.plotSampleVsDose: cSN,sam,gSN 0100_1000 0100 A0100 graph name A0100_10 title 0100_10 12.0 hour avg
ls6500.plotSampleVsDose: cSN,sam,gSN 0100_1000 0100 A0100 graph name A0100_400 title 0100_400 12.0 hour avg
ls6500.plotSampleVsDose: cSN,sam,gSN 0100_1000 0100 A0100 graph name A0100_1000 title 0100_1000 12.0 hour avg
ls6500.plotSampleVsDose: cSN,sam,gSN 0100_1000 0100 A0100 graph name A0100_100 title 0100_100 12.0 hour avg
ls6500.plotSampleVsDose: cSN,sam,gSN 0100_1000 0100 A0100 graph name A0100_0 title 0100_0 12.0 hour avg
ls6500.plotSampleVsDose: cSN,sam,gSN 0100_1000 0100 A0100 graph name A0100_1 title 0100_1 12.0 hour avg
name e0100 wtd_avg 70.7530316711 z [70.49191086691087, 70.35121809668068, 70.68840654608097, 71.12983019865545, 71.02399324555404, 70.67144999250263, 70.18616735432066, 70.73250610859306, 71.01943528502167, 70.88288518861137, 70.87844699338602, 70.18564893752864, 70.73543291494418, 70.84137007824614, 70.91511275886276, 70.85683239524703, 70.55076405206138, 70.73405575059537, 71.0899497368481, 71.18815958815959, 70.50260480931944, 70.34403947903948, 70.55327012680475, 70.81752472634626, 70.80008758758758, 70.67295687049523, 70.47890066282925, 70.51351153436126, 70.90026877092095, 70.92050303665611] dz [0.2221235167975923, 0.16501090194078946, 0.31464113150661244, 0.24450280447954084, 0.2596422111041627, 0.08659284183590718, 0.2856814481934402, 0.23985037649883068, 0.27566063764210513, 0.09611521743363516, 0.22510813606544255, 0.4194587335236609, 0.4852112470460283, 0.3246314281647903, 0.31206771043007714, 0.1693955126589464, 0.2613338606504272, 0.2641508993280955, 0.23275122962192044, 0.16427783732568307, 0.2922104628593463, 0.2565953399603173, 0.20042386997296122, 0.3785032817618183, 0.4601801949190159, 0.10974555012123698, 0.3632741313255964, 0.22666943675374462, 0.13035240933101022, 0.18750574824436528]
ls6500.plotSampleVsDose: cSN,sam,gSN GLASS_400 GLASS AGLASS graph name AGLASS_1000 title GLASS_1000 12.0 hour avg
ls6500.plotSampleVsDose: cSN,sam,gSN GLASS_400 GLASS AGLASS graph name AGLASS_100 title GLASS_100 12.0 hour avg
ls6500.plotSampleVsDose: cSN,sam,gSN GLASS_400 GLASS AGLASS graph name AGLASS_400 title GLASS_400 12.0 hour avg
ls6500.plotSampleVsDose: cSN,sam,gSN GLASS_400 GLASS AGLASS graph name AGLASS_0 title GLASS_0 12.0 hour avg
name eGLASS wtd_avg 0.0 z [] dz []
ls6500.plotSampleVsDose: cSN,sam,gSN 0100_100 0100 A0100 graph name A0100_10 title 0100_10 12.0 hour avg
ls6500.plotSampleVsDose: cSN,sam,gSN 0100_100 0100 A0100 graph name A0100_400 title 0100_400 12.0 hour avg
ls6500.plotSampleVsDose: cSN,sam,gSN 0100_100 0100 A0100 graph name A0100_1000 title 0100_1000 12.0 hour avg
ls6500.plotSampleVsDose: cSN,sam,gSN 0100_100 0100 A0100 graph name A0100_100 title 0100_100 12.0 hour avg
ls6500.plotSampleVsDose: cSN,sam,gSN 0100_100 0100 A0100 graph name A0100_0 title 0100_0 12.0 hour avg
ls6500.plotSampleVsDose: cSN,sam,gSN 0100_100 0100 A0100 graph name A0100_1 title 0100_1 12.0 hour avg
name e0100 wtd_avg 70.7530316711 z [70.49191086691087, 70.35121809668068, 70.68840654608097, 71.12983019865545, 71.02399324555404, 70.67144999250263, 70.18616735432066, 70.73250610859306, 71.01943528502167, 70.88288518861137, 70.87844699338602, 70.18564893752864, 70.73543291494418, 70.84137007824614, 70.91511275886276, 70.85683239524703, 70.55076405206138, 70.73405575059537, 71.0899497368481, 71.18815958815959, 70.50260480931944, 70.34403947903948, 70.55327012680475, 70.81752472634626, 70.80008758758758, 70.67295687049523, 70.47890066282925, 70.51351153436126, 70.90026877092095, 70.92050303665611] dz [0.2221235167975923, 0.16501090194078946, 0.31464113150661244, 0.24450280447954084, 0.2596422111041627, 0.08659284183590718, 0.2856814481934402, 0.23985037649883068, 0.27566063764210513, 0.09611521743363516, 0.22510813606544255, 0.4194587335236609, 0.4852112470460283, 0.3246314281647903, 0.31206771043007714, 0.1693955126589464, 0.2613338606504272, 0.2641508993280955, 0.23275122962192044, 0.16427783732568307, 0.2922104628593463, 0.2565953399603173, 0.20042386997296122, 0.3785032817618183, 0.4601801949190159, 0.10974555012123698, 0.3632741313255964, 0.22666943675374462, 0.13035240933101022, 0.18750574824436528]
ls6500.plotSampleVsDose: cSN,sam,gSN 0050_100 0050 A0050 graph name A0050_0 title 0050_0 12.0 hour avg
ls6500.plotSampleVsDose: cSN,sam,gSN 0050_100 0050 A0050 graph name A0050_400 title 0050_400 12.0 hour avg
ls6500.plotSampleVsDose: cSN,sam,gSN 0050_100 0050 A0050 graph name A0050_100 title 0050_100 12.0 hour avg
name e0050 wtd_avg 46.9595063444 z [46.573297485092496, 46.8088293709319, 46.73075475308617, 46.97736523253533, 47.14575914371785, 46.91234044790363, 46.758760275949804, 46.830831025592055, 47.224278471295285, 47.35804260811113, 46.67635382682937, 46.706524276377216, 46.92332014921019, 47.05695767195767, 47.22051600877506] dz [0.2451839197335474, 0.1207873678925724, 0.23898455480516959, 0.10392924517821223, 0.15341072936033084, 0.12853471875175715, 0.26022040587534606, 0.15813677926598885, 0.19210518482117908, 0.2153934608521664, 0.22683585290014913, 0.13665447391922736, 0.22152212487341863, 0.12357034963865886, 0.11482687634426524]
ls6500.plotSampleVsDose: cSN,sam,gSN 0100_0 0100 A0100 graph name A0100_10 title 0100_10 12.0 hour avg
ls6500.plotSampleVsDose: cSN,sam,gSN 0100_0 0100 A0100 graph name A0100_400 title 0100_400 12.0 hour avg
ls6500.plotSampleVsDose: cSN,sam,gSN 0100_0 0100 A0100 graph name A0100_1000 title 0100_1000 12.0 hour avg
ls6500.plotSampleVsDose: cSN,sam,gSN 0100_0 0100 A0100 graph name A0100_100 title 0100_100 12.0 hour avg
ls6500.plotSampleVsDose: cSN,sam,gSN 0100_0 0100 A0100 graph name A0100_0 title 0100_0 12.0 hour avg
ls6500.plotSampleVsDose: cSN,sam,gSN 0100_0 0100 A0100 graph name A0100_1 title 0100_1 12.0 hour avg
name e0100 wtd_avg 70.7530316711 z [70.49191086691087, 70.35121809668068, 70.68840654608097, 71.12983019865545, 71.02399324555404, 70.67144999250263, 70.18616735432066, 70.73250610859306, 71.01943528502167, 70.88288518861137, 70.87844699338602, 70.18564893752864, 70.73543291494418, 70.84137007824614, 70.91511275886276, 70.85683239524703, 70.55076405206138, 70.73405575059537, 71.0899497368481, 71.18815958815959, 70.50260480931944, 70.34403947903948, 70.55327012680475, 70.81752472634626, 70.80008758758758, 70.67295687049523, 70.47890066282925, 70.51351153436126, 70.90026877092095, 70.92050303665611] dz [0.2221235167975923, 0.16501090194078946, 0.31464113150661244, 0.24450280447954084, 0.2596422111041627, 0.08659284183590718, 0.2856814481934402, 0.23985037649883068, 0.27566063764210513, 0.09611521743363516, 0.22510813606544255, 0.4194587335236609, 0.4852112470460283, 0.3246314281647903, 0.31206771043007714, 0.1693955126589464, 0.2613338606504272, 0.2641508993280955, 0.23275122962192044, 0.16427783732568307, 0.2922104628593463, 0.2565953399603173, 0.20042386997296122, 0.3785032817618183, 0.4601801949190159, 0.10974555012123698, 0.3632741313255964, 0.22666943675374462, 0.13035240933101022, 0.18750574824436528]
ls6500.plotSampleVsDose: cSN,sam,gSN 0100_1 0100 A0100 graph name A0100_10 title 0100_10 12.0 hour avg
ls6500.plotSampleVsDose: cSN,sam,gSN 0100_1 0100 A0100 graph name A0100_400 title 0100_400 12.0 hour avg
ls6500.plotSampleVsDose: cSN,sam,gSN 0100_1 0100 A0100 graph name A0100_1000 title 0100_1000 12.0 hour avg
ls6500.plotSampleVsDose: cSN,sam,gSN 0100_1 0100 A0100 graph name A0100_100 title 0100_100 12.0 hour avg
ls6500.plotSampleVsDose: cSN,sam,gSN 0100_1 0100 A0100 graph name A0100_0 title 0100_0 12.0 hour avg
ls6500.plotSampleVsDose: cSN,sam,gSN 0100_1 0100 A0100 graph name A0100_1 title 0100_1 12.0 hour avg
name e0100 wtd_avg 70.7530316711 z [70.49191086691087, 70.35121809668068, 70.68840654608097, 71.12983019865545, 71.02399324555404, 70.67144999250263, 70.18616735432066, 70.73250610859306, 71.01943528502167, 70.88288518861137, 70.87844699338602, 70.18564893752864, 70.73543291494418, 70.84137007824614, 70.91511275886276, 70.85683239524703, 70.55076405206138, 70.73405575059537, 71.0899497368481, 71.18815958815959, 70.50260480931944, 70.34403947903948, 70.55327012680475, 70.81752472634626, 70.80008758758758, 70.67295687049523, 70.47890066282925, 70.51351153436126, 70.90026877092095, 70.92050303665611] dz [0.2221235167975923, 0.16501090194078946, 0.31464113150661244, 0.24450280447954084, 0.2596422111041627, 0.08659284183590718, 0.2856814481934402, 0.23985037649883068, 0.27566063764210513, 0.09611521743363516, 0.22510813606544255, 0.4194587335236609, 0.4852112470460283, 0.3246314281647903, 0.31206771043007714, 0.1693955126589464, 0.2613338606504272, 0.2641508993280955, 0.23275122962192044, 0.16427783732568307, 0.2922104628593463, 0.2565953399603173, 0.20042386997296122, 0.3785032817618183, 0.4601801949190159, 0.10974555012123698, 0.3632741313255964, 0.22666943675374462, 0.13035240933101022, 0.18750574824436528]
ls6500.plotSampleVsDose: cSN,sam,gSN GLASS_0 GLASS AGLASS graph name AGLASS_1000 title GLASS_1000 12.0 hour avg
ls6500.plotSampleVsDose: cSN,sam,gSN GLASS_0 GLASS AGLASS graph name AGLASS_100 title GLASS_100 12.0 hour avg
ls6500.plotSampleVsDose: cSN,sam,gSN GLASS_0 GLASS AGLASS graph name AGLASS_400 title GLASS_400 12.0 hour avg
ls6500.plotSampleVsDose: cSN,sam,gSN GLASS_0 GLASS AGLASS graph name AGLASS_0 title GLASS_0 12.0 hour avg
name eGLASS wtd_avg 0.0 z [] dz []
ls6500.Analyze: Wrote hists to Histograms/mergegamma.root
