ls6500: Output directed to terminal and Log/Post-irrad_12_141117_201411191321_629055.log
ls6500: Irradiation date is 2020/04/01 01:23:45
ls6500: initialization ls6500
dataDir /Users/djaffe/work/GIT/LINDSEY/TechMaturation2014/LS6500/Post-irrad_12_141117/ 
dataSubDir Post-irrad_12_141117/
initialize spreadsheetReader
ls6500.Main: pickMode put
ls6500.processHeader: row [u'Tray ID', u'Position 1', u'Position 2', u'Position 3', u'Position 4', u'Position 5', u'Position 6', u'Position 7', u'Position 8', u'Position 9', u'Position 10', u'Position 11', u'Position 12']
ls6500.processHeader: columnIDs ['TrayID', 'Position01', 'Position02', 'Position03', 'Position04', 'Position05', 'Position06', 'Position07', 'Position08', 'Position09', 'Position10', 'Position11', 'Position12']
ls6500.processHeader: row [u'S1', u'STD_3_H', u'0050_1F13', '', u'0050_2F13', '', u'0050_3F13', '', u'0050_4F13', '', u'0100_1F15', '', u'0100_2F15']
ls6500.processHeader: S1_Position03 has no vial
ls6500.processHeader: S1_Position05 has no vial
ls6500.processHeader: S1_Position07 has no vial
ls6500.processHeader: S1_Position09 has no vial
ls6500.processHeader: S1_Position11 has no vial
ls6500.processHeader: row [u'S2', '', u'STD_14_C', u'0100_3F15', '', u'0100_4F15', '', u'0140_1F23', '', u'0140_2F23', '', u'0140_3F23', '']
ls6500.processHeader: S2_Position01 has no vial
ls6500.processHeader: S2_Position04 has no vial
ls6500.processHeader: S2_Position06 has no vial
ls6500.processHeader: S2_Position08 has no vial
ls6500.processHeader: S2_Position10 has no vial
ls6500.processHeader: S2_Position12 has no vial
ls6500.processHeader: row [u'S3', u'0140_4F23', '', u'EMPTY', u'1000_1F34', '', u'1000_2F34', '', u'1000_3F34', '', u'1000_4F34', '', u'0050_1R13']
ls6500.processHeader: S3_Position02 has no vial
ls6500.processHeader: S3_Position05 has no vial
ls6500.processHeader: S3_Position07 has no vial
ls6500.processHeader: S3_Position09 has no vial
ls6500.processHeader: S3_Position11 has no vial
ls6500.processHeader: row [u'S4', '', u'0050_2R13', '', u'EMPTY', u'0050_3R13', '', u'0050_4R13', '', u'0100_1R15', '', u'0100_2R15', '']
ls6500.processHeader: S4_Position01 has no vial
ls6500.processHeader: S4_Position03 has no vial
ls6500.processHeader: S4_Position06 has no vial
ls6500.processHeader: S4_Position08 has no vial
ls6500.processHeader: S4_Position10 has no vial
ls6500.processHeader: S4_Position12 has no vial
ls6500.processHeader: row [u'S5', u'0100_3R15', '', u'0100_4R15', '', u'EMPTY', u'0140_1R23', '', u'0140_2R23', '', u'0140_3R23', '', u'0140_4R23']
ls6500.processHeader: S5_Position02 has no vial
ls6500.processHeader: S5_Position04 has no vial
ls6500.processHeader: S5_Position07 has no vial
ls6500.processHeader: S5_Position09 has no vial
ls6500.processHeader: S5_Position11 has no vial
ls6500.processHeader: row [u'S6', '', u'1000_1R34', '', u'1000_2R34', '', u'EMPTY', u'1000_3R34', '', u'1000_4R34', '', u'0050_FPMT', u'0050_RPMT']
ls6500.processHeader: S6_Position01 has no vial
ls6500.processHeader: S6_Position03 has no vial
ls6500.processHeader: S6_Position05 has no vial
ls6500.processHeader: S6_Position08 has no vial
ls6500.processHeader: S6_Position10 has no vial
ls6500.processHeader: row [u'S7', u'0050_1F11', '', u'0050_2F11', '', u'0050_3F11', '', u'EMPTY', u'0050_4F11', '', u'0100_1F22', '', u'0100_2F22']
ls6500.processHeader: S7_Position02 has no vial
ls6500.processHeader: S7_Position04 has no vial
ls6500.processHeader: S7_Position06 has no vial
ls6500.processHeader: S7_Position09 has no vial
ls6500.processHeader: S7_Position11 has no vial
ls6500.processHeader: row [u'S8', '', u'0100_3F22', '', u'0100_4F22', '', u'0140_1F31', '', u'EMPTY', u'0140_2F31', '', '', '']
ls6500.processHeader: S8_Position01 has no vial
ls6500.processHeader: S8_Position03 has no vial
ls6500.processHeader: S8_Position05 has no vial
ls6500.processHeader: S8_Position07 has no vial
ls6500.processHeader: S8_Position10 has no vial
ls6500.processHeader: S8_Position11 has no vial
ls6500.processHeader: S8_Position12 has no vial
ls6500.processHeader: row [u'S9', '', '', u'1000_1F36', '', u'1000_2F36', '', '', '', u'EMPTY', '', '', u'0050_1R11']
ls6500.processHeader: S9_Position01 has no vial
ls6500.processHeader: S9_Position02 has no vial
ls6500.processHeader: S9_Position04 has no vial
ls6500.processHeader: S9_Position06 has no vial
ls6500.processHeader: S9_Position07 has no vial
ls6500.processHeader: S9_Position08 has no vial
ls6500.processHeader: S9_Position10 has no vial
ls6500.processHeader: S9_Position11 has no vial
ls6500.processHeader: row [u'S10', '', u'0050_2R11', '', u'0050_3R11', '', u'0050_4R11', '', u'0100_1R22', '', u'EMPTY', u'0100_2R22', '']
ls6500.processHeader: S10_Position01 has no vial
ls6500.processHeader: S10_Position03 has no vial
ls6500.processHeader: S10_Position05 has no vial
ls6500.processHeader: S10_Position07 has no vial
ls6500.processHeader: S10_Position09 has no vial
ls6500.processHeader: S10_Position12 has no vial
ls6500.processHeader: row [u'S11', u'0100_3R22', '', u'0100_4R22', '', u'0140_1R31', '', u'0140_2R31', '', '', '', u'EMPTY', '']
ls6500.processHeader: S11_Position02 has no vial
ls6500.processHeader: S11_Position04 has no vial
ls6500.processHeader: S11_Position06 has no vial
ls6500.processHeader: S11_Position08 has no vial
ls6500.processHeader: S11_Position09 has no vial
ls6500.processHeader: S11_Position10 has no vial
ls6500.processHeader: S11_Position12 has no vial
ls6500.processHeader: row [u'S12', '', u'1000_1R36', '', u'1000_2R36', '', '', '', '', '', u'0050_1F16', '', u'EMPTY']
ls6500.processHeader: S12_Position01 has no vial
ls6500.processHeader: S12_Position03 has no vial
ls6500.processHeader: S12_Position05 has no vial
ls6500.processHeader: S12_Position06 has no vial
ls6500.processHeader: S12_Position07 has no vial
ls6500.processHeader: S12_Position08 has no vial
ls6500.processHeader: S12_Position09 has no vial
ls6500.processHeader: S12_Position11 has no vial
ls6500.processHeader: row [u'S13', u'EMPTY', u'0050_2F16', u'EMPTY', '', u'0050_3F16', '', u'0050_4F16', '', u'0100_1F27', u'0100_2F27', '', '']
ls6500.processHeader: S13_Position04 has no vial
ls6500.processHeader: S13_Position06 has no vial
ls6500.processHeader: S13_Position08 has no vial
ls6500.processHeader: S13_Position11 has no vial
ls6500.processHeader: S13_Position12 has no vial
ls6500.processHeader: row [u'S14', u'EMPTY', u'1000_1F37', u'1000_2F37', u'EMPTY', u'1000_3F37', u'1000_4F37', u'0050_1R16', '', u'0050_2R16', '', u'0050_3R16', '']
ls6500.processHeader: S14_Position08 has no vial
ls6500.processHeader: S14_Position10 has no vial
ls6500.processHeader: S14_Position12 has no vial
ls6500.processHeader: row [u'S15', u'EMPTY', u'0050_4R16', '', u'0100_1R27', u'EMPTY', u'0100_2R27', '', '', u'1000_1R37', u'1000_2R37', u'1000_3R37', u'1000_4R37']
ls6500.processHeader: S15_Position03 has no vial
ls6500.processHeader: S15_Position07 has no vial
ls6500.processHeader: S15_Position08 has no vial
ls6500.processHeader: row [u'R1', u'0050_REF1', u'0050_REF2', u'0100_REF1', u'0100_REF2', u'0140_REF1', u'0140_REF2', u'1000_REF1', u'1000_REF2', '', '', '', '']
ls6500.processHeader: R1_Position09 has no vial
ls6500.processHeader: R1_Position10 has no vial
ls6500.processHeader: R1_Position11 has no vial
ls6500.processHeader: R1_Position12 has no vial
vial#   sampleName     position check of sample name Number of `no vial` slots to this slot
    0      STD_3_H S1_Position01 STD_3_H 0
    1    0050_1F13 S1_Position02 0050_1F13 0
    2    0050_2F13 S1_Position04 0050_2F13 1
    3    0050_3F13 S1_Position06 0050_3F13 2
    4    0050_4F13 S1_Position08 0050_4F13 3
    5    0100_1F15 S1_Position10 0100_1F15 4
    6    0100_2F15 S1_Position12 0100_2F15 5
    7     STD_14_C S2_Position02 STD_14_C 6
    8    0100_3F15 S2_Position03 0100_3F15 6
    9    0100_4F15 S2_Position05 0100_4F15 7
   10    0140_1F23 S2_Position07 0140_1F23 8
   11    0140_2F23 S2_Position09 0140_2F23 9
   12    0140_3F23 S2_Position11 0140_3F23 10
   13    0140_4F23 S3_Position01 0140_4F23 11
   14        EMPTY S3_Position03 EMPTY 12
   15    1000_1F34 S3_Position04 1000_1F34 12
   16    1000_2F34 S3_Position06 1000_2F34 13
   17    1000_3F34 S3_Position08 1000_3F34 14
   18    1000_4F34 S3_Position10 1000_4F34 15
   19    0050_1R13 S3_Position12 0050_1R13 16
   20    0050_2R13 S4_Position02 0050_2R13 17
   21        EMPTY S4_Position04 EMPTY 18
   22    0050_3R13 S4_Position05 0050_3R13 18
   23    0050_4R13 S4_Position07 0050_4R13 19
   24    0100_1R15 S4_Position09 0100_1R15 20
   25    0100_2R15 S4_Position11 0100_2R15 21
   26    0100_3R15 S5_Position01 0100_3R15 22
   27    0100_4R15 S5_Position03 0100_4R15 23
   28        EMPTY S5_Position05 EMPTY 24
   29    0140_1R23 S5_Position06 0140_1R23 24
   30    0140_2R23 S5_Position08 0140_2R23 25
   31    0140_3R23 S5_Position10 0140_3R23 26
   32    0140_4R23 S5_Position12 0140_4R23 27
   33    1000_1R34 S6_Position02 1000_1R34 28
   34    1000_2R34 S6_Position04 1000_2R34 29
   35        EMPTY S6_Position06 EMPTY 30
   36    1000_3R34 S6_Position07 1000_3R34 30
   37    1000_4R34 S6_Position09 1000_4R34 31
   38    0050_FPMT S6_Position11 0050_FPMT 32
   39    0050_RPMT S6_Position12 0050_RPMT 32
   40    0050_1F11 S7_Position01 0050_1F11 32
   41    0050_2F11 S7_Position03 0050_2F11 33
   42    0050_3F11 S7_Position05 0050_3F11 34
   43        EMPTY S7_Position07 EMPTY 35
   44    0050_4F11 S7_Position08 0050_4F11 35
   45    0100_1F22 S7_Position10 0100_1F22 36
   46    0100_2F22 S7_Position12 0100_2F22 37
   47    0100_3F22 S8_Position02 0100_3F22 38
   48    0100_4F22 S8_Position04 0100_4F22 39
   49    0140_1F31 S8_Position06 0140_1F31 40
   50        EMPTY S8_Position08 EMPTY 41
   51    0140_2F31 S8_Position09 0140_2F31 41
   52    1000_1F36 S9_Position03 1000_1F36 46
   53    1000_2F36 S9_Position05 1000_2F36 47
   54        EMPTY S9_Position09 EMPTY 50
   55    0050_1R11 S9_Position12 0050_1R11 52
   56    0050_2R11 S10_Position02 0050_2R11 53
   57    0050_3R11 S10_Position04 0050_3R11 54
   58    0050_4R11 S10_Position06 0050_4R11 55
   59    0100_1R22 S10_Position08 0100_1R22 56
   60        EMPTY S10_Position10 EMPTY 57
   61    0100_2R22 S10_Position11 0100_2R22 57
   62    0100_3R22 S11_Position01 0100_3R22 58
   63    0100_4R22 S11_Position03 0100_4R22 59
   64    0140_1R31 S11_Position05 0140_1R31 60
   65    0140_2R31 S11_Position07 0140_2R31 61
   66        EMPTY S11_Position11 EMPTY 64
   67    1000_1R36 S12_Position02 1000_1R36 66
   68    1000_2R36 S12_Position04 1000_2R36 67
   69    0050_1F16 S12_Position10 0050_1F16 72
   70        EMPTY S12_Position12 EMPTY 73
   71        EMPTY S13_Position01 EMPTY 73
   72    0050_2F16 S13_Position02 0050_2F16 73
   73        EMPTY S13_Position03 EMPTY 73
   74    0050_3F16 S13_Position05 0050_3F16 74
   75    0050_4F16 S13_Position07 0050_4F16 75
   76    0100_1F27 S13_Position09 0100_1F27 76
   77    0100_2F27 S13_Position10 0100_2F27 76
   78        EMPTY S14_Position01 EMPTY 78
   79    1000_1F37 S14_Position02 1000_1F37 78
   80    1000_2F37 S14_Position03 1000_2F37 78
   81        EMPTY S14_Position04 EMPTY 78
   82    1000_3F37 S14_Position05 1000_3F37 78
   83    1000_4F37 S14_Position06 1000_4F37 78
   84    0050_1R16 S14_Position07 0050_1R16 78
   85    0050_2R16 S14_Position09 0050_2R16 79
   86    0050_3R16 S14_Position11 0050_3R16 80
   87        EMPTY S15_Position01 EMPTY 81
   88    0050_4R16 S15_Position02 0050_4R16 81
   89    0100_1R27 S15_Position04 0100_1R27 82
   90        EMPTY S15_Position05 EMPTY 82
   91    0100_2R27 S15_Position06 0100_2R27 82
   92    1000_1R37 S15_Position09 1000_1R37 84
   93    1000_2R37 S15_Position10 1000_2R37 84
   94    1000_3R37 S15_Position11 1000_3R37 84
   95    1000_4R37 S15_Position12 1000_4R37 84
   96    0050_REF1 R1_Position01 0050_REF1 84
   97    0050_REF2 R1_Position02 0050_REF2 84
   98    0100_REF1 R1_Position03 0100_REF1 84
   99    0100_REF2 R1_Position04 0100_REF2 84
  100    0140_REF1 R1_Position05 0140_REF1 84
  101    0140_REF2 R1_Position06 0140_REF2 84
  102    1000_REF1 R1_Position07 1000_REF1 84
  103    1000_REF2 R1_Position08 1000_REF2 84
ls6500.processHeader: Found 104 total samples
ls6500.matchVialMeas: remove summary file MeasurementNo00019.xls from list
ls6500.matchVialMeas: number of bad files found 0
ls6500.fillSampleMsmts: initial,final sampleMsmts length 0 , 18
ls6500.fillSampleMsmts: Samples in fillSampleMsmts 0050_1F13 0050_2F13 0050_3F13 0050_4F13 0100_1F15 0100_2F15 0100_3F15 0100_4F15 0140_1F23 0140_2F23 0140_3F23 0140_4F23 1000_1F34 1000_2F34 1000_3F34 EMPTY_S3_Position03 STD_14_C STD_3_H 
Tray_Position S1_Position01 Number of `no vial` to this position 0
ls6500.Main: get measurement from /Users/djaffe/work/GIT/LINDSEY/TechMaturation2014/LS6500/Post-irrad_12_141117/MeasurementNo00001.xls
Tray_Position S1_Position02 Number of `no vial` to this position 0
ls6500.Main: get measurement from /Users/djaffe/work/GIT/LINDSEY/TechMaturation2014/LS6500/Post-irrad_12_141117/MeasurementNo00002.xls
Tray_Position S1_Position04 Number of `no vial` to this position 1
ls6500.Main: get measurement from /Users/djaffe/work/GIT/LINDSEY/TechMaturation2014/LS6500/Post-irrad_12_141117/MeasurementNo00003.xls
Tray_Position S1_Position06 Number of `no vial` to this position 2
ls6500.Main: get measurement from /Users/djaffe/work/GIT/LINDSEY/TechMaturation2014/LS6500/Post-irrad_12_141117/MeasurementNo00004.xls
Tray_Position S1_Position08 Number of `no vial` to this position 3
ls6500.Main: get measurement from /Users/djaffe/work/GIT/LINDSEY/TechMaturation2014/LS6500/Post-irrad_12_141117/MeasurementNo00005.xls
Tray_Position S1_Position10 Number of `no vial` to this position 4
ls6500.Main: get measurement from /Users/djaffe/work/GIT/LINDSEY/TechMaturation2014/LS6500/Post-irrad_12_141117/MeasurementNo00006.xls
Tray_Position S1_Position12 Number of `no vial` to this position 5
ls6500.Main: get measurement from /Users/djaffe/work/GIT/LINDSEY/TechMaturation2014/LS6500/Post-irrad_12_141117/MeasurementNo00007.xls
Tray_Position S2_Position02 Number of `no vial` to this position 6
ls6500.Main: get measurement from /Users/djaffe/work/GIT/LINDSEY/TechMaturation2014/LS6500/Post-irrad_12_141117/MeasurementNo00008.xls
Tray_Position S2_Position03 Number of `no vial` to this position 6
ls6500.Main: get measurement from /Users/djaffe/work/GIT/LINDSEY/TechMaturation2014/LS6500/Post-irrad_12_141117/MeasurementNo00009.xls
Tray_Position S2_Position05 Number of `no vial` to this position 7
ls6500.Main: get measurement from /Users/djaffe/work/GIT/LINDSEY/TechMaturation2014/LS6500/Post-irrad_12_141117/MeasurementNo00010.xls
Tray_Position S2_Position07 Number of `no vial` to this position 8
ls6500.Main: get measurement from /Users/djaffe/work/GIT/LINDSEY/TechMaturation2014/LS6500/Post-irrad_12_141117/MeasurementNo00011.xls
Tray_Position S2_Position09 Number of `no vial` to this position 9
ls6500.Main: get measurement from /Users/djaffe/work/GIT/LINDSEY/TechMaturation2014/LS6500/Post-irrad_12_141117/MeasurementNo00012.xls
Tray_Position S2_Position11 Number of `no vial` to this position 10
ls6500.Main: get measurement from /Users/djaffe/work/GIT/LINDSEY/TechMaturation2014/LS6500/Post-irrad_12_141117/MeasurementNo00013.xls
Tray_Position S3_Position01 Number of `no vial` to this position 11
ls6500.Main: get measurement from /Users/djaffe/work/GIT/LINDSEY/TechMaturation2014/LS6500/Post-irrad_12_141117/MeasurementNo00014.xls
Tray_Position S3_Position03 Number of `no vial` to this position 12
ls6500.Main: get measurement from /Users/djaffe/work/GIT/LINDSEY/TechMaturation2014/LS6500/Post-irrad_12_141117/MeasurementNo00015.xls
Tray_Position S3_Position04 Number of `no vial` to this position 12
ls6500.Main: get measurement from /Users/djaffe/work/GIT/LINDSEY/TechMaturation2014/LS6500/Post-irrad_12_141117/MeasurementNo00016.xls
Tray_Position S3_Position06 Number of `no vial` to this position 13
ls6500.Main: get measurement from /Users/djaffe/work/GIT/LINDSEY/TechMaturation2014/LS6500/Post-irrad_12_141117/MeasurementNo00017.xls
Tray_Position S3_Position08 Number of `no vial` to this position 14
ls6500.Main: get measurement from /Users/djaffe/work/GIT/LINDSEY/TechMaturation2014/LS6500/Post-irrad_12_141117/MeasurementNo00018.xls
Tray_Position S3_Position10 Number of `no vial` to this position 15
Tray_Position S3_Position12 Number of `no vial` to this position 16
Tray_Position S4_Position02 Number of `no vial` to this position 17
Tray_Position S4_Position04 Number of `no vial` to this position 18
Tray_Position S4_Position05 Number of `no vial` to this position 18
Tray_Position S4_Position07 Number of `no vial` to this position 19
Tray_Position S4_Position09 Number of `no vial` to this position 20
Tray_Position S4_Position11 Number of `no vial` to this position 21
Tray_Position S5_Position01 Number of `no vial` to this position 22
Tray_Position S5_Position03 Number of `no vial` to this position 23
Tray_Position S5_Position05 Number of `no vial` to this position 24
Tray_Position S5_Position06 Number of `no vial` to this position 24
Tray_Position S5_Position08 Number of `no vial` to this position 25
Tray_Position S5_Position10 Number of `no vial` to this position 26
Tray_Position S5_Position12 Number of `no vial` to this position 27
Tray_Position S6_Position02 Number of `no vial` to this position 28
Tray_Position S6_Position04 Number of `no vial` to this position 29
Tray_Position S6_Position06 Number of `no vial` to this position 30
Tray_Position S6_Position07 Number of `no vial` to this position 30
Tray_Position S6_Position09 Number of `no vial` to this position 31
Tray_Position S6_Position11 Number of `no vial` to this position 32
Tray_Position S6_Position12 Number of `no vial` to this position 32
Tray_Position S7_Position01 Number of `no vial` to this position 32
Tray_Position S7_Position03 Number of `no vial` to this position 33
Tray_Position S7_Position05 Number of `no vial` to this position 34
Tray_Position S7_Position07 Number of `no vial` to this position 35
Tray_Position S7_Position08 Number of `no vial` to this position 35
Tray_Position S7_Position10 Number of `no vial` to this position 36
Tray_Position S7_Position12 Number of `no vial` to this position 37
Tray_Position S8_Position02 Number of `no vial` to this position 38
Tray_Position S8_Position04 Number of `no vial` to this position 39
Tray_Position S8_Position06 Number of `no vial` to this position 40
Tray_Position S8_Position08 Number of `no vial` to this position 41
Tray_Position S8_Position09 Number of `no vial` to this position 41
Tray_Position S9_Position03 Number of `no vial` to this position 46
Tray_Position S9_Position05 Number of `no vial` to this position 47
Tray_Position S9_Position09 Number of `no vial` to this position 50
Tray_Position S9_Position12 Number of `no vial` to this position 52
Tray_Position S10_Position02 Number of `no vial` to this position 53
Tray_Position S10_Position04 Number of `no vial` to this position 54
Tray_Position S10_Position06 Number of `no vial` to this position 55
Tray_Position S10_Position08 Number of `no vial` to this position 56
Tray_Position S10_Position10 Number of `no vial` to this position 57
Tray_Position S10_Position11 Number of `no vial` to this position 57
Tray_Position S11_Position01 Number of `no vial` to this position 58
Tray_Position S11_Position03 Number of `no vial` to this position 59
Tray_Position S11_Position05 Number of `no vial` to this position 60
Tray_Position S11_Position07 Number of `no vial` to this position 61
Tray_Position S11_Position11 Number of `no vial` to this position 64
Tray_Position S12_Position02 Number of `no vial` to this position 66
Tray_Position S12_Position04 Number of `no vial` to this position 67
Tray_Position S12_Position10 Number of `no vial` to this position 72
Tray_Position S12_Position12 Number of `no vial` to this position 73
Tray_Position S13_Position01 Number of `no vial` to this position 73
Tray_Position S13_Position02 Number of `no vial` to this position 73
Tray_Position S13_Position03 Number of `no vial` to this position 73
Tray_Position S13_Position05 Number of `no vial` to this position 74
Tray_Position S13_Position07 Number of `no vial` to this position 75
Tray_Position S13_Position09 Number of `no vial` to this position 76
Tray_Position S13_Position10 Number of `no vial` to this position 76
Tray_Position S14_Position01 Number of `no vial` to this position 78
Tray_Position S14_Position02 Number of `no vial` to this position 78
Tray_Position S14_Position03 Number of `no vial` to this position 78
Tray_Position S14_Position04 Number of `no vial` to this position 78
Tray_Position S14_Position05 Number of `no vial` to this position 78
Tray_Position S14_Position06 Number of `no vial` to this position 78
Tray_Position S14_Position07 Number of `no vial` to this position 78
Tray_Position S14_Position09 Number of `no vial` to this position 79
Tray_Position S14_Position11 Number of `no vial` to this position 80
Tray_Position S15_Position01 Number of `no vial` to this position 81
Tray_Position S15_Position02 Number of `no vial` to this position 81
Tray_Position S15_Position04 Number of `no vial` to this position 82
Tray_Position S15_Position05 Number of `no vial` to this position 82
Tray_Position S15_Position06 Number of `no vial` to this position 82
Tray_Position S15_Position09 Number of `no vial` to this position 84
Tray_Position S15_Position10 Number of `no vial` to this position 84
Tray_Position S15_Position11 Number of `no vial` to this position 84
Tray_Position S15_Position12 Number of `no vial` to this position 84
Tray_Position R1_Position01 Number of `no vial` to this position 84
Tray_Position R1_Position02 Number of `no vial` to this position 84
Tray_Position R1_Position03 Number of `no vial` to this position 84
Tray_Position R1_Position04 Number of `no vial` to this position 84
Tray_Position R1_Position05 Number of `no vial` to this position 84
Tray_Position R1_Position06 Number of `no vial` to this position 84
Tray_Position R1_Position07 Number of `no vial` to this position 84
Tray_Position R1_Position08 Number of `no vial` to this position 84
ls6500.putOrGet: patience...writing pickled data to Pickles/Post-irrad_12_141117.pickle
ls6500.defineMatchingSamples 
Name : Samples
ls6500.Analyze
ls.Analyze: kinds ['0050', '1000', 'STD', '0100', '0140', 'EMPTY']
histogramming samples 0050_2F13 1000_3F34 0050_1F13 STD_14_C 0050_3F13 0050_4F13 STD_3_H 0100_4F15 0140_4F23 0100_2F15 1000_2F34 0140_3F23 0140_2F23 0100_1F15 0100_3F15 0140_1F23 EMPTY_S3_Position03 1000_1F34 
ls6500.Analyze: Wrote hists to Histograms/Post-irrad_12_141117.root
