ls6500: Output directed to terminal and Log/Pre-irrad_10_141113_201411201620_482113.log
ls6500: Irradiation date is 2020/04/01 01:23:45 irradiation interval is 2020/04/01 01:23:44 2020/04/01 01:23:46
ls6500: initialization ls6500
dataDir /Users/djaffe/work/GIT/LINDSEY/TechMaturation2014/LS6500/Pre-irrad_10_141113/ 
dataSubDir Pre-irrad_10_141113/
initialize spreadsheetReader
ls6500.Main: pickMode put
ls6500.processHeader: S1_Position03 has no vial
ls6500.processHeader: S1_Position05 has no vial
ls6500.processHeader: S1_Position07 has no vial
ls6500.processHeader: S1_Position09 has no vial
ls6500.processHeader: S1_Position11 has no vial
ls6500.processHeader: S2_Position01 has no vial
ls6500.processHeader: S2_Position04 has no vial
ls6500.processHeader: S2_Position06 has no vial
ls6500.processHeader: S2_Position08 has no vial
ls6500.processHeader: S2_Position10 has no vial
ls6500.processHeader: S2_Position12 has no vial
ls6500.processHeader: S3_Position02 has no vial
ls6500.processHeader: S3_Position05 has no vial
ls6500.processHeader: S3_Position07 has no vial
ls6500.processHeader: S3_Position09 has no vial
ls6500.processHeader: S3_Position11 has no vial
ls6500.processHeader: S4_Position01 has no vial
ls6500.processHeader: S4_Position03 has no vial
ls6500.processHeader: S4_Position06 has no vial
ls6500.processHeader: S4_Position08 has no vial
ls6500.processHeader: S4_Position10 has no vial
ls6500.processHeader: S4_Position12 has no vial
ls6500.processHeader: S5_Position02 has no vial
ls6500.processHeader: S5_Position04 has no vial
ls6500.processHeader: S5_Position07 has no vial
ls6500.processHeader: S5_Position09 has no vial
ls6500.processHeader: S5_Position11 has no vial
ls6500.processHeader: S6_Position01 has no vial
ls6500.processHeader: S6_Position03 has no vial
ls6500.processHeader: S6_Position05 has no vial
ls6500.processHeader: S6_Position08 has no vial
ls6500.processHeader: S6_Position10 has no vial
ls6500.processHeader: S7_Position02 has no vial
ls6500.processHeader: S7_Position04 has no vial
ls6500.processHeader: S7_Position06 has no vial
ls6500.processHeader: S7_Position09 has no vial
ls6500.processHeader: S7_Position11 has no vial
ls6500.processHeader: S8_Position01 has no vial
ls6500.processHeader: S8_Position03 has no vial
ls6500.processHeader: S8_Position05 has no vial
ls6500.processHeader: S8_Position07 has no vial
ls6500.processHeader: S8_Position10 has no vial
ls6500.processHeader: S8_Position11 has no vial
ls6500.processHeader: S8_Position12 has no vial
ls6500.processHeader: S9_Position01 has no vial
ls6500.processHeader: S9_Position02 has no vial
ls6500.processHeader: S9_Position04 has no vial
ls6500.processHeader: S9_Position06 has no vial
ls6500.processHeader: S9_Position07 has no vial
ls6500.processHeader: S9_Position08 has no vial
ls6500.processHeader: S9_Position10 has no vial
ls6500.processHeader: S9_Position11 has no vial
ls6500.processHeader: S10_Position01 has no vial
ls6500.processHeader: S10_Position03 has no vial
ls6500.processHeader: S10_Position05 has no vial
ls6500.processHeader: S10_Position07 has no vial
ls6500.processHeader: S10_Position09 has no vial
ls6500.processHeader: S10_Position12 has no vial
ls6500.processHeader: S11_Position02 has no vial
ls6500.processHeader: S11_Position04 has no vial
ls6500.processHeader: S11_Position06 has no vial
ls6500.processHeader: S11_Position08 has no vial
ls6500.processHeader: S11_Position09 has no vial
ls6500.processHeader: S11_Position10 has no vial
ls6500.processHeader: S11_Position12 has no vial
ls6500.processHeader: S12_Position01 has no vial
ls6500.processHeader: S12_Position03 has no vial
ls6500.processHeader: S12_Position05 has no vial
ls6500.processHeader: S12_Position06 has no vial
ls6500.processHeader: S12_Position07 has no vial
ls6500.processHeader: S12_Position08 has no vial
ls6500.processHeader: S12_Position09 has no vial
ls6500.processHeader: S12_Position11 has no vial
ls6500.processHeader: S13_Position04 has no vial
ls6500.processHeader: S13_Position06 has no vial
ls6500.processHeader: S13_Position08 has no vial
ls6500.processHeader: S13_Position11 has no vial
ls6500.processHeader: S13_Position12 has no vial
ls6500.processHeader: S14_Position08 has no vial
ls6500.processHeader: S14_Position10 has no vial
ls6500.processHeader: S14_Position12 has no vial
ls6500.processHeader: S15_Position03 has no vial
ls6500.processHeader: S15_Position07 has no vial
ls6500.processHeader: S15_Position08 has no vial
ls6500.processHeader: R1_Position09 has no vial
ls6500.processHeader: R1_Position10 has no vial
ls6500.processHeader: R1_Position11 has no vial
ls6500.processHeader: R1_Position12 has no vial
ls6500.processHeader: Found 104 total samples
ls6500.matchVialMeas: remove summary file MeasurementNo00035.xls from list
ls6500.matchVialMeas: number of bad files found 0
ls6500.fillSampleMsmts: initial,final sampleMsmts length 0 , 34
ls6500.fillSampleMsmts: Samples in fillSampleMsmts 0050_1F13 0050_1R13 0050_2F13 0050_2R13 0050_3F13 0050_3R13 0050_4F13 0050_4R13 0100_1F15 0100_1R15 0100_2F15 0100_2R15 0100_3F15 0100_3R15 0100_4F15 0100_4R15 0140_1F23 0140_1R23 0140_2F23 0140_2R23 0140_3F23 0140_3R23 0140_4F23 0140_4R23 1000_1F34 1000_1R34 1000_2F34 1000_3F34 1000_4F34 EMPTY_S3_Position03 EMPTY_S4_Position04 EMPTY_S5_Position05 STD_14_C STD_3_H 
Tray_Position S1_Position01 Number of `no vial` to this position 0
ls6500.Main: get measurement from /Users/djaffe/work/GIT/LINDSEY/TechMaturation2014/LS6500/Pre-irrad_10_141113/MeasurementNo00001.xls
Tray_Position S1_Position02 Number of `no vial` to this position 0
ls6500.Main: get measurement from /Users/djaffe/work/GIT/LINDSEY/TechMaturation2014/LS6500/Pre-irrad_10_141113/MeasurementNo00002.xls
Tray_Position S1_Position04 Number of `no vial` to this position 1
ls6500.Main: get measurement from /Users/djaffe/work/GIT/LINDSEY/TechMaturation2014/LS6500/Pre-irrad_10_141113/MeasurementNo00003.xls
Tray_Position S1_Position06 Number of `no vial` to this position 2
ls6500.Main: get measurement from /Users/djaffe/work/GIT/LINDSEY/TechMaturation2014/LS6500/Pre-irrad_10_141113/MeasurementNo00004.xls
Tray_Position S1_Position08 Number of `no vial` to this position 3
ls6500.Main: get measurement from /Users/djaffe/work/GIT/LINDSEY/TechMaturation2014/LS6500/Pre-irrad_10_141113/MeasurementNo00005.xls
Tray_Position S1_Position10 Number of `no vial` to this position 4
ls6500.Main: get measurement from /Users/djaffe/work/GIT/LINDSEY/TechMaturation2014/LS6500/Pre-irrad_10_141113/MeasurementNo00006.xls
Tray_Position S1_Position12 Number of `no vial` to this position 5
ls6500.Main: get measurement from /Users/djaffe/work/GIT/LINDSEY/TechMaturation2014/LS6500/Pre-irrad_10_141113/MeasurementNo00007.xls
Tray_Position S2_Position02 Number of `no vial` to this position 6
ls6500.Main: get measurement from /Users/djaffe/work/GIT/LINDSEY/TechMaturation2014/LS6500/Pre-irrad_10_141113/MeasurementNo00008.xls
Tray_Position S2_Position03 Number of `no vial` to this position 6
ls6500.Main: get measurement from /Users/djaffe/work/GIT/LINDSEY/TechMaturation2014/LS6500/Pre-irrad_10_141113/MeasurementNo00009.xls
Tray_Position S2_Position05 Number of `no vial` to this position 7
ls6500.Main: get measurement from /Users/djaffe/work/GIT/LINDSEY/TechMaturation2014/LS6500/Pre-irrad_10_141113/MeasurementNo00010.xls
Tray_Position S2_Position07 Number of `no vial` to this position 8
ls6500.Main: get measurement from /Users/djaffe/work/GIT/LINDSEY/TechMaturation2014/LS6500/Pre-irrad_10_141113/MeasurementNo00011.xls
Tray_Position S2_Position09 Number of `no vial` to this position 9
ls6500.Main: get measurement from /Users/djaffe/work/GIT/LINDSEY/TechMaturation2014/LS6500/Pre-irrad_10_141113/MeasurementNo00012.xls
Tray_Position S2_Position11 Number of `no vial` to this position 10
ls6500.Main: get measurement from /Users/djaffe/work/GIT/LINDSEY/TechMaturation2014/LS6500/Pre-irrad_10_141113/MeasurementNo00013.xls
Tray_Position S3_Position01 Number of `no vial` to this position 11
ls6500.Main: get measurement from /Users/djaffe/work/GIT/LINDSEY/TechMaturation2014/LS6500/Pre-irrad_10_141113/MeasurementNo00014.xls
Tray_Position S3_Position03 Number of `no vial` to this position 12
ls6500.Main: get measurement from /Users/djaffe/work/GIT/LINDSEY/TechMaturation2014/LS6500/Pre-irrad_10_141113/MeasurementNo00015.xls
Tray_Position S3_Position04 Number of `no vial` to this position 12
ls6500.Main: get measurement from /Users/djaffe/work/GIT/LINDSEY/TechMaturation2014/LS6500/Pre-irrad_10_141113/MeasurementNo00016.xls
Tray_Position S3_Position06 Number of `no vial` to this position 13
ls6500.Main: get measurement from /Users/djaffe/work/GIT/LINDSEY/TechMaturation2014/LS6500/Pre-irrad_10_141113/MeasurementNo00017.xls
Tray_Position S3_Position08 Number of `no vial` to this position 14
ls6500.Main: get measurement from /Users/djaffe/work/GIT/LINDSEY/TechMaturation2014/LS6500/Pre-irrad_10_141113/MeasurementNo00018.xls
Tray_Position S3_Position10 Number of `no vial` to this position 15
ls6500.Main: get measurement from /Users/djaffe/work/GIT/LINDSEY/TechMaturation2014/LS6500/Pre-irrad_10_141113/MeasurementNo00019.xls
Tray_Position S3_Position12 Number of `no vial` to this position 16
ls6500.Main: get measurement from /Users/djaffe/work/GIT/LINDSEY/TechMaturation2014/LS6500/Pre-irrad_10_141113/MeasurementNo00020.xls
Tray_Position S4_Position02 Number of `no vial` to this position 17
ls6500.Main: get measurement from /Users/djaffe/work/GIT/LINDSEY/TechMaturation2014/LS6500/Pre-irrad_10_141113/MeasurementNo00021.xls
Tray_Position S4_Position04 Number of `no vial` to this position 18
ls6500.Main: get measurement from /Users/djaffe/work/GIT/LINDSEY/TechMaturation2014/LS6500/Pre-irrad_10_141113/MeasurementNo00022.xls
Tray_Position S4_Position05 Number of `no vial` to this position 18
ls6500.Main: get measurement from /Users/djaffe/work/GIT/LINDSEY/TechMaturation2014/LS6500/Pre-irrad_10_141113/MeasurementNo00023.xls
Tray_Position S4_Position07 Number of `no vial` to this position 19
ls6500.Main: get measurement from /Users/djaffe/work/GIT/LINDSEY/TechMaturation2014/LS6500/Pre-irrad_10_141113/MeasurementNo00024.xls
Tray_Position S4_Position09 Number of `no vial` to this position 20
ls6500.Main: get measurement from /Users/djaffe/work/GIT/LINDSEY/TechMaturation2014/LS6500/Pre-irrad_10_141113/MeasurementNo00025.xls
Tray_Position S4_Position11 Number of `no vial` to this position 21
ls6500.Main: get measurement from /Users/djaffe/work/GIT/LINDSEY/TechMaturation2014/LS6500/Pre-irrad_10_141113/MeasurementNo00026.xls
Tray_Position S5_Position01 Number of `no vial` to this position 22
ls6500.Main: get measurement from /Users/djaffe/work/GIT/LINDSEY/TechMaturation2014/LS6500/Pre-irrad_10_141113/MeasurementNo00027.xls
Tray_Position S5_Position03 Number of `no vial` to this position 23
ls6500.Main: get measurement from /Users/djaffe/work/GIT/LINDSEY/TechMaturation2014/LS6500/Pre-irrad_10_141113/MeasurementNo00028.xls
Tray_Position S5_Position05 Number of `no vial` to this position 24
ls6500.Main: get measurement from /Users/djaffe/work/GIT/LINDSEY/TechMaturation2014/LS6500/Pre-irrad_10_141113/MeasurementNo00029.xls
Tray_Position S5_Position06 Number of `no vial` to this position 24
ls6500.Main: get measurement from /Users/djaffe/work/GIT/LINDSEY/TechMaturation2014/LS6500/Pre-irrad_10_141113/MeasurementNo00030.xls
Tray_Position S5_Position08 Number of `no vial` to this position 25
ls6500.Main: get measurement from /Users/djaffe/work/GIT/LINDSEY/TechMaturation2014/LS6500/Pre-irrad_10_141113/MeasurementNo00031.xls
Tray_Position S5_Position10 Number of `no vial` to this position 26
ls6500.Main: get measurement from /Users/djaffe/work/GIT/LINDSEY/TechMaturation2014/LS6500/Pre-irrad_10_141113/MeasurementNo00032.xls
Tray_Position S5_Position12 Number of `no vial` to this position 27
ls6500.Main: get measurement from /Users/djaffe/work/GIT/LINDSEY/TechMaturation2014/LS6500/Pre-irrad_10_141113/MeasurementNo00033.xls
Tray_Position S6_Position02 Number of `no vial` to this position 28
ls6500.Main: get measurement from /Users/djaffe/work/GIT/LINDSEY/TechMaturation2014/LS6500/Pre-irrad_10_141113/MeasurementNo00034.xls
Tray_Position S6_Position04 Number of `no vial` to this position 29
Tray_Position S6_Position06 Number of `no vial` to this position 30
Tray_Position S6_Position07 Number of `no vial` to this position 30
Tray_Position S6_Position09 Number of `no vial` to this position 31
Tray_Position S6_Position11 Number of `no vial` to this position 32
Tray_Position S6_Position12 Number of `no vial` to this position 32
Tray_Position S7_Position01 Number of `no vial` to this position 32
Tray_Position S7_Position03 Number of `no vial` to this position 33
Tray_Position S7_Position05 Number of `no vial` to this position 34
Tray_Position S7_Position07 Number of `no vial` to this position 35
Tray_Position S7_Position08 Number of `no vial` to this position 35
Tray_Position S7_Position10 Number of `no vial` to this position 36
Tray_Position S7_Position12 Number of `no vial` to this position 37
Tray_Position S8_Position02 Number of `no vial` to this position 38
Tray_Position S8_Position04 Number of `no vial` to this position 39
Tray_Position S8_Position06 Number of `no vial` to this position 40
Tray_Position S8_Position08 Number of `no vial` to this position 41
Tray_Position S8_Position09 Number of `no vial` to this position 41
Tray_Position S9_Position03 Number of `no vial` to this position 46
Tray_Position S9_Position05 Number of `no vial` to this position 47
Tray_Position S9_Position09 Number of `no vial` to this position 50
Tray_Position S9_Position12 Number of `no vial` to this position 52
Tray_Position S10_Position02 Number of `no vial` to this position 53
Tray_Position S10_Position04 Number of `no vial` to this position 54
Tray_Position S10_Position06 Number of `no vial` to this position 55
Tray_Position S10_Position08 Number of `no vial` to this position 56
Tray_Position S10_Position10 Number of `no vial` to this position 57
Tray_Position S10_Position11 Number of `no vial` to this position 57
Tray_Position S11_Position01 Number of `no vial` to this position 58
Tray_Position S11_Position03 Number of `no vial` to this position 59
Tray_Position S11_Position05 Number of `no vial` to this position 60
Tray_Position S11_Position07 Number of `no vial` to this position 61
Tray_Position S11_Position11 Number of `no vial` to this position 64
Tray_Position S12_Position02 Number of `no vial` to this position 66
Tray_Position S12_Position04 Number of `no vial` to this position 67
Tray_Position S12_Position10 Number of `no vial` to this position 72
Tray_Position S12_Position12 Number of `no vial` to this position 73
Tray_Position S13_Position01 Number of `no vial` to this position 73
Tray_Position S13_Position02 Number of `no vial` to this position 73
Tray_Position S13_Position03 Number of `no vial` to this position 73
Tray_Position S13_Position05 Number of `no vial` to this position 74
Tray_Position S13_Position07 Number of `no vial` to this position 75
Tray_Position S13_Position09 Number of `no vial` to this position 76
Tray_Position S13_Position10 Number of `no vial` to this position 76
Tray_Position S14_Position01 Number of `no vial` to this position 78
Tray_Position S14_Position02 Number of `no vial` to this position 78
Tray_Position S14_Position03 Number of `no vial` to this position 78
Tray_Position S14_Position04 Number of `no vial` to this position 78
Tray_Position S14_Position05 Number of `no vial` to this position 78
Tray_Position S14_Position06 Number of `no vial` to this position 78
Tray_Position S14_Position07 Number of `no vial` to this position 78
Tray_Position S14_Position09 Number of `no vial` to this position 79
Tray_Position S14_Position11 Number of `no vial` to this position 80
Tray_Position S15_Position01 Number of `no vial` to this position 81
Tray_Position S15_Position02 Number of `no vial` to this position 81
Tray_Position S15_Position04 Number of `no vial` to this position 82
Tray_Position S15_Position05 Number of `no vial` to this position 82
Tray_Position S15_Position06 Number of `no vial` to this position 82
Tray_Position S15_Position09 Number of `no vial` to this position 84
Tray_Position S15_Position10 Number of `no vial` to this position 84
Tray_Position S15_Position11 Number of `no vial` to this position 84
Tray_Position S15_Position12 Number of `no vial` to this position 84
Tray_Position R1_Position01 Number of `no vial` to this position 84
Tray_Position R1_Position02 Number of `no vial` to this position 84
Tray_Position R1_Position03 Number of `no vial` to this position 84
Tray_Position R1_Position04 Number of `no vial` to this position 84
Tray_Position R1_Position05 Number of `no vial` to this position 84
Tray_Position R1_Position06 Number of `no vial` to this position 84
Tray_Position R1_Position07 Number of `no vial` to this position 84
Tray_Position R1_Position08 Number of `no vial` to this position 84
ls6500.putOrGet: patience...writing pickled data to Pickles/Pre-irrad_10_141113.pickle
ls6500.defineMatchingSamples 
Name : Samples
ls6500.Analyze
ls.Analyze: kinds ['0140', '0100', '0050', 'EMPTY', '1000', 'STD']
histogramming samples 0140_3R23 0100_3R15 0050_4F13 EMPTY_S5_Position05 0140_4F23 0050_2F13 0140_1F23 1000_3F34 0100_1R15 0100_2R15 0050_3R13 0140_1R23 0140_4R23 1000_1R34 0100_3F15 0140_2R23 0050_1F13 STD_14_C 0100_4R15 0100_4F15 1000_2F34 0100_1F15 0050_2R13 EMPTY_S3_Position03 0050_3F13 1000_4F34 STD_3_H 0100_2F15 EMPTY_S4_Position04 0050_1R13 0140_3F23 0140_2F23 0050_4R13 1000_1F34 
ls6500.drawIrradInterval: graph <ROOT.TMultiGraph object ("gSTD") at 0x104a22910>
ls6500.drawIrradInterval: tmi,tma 1585718624 1585718626 xmi,xma 1415914132.35 1415917556.65
ls6500.drawIrradInterval: graph <ROOT.TMultiGraph object ("g0050") at 0x10b486030>
ls6500.drawIrradInterval: tmi,tma 1585718624 1585718626 xmi,xma 1415914247.85 1415924965.15
ls6500.drawIrradInterval: graph <ROOT.TMultiGraph object ("aSTD") at 0x10d5e3460>
ls6500.drawIrradInterval: tmi,tma 1585718624 1585718626 xmi,xma 1415914132.35 1415917556.65
ls6500.drawIrradInterval: graph <ROOT.TMultiGraph object ("nEMPTY") at 0x10b4523d0>
ls6500.drawIrradInterval: tmi,tma 1585718624 1585718626 xmi,xma 1415920167.45 1415926977.55
ls6500.drawIrradInterval: graph <ROOT.TMultiGraph object ("nSTD") at 0x104a1b430>
ls6500.drawIrradInterval: tmi,tma 1585718624 1585718626 xmi,xma 1415914132.35 1415917556.65
ls6500.drawIrradInterval: graph <ROOT.TMultiGraph object ("gEMPTY") at 0x104a0bd40>
ls6500.drawIrradInterval: tmi,tma 1585718624 1585718626 xmi,xma 1415920167.45 1415926977.55
ls6500.drawIrradInterval: graph <ROOT.TMultiGraph object ("aEMPTY") at 0x10d5bda30>
ls6500.drawIrradInterval: tmi,tma 1585718624 1585718626 xmi,xma 1415920167.45 1415926977.55
ls6500.drawIrradInterval: graph <ROOT.TMultiGraph object ("g0140") at 0x10d576010>
ls6500.drawIrradInterval: tmi,tma 1585718624 1585718626 xmi,xma 1415918239.0 1415928909.0
ls6500.drawIrradInterval: graph <ROOT.TMultiGraph object ("n1000") at 0x104c15cd0>
ls6500.drawIrradInterval: tmi,tma 1585718624 1585718626 xmi,xma 1415920524.2 1415929275.8
ls6500.drawIrradInterval: graph <ROOT.TMultiGraph object ("cSTD") at 0x104a0af90>
ls6500.drawIrradInterval: tmi,tma 1585718624 1585718626 xmi,xma 1415914132.35 1415917556.65
ls6500.drawIrradInterval: graph <ROOT.TMultiGraph object ("c0100") at 0x1003ea770>
ls6500.drawIrradInterval: tmi,tma 1585718624 1585718626 xmi,xma 1415915996.2 1415926727.8
ls6500.drawIrradInterval: graph <ROOT.TMultiGraph object ("a0140") at 0x1003b5220>
ls6500.drawIrradInterval: tmi,tma 1585718624 1585718626 xmi,xma 1415918239.0 1415928909.0
ls6500.drawIrradInterval: graph <ROOT.TMultiGraph object ("n0100") at 0x104a0c960>
ls6500.drawIrradInterval: tmi,tma 1585718624 1585718626 xmi,xma 1415915996.2 1415926727.8
ls6500.drawIrradInterval: graph <ROOT.TMultiGraph object ("c0050") at 0x1003a8fd0>
ls6500.drawIrradInterval: tmi,tma 1585718624 1585718626 xmi,xma 1415914247.85 1415924965.15
ls6500.drawIrradInterval: graph <ROOT.TMultiGraph object ("c0140") at 0x10d5d9030>
ls6500.drawIrradInterval: tmi,tma 1585718624 1585718626 xmi,xma 1415918239.0 1415928909.0
ls6500.drawIrradInterval: graph <ROOT.TMultiGraph object ("cEMPTY") at 0x10a197180>
ls6500.drawIrradInterval: tmi,tma 1585718624 1585718626 xmi,xma 1415920167.45 1415926977.55
ls6500.drawIrradInterval: graph <ROOT.TMultiGraph object ("g0100") at 0x104911df0>
ls6500.drawIrradInterval: tmi,tma 1585718624 1585718626 xmi,xma 1415915996.2 1415926727.8
ls6500.drawIrradInterval: graph <ROOT.TMultiGraph object ("n0140") at 0x10d5de270>
ls6500.drawIrradInterval: tmi,tma 1585718624 1585718626 xmi,xma 1415918239.0 1415928909.0
ls6500.drawIrradInterval: graph <ROOT.TMultiGraph object ("a0100") at 0x1049378e0>
ls6500.drawIrradInterval: tmi,tma 1585718624 1585718626 xmi,xma 1415915996.2 1415926727.8
ls6500.drawIrradInterval: graph <ROOT.TMultiGraph object ("a1000") at 0x10d5bc120>
ls6500.drawIrradInterval: tmi,tma 1585718624 1585718626 xmi,xma 1415920524.2 1415929275.8
ls6500.drawIrradInterval: graph <ROOT.TMultiGraph object ("n0050") at 0x10d572500>
ls6500.drawIrradInterval: tmi,tma 1585718624 1585718626 xmi,xma 1415914247.85 1415924965.15
ls6500.drawIrradInterval: graph <ROOT.TMultiGraph object ("g1000") at 0x10db007c0>
ls6500.drawIrradInterval: tmi,tma 1585718624 1585718626 xmi,xma 1415920524.2 1415929275.8
ls6500.drawIrradInterval: graph <ROOT.TMultiGraph object ("c1000") at 0x10a1943f0>
ls6500.drawIrradInterval: tmi,tma 1585718624 1585718626 xmi,xma 1415920524.2 1415929275.8
ls6500.drawIrradInterval: graph <ROOT.TMultiGraph object ("a0050") at 0x10b459ae0>
ls6500.drawIrradInterval: tmi,tma 1585718624 1585718626 xmi,xma 1415914247.85 1415924965.15
ls6500.Analyze: Wrote hists to Histograms/Pre-irrad_10_141113.root
