ls6500: Output directed to terminal and Log/Pre-irrad_9_141110_201411171418_694560.log
ls6500: Irradiation date is 2020/04/01 01:23:45
ls6500: initialization ls6500
dataDir /Users/djaffe/work/GIT/LINDSEY/TechMaturation2014/LS6500/Pre-irrad_9_141110/ 
dataSubDir Pre-irrad_9_141110/
initialize spreadsheetReader
ls6500.Main: pickMode put
ls6500.processHeader: S1_Position03 has no vial
ls6500.processHeader: S1_Position05 has no vial
ls6500.processHeader: S1_Position07 has no vial
ls6500.processHeader: S1_Position09 has no vial
ls6500.processHeader: S1_Position11 has no vial
ls6500.processHeader: S2_Position01 has no vial
ls6500.processHeader: S2_Position04 has no vial
ls6500.processHeader: S2_Position06 has no vial
ls6500.processHeader: S2_Position08 has no vial
ls6500.processHeader: S2_Position10 has no vial
ls6500.processHeader: S2_Position12 has no vial
ls6500.processHeader: S3_Position02 has no vial
ls6500.processHeader: S3_Position05 has no vial
ls6500.processHeader: S3_Position07 has no vial
ls6500.processHeader: S3_Position09 has no vial
ls6500.processHeader: S3_Position11 has no vial
ls6500.processHeader: S4_Position01 has no vial
ls6500.processHeader: S4_Position03 has no vial
ls6500.processHeader: S4_Position06 has no vial
ls6500.processHeader: S4_Position08 has no vial
ls6500.processHeader: S4_Position10 has no vial
ls6500.processHeader: S4_Position12 has no vial
ls6500.processHeader: S5_Position02 has no vial
ls6500.processHeader: S5_Position04 has no vial
ls6500.processHeader: S5_Position07 has no vial
ls6500.processHeader: S5_Position09 has no vial
ls6500.processHeader: S5_Position11 has no vial
ls6500.processHeader: S6_Position01 has no vial
ls6500.processHeader: S6_Position03 has no vial
ls6500.processHeader: S6_Position05 has no vial
ls6500.processHeader: S6_Position08 has no vial
ls6500.processHeader: S6_Position10 has no vial
ls6500.processHeader: S7_Position02 has no vial
ls6500.processHeader: S7_Position04 has no vial
ls6500.processHeader: S7_Position06 has no vial
ls6500.processHeader: S7_Position09 has no vial
ls6500.processHeader: S7_Position11 has no vial
ls6500.processHeader: S8_Position01 has no vial
ls6500.processHeader: S8_Position03 has no vial
ls6500.processHeader: S8_Position05 has no vial
ls6500.processHeader: S8_Position07 has no vial
ls6500.processHeader: S8_Position10 has no vial
ls6500.processHeader: S8_Position11 has no vial
ls6500.processHeader: S8_Position12 has no vial
ls6500.processHeader: S9_Position01 has no vial
ls6500.processHeader: S9_Position02 has no vial
ls6500.processHeader: S9_Position04 has no vial
ls6500.processHeader: S9_Position06 has no vial
ls6500.processHeader: S9_Position07 has no vial
ls6500.processHeader: S9_Position08 has no vial
ls6500.processHeader: S9_Position10 has no vial
ls6500.processHeader: S9_Position11 has no vial
ls6500.processHeader: S10_Position01 has no vial
ls6500.processHeader: S10_Position03 has no vial
ls6500.processHeader: S10_Position05 has no vial
ls6500.processHeader: S10_Position07 has no vial
ls6500.processHeader: S10_Position09 has no vial
ls6500.processHeader: S10_Position12 has no vial
ls6500.processHeader: S11_Position02 has no vial
ls6500.processHeader: S11_Position04 has no vial
ls6500.processHeader: S11_Position06 has no vial
ls6500.processHeader: S11_Position08 has no vial
ls6500.processHeader: S11_Position09 has no vial
ls6500.processHeader: S11_Position10 has no vial
ls6500.processHeader: S11_Position12 has no vial
ls6500.processHeader: S12_Position01 has no vial
ls6500.processHeader: S12_Position03 has no vial
ls6500.processHeader: S12_Position05 has no vial
ls6500.processHeader: S12_Position06 has no vial
ls6500.processHeader: S12_Position07 has no vial
ls6500.processHeader: S12_Position08 has no vial
ls6500.processHeader: S12_Position09 has no vial
ls6500.processHeader: S12_Position11 has no vial
ls6500.processHeader: S13_Position04 has no vial
ls6500.processHeader: S13_Position06 has no vial
ls6500.processHeader: S13_Position08 has no vial
ls6500.processHeader: S13_Position11 has no vial
ls6500.processHeader: S13_Position12 has no vial
ls6500.processHeader: S14_Position08 has no vial
ls6500.processHeader: S14_Position10 has no vial
ls6500.processHeader: S14_Position12 has no vial
ls6500.processHeader: S15_Position03 has no vial
ls6500.processHeader: S15_Position07 has no vial
ls6500.processHeader: S15_Position08 has no vial
ls6500.processHeader: R1_Position09 has no vial
ls6500.processHeader: R1_Position10 has no vial
ls6500.processHeader: R1_Position11 has no vial
ls6500.processHeader: R1_Position12 has no vial
ls6500.processHeader: Found 104 total samples
ls6500.matchVialMeas: remove summary file MeasurementNo00105.xls from list
ls6500.matchVialMeas: remove zero-length file MeasurementNo00145.xls from list
ls6500.matchVialMeas: remove summary file MeasurementNo00211.xls from list
ls6500.matchVialMeas: remove summary file MeasurementNo00316.xls from list
ls6500.matchVialMeas: remove summary file MeasurementNo00421.xls from list
ls6500.matchVialMeas: remove summary file MeasurementNo00526.xls from list
ls6500.matchVialMeas: number of bad files found 1
ls6500.matchVialMeas: adjustment= 1 for files Pre-irrad_9_141110/MeasurementNo00517.xls, Pre-irrad_9_141110/MeasurementNo00246.xls, Pre-irrad_9_141110/MeasurementNo00352.xls, Pre-irrad_9_141110/MeasurementNo00249.xls, Pre-irrad_9_141110/MeasurementNo00286.xls, Pre-irrad_9_141110/MeasurementNo00513.xls, Pre-irrad_9_141110/MeasurementNo00291.xls, Pre-irrad_9_141110/MeasurementNo00274.xls, Pre-irrad_9_141110/MeasurementNo00193.xls, Pre-irrad_9_141110/MeasurementNo00367.xls, Pre-irrad_9_141110/MeasurementNo00328.xls, Pre-irrad_9_141110/MeasurementNo00393.xls, Pre-irrad_9_141110/MeasurementNo00223.xls, Pre-irrad_9_141110/MeasurementNo00539.xls, Pre-irrad_9_141110/MeasurementNo00460.xls, Pre-irrad_9_141110/MeasurementNo00497.xls, Pre-irrad_9_141110/MeasurementNo00255.xls, Pre-irrad_9_141110/MeasurementNo00357.xls, Pre-irrad_9_141110/MeasurementNo00365.xls, Pre-irrad_9_141110/MeasurementNo00202.xls, Pre-irrad_9_141110/MeasurementNo00420.xls, Pre-irrad_9_141110/MeasurementNo00530.xls, Pre-irrad_9_141110/MeasurementNo00312.xls, Pre-irrad_9_141110/MeasurementNo00454.xls, Pre-irrad_9_141110/MeasurementNo00258.xls, Pre-irrad_9_141110/MeasurementNo00389.xls, Pre-irrad_9_141110/MeasurementNo00299.xls, Pre-irrad_9_141110/MeasurementNo00548.xls, Pre-irrad_9_141110/MeasurementNo00369.xls, Pre-irrad_9_141110/MeasurementNo00509.xls, Pre-irrad_9_141110/MeasurementNo00453.xls, Pre-irrad_9_141110/MeasurementNo00149.xls, Pre-irrad_9_141110/MeasurementNo00214.xls, Pre-irrad_9_141110/MeasurementNo00545.xls, Pre-irrad_9_141110/MeasurementNo00346.xls, Pre-irrad_9_141110/MeasurementNo00362.xls, Pre-irrad_9_141110/MeasurementNo00319.xls, Pre-irrad_9_141110/MeasurementNo00532.xls, Pre-irrad_9_141110/MeasurementNo00505.xls, Pre-irrad_9_141110/MeasurementNo00302.xls, Pre-irrad_9_141110/MeasurementNo00472.xls, Pre-irrad_9_141110/MeasurementNo00482.xls, Pre-irrad_9_141110/MeasurementNo00313.xls, Pre-irrad_9_141110/MeasurementNo00368.xls, Pre-irrad_9_141110/MeasurementNo00208.xls, Pre-irrad_9_141110/MeasurementNo00437.xls, Pre-irrad_9_141110/MeasurementNo00323.xls, Pre-irrad_9_141110/MeasurementNo00304.xls, Pre-irrad_9_141110/MeasurementNo00164.xls, Pre-irrad_9_141110/MeasurementNo00183.xls, Pre-irrad_9_141110/MeasurementNo00212.xls, Pre-irrad_9_141110/MeasurementNo00380.xls, Pre-irrad_9_141110/MeasurementNo00170.xls, Pre-irrad_9_141110/MeasurementNo00463.xls, Pre-irrad_9_141110/MeasurementNo00353.xls, Pre-irrad_9_141110/MeasurementNo00402.xls, Pre-irrad_9_141110/MeasurementNo00488.xls, Pre-irrad_9_141110/MeasurementNo00418.xls, Pre-irrad_9_141110/MeasurementNo00376.xls, Pre-irrad_9_141110/MeasurementNo00455.xls, Pre-irrad_9_141110/MeasurementNo00315.xls, Pre-irrad_9_141110/MeasurementNo00466.xls, Pre-irrad_9_141110/MeasurementNo00204.xls, Pre-irrad_9_141110/MeasurementNo00355.xls, Pre-irrad_9_141110/MeasurementNo00429.xls, Pre-irrad_9_141110/MeasurementNo00370.xls, Pre-irrad_9_141110/MeasurementNo00456.xls, Pre-irrad_9_141110/MeasurementNo00415.xls, Pre-irrad_9_141110/MeasurementNo00296.xls, Pre-irrad_9_141110/MeasurementNo00169.xls, Pre-irrad_9_141110/MeasurementNo00382.xls, Pre-irrad_9_141110/MeasurementNo00515.xls, Pre-irrad_9_141110/MeasurementNo00206.xls, Pre-irrad_9_141110/MeasurementNo00265.xls, Pre-irrad_9_141110/MeasurementNo00475.xls, Pre-irrad_9_141110/MeasurementNo00217.xls, Pre-irrad_9_141110/MeasurementNo00392.xls, Pre-irrad_9_141110/MeasurementNo00521.xls, Pre-irrad_9_141110/MeasurementNo00461.xls, Pre-irrad_9_141110/MeasurementNo00446.xls, Pre-irrad_9_141110/MeasurementNo00399.xls, Pre-irrad_9_141110/MeasurementNo00189.xls, Pre-irrad_9_141110/MeasurementNo00366.xls, Pre-irrad_9_141110/MeasurementNo00408.xls, Pre-irrad_9_141110/MeasurementNo00533.xls, Pre-irrad_9_141110/MeasurementNo00330.xls, Pre-irrad_9_141110/MeasurementNo00174.xls, Pre-irrad_9_141110/MeasurementNo00221.xls, Pre-irrad_9_141110/MeasurementNo00201.xls, Pre-irrad_9_141110/MeasurementNo00387.xls, Pre-irrad_9_141110/MeasurementNo00477.xls, Pre-irrad_9_141110/MeasurementNo00308.xls, Pre-irrad_9_141110/MeasurementNo00416.xls, Pre-irrad_9_141110/MeasurementNo00216.xls, Pre-irrad_9_141110/MeasurementNo00528.xls, Pre-irrad_9_141110/MeasurementNo00181.xls, Pre-irrad_9_141110/MeasurementNo00403.xls, Pre-irrad_9_141110/MeasurementNo00240.xls, Pre-irrad_9_141110/MeasurementNo00519.xls, Pre-irrad_9_141110/MeasurementNo00285.xls, Pre-irrad_9_141110/MeasurementNo00422.xls, Pre-irrad_9_141110/MeasurementNo00338.xls, Pre-irrad_9_141110/MeasurementNo00439.xls, Pre-irrad_9_141110/MeasurementNo00469.xls, Pre-irrad_9_141110/MeasurementNo00391.xls, Pre-irrad_9_141110/MeasurementNo00529.xls, Pre-irrad_9_141110/MeasurementNo00289.xls, Pre-irrad_9_141110/MeasurementNo00450.xls, Pre-irrad_9_141110/MeasurementNo00452.xls, Pre-irrad_9_141110/MeasurementNo00210.xls, Pre-irrad_9_141110/MeasurementNo00259.xls, Pre-irrad_9_141110/MeasurementNo00457.xls, Pre-irrad_9_141110/MeasurementNo00306.xls, Pre-irrad_9_141110/MeasurementNo00268.xls, Pre-irrad_9_141110/MeasurementNo00166.xls, Pre-irrad_9_141110/MeasurementNo00491.xls, Pre-irrad_9_141110/MeasurementNo00503.xls, Pre-irrad_9_141110/MeasurementNo00349.xls, Pre-irrad_9_141110/MeasurementNo00229.xls, Pre-irrad_9_141110/MeasurementNo00534.xls, Pre-irrad_9_141110/MeasurementNo00218.xls, Pre-irrad_9_141110/MeasurementNo00297.xls, Pre-irrad_9_141110/MeasurementNo00432.xls, Pre-irrad_9_141110/MeasurementNo00494.xls, Pre-irrad_9_141110/MeasurementNo00254.xls, Pre-irrad_9_141110/MeasurementNo00381.xls, Pre-irrad_9_141110/MeasurementNo00205.xls, Pre-irrad_9_141110/MeasurementNo00426.xls, Pre-irrad_9_141110/MeasurementNo00332.xls, Pre-irrad_9_141110/MeasurementNo00146.xls, Pre-irrad_9_141110/MeasurementNo00231.xls, Pre-irrad_9_141110/MeasurementNo00447.xls, Pre-irrad_9_141110/MeasurementNo00476.xls, Pre-irrad_9_141110/MeasurementNo00490.xls, Pre-irrad_9_141110/MeasurementNo00275.xls, Pre-irrad_9_141110/MeasurementNo00334.xls, Pre-irrad_9_141110/MeasurementNo00187.xls, Pre-irrad_9_141110/MeasurementNo00531.xls, Pre-irrad_9_141110/MeasurementNo00173.xls, Pre-irrad_9_141110/MeasurementNo00508.xls, Pre-irrad_9_141110/MeasurementNo00326.xls, Pre-irrad_9_141110/MeasurementNo00287.xls, Pre-irrad_9_141110/MeasurementNo00321.xls, Pre-irrad_9_141110/MeasurementNo00525.xls, Pre-irrad_9_141110/MeasurementNo00185.xls, Pre-irrad_9_141110/MeasurementNo00339.xls, Pre-irrad_9_141110/MeasurementNo00413.xls, Pre-irrad_9_141110/MeasurementNo00327.xls, Pre-irrad_9_141110/MeasurementNo00266.xls, Pre-irrad_9_141110/MeasurementNo00401.xls, Pre-irrad_9_141110/MeasurementNo00502.xls, Pre-irrad_9_141110/MeasurementNo00504.xls, Pre-irrad_9_141110/MeasurementNo00250.xls, Pre-irrad_9_141110/MeasurementNo00298.xls, Pre-irrad_9_141110/MeasurementNo00256.xls, Pre-irrad_9_141110/MeasurementNo00294.xls, Pre-irrad_9_141110/MeasurementNo00516.xls, Pre-irrad_9_141110/MeasurementNo00434.xls, Pre-irrad_9_141110/MeasurementNo00496.xls, Pre-irrad_9_141110/MeasurementNo00372.xls, Pre-irrad_9_141110/MeasurementNo00498.xls, Pre-irrad_9_141110/MeasurementNo00543.xls, Pre-irrad_9_141110/MeasurementNo00462.xls, Pre-irrad_9_141110/MeasurementNo00182.xls, Pre-irrad_9_141110/MeasurementNo00542.xls, Pre-irrad_9_141110/MeasurementNo00411.xls, Pre-irrad_9_141110/MeasurementNo00224.xls, Pre-irrad_9_141110/MeasurementNo00150.xls, Pre-irrad_9_141110/MeasurementNo00148.xls, Pre-irrad_9_141110/MeasurementNo00350.xls, Pre-irrad_9_141110/MeasurementNo00364.xls, Pre-irrad_9_141110/MeasurementNo00471.xls, Pre-irrad_9_141110/MeasurementNo00480.xls, Pre-irrad_9_141110/MeasurementNo00396.xls, Pre-irrad_9_141110/MeasurementNo00233.xls, Pre-irrad_9_141110/MeasurementNo00347.xls, Pre-irrad_9_141110/MeasurementNo00486.xls, Pre-irrad_9_141110/MeasurementNo00277.xls, Pre-irrad_9_141110/MeasurementNo00303.xls, Pre-irrad_9_141110/MeasurementNo00378.xls, Pre-irrad_9_141110/MeasurementNo00492.xls, Pre-irrad_9_141110/MeasurementNo00196.xls, Pre-irrad_9_141110/MeasurementNo00252.xls, Pre-irrad_9_141110/MeasurementNo00271.xls, Pre-irrad_9_141110/MeasurementNo00190.xls, Pre-irrad_9_141110/MeasurementNo00441.xls, Pre-irrad_9_141110/MeasurementNo00474.xls, Pre-irrad_9_141110/MeasurementNo00209.xls, Pre-irrad_9_141110/MeasurementNo00383.xls, Pre-irrad_9_141110/MeasurementNo00406.xls, Pre-irrad_9_141110/MeasurementNo00237.xls, Pre-irrad_9_141110/MeasurementNo00162.xls, Pre-irrad_9_141110/MeasurementNo00245.xls, Pre-irrad_9_141110/MeasurementNo00520.xls, Pre-irrad_9_141110/MeasurementNo00242.xls, Pre-irrad_9_141110/MeasurementNo00489.xls, Pre-irrad_9_141110/MeasurementNo00336.xls, Pre-irrad_9_141110/MeasurementNo00397.xls, Pre-irrad_9_141110/MeasurementNo00264.xls, Pre-irrad_9_141110/MeasurementNo00361.xls, Pre-irrad_9_141110/MeasurementNo00433.xls, Pre-irrad_9_141110/MeasurementNo00282.xls, Pre-irrad_9_141110/MeasurementNo00244.xls, Pre-irrad_9_141110/MeasurementNo00487.xls, Pre-irrad_9_141110/MeasurementNo00172.xls, Pre-irrad_9_141110/MeasurementNo00501.xls, Pre-irrad_9_141110/MeasurementNo00423.xls, Pre-irrad_9_141110/MeasurementNo00179.xls, Pre-irrad_9_141110/MeasurementNo00348.xls, Pre-irrad_9_141110/MeasurementNo00186.xls, Pre-irrad_9_141110/MeasurementNo00377.xls, Pre-irrad_9_141110/MeasurementNo00280.xls, Pre-irrad_9_141110/MeasurementNo00535.xls, Pre-irrad_9_141110/MeasurementNo00167.xls, Pre-irrad_9_141110/MeasurementNo00324.xls, Pre-irrad_9_141110/MeasurementNo00424.xls, Pre-irrad_9_141110/MeasurementNo00388.xls, Pre-irrad_9_141110/MeasurementNo00161.xls, Pre-irrad_9_141110/MeasurementNo00155.xls, Pre-irrad_9_141110/MeasurementNo00345.xls, Pre-irrad_9_141110/MeasurementNo00390.xls, Pre-irrad_9_141110/MeasurementNo00207.xls, Pre-irrad_9_141110/MeasurementNo00322.xls, Pre-irrad_9_141110/MeasurementNo00371.xls, Pre-irrad_9_141110/MeasurementNo00293.xls, Pre-irrad_9_141110/MeasurementNo00405.xls, Pre-irrad_9_141110/MeasurementNo00152.xls, Pre-irrad_9_141110/MeasurementNo00379.xls, Pre-irrad_9_141110/MeasurementNo00536.xls, Pre-irrad_9_141110/MeasurementNo00220.xls, Pre-irrad_9_141110/MeasurementNo00171.xls, Pre-irrad_9_141110/MeasurementNo00154.xls, Pre-irrad_9_141110/MeasurementNo00522.xls, Pre-irrad_9_141110/MeasurementNo00235.xls, Pre-irrad_9_141110/MeasurementNo00310.xls, Pre-irrad_9_141110/MeasurementNo00168.xls, Pre-irrad_9_141110/MeasurementNo00359.xls, Pre-irrad_9_141110/MeasurementNo00400.xls, Pre-irrad_9_141110/MeasurementNo00262.xls, Pre-irrad_9_141110/MeasurementNo00541.xls, Pre-irrad_9_141110/MeasurementNo00547.xls, Pre-irrad_9_141110/MeasurementNo00444.xls, Pre-irrad_9_141110/MeasurementNo00436.xls, Pre-irrad_9_141110/MeasurementNo00273.xls, Pre-irrad_9_141110/MeasurementNo00230.xls, Pre-irrad_9_141110/MeasurementNo00260.xls, Pre-irrad_9_141110/MeasurementNo00292.xls, Pre-irrad_9_141110/MeasurementNo00228.xls, Pre-irrad_9_141110/MeasurementNo00284.xls, Pre-irrad_9_141110/MeasurementNo00374.xls, Pre-irrad_9_141110/MeasurementNo00527.xls, Pre-irrad_9_141110/MeasurementNo00514.xls, Pre-irrad_9_141110/MeasurementNo00407.xls, Pre-irrad_9_141110/MeasurementNo00451.xls, Pre-irrad_9_141110/MeasurementNo00412.xls, Pre-irrad_9_141110/MeasurementNo00360.xls, Pre-irrad_9_141110/MeasurementNo00267.xls, Pre-irrad_9_141110/MeasurementNo00495.xls, Pre-irrad_9_141110/MeasurementNo00343.xls, Pre-irrad_9_141110/MeasurementNo00470.xls, Pre-irrad_9_141110/MeasurementNo00247.xls, Pre-irrad_9_141110/MeasurementNo00428.xls, Pre-irrad_9_141110/MeasurementNo00375.xls, Pre-irrad_9_141110/MeasurementNo00395.xls, Pre-irrad_9_141110/MeasurementNo00538.xls, Pre-irrad_9_141110/MeasurementNo00222.xls, Pre-irrad_9_141110/MeasurementNo00358.xls, Pre-irrad_9_141110/MeasurementNo00485.xls, Pre-irrad_9_141110/MeasurementNo00295.xls, Pre-irrad_9_141110/MeasurementNo00305.xls, Pre-irrad_9_141110/MeasurementNo00241.xls, Pre-irrad_9_141110/MeasurementNo00414.xls, Pre-irrad_9_141110/MeasurementNo00449.xls, Pre-irrad_9_141110/MeasurementNo00234.xls, Pre-irrad_9_141110/MeasurementNo00464.xls, Pre-irrad_9_141110/MeasurementNo00409.xls, Pre-irrad_9_141110/MeasurementNo00156.xls, Pre-irrad_9_141110/MeasurementNo00473.xls, Pre-irrad_9_141110/MeasurementNo00512.xls, Pre-irrad_9_141110/MeasurementNo00178.xls, Pre-irrad_9_141110/MeasurementNo00385.xls, Pre-irrad_9_141110/MeasurementNo00215.xls, Pre-irrad_9_141110/MeasurementNo00192.xls, Pre-irrad_9_141110/MeasurementNo00373.xls, Pre-irrad_9_141110/MeasurementNo00232.xls, Pre-irrad_9_141110/MeasurementNo00213.xls, Pre-irrad_9_141110/MeasurementNo00320.xls, Pre-irrad_9_141110/MeasurementNo00279.xls, Pre-irrad_9_141110/MeasurementNo00184.xls, Pre-irrad_9_141110/MeasurementNo00203.xls, Pre-irrad_9_141110/MeasurementNo00329.xls, Pre-irrad_9_141110/MeasurementNo00239.xls, Pre-irrad_9_141110/MeasurementNo00518.xls, Pre-irrad_9_141110/MeasurementNo00524.xls, Pre-irrad_9_141110/MeasurementNo00176.xls, Pre-irrad_9_141110/MeasurementNo00500.xls, Pre-irrad_9_141110/MeasurementNo00337.xls, Pre-irrad_9_141110/MeasurementNo00318.xls, Pre-irrad_9_141110/MeasurementNo00263.xls, Pre-irrad_9_141110/MeasurementNo00435.xls, Pre-irrad_9_141110/MeasurementNo00283.xls, Pre-irrad_9_141110/MeasurementNo00356.xls, Pre-irrad_9_141110/MeasurementNo00198.xls, Pre-irrad_9_141110/MeasurementNo00253.xls, Pre-irrad_9_141110/MeasurementNo00468.xls, Pre-irrad_9_141110/MeasurementNo00159.xls, Pre-irrad_9_141110/MeasurementNo00342.xls, Pre-irrad_9_141110/MeasurementNo00459.xls, Pre-irrad_9_141110/MeasurementNo00163.xls, Pre-irrad_9_141110/MeasurementNo00438.xls, Pre-irrad_9_141110/MeasurementNo00493.xls, Pre-irrad_9_141110/MeasurementNo00238.xls, Pre-irrad_9_141110/MeasurementNo00419.xls, Pre-irrad_9_141110/MeasurementNo00290.xls, Pre-irrad_9_141110/MeasurementNo00351.xls, Pre-irrad_9_141110/MeasurementNo00341.xls, Pre-irrad_9_141110/MeasurementNo00549.xls, Pre-irrad_9_141110/MeasurementNo00177.xls, Pre-irrad_9_141110/MeasurementNo00465.xls, Pre-irrad_9_141110/MeasurementNo00544.xls, Pre-irrad_9_141110/MeasurementNo00269.xls, Pre-irrad_9_141110/MeasurementNo00384.xls, Pre-irrad_9_141110/MeasurementNo00363.xls, Pre-irrad_9_141110/MeasurementNo00398.xls, Pre-irrad_9_141110/MeasurementNo00333.xls, Pre-irrad_9_141110/MeasurementNo00309.xls, Pre-irrad_9_141110/MeasurementNo00335.xls, Pre-irrad_9_141110/MeasurementNo00340.xls, Pre-irrad_9_141110/MeasurementNo00445.xls, Pre-irrad_9_141110/MeasurementNo00410.xls, Pre-irrad_9_141110/MeasurementNo00314.xls, Pre-irrad_9_141110/MeasurementNo00197.xls, Pre-irrad_9_141110/MeasurementNo00404.xls, Pre-irrad_9_141110/MeasurementNo00440.xls, Pre-irrad_9_141110/MeasurementNo00188.xls, Pre-irrad_9_141110/MeasurementNo00243.xls, Pre-irrad_9_141110/MeasurementNo00425.xls, Pre-irrad_9_141110/MeasurementNo00506.xls, Pre-irrad_9_141110/MeasurementNo00481.xls, Pre-irrad_9_141110/MeasurementNo00443.xls, Pre-irrad_9_141110/MeasurementNo00236.xls, Pre-irrad_9_141110/MeasurementNo00191.xls, Pre-irrad_9_141110/MeasurementNo00199.xls, Pre-irrad_9_141110/MeasurementNo00507.xls, Pre-irrad_9_141110/MeasurementNo00272.xls, Pre-irrad_9_141110/MeasurementNo00354.xls, Pre-irrad_9_141110/MeasurementNo00278.xls, Pre-irrad_9_141110/MeasurementNo00251.xls, Pre-irrad_9_141110/MeasurementNo00160.xls, Pre-irrad_9_141110/MeasurementNo00325.xls, Pre-irrad_9_141110/MeasurementNo00458.xls, Pre-irrad_9_141110/MeasurementNo00417.xls, Pre-irrad_9_141110/MeasurementNo00394.xls, Pre-irrad_9_141110/MeasurementNo00331.xls, Pre-irrad_9_141110/MeasurementNo00257.xls, Pre-irrad_9_141110/MeasurementNo00151.xls, Pre-irrad_9_141110/MeasurementNo00479.xls, Pre-irrad_9_141110/MeasurementNo00344.xls, Pre-irrad_9_141110/MeasurementNo00248.xls, Pre-irrad_9_141110/MeasurementNo00219.xls, Pre-irrad_9_141110/MeasurementNo00300.xls, Pre-irrad_9_141110/MeasurementNo00288.xls, Pre-irrad_9_141110/MeasurementNo00307.xls, Pre-irrad_9_141110/MeasurementNo00226.xls, Pre-irrad_9_141110/MeasurementNo00301.xls, Pre-irrad_9_141110/MeasurementNo00180.xls, Pre-irrad_9_141110/MeasurementNo00194.xls, Pre-irrad_9_141110/MeasurementNo00225.xls, Pre-irrad_9_141110/MeasurementNo00200.xls, Pre-irrad_9_141110/MeasurementNo00510.xls, Pre-irrad_9_141110/MeasurementNo00158.xls, Pre-irrad_9_141110/MeasurementNo00467.xls, Pre-irrad_9_141110/MeasurementNo00511.xls, Pre-irrad_9_141110/MeasurementNo00431.xls, Pre-irrad_9_141110/MeasurementNo00430.xls, Pre-irrad_9_141110/MeasurementNo00276.xls, Pre-irrad_9_141110/MeasurementNo00540.xls, Pre-irrad_9_141110/MeasurementNo00153.xls, Pre-irrad_9_141110/MeasurementNo00270.xls, Pre-irrad_9_141110/MeasurementNo00523.xls, Pre-irrad_9_141110/MeasurementNo00427.xls, Pre-irrad_9_141110/MeasurementNo00227.xls, Pre-irrad_9_141110/MeasurementNo00281.xls, Pre-irrad_9_141110/MeasurementNo00442.xls, Pre-irrad_9_141110/MeasurementNo00311.xls, Pre-irrad_9_141110/MeasurementNo00448.xls, Pre-irrad_9_141110/MeasurementNo00484.xls, Pre-irrad_9_141110/MeasurementNo00478.xls, Pre-irrad_9_141110/MeasurementNo00537.xls, Pre-irrad_9_141110/MeasurementNo00386.xls, Pre-irrad_9_141110/MeasurementNo00499.xls, Pre-irrad_9_141110/MeasurementNo00195.xls, Pre-irrad_9_141110/MeasurementNo00147.xls, Pre-irrad_9_141110/MeasurementNo00175.xls, Pre-irrad_9_141110/MeasurementNo00261.xls, Pre-irrad_9_141110/MeasurementNo00546.xls, Pre-irrad_9_141110/MeasurementNo00317.xls, Pre-irrad_9_141110/MeasurementNo00483.xls, Pre-irrad_9_141110/MeasurementNo00157.xls, Pre-irrad_9_141110/MeasurementNo00165.xls
ls6500.fillSampleMsmts: initial,final sampleMsmts length 0 , 104
ls6500.fillSampleMsmts: Samples in fillSampleMsmts 0050_1F11 0050_1F13 0050_1F16 0050_1R11 0050_1R13 0050_1R16 0050_2F11 0050_2F13 0050_2F16 0050_2R11 0050_2R13 0050_2R16 0050_3F11 0050_3F13 0050_3F16 0050_3R11 0050_3R13 0050_3R16 0050_4F11 0050_4F13 0050_4F16 0050_4R11 0050_4R13 0050_4R16 0050_FPMT 0050_REF1 0050_REF2 0050_RPMT 0100_1F15 0100_1F22 0100_1F27 0100_1R15 0100_1R22 0100_1R27 0100_2F15 0100_2F22 0100_2F27 0100_2R15 0100_2R22 0100_2R27 0100_3F15 0100_3F22 0100_3R15 0100_3R22 0100_4F15 0100_4F22 0100_4R15 0100_4R22 0100_REF1 0100_REF2 0140_1F23 0140_1F31 0140_1R23 0140_1R31 0140_2F23 0140_2F31 0140_2R23 0140_2R31 0140_3F23 0140_3R23 0140_4F23 0140_4R23 0140_REF1 0140_REF2 1000_1F34 1000_1F36 1000_1F37 1000_1R34 1000_1R36 1000_1R37 1000_2F34 1000_2F36 1000_2F37 1000_2R34 1000_2R36 1000_2R37 1000_3F34 1000_3F37 1000_3R34 1000_3R37 1000_4F34 1000_4F37 1000_4R34 1000_4R37 1000_REF1 1000_REF2 EMPTY_S10_Position10 EMPTY_S11_Position11 EMPTY_S12_Position12 EMPTY_S13_Position01 EMPTY_S13_Position03 EMPTY_S14_Position01 EMPTY_S14_Position04 EMPTY_S15_Position01 EMPTY_S15_Position05 EMPTY_S3_Position03 EMPTY_S4_Position04 EMPTY_S5_Position05 EMPTY_S6_Position06 EMPTY_S7_Position07 EMPTY_S8_Position08 EMPTY_S9_Position09 STD_14_C STD_3_H 
Tray_Position S1_Position01 Number of `no vial` to this position 0
ls6500.Main: get measurement from /Users/djaffe/work/GIT/LINDSEY/TechMaturation2014/LS6500/Pre-irrad_9_141110/MeasurementNo00001.xls
ls6500.Main: get measurement from /Users/djaffe/work/GIT/LINDSEY/TechMaturation2014/LS6500/Pre-irrad_9_141110/MeasurementNo00106.xls
ls6500.Main: get measurement from /Users/djaffe/work/GIT/LINDSEY/TechMaturation2014/LS6500/Pre-irrad_9_141110/MeasurementNo00212.xls
ls6500.Main: get measurement from /Users/djaffe/work/GIT/LINDSEY/TechMaturation2014/LS6500/Pre-irrad_9_141110/MeasurementNo00317.xls
ls6500.Main: get measurement from /Users/djaffe/work/GIT/LINDSEY/TechMaturation2014/LS6500/Pre-irrad_9_141110/MeasurementNo00422.xls
ls6500.Main: get measurement from /Users/djaffe/work/GIT/LINDSEY/TechMaturation2014/LS6500/Pre-irrad_9_141110/MeasurementNo00527.xls
Tray_Position S1_Position02 Number of `no vial` to this position 0
ls6500.Main: get measurement from /Users/djaffe/work/GIT/LINDSEY/TechMaturation2014/LS6500/Pre-irrad_9_141110/MeasurementNo00002.xls
ls6500.Main: get measurement from /Users/djaffe/work/GIT/LINDSEY/TechMaturation2014/LS6500/Pre-irrad_9_141110/MeasurementNo00107.xls
ls6500.Main: get measurement from /Users/djaffe/work/GIT/LINDSEY/TechMaturation2014/LS6500/Pre-irrad_9_141110/MeasurementNo00213.xls
ls6500.Main: get measurement from /Users/djaffe/work/GIT/LINDSEY/TechMaturation2014/LS6500/Pre-irrad_9_141110/MeasurementNo00318.xls
ls6500.Main: get measurement from /Users/djaffe/work/GIT/LINDSEY/TechMaturation2014/LS6500/Pre-irrad_9_141110/MeasurementNo00423.xls
ls6500.Main: get measurement from /Users/djaffe/work/GIT/LINDSEY/TechMaturation2014/LS6500/Pre-irrad_9_141110/MeasurementNo00528.xls
Tray_Position S1_Position04 Number of `no vial` to this position 1
ls6500.Main: get measurement from /Users/djaffe/work/GIT/LINDSEY/TechMaturation2014/LS6500/Pre-irrad_9_141110/MeasurementNo00003.xls
ls6500.Main: get measurement from /Users/djaffe/work/GIT/LINDSEY/TechMaturation2014/LS6500/Pre-irrad_9_141110/MeasurementNo00108.xls
ls6500.Main: get measurement from /Users/djaffe/work/GIT/LINDSEY/TechMaturation2014/LS6500/Pre-irrad_9_141110/MeasurementNo00214.xls
ls6500.Main: get measurement from /Users/djaffe/work/GIT/LINDSEY/TechMaturation2014/LS6500/Pre-irrad_9_141110/MeasurementNo00319.xls
ls6500.Main: get measurement from /Users/djaffe/work/GIT/LINDSEY/TechMaturation2014/LS6500/Pre-irrad_9_141110/MeasurementNo00424.xls
ls6500.Main: get measurement from /Users/djaffe/work/GIT/LINDSEY/TechMaturation2014/LS6500/Pre-irrad_9_141110/MeasurementNo00529.xls
Tray_Position S1_Position06 Number of `no vial` to this position 2
ls6500.Main: get measurement from /Users/djaffe/work/GIT/LINDSEY/TechMaturation2014/LS6500/Pre-irrad_9_141110/MeasurementNo00004.xls
ls6500.Main: get measurement from /Users/djaffe/work/GIT/LINDSEY/TechMaturation2014/LS6500/Pre-irrad_9_141110/MeasurementNo00109.xls
ls6500.Main: get measurement from /Users/djaffe/work/GIT/LINDSEY/TechMaturation2014/LS6500/Pre-irrad_9_141110/MeasurementNo00215.xls
ls6500.Main: get measurement from /Users/djaffe/work/GIT/LINDSEY/TechMaturation2014/LS6500/Pre-irrad_9_141110/MeasurementNo00320.xls
ls6500.Main: get measurement from /Users/djaffe/work/GIT/LINDSEY/TechMaturation2014/LS6500/Pre-irrad_9_141110/MeasurementNo00425.xls
ls6500.Main: get measurement from /Users/djaffe/work/GIT/LINDSEY/TechMaturation2014/LS6500/Pre-irrad_9_141110/MeasurementNo00530.xls
Tray_Position S1_Position08 Number of `no vial` to this position 3
ls6500.Main: get measurement from /Users/djaffe/work/GIT/LINDSEY/TechMaturation2014/LS6500/Pre-irrad_9_141110/MeasurementNo00005.xls
ls6500.Main: get measurement from /Users/djaffe/work/GIT/LINDSEY/TechMaturation2014/LS6500/Pre-irrad_9_141110/MeasurementNo00110.xls
ls6500.Main: get measurement from /Users/djaffe/work/GIT/LINDSEY/TechMaturation2014/LS6500/Pre-irrad_9_141110/MeasurementNo00216.xls
ls6500.Main: get measurement from /Users/djaffe/work/GIT/LINDSEY/TechMaturation2014/LS6500/Pre-irrad_9_141110/MeasurementNo00321.xls
ls6500.Main: get measurement from /Users/djaffe/work/GIT/LINDSEY/TechMaturation2014/LS6500/Pre-irrad_9_141110/MeasurementNo00426.xls
ls6500.Main: get measurement from /Users/djaffe/work/GIT/LINDSEY/TechMaturation2014/LS6500/Pre-irrad_9_141110/MeasurementNo00531.xls
Tray_Position S1_Position10 Number of `no vial` to this position 4
ls6500.Main: get measurement from /Users/djaffe/work/GIT/LINDSEY/TechMaturation2014/LS6500/Pre-irrad_9_141110/MeasurementNo00006.xls
ls6500.Main: get measurement from /Users/djaffe/work/GIT/LINDSEY/TechMaturation2014/LS6500/Pre-irrad_9_141110/MeasurementNo00111.xls
ls6500.Main: get measurement from /Users/djaffe/work/GIT/LINDSEY/TechMaturation2014/LS6500/Pre-irrad_9_141110/MeasurementNo00217.xls
ls6500.Main: get measurement from /Users/djaffe/work/GIT/LINDSEY/TechMaturation2014/LS6500/Pre-irrad_9_141110/MeasurementNo00322.xls
ls6500.Main: get measurement from /Users/djaffe/work/GIT/LINDSEY/TechMaturation2014/LS6500/Pre-irrad_9_141110/MeasurementNo00427.xls
ls6500.Main: get measurement from /Users/djaffe/work/GIT/LINDSEY/TechMaturation2014/LS6500/Pre-irrad_9_141110/MeasurementNo00532.xls
Tray_Position S1_Position12 Number of `no vial` to this position 5
ls6500.Main: get measurement from /Users/djaffe/work/GIT/LINDSEY/TechMaturation2014/LS6500/Pre-irrad_9_141110/MeasurementNo00007.xls
ls6500.Main: get measurement from /Users/djaffe/work/GIT/LINDSEY/TechMaturation2014/LS6500/Pre-irrad_9_141110/MeasurementNo00112.xls
ls6500.Main: get measurement from /Users/djaffe/work/GIT/LINDSEY/TechMaturation2014/LS6500/Pre-irrad_9_141110/MeasurementNo00218.xls
ls6500.Main: get measurement from /Users/djaffe/work/GIT/LINDSEY/TechMaturation2014/LS6500/Pre-irrad_9_141110/MeasurementNo00323.xls
ls6500.Main: get measurement from /Users/djaffe/work/GIT/LINDSEY/TechMaturation2014/LS6500/Pre-irrad_9_141110/MeasurementNo00428.xls
ls6500.Main: get measurement from /Users/djaffe/work/GIT/LINDSEY/TechMaturation2014/LS6500/Pre-irrad_9_141110/MeasurementNo00533.xls
Tray_Position S2_Position02 Number of `no vial` to this position 6
ls6500.Main: get measurement from /Users/djaffe/work/GIT/LINDSEY/TechMaturation2014/LS6500/Pre-irrad_9_141110/MeasurementNo00008.xls
ls6500.Main: get measurement from /Users/djaffe/work/GIT/LINDSEY/TechMaturation2014/LS6500/Pre-irrad_9_141110/MeasurementNo00113.xls
ls6500.Main: get measurement from /Users/djaffe/work/GIT/LINDSEY/TechMaturation2014/LS6500/Pre-irrad_9_141110/MeasurementNo00219.xls
ls6500.Main: get measurement from /Users/djaffe/work/GIT/LINDSEY/TechMaturation2014/LS6500/Pre-irrad_9_141110/MeasurementNo00324.xls
ls6500.Main: get measurement from /Users/djaffe/work/GIT/LINDSEY/TechMaturation2014/LS6500/Pre-irrad_9_141110/MeasurementNo00429.xls
ls6500.Main: get measurement from /Users/djaffe/work/GIT/LINDSEY/TechMaturation2014/LS6500/Pre-irrad_9_141110/MeasurementNo00534.xls
Tray_Position S2_Position03 Number of `no vial` to this position 6
ls6500.Main: get measurement from /Users/djaffe/work/GIT/LINDSEY/TechMaturation2014/LS6500/Pre-irrad_9_141110/MeasurementNo00009.xls
ls6500.Main: get measurement from /Users/djaffe/work/GIT/LINDSEY/TechMaturation2014/LS6500/Pre-irrad_9_141110/MeasurementNo00114.xls
ls6500.Main: get measurement from /Users/djaffe/work/GIT/LINDSEY/TechMaturation2014/LS6500/Pre-irrad_9_141110/MeasurementNo00220.xls
ls6500.Main: get measurement from /Users/djaffe/work/GIT/LINDSEY/TechMaturation2014/LS6500/Pre-irrad_9_141110/MeasurementNo00325.xls
ls6500.Main: get measurement from /Users/djaffe/work/GIT/LINDSEY/TechMaturation2014/LS6500/Pre-irrad_9_141110/MeasurementNo00430.xls
ls6500.Main: get measurement from /Users/djaffe/work/GIT/LINDSEY/TechMaturation2014/LS6500/Pre-irrad_9_141110/MeasurementNo00535.xls
Tray_Position S2_Position05 Number of `no vial` to this position 7
ls6500.Main: get measurement from /Users/djaffe/work/GIT/LINDSEY/TechMaturation2014/LS6500/Pre-irrad_9_141110/MeasurementNo00010.xls
ls6500.Main: get measurement from /Users/djaffe/work/GIT/LINDSEY/TechMaturation2014/LS6500/Pre-irrad_9_141110/MeasurementNo00115.xls
ls6500.Main: get measurement from /Users/djaffe/work/GIT/LINDSEY/TechMaturation2014/LS6500/Pre-irrad_9_141110/MeasurementNo00221.xls
ls6500.Main: get measurement from /Users/djaffe/work/GIT/LINDSEY/TechMaturation2014/LS6500/Pre-irrad_9_141110/MeasurementNo00326.xls
ls6500.Main: get measurement from /Users/djaffe/work/GIT/LINDSEY/TechMaturation2014/LS6500/Pre-irrad_9_141110/MeasurementNo00431.xls
ls6500.Main: get measurement from /Users/djaffe/work/GIT/LINDSEY/TechMaturation2014/LS6500/Pre-irrad_9_141110/MeasurementNo00536.xls
Tray_Position S2_Position07 Number of `no vial` to this position 8
ls6500.Main: get measurement from /Users/djaffe/work/GIT/LINDSEY/TechMaturation2014/LS6500/Pre-irrad_9_141110/MeasurementNo00011.xls
ls6500.Main: get measurement from /Users/djaffe/work/GIT/LINDSEY/TechMaturation2014/LS6500/Pre-irrad_9_141110/MeasurementNo00116.xls
ls6500.Main: get measurement from /Users/djaffe/work/GIT/LINDSEY/TechMaturation2014/LS6500/Pre-irrad_9_141110/MeasurementNo00222.xls
ls6500.Main: get measurement from /Users/djaffe/work/GIT/LINDSEY/TechMaturation2014/LS6500/Pre-irrad_9_141110/MeasurementNo00327.xls
ls6500.Main: get measurement from /Users/djaffe/work/GIT/LINDSEY/TechMaturation2014/LS6500/Pre-irrad_9_141110/MeasurementNo00432.xls
ls6500.Main: get measurement from /Users/djaffe/work/GIT/LINDSEY/TechMaturation2014/LS6500/Pre-irrad_9_141110/MeasurementNo00537.xls
Tray_Position S2_Position09 Number of `no vial` to this position 9
ls6500.Main: get measurement from /Users/djaffe/work/GIT/LINDSEY/TechMaturation2014/LS6500/Pre-irrad_9_141110/MeasurementNo00012.xls
ls6500.Main: get measurement from /Users/djaffe/work/GIT/LINDSEY/TechMaturation2014/LS6500/Pre-irrad_9_141110/MeasurementNo00117.xls
ls6500.Main: get measurement from /Users/djaffe/work/GIT/LINDSEY/TechMaturation2014/LS6500/Pre-irrad_9_141110/MeasurementNo00223.xls
ls6500.Main: get measurement from /Users/djaffe/work/GIT/LINDSEY/TechMaturation2014/LS6500/Pre-irrad_9_141110/MeasurementNo00328.xls
ls6500.Main: get measurement from /Users/djaffe/work/GIT/LINDSEY/TechMaturation2014/LS6500/Pre-irrad_9_141110/MeasurementNo00433.xls
ls6500.Main: get measurement from /Users/djaffe/work/GIT/LINDSEY/TechMaturation2014/LS6500/Pre-irrad_9_141110/MeasurementNo00538.xls
Tray_Position S2_Position11 Number of `no vial` to this position 10
ls6500.Main: get measurement from /Users/djaffe/work/GIT/LINDSEY/TechMaturation2014/LS6500/Pre-irrad_9_141110/MeasurementNo00013.xls
ls6500.Main: get measurement from /Users/djaffe/work/GIT/LINDSEY/TechMaturation2014/LS6500/Pre-irrad_9_141110/MeasurementNo00118.xls
ls6500.Main: get measurement from /Users/djaffe/work/GIT/LINDSEY/TechMaturation2014/LS6500/Pre-irrad_9_141110/MeasurementNo00224.xls
ls6500.Main: get measurement from /Users/djaffe/work/GIT/LINDSEY/TechMaturation2014/LS6500/Pre-irrad_9_141110/MeasurementNo00329.xls
ls6500.Main: get measurement from /Users/djaffe/work/GIT/LINDSEY/TechMaturation2014/LS6500/Pre-irrad_9_141110/MeasurementNo00434.xls
ls6500.Main: get measurement from /Users/djaffe/work/GIT/LINDSEY/TechMaturation2014/LS6500/Pre-irrad_9_141110/MeasurementNo00539.xls
Tray_Position S3_Position01 Number of `no vial` to this position 11
ls6500.Main: get measurement from /Users/djaffe/work/GIT/LINDSEY/TechMaturation2014/LS6500/Pre-irrad_9_141110/MeasurementNo00014.xls
ls6500.Main: get measurement from /Users/djaffe/work/GIT/LINDSEY/TechMaturation2014/LS6500/Pre-irrad_9_141110/MeasurementNo00119.xls
ls6500.Main: get measurement from /Users/djaffe/work/GIT/LINDSEY/TechMaturation2014/LS6500/Pre-irrad_9_141110/MeasurementNo00225.xls
ls6500.Main: get measurement from /Users/djaffe/work/GIT/LINDSEY/TechMaturation2014/LS6500/Pre-irrad_9_141110/MeasurementNo00330.xls
ls6500.Main: get measurement from /Users/djaffe/work/GIT/LINDSEY/TechMaturation2014/LS6500/Pre-irrad_9_141110/MeasurementNo00435.xls
ls6500.Main: get measurement from /Users/djaffe/work/GIT/LINDSEY/TechMaturation2014/LS6500/Pre-irrad_9_141110/MeasurementNo00540.xls
Tray_Position S3_Position03 Number of `no vial` to this position 12
ls6500.Main: get measurement from /Users/djaffe/work/GIT/LINDSEY/TechMaturation2014/LS6500/Pre-irrad_9_141110/MeasurementNo00015.xls
ls6500.Main: get measurement from /Users/djaffe/work/GIT/LINDSEY/TechMaturation2014/LS6500/Pre-irrad_9_141110/MeasurementNo00120.xls
ls6500.Main: get measurement from /Users/djaffe/work/GIT/LINDSEY/TechMaturation2014/LS6500/Pre-irrad_9_141110/MeasurementNo00226.xls
ls6500.Main: get measurement from /Users/djaffe/work/GIT/LINDSEY/TechMaturation2014/LS6500/Pre-irrad_9_141110/MeasurementNo00331.xls
ls6500.Main: get measurement from /Users/djaffe/work/GIT/LINDSEY/TechMaturation2014/LS6500/Pre-irrad_9_141110/MeasurementNo00436.xls
ls6500.Main: get measurement from /Users/djaffe/work/GIT/LINDSEY/TechMaturation2014/LS6500/Pre-irrad_9_141110/MeasurementNo00541.xls
Tray_Position S3_Position04 Number of `no vial` to this position 12
ls6500.Main: get measurement from /Users/djaffe/work/GIT/LINDSEY/TechMaturation2014/LS6500/Pre-irrad_9_141110/MeasurementNo00016.xls
ls6500.Main: get measurement from /Users/djaffe/work/GIT/LINDSEY/TechMaturation2014/LS6500/Pre-irrad_9_141110/MeasurementNo00121.xls
ls6500.Main: get measurement from /Users/djaffe/work/GIT/LINDSEY/TechMaturation2014/LS6500/Pre-irrad_9_141110/MeasurementNo00227.xls
ls6500.Main: get measurement from /Users/djaffe/work/GIT/LINDSEY/TechMaturation2014/LS6500/Pre-irrad_9_141110/MeasurementNo00332.xls
ls6500.Main: get measurement from /Users/djaffe/work/GIT/LINDSEY/TechMaturation2014/LS6500/Pre-irrad_9_141110/MeasurementNo00437.xls
ls6500.Main: get measurement from /Users/djaffe/work/GIT/LINDSEY/TechMaturation2014/LS6500/Pre-irrad_9_141110/MeasurementNo00542.xls
Tray_Position S3_Position06 Number of `no vial` to this position 13
ls6500.Main: get measurement from /Users/djaffe/work/GIT/LINDSEY/TechMaturation2014/LS6500/Pre-irrad_9_141110/MeasurementNo00017.xls
ls6500.Main: get measurement from /Users/djaffe/work/GIT/LINDSEY/TechMaturation2014/LS6500/Pre-irrad_9_141110/MeasurementNo00122.xls
ls6500.Main: get measurement from /Users/djaffe/work/GIT/LINDSEY/TechMaturation2014/LS6500/Pre-irrad_9_141110/MeasurementNo00228.xls
ls6500.Main: get measurement from /Users/djaffe/work/GIT/LINDSEY/TechMaturation2014/LS6500/Pre-irrad_9_141110/MeasurementNo00333.xls
ls6500.Main: get measurement from /Users/djaffe/work/GIT/LINDSEY/TechMaturation2014/LS6500/Pre-irrad_9_141110/MeasurementNo00438.xls
ls6500.Main: get measurement from /Users/djaffe/work/GIT/LINDSEY/TechMaturation2014/LS6500/Pre-irrad_9_141110/MeasurementNo00543.xls
Tray_Position S3_Position08 Number of `no vial` to this position 14
ls6500.Main: get measurement from /Users/djaffe/work/GIT/LINDSEY/TechMaturation2014/LS6500/Pre-irrad_9_141110/MeasurementNo00018.xls
ls6500.Main: get measurement from /Users/djaffe/work/GIT/LINDSEY/TechMaturation2014/LS6500/Pre-irrad_9_141110/MeasurementNo00123.xls
ls6500.Main: get measurement from /Users/djaffe/work/GIT/LINDSEY/TechMaturation2014/LS6500/Pre-irrad_9_141110/MeasurementNo00229.xls
ls6500.Main: get measurement from /Users/djaffe/work/GIT/LINDSEY/TechMaturation2014/LS6500/Pre-irrad_9_141110/MeasurementNo00334.xls
ls6500.Main: get measurement from /Users/djaffe/work/GIT/LINDSEY/TechMaturation2014/LS6500/Pre-irrad_9_141110/MeasurementNo00439.xls
ls6500.Main: get measurement from /Users/djaffe/work/GIT/LINDSEY/TechMaturation2014/LS6500/Pre-irrad_9_141110/MeasurementNo00544.xls
Tray_Position S3_Position10 Number of `no vial` to this position 15
ls6500.Main: get measurement from /Users/djaffe/work/GIT/LINDSEY/TechMaturation2014/LS6500/Pre-irrad_9_141110/MeasurementNo00019.xls
ls6500.Main: get measurement from /Users/djaffe/work/GIT/LINDSEY/TechMaturation2014/LS6500/Pre-irrad_9_141110/MeasurementNo00124.xls
ls6500.Main: get measurement from /Users/djaffe/work/GIT/LINDSEY/TechMaturation2014/LS6500/Pre-irrad_9_141110/MeasurementNo00230.xls
ls6500.Main: get measurement from /Users/djaffe/work/GIT/LINDSEY/TechMaturation2014/LS6500/Pre-irrad_9_141110/MeasurementNo00335.xls
ls6500.Main: get measurement from /Users/djaffe/work/GIT/LINDSEY/TechMaturation2014/LS6500/Pre-irrad_9_141110/MeasurementNo00440.xls
ls6500.Main: get measurement from /Users/djaffe/work/GIT/LINDSEY/TechMaturation2014/LS6500/Pre-irrad_9_141110/MeasurementNo00545.xls
Tray_Position S3_Position12 Number of `no vial` to this position 16
ls6500.Main: get measurement from /Users/djaffe/work/GIT/LINDSEY/TechMaturation2014/LS6500/Pre-irrad_9_141110/MeasurementNo00020.xls
ls6500.Main: get measurement from /Users/djaffe/work/GIT/LINDSEY/TechMaturation2014/LS6500/Pre-irrad_9_141110/MeasurementNo00125.xls
ls6500.Main: get measurement from /Users/djaffe/work/GIT/LINDSEY/TechMaturation2014/LS6500/Pre-irrad_9_141110/MeasurementNo00231.xls
ls6500.Main: get measurement from /Users/djaffe/work/GIT/LINDSEY/TechMaturation2014/LS6500/Pre-irrad_9_141110/MeasurementNo00336.xls
ls6500.Main: get measurement from /Users/djaffe/work/GIT/LINDSEY/TechMaturation2014/LS6500/Pre-irrad_9_141110/MeasurementNo00441.xls
ls6500.Main: get measurement from /Users/djaffe/work/GIT/LINDSEY/TechMaturation2014/LS6500/Pre-irrad_9_141110/MeasurementNo00546.xls
Tray_Position S4_Position02 Number of `no vial` to this position 17
ls6500.Main: get measurement from /Users/djaffe/work/GIT/LINDSEY/TechMaturation2014/LS6500/Pre-irrad_9_141110/MeasurementNo00021.xls
ls6500.Main: get measurement from /Users/djaffe/work/GIT/LINDSEY/TechMaturation2014/LS6500/Pre-irrad_9_141110/MeasurementNo00126.xls
ls6500.Main: get measurement from /Users/djaffe/work/GIT/LINDSEY/TechMaturation2014/LS6500/Pre-irrad_9_141110/MeasurementNo00232.xls
ls6500.Main: get measurement from /Users/djaffe/work/GIT/LINDSEY/TechMaturation2014/LS6500/Pre-irrad_9_141110/MeasurementNo00337.xls
ls6500.Main: get measurement from /Users/djaffe/work/GIT/LINDSEY/TechMaturation2014/LS6500/Pre-irrad_9_141110/MeasurementNo00442.xls
ls6500.Main: get measurement from /Users/djaffe/work/GIT/LINDSEY/TechMaturation2014/LS6500/Pre-irrad_9_141110/MeasurementNo00547.xls
Tray_Position S4_Position04 Number of `no vial` to this position 18
ls6500.Main: get measurement from /Users/djaffe/work/GIT/LINDSEY/TechMaturation2014/LS6500/Pre-irrad_9_141110/MeasurementNo00022.xls
ls6500.Main: get measurement from /Users/djaffe/work/GIT/LINDSEY/TechMaturation2014/LS6500/Pre-irrad_9_141110/MeasurementNo00127.xls
ls6500.Main: get measurement from /Users/djaffe/work/GIT/LINDSEY/TechMaturation2014/LS6500/Pre-irrad_9_141110/MeasurementNo00233.xls
ls6500.Main: get measurement from /Users/djaffe/work/GIT/LINDSEY/TechMaturation2014/LS6500/Pre-irrad_9_141110/MeasurementNo00338.xls
ls6500.Main: get measurement from /Users/djaffe/work/GIT/LINDSEY/TechMaturation2014/LS6500/Pre-irrad_9_141110/MeasurementNo00443.xls
ls6500.Main: get measurement from /Users/djaffe/work/GIT/LINDSEY/TechMaturation2014/LS6500/Pre-irrad_9_141110/MeasurementNo00548.xls
Tray_Position S4_Position05 Number of `no vial` to this position 18
ls6500.Main: get measurement from /Users/djaffe/work/GIT/LINDSEY/TechMaturation2014/LS6500/Pre-irrad_9_141110/MeasurementNo00023.xls
ls6500.Main: get measurement from /Users/djaffe/work/GIT/LINDSEY/TechMaturation2014/LS6500/Pre-irrad_9_141110/MeasurementNo00128.xls
ls6500.Main: get measurement from /Users/djaffe/work/GIT/LINDSEY/TechMaturation2014/LS6500/Pre-irrad_9_141110/MeasurementNo00234.xls
ls6500.Main: get measurement from /Users/djaffe/work/GIT/LINDSEY/TechMaturation2014/LS6500/Pre-irrad_9_141110/MeasurementNo00339.xls
ls6500.Main: get measurement from /Users/djaffe/work/GIT/LINDSEY/TechMaturation2014/LS6500/Pre-irrad_9_141110/MeasurementNo00444.xls
ls6500.Main: get measurement from /Users/djaffe/work/GIT/LINDSEY/TechMaturation2014/LS6500/Pre-irrad_9_141110/MeasurementNo00549.xls
Tray_Position S4_Position07 Number of `no vial` to this position 19
ls6500.Main: get measurement from /Users/djaffe/work/GIT/LINDSEY/TechMaturation2014/LS6500/Pre-irrad_9_141110/MeasurementNo00024.xls
ls6500.Main: get measurement from /Users/djaffe/work/GIT/LINDSEY/TechMaturation2014/LS6500/Pre-irrad_9_141110/MeasurementNo00129.xls
ls6500.Main: get measurement from /Users/djaffe/work/GIT/LINDSEY/TechMaturation2014/LS6500/Pre-irrad_9_141110/MeasurementNo00235.xls
ls6500.Main: get measurement from /Users/djaffe/work/GIT/LINDSEY/TechMaturation2014/LS6500/Pre-irrad_9_141110/MeasurementNo00340.xls
ls6500.Main: get measurement from /Users/djaffe/work/GIT/LINDSEY/TechMaturation2014/LS6500/Pre-irrad_9_141110/MeasurementNo00445.xls
Tray_Position S4_Position09 Number of `no vial` to this position 20
ls6500.Main: get measurement from /Users/djaffe/work/GIT/LINDSEY/TechMaturation2014/LS6500/Pre-irrad_9_141110/MeasurementNo00025.xls
ls6500.Main: get measurement from /Users/djaffe/work/GIT/LINDSEY/TechMaturation2014/LS6500/Pre-irrad_9_141110/MeasurementNo00130.xls
ls6500.Main: get measurement from /Users/djaffe/work/GIT/LINDSEY/TechMaturation2014/LS6500/Pre-irrad_9_141110/MeasurementNo00236.xls
ls6500.Main: get measurement from /Users/djaffe/work/GIT/LINDSEY/TechMaturation2014/LS6500/Pre-irrad_9_141110/MeasurementNo00341.xls
ls6500.Main: get measurement from /Users/djaffe/work/GIT/LINDSEY/TechMaturation2014/LS6500/Pre-irrad_9_141110/MeasurementNo00446.xls
Tray_Position S4_Position11 Number of `no vial` to this position 21
ls6500.Main: get measurement from /Users/djaffe/work/GIT/LINDSEY/TechMaturation2014/LS6500/Pre-irrad_9_141110/MeasurementNo00026.xls
ls6500.Main: get measurement from /Users/djaffe/work/GIT/LINDSEY/TechMaturation2014/LS6500/Pre-irrad_9_141110/MeasurementNo00131.xls
ls6500.Main: get measurement from /Users/djaffe/work/GIT/LINDSEY/TechMaturation2014/LS6500/Pre-irrad_9_141110/MeasurementNo00237.xls
ls6500.Main: get measurement from /Users/djaffe/work/GIT/LINDSEY/TechMaturation2014/LS6500/Pre-irrad_9_141110/MeasurementNo00342.xls
ls6500.Main: get measurement from /Users/djaffe/work/GIT/LINDSEY/TechMaturation2014/LS6500/Pre-irrad_9_141110/MeasurementNo00447.xls
Tray_Position S5_Position01 Number of `no vial` to this position 22
ls6500.Main: get measurement from /Users/djaffe/work/GIT/LINDSEY/TechMaturation2014/LS6500/Pre-irrad_9_141110/MeasurementNo00027.xls
ls6500.Main: get measurement from /Users/djaffe/work/GIT/LINDSEY/TechMaturation2014/LS6500/Pre-irrad_9_141110/MeasurementNo00132.xls
ls6500.Main: get measurement from /Users/djaffe/work/GIT/LINDSEY/TechMaturation2014/LS6500/Pre-irrad_9_141110/MeasurementNo00238.xls
ls6500.Main: get measurement from /Users/djaffe/work/GIT/LINDSEY/TechMaturation2014/LS6500/Pre-irrad_9_141110/MeasurementNo00343.xls
ls6500.Main: get measurement from /Users/djaffe/work/GIT/LINDSEY/TechMaturation2014/LS6500/Pre-irrad_9_141110/MeasurementNo00448.xls
Tray_Position S5_Position03 Number of `no vial` to this position 23
ls6500.Main: get measurement from /Users/djaffe/work/GIT/LINDSEY/TechMaturation2014/LS6500/Pre-irrad_9_141110/MeasurementNo00028.xls
ls6500.Main: get measurement from /Users/djaffe/work/GIT/LINDSEY/TechMaturation2014/LS6500/Pre-irrad_9_141110/MeasurementNo00133.xls
ls6500.Main: get measurement from /Users/djaffe/work/GIT/LINDSEY/TechMaturation2014/LS6500/Pre-irrad_9_141110/MeasurementNo00239.xls
ls6500.Main: get measurement from /Users/djaffe/work/GIT/LINDSEY/TechMaturation2014/LS6500/Pre-irrad_9_141110/MeasurementNo00344.xls
ls6500.Main: get measurement from /Users/djaffe/work/GIT/LINDSEY/TechMaturation2014/LS6500/Pre-irrad_9_141110/MeasurementNo00449.xls
Tray_Position S5_Position05 Number of `no vial` to this position 24
ls6500.Main: get measurement from /Users/djaffe/work/GIT/LINDSEY/TechMaturation2014/LS6500/Pre-irrad_9_141110/MeasurementNo00029.xls
ls6500.Main: get measurement from /Users/djaffe/work/GIT/LINDSEY/TechMaturation2014/LS6500/Pre-irrad_9_141110/MeasurementNo00134.xls
ls6500.Main: get measurement from /Users/djaffe/work/GIT/LINDSEY/TechMaturation2014/LS6500/Pre-irrad_9_141110/MeasurementNo00240.xls
ls6500.Main: get measurement from /Users/djaffe/work/GIT/LINDSEY/TechMaturation2014/LS6500/Pre-irrad_9_141110/MeasurementNo00345.xls
ls6500.Main: get measurement from /Users/djaffe/work/GIT/LINDSEY/TechMaturation2014/LS6500/Pre-irrad_9_141110/MeasurementNo00450.xls
Tray_Position S5_Position06 Number of `no vial` to this position 24
ls6500.Main: get measurement from /Users/djaffe/work/GIT/LINDSEY/TechMaturation2014/LS6500/Pre-irrad_9_141110/MeasurementNo00030.xls
ls6500.Main: get measurement from /Users/djaffe/work/GIT/LINDSEY/TechMaturation2014/LS6500/Pre-irrad_9_141110/MeasurementNo00135.xls
ls6500.Main: get measurement from /Users/djaffe/work/GIT/LINDSEY/TechMaturation2014/LS6500/Pre-irrad_9_141110/MeasurementNo00241.xls
ls6500.Main: get measurement from /Users/djaffe/work/GIT/LINDSEY/TechMaturation2014/LS6500/Pre-irrad_9_141110/MeasurementNo00346.xls
ls6500.Main: get measurement from /Users/djaffe/work/GIT/LINDSEY/TechMaturation2014/LS6500/Pre-irrad_9_141110/MeasurementNo00451.xls
Tray_Position S5_Position08 Number of `no vial` to this position 25
ls6500.Main: get measurement from /Users/djaffe/work/GIT/LINDSEY/TechMaturation2014/LS6500/Pre-irrad_9_141110/MeasurementNo00031.xls
ls6500.Main: get measurement from /Users/djaffe/work/GIT/LINDSEY/TechMaturation2014/LS6500/Pre-irrad_9_141110/MeasurementNo00136.xls
ls6500.Main: get measurement from /Users/djaffe/work/GIT/LINDSEY/TechMaturation2014/LS6500/Pre-irrad_9_141110/MeasurementNo00242.xls
ls6500.Main: get measurement from /Users/djaffe/work/GIT/LINDSEY/TechMaturation2014/LS6500/Pre-irrad_9_141110/MeasurementNo00347.xls
ls6500.Main: get measurement from /Users/djaffe/work/GIT/LINDSEY/TechMaturation2014/LS6500/Pre-irrad_9_141110/MeasurementNo00452.xls
Tray_Position S5_Position10 Number of `no vial` to this position 26
ls6500.Main: get measurement from /Users/djaffe/work/GIT/LINDSEY/TechMaturation2014/LS6500/Pre-irrad_9_141110/MeasurementNo00032.xls
ls6500.Main: get measurement from /Users/djaffe/work/GIT/LINDSEY/TechMaturation2014/LS6500/Pre-irrad_9_141110/MeasurementNo00137.xls
ls6500.Main: get measurement from /Users/djaffe/work/GIT/LINDSEY/TechMaturation2014/LS6500/Pre-irrad_9_141110/MeasurementNo00243.xls
ls6500.Main: get measurement from /Users/djaffe/work/GIT/LINDSEY/TechMaturation2014/LS6500/Pre-irrad_9_141110/MeasurementNo00348.xls
ls6500.Main: get measurement from /Users/djaffe/work/GIT/LINDSEY/TechMaturation2014/LS6500/Pre-irrad_9_141110/MeasurementNo00453.xls
Tray_Position S5_Position12 Number of `no vial` to this position 27
ls6500.Main: get measurement from /Users/djaffe/work/GIT/LINDSEY/TechMaturation2014/LS6500/Pre-irrad_9_141110/MeasurementNo00033.xls
ls6500.Main: get measurement from /Users/djaffe/work/GIT/LINDSEY/TechMaturation2014/LS6500/Pre-irrad_9_141110/MeasurementNo00138.xls
ls6500.Main: get measurement from /Users/djaffe/work/GIT/LINDSEY/TechMaturation2014/LS6500/Pre-irrad_9_141110/MeasurementNo00244.xls
ls6500.Main: get measurement from /Users/djaffe/work/GIT/LINDSEY/TechMaturation2014/LS6500/Pre-irrad_9_141110/MeasurementNo00349.xls
ls6500.Main: get measurement from /Users/djaffe/work/GIT/LINDSEY/TechMaturation2014/LS6500/Pre-irrad_9_141110/MeasurementNo00454.xls
Tray_Position S6_Position02 Number of `no vial` to this position 28
ls6500.Main: get measurement from /Users/djaffe/work/GIT/LINDSEY/TechMaturation2014/LS6500/Pre-irrad_9_141110/MeasurementNo00034.xls
ls6500.Main: get measurement from /Users/djaffe/work/GIT/LINDSEY/TechMaturation2014/LS6500/Pre-irrad_9_141110/MeasurementNo00139.xls
ls6500.Main: get measurement from /Users/djaffe/work/GIT/LINDSEY/TechMaturation2014/LS6500/Pre-irrad_9_141110/MeasurementNo00245.xls
ls6500.Main: get measurement from /Users/djaffe/work/GIT/LINDSEY/TechMaturation2014/LS6500/Pre-irrad_9_141110/MeasurementNo00350.xls
ls6500.Main: get measurement from /Users/djaffe/work/GIT/LINDSEY/TechMaturation2014/LS6500/Pre-irrad_9_141110/MeasurementNo00455.xls
Tray_Position S6_Position04 Number of `no vial` to this position 29
ls6500.Main: get measurement from /Users/djaffe/work/GIT/LINDSEY/TechMaturation2014/LS6500/Pre-irrad_9_141110/MeasurementNo00035.xls
ls6500.Main: get measurement from /Users/djaffe/work/GIT/LINDSEY/TechMaturation2014/LS6500/Pre-irrad_9_141110/MeasurementNo00140.xls
ls6500.Main: get measurement from /Users/djaffe/work/GIT/LINDSEY/TechMaturation2014/LS6500/Pre-irrad_9_141110/MeasurementNo00246.xls
ls6500.Main: get measurement from /Users/djaffe/work/GIT/LINDSEY/TechMaturation2014/LS6500/Pre-irrad_9_141110/MeasurementNo00351.xls
ls6500.Main: get measurement from /Users/djaffe/work/GIT/LINDSEY/TechMaturation2014/LS6500/Pre-irrad_9_141110/MeasurementNo00456.xls
Tray_Position S6_Position06 Number of `no vial` to this position 30
ls6500.Main: get measurement from /Users/djaffe/work/GIT/LINDSEY/TechMaturation2014/LS6500/Pre-irrad_9_141110/MeasurementNo00036.xls
ls6500.Main: get measurement from /Users/djaffe/work/GIT/LINDSEY/TechMaturation2014/LS6500/Pre-irrad_9_141110/MeasurementNo00141.xls
ls6500.Main: get measurement from /Users/djaffe/work/GIT/LINDSEY/TechMaturation2014/LS6500/Pre-irrad_9_141110/MeasurementNo00247.xls
ls6500.Main: get measurement from /Users/djaffe/work/GIT/LINDSEY/TechMaturation2014/LS6500/Pre-irrad_9_141110/MeasurementNo00352.xls
ls6500.Main: get measurement from /Users/djaffe/work/GIT/LINDSEY/TechMaturation2014/LS6500/Pre-irrad_9_141110/MeasurementNo00457.xls
Tray_Position S6_Position07 Number of `no vial` to this position 30
ls6500.Main: get measurement from /Users/djaffe/work/GIT/LINDSEY/TechMaturation2014/LS6500/Pre-irrad_9_141110/MeasurementNo00037.xls
ls6500.Main: get measurement from /Users/djaffe/work/GIT/LINDSEY/TechMaturation2014/LS6500/Pre-irrad_9_141110/MeasurementNo00142.xls
ls6500.Main: get measurement from /Users/djaffe/work/GIT/LINDSEY/TechMaturation2014/LS6500/Pre-irrad_9_141110/MeasurementNo00248.xls
ls6500.Main: get measurement from /Users/djaffe/work/GIT/LINDSEY/TechMaturation2014/LS6500/Pre-irrad_9_141110/MeasurementNo00353.xls
ls6500.Main: get measurement from /Users/djaffe/work/GIT/LINDSEY/TechMaturation2014/LS6500/Pre-irrad_9_141110/MeasurementNo00458.xls
Tray_Position S6_Position09 Number of `no vial` to this position 31
ls6500.Main: get measurement from /Users/djaffe/work/GIT/LINDSEY/TechMaturation2014/LS6500/Pre-irrad_9_141110/MeasurementNo00038.xls
ls6500.Main: get measurement from /Users/djaffe/work/GIT/LINDSEY/TechMaturation2014/LS6500/Pre-irrad_9_141110/MeasurementNo00143.xls
ls6500.Main: get measurement from /Users/djaffe/work/GIT/LINDSEY/TechMaturation2014/LS6500/Pre-irrad_9_141110/MeasurementNo00249.xls
ls6500.Main: get measurement from /Users/djaffe/work/GIT/LINDSEY/TechMaturation2014/LS6500/Pre-irrad_9_141110/MeasurementNo00354.xls
ls6500.Main: get measurement from /Users/djaffe/work/GIT/LINDSEY/TechMaturation2014/LS6500/Pre-irrad_9_141110/MeasurementNo00459.xls
Tray_Position S6_Position11 Number of `no vial` to this position 32
ls6500.Main: get measurement from /Users/djaffe/work/GIT/LINDSEY/TechMaturation2014/LS6500/Pre-irrad_9_141110/MeasurementNo00039.xls
ls6500.Main: get measurement from /Users/djaffe/work/GIT/LINDSEY/TechMaturation2014/LS6500/Pre-irrad_9_141110/MeasurementNo00144.xls
ls6500.Main: get measurement from /Users/djaffe/work/GIT/LINDSEY/TechMaturation2014/LS6500/Pre-irrad_9_141110/MeasurementNo00250.xls
ls6500.Main: get measurement from /Users/djaffe/work/GIT/LINDSEY/TechMaturation2014/LS6500/Pre-irrad_9_141110/MeasurementNo00355.xls
ls6500.Main: get measurement from /Users/djaffe/work/GIT/LINDSEY/TechMaturation2014/LS6500/Pre-irrad_9_141110/MeasurementNo00460.xls
Tray_Position S6_Position12 Number of `no vial` to this position 32
ls6500.Main: get measurement from /Users/djaffe/work/GIT/LINDSEY/TechMaturation2014/LS6500/Pre-irrad_9_141110/MeasurementNo00040.xls
ls6500.Main: get measurement from /Users/djaffe/work/GIT/LINDSEY/TechMaturation2014/LS6500/Pre-irrad_9_141110/MeasurementNo00146.xls
ls6500.Main: get measurement from /Users/djaffe/work/GIT/LINDSEY/TechMaturation2014/LS6500/Pre-irrad_9_141110/MeasurementNo00251.xls
ls6500.Main: get measurement from /Users/djaffe/work/GIT/LINDSEY/TechMaturation2014/LS6500/Pre-irrad_9_141110/MeasurementNo00356.xls
ls6500.Main: get measurement from /Users/djaffe/work/GIT/LINDSEY/TechMaturation2014/LS6500/Pre-irrad_9_141110/MeasurementNo00461.xls
Tray_Position S7_Position01 Number of `no vial` to this position 32
ls6500.Main: get measurement from /Users/djaffe/work/GIT/LINDSEY/TechMaturation2014/LS6500/Pre-irrad_9_141110/MeasurementNo00041.xls
ls6500.Main: get measurement from /Users/djaffe/work/GIT/LINDSEY/TechMaturation2014/LS6500/Pre-irrad_9_141110/MeasurementNo00147.xls
ls6500.Main: get measurement from /Users/djaffe/work/GIT/LINDSEY/TechMaturation2014/LS6500/Pre-irrad_9_141110/MeasurementNo00252.xls
ls6500.Main: get measurement from /Users/djaffe/work/GIT/LINDSEY/TechMaturation2014/LS6500/Pre-irrad_9_141110/MeasurementNo00357.xls
ls6500.Main: get measurement from /Users/djaffe/work/GIT/LINDSEY/TechMaturation2014/LS6500/Pre-irrad_9_141110/MeasurementNo00462.xls
Tray_Position S7_Position03 Number of `no vial` to this position 33
ls6500.Main: get measurement from /Users/djaffe/work/GIT/LINDSEY/TechMaturation2014/LS6500/Pre-irrad_9_141110/MeasurementNo00042.xls
ls6500.Main: get measurement from /Users/djaffe/work/GIT/LINDSEY/TechMaturation2014/LS6500/Pre-irrad_9_141110/MeasurementNo00148.xls
ls6500.Main: get measurement from /Users/djaffe/work/GIT/LINDSEY/TechMaturation2014/LS6500/Pre-irrad_9_141110/MeasurementNo00253.xls
ls6500.Main: get measurement from /Users/djaffe/work/GIT/LINDSEY/TechMaturation2014/LS6500/Pre-irrad_9_141110/MeasurementNo00358.xls
ls6500.Main: get measurement from /Users/djaffe/work/GIT/LINDSEY/TechMaturation2014/LS6500/Pre-irrad_9_141110/MeasurementNo00463.xls
Tray_Position S7_Position05 Number of `no vial` to this position 34
ls6500.Main: get measurement from /Users/djaffe/work/GIT/LINDSEY/TechMaturation2014/LS6500/Pre-irrad_9_141110/MeasurementNo00043.xls
