This file is Log/Pre-irrad_2_141024_201411040913_247551.log
initialize ls6500
dataDir /Users/djaffe/work/GIT/LINDSEY/TechMaturation2014/LS6500/Pre-irrad_2_141024/ 
dataSubDir Pre-irrad_2_141024/
initialize spreadsheetReader
ls6500.Main: pickMode put
ls6500.processHeader: Found 192 total samples
ls6500.matchVialMeas: remove summary file MeasurementNo00193.xls from list
ls6500.matchVialMeas: remove summary file MeasurementNo00386.xls from list
ls6500.fillSampleMsmts: initial,final sampleMsmts length 0 , 192
ls6500.fillSampleMsmts: Samples in fillSampleMsmts 0052_2F12 0142_1F26 0142_3R33 0052_3R12 0052_3R14 0052_3R17 0050_FPMT EMPTY_S14_Position01 0100_1R15 0102_1F25 0102_1F21 0140_4R23 0142_2F26 0102_2R25 0100_3F15 0142_3F26 0050_1F11 0142_4F26 0050_1F13 EMPTY_S13_Position01 EMPTY_S13_Position03 0050_1F16 0142_3R26 EMPTY_S8_Position08 1002_3F32 EMPTY_S12_Position12 0142_1R33 0052_4F14 0100_REF1 0100_REF2 0052_4F17 0052_REF1 0052_4F12 0100_4R22 1002_3R32 0140_4R31 1002_2F32 1002_3R35 0052_1F12 0052_1F17 0100_4R27 0052_1F14 0102_2F21 EMPTY_S9_Position09 0102_2F25 1000_2R37 0100_3R15 0140_4F31 0052_4R12 0100_4F22 0052_4R14 0052_REF2 0100_4F27 0052_4R17 1002_1R35 1000_REF1 0100_1F27 1002_1R32 1002_4F32 0142_1R26 1002_4F35 1000_2R36 0142_1F33 1000_2R34 0050_3R16 0140_3F31 0100_2F15 0102_4F25 1002_2F35 EMPTY_S15_Position01 EMPTY_S15_Position05 EMPTY_S5_Position05 1000_3R37 0140_2R31 1000_2F36 1000_2F37 1000_2F34 0100_1F15 0140_1F31 0100_2R15 0142_2R26 0100_2R27 0052_3F14 0052_3F17 0100_2R22 0052_3F12 0102_4R25 0142_2F33 0102_4R21 0140_3F23 0050_4R16 0142_4F33 0050_4R13 0050_4R11 EMPTY_S14_Position04 0102_3R21 0052_2F17 0052_2F14 0102_3R25 0050_REF2 1002_3F35 0142_4R26 0140_4F23 0050_2F16 0140_3R23 0050_2F11 0050_2F13 0142_2R33 0102_4F21 1000_4R34 0140_1F23 1000_4R36 1000_4R37 0100_4R15 0050_2R13 1002_1F32 1002_1F35 0050_REF1 1000_1R37 1000_1R36 1000_1R34 EMPTY_S3_Position03 0100_3R27 0100_3R22 0100_4F15 0140_3R31 0142_4R33 0052_1R17 0052_1R14 0052_1R12 0050_RPMT EMPTY_S6_Position06 EMPTY_S10_Position10 0140_1R31 0102_2R21 STD_3_H 0102_REF2 0050_1R16 0050_1R11 1000_3R34 0050_1R13 1000_3R36 0102_1R21 0140_2F23 0102_1R25 0102_REF1 0050_4F13 1002_2R32 0050_4F11 0050_4F16 1002_2R35 0100_1F22 STD_14_C EMPTY_S11_Position11 1000_3F34 1000_3F37 1000_3F36 0140_REF1 0140_1R23 0100_2F27 0100_3F22 0140_2F31 EMPTY_S7_Position07 0142_3F33 1002_REF1 0140_2R23 0142_REF1 EMPTY_S4_Position04 0100_3F27 0052_2R17 0052_2R14 0102_3F25 0052_2R12 0102_3F21 0050_2R11 1002_4R35 1002_4R32 0050_2R16 0050_3F16 0050_3F13 0050_3F11 1000_4F34 0100_1R27 1000_4F36 1000_4F37 0100_1R22 1000_1F36 0050_3R13 0100_2F22 1000_1F37 0050_3R11 1000_1F34 Tray_Position S1_Position01 Number of `no vial` to this position 0
get measurement from /Users/djaffe/work/GIT/LINDSEY/TechMaturation2014/LS6500/Pre-irrad_2_141024/MeasurementNo00001.xls
get measurement from /Users/djaffe/work/GIT/LINDSEY/TechMaturation2014/LS6500/Pre-irrad_2_141024/MeasurementNo00194.xls
get measurement from /Users/djaffe/work/GIT/LINDSEY/TechMaturation2014/LS6500/Pre-irrad_2_141024/MeasurementNo00387.xls
Tray_Position S1_Position02 Number of `no vial` to this position 0
get measurement from /Users/djaffe/work/GIT/LINDSEY/TechMaturation2014/LS6500/Pre-irrad_2_141024/MeasurementNo00002.xls
get measurement from /Users/djaffe/work/GIT/LINDSEY/TechMaturation2014/LS6500/Pre-irrad_2_141024/MeasurementNo00195.xls
get measurement from /Users/djaffe/work/GIT/LINDSEY/TechMaturation2014/LS6500/Pre-irrad_2_141024/MeasurementNo00388.xls
Tray_Position S1_Position03 Number of `no vial` to this position 0
get measurement from /Users/djaffe/work/GIT/LINDSEY/TechMaturation2014/LS6500/Pre-irrad_2_141024/MeasurementNo00003.xls
get measurement from /Users/djaffe/work/GIT/LINDSEY/TechMaturation2014/LS6500/Pre-irrad_2_141024/MeasurementNo00196.xls
get measurement from /Users/djaffe/work/GIT/LINDSEY/TechMaturation2014/LS6500/Pre-irrad_2_141024/MeasurementNo00389.xls
Tray_Position S1_Position04 Number of `no vial` to this position 0
get measurement from /Users/djaffe/work/GIT/LINDSEY/TechMaturation2014/LS6500/Pre-irrad_2_141024/MeasurementNo00004.xls
get measurement from /Users/djaffe/work/GIT/LINDSEY/TechMaturation2014/LS6500/Pre-irrad_2_141024/MeasurementNo00197.xls
get measurement from /Users/djaffe/work/GIT/LINDSEY/TechMaturation2014/LS6500/Pre-irrad_2_141024/MeasurementNo00390.xls
Tray_Position S1_Position05 Number of `no vial` to this position 0
get measurement from /Users/djaffe/work/GIT/LINDSEY/TechMaturation2014/LS6500/Pre-irrad_2_141024/MeasurementNo00005.xls
get measurement from /Users/djaffe/work/GIT/LINDSEY/TechMaturation2014/LS6500/Pre-irrad_2_141024/MeasurementNo00198.xls
get measurement from /Users/djaffe/work/GIT/LINDSEY/TechMaturation2014/LS6500/Pre-irrad_2_141024/MeasurementNo00391.xls
Tray_Position S1_Position06 Number of `no vial` to this position 0
get measurement from /Users/djaffe/work/GIT/LINDSEY/TechMaturation2014/LS6500/Pre-irrad_2_141024/MeasurementNo00006.xls
get measurement from /Users/djaffe/work/GIT/LINDSEY/TechMaturation2014/LS6500/Pre-irrad_2_141024/MeasurementNo00199.xls
get measurement from /Users/djaffe/work/GIT/LINDSEY/TechMaturation2014/LS6500/Pre-irrad_2_141024/MeasurementNo00392.xls
Tray_Position S1_Position07 Number of `no vial` to this position 0
get measurement from /Users/djaffe/work/GIT/LINDSEY/TechMaturation2014/LS6500/Pre-irrad_2_141024/MeasurementNo00007.xls
get measurement from /Users/djaffe/work/GIT/LINDSEY/TechMaturation2014/LS6500/Pre-irrad_2_141024/MeasurementNo00200.xls
get measurement from /Users/djaffe/work/GIT/LINDSEY/TechMaturation2014/LS6500/Pre-irrad_2_141024/MeasurementNo00393.xls
Tray_Position S1_Position08 Number of `no vial` to this position 0
get measurement from /Users/djaffe/work/GIT/LINDSEY/TechMaturation2014/LS6500/Pre-irrad_2_141024/MeasurementNo00008.xls
get measurement from /Users/djaffe/work/GIT/LINDSEY/TechMaturation2014/LS6500/Pre-irrad_2_141024/MeasurementNo00201.xls
get measurement from /Users/djaffe/work/GIT/LINDSEY/TechMaturation2014/LS6500/Pre-irrad_2_141024/MeasurementNo00394.xls
Tray_Position S1_Position09 Number of `no vial` to this position 0
get measurement from /Users/djaffe/work/GIT/LINDSEY/TechMaturation2014/LS6500/Pre-irrad_2_141024/MeasurementNo00009.xls
get measurement from /Users/djaffe/work/GIT/LINDSEY/TechMaturation2014/LS6500/Pre-irrad_2_141024/MeasurementNo00202.xls
get measurement from /Users/djaffe/work/GIT/LINDSEY/TechMaturation2014/LS6500/Pre-irrad_2_141024/MeasurementNo00395.xls
Tray_Position S1_Position10 Number of `no vial` to this position 0
get measurement from /Users/djaffe/work/GIT/LINDSEY/TechMaturation2014/LS6500/Pre-irrad_2_141024/MeasurementNo00010.xls
get measurement from /Users/djaffe/work/GIT/LINDSEY/TechMaturation2014/LS6500/Pre-irrad_2_141024/MeasurementNo00203.xls
get measurement from /Users/djaffe/work/GIT/LINDSEY/TechMaturation2014/LS6500/Pre-irrad_2_141024/MeasurementNo00396.xls
Tray_Position S1_Position11 Number of `no vial` to this position 0
get measurement from /Users/djaffe/work/GIT/LINDSEY/TechMaturation2014/LS6500/Pre-irrad_2_141024/MeasurementNo00011.xls
get measurement from /Users/djaffe/work/GIT/LINDSEY/TechMaturation2014/LS6500/Pre-irrad_2_141024/MeasurementNo00204.xls
get measurement from /Users/djaffe/work/GIT/LINDSEY/TechMaturation2014/LS6500/Pre-irrad_2_141024/MeasurementNo00397.xls
Tray_Position S1_Position12 Number of `no vial` to this position 0
get measurement from /Users/djaffe/work/GIT/LINDSEY/TechMaturation2014/LS6500/Pre-irrad_2_141024/MeasurementNo00012.xls
get measurement from /Users/djaffe/work/GIT/LINDSEY/TechMaturation2014/LS6500/Pre-irrad_2_141024/MeasurementNo00205.xls
get measurement from /Users/djaffe/work/GIT/LINDSEY/TechMaturation2014/LS6500/Pre-irrad_2_141024/MeasurementNo00398.xls
Tray_Position S2_Position01 Number of `no vial` to this position 0
get measurement from /Users/djaffe/work/GIT/LINDSEY/TechMaturation2014/LS6500/Pre-irrad_2_141024/MeasurementNo00013.xls
get measurement from /Users/djaffe/work/GIT/LINDSEY/TechMaturation2014/LS6500/Pre-irrad_2_141024/MeasurementNo00206.xls
get measurement from /Users/djaffe/work/GIT/LINDSEY/TechMaturation2014/LS6500/Pre-irrad_2_141024/MeasurementNo00399.xls
Tray_Position S2_Position02 Number of `no vial` to this position 0
get measurement from /Users/djaffe/work/GIT/LINDSEY/TechMaturation2014/LS6500/Pre-irrad_2_141024/MeasurementNo00014.xls
get measurement from /Users/djaffe/work/GIT/LINDSEY/TechMaturation2014/LS6500/Pre-irrad_2_141024/MeasurementNo00207.xls
get measurement from /Users/djaffe/work/GIT/LINDSEY/TechMaturation2014/LS6500/Pre-irrad_2_141024/MeasurementNo00400.xls
Tray_Position S2_Position03 Number of `no vial` to this position 0
get measurement from /Users/djaffe/work/GIT/LINDSEY/TechMaturation2014/LS6500/Pre-irrad_2_141024/MeasurementNo00015.xls
get measurement from /Users/djaffe/work/GIT/LINDSEY/TechMaturation2014/LS6500/Pre-irrad_2_141024/MeasurementNo00208.xls
get measurement from /Users/djaffe/work/GIT/LINDSEY/TechMaturation2014/LS6500/Pre-irrad_2_141024/MeasurementNo00401.xls
Tray_Position S2_Position04 Number of `no vial` to this position 0
get measurement from /Users/djaffe/work/GIT/LINDSEY/TechMaturation2014/LS6500/Pre-irrad_2_141024/MeasurementNo00016.xls
get measurement from /Users/djaffe/work/GIT/LINDSEY/TechMaturation2014/LS6500/Pre-irrad_2_141024/MeasurementNo00209.xls
get measurement from /Users/djaffe/work/GIT/LINDSEY/TechMaturation2014/LS6500/Pre-irrad_2_141024/MeasurementNo00402.xls
Tray_Position S2_Position05 Number of `no vial` to this position 0
get measurement from /Users/djaffe/work/GIT/LINDSEY/TechMaturation2014/LS6500/Pre-irrad_2_141024/MeasurementNo00017.xls
get measurement from /Users/djaffe/work/GIT/LINDSEY/TechMaturation2014/LS6500/Pre-irrad_2_141024/MeasurementNo00210.xls
get measurement from /Users/djaffe/work/GIT/LINDSEY/TechMaturation2014/LS6500/Pre-irrad_2_141024/MeasurementNo00403.xls
Tray_Position S2_Position06 Number of `no vial` to this position 0
get measurement from /Users/djaffe/work/GIT/LINDSEY/TechMaturation2014/LS6500/Pre-irrad_2_141024/MeasurementNo00018.xls
get measurement from /Users/djaffe/work/GIT/LINDSEY/TechMaturation2014/LS6500/Pre-irrad_2_141024/MeasurementNo00211.xls
get measurement from /Users/djaffe/work/GIT/LINDSEY/TechMaturation2014/LS6500/Pre-irrad_2_141024/MeasurementNo00404.xls
Tray_Position S2_Position07 Number of `no vial` to this position 0
get measurement from /Users/djaffe/work/GIT/LINDSEY/TechMaturation2014/LS6500/Pre-irrad_2_141024/MeasurementNo00019.xls
get measurement from /Users/djaffe/work/GIT/LINDSEY/TechMaturation2014/LS6500/Pre-irrad_2_141024/MeasurementNo00212.xls
get measurement from /Users/djaffe/work/GIT/LINDSEY/TechMaturation2014/LS6500/Pre-irrad_2_141024/MeasurementNo00405.xls
Tray_Position S2_Position08 Number of `no vial` to this position 0
get measurement from /Users/djaffe/work/GIT/LINDSEY/TechMaturation2014/LS6500/Pre-irrad_2_141024/MeasurementNo00020.xls
get measurement from /Users/djaffe/work/GIT/LINDSEY/TechMaturation2014/LS6500/Pre-irrad_2_141024/MeasurementNo00213.xls
get measurement from /Users/djaffe/work/GIT/LINDSEY/TechMaturation2014/LS6500/Pre-irrad_2_141024/MeasurementNo00406.xls
Tray_Position S2_Position09 Number of `no vial` to this position 0
get measurement from /Users/djaffe/work/GIT/LINDSEY/TechMaturation2014/LS6500/Pre-irrad_2_141024/MeasurementNo00021.xls
get measurement from /Users/djaffe/work/GIT/LINDSEY/TechMaturation2014/LS6500/Pre-irrad_2_141024/MeasurementNo00214.xls
get measurement from /Users/djaffe/work/GIT/LINDSEY/TechMaturation2014/LS6500/Pre-irrad_2_141024/MeasurementNo00407.xls
Tray_Position S2_Position10 Number of `no vial` to this position 0
get measurement from /Users/djaffe/work/GIT/LINDSEY/TechMaturation2014/LS6500/Pre-irrad_2_141024/MeasurementNo00022.xls
get measurement from /Users/djaffe/work/GIT/LINDSEY/TechMaturation2014/LS6500/Pre-irrad_2_141024/MeasurementNo00215.xls
get measurement from /Users/djaffe/work/GIT/LINDSEY/TechMaturation2014/LS6500/Pre-irrad_2_141024/MeasurementNo00408.xls
Tray_Position S2_Position11 Number of `no vial` to this position 0
get measurement from /Users/djaffe/work/GIT/LINDSEY/TechMaturation2014/LS6500/Pre-irrad_2_141024/MeasurementNo00023.xls
get measurement from /Users/djaffe/work/GIT/LINDSEY/TechMaturation2014/LS6500/Pre-irrad_2_141024/MeasurementNo00216.xls
get measurement from /Users/djaffe/work/GIT/LINDSEY/TechMaturation2014/LS6500/Pre-irrad_2_141024/MeasurementNo00409.xls
Tray_Position S2_Position12 Number of `no vial` to this position 0
get measurement from /Users/djaffe/work/GIT/LINDSEY/TechMaturation2014/LS6500/Pre-irrad_2_141024/MeasurementNo00024.xls
get measurement from /Users/djaffe/work/GIT/LINDSEY/TechMaturation2014/LS6500/Pre-irrad_2_141024/MeasurementNo00217.xls
get measurement from /Users/djaffe/work/GIT/LINDSEY/TechMaturation2014/LS6500/Pre-irrad_2_141024/MeasurementNo00410.xls
Tray_Position S3_Position01 Number of `no vial` to this position 0
get measurement from /Users/djaffe/work/GIT/LINDSEY/TechMaturation2014/LS6500/Pre-irrad_2_141024/MeasurementNo00025.xls
get measurement from /Users/djaffe/work/GIT/LINDSEY/TechMaturation2014/LS6500/Pre-irrad_2_141024/MeasurementNo00218.xls
get measurement from /Users/djaffe/work/GIT/LINDSEY/TechMaturation2014/LS6500/Pre-irrad_2_141024/MeasurementNo00411.xls
Tray_Position S3_Position02 Number of `no vial` to this position 0
get measurement from /Users/djaffe/work/GIT/LINDSEY/TechMaturation2014/LS6500/Pre-irrad_2_141024/MeasurementNo00026.xls
get measurement from /Users/djaffe/work/GIT/LINDSEY/TechMaturation2014/LS6500/Pre-irrad_2_141024/MeasurementNo00219.xls
get measurement from /Users/djaffe/work/GIT/LINDSEY/TechMaturation2014/LS6500/Pre-irrad_2_141024/MeasurementNo00412.xls
Tray_Position S3_Position03 Number of `no vial` to this position 0
get measurement from /Users/djaffe/work/GIT/LINDSEY/TechMaturation2014/LS6500/Pre-irrad_2_141024/MeasurementNo00027.xls
get measurement from /Users/djaffe/work/GIT/LINDSEY/TechMaturation2014/LS6500/Pre-irrad_2_141024/MeasurementNo00220.xls
get measurement from /Users/djaffe/work/GIT/LINDSEY/TechMaturation2014/LS6500/Pre-irrad_2_141024/MeasurementNo00413.xls
Tray_Position S3_Position04 Number of `no vial` to this position 0
get measurement from /Users/djaffe/work/GIT/LINDSEY/TechMaturation2014/LS6500/Pre-irrad_2_141024/MeasurementNo00028.xls
get measurement from /Users/djaffe/work/GIT/LINDSEY/TechMaturation2014/LS6500/Pre-irrad_2_141024/MeasurementNo00221.xls
get measurement from /Users/djaffe/work/GIT/LINDSEY/TechMaturation2014/LS6500/Pre-irrad_2_141024/MeasurementNo00414.xls
Tray_Position S3_Position05 Number of `no vial` to this position 0
get measurement from /Users/djaffe/work/GIT/LINDSEY/TechMaturation2014/LS6500/Pre-irrad_2_141024/MeasurementNo00029.xls
get measurement from /Users/djaffe/work/GIT/LINDSEY/TechMaturation2014/LS6500/Pre-irrad_2_141024/MeasurementNo00222.xls
get measurement from /Users/djaffe/work/GIT/LINDSEY/TechMaturation2014/LS6500/Pre-irrad_2_141024/MeasurementNo00415.xls
Tray_Position S3_Position06 Number of `no vial` to this position 0
get measurement from /Users/djaffe/work/GIT/LINDSEY/TechMaturation2014/LS6500/Pre-irrad_2_141024/MeasurementNo00030.xls
get measurement from /Users/djaffe/work/GIT/LINDSEY/TechMaturation2014/LS6500/Pre-irrad_2_141024/MeasurementNo00223.xls
get measurement from /Users/djaffe/work/GIT/LINDSEY/TechMaturation2014/LS6500/Pre-irrad_2_141024/MeasurementNo00416.xls
Tray_Position S3_Position07 Number of `no vial` to this position 0
get measurement from /Users/djaffe/work/GIT/LINDSEY/TechMaturation2014/LS6500/Pre-irrad_2_141024/MeasurementNo00031.xls
get measurement from /Users/djaffe/work/GIT/LINDSEY/TechMaturation2014/LS6500/Pre-irrad_2_141024/MeasurementNo00224.xls
get measurement from /Users/djaffe/work/GIT/LINDSEY/TechMaturation2014/LS6500/Pre-irrad_2_141024/MeasurementNo00417.xls
Tray_Position S3_Position08 Number of `no vial` to this position 0
get measurement from /Users/djaffe/work/GIT/LINDSEY/TechMaturation2014/LS6500/Pre-irrad_2_141024/MeasurementNo00032.xls
get measurement from /Users/djaffe/work/GIT/LINDSEY/TechMaturation2014/LS6500/Pre-irrad_2_141024/MeasurementNo00225.xls
get measurement from /Users/djaffe/work/GIT/LINDSEY/TechMaturation2014/LS6500/Pre-irrad_2_141024/MeasurementNo00418.xls
Tray_Position S3_Position09 Number of `no vial` to this position 0
get measurement from /Users/djaffe/work/GIT/LINDSEY/TechMaturation2014/LS6500/Pre-irrad_2_141024/MeasurementNo00033.xls
get measurement from /Users/djaffe/work/GIT/LINDSEY/TechMaturation2014/LS6500/Pre-irrad_2_141024/MeasurementNo00226.xls
get measurement from /Users/djaffe/work/GIT/LINDSEY/TechMaturation2014/LS6500/Pre-irrad_2_141024/MeasurementNo00419.xls
Tray_Position S3_Position10 Number of `no vial` to this position 0
get measurement from /Users/djaffe/work/GIT/LINDSEY/TechMaturation2014/LS6500/Pre-irrad_2_141024/MeasurementNo00034.xls
get measurement from /Users/djaffe/work/GIT/LINDSEY/TechMaturation2014/LS6500/Pre-irrad_2_141024/MeasurementNo00227.xls
get measurement from /Users/djaffe/work/GIT/LINDSEY/TechMaturation2014/LS6500/Pre-irrad_2_141024/MeasurementNo00420.xls
Tray_Position S3_Position11 Number of `no vial` to this position 0
get measurement from /Users/djaffe/work/GIT/LINDSEY/TechMaturation2014/LS6500/Pre-irrad_2_141024/MeasurementNo00035.xls
get measurement from /Users/djaffe/work/GIT/LINDSEY/TechMaturation2014/LS6500/Pre-irrad_2_141024/MeasurementNo00228.xls
get measurement from /Users/djaffe/work/GIT/LINDSEY/TechMaturation2014/LS6500/Pre-irrad_2_141024/MeasurementNo00421.xls
Tray_Position S3_Position12 Number of `no vial` to this position 0
get measurement from /Users/djaffe/work/GIT/LINDSEY/TechMaturation2014/LS6500/Pre-irrad_2_141024/MeasurementNo00036.xls
get measurement from /Users/djaffe/work/GIT/LINDSEY/TechMaturation2014/LS6500/Pre-irrad_2_141024/MeasurementNo00229.xls
get measurement from /Users/djaffe/work/GIT/LINDSEY/TechMaturation2014/LS6500/Pre-irrad_2_141024/MeasurementNo00422.xls
Tray_Position S4_Position01 Number of `no vial` to this position 0
get measurement from /Users/djaffe/work/GIT/LINDSEY/TechMaturation2014/LS6500/Pre-irrad_2_141024/MeasurementNo00037.xls
get measurement from /Users/djaffe/work/GIT/LINDSEY/TechMaturation2014/LS6500/Pre-irrad_2_141024/MeasurementNo00230.xls
get measurement from /Users/djaffe/work/GIT/LINDSEY/TechMaturation2014/LS6500/Pre-irrad_2_141024/MeasurementNo00423.xls
Tray_Position S4_Position02 Number of `no vial` to this position 0
get measurement from /Users/djaffe/work/GIT/LINDSEY/TechMaturation2014/LS6500/Pre-irrad_2_141024/MeasurementNo00038.xls
get measurement from /Users/djaffe/work/GIT/LINDSEY/TechMaturation2014/LS6500/Pre-irrad_2_141024/MeasurementNo00231.xls
get measurement from /Users/djaffe/work/GIT/LINDSEY/TechMaturation2014/LS6500/Pre-irrad_2_141024/MeasurementNo00424.xls
Tray_Position S4_Position03 Number of `no vial` to this position 0
get measurement from /Users/djaffe/work/GIT/LINDSEY/TechMaturation2014/LS6500/Pre-irrad_2_141024/MeasurementNo00039.xls
get measurement from /Users/djaffe/work/GIT/LINDSEY/TechMaturation2014/LS6500/Pre-irrad_2_141024/MeasurementNo00232.xls
get measurement from /Users/djaffe/work/GIT/LINDSEY/TechMaturation2014/LS6500/Pre-irrad_2_141024/MeasurementNo00425.xls
Tray_Position S4_Position04 Number of `no vial` to this position 0
get measurement from /Users/djaffe/work/GIT/LINDSEY/TechMaturation2014/LS6500/Pre-irrad_2_141024/MeasurementNo00040.xls
get measurement from /Users/djaffe/work/GIT/LINDSEY/TechMaturation2014/LS6500/Pre-irrad_2_141024/MeasurementNo00233.xls
get measurement from /Users/djaffe/work/GIT/LINDSEY/TechMaturation2014/LS6500/Pre-irrad_2_141024/MeasurementNo00426.xls
Tray_Position S4_Position05 Number of `no vial` to this position 0
get measurement from /Users/djaffe/work/GIT/LINDSEY/TechMaturation2014/LS6500/Pre-irrad_2_141024/MeasurementNo00041.xls
get measurement from /Users/djaffe/work/GIT/LINDSEY/TechMaturation2014/LS6500/Pre-irrad_2_141024/MeasurementNo00234.xls
get measurement from /Users/djaffe/work/GIT/LINDSEY/TechMaturation2014/LS6500/Pre-irrad_2_141024/MeasurementNo00427.xls
Tray_Position S4_Position06 Number of `no vial` to this position 0
get measurement from /Users/djaffe/work/GIT/LINDSEY/TechMaturation2014/LS6500/Pre-irrad_2_141024/MeasurementNo00042.xls
get measurement from /Users/djaffe/work/GIT/LINDSEY/TechMaturation2014/LS6500/Pre-irrad_2_141024/MeasurementNo00235.xls
get measurement from /Users/djaffe/work/GIT/LINDSEY/TechMaturation2014/LS6500/Pre-irrad_2_141024/MeasurementNo00428.xls
Tray_Position S4_Position07 Number of `no vial` to this position 0
get measurement from /Users/djaffe/work/GIT/LINDSEY/TechMaturation2014/LS6500/Pre-irrad_2_141024/MeasurementNo00043.xls
get measurement from /Users/djaffe/work/GIT/LINDSEY/TechMaturation2014/LS6500/Pre-irrad_2_141024/MeasurementNo00236.xls
get measurement from /Users/djaffe/work/GIT/LINDSEY/TechMaturation2014/LS6500/Pre-irrad_2_141024/MeasurementNo00429.xls
Tray_Position S4_Position08 Number of `no vial` to this position 0
get measurement from /Users/djaffe/work/GIT/LINDSEY/TechMaturation2014/LS6500/Pre-irrad_2_141024/MeasurementNo00044.xls
get measurement from /Users/djaffe/work/GIT/LINDSEY/TechMaturation2014/LS6500/Pre-irrad_2_141024/MeasurementNo00237.xls
get measurement from /Users/djaffe/work/GIT/LINDSEY/TechMaturation2014/LS6500/Pre-irrad_2_141024/MeasurementNo00430.xls
Tray_Position S4_Position09 Number of `no vial` to this position 0
get measurement from /Users/djaffe/work/GIT/LINDSEY/TechMaturation2014/LS6500/Pre-irrad_2_141024/MeasurementNo00045.xls
get measurement from /Users/djaffe/work/GIT/LINDSEY/TechMaturation2014/LS6500/Pre-irrad_2_141024/MeasurementNo00238.xls
get measurement from /Users/djaffe/work/GIT/LINDSEY/TechMaturation2014/LS6500/Pre-irrad_2_141024/MeasurementNo00431.xls
Tray_Position S4_Position10 Number of `no vial` to this position 0
get measurement from /Users/djaffe/work/GIT/LINDSEY/TechMaturation2014/LS6500/Pre-irrad_2_141024/MeasurementNo00046.xls
get measurement from /Users/djaffe/work/GIT/LINDSEY/TechMaturation2014/LS6500/Pre-irrad_2_141024/MeasurementNo00239.xls
get measurement from /Users/djaffe/work/GIT/LINDSEY/TechMaturation2014/LS6500/Pre-irrad_2_141024/MeasurementNo00432.xls
Tray_Position S4_Position11 Number of `no vial` to this position 0
get measurement from /Users/djaffe/work/GIT/LINDSEY/TechMaturation2014/LS6500/Pre-irrad_2_141024/MeasurementNo00047.xls
get measurement from /Users/djaffe/work/GIT/LINDSEY/TechMaturation2014/LS6500/Pre-irrad_2_141024/MeasurementNo00240.xls
get measurement from /Users/djaffe/work/GIT/LINDSEY/TechMaturation2014/LS6500/Pre-irrad_2_141024/MeasurementNo00433.xls
Tray_Position S4_Position12 Number of `no vial` to this position 0
get measurement from /Users/djaffe/work/GIT/LINDSEY/TechMaturation2014/LS6500/Pre-irrad_2_141024/MeasurementNo00048.xls
get measurement from /Users/djaffe/work/GIT/LINDSEY/TechMaturation2014/LS6500/Pre-irrad_2_141024/MeasurementNo00241.xls
get measurement from /Users/djaffe/work/GIT/LINDSEY/TechMaturation2014/LS6500/Pre-irrad_2_141024/MeasurementNo00434.xls
Tray_Position S5_Position01 Number of `no vial` to this position 0
get measurement from /Users/djaffe/work/GIT/LINDSEY/TechMaturation2014/LS6500/Pre-irrad_2_141024/MeasurementNo00049.xls
get measurement from /Users/djaffe/work/GIT/LINDSEY/TechMaturation2014/LS6500/Pre-irrad_2_141024/MeasurementNo00242.xls
get measurement from /Users/djaffe/work/GIT/LINDSEY/TechMaturation2014/LS6500/Pre-irrad_2_141024/MeasurementNo00435.xls
Tray_Position S5_Position02 Number of `no vial` to this position 0
get measurement from /Users/djaffe/work/GIT/LINDSEY/TechMaturation2014/LS6500/Pre-irrad_2_141024/MeasurementNo00050.xls
get measurement from /Users/djaffe/work/GIT/LINDSEY/TechMaturation2014/LS6500/Pre-irrad_2_141024/MeasurementNo00243.xls
get measurement from /Users/djaffe/work/GIT/LINDSEY/TechMaturation2014/LS6500/Pre-irrad_2_141024/MeasurementNo00436.xls
Tray_Position S5_Position03 Number of `no vial` to this position 0
get measurement from /Users/djaffe/work/GIT/LINDSEY/TechMaturation2014/LS6500/Pre-irrad_2_141024/MeasurementNo00051.xls
get measurement from /Users/djaffe/work/GIT/LINDSEY/TechMaturation2014/LS6500/Pre-irrad_2_141024/MeasurementNo00244.xls
get measurement from /Users/djaffe/work/GIT/LINDSEY/TechMaturation2014/LS6500/Pre-irrad_2_141024/MeasurementNo00437.xls
Tray_Position S5_Position04 Number of `no vial` to this position 0
get measurement from /Users/djaffe/work/GIT/LINDSEY/TechMaturation2014/LS6500/Pre-irrad_2_141024/MeasurementNo00052.xls
get measurement from /Users/djaffe/work/GIT/LINDSEY/TechMaturation2014/LS6500/Pre-irrad_2_141024/MeasurementNo00245.xls
get measurement from /Users/djaffe/work/GIT/LINDSEY/TechMaturation2014/LS6500/Pre-irrad_2_141024/MeasurementNo00438.xls
Tray_Position S5_Position05 Number of `no vial` to this position 0
get measurement from /Users/djaffe/work/GIT/LINDSEY/TechMaturation2014/LS6500/Pre-irrad_2_141024/MeasurementNo00053.xls
get measurement from /Users/djaffe/work/GIT/LINDSEY/TechMaturation2014/LS6500/Pre-irrad_2_141024/MeasurementNo00246.xls
get measurement from /Users/djaffe/work/GIT/LINDSEY/TechMaturation2014/LS6500/Pre-irrad_2_141024/MeasurementNo00439.xls
Tray_Position S5_Position06 Number of `no vial` to this position 0
get measurement from /Users/djaffe/work/GIT/LINDSEY/TechMaturation2014/LS6500/Pre-irrad_2_141024/MeasurementNo00054.xls
get measurement from /Users/djaffe/work/GIT/LINDSEY/TechMaturation2014/LS6500/Pre-irrad_2_141024/MeasurementNo00247.xls
get measurement from /Users/djaffe/work/GIT/LINDSEY/TechMaturation2014/LS6500/Pre-irrad_2_141024/MeasurementNo00440.xls
Tray_Position S5_Position07 Number of `no vial` to this position 0
get measurement from /Users/djaffe/work/GIT/LINDSEY/TechMaturation2014/LS6500/Pre-irrad_2_141024/MeasurementNo00055.xls
get measurement from /Users/djaffe/work/GIT/LINDSEY/TechMaturation2014/LS6500/Pre-irrad_2_141024/MeasurementNo00248.xls
get measurement from /Users/djaffe/work/GIT/LINDSEY/TechMaturation2014/LS6500/Pre-irrad_2_141024/MeasurementNo00441.xls
Tray_Position S5_Position08 Number of `no vial` to this position 0
get measurement from /Users/djaffe/work/GIT/LINDSEY/TechMaturation2014/LS6500/Pre-irrad_2_141024/MeasurementNo00056.xls
get measurement from /Users/djaffe/work/GIT/LINDSEY/TechMaturation2014/LS6500/Pre-irrad_2_141024/MeasurementNo00249.xls
get measurement from /Users/djaffe/work/GIT/LINDSEY/TechMaturation2014/LS6500/Pre-irrad_2_141024/MeasurementNo00442.xls
Tray_Position S5_Position09 Number of `no vial` to this position 0
get measurement from /Users/djaffe/work/GIT/LINDSEY/TechMaturation2014/LS6500/Pre-irrad_2_141024/MeasurementNo00057.xls
get measurement from /Users/djaffe/work/GIT/LINDSEY/TechMaturation2014/LS6500/Pre-irrad_2_141024/MeasurementNo00250.xls
get measurement from /Users/djaffe/work/GIT/LINDSEY/TechMaturation2014/LS6500/Pre-irrad_2_141024/MeasurementNo00443.xls
Tray_Position S5_Position10 Number of `no vial` to this position 0
get measurement from /Users/djaffe/work/GIT/LINDSEY/TechMaturation2014/LS6500/Pre-irrad_2_141024/MeasurementNo00058.xls
get measurement from /Users/djaffe/work/GIT/LINDSEY/TechMaturation2014/LS6500/Pre-irrad_2_141024/MeasurementNo00251.xls
get measurement from /Users/djaffe/work/GIT/LINDSEY/TechMaturation2014/LS6500/Pre-irrad_2_141024/MeasurementNo00444.xls
Tray_Position S5_Position11 Number of `no vial` to this position 0
get measurement from /Users/djaffe/work/GIT/LINDSEY/TechMaturation2014/LS6500/Pre-irrad_2_141024/MeasurementNo00059.xls
get measurement from /Users/djaffe/work/GIT/LINDSEY/TechMaturation2014/LS6500/Pre-irrad_2_141024/MeasurementNo00252.xls
get measurement from /Users/djaffe/work/GIT/LINDSEY/TechMaturation2014/LS6500/Pre-irrad_2_141024/MeasurementNo00445.xls
Tray_Position S5_Position12 Number of `no vial` to this position 0
get measurement from /Users/djaffe/work/GIT/LINDSEY/TechMaturation2014/LS6500/Pre-irrad_2_141024/MeasurementNo00060.xls
get measurement from /Users/djaffe/work/GIT/LINDSEY/TechMaturation2014/LS6500/Pre-irrad_2_141024/MeasurementNo00253.xls
get measurement from /Users/djaffe/work/GIT/LINDSEY/TechMaturation2014/LS6500/Pre-irrad_2_141024/MeasurementNo00446.xls
Tray_Position S6_Position01 Number of `no vial` to this position 0
get measurement from /Users/djaffe/work/GIT/LINDSEY/TechMaturation2014/LS6500/Pre-irrad_2_141024/MeasurementNo00061.xls
get measurement from /Users/djaffe/work/GIT/LINDSEY/TechMaturation2014/LS6500/Pre-irrad_2_141024/MeasurementNo00254.xls
get measurement from /Users/djaffe/work/GIT/LINDSEY/TechMaturation2014/LS6500/Pre-irrad_2_141024/MeasurementNo00447.xls
Tray_Position S6_Position02 Number of `no vial` to this position 0
get measurement from /Users/djaffe/work/GIT/LINDSEY/TechMaturation2014/LS6500/Pre-irrad_2_141024/MeasurementNo00062.xls
get measurement from /Users/djaffe/work/GIT/LINDSEY/TechMaturation2014/LS6500/Pre-irrad_2_141024/MeasurementNo00255.xls
get measurement from /Users/djaffe/work/GIT/LINDSEY/TechMaturation2014/LS6500/Pre-irrad_2_141024/MeasurementNo00448.xls
Tray_Position S6_Position03 Number of `no vial` to this position 0
get measurement from /Users/djaffe/work/GIT/LINDSEY/TechMaturation2014/LS6500/Pre-irrad_2_141024/MeasurementNo00063.xls
get measurement from /Users/djaffe/work/GIT/LINDSEY/TechMaturation2014/LS6500/Pre-irrad_2_141024/MeasurementNo00256.xls
get measurement from /Users/djaffe/work/GIT/LINDSEY/TechMaturation2014/LS6500/Pre-irrad_2_141024/MeasurementNo00449.xls
Tray_Position S6_Position04 Number of `no vial` to this position 0
get measurement from /Users/djaffe/work/GIT/LINDSEY/TechMaturation2014/LS6500/Pre-irrad_2_141024/MeasurementNo00064.xls
get measurement from /Users/djaffe/work/GIT/LINDSEY/TechMaturation2014/LS6500/Pre-irrad_2_141024/MeasurementNo00257.xls
get measurement from /Users/djaffe/work/GIT/LINDSEY/TechMaturation2014/LS6500/Pre-irrad_2_141024/MeasurementNo00450.xls
Tray_Position S6_Position05 Number of `no vial` to this position 0
get measurement from /Users/djaffe/work/GIT/LINDSEY/TechMaturation2014/LS6500/Pre-irrad_2_141024/MeasurementNo00065.xls
get measurement from /Users/djaffe/work/GIT/LINDSEY/TechMaturation2014/LS6500/Pre-irrad_2_141024/MeasurementNo00258.xls
get measurement from /Users/djaffe/work/GIT/LINDSEY/TechMaturation2014/LS6500/Pre-irrad_2_141024/MeasurementNo00451.xls
Tray_Position S6_Position06 Number of `no vial` to this position 0
get measurement from /Users/djaffe/work/GIT/LINDSEY/TechMaturation2014/LS6500/Pre-irrad_2_141024/MeasurementNo00066.xls
get measurement from /Users/djaffe/work/GIT/LINDSEY/TechMaturation2014/LS6500/Pre-irrad_2_141024/MeasurementNo00259.xls
get measurement from /Users/djaffe/work/GIT/LINDSEY/TechMaturation2014/LS6500/Pre-irrad_2_141024/MeasurementNo00452.xls
Tray_Position S6_Position07 Number of `no vial` to this position 0
get measurement from /Users/djaffe/work/GIT/LINDSEY/TechMaturation2014/LS6500/Pre-irrad_2_141024/MeasurementNo00067.xls
get measurement from /Users/djaffe/work/GIT/LINDSEY/TechMaturation2014/LS6500/Pre-irrad_2_141024/MeasurementNo00260.xls
get measurement from /Users/djaffe/work/GIT/LINDSEY/TechMaturation2014/LS6500/Pre-irrad_2_141024/MeasurementNo00453.xls
Tray_Position S6_Position08 Number of `no vial` to this position 0
get measurement from /Users/djaffe/work/GIT/LINDSEY/TechMaturation2014/LS6500/Pre-irrad_2_141024/MeasurementNo00068.xls
get measurement from /Users/djaffe/work/GIT/LINDSEY/TechMaturation2014/LS6500/Pre-irrad_2_141024/MeasurementNo00261.xls
get measurement from /Users/djaffe/work/GIT/LINDSEY/TechMaturation2014/LS6500/Pre-irrad_2_141024/MeasurementNo00454.xls
Tray_Position S6_Position09 Number of `no vial` to this position 0
get measurement from /Users/djaffe/work/GIT/LINDSEY/TechMaturation2014/LS6500/Pre-irrad_2_141024/MeasurementNo00069.xls
get measurement from /Users/djaffe/work/GIT/LINDSEY/TechMaturation2014/LS6500/Pre-irrad_2_141024/MeasurementNo00262.xls
get measurement from /Users/djaffe/work/GIT/LINDSEY/TechMaturation2014/LS6500/Pre-irrad_2_141024/MeasurementNo00455.xls
Tray_Position S6_Position10 Number of `no vial` to this position 0
get measurement from /Users/djaffe/work/GIT/LINDSEY/TechMaturation2014/LS6500/Pre-irrad_2_141024/MeasurementNo00070.xls
get measurement from /Users/djaffe/work/GIT/LINDSEY/TechMaturation2014/LS6500/Pre-irrad_2_141024/MeasurementNo00263.xls
get measurement from /Users/djaffe/work/GIT/LINDSEY/TechMaturation2014/LS6500/Pre-irrad_2_141024/MeasurementNo00456.xls
Tray_Position S6_Position11 Number of `no vial` to this position 0
get measurement from /Users/djaffe/work/GIT/LINDSEY/TechMaturation2014/LS6500/Pre-irrad_2_141024/MeasurementNo00071.xls
get measurement from /Users/djaffe/work/GIT/LINDSEY/TechMaturation2014/LS6500/Pre-irrad_2_141024/MeasurementNo00264.xls
get measurement from /Users/djaffe/work/GIT/LINDSEY/TechMaturation2014/LS6500/Pre-irrad_2_141024/MeasurementNo00457.xls
Tray_Position S6_Position12 Number of `no vial` to this position 0
get measurement from /Users/djaffe/work/GIT/LINDSEY/TechMaturation2014/LS6500/Pre-irrad_2_141024/MeasurementNo00072.xls
get measurement from /Users/djaffe/work/GIT/LINDSEY/TechMaturation2014/LS6500/Pre-irrad_2_141024/MeasurementNo00265.xls
get measurement from /Users/djaffe/work/GIT/LINDSEY/TechMaturation2014/LS6500/Pre-irrad_2_141024/MeasurementNo00458.xls
Tray_Position S7_Position01 Number of `no vial` to this position 0
get measurement from /Users/djaffe/work/GIT/LINDSEY/TechMaturation2014/LS6500/Pre-irrad_2_141024/MeasurementNo00073.xls
get measurement from /Users/djaffe/work/GIT/LINDSEY/TechMaturation2014/LS6500/Pre-irrad_2_141024/MeasurementNo00266.xls
get measurement from /Users/djaffe/work/GIT/LINDSEY/TechMaturation2014/LS6500/Pre-irrad_2_141024/MeasurementNo00459.xls
Tray_Position S7_Position02 Number of `no vial` to this position 0
get measurement from /Users/djaffe/work/GIT/LINDSEY/TechMaturation2014/LS6500/Pre-irrad_2_141024/MeasurementNo00074.xls
get measurement from /Users/djaffe/work/GIT/LINDSEY/TechMaturation2014/LS6500/Pre-irrad_2_141024/MeasurementNo00267.xls
get measurement from /Users/djaffe/work/GIT/LINDSEY/TechMaturation2014/LS6500/Pre-irrad_2_141024/MeasurementNo00460.xls
Tray_Position S7_Position03 Number of `no vial` to this position 0
get measurement from /Users/djaffe/work/GIT/LINDSEY/TechMaturation2014/LS6500/Pre-irrad_2_141024/MeasurementNo00075.xls
get measurement from /Users/djaffe/work/GIT/LINDSEY/TechMaturation2014/LS6500/Pre-irrad_2_141024/MeasurementNo00268.xls
get measurement from /Users/djaffe/work/GIT/LINDSEY/TechMaturation2014/LS6500/Pre-irrad_2_141024/MeasurementNo00461.xls
Tray_Position S7_Position04 Number of `no vial` to this position 0
get measurement from /Users/djaffe/work/GIT/LINDSEY/TechMaturation2014/LS6500/Pre-irrad_2_141024/MeasurementNo00076.xls
get measurement from /Users/djaffe/work/GIT/LINDSEY/TechMaturation2014/LS6500/Pre-irrad_2_141024/MeasurementNo00269.xls
get measurement from /Users/djaffe/work/GIT/LINDSEY/TechMaturation2014/LS6500/Pre-irrad_2_141024/MeasurementNo00462.xls
Tray_Position S7_Position05 Number of `no vial` to this position 0
get measurement from /Users/djaffe/work/GIT/LINDSEY/TechMaturation2014/LS6500/Pre-irrad_2_141024/MeasurementNo00077.xls
get measurement from /Users/djaffe/work/GIT/LINDSEY/TechMaturation2014/LS6500/Pre-irrad_2_141024/MeasurementNo00270.xls
get measurement from /Users/djaffe/work/GIT/LINDSEY/TechMaturation2014/LS6500/Pre-irrad_2_141024/MeasurementNo00463.xls
Tray_Position S7_Position06 Number of `no vial` to this position 0
get measurement from /Users/djaffe/work/GIT/LINDSEY/TechMaturation2014/LS6500/Pre-irrad_2_141024/MeasurementNo00078.xls
get measurement from /Users/djaffe/work/GIT/LINDSEY/TechMaturation2014/LS6500/Pre-irrad_2_141024/MeasurementNo00271.xls
get measurement from /Users/djaffe/work/GIT/LINDSEY/TechMaturation2014/LS6500/Pre-irrad_2_141024/MeasurementNo00464.xls
Tray_Position S7_Position07 Number of `no vial` to this position 0
get measurement from /Users/djaffe/work/GIT/LINDSEY/TechMaturation2014/LS6500/Pre-irrad_2_141024/MeasurementNo00079.xls
get measurement from /Users/djaffe/work/GIT/LINDSEY/TechMaturation2014/LS6500/Pre-irrad_2_141024/MeasurementNo00272.xls
get measurement from /Users/djaffe/work/GIT/LINDSEY/TechMaturation2014/LS6500/Pre-irrad_2_141024/MeasurementNo00465.xls
Tray_Position S7_Position08 Number of `no vial` to this position 0
get measurement from /Users/djaffe/work/GIT/LINDSEY/TechMaturation2014/LS6500/Pre-irrad_2_141024/MeasurementNo00080.xls
get measurement from /Users/djaffe/work/GIT/LINDSEY/TechMaturation2014/LS6500/Pre-irrad_2_141024/MeasurementNo00273.xls
get measurement from /Users/djaffe/work/GIT/LINDSEY/TechMaturation2014/LS6500/Pre-irrad_2_141024/MeasurementNo00466.xls
Tray_Position S7_Position09 Number of `no vial` to this position 0
get measurement from /Users/djaffe/work/GIT/LINDSEY/TechMaturation2014/LS6500/Pre-irrad_2_141024/MeasurementNo00081.xls
get measurement from /Users/djaffe/work/GIT/LINDSEY/TechMaturation2014/LS6500/Pre-irrad_2_141024/MeasurementNo00274.xls
get measurement from /Users/djaffe/work/GIT/LINDSEY/TechMaturation2014/LS6500/Pre-irrad_2_141024/MeasurementNo00467.xls
Tray_Position S7_Position10 Number of `no vial` to this position 0
get measurement from /Users/djaffe/work/GIT/LINDSEY/TechMaturation2014/LS6500/Pre-irrad_2_141024/MeasurementNo00082.xls
get measurement from /Users/djaffe/work/GIT/LINDSEY/TechMaturation2014/LS6500/Pre-irrad_2_141024/MeasurementNo00275.xls
get measurement from /Users/djaffe/work/GIT/LINDSEY/TechMaturation2014/LS6500/Pre-irrad_2_141024/MeasurementNo00468.xls
Tray_Position S7_Position11 Number of `no vial` to this position 0
get measurement from /Users/djaffe/work/GIT/LINDSEY/TechMaturation2014/LS6500/Pre-irrad_2_141024/MeasurementNo00083.xls
get measurement from /Users/djaffe/work/GIT/LINDSEY/TechMaturation2014/LS6500/Pre-irrad_2_141024/MeasurementNo00276.xls
get measurement from /Users/djaffe/work/GIT/LINDSEY/TechMaturation2014/LS6500/Pre-irrad_2_141024/MeasurementNo00469.xls
Tray_Position S7_Position12 Number of `no vial` to this position 0
get measurement from /Users/djaffe/work/GIT/LINDSEY/TechMaturation2014/LS6500/Pre-irrad_2_141024/MeasurementNo00084.xls
get measurement from /Users/djaffe/work/GIT/LINDSEY/TechMaturation2014/LS6500/Pre-irrad_2_141024/MeasurementNo00277.xls
get measurement from /Users/djaffe/work/GIT/LINDSEY/TechMaturation2014/LS6500/Pre-irrad_2_141024/MeasurementNo00470.xls
Tray_Position S8_Position01 Number of `no vial` to this position 0
get measurement from /Users/djaffe/work/GIT/LINDSEY/TechMaturation2014/LS6500/Pre-irrad_2_141024/MeasurementNo00085.xls
get measurement from /Users/djaffe/work/GIT/LINDSEY/TechMaturation2014/LS6500/Pre-irrad_2_141024/MeasurementNo00278.xls
get measurement from /Users/djaffe/work/GIT/LINDSEY/TechMaturation2014/LS6500/Pre-irrad_2_141024/MeasurementNo00471.xls
Tray_Position S8_Position02 Number of `no vial` to this position 0
get measurement from /Users/djaffe/work/GIT/LINDSEY/TechMaturation2014/LS6500/Pre-irrad_2_141024/MeasurementNo00086.xls
get measurement from /Users/djaffe/work/GIT/LINDSEY/TechMaturation2014/LS6500/Pre-irrad_2_141024/MeasurementNo00279.xls
get measurement from /Users/djaffe/work/GIT/LINDSEY/TechMaturation2014/LS6500/Pre-irrad_2_141024/MeasurementNo00472.xls
Tray_Position S8_Position03 Number of `no vial` to this position 0
get measurement from /Users/djaffe/work/GIT/LINDSEY/TechMaturation2014/LS6500/Pre-irrad_2_141024/MeasurementNo00087.xls
get measurement from /Users/djaffe/work/GIT/LINDSEY/TechMaturation2014/LS6500/Pre-irrad_2_141024/MeasurementNo00280.xls
get measurement from /Users/djaffe/work/GIT/LINDSEY/TechMaturation2014/LS6500/Pre-irrad_2_141024/MeasurementNo00473.xls
Tray_Position S8_Position04 Number of `no vial` to this position 0
get measurement from /Users/djaffe/work/GIT/LINDSEY/TechMaturation2014/LS6500/Pre-irrad_2_141024/MeasurementNo00088.xls
get measurement from /Users/djaffe/work/GIT/LINDSEY/TechMaturation2014/LS6500/Pre-irrad_2_141024/MeasurementNo00281.xls
get measurement from /Users/djaffe/work/GIT/LINDSEY/TechMaturation2014/LS6500/Pre-irrad_2_141024/MeasurementNo00474.xls
Tray_Position S8_Position05 Number of `no vial` to this position 0
get measurement from /Users/djaffe/work/GIT/LINDSEY/TechMaturation2014/LS6500/Pre-irrad_2_141024/MeasurementNo00089.xls
get measurement from /Users/djaffe/work/GIT/LINDSEY/TechMaturation2014/LS6500/Pre-irrad_2_141024/MeasurementNo00282.xls
get measurement from /Users/djaffe/work/GIT/LINDSEY/TechMaturation2014/LS6500/Pre-irrad_2_141024/MeasurementNo00475.xls
Tray_Position S8_Position06 Number of `no vial` to this position 0
get measurement from /Users/djaffe/work/GIT/LINDSEY/TechMaturation2014/LS6500/Pre-irrad_2_141024/MeasurementNo00090.xls
get measurement from /Users/djaffe/work/GIT/LINDSEY/TechMaturation2014/LS6500/Pre-irrad_2_141024/MeasurementNo00283.xls
get measurement from /Users/djaffe/work/GIT/LINDSEY/TechMaturation2014/LS6500/Pre-irrad_2_141024/MeasurementNo00476.xls
Tray_Position S8_Position07 Number of `no vial` to this position 0
get measurement from /Users/djaffe/work/GIT/LINDSEY/TechMaturation2014/LS6500/Pre-irrad_2_141024/MeasurementNo00091.xls
get measurement from /Users/djaffe/work/GIT/LINDSEY/TechMaturation2014/LS6500/Pre-irrad_2_141024/MeasurementNo00284.xls
get measurement from /Users/djaffe/work/GIT/LINDSEY/TechMaturation2014/LS6500/Pre-irrad_2_141024/MeasurementNo00477.xls
Tray_Position S8_Position08 Number of `no vial` to this position 0
get measurement from /Users/djaffe/work/GIT/LINDSEY/TechMaturation2014/LS6500/Pre-irrad_2_141024/MeasurementNo00092.xls
get measurement from /Users/djaffe/work/GIT/LINDSEY/TechMaturation2014/LS6500/Pre-irrad_2_141024/MeasurementNo00285.xls
get measurement from /Users/djaffe/work/GIT/LINDSEY/TechMaturation2014/LS6500/Pre-irrad_2_141024/MeasurementNo00478.xls
Tray_Position S8_Position09 Number of `no vial` to this position 0
get measurement from /Users/djaffe/work/GIT/LINDSEY/TechMaturation2014/LS6500/Pre-irrad_2_141024/MeasurementNo00093.xls
get measurement from /Users/djaffe/work/GIT/LINDSEY/TechMaturation2014/LS6500/Pre-irrad_2_141024/MeasurementNo00286.xls
get measurement from /Users/djaffe/work/GIT/LINDSEY/TechMaturation2014/LS6500/Pre-irrad_2_141024/MeasurementNo00479.xls
Tray_Position S8_Position10 Number of `no vial` to this position 0
get measurement from /Users/djaffe/work/GIT/LINDSEY/TechMaturation2014/LS6500/Pre-irrad_2_141024/MeasurementNo00094.xls
get measurement from /Users/djaffe/work/GIT/LINDSEY/TechMaturation2014/LS6500/Pre-irrad_2_141024/MeasurementNo00287.xls
get measurement from /Users/djaffe/work/GIT/LINDSEY/TechMaturation2014/LS6500/Pre-irrad_2_141024/MeasurementNo00480.xls
Tray_Position S8_Position11 Number of `no vial` to this position 0
get measurement from /Users/djaffe/work/GIT/LINDSEY/TechMaturation2014/LS6500/Pre-irrad_2_141024/MeasurementNo00095.xls
get measurement from /Users/djaffe/work/GIT/LINDSEY/TechMaturation2014/LS6500/Pre-irrad_2_141024/MeasurementNo00288.xls
get measurement from /Users/djaffe/work/GIT/LINDSEY/TechMaturation2014/LS6500/Pre-irrad_2_141024/MeasurementNo00481.xls
Tray_Position S8_Position12 Number of `no vial` to this position 0
get measurement from /Users/djaffe/work/GIT/LINDSEY/TechMaturation2014/LS6500/Pre-irrad_2_141024/MeasurementNo00096.xls
get measurement from /Users/djaffe/work/GIT/LINDSEY/TechMaturation2014/LS6500/Pre-irrad_2_141024/MeasurementNo00289.xls
get measurement from /Users/djaffe/work/GIT/LINDSEY/TechMaturation2014/LS6500/Pre-irrad_2_141024/MeasurementNo00482.xls
Tray_Position S9_Position01 Number of `no vial` to this position 0
get measurement from /Users/djaffe/work/GIT/LINDSEY/TechMaturation2014/LS6500/Pre-irrad_2_141024/MeasurementNo00097.xls
get measurement from /Users/djaffe/work/GIT/LINDSEY/TechMaturation2014/LS6500/Pre-irrad_2_141024/MeasurementNo00290.xls
get measurement from /Users/djaffe/work/GIT/LINDSEY/TechMaturation2014/LS6500/Pre-irrad_2_141024/MeasurementNo00483.xls
Tray_Position S9_Position02 Number of `no vial` to this position 0
get measurement from /Users/djaffe/work/GIT/LINDSEY/TechMaturation2014/LS6500/Pre-irrad_2_141024/MeasurementNo00098.xls
get measurement from /Users/djaffe/work/GIT/LINDSEY/TechMaturation2014/LS6500/Pre-irrad_2_141024/MeasurementNo00291.xls
get measurement from /Users/djaffe/work/GIT/LINDSEY/TechMaturation2014/LS6500/Pre-irrad_2_141024/MeasurementNo00484.xls
Tray_Position S9_Position03 Number of `no vial` to this position 0
get measurement from /Users/djaffe/work/GIT/LINDSEY/TechMaturation2014/LS6500/Pre-irrad_2_141024/MeasurementNo00099.xls
get measurement from /Users/djaffe/work/GIT/LINDSEY/TechMaturation2014/LS6500/Pre-irrad_2_141024/MeasurementNo00292.xls
get measurement from /Users/djaffe/work/GIT/LINDSEY/TechMaturation2014/LS6500/Pre-irrad_2_141024/MeasurementNo00485.xls
Tray_Position S9_Position04 Number of `no vial` to this position 0
get measurement from /Users/djaffe/work/GIT/LINDSEY/TechMaturation2014/LS6500/Pre-irrad_2_141024/MeasurementNo00100.xls
get measurement from /Users/djaffe/work/GIT/LINDSEY/TechMaturation2014/LS6500/Pre-irrad_2_141024/MeasurementNo00293.xls
get measurement from /Users/djaffe/work/GIT/LINDSEY/TechMaturation2014/LS6500/Pre-irrad_2_141024/MeasurementNo00486.xls
Tray_Position S9_Position05 Number of `no vial` to this position 0
get measurement from /Users/djaffe/work/GIT/LINDSEY/TechMaturation2014/LS6500/Pre-irrad_2_141024/MeasurementNo00101.xls
get measurement from /Users/djaffe/work/GIT/LINDSEY/TechMaturation2014/LS6500/Pre-irrad_2_141024/MeasurementNo00294.xls
get measurement from /Users/djaffe/work/GIT/LINDSEY/TechMaturation2014/LS6500/Pre-irrad_2_141024/MeasurementNo00487.xls
Tray_Position S9_Position06 Number of `no vial` to this position 0
get measurement from /Users/djaffe/work/GIT/LINDSEY/TechMaturation2014/LS6500/Pre-irrad_2_141024/MeasurementNo00102.xls
get measurement from /Users/djaffe/work/GIT/LINDSEY/TechMaturation2014/LS6500/Pre-irrad_2_141024/MeasurementNo00295.xls
get measurement from /Users/djaffe/work/GIT/LINDSEY/TechMaturation2014/LS6500/Pre-irrad_2_141024/MeasurementNo00488.xls
Tray_Position S9_Position07 Number of `no vial` to this position 0
get measurement from /Users/djaffe/work/GIT/LINDSEY/TechMaturation2014/LS6500/Pre-irrad_2_141024/MeasurementNo00103.xls
get measurement from /Users/djaffe/work/GIT/LINDSEY/TechMaturation2014/LS6500/Pre-irrad_2_141024/MeasurementNo00296.xls
get measurement from /Users/djaffe/work/GIT/LINDSEY/TechMaturation2014/LS6500/Pre-irrad_2_141024/MeasurementNo00489.xls
Tray_Position S9_Position08 Number of `no vial` to this position 0
get measurement from /Users/djaffe/work/GIT/LINDSEY/TechMaturation2014/LS6500/Pre-irrad_2_141024/MeasurementNo00104.xls
get measurement from /Users/djaffe/work/GIT/LINDSEY/TechMaturation2014/LS6500/Pre-irrad_2_141024/MeasurementNo00297.xls
get measurement from /Users/djaffe/work/GIT/LINDSEY/TechMaturation2014/LS6500/Pre-irrad_2_141024/MeasurementNo00490.xls
Tray_Position S9_Position09 Number of `no vial` to this position 0
get measurement from /Users/djaffe/work/GIT/LINDSEY/TechMaturation2014/LS6500/Pre-irrad_2_141024/MeasurementNo00105.xls
get measurement from /Users/djaffe/work/GIT/LINDSEY/TechMaturation2014/LS6500/Pre-irrad_2_141024/MeasurementNo00298.xls
get measurement from /Users/djaffe/work/GIT/LINDSEY/TechMaturation2014/LS6500/Pre-irrad_2_141024/MeasurementNo00491.xls
Tray_Position S9_Position10 Number of `no vial` to this position 0
get measurement from /Users/djaffe/work/GIT/LINDSEY/TechMaturation2014/LS6500/Pre-irrad_2_141024/MeasurementNo00106.xls
get measurement from /Users/djaffe/work/GIT/LINDSEY/TechMaturation2014/LS6500/Pre-irrad_2_141024/MeasurementNo00299.xls
get measurement from /Users/djaffe/work/GIT/LINDSEY/TechMaturation2014/LS6500/Pre-irrad_2_141024/MeasurementNo00492.xls
Tray_Position S9_Position11 Number of `no vial` to this position 0
get measurement from /Users/djaffe/work/GIT/LINDSEY/TechMaturation2014/LS6500/Pre-irrad_2_141024/MeasurementNo00107.xls
get measurement from /Users/djaffe/work/GIT/LINDSEY/TechMaturation2014/LS6500/Pre-irrad_2_141024/MeasurementNo00300.xls
get measurement from /Users/djaffe/work/GIT/LINDSEY/TechMaturation2014/LS6500/Pre-irrad_2_141024/MeasurementNo00493.xls
Tray_Position S9_Position12 Number of `no vial` to this position 0
get measurement from /Users/djaffe/work/GIT/LINDSEY/TechMaturation2014/LS6500/Pre-irrad_2_141024/MeasurementNo00108.xls
get measurement from /Users/djaffe/work/GIT/LINDSEY/TechMaturation2014/LS6500/Pre-irrad_2_141024/MeasurementNo00301.xls
get measurement from /Users/djaffe/work/GIT/LINDSEY/TechMaturation2014/LS6500/Pre-irrad_2_141024/MeasurementNo00494.xls
Tray_Position S10_Position01 Number of `no vial` to this position 0
get measurement from /Users/djaffe/work/GIT/LINDSEY/TechMaturation2014/LS6500/Pre-irrad_2_141024/MeasurementNo00109.xls
get measurement from /Users/djaffe/work/GIT/LINDSEY/TechMaturation2014/LS6500/Pre-irrad_2_141024/MeasurementNo00302.xls
get measurement from /Users/djaffe/work/GIT/LINDSEY/TechMaturation2014/LS6500/Pre-irrad_2_141024/MeasurementNo00495.xls
Tray_Position S10_Position02 Number of `no vial` to this position 0
get measurement from /Users/djaffe/work/GIT/LINDSEY/TechMaturation2014/LS6500/Pre-irrad_2_141024/MeasurementNo00110.xls
get measurement from /Users/djaffe/work/GIT/LINDSEY/TechMaturation2014/LS6500/Pre-irrad_2_141024/MeasurementNo00303.xls
get measurement from /Users/djaffe/work/GIT/LINDSEY/TechMaturation2014/LS6500/Pre-irrad_2_141024/MeasurementNo00496.xls
Tray_Position S10_Position03 Number of `no vial` to this position 0
get measurement from /Users/djaffe/work/GIT/LINDSEY/TechMaturation2014/LS6500/Pre-irrad_2_141024/MeasurementNo00111.xls
get measurement from /Users/djaffe/work/GIT/LINDSEY/TechMaturation2014/LS6500/Pre-irrad_2_141024/MeasurementNo00304.xls
get measurement from /Users/djaffe/work/GIT/LINDSEY/TechMaturation2014/LS6500/Pre-irrad_2_141024/MeasurementNo00497.xls
Tray_Position S10_Position04 Number of `no vial` to this position 0
get measurement from /Users/djaffe/work/GIT/LINDSEY/TechMaturation2014/LS6500/Pre-irrad_2_141024/MeasurementNo00112.xls
get measurement from /Users/djaffe/work/GIT/LINDSEY/TechMaturation2014/LS6500/Pre-irrad_2_141024/MeasurementNo00305.xls
get measurement from /Users/djaffe/work/GIT/LINDSEY/TechMaturation2014/LS6500/Pre-irrad_2_141024/MeasurementNo00498.xls
Tray_Position S10_Position05 Number of `no vial` to this position 0
get measurement from /Users/djaffe/work/GIT/LINDSEY/TechMaturation2014/LS6500/Pre-irrad_2_141024/MeasurementNo00113.xls
get measurement from /Users/djaffe/work/GIT/LINDSEY/TechMaturation2014/LS6500/Pre-irrad_2_141024/MeasurementNo00306.xls
get measurement from /Users/djaffe/work/GIT/LINDSEY/TechMaturation2014/LS6500/Pre-irrad_2_141024/MeasurementNo00499.xls
Tray_Position S10_Position06 Number of `no vial` to this position 0
get measurement from /Users/djaffe/work/GIT/LINDSEY/TechMaturation2014/LS6500/Pre-irrad_2_141024/MeasurementNo00114.xls
get measurement from /Users/djaffe/work/GIT/LINDSEY/TechMaturation2014/LS6500/Pre-irrad_2_141024/MeasurementNo00307.xls
get measurement from /Users/djaffe/work/GIT/LINDSEY/TechMaturation2014/LS6500/Pre-irrad_2_141024/MeasurementNo00500.xls
Tray_Position S10_Position07 Number of `no vial` to this position 0
get measurement from /Users/djaffe/work/GIT/LINDSEY/TechMaturation2014/LS6500/Pre-irrad_2_141024/MeasurementNo00115.xls
get measurement from /Users/djaffe/work/GIT/LINDSEY/TechMaturation2014/LS6500/Pre-irrad_2_141024/MeasurementNo00308.xls
get measurement from /Users/djaffe/work/GIT/LINDSEY/TechMaturation2014/LS6500/Pre-irrad_2_141024/MeasurementNo00501.xls
Tray_Position S10_Position08 Number of `no vial` to this position 0
get measurement from /Users/djaffe/work/GIT/LINDSEY/TechMaturation2014/LS6500/Pre-irrad_2_141024/MeasurementNo00116.xls
get measurement from /Users/djaffe/work/GIT/LINDSEY/TechMaturation2014/LS6500/Pre-irrad_2_141024/MeasurementNo00309.xls
get measurement from /Users/djaffe/work/GIT/LINDSEY/TechMaturation2014/LS6500/Pre-irrad_2_141024/MeasurementNo00502.xls
Tray_Position S10_Position09 Number of `no vial` to this position 0
get measurement from /Users/djaffe/work/GIT/LINDSEY/TechMaturation2014/LS6500/Pre-irrad_2_141024/MeasurementNo00117.xls
get measurement from /Users/djaffe/work/GIT/LINDSEY/TechMaturation2014/LS6500/Pre-irrad_2_141024/MeasurementNo00310.xls
get measurement from /Users/djaffe/work/GIT/LINDSEY/TechMaturation2014/LS6500/Pre-irrad_2_141024/MeasurementNo00503.xls
Tray_Position S10_Position10 Number of `no vial` to this position 0
get measurement from /Users/djaffe/work/GIT/LINDSEY/TechMaturation2014/LS6500/Pre-irrad_2_141024/MeasurementNo00118.xls
get measurement from /Users/djaffe/work/GIT/LINDSEY/TechMaturation2014/LS6500/Pre-irrad_2_141024/MeasurementNo00311.xls
get measurement from /Users/djaffe/work/GIT/LINDSEY/TechMaturation2014/LS6500/Pre-irrad_2_141024/MeasurementNo00504.xls
Tray_Position S10_Position11 Number of `no vial` to this position 0
get measurement from /Users/djaffe/work/GIT/LINDSEY/TechMaturation2014/LS6500/Pre-irrad_2_141024/MeasurementNo00119.xls
get measurement from /Users/djaffe/work/GIT/LINDSEY/TechMaturation2014/LS6500/Pre-irrad_2_141024/MeasurementNo00312.xls
get measurement from /Users/djaffe/work/GIT/LINDSEY/TechMaturation2014/LS6500/Pre-irrad_2_141024/MeasurementNo00505.xls
Tray_Position S10_Position12 Number of `no vial` to this position 0
get measurement from /Users/djaffe/work/GIT/LINDSEY/TechMaturation2014/LS6500/Pre-irrad_2_141024/MeasurementNo00120.xls
get measurement from /Users/djaffe/work/GIT/LINDSEY/TechMaturation2014/LS6500/Pre-irrad_2_141024/MeasurementNo00313.xls
get measurement from /Users/djaffe/work/GIT/LINDSEY/TechMaturation2014/LS6500/Pre-irrad_2_141024/MeasurementNo00506.xls
Tray_Position S11_Position01 Number of `no vial` to this position 0
get measurement from /Users/djaffe/work/GIT/LINDSEY/TechMaturation2014/LS6500/Pre-irrad_2_141024/MeasurementNo00121.xls
get measurement from /Users/djaffe/work/GIT/LINDSEY/TechMaturation2014/LS6500/Pre-irrad_2_141024/MeasurementNo00314.xls
get measurement from /Users/djaffe/work/GIT/LINDSEY/TechMaturation2014/LS6500/Pre-irrad_2_141024/MeasurementNo00507.xls
Tray_Position S11_Position02 Number of `no vial` to this position 0
get measurement from /Users/djaffe/work/GIT/LINDSEY/TechMaturation2014/LS6500/Pre-irrad_2_141024/MeasurementNo00122.xls
get measurement from /Users/djaffe/work/GIT/LINDSEY/TechMaturation2014/LS6500/Pre-irrad_2_141024/MeasurementNo00315.xls
get measurement from /Users/djaffe/work/GIT/LINDSEY/TechMaturation2014/LS6500/Pre-irrad_2_141024/MeasurementNo00508.xls
Tray_Position S11_Position03 Number of `no vial` to this position 0
get measurement from /Users/djaffe/work/GIT/LINDSEY/TechMaturation2014/LS6500/Pre-irrad_2_141024/MeasurementNo00123.xls
get measurement from /Users/djaffe/work/GIT/LINDSEY/TechMaturation2014/LS6500/Pre-irrad_2_141024/MeasurementNo00316.xls
get measurement from /Users/djaffe/work/GIT/LINDSEY/TechMaturation2014/LS6500/Pre-irrad_2_141024/MeasurementNo00509.xls
Tray_Position S11_Position04 Number of `no vial` to this position 0
get measurement from /Users/djaffe/work/GIT/LINDSEY/TechMaturation2014/LS6500/Pre-irrad_2_141024/MeasurementNo00124.xls
get measurement from /Users/djaffe/work/GIT/LINDSEY/TechMaturation2014/LS6500/Pre-irrad_2_141024/MeasurementNo00317.xls
get measurement from /Users/djaffe/work/GIT/LINDSEY/TechMaturation2014/LS6500/Pre-irrad_2_141024/MeasurementNo00510.xls
Tray_Position S11_Position05 Number of `no vial` to this position 0
get measurement from /Users/djaffe/work/GIT/LINDSEY/TechMaturation2014/LS6500/Pre-irrad_2_141024/MeasurementNo00125.xls
get measurement from /Users/djaffe/work/GIT/LINDSEY/TechMaturation2014/LS6500/Pre-irrad_2_141024/MeasurementNo00318.xls
get measurement from /Users/djaffe/work/GIT/LINDSEY/TechMaturation2014/LS6500/Pre-irrad_2_141024/MeasurementNo00511.xls
Tray_Position S11_Position06 Number of `no vial` to this position 0
get measurement from /Users/djaffe/work/GIT/LINDSEY/TechMaturation2014/LS6500/Pre-irrad_2_141024/MeasurementNo00126.xls
get measurement from /Users/djaffe/work/GIT/LINDSEY/TechMaturation2014/LS6500/Pre-irrad_2_141024/MeasurementNo00319.xls
get measurement from /Users/djaffe/work/GIT/LINDSEY/TechMaturation2014/LS6500/Pre-irrad_2_141024/MeasurementNo00512.xls
Tray_Position S11_Position07 Number of `no vial` to this position 0
get measurement from /Users/djaffe/work/GIT/LINDSEY/TechMaturation2014/LS6500/Pre-irrad_2_141024/MeasurementNo00127.xls
get measurement from /Users/djaffe/work/GIT/LINDSEY/TechMaturation2014/LS6500/Pre-irrad_2_141024/MeasurementNo00320.xls
get measurement from /Users/djaffe/work/GIT/LINDSEY/TechMaturation2014/LS6500/Pre-irrad_2_141024/MeasurementNo00513.xls
Tray_Position S11_Position08 Number of `no vial` to this position 0
get measurement from /Users/djaffe/work/GIT/LINDSEY/TechMaturation2014/LS6500/Pre-irrad_2_141024/MeasurementNo00128.xls
get measurement from /Users/djaffe/work/GIT/LINDSEY/TechMaturation2014/LS6500/Pre-irrad_2_141024/MeasurementNo00321.xls
get measurement from /Users/djaffe/work/GIT/LINDSEY/TechMaturation2014/LS6500/Pre-irrad_2_141024/MeasurementNo00514.xls
Tray_Position S11_Position09 Number of `no vial` to this position 0
get measurement from /Users/djaffe/work/GIT/LINDSEY/TechMaturation2014/LS6500/Pre-irrad_2_141024/MeasurementNo00129.xls
get measurement from /Users/djaffe/work/GIT/LINDSEY/TechMaturation2014/LS6500/Pre-irrad_2_141024/MeasurementNo00322.xls
get measurement from /Users/djaffe/work/GIT/LINDSEY/TechMaturation2014/LS6500/Pre-irrad_2_141024/MeasurementNo00515.xls
Tray_Position S11_Position10 Number of `no vial` to this position 0
get measurement from /Users/djaffe/work/GIT/LINDSEY/TechMaturation2014/LS6500/Pre-irrad_2_141024/MeasurementNo00130.xls
get measurement from /Users/djaffe/work/GIT/LINDSEY/TechMaturation2014/LS6500/Pre-irrad_2_141024/MeasurementNo00323.xls
get measurement from /Users/djaffe/work/GIT/LINDSEY/TechMaturation2014/LS6500/Pre-irrad_2_141024/MeasurementNo00516.xls
Tray_Position S11_Position11 Number of `no vial` to this position 0
get measurement from /Users/djaffe/work/GIT/LINDSEY/TechMaturation2014/LS6500/Pre-irrad_2_141024/MeasurementNo00131.xls
get measurement from /Users/djaffe/work/GIT/LINDSEY/TechMaturation2014/LS6500/Pre-irrad_2_141024/MeasurementNo00324.xls
get measurement from /Users/djaffe/work/GIT/LINDSEY/TechMaturation2014/LS6500/Pre-irrad_2_141024/MeasurementNo00517.xls
Tray_Position S11_Position12 Number of `no vial` to this position 0
get measurement from /Users/djaffe/work/GIT/LINDSEY/TechMaturation2014/LS6500/Pre-irrad_2_141024/MeasurementNo00132.xls
get measurement from /Users/djaffe/work/GIT/LINDSEY/TechMaturation2014/LS6500/Pre-irrad_2_141024/MeasurementNo00325.xls
get measurement from /Users/djaffe/work/GIT/LINDSEY/TechMaturation2014/LS6500/Pre-irrad_2_141024/MeasurementNo00518.xls
Tray_Position S12_Position01 Number of `no vial` to this position 0
get measurement from /Users/djaffe/work/GIT/LINDSEY/TechMaturation2014/LS6500/Pre-irrad_2_141024/MeasurementNo00133.xls
get measurement from /Users/djaffe/work/GIT/LINDSEY/TechMaturation2014/LS6500/Pre-irrad_2_141024/MeasurementNo00326.xls
get measurement from /Users/djaffe/work/GIT/LINDSEY/TechMaturation2014/LS6500/Pre-irrad_2_141024/MeasurementNo00519.xls
Tray_Position S12_Position02 Number of `no vial` to this position 0
get measurement from /Users/djaffe/work/GIT/LINDSEY/TechMaturation2014/LS6500/Pre-irrad_2_141024/MeasurementNo00134.xls
get measurement from /Users/djaffe/work/GIT/LINDSEY/TechMaturation2014/LS6500/Pre-irrad_2_141024/MeasurementNo00327.xls
get measurement from /Users/djaffe/work/GIT/LINDSEY/TechMaturation2014/LS6500/Pre-irrad_2_141024/MeasurementNo00520.xls
Tray_Position S12_Position03 Number of `no vial` to this position 0
get measurement from /Users/djaffe/work/GIT/LINDSEY/TechMaturation2014/LS6500/Pre-irrad_2_141024/MeasurementNo00135.xls
get measurement from /Users/djaffe/work/GIT/LINDSEY/TechMaturation2014/LS6500/Pre-irrad_2_141024/MeasurementNo00328.xls
get measurement from /Users/djaffe/work/GIT/LINDSEY/TechMaturation2014/LS6500/Pre-irrad_2_141024/MeasurementNo00521.xls
Tray_Position S12_Position04 Number of `no vial` to this position 0
get measurement from /Users/djaffe/work/GIT/LINDSEY/TechMaturation2014/LS6500/Pre-irrad_2_141024/MeasurementNo00136.xls
get measurement from /Users/djaffe/work/GIT/LINDSEY/TechMaturation2014/LS6500/Pre-irrad_2_141024/MeasurementNo00329.xls
get measurement from /Users/djaffe/work/GIT/LINDSEY/TechMaturation2014/LS6500/Pre-irrad_2_141024/MeasurementNo00522.xls
Tray_Position S12_Position05 Number of `no vial` to this position 0
get measurement from /Users/djaffe/work/GIT/LINDSEY/TechMaturation2014/LS6500/Pre-irrad_2_141024/MeasurementNo00137.xls
get measurement from /Users/djaffe/work/GIT/LINDSEY/TechMaturation2014/LS6500/Pre-irrad_2_141024/MeasurementNo00330.xls
get measurement from /Users/djaffe/work/GIT/LINDSEY/TechMaturation2014/LS6500/Pre-irrad_2_141024/MeasurementNo00523.xls
Tray_Position S12_Position06 Number of `no vial` to this position 0
get measurement from /Users/djaffe/work/GIT/LINDSEY/TechMaturation2014/LS6500/Pre-irrad_2_141024/MeasurementNo00138.xls
get measurement from /Users/djaffe/work/GIT/LINDSEY/TechMaturation2014/LS6500/Pre-irrad_2_141024/MeasurementNo00331.xls
get measurement from /Users/djaffe/work/GIT/LINDSEY/TechMaturation2014/LS6500/Pre-irrad_2_141024/MeasurementNo00524.xls
Tray_Position S12_Position07 Number of `no vial` to this position 0
get measurement from /Users/djaffe/work/GIT/LINDSEY/TechMaturation2014/LS6500/Pre-irrad_2_141024/MeasurementNo00139.xls
get measurement from /Users/djaffe/work/GIT/LINDSEY/TechMaturation2014/LS6500/Pre-irrad_2_141024/MeasurementNo00332.xls
get measurement from /Users/djaffe/work/GIT/LINDSEY/TechMaturation2014/LS6500/Pre-irrad_2_141024/MeasurementNo00525.xls
Tray_Position S12_Position08 Number of `no vial` to this position 0
get measurement from /Users/djaffe/work/GIT/LINDSEY/TechMaturation2014/LS6500/Pre-irrad_2_141024/MeasurementNo00140.xls
get measurement from /Users/djaffe/work/GIT/LINDSEY/TechMaturation2014/LS6500/Pre-irrad_2_141024/MeasurementNo00333.xls
get measurement from /Users/djaffe/work/GIT/LINDSEY/TechMaturation2014/LS6500/Pre-irrad_2_141024/MeasurementNo00526.xls
Tray_Position S12_Position09 Number of `no vial` to this position 0
get measurement from /Users/djaffe/work/GIT/LINDSEY/TechMaturation2014/LS6500/Pre-irrad_2_141024/MeasurementNo00141.xls
get measurement from /Users/djaffe/work/GIT/LINDSEY/TechMaturation2014/LS6500/Pre-irrad_2_141024/MeasurementNo00334.xls
get measurement from /Users/djaffe/work/GIT/LINDSEY/TechMaturation2014/LS6500/Pre-irrad_2_141024/MeasurementNo00527.xls
Tray_Position S12_Position10 Number of `no vial` to this position 0
get measurement from /Users/djaffe/work/GIT/LINDSEY/TechMaturation2014/LS6500/Pre-irrad_2_141024/MeasurementNo00142.xls
get measurement from /Users/djaffe/work/GIT/LINDSEY/TechMaturation2014/LS6500/Pre-irrad_2_141024/MeasurementNo00335.xls
get measurement from /Users/djaffe/work/GIT/LINDSEY/TechMaturation2014/LS6500/Pre-irrad_2_141024/MeasurementNo00528.xls
Tray_Position S12_Position11 Number of `no vial` to this position 0
get measurement from /Users/djaffe/work/GIT/LINDSEY/TechMaturation2014/LS6500/Pre-irrad_2_141024/MeasurementNo00143.xls
get measurement from /Users/djaffe/work/GIT/LINDSEY/TechMaturation2014/LS6500/Pre-irrad_2_141024/MeasurementNo00336.xls
get measurement from /Users/djaffe/work/GIT/LINDSEY/TechMaturation2014/LS6500/Pre-irrad_2_141024/MeasurementNo00529.xls
Tray_Position S12_Position12 Number of `no vial` to this position 0
get measurement from /Users/djaffe/work/GIT/LINDSEY/TechMaturation2014/LS6500/Pre-irrad_2_141024/MeasurementNo00144.xls
get measurement from /Users/djaffe/work/GIT/LINDSEY/TechMaturation2014/LS6500/Pre-irrad_2_141024/MeasurementNo00337.xls
Tray_Position S13_Position01 Number of `no vial` to this position 0
get measurement from /Users/djaffe/work/GIT/LINDSEY/TechMaturation2014/LS6500/Pre-irrad_2_141024/MeasurementNo00145.xls
get measurement from /Users/djaffe/work/GIT/LINDSEY/TechMaturation2014/LS6500/Pre-irrad_2_141024/MeasurementNo00338.xls
Tray_Position S13_Position02 Number of `no vial` to this position 0
get measurement from /Users/djaffe/work/GIT/LINDSEY/TechMaturation2014/LS6500/Pre-irrad_2_141024/MeasurementNo00146.xls
get measurement from /Users/djaffe/work/GIT/LINDSEY/TechMaturation2014/LS6500/Pre-irrad_2_141024/MeasurementNo00339.xls
Tray_Position S13_Position03 Number of `no vial` to this position 0
get measurement from /Users/djaffe/work/GIT/LINDSEY/TechMaturation2014/LS6500/Pre-irrad_2_141024/MeasurementNo00147.xls
get measurement from /Users/djaffe/work/GIT/LINDSEY/TechMaturation2014/LS6500/Pre-irrad_2_141024/MeasurementNo00340.xls
Tray_Position S13_Position04 Number of `no vial` to this position 0
get measurement from /Users/djaffe/work/GIT/LINDSEY/TechMaturation2014/LS6500/Pre-irrad_2_141024/MeasurementNo00148.xls
get measurement from /Users/djaffe/work/GIT/LINDSEY/TechMaturation2014/LS6500/Pre-irrad_2_141024/MeasurementNo00341.xls
Tray_Position S13_Position05 Number of `no vial` to this position 0
get measurement from /Users/djaffe/work/GIT/LINDSEY/TechMaturation2014/LS6500/Pre-irrad_2_141024/MeasurementNo00149.xls
get measurement from /Users/djaffe/work/GIT/LINDSEY/TechMaturation2014/LS6500/Pre-irrad_2_141024/MeasurementNo00342.xls
Tray_Position S13_Position06 Number of `no vial` to this position 0
get measurement from /Users/djaffe/work/GIT/LINDSEY/TechMaturation2014/LS6500/Pre-irrad_2_141024/MeasurementNo00150.xls
get measurement from /Users/djaffe/work/GIT/LINDSEY/TechMaturation2014/LS6500/Pre-irrad_2_141024/MeasurementNo00343.xls
Tray_Position S13_Position07 Number of `no vial` to this position 0
get measurement from /Users/djaffe/work/GIT/LINDSEY/TechMaturation2014/LS6500/Pre-irrad_2_141024/MeasurementNo00151.xls
get measurement from /Users/djaffe/work/GIT/LINDSEY/TechMaturation2014/LS6500/Pre-irrad_2_141024/MeasurementNo00344.xls
Tray_Position S13_Position08 Number of `no vial` to this position 0
get measurement from /Users/djaffe/work/GIT/LINDSEY/TechMaturation2014/LS6500/Pre-irrad_2_141024/MeasurementNo00152.xls
get measurement from /Users/djaffe/work/GIT/LINDSEY/TechMaturation2014/LS6500/Pre-irrad_2_141024/MeasurementNo00345.xls
Tray_Position S13_Position09 Number of `no vial` to this position 0
get measurement from /Users/djaffe/work/GIT/LINDSEY/TechMaturation2014/LS6500/Pre-irrad_2_141024/MeasurementNo00153.xls
get measurement from /Users/djaffe/work/GIT/LINDSEY/TechMaturation2014/LS6500/Pre-irrad_2_141024/MeasurementNo00346.xls
Tray_Position S13_Position10 Number of `no vial` to this position 0
get measurement from /Users/djaffe/work/GIT/LINDSEY/TechMaturation2014/LS6500/Pre-irrad_2_141024/MeasurementNo00154.xls
get measurement from /Users/djaffe/work/GIT/LINDSEY/TechMaturation2014/LS6500/Pre-irrad_2_141024/MeasurementNo00347.xls
Tray_Position S13_Position11 Number of `no vial` to this position 0
get measurement from /Users/djaffe/work/GIT/LINDSEY/TechMaturation2014/LS6500/Pre-irrad_2_141024/MeasurementNo00155.xls
get measurement from /Users/djaffe/work/GIT/LINDSEY/TechMaturation2014/LS6500/Pre-irrad_2_141024/MeasurementNo00348.xls
Tray_Position S13_Position12 Number of `no vial` to this position 0
get measurement from /Users/djaffe/work/GIT/LINDSEY/TechMaturation2014/LS6500/Pre-irrad_2_141024/MeasurementNo00156.xls
get measurement from /Users/djaffe/work/GIT/LINDSEY/TechMaturation2014/LS6500/Pre-irrad_2_141024/MeasurementNo00349.xls
Tray_Position S14_Position01 Number of `no vial` to this position 0
get measurement from /Users/djaffe/work/GIT/LINDSEY/TechMaturation2014/LS6500/Pre-irrad_2_141024/MeasurementNo00157.xls
get measurement from /Users/djaffe/work/GIT/LINDSEY/TechMaturation2014/LS6500/Pre-irrad_2_141024/MeasurementNo00350.xls
Tray_Position S14_Position02 Number of `no vial` to this position 0
get measurement from /Users/djaffe/work/GIT/LINDSEY/TechMaturation2014/LS6500/Pre-irrad_2_141024/MeasurementNo00158.xls
get measurement from /Users/djaffe/work/GIT/LINDSEY/TechMaturation2014/LS6500/Pre-irrad_2_141024/MeasurementNo00351.xls
Tray_Position S14_Position03 Number of `no vial` to this position 0
get measurement from /Users/djaffe/work/GIT/LINDSEY/TechMaturation2014/LS6500/Pre-irrad_2_141024/MeasurementNo00159.xls
get measurement from /Users/djaffe/work/GIT/LINDSEY/TechMaturation2014/LS6500/Pre-irrad_2_141024/MeasurementNo00352.xls
Tray_Position S14_Position04 Number of `no vial` to this position 0
get measurement from /Users/djaffe/work/GIT/LINDSEY/TechMaturation2014/LS6500/Pre-irrad_2_141024/MeasurementNo00160.xls
get measurement from /Users/djaffe/work/GIT/LINDSEY/TechMaturation2014/LS6500/Pre-irrad_2_141024/MeasurementNo00353.xls
Tray_Position S14_Position05 Number of `no vial` to this position 0
get measurement from /Users/djaffe/work/GIT/LINDSEY/TechMaturation2014/LS6500/Pre-irrad_2_141024/MeasurementNo00161.xls
get measurement from /Users/djaffe/work/GIT/LINDSEY/TechMaturation2014/LS6500/Pre-irrad_2_141024/MeasurementNo00354.xls
Tray_Position S14_Position06 Number of `no vial` to this position 0
get measurement from /Users/djaffe/work/GIT/LINDSEY/TechMaturation2014/LS6500/Pre-irrad_2_141024/MeasurementNo00162.xls
get measurement from /Users/djaffe/work/GIT/LINDSEY/TechMaturation2014/LS6500/Pre-irrad_2_141024/MeasurementNo00355.xls
Tray_Position S14_Position07 Number of `no vial` to this position 0
get measurement from /Users/djaffe/work/GIT/LINDSEY/TechMaturation2014/LS6500/Pre-irrad_2_141024/MeasurementNo00163.xls
get measurement from /Users/djaffe/work/GIT/LINDSEY/TechMaturation2014/LS6500/Pre-irrad_2_141024/MeasurementNo00356.xls
Tray_Position S14_Position08 Number of `no vial` to this position 0
get measurement from /Users/djaffe/work/GIT/LINDSEY/TechMaturation2014/LS6500/Pre-irrad_2_141024/MeasurementNo00164.xls
get measurement from /Users/djaffe/work/GIT/LINDSEY/TechMaturation2014/LS6500/Pre-irrad_2_141024/MeasurementNo00357.xls
Tray_Position S14_Position09 Number of `no vial` to this position 0
get measurement from /Users/djaffe/work/GIT/LINDSEY/TechMaturation2014/LS6500/Pre-irrad_2_141024/MeasurementNo00165.xls
get measurement from /Users/djaffe/work/GIT/LINDSEY/TechMaturation2014/LS6500/Pre-irrad_2_141024/MeasurementNo00358.xls
Tray_Position S14_Position10 Number of `no vial` to this position 0
get measurement from /Users/djaffe/work/GIT/LINDSEY/TechMaturation2014/LS6500/Pre-irrad_2_141024/MeasurementNo00166.xls
get measurement from /Users/djaffe/work/GIT/LINDSEY/TechMaturation2014/LS6500/Pre-irrad_2_141024/MeasurementNo00359.xls
Tray_Position S14_Position11 Number of `no vial` to this position 0
get measurement from /Users/djaffe/work/GIT/LINDSEY/TechMaturation2014/LS6500/Pre-irrad_2_141024/MeasurementNo00167.xls
get measurement from /Users/djaffe/work/GIT/LINDSEY/TechMaturation2014/LS6500/Pre-irrad_2_141024/MeasurementNo00360.xls
Tray_Position S14_Position12 Number of `no vial` to this position 0
get measurement from /Users/djaffe/work/GIT/LINDSEY/TechMaturation2014/LS6500/Pre-irrad_2_141024/MeasurementNo00168.xls
get measurement from /Users/djaffe/work/GIT/LINDSEY/TechMaturation2014/LS6500/Pre-irrad_2_141024/MeasurementNo00361.xls
Tray_Position S15_Position01 Number of `no vial` to this position 0
get measurement from /Users/djaffe/work/GIT/LINDSEY/TechMaturation2014/LS6500/Pre-irrad_2_141024/MeasurementNo00169.xls
get measurement from /Users/djaffe/work/GIT/LINDSEY/TechMaturation2014/LS6500/Pre-irrad_2_141024/MeasurementNo00362.xls
Tray_Position S15_Position02 Number of `no vial` to this position 0
get measurement from /Users/djaffe/work/GIT/LINDSEY/TechMaturation2014/LS6500/Pre-irrad_2_141024/MeasurementNo00170.xls
get measurement from /Users/djaffe/work/GIT/LINDSEY/TechMaturation2014/LS6500/Pre-irrad_2_141024/MeasurementNo00363.xls
Tray_Position S15_Position03 Number of `no vial` to this position 0
get measurement from /Users/djaffe/work/GIT/LINDSEY/TechMaturation2014/LS6500/Pre-irrad_2_141024/MeasurementNo00171.xls
get measurement from /Users/djaffe/work/GIT/LINDSEY/TechMaturation2014/LS6500/Pre-irrad_2_141024/MeasurementNo00364.xls
Tray_Position S15_Position04 Number of `no vial` to this position 0
get measurement from /Users/djaffe/work/GIT/LINDSEY/TechMaturation2014/LS6500/Pre-irrad_2_141024/MeasurementNo00172.xls
get measurement from /Users/djaffe/work/GIT/LINDSEY/TechMaturation2014/LS6500/Pre-irrad_2_141024/MeasurementNo00365.xls
Tray_Position S15_Position05 Number of `no vial` to this position 0
get measurement from /Users/djaffe/work/GIT/LINDSEY/TechMaturation2014/LS6500/Pre-irrad_2_141024/MeasurementNo00173.xls
get measurement from /Users/djaffe/work/GIT/LINDSEY/TechMaturation2014/LS6500/Pre-irrad_2_141024/MeasurementNo00366.xls
Tray_Position S15_Position06 Number of `no vial` to this position 0
get measurement from /Users/djaffe/work/GIT/LINDSEY/TechMaturation2014/LS6500/Pre-irrad_2_141024/MeasurementNo00174.xls
get measurement from /Users/djaffe/work/GIT/LINDSEY/TechMaturation2014/LS6500/Pre-irrad_2_141024/MeasurementNo00367.xls
Tray_Position S15_Position07 Number of `no vial` to this position 0
get measurement from /Users/djaffe/work/GIT/LINDSEY/TechMaturation2014/LS6500/Pre-irrad_2_141024/MeasurementNo00175.xls
get measurement from /Users/djaffe/work/GIT/LINDSEY/TechMaturation2014/LS6500/Pre-irrad_2_141024/MeasurementNo00368.xls
Tray_Position S15_Position08 Number of `no vial` to this position 0
get measurement from /Users/djaffe/work/GIT/LINDSEY/TechMaturation2014/LS6500/Pre-irrad_2_141024/MeasurementNo00176.xls
get measurement from /Users/djaffe/work/GIT/LINDSEY/TechMaturation2014/LS6500/Pre-irrad_2_141024/MeasurementNo00369.xls
Tray_Position S15_Position09 Number of `no vial` to this position 0
get measurement from /Users/djaffe/work/GIT/LINDSEY/TechMaturation2014/LS6500/Pre-irrad_2_141024/MeasurementNo00177.xls
get measurement from /Users/djaffe/work/GIT/LINDSEY/TechMaturation2014/LS6500/Pre-irrad_2_141024/MeasurementNo00370.xls
Tray_Position S15_Position10 Number of `no vial` to this position 0
get measurement from /Users/djaffe/work/GIT/LINDSEY/TechMaturation2014/LS6500/Pre-irrad_2_141024/MeasurementNo00178.xls
get measurement from /Users/djaffe/work/GIT/LINDSEY/TechMaturation2014/LS6500/Pre-irrad_2_141024/MeasurementNo00371.xls
Tray_Position S15_Position11 Number of `no vial` to this position 0
get measurement from /Users/djaffe/work/GIT/LINDSEY/TechMaturation2014/LS6500/Pre-irrad_2_141024/MeasurementNo00179.xls
get measurement from /Users/djaffe/work/GIT/LINDSEY/TechMaturation2014/LS6500/Pre-irrad_2_141024/MeasurementNo00372.xls
Tray_Position S15_Position12 Number of `no vial` to this position 0
get measurement from /Users/djaffe/work/GIT/LINDSEY/TechMaturation2014/LS6500/Pre-irrad_2_141024/MeasurementNo00180.xls
get measurement from /Users/djaffe/work/GIT/LINDSEY/TechMaturation2014/LS6500/Pre-irrad_2_141024/MeasurementNo00373.xls
Tray_Position R1_Position01 Number of `no vial` to this position 0
get measurement from /Users/djaffe/work/GIT/LINDSEY/TechMaturation2014/LS6500/Pre-irrad_2_141024/MeasurementNo00181.xls
get measurement from /Users/djaffe/work/GIT/LINDSEY/TechMaturation2014/LS6500/Pre-irrad_2_141024/MeasurementNo00374.xls
Tray_Position R1_Position02 Number of `no vial` to this position 0
get measurement from /Users/djaffe/work/GIT/LINDSEY/TechMaturation2014/LS6500/Pre-irrad_2_141024/MeasurementNo00182.xls
get measurement from /Users/djaffe/work/GIT/LINDSEY/TechMaturation2014/LS6500/Pre-irrad_2_141024/MeasurementNo00375.xls
Tray_Position R1_Position03 Number of `no vial` to this position 0
get measurement from /Users/djaffe/work/GIT/LINDSEY/TechMaturation2014/LS6500/Pre-irrad_2_141024/MeasurementNo00183.xls
get measurement from /Users/djaffe/work/GIT/LINDSEY/TechMaturation2014/LS6500/Pre-irrad_2_141024/MeasurementNo00376.xls
Tray_Position R1_Position04 Number of `no vial` to this position 0
get measurement from /Users/djaffe/work/GIT/LINDSEY/TechMaturation2014/LS6500/Pre-irrad_2_141024/MeasurementNo00184.xls
get measurement from /Users/djaffe/work/GIT/LINDSEY/TechMaturation2014/LS6500/Pre-irrad_2_141024/MeasurementNo00377.xls
Tray_Position R1_Position05 Number of `no vial` to this position 0
get measurement from /Users/djaffe/work/GIT/LINDSEY/TechMaturation2014/LS6500/Pre-irrad_2_141024/MeasurementNo00185.xls
get measurement from /Users/djaffe/work/GIT/LINDSEY/TechMaturation2014/LS6500/Pre-irrad_2_141024/MeasurementNo00378.xls
Tray_Position R1_Position06 Number of `no vial` to this position 0
get measurement from /Users/djaffe/work/GIT/LINDSEY/TechMaturation2014/LS6500/Pre-irrad_2_141024/MeasurementNo00186.xls
get measurement from /Users/djaffe/work/GIT/LINDSEY/TechMaturation2014/LS6500/Pre-irrad_2_141024/MeasurementNo00379.xls
Tray_Position R1_Position07 Number of `no vial` to this position 0
get measurement from /Users/djaffe/work/GIT/LINDSEY/TechMaturation2014/LS6500/Pre-irrad_2_141024/MeasurementNo00187.xls
get measurement from /Users/djaffe/work/GIT/LINDSEY/TechMaturation2014/LS6500/Pre-irrad_2_141024/MeasurementNo00380.xls
Tray_Position R1_Position08 Number of `no vial` to this position 0
get measurement from /Users/djaffe/work/GIT/LINDSEY/TechMaturation2014/LS6500/Pre-irrad_2_141024/MeasurementNo00188.xls
get measurement from /Users/djaffe/work/GIT/LINDSEY/TechMaturation2014/LS6500/Pre-irrad_2_141024/MeasurementNo00381.xls
Tray_Position R1_Position09 Number of `no vial` to this position 0
get measurement from /Users/djaffe/work/GIT/LINDSEY/TechMaturation2014/LS6500/Pre-irrad_2_141024/MeasurementNo00189.xls
get measurement from /Users/djaffe/work/GIT/LINDSEY/TechMaturation2014/LS6500/Pre-irrad_2_141024/MeasurementNo00382.xls
Tray_Position R1_Position10 Number of `no vial` to this position 0
get measurement from /Users/djaffe/work/GIT/LINDSEY/TechMaturation2014/LS6500/Pre-irrad_2_141024/MeasurementNo00190.xls
get measurement from /Users/djaffe/work/GIT/LINDSEY/TechMaturation2014/LS6500/Pre-irrad_2_141024/MeasurementNo00383.xls
Tray_Position R1_Position11 Number of `no vial` to this position 0
get measurement from /Users/djaffe/work/GIT/LINDSEY/TechMaturation2014/LS6500/Pre-irrad_2_141024/MeasurementNo00191.xls
get measurement from /Users/djaffe/work/GIT/LINDSEY/TechMaturation2014/LS6500/Pre-irrad_2_141024/MeasurementNo00384.xls
Tray_Position R1_Position12 Number of `no vial` to this position 0
get measurement from /Users/djaffe/work/GIT/LINDSEY/TechMaturation2014/LS6500/Pre-irrad_2_141024/MeasurementNo00192.xls
get measurement from /Users/djaffe/work/GIT/LINDSEY/TechMaturation2014/LS6500/Pre-irrad_2_141024/MeasurementNo00385.xls
ls6500.putOrGet: patience...writing pickled data to Pickles/Pre-irrad_2_141024.pickle
ls6500.Analyze
sample 0052_2F12
sample 0142_1F26
sample 0142_3R33
sample 0052_3R12
sample 0052_3R14
sample 0052_3R17
sample 0050_FPMT
sample EMPTY_S14_Position01
sample 0100_1R15
sample 0102_1F25
sample 0102_1F21
sample 0140_4R23
sample 0142_2F26
sample 0102_2R25
sample 0100_3F15
sample 0142_3F26
sample 0050_1F11
sample 0142_4F26
sample 0050_1F13
sample EMPTY_S13_Position01
sample EMPTY_S13_Position03
sample 0050_1F16
sample 0142_3R26
sample EMPTY_S8_Position08
sample 1002_3F32
sample EMPTY_S12_Position12
sample 0142_1R33
sample 0052_4F14
sample 0100_REF1
sample 0100_REF2
sample 0052_4F17
sample 0052_REF1
sample 0052_4F12
sample 0100_4R22
sample 1002_3R32
sample 0140_4R31
sample 1002_2F32
sample 1002_3R35
sample 0052_1F12
sample 0052_1F17
sample 0100_4R27
sample 0052_1F14
sample 0102_2F21
sample EMPTY_S9_Position09
sample 0102_2F25
sample 1000_2R37
sample 0100_3R15
sample 0140_4F31
sample 0052_4R12
sample 0100_4F22
sample 0052_4R14
sample 0052_REF2
sample 0100_4F27
sample 0052_4R17
sample 1002_1R35
sample 1000_REF1
sample 0100_1F27
sample 1002_1R32
sample 1002_4F32
sample 0142_1R26
sample 1002_4F35
sample 1000_2R36
sample 0142_1F33
sample 1000_2R34
sample 0050_3R16
sample 0140_3F31
sample 0100_2F15
sample 0102_4F25
sample 1002_2F35
sample EMPTY_S15_Position01
sample EMPTY_S15_Position05
sample EMPTY_S5_Position05
sample 1000_3R37
sample 0140_2R31
sample 1000_2F36
sample 1000_2F37
sample 1000_2F34
sample 0100_1F15
sample 0140_1F31
sample 0100_2R15
sample 0142_2R26
sample 0100_2R27
sample 0052_3F14
sample 0052_3F17
sample 0100_2R22
sample 0052_3F12
sample 0102_4R25
sample 0142_2F33
sample 0102_4R21
sample 0140_3F23
sample 0050_4R16
sample 0142_4F33
sample 0050_4R13
sample 0050_4R11
sample EMPTY_S14_Position04
sample 0102_3R21
sample 0052_2F17
sample 0052_2F14
sample 0102_3R25
sample 0050_REF2
sample 1002_3F35
sample 0142_4R26
sample 0140_4F23
sample 0050_2F16
sample 0140_3R23
sample 0050_2F11
sample 0050_2F13
sample 0142_2R33
sample 0102_4F21
sample 1000_4R34
sample 0140_1F23
sample 1000_4R36
sample 1000_4R37
sample 0100_4R15
sample 0050_2R13
sample 1002_1F32
sample 1002_1F35
sample 0050_REF1
sample 1000_1R37
sample 1000_1R36
sample 1000_1R34
sample EMPTY_S3_Position03
sample 0100_3R27
sample 0100_3R22
sample 0100_4F15
sample 0140_3R31
sample 0142_4R33
sample 0052_1R17
sample 0052_1R14
sample 0052_1R12
sample 0050_RPMT
sample EMPTY_S6_Position06
sample EMPTY_S10_Position10
sample 0140_1R31
sample 0102_2R21
sample STD_3_H
sample 0102_REF2
sample 0050_1R16
sample 0050_1R11
sample 1000_3R34
sample 0050_1R13
sample 1000_3R36
sample 0102_1R21
sample 0140_2F23
sample 0102_1R25
sample 0102_REF1
sample 0050_4F13
sample 1002_2R32
sample 0050_4F11
sample 0050_4F16
sample 1002_2R35
sample 0100_1F22
sample STD_14_C
sample EMPTY_S11_Position11
sample 1000_3F34
sample 1000_3F37
sample 1000_3F36
sample 0140_REF1
sample 0140_1R23
sample 0100_2F27
sample 0100_3F22
sample 0140_2F31
sample EMPTY_S7_Position07
sample 0142_3F33
sample 1002_REF1
sample 0140_2R23
sample 0142_REF1
sample EMPTY_S4_Position04
sample 0100_3F27
sample 0052_2R17
sample 0052_2R14
sample 0102_3F25
sample 0052_2R12
sample 0102_3F21
sample 0050_2R11
sample 1002_4R35
sample 1002_4R32
sample 0050_2R16
sample 0050_3F16
sample 0050_3F13
sample 0050_3F11
sample 1000_4F34
sample 0100_1R27
sample 1000_4F36
sample 1000_4F37
sample 0100_1R22
sample 1000_1F36
sample 0050_3R13
sample 0100_2F22
sample 1000_1F37
sample 0050_3R11
sample 1000_1F34
ls6500.Analyze: Wrote hists to Histograms/Pre-irrad_2_141024.root
