ls6500: Output directed to terminal and Log/Pre-irrad_8_141107_201411141055_100225.log
ls6500: Irradiation date is 2020/04/01 01:23:45
ls6500: initialization ls6500
dataDir /Users/djaffe/work/GIT/LINDSEY/TechMaturation2014/LS6500/Pre-irrad_8_141107/ 
dataSubDir Pre-irrad_8_141107/
initialize spreadsheetReader
ls6500.Main: pickMode put
ls6500.processHeader: S1_Position03 has no vial
ls6500.processHeader: S1_Position05 has no vial
ls6500.processHeader: S1_Position07 has no vial
ls6500.processHeader: S1_Position09 has no vial
ls6500.processHeader: S1_Position11 has no vial
ls6500.processHeader: S2_Position01 has no vial
ls6500.processHeader: S2_Position04 has no vial
ls6500.processHeader: S2_Position06 has no vial
ls6500.processHeader: S2_Position08 has no vial
ls6500.processHeader: S2_Position10 has no vial
ls6500.processHeader: S2_Position12 has no vial
ls6500.processHeader: S3_Position02 has no vial
ls6500.processHeader: S3_Position05 has no vial
ls6500.processHeader: S3_Position07 has no vial
ls6500.processHeader: S3_Position09 has no vial
ls6500.processHeader: S3_Position11 has no vial
ls6500.processHeader: S4_Position01 has no vial
ls6500.processHeader: S4_Position03 has no vial
ls6500.processHeader: S4_Position06 has no vial
ls6500.processHeader: S4_Position08 has no vial
ls6500.processHeader: S4_Position10 has no vial
ls6500.processHeader: S4_Position12 has no vial
ls6500.processHeader: S5_Position02 has no vial
ls6500.processHeader: S5_Position04 has no vial
ls6500.processHeader: S5_Position07 has no vial
ls6500.processHeader: S5_Position09 has no vial
ls6500.processHeader: S5_Position11 has no vial
ls6500.processHeader: S6_Position01 has no vial
ls6500.processHeader: S6_Position03 has no vial
ls6500.processHeader: S6_Position05 has no vial
ls6500.processHeader: S6_Position08 has no vial
ls6500.processHeader: S6_Position10 has no vial
ls6500.processHeader: S7_Position02 has no vial
ls6500.processHeader: S7_Position04 has no vial
ls6500.processHeader: S7_Position06 has no vial
ls6500.processHeader: S7_Position09 has no vial
ls6500.processHeader: S7_Position11 has no vial
ls6500.processHeader: S8_Position01 has no vial
ls6500.processHeader: S8_Position03 has no vial
ls6500.processHeader: S8_Position05 has no vial
ls6500.processHeader: S8_Position07 has no vial
ls6500.processHeader: S8_Position10 has no vial
ls6500.processHeader: S8_Position11 has no vial
ls6500.processHeader: S8_Position12 has no vial
ls6500.processHeader: S9_Position01 has no vial
ls6500.processHeader: S9_Position02 has no vial
ls6500.processHeader: S9_Position04 has no vial
ls6500.processHeader: S9_Position06 has no vial
ls6500.processHeader: S9_Position07 has no vial
ls6500.processHeader: S9_Position08 has no vial
ls6500.processHeader: S9_Position10 has no vial
ls6500.processHeader: S9_Position11 has no vial
ls6500.processHeader: S10_Position01 has no vial
ls6500.processHeader: S10_Position03 has no vial
ls6500.processHeader: S10_Position05 has no vial
ls6500.processHeader: S10_Position07 has no vial
ls6500.processHeader: S10_Position09 has no vial
ls6500.processHeader: S10_Position12 has no vial
ls6500.processHeader: S11_Position02 has no vial
ls6500.processHeader: S11_Position04 has no vial
ls6500.processHeader: S11_Position06 has no vial
ls6500.processHeader: S11_Position08 has no vial
ls6500.processHeader: S11_Position09 has no vial
ls6500.processHeader: S11_Position10 has no vial
ls6500.processHeader: S11_Position12 has no vial
ls6500.processHeader: S12_Position01 has no vial
ls6500.processHeader: S12_Position03 has no vial
ls6500.processHeader: S12_Position05 has no vial
ls6500.processHeader: S12_Position06 has no vial
ls6500.processHeader: S12_Position07 has no vial
ls6500.processHeader: S12_Position08 has no vial
ls6500.processHeader: S12_Position09 has no vial
ls6500.processHeader: S12_Position11 has no vial
ls6500.processHeader: S13_Position04 has no vial
ls6500.processHeader: S13_Position06 has no vial
ls6500.processHeader: S13_Position08 has no vial
ls6500.processHeader: S13_Position11 has no vial
ls6500.processHeader: S13_Position12 has no vial
ls6500.processHeader: S14_Position08 has no vial
ls6500.processHeader: S14_Position10 has no vial
ls6500.processHeader: S14_Position12 has no vial
ls6500.processHeader: S15_Position03 has no vial
ls6500.processHeader: S15_Position07 has no vial
ls6500.processHeader: S15_Position08 has no vial
ls6500.processHeader: R1_Position09 has no vial
ls6500.processHeader: R1_Position10 has no vial
ls6500.processHeader: R1_Position11 has no vial
ls6500.processHeader: R1_Position12 has no vial
ls6500.processHeader: Found 104 total samples
ls6500.matchVialMeas: remove summary file MeasurementNo00105.xls from list
ls6500.matchVialMeas: remove summary file MeasurementNo00210.xls from list
ls6500.matchVialMeas: remove summary file MeasurementNo00315.xls from list
ls6500.matchVialMeas: remove summary file MeasurementNo00420.xls from list
ls6500.matchVialMeas: remove summary file MeasurementNo00455.xls from list
ls6500.fillSampleMsmts: initial,final sampleMsmts length 0 , 104
ls6500.fillSampleMsmts: Samples in fillSampleMsmts 0050_1F11 0050_1F13 0050_1F16 0050_1R11 0050_1R13 0050_1R16 0050_2F11 0050_2F13 0050_2F16 0050_2R11 0050_2R13 0050_2R16 0050_3F11 0050_3F13 0050_3F16 0050_3R11 0050_3R13 0050_3R16 0050_4F11 0050_4F13 0050_4F16 0050_4R11 0050_4R13 0050_4R16 0050_FPMT 0050_REF1 0050_REF2 0050_RPMT 0100_1F15 0100_1F22 0100_1F27 0100_1R15 0100_1R22 0100_1R27 0100_2F15 0100_2F22 0100_2F27 0100_2R15 0100_2R22 0100_2R27 0100_3F15 0100_3F22 0100_3R15 0100_3R22 0100_4F15 0100_4F22 0100_4R15 0100_4R22 0100_REF1 0100_REF2 0140_1F23 0140_1F31 0140_1R23 0140_1R31 0140_2F23 0140_2F31 0140_2R23 0140_2R31 0140_3F23 0140_3R23 0140_4F23 0140_4R23 0140_REF1 0140_REF2 1000_1F34 1000_1F36 1000_1F37 1000_1R34 1000_1R36 1000_1R37 1000_2F34 1000_2F36 1000_2F37 1000_2R34 1000_2R36 1000_2R37 1000_3F34 1000_3F37 1000_3R34 1000_3R37 1000_4F34 1000_4F37 1000_4R34 1000_4R37 1000_REF1 1000_REF2 EMPTY_S10_Position10 EMPTY_S11_Position11 EMPTY_S12_Position12 EMPTY_S13_Position01 EMPTY_S13_Position03 EMPTY_S14_Position01 EMPTY_S14_Position04 EMPTY_S15_Position01 EMPTY_S15_Position05 EMPTY_S3_Position03 EMPTY_S4_Position04 EMPTY_S5_Position05 EMPTY_S6_Position06 EMPTY_S7_Position07 EMPTY_S8_Position08 EMPTY_S9_Position09 STD_14_C STD_3_H 
Tray_Position S1_Position01 Number of `no vial` to this position 0
get measurement from /Users/djaffe/work/GIT/LINDSEY/TechMaturation2014/LS6500/Pre-irrad_8_141107/MeasurementNo00001.xls
get measurement from /Users/djaffe/work/GIT/LINDSEY/TechMaturation2014/LS6500/Pre-irrad_8_141107/MeasurementNo00106.xls
get measurement from /Users/djaffe/work/GIT/LINDSEY/TechMaturation2014/LS6500/Pre-irrad_8_141107/MeasurementNo00211.xls
get measurement from /Users/djaffe/work/GIT/LINDSEY/TechMaturation2014/LS6500/Pre-irrad_8_141107/MeasurementNo00316.xls
get measurement from /Users/djaffe/work/GIT/LINDSEY/TechMaturation2014/LS6500/Pre-irrad_8_141107/MeasurementNo00421.xls
Tray_Position S1_Position02 Number of `no vial` to this position 0
get measurement from /Users/djaffe/work/GIT/LINDSEY/TechMaturation2014/LS6500/Pre-irrad_8_141107/MeasurementNo00002.xls
get measurement from /Users/djaffe/work/GIT/LINDSEY/TechMaturation2014/LS6500/Pre-irrad_8_141107/MeasurementNo00107.xls
get measurement from /Users/djaffe/work/GIT/LINDSEY/TechMaturation2014/LS6500/Pre-irrad_8_141107/MeasurementNo00212.xls
get measurement from /Users/djaffe/work/GIT/LINDSEY/TechMaturation2014/LS6500/Pre-irrad_8_141107/MeasurementNo00317.xls
get measurement from /Users/djaffe/work/GIT/LINDSEY/TechMaturation2014/LS6500/Pre-irrad_8_141107/MeasurementNo00422.xls
Tray_Position S1_Position04 Number of `no vial` to this position 1
get measurement from /Users/djaffe/work/GIT/LINDSEY/TechMaturation2014/LS6500/Pre-irrad_8_141107/MeasurementNo00003.xls
get measurement from /Users/djaffe/work/GIT/LINDSEY/TechMaturation2014/LS6500/Pre-irrad_8_141107/MeasurementNo00108.xls
get measurement from /Users/djaffe/work/GIT/LINDSEY/TechMaturation2014/LS6500/Pre-irrad_8_141107/MeasurementNo00213.xls
get measurement from /Users/djaffe/work/GIT/LINDSEY/TechMaturation2014/LS6500/Pre-irrad_8_141107/MeasurementNo00318.xls
get measurement from /Users/djaffe/work/GIT/LINDSEY/TechMaturation2014/LS6500/Pre-irrad_8_141107/MeasurementNo00423.xls
Tray_Position S1_Position06 Number of `no vial` to this position 2
get measurement from /Users/djaffe/work/GIT/LINDSEY/TechMaturation2014/LS6500/Pre-irrad_8_141107/MeasurementNo00004.xls
get measurement from /Users/djaffe/work/GIT/LINDSEY/TechMaturation2014/LS6500/Pre-irrad_8_141107/MeasurementNo00109.xls
get measurement from /Users/djaffe/work/GIT/LINDSEY/TechMaturation2014/LS6500/Pre-irrad_8_141107/MeasurementNo00214.xls
get measurement from /Users/djaffe/work/GIT/LINDSEY/TechMaturation2014/LS6500/Pre-irrad_8_141107/MeasurementNo00319.xls
get measurement from /Users/djaffe/work/GIT/LINDSEY/TechMaturation2014/LS6500/Pre-irrad_8_141107/MeasurementNo00424.xls
Tray_Position S1_Position08 Number of `no vial` to this position 3
get measurement from /Users/djaffe/work/GIT/LINDSEY/TechMaturation2014/LS6500/Pre-irrad_8_141107/MeasurementNo00005.xls
get measurement from /Users/djaffe/work/GIT/LINDSEY/TechMaturation2014/LS6500/Pre-irrad_8_141107/MeasurementNo00110.xls
get measurement from /Users/djaffe/work/GIT/LINDSEY/TechMaturation2014/LS6500/Pre-irrad_8_141107/MeasurementNo00215.xls
get measurement from /Users/djaffe/work/GIT/LINDSEY/TechMaturation2014/LS6500/Pre-irrad_8_141107/MeasurementNo00320.xls
get measurement from /Users/djaffe/work/GIT/LINDSEY/TechMaturation2014/LS6500/Pre-irrad_8_141107/MeasurementNo00425.xls
Tray_Position S1_Position10 Number of `no vial` to this position 4
get measurement from /Users/djaffe/work/GIT/LINDSEY/TechMaturation2014/LS6500/Pre-irrad_8_141107/MeasurementNo00006.xls
get measurement from /Users/djaffe/work/GIT/LINDSEY/TechMaturation2014/LS6500/Pre-irrad_8_141107/MeasurementNo00111.xls
get measurement from /Users/djaffe/work/GIT/LINDSEY/TechMaturation2014/LS6500/Pre-irrad_8_141107/MeasurementNo00216.xls
get measurement from /Users/djaffe/work/GIT/LINDSEY/TechMaturation2014/LS6500/Pre-irrad_8_141107/MeasurementNo00321.xls
get measurement from /Users/djaffe/work/GIT/LINDSEY/TechMaturation2014/LS6500/Pre-irrad_8_141107/MeasurementNo00426.xls
Tray_Position S1_Position12 Number of `no vial` to this position 5
get measurement from /Users/djaffe/work/GIT/LINDSEY/TechMaturation2014/LS6500/Pre-irrad_8_141107/MeasurementNo00007.xls
get measurement from /Users/djaffe/work/GIT/LINDSEY/TechMaturation2014/LS6500/Pre-irrad_8_141107/MeasurementNo00112.xls
get measurement from /Users/djaffe/work/GIT/LINDSEY/TechMaturation2014/LS6500/Pre-irrad_8_141107/MeasurementNo00217.xls
get measurement from /Users/djaffe/work/GIT/LINDSEY/TechMaturation2014/LS6500/Pre-irrad_8_141107/MeasurementNo00322.xls
get measurement from /Users/djaffe/work/GIT/LINDSEY/TechMaturation2014/LS6500/Pre-irrad_8_141107/MeasurementNo00427.xls
Tray_Position S2_Position02 Number of `no vial` to this position 6
get measurement from /Users/djaffe/work/GIT/LINDSEY/TechMaturation2014/LS6500/Pre-irrad_8_141107/MeasurementNo00008.xls
get measurement from /Users/djaffe/work/GIT/LINDSEY/TechMaturation2014/LS6500/Pre-irrad_8_141107/MeasurementNo00113.xls
get measurement from /Users/djaffe/work/GIT/LINDSEY/TechMaturation2014/LS6500/Pre-irrad_8_141107/MeasurementNo00218.xls
get measurement from /Users/djaffe/work/GIT/LINDSEY/TechMaturation2014/LS6500/Pre-irrad_8_141107/MeasurementNo00323.xls
get measurement from /Users/djaffe/work/GIT/LINDSEY/TechMaturation2014/LS6500/Pre-irrad_8_141107/MeasurementNo00428.xls
Tray_Position S2_Position03 Number of `no vial` to this position 6
get measurement from /Users/djaffe/work/GIT/LINDSEY/TechMaturation2014/LS6500/Pre-irrad_8_141107/MeasurementNo00009.xls
get measurement from /Users/djaffe/work/GIT/LINDSEY/TechMaturation2014/LS6500/Pre-irrad_8_141107/MeasurementNo00114.xls
get measurement from /Users/djaffe/work/GIT/LINDSEY/TechMaturation2014/LS6500/Pre-irrad_8_141107/MeasurementNo00219.xls
get measurement from /Users/djaffe/work/GIT/LINDSEY/TechMaturation2014/LS6500/Pre-irrad_8_141107/MeasurementNo00324.xls
get measurement from /Users/djaffe/work/GIT/LINDSEY/TechMaturation2014/LS6500/Pre-irrad_8_141107/MeasurementNo00429.xls
Tray_Position S2_Position05 Number of `no vial` to this position 7
get measurement from /Users/djaffe/work/GIT/LINDSEY/TechMaturation2014/LS6500/Pre-irrad_8_141107/MeasurementNo00010.xls
get measurement from /Users/djaffe/work/GIT/LINDSEY/TechMaturation2014/LS6500/Pre-irrad_8_141107/MeasurementNo00115.xls
get measurement from /Users/djaffe/work/GIT/LINDSEY/TechMaturation2014/LS6500/Pre-irrad_8_141107/MeasurementNo00220.xls
get measurement from /Users/djaffe/work/GIT/LINDSEY/TechMaturation2014/LS6500/Pre-irrad_8_141107/MeasurementNo00325.xls
get measurement from /Users/djaffe/work/GIT/LINDSEY/TechMaturation2014/LS6500/Pre-irrad_8_141107/MeasurementNo00430.xls
Tray_Position S2_Position07 Number of `no vial` to this position 8
get measurement from /Users/djaffe/work/GIT/LINDSEY/TechMaturation2014/LS6500/Pre-irrad_8_141107/MeasurementNo00011.xls
get measurement from /Users/djaffe/work/GIT/LINDSEY/TechMaturation2014/LS6500/Pre-irrad_8_141107/MeasurementNo00116.xls
get measurement from /Users/djaffe/work/GIT/LINDSEY/TechMaturation2014/LS6500/Pre-irrad_8_141107/MeasurementNo00221.xls
get measurement from /Users/djaffe/work/GIT/LINDSEY/TechMaturation2014/LS6500/Pre-irrad_8_141107/MeasurementNo00326.xls
get measurement from /Users/djaffe/work/GIT/LINDSEY/TechMaturation2014/LS6500/Pre-irrad_8_141107/MeasurementNo00431.xls
Tray_Position S2_Position09 Number of `no vial` to this position 9
get measurement from /Users/djaffe/work/GIT/LINDSEY/TechMaturation2014/LS6500/Pre-irrad_8_141107/MeasurementNo00012.xls
get measurement from /Users/djaffe/work/GIT/LINDSEY/TechMaturation2014/LS6500/Pre-irrad_8_141107/MeasurementNo00117.xls
get measurement from /Users/djaffe/work/GIT/LINDSEY/TechMaturation2014/LS6500/Pre-irrad_8_141107/MeasurementNo00222.xls
get measurement from /Users/djaffe/work/GIT/LINDSEY/TechMaturation2014/LS6500/Pre-irrad_8_141107/MeasurementNo00327.xls
get measurement from /Users/djaffe/work/GIT/LINDSEY/TechMaturation2014/LS6500/Pre-irrad_8_141107/MeasurementNo00432.xls
Tray_Position S2_Position11 Number of `no vial` to this position 10
get measurement from /Users/djaffe/work/GIT/LINDSEY/TechMaturation2014/LS6500/Pre-irrad_8_141107/MeasurementNo00013.xls
get measurement from /Users/djaffe/work/GIT/LINDSEY/TechMaturation2014/LS6500/Pre-irrad_8_141107/MeasurementNo00118.xls
get measurement from /Users/djaffe/work/GIT/LINDSEY/TechMaturation2014/LS6500/Pre-irrad_8_141107/MeasurementNo00223.xls
get measurement from /Users/djaffe/work/GIT/LINDSEY/TechMaturation2014/LS6500/Pre-irrad_8_141107/MeasurementNo00328.xls
get measurement from /Users/djaffe/work/GIT/LINDSEY/TechMaturation2014/LS6500/Pre-irrad_8_141107/MeasurementNo00433.xls
Tray_Position S3_Position01 Number of `no vial` to this position 11
get measurement from /Users/djaffe/work/GIT/LINDSEY/TechMaturation2014/LS6500/Pre-irrad_8_141107/MeasurementNo00014.xls
get measurement from /Users/djaffe/work/GIT/LINDSEY/TechMaturation2014/LS6500/Pre-irrad_8_141107/MeasurementNo00119.xls
get measurement from /Users/djaffe/work/GIT/LINDSEY/TechMaturation2014/LS6500/Pre-irrad_8_141107/MeasurementNo00224.xls
get measurement from /Users/djaffe/work/GIT/LINDSEY/TechMaturation2014/LS6500/Pre-irrad_8_141107/MeasurementNo00329.xls
get measurement from /Users/djaffe/work/GIT/LINDSEY/TechMaturation2014/LS6500/Pre-irrad_8_141107/MeasurementNo00434.xls
Tray_Position S3_Position03 Number of `no vial` to this position 12
get measurement from /Users/djaffe/work/GIT/LINDSEY/TechMaturation2014/LS6500/Pre-irrad_8_141107/MeasurementNo00015.xls
get measurement from /Users/djaffe/work/GIT/LINDSEY/TechMaturation2014/LS6500/Pre-irrad_8_141107/MeasurementNo00120.xls
get measurement from /Users/djaffe/work/GIT/LINDSEY/TechMaturation2014/LS6500/Pre-irrad_8_141107/MeasurementNo00225.xls
get measurement from /Users/djaffe/work/GIT/LINDSEY/TechMaturation2014/LS6500/Pre-irrad_8_141107/MeasurementNo00330.xls
get measurement from /Users/djaffe/work/GIT/LINDSEY/TechMaturation2014/LS6500/Pre-irrad_8_141107/MeasurementNo00435.xls
Tray_Position S3_Position04 Number of `no vial` to this position 12
get measurement from /Users/djaffe/work/GIT/LINDSEY/TechMaturation2014/LS6500/Pre-irrad_8_141107/MeasurementNo00016.xls
get measurement from /Users/djaffe/work/GIT/LINDSEY/TechMaturation2014/LS6500/Pre-irrad_8_141107/MeasurementNo00121.xls
get measurement from /Users/djaffe/work/GIT/LINDSEY/TechMaturation2014/LS6500/Pre-irrad_8_141107/MeasurementNo00226.xls
get measurement from /Users/djaffe/work/GIT/LINDSEY/TechMaturation2014/LS6500/Pre-irrad_8_141107/MeasurementNo00331.xls
get measurement from /Users/djaffe/work/GIT/LINDSEY/TechMaturation2014/LS6500/Pre-irrad_8_141107/MeasurementNo00436.xls
Tray_Position S3_Position06 Number of `no vial` to this position 13
get measurement from /Users/djaffe/work/GIT/LINDSEY/TechMaturation2014/LS6500/Pre-irrad_8_141107/MeasurementNo00017.xls
get measurement from /Users/djaffe/work/GIT/LINDSEY/TechMaturation2014/LS6500/Pre-irrad_8_141107/MeasurementNo00122.xls
get measurement from /Users/djaffe/work/GIT/LINDSEY/TechMaturation2014/LS6500/Pre-irrad_8_141107/MeasurementNo00227.xls
get measurement from /Users/djaffe/work/GIT/LINDSEY/TechMaturation2014/LS6500/Pre-irrad_8_141107/MeasurementNo00332.xls
get measurement from /Users/djaffe/work/GIT/LINDSEY/TechMaturation2014/LS6500/Pre-irrad_8_141107/MeasurementNo00437.xls
Tray_Position S3_Position08 Number of `no vial` to this position 14
get measurement from /Users/djaffe/work/GIT/LINDSEY/TechMaturation2014/LS6500/Pre-irrad_8_141107/MeasurementNo00018.xls
get measurement from /Users/djaffe/work/GIT/LINDSEY/TechMaturation2014/LS6500/Pre-irrad_8_141107/MeasurementNo00123.xls
get measurement from /Users/djaffe/work/GIT/LINDSEY/TechMaturation2014/LS6500/Pre-irrad_8_141107/MeasurementNo00228.xls
get measurement from /Users/djaffe/work/GIT/LINDSEY/TechMaturation2014/LS6500/Pre-irrad_8_141107/MeasurementNo00333.xls
get measurement from /Users/djaffe/work/GIT/LINDSEY/TechMaturation2014/LS6500/Pre-irrad_8_141107/MeasurementNo00438.xls
Tray_Position S3_Position10 Number of `no vial` to this position 15
get measurement from /Users/djaffe/work/GIT/LINDSEY/TechMaturation2014/LS6500/Pre-irrad_8_141107/MeasurementNo00019.xls
get measurement from /Users/djaffe/work/GIT/LINDSEY/TechMaturation2014/LS6500/Pre-irrad_8_141107/MeasurementNo00124.xls
get measurement from /Users/djaffe/work/GIT/LINDSEY/TechMaturation2014/LS6500/Pre-irrad_8_141107/MeasurementNo00229.xls
get measurement from /Users/djaffe/work/GIT/LINDSEY/TechMaturation2014/LS6500/Pre-irrad_8_141107/MeasurementNo00334.xls
get measurement from /Users/djaffe/work/GIT/LINDSEY/TechMaturation2014/LS6500/Pre-irrad_8_141107/MeasurementNo00439.xls
Tray_Position S3_Position12 Number of `no vial` to this position 16
get measurement from /Users/djaffe/work/GIT/LINDSEY/TechMaturation2014/LS6500/Pre-irrad_8_141107/MeasurementNo00020.xls
get measurement from /Users/djaffe/work/GIT/LINDSEY/TechMaturation2014/LS6500/Pre-irrad_8_141107/MeasurementNo00125.xls
get measurement from /Users/djaffe/work/GIT/LINDSEY/TechMaturation2014/LS6500/Pre-irrad_8_141107/MeasurementNo00230.xls
get measurement from /Users/djaffe/work/GIT/LINDSEY/TechMaturation2014/LS6500/Pre-irrad_8_141107/MeasurementNo00335.xls
get measurement from /Users/djaffe/work/GIT/LINDSEY/TechMaturation2014/LS6500/Pre-irrad_8_141107/MeasurementNo00440.xls
Tray_Position S4_Position02 Number of `no vial` to this position 17
get measurement from /Users/djaffe/work/GIT/LINDSEY/TechMaturation2014/LS6500/Pre-irrad_8_141107/MeasurementNo00021.xls
get measurement from /Users/djaffe/work/GIT/LINDSEY/TechMaturation2014/LS6500/Pre-irrad_8_141107/MeasurementNo00126.xls
get measurement from /Users/djaffe/work/GIT/LINDSEY/TechMaturation2014/LS6500/Pre-irrad_8_141107/MeasurementNo00231.xls
get measurement from /Users/djaffe/work/GIT/LINDSEY/TechMaturation2014/LS6500/Pre-irrad_8_141107/MeasurementNo00336.xls
get measurement from /Users/djaffe/work/GIT/LINDSEY/TechMaturation2014/LS6500/Pre-irrad_8_141107/MeasurementNo00441.xls
Tray_Position S4_Position04 Number of `no vial` to this position 18
get measurement from /Users/djaffe/work/GIT/LINDSEY/TechMaturation2014/LS6500/Pre-irrad_8_141107/MeasurementNo00022.xls
get measurement from /Users/djaffe/work/GIT/LINDSEY/TechMaturation2014/LS6500/Pre-irrad_8_141107/MeasurementNo00127.xls
get measurement from /Users/djaffe/work/GIT/LINDSEY/TechMaturation2014/LS6500/Pre-irrad_8_141107/MeasurementNo00232.xls
get measurement from /Users/djaffe/work/GIT/LINDSEY/TechMaturation2014/LS6500/Pre-irrad_8_141107/MeasurementNo00337.xls
get measurement from /Users/djaffe/work/GIT/LINDSEY/TechMaturation2014/LS6500/Pre-irrad_8_141107/MeasurementNo00442.xls
Tray_Position S4_Position05 Number of `no vial` to this position 18
get measurement from /Users/djaffe/work/GIT/LINDSEY/TechMaturation2014/LS6500/Pre-irrad_8_141107/MeasurementNo00023.xls
get measurement from /Users/djaffe/work/GIT/LINDSEY/TechMaturation2014/LS6500/Pre-irrad_8_141107/MeasurementNo00128.xls
get measurement from /Users/djaffe/work/GIT/LINDSEY/TechMaturation2014/LS6500/Pre-irrad_8_141107/MeasurementNo00233.xls
get measurement from /Users/djaffe/work/GIT/LINDSEY/TechMaturation2014/LS6500/Pre-irrad_8_141107/MeasurementNo00338.xls
get measurement from /Users/djaffe/work/GIT/LINDSEY/TechMaturation2014/LS6500/Pre-irrad_8_141107/MeasurementNo00443.xls
Tray_Position S4_Position07 Number of `no vial` to this position 19
get measurement from /Users/djaffe/work/GIT/LINDSEY/TechMaturation2014/LS6500/Pre-irrad_8_141107/MeasurementNo00024.xls
get measurement from /Users/djaffe/work/GIT/LINDSEY/TechMaturation2014/LS6500/Pre-irrad_8_141107/MeasurementNo00129.xls
get measurement from /Users/djaffe/work/GIT/LINDSEY/TechMaturation2014/LS6500/Pre-irrad_8_141107/MeasurementNo00234.xls
get measurement from /Users/djaffe/work/GIT/LINDSEY/TechMaturation2014/LS6500/Pre-irrad_8_141107/MeasurementNo00339.xls
get measurement from /Users/djaffe/work/GIT/LINDSEY/TechMaturation2014/LS6500/Pre-irrad_8_141107/MeasurementNo00444.xls
Tray_Position S4_Position09 Number of `no vial` to this position 20
get measurement from /Users/djaffe/work/GIT/LINDSEY/TechMaturation2014/LS6500/Pre-irrad_8_141107/MeasurementNo00025.xls
get measurement from /Users/djaffe/work/GIT/LINDSEY/TechMaturation2014/LS6500/Pre-irrad_8_141107/MeasurementNo00130.xls
get measurement from /Users/djaffe/work/GIT/LINDSEY/TechMaturation2014/LS6500/Pre-irrad_8_141107/MeasurementNo00235.xls
get measurement from /Users/djaffe/work/GIT/LINDSEY/TechMaturation2014/LS6500/Pre-irrad_8_141107/MeasurementNo00340.xls
get measurement from /Users/djaffe/work/GIT/LINDSEY/TechMaturation2014/LS6500/Pre-irrad_8_141107/MeasurementNo00445.xls
Tray_Position S4_Position11 Number of `no vial` to this position 21
get measurement from /Users/djaffe/work/GIT/LINDSEY/TechMaturation2014/LS6500/Pre-irrad_8_141107/MeasurementNo00026.xls
get measurement from /Users/djaffe/work/GIT/LINDSEY/TechMaturation2014/LS6500/Pre-irrad_8_141107/MeasurementNo00131.xls
get measurement from /Users/djaffe/work/GIT/LINDSEY/TechMaturation2014/LS6500/Pre-irrad_8_141107/MeasurementNo00236.xls
get measurement from /Users/djaffe/work/GIT/LINDSEY/TechMaturation2014/LS6500/Pre-irrad_8_141107/MeasurementNo00341.xls
get measurement from /Users/djaffe/work/GIT/LINDSEY/TechMaturation2014/LS6500/Pre-irrad_8_141107/MeasurementNo00446.xls
Tray_Position S5_Position01 Number of `no vial` to this position 22
get measurement from /Users/djaffe/work/GIT/LINDSEY/TechMaturation2014/LS6500/Pre-irrad_8_141107/MeasurementNo00027.xls
get measurement from /Users/djaffe/work/GIT/LINDSEY/TechMaturation2014/LS6500/Pre-irrad_8_141107/MeasurementNo00132.xls
get measurement from /Users/djaffe/work/GIT/LINDSEY/TechMaturation2014/LS6500/Pre-irrad_8_141107/MeasurementNo00237.xls
get measurement from /Users/djaffe/work/GIT/LINDSEY/TechMaturation2014/LS6500/Pre-irrad_8_141107/MeasurementNo00342.xls
get measurement from /Users/djaffe/work/GIT/LINDSEY/TechMaturation2014/LS6500/Pre-irrad_8_141107/MeasurementNo00447.xls
Tray_Position S5_Position03 Number of `no vial` to this position 23
get measurement from /Users/djaffe/work/GIT/LINDSEY/TechMaturation2014/LS6500/Pre-irrad_8_141107/MeasurementNo00028.xls
get measurement from /Users/djaffe/work/GIT/LINDSEY/TechMaturation2014/LS6500/Pre-irrad_8_141107/MeasurementNo00133.xls
get measurement from /Users/djaffe/work/GIT/LINDSEY/TechMaturation2014/LS6500/Pre-irrad_8_141107/MeasurementNo00238.xls
get measurement from /Users/djaffe/work/GIT/LINDSEY/TechMaturation2014/LS6500/Pre-irrad_8_141107/MeasurementNo00343.xls
get measurement from /Users/djaffe/work/GIT/LINDSEY/TechMaturation2014/LS6500/Pre-irrad_8_141107/MeasurementNo00448.xls
Tray_Position S5_Position05 Number of `no vial` to this position 24
get measurement from /Users/djaffe/work/GIT/LINDSEY/TechMaturation2014/LS6500/Pre-irrad_8_141107/MeasurementNo00029.xls
get measurement from /Users/djaffe/work/GIT/LINDSEY/TechMaturation2014/LS6500/Pre-irrad_8_141107/MeasurementNo00134.xls
get measurement from /Users/djaffe/work/GIT/LINDSEY/TechMaturation2014/LS6500/Pre-irrad_8_141107/MeasurementNo00239.xls
get measurement from /Users/djaffe/work/GIT/LINDSEY/TechMaturation2014/LS6500/Pre-irrad_8_141107/MeasurementNo00344.xls
get measurement from /Users/djaffe/work/GIT/LINDSEY/TechMaturation2014/LS6500/Pre-irrad_8_141107/MeasurementNo00449.xls
Tray_Position S5_Position06 Number of `no vial` to this position 24
get measurement from /Users/djaffe/work/GIT/LINDSEY/TechMaturation2014/LS6500/Pre-irrad_8_141107/MeasurementNo00030.xls
get measurement from /Users/djaffe/work/GIT/LINDSEY/TechMaturation2014/LS6500/Pre-irrad_8_141107/MeasurementNo00135.xls
get measurement from /Users/djaffe/work/GIT/LINDSEY/TechMaturation2014/LS6500/Pre-irrad_8_141107/MeasurementNo00240.xls
get measurement from /Users/djaffe/work/GIT/LINDSEY/TechMaturation2014/LS6500/Pre-irrad_8_141107/MeasurementNo00345.xls
get measurement from /Users/djaffe/work/GIT/LINDSEY/TechMaturation2014/LS6500/Pre-irrad_8_141107/MeasurementNo00450.xls
Tray_Position S5_Position08 Number of `no vial` to this position 25
get measurement from /Users/djaffe/work/GIT/LINDSEY/TechMaturation2014/LS6500/Pre-irrad_8_141107/MeasurementNo00031.xls
get measurement from /Users/djaffe/work/GIT/LINDSEY/TechMaturation2014/LS6500/Pre-irrad_8_141107/MeasurementNo00136.xls
get measurement from /Users/djaffe/work/GIT/LINDSEY/TechMaturation2014/LS6500/Pre-irrad_8_141107/MeasurementNo00241.xls
get measurement from /Users/djaffe/work/GIT/LINDSEY/TechMaturation2014/LS6500/Pre-irrad_8_141107/MeasurementNo00346.xls
get measurement from /Users/djaffe/work/GIT/LINDSEY/TechMaturation2014/LS6500/Pre-irrad_8_141107/MeasurementNo00451.xls
Tray_Position S5_Position10 Number of `no vial` to this position 26
get measurement from /Users/djaffe/work/GIT/LINDSEY/TechMaturation2014/LS6500/Pre-irrad_8_141107/MeasurementNo00032.xls
get measurement from /Users/djaffe/work/GIT/LINDSEY/TechMaturation2014/LS6500/Pre-irrad_8_141107/MeasurementNo00137.xls
get measurement from /Users/djaffe/work/GIT/LINDSEY/TechMaturation2014/LS6500/Pre-irrad_8_141107/MeasurementNo00242.xls
get measurement from /Users/djaffe/work/GIT/LINDSEY/TechMaturation2014/LS6500/Pre-irrad_8_141107/MeasurementNo00347.xls
get measurement from /Users/djaffe/work/GIT/LINDSEY/TechMaturation2014/LS6500/Pre-irrad_8_141107/MeasurementNo00452.xls
Tray_Position S5_Position12 Number of `no vial` to this position 27
get measurement from /Users/djaffe/work/GIT/LINDSEY/TechMaturation2014/LS6500/Pre-irrad_8_141107/MeasurementNo00033.xls
get measurement from /Users/djaffe/work/GIT/LINDSEY/TechMaturation2014/LS6500/Pre-irrad_8_141107/MeasurementNo00138.xls
get measurement from /Users/djaffe/work/GIT/LINDSEY/TechMaturation2014/LS6500/Pre-irrad_8_141107/MeasurementNo00243.xls
get measurement from /Users/djaffe/work/GIT/LINDSEY/TechMaturation2014/LS6500/Pre-irrad_8_141107/MeasurementNo00348.xls
get measurement from /Users/djaffe/work/GIT/LINDSEY/TechMaturation2014/LS6500/Pre-irrad_8_141107/MeasurementNo00453.xls
Tray_Position S6_Position02 Number of `no vial` to this position 28
get measurement from /Users/djaffe/work/GIT/LINDSEY/TechMaturation2014/LS6500/Pre-irrad_8_141107/MeasurementNo00034.xls
get measurement from /Users/djaffe/work/GIT/LINDSEY/TechMaturation2014/LS6500/Pre-irrad_8_141107/MeasurementNo00139.xls
get measurement from /Users/djaffe/work/GIT/LINDSEY/TechMaturation2014/LS6500/Pre-irrad_8_141107/MeasurementNo00244.xls
get measurement from /Users/djaffe/work/GIT/LINDSEY/TechMaturation2014/LS6500/Pre-irrad_8_141107/MeasurementNo00349.xls
get measurement from /Users/djaffe/work/GIT/LINDSEY/TechMaturation2014/LS6500/Pre-irrad_8_141107/MeasurementNo00454.xls
Tray_Position S6_Position04 Number of `no vial` to this position 29
get measurement from /Users/djaffe/work/GIT/LINDSEY/TechMaturation2014/LS6500/Pre-irrad_8_141107/MeasurementNo00035.xls
get measurement from /Users/djaffe/work/GIT/LINDSEY/TechMaturation2014/LS6500/Pre-irrad_8_141107/MeasurementNo00140.xls
get measurement from /Users/djaffe/work/GIT/LINDSEY/TechMaturation2014/LS6500/Pre-irrad_8_141107/MeasurementNo00245.xls
get measurement from /Users/djaffe/work/GIT/LINDSEY/TechMaturation2014/LS6500/Pre-irrad_8_141107/MeasurementNo00350.xls
Tray_Position S6_Position06 Number of `no vial` to this position 30
get measurement from /Users/djaffe/work/GIT/LINDSEY/TechMaturation2014/LS6500/Pre-irrad_8_141107/MeasurementNo00036.xls
get measurement from /Users/djaffe/work/GIT/LINDSEY/TechMaturation2014/LS6500/Pre-irrad_8_141107/MeasurementNo00141.xls
get measurement from /Users/djaffe/work/GIT/LINDSEY/TechMaturation2014/LS6500/Pre-irrad_8_141107/MeasurementNo00246.xls
get measurement from /Users/djaffe/work/GIT/LINDSEY/TechMaturation2014/LS6500/Pre-irrad_8_141107/MeasurementNo00351.xls
Tray_Position S6_Position07 Number of `no vial` to this position 30
get measurement from /Users/djaffe/work/GIT/LINDSEY/TechMaturation2014/LS6500/Pre-irrad_8_141107/MeasurementNo00037.xls
get measurement from /Users/djaffe/work/GIT/LINDSEY/TechMaturation2014/LS6500/Pre-irrad_8_141107/MeasurementNo00142.xls
get measurement from /Users/djaffe/work/GIT/LINDSEY/TechMaturation2014/LS6500/Pre-irrad_8_141107/MeasurementNo00247.xls
get measurement from /Users/djaffe/work/GIT/LINDSEY/TechMaturation2014/LS6500/Pre-irrad_8_141107/MeasurementNo00352.xls
Tray_Position S6_Position09 Number of `no vial` to this position 31
get measurement from /Users/djaffe/work/GIT/LINDSEY/TechMaturation2014/LS6500/Pre-irrad_8_141107/MeasurementNo00038.xls
get measurement from /Users/djaffe/work/GIT/LINDSEY/TechMaturation2014/LS6500/Pre-irrad_8_141107/MeasurementNo00143.xls
get measurement from /Users/djaffe/work/GIT/LINDSEY/TechMaturation2014/LS6500/Pre-irrad_8_141107/MeasurementNo00248.xls
get measurement from /Users/djaffe/work/GIT/LINDSEY/TechMaturation2014/LS6500/Pre-irrad_8_141107/MeasurementNo00353.xls
Tray_Position S6_Position11 Number of `no vial` to this position 32
get measurement from /Users/djaffe/work/GIT/LINDSEY/TechMaturation2014/LS6500/Pre-irrad_8_141107/MeasurementNo00039.xls
get measurement from /Users/djaffe/work/GIT/LINDSEY/TechMaturation2014/LS6500/Pre-irrad_8_141107/MeasurementNo00144.xls
get measurement from /Users/djaffe/work/GIT/LINDSEY/TechMaturation2014/LS6500/Pre-irrad_8_141107/MeasurementNo00249.xls
get measurement from /Users/djaffe/work/GIT/LINDSEY/TechMaturation2014/LS6500/Pre-irrad_8_141107/MeasurementNo00354.xls
Tray_Position S6_Position12 Number of `no vial` to this position 32
get measurement from /Users/djaffe/work/GIT/LINDSEY/TechMaturation2014/LS6500/Pre-irrad_8_141107/MeasurementNo00040.xls
get measurement from /Users/djaffe/work/GIT/LINDSEY/TechMaturation2014/LS6500/Pre-irrad_8_141107/MeasurementNo00145.xls
get measurement from /Users/djaffe/work/GIT/LINDSEY/TechMaturation2014/LS6500/Pre-irrad_8_141107/MeasurementNo00250.xls
get measurement from /Users/djaffe/work/GIT/LINDSEY/TechMaturation2014/LS6500/Pre-irrad_8_141107/MeasurementNo00355.xls
Tray_Position S7_Position01 Number of `no vial` to this position 32
get measurement from /Users/djaffe/work/GIT/LINDSEY/TechMaturation2014/LS6500/Pre-irrad_8_141107/MeasurementNo00041.xls
get measurement from /Users/djaffe/work/GIT/LINDSEY/TechMaturation2014/LS6500/Pre-irrad_8_141107/MeasurementNo00146.xls
get measurement from /Users/djaffe/work/GIT/LINDSEY/TechMaturation2014/LS6500/Pre-irrad_8_141107/MeasurementNo00251.xls
get measurement from /Users/djaffe/work/GIT/LINDSEY/TechMaturation2014/LS6500/Pre-irrad_8_141107/MeasurementNo00356.xls
Tray_Position S7_Position03 Number of `no vial` to this position 33
get measurement from /Users/djaffe/work/GIT/LINDSEY/TechMaturation2014/LS6500/Pre-irrad_8_141107/MeasurementNo00042.xls
get measurement from /Users/djaffe/work/GIT/LINDSEY/TechMaturation2014/LS6500/Pre-irrad_8_141107/MeasurementNo00147.xls
get measurement from /Users/djaffe/work/GIT/LINDSEY/TechMaturation2014/LS6500/Pre-irrad_8_141107/MeasurementNo00252.xls
get measurement from /Users/djaffe/work/GIT/LINDSEY/TechMaturation2014/LS6500/Pre-irrad_8_141107/MeasurementNo00357.xls
Tray_Position S7_Position05 Number of `no vial` to this position 34
get measurement from /Users/djaffe/work/GIT/LINDSEY/TechMaturation2014/LS6500/Pre-irrad_8_141107/MeasurementNo00043.xls
get measurement from /Users/djaffe/work/GIT/LINDSEY/TechMaturation2014/LS6500/Pre-irrad_8_141107/MeasurementNo00148.xls
get measurement from /Users/djaffe/work/GIT/LINDSEY/TechMaturation2014/LS6500/Pre-irrad_8_141107/MeasurementNo00253.xls
get measurement from /Users/djaffe/work/GIT/LINDSEY/TechMaturation2014/LS6500/Pre-irrad_8_141107/MeasurementNo00358.xls
Tray_Position S7_Position07 Number of `no vial` to this position 35
get measurement from /Users/djaffe/work/GIT/LINDSEY/TechMaturation2014/LS6500/Pre-irrad_8_141107/MeasurementNo00044.xls
get measurement from /Users/djaffe/work/GIT/LINDSEY/TechMaturation2014/LS6500/Pre-irrad_8_141107/MeasurementNo00149.xls
get measurement from /Users/djaffe/work/GIT/LINDSEY/TechMaturation2014/LS6500/Pre-irrad_8_141107/MeasurementNo00254.xls
get measurement from /Users/djaffe/work/GIT/LINDSEY/TechMaturation2014/LS6500/Pre-irrad_8_141107/MeasurementNo00359.xls
Tray_Position S7_Position08 Number of `no vial` to this position 35
get measurement from /Users/djaffe/work/GIT/LINDSEY/TechMaturation2014/LS6500/Pre-irrad_8_141107/MeasurementNo00045.xls
get measurement from /Users/djaffe/work/GIT/LINDSEY/TechMaturation2014/LS6500/Pre-irrad_8_141107/MeasurementNo00150.xls
get measurement from /Users/djaffe/work/GIT/LINDSEY/TechMaturation2014/LS6500/Pre-irrad_8_141107/MeasurementNo00255.xls
get measurement from /Users/djaffe/work/GIT/LINDSEY/TechMaturation2014/LS6500/Pre-irrad_8_141107/MeasurementNo00360.xls
Tray_Position S7_Position10 Number of `no vial` to this position 36
get measurement from /Users/djaffe/work/GIT/LINDSEY/TechMaturation2014/LS6500/Pre-irrad_8_141107/MeasurementNo00046.xls
get measurement from /Users/djaffe/work/GIT/LINDSEY/TechMaturation2014/LS6500/Pre-irrad_8_141107/MeasurementNo00151.xls
get measurement from /Users/djaffe/work/GIT/LINDSEY/TechMaturation2014/LS6500/Pre-irrad_8_141107/MeasurementNo00256.xls
get measurement from /Users/djaffe/work/GIT/LINDSEY/TechMaturation2014/LS6500/Pre-irrad_8_141107/MeasurementNo00361.xls
Tray_Position S7_Position12 Number of `no vial` to this position 37
get measurement from /Users/djaffe/work/GIT/LINDSEY/TechMaturation2014/LS6500/Pre-irrad_8_141107/MeasurementNo00047.xls
get measurement from /Users/djaffe/work/GIT/LINDSEY/TechMaturation2014/LS6500/Pre-irrad_8_141107/MeasurementNo00152.xls
get measurement from /Users/djaffe/work/GIT/LINDSEY/TechMaturation2014/LS6500/Pre-irrad_8_141107/MeasurementNo00257.xls
get measurement from /Users/djaffe/work/GIT/LINDSEY/TechMaturation2014/LS6500/Pre-irrad_8_141107/MeasurementNo00362.xls
Tray_Position S8_Position02 Number of `no vial` to this position 38
get measurement from /Users/djaffe/work/GIT/LINDSEY/TechMaturation2014/LS6500/Pre-irrad_8_141107/MeasurementNo00048.xls
get measurement from /Users/djaffe/work/GIT/LINDSEY/TechMaturation2014/LS6500/Pre-irrad_8_141107/MeasurementNo00153.xls
get measurement from /Users/djaffe/work/GIT/LINDSEY/TechMaturation2014/LS6500/Pre-irrad_8_141107/MeasurementNo00258.xls
get measurement from /Users/djaffe/work/GIT/LINDSEY/TechMaturation2014/LS6500/Pre-irrad_8_141107/MeasurementNo00363.xls
Tray_Position S8_Position04 Number of `no vial` to this position 39
get measurement from /Users/djaffe/work/GIT/LINDSEY/TechMaturation2014/LS6500/Pre-irrad_8_141107/MeasurementNo00049.xls
get measurement from /Users/djaffe/work/GIT/LINDSEY/TechMaturation2014/LS6500/Pre-irrad_8_141107/MeasurementNo00154.xls
get measurement from /Users/djaffe/work/GIT/LINDSEY/TechMaturation2014/LS6500/Pre-irrad_8_141107/MeasurementNo00259.xls
get measurement from /Users/djaffe/work/GIT/LINDSEY/TechMaturation2014/LS6500/Pre-irrad_8_141107/MeasurementNo00364.xls
Tray_Position S8_Position06 Number of `no vial` to this position 40
get measurement from /Users/djaffe/work/GIT/LINDSEY/TechMaturation2014/LS6500/Pre-irrad_8_141107/MeasurementNo00050.xls
get measurement from /Users/djaffe/work/GIT/LINDSEY/TechMaturation2014/LS6500/Pre-irrad_8_141107/MeasurementNo00155.xls
get measurement from /Users/djaffe/work/GIT/LINDSEY/TechMaturation2014/LS6500/Pre-irrad_8_141107/MeasurementNo00260.xls
get measurement from /Users/djaffe/work/GIT/LINDSEY/TechMaturation2014/LS6500/Pre-irrad_8_141107/MeasurementNo00365.xls
Tray_Position S8_Position08 Number of `no vial` to this position 41
get measurement from /Users/djaffe/work/GIT/LINDSEY/TechMaturation2014/LS6500/Pre-irrad_8_141107/MeasurementNo00051.xls
get measurement from /Users/djaffe/work/GIT/LINDSEY/TechMaturation2014/LS6500/Pre-irrad_8_141107/MeasurementNo00156.xls
get measurement from /Users/djaffe/work/GIT/LINDSEY/TechMaturation2014/LS6500/Pre-irrad_8_141107/MeasurementNo00261.xls
get measurement from /Users/djaffe/work/GIT/LINDSEY/TechMaturation2014/LS6500/Pre-irrad_8_141107/MeasurementNo00366.xls
Tray_Position S8_Position09 Number of `no vial` to this position 41
get measurement from /Users/djaffe/work/GIT/LINDSEY/TechMaturation2014/LS6500/Pre-irrad_8_141107/MeasurementNo00052.xls
get measurement from /Users/djaffe/work/GIT/LINDSEY/TechMaturation2014/LS6500/Pre-irrad_8_141107/MeasurementNo00157.xls
get measurement from /Users/djaffe/work/GIT/LINDSEY/TechMaturation2014/LS6500/Pre-irrad_8_141107/MeasurementNo00262.xls
get measurement from /Users/djaffe/work/GIT/LINDSEY/TechMaturation2014/LS6500/Pre-irrad_8_141107/MeasurementNo00367.xls
Tray_Position S9_Position03 Number of `no vial` to this position 46
get measurement from /Users/djaffe/work/GIT/LINDSEY/TechMaturation2014/LS6500/Pre-irrad_8_141107/MeasurementNo00053.xls
get measurement from /Users/djaffe/work/GIT/LINDSEY/TechMaturation2014/LS6500/Pre-irrad_8_141107/MeasurementNo00158.xls
get measurement from /Users/djaffe/work/GIT/LINDSEY/TechMaturation2014/LS6500/Pre-irrad_8_141107/MeasurementNo00263.xls
get measurement from /Users/djaffe/work/GIT/LINDSEY/TechMaturation2014/LS6500/Pre-irrad_8_141107/MeasurementNo00368.xls
Tray_Position S9_Position05 Number of `no vial` to this position 47
get measurement from /Users/djaffe/work/GIT/LINDSEY/TechMaturation2014/LS6500/Pre-irrad_8_141107/MeasurementNo00054.xls
get measurement from /Users/djaffe/work/GIT/LINDSEY/TechMaturation2014/LS6500/Pre-irrad_8_141107/MeasurementNo00159.xls
get measurement from /Users/djaffe/work/GIT/LINDSEY/TechMaturation2014/LS6500/Pre-irrad_8_141107/MeasurementNo00264.xls
get measurement from /Users/djaffe/work/GIT/LINDSEY/TechMaturation2014/LS6500/Pre-irrad_8_141107/MeasurementNo00369.xls
Tray_Position S9_Position09 Number of `no vial` to this position 50
get measurement from /Users/djaffe/work/GIT/LINDSEY/TechMaturation2014/LS6500/Pre-irrad_8_141107/MeasurementNo00055.xls
get measurement from /Users/djaffe/work/GIT/LINDSEY/TechMaturation2014/LS6500/Pre-irrad_8_141107/MeasurementNo00160.xls
get measurement from /Users/djaffe/work/GIT/LINDSEY/TechMaturation2014/LS6500/Pre-irrad_8_141107/MeasurementNo00265.xls
get measurement from /Users/djaffe/work/GIT/LINDSEY/TechMaturation2014/LS6500/Pre-irrad_8_141107/MeasurementNo00370.xls
Tray_Position S9_Position12 Number of `no vial` to this position 52
get measurement from /Users/djaffe/work/GIT/LINDSEY/TechMaturation2014/LS6500/Pre-irrad_8_141107/MeasurementNo00056.xls
get measurement from /Users/djaffe/work/GIT/LINDSEY/TechMaturation2014/LS6500/Pre-irrad_8_141107/MeasurementNo00161.xls
get measurement from /Users/djaffe/work/GIT/LINDSEY/TechMaturation2014/LS6500/Pre-irrad_8_141107/MeasurementNo00266.xls
get measurement from /Users/djaffe/work/GIT/LINDSEY/TechMaturation2014/LS6500/Pre-irrad_8_141107/MeasurementNo00371.xls
Tray_Position S10_Position02 Number of `no vial` to this position 53
get measurement from /Users/djaffe/work/GIT/LINDSEY/TechMaturation2014/LS6500/Pre-irrad_8_141107/MeasurementNo00057.xls
get measurement from /Users/djaffe/work/GIT/LINDSEY/TechMaturation2014/LS6500/Pre-irrad_8_141107/MeasurementNo00162.xls
get measurement from /Users/djaffe/work/GIT/LINDSEY/TechMaturation2014/LS6500/Pre-irrad_8_141107/MeasurementNo00267.xls
get measurement from /Users/djaffe/work/GIT/LINDSEY/TechMaturation2014/LS6500/Pre-irrad_8_141107/MeasurementNo00372.xls
Tray_Position S10_Position04 Number of `no vial` to this position 54
get measurement from /Users/djaffe/work/GIT/LINDSEY/TechMaturation2014/LS6500/Pre-irrad_8_141107/MeasurementNo00058.xls
get measurement from /Users/djaffe/work/GIT/LINDSEY/TechMaturation2014/LS6500/Pre-irrad_8_141107/MeasurementNo00163.xls
get measurement from /Users/djaffe/work/GIT/LINDSEY/TechMaturation2014/LS6500/Pre-irrad_8_141107/MeasurementNo00268.xls
get measurement from /Users/djaffe/work/GIT/LINDSEY/TechMaturation2014/LS6500/Pre-irrad_8_141107/MeasurementNo00373.xls
Tray_Position S10_Position06 Number of `no vial` to this position 55
get measurement from /Users/djaffe/work/GIT/LINDSEY/TechMaturation2014/LS6500/Pre-irrad_8_141107/MeasurementNo00059.xls
get measurement from /Users/djaffe/work/GIT/LINDSEY/TechMaturation2014/LS6500/Pre-irrad_8_141107/MeasurementNo00164.xls
get measurement from /Users/djaffe/work/GIT/LINDSEY/TechMaturation2014/LS6500/Pre-irrad_8_141107/MeasurementNo00269.xls
get measurement from /Users/djaffe/work/GIT/LINDSEY/TechMaturation2014/LS6500/Pre-irrad_8_141107/MeasurementNo00374.xls
Tray_Position S10_Position08 Number of `no vial` to this position 56
get measurement from /Users/djaffe/work/GIT/LINDSEY/TechMaturation2014/LS6500/Pre-irrad_8_141107/MeasurementNo00060.xls
get measurement from /Users/djaffe/work/GIT/LINDSEY/TechMaturation2014/LS6500/Pre-irrad_8_141107/MeasurementNo00165.xls
get measurement from /Users/djaffe/work/GIT/LINDSEY/TechMaturation2014/LS6500/Pre-irrad_8_141107/MeasurementNo00270.xls
get measurement from /Users/djaffe/work/GIT/LINDSEY/TechMaturation2014/LS6500/Pre-irrad_8_141107/MeasurementNo00375.xls
Tray_Position S10_Position10 Number of `no vial` to this position 57
get measurement from /Users/djaffe/work/GIT/LINDSEY/TechMaturation2014/LS6500/Pre-irrad_8_141107/MeasurementNo00061.xls
get measurement from /Users/djaffe/work/GIT/LINDSEY/TechMaturation2014/LS6500/Pre-irrad_8_141107/MeasurementNo00166.xls
get measurement from /Users/djaffe/work/GIT/LINDSEY/TechMaturation2014/LS6500/Pre-irrad_8_141107/MeasurementNo00271.xls
get measurement from /Users/djaffe/work/GIT/LINDSEY/TechMaturation2014/LS6500/Pre-irrad_8_141107/MeasurementNo00376.xls
Tray_Position S10_Position11 Number of `no vial` to this position 57
get measurement from /Users/djaffe/work/GIT/LINDSEY/TechMaturation2014/LS6500/Pre-irrad_8_141107/MeasurementNo00062.xls
get measurement from /Users/djaffe/work/GIT/LINDSEY/TechMaturation2014/LS6500/Pre-irrad_8_141107/MeasurementNo00167.xls
get measurement from /Users/djaffe/work/GIT/LINDSEY/TechMaturation2014/LS6500/Pre-irrad_8_141107/MeasurementNo00272.xls
get measurement from /Users/djaffe/work/GIT/LINDSEY/TechMaturation2014/LS6500/Pre-irrad_8_141107/MeasurementNo00377.xls
Tray_Position S11_Position01 Number of `no vial` to this position 58
get measurement from /Users/djaffe/work/GIT/LINDSEY/TechMaturation2014/LS6500/Pre-irrad_8_141107/MeasurementNo00063.xls
get measurement from /Users/djaffe/work/GIT/LINDSEY/TechMaturation2014/LS6500/Pre-irrad_8_141107/MeasurementNo00168.xls
get measurement from /Users/djaffe/work/GIT/LINDSEY/TechMaturation2014/LS6500/Pre-irrad_8_141107/MeasurementNo00273.xls
get measurement from /Users/djaffe/work/GIT/LINDSEY/TechMaturation2014/LS6500/Pre-irrad_8_141107/MeasurementNo00378.xls
Tray_Position S11_Position03 Number of `no vial` to this position 59
get measurement from /Users/djaffe/work/GIT/LINDSEY/TechMaturation2014/LS6500/Pre-irrad_8_141107/MeasurementNo00064.xls
get measurement from /Users/djaffe/work/GIT/LINDSEY/TechMaturation2014/LS6500/Pre-irrad_8_141107/MeasurementNo00169.xls
get measurement from /Users/djaffe/work/GIT/LINDSEY/TechMaturation2014/LS6500/Pre-irrad_8_141107/MeasurementNo00274.xls
get measurement from /Users/djaffe/work/GIT/LINDSEY/TechMaturation2014/LS6500/Pre-irrad_8_141107/MeasurementNo00379.xls
Tray_Position S11_Position05 Number of `no vial` to this position 60
get measurement from /Users/djaffe/work/GIT/LINDSEY/TechMaturation2014/LS6500/Pre-irrad_8_141107/MeasurementNo00065.xls
get measurement from /Users/djaffe/work/GIT/LINDSEY/TechMaturation2014/LS6500/Pre-irrad_8_141107/MeasurementNo00170.xls
get measurement from /Users/djaffe/work/GIT/LINDSEY/TechMaturation2014/LS6500/Pre-irrad_8_141107/MeasurementNo00275.xls
get measurement from /Users/djaffe/work/GIT/LINDSEY/TechMaturation2014/LS6500/Pre-irrad_8_141107/MeasurementNo00380.xls
Tray_Position S11_Position07 Number of `no vial` to this position 61
get measurement from /Users/djaffe/work/GIT/LINDSEY/TechMaturation2014/LS6500/Pre-irrad_8_141107/MeasurementNo00066.xls
get measurement from /Users/djaffe/work/GIT/LINDSEY/TechMaturation2014/LS6500/Pre-irrad_8_141107/MeasurementNo00171.xls
get measurement from /Users/djaffe/work/GIT/LINDSEY/TechMaturation2014/LS6500/Pre-irrad_8_141107/MeasurementNo00276.xls
get measurement from /Users/djaffe/work/GIT/LINDSEY/TechMaturation2014/LS6500/Pre-irrad_8_141107/MeasurementNo00381.xls
Tray_Position S11_Position11 Number of `no vial` to this position 64
get measurement from /Users/djaffe/work/GIT/LINDSEY/TechMaturation2014/LS6500/Pre-irrad_8_141107/MeasurementNo00067.xls
get measurement from /Users/djaffe/work/GIT/LINDSEY/TechMaturation2014/LS6500/Pre-irrad_8_141107/MeasurementNo00172.xls
get measurement from /Users/djaffe/work/GIT/LINDSEY/TechMaturation2014/LS6500/Pre-irrad_8_141107/MeasurementNo00277.xls
get measurement from /Users/djaffe/work/GIT/LINDSEY/TechMaturation2014/LS6500/Pre-irrad_8_141107/MeasurementNo00382.xls
Tray_Position S12_Position02 Number of `no vial` to this position 66
get measurement from /Users/djaffe/work/GIT/LINDSEY/TechMaturation2014/LS6500/Pre-irrad_8_141107/MeasurementNo00068.xls
get measurement from /Users/djaffe/work/GIT/LINDSEY/TechMaturation2014/LS6500/Pre-irrad_8_141107/MeasurementNo00173.xls
get measurement from /Users/djaffe/work/GIT/LINDSEY/TechMaturation2014/LS6500/Pre-irrad_8_141107/MeasurementNo00278.xls
get measurement from /Users/djaffe/work/GIT/LINDSEY/TechMaturation2014/LS6500/Pre-irrad_8_141107/MeasurementNo00383.xls
Tray_Position S12_Position04 Number of `no vial` to this position 67
get measurement from /Users/djaffe/work/GIT/LINDSEY/TechMaturation2014/LS6500/Pre-irrad_8_141107/MeasurementNo00069.xls
get measurement from /Users/djaffe/work/GIT/LINDSEY/TechMaturation2014/LS6500/Pre-irrad_8_141107/MeasurementNo00174.xls
get measurement from /Users/djaffe/work/GIT/LINDSEY/TechMaturation2014/LS6500/Pre-irrad_8_141107/MeasurementNo00279.xls
get measurement from /Users/djaffe/work/GIT/LINDSEY/TechMaturation2014/LS6500/Pre-irrad_8_141107/MeasurementNo00384.xls
Tray_Position S12_Position10 Number of `no vial` to this position 72
get measurement from /Users/djaffe/work/GIT/LINDSEY/TechMaturation2014/LS6500/Pre-irrad_8_141107/MeasurementNo00070.xls
get measurement from /Users/djaffe/work/GIT/LINDSEY/TechMaturation2014/LS6500/Pre-irrad_8_141107/MeasurementNo00175.xls
get measurement from /Users/djaffe/work/GIT/LINDSEY/TechMaturation2014/LS6500/Pre-irrad_8_141107/MeasurementNo00280.xls
get measurement from /Users/djaffe/work/GIT/LINDSEY/TechMaturation2014/LS6500/Pre-irrad_8_141107/MeasurementNo00385.xls
Tray_Position S12_Position12 Number of `no vial` to this position 73
get measurement from /Users/djaffe/work/GIT/LINDSEY/TechMaturation2014/LS6500/Pre-irrad_8_141107/MeasurementNo00071.xls
get measurement from /Users/djaffe/work/GIT/LINDSEY/TechMaturation2014/LS6500/Pre-irrad_8_141107/MeasurementNo00176.xls
get measurement from /Users/djaffe/work/GIT/LINDSEY/TechMaturation2014/LS6500/Pre-irrad_8_141107/MeasurementNo00281.xls
get measurement from /Users/djaffe/work/GIT/LINDSEY/TechMaturation2014/LS6500/Pre-irrad_8_141107/MeasurementNo00386.xls
Tray_Position S13_Position01 Number of `no vial` to this position 73
get measurement from /Users/djaffe/work/GIT/LINDSEY/TechMaturation2014/LS6500/Pre-irrad_8_141107/MeasurementNo00072.xls
get measurement from /Users/djaffe/work/GIT/LINDSEY/TechMaturation2014/LS6500/Pre-irrad_8_141107/MeasurementNo00177.xls
get measurement from /Users/djaffe/work/GIT/LINDSEY/TechMaturation2014/LS6500/Pre-irrad_8_141107/MeasurementNo00282.xls
get measurement from /Users/djaffe/work/GIT/LINDSEY/TechMaturation2014/LS6500/Pre-irrad_8_141107/MeasurementNo00387.xls
Tray_Position S13_Position02 Number of `no vial` to this position 73
get measurement from /Users/djaffe/work/GIT/LINDSEY/TechMaturation2014/LS6500/Pre-irrad_8_141107/MeasurementNo00073.xls
get measurement from /Users/djaffe/work/GIT/LINDSEY/TechMaturation2014/LS6500/Pre-irrad_8_141107/MeasurementNo00178.xls
get measurement from /Users/djaffe/work/GIT/LINDSEY/TechMaturation2014/LS6500/Pre-irrad_8_141107/MeasurementNo00283.xls
get measurement from /Users/djaffe/work/GIT/LINDSEY/TechMaturation2014/LS6500/Pre-irrad_8_141107/MeasurementNo00388.xls
Tray_Position S13_Position03 Number of `no vial` to this position 73
get measurement from /Users/djaffe/work/GIT/LINDSEY/TechMaturation2014/LS6500/Pre-irrad_8_141107/MeasurementNo00074.xls
get measurement from /Users/djaffe/work/GIT/LINDSEY/TechMaturation2014/LS6500/Pre-irrad_8_141107/MeasurementNo00179.xls
get measurement from /Users/djaffe/work/GIT/LINDSEY/TechMaturation2014/LS6500/Pre-irrad_8_141107/MeasurementNo00284.xls
get measurement from /Users/djaffe/work/GIT/LINDSEY/TechMaturation2014/LS6500/Pre-irrad_8_141107/MeasurementNo00389.xls
Tray_Position S13_Position05 Number of `no vial` to this position 74
get measurement from /Users/djaffe/work/GIT/LINDSEY/TechMaturation2014/LS6500/Pre-irrad_8_141107/MeasurementNo00075.xls
get measurement from /Users/djaffe/work/GIT/LINDSEY/TechMaturation2014/LS6500/Pre-irrad_8_141107/MeasurementNo00180.xls
get measurement from /Users/djaffe/work/GIT/LINDSEY/TechMaturation2014/LS6500/Pre-irrad_8_141107/MeasurementNo00285.xls
get measurement from /Users/djaffe/work/GIT/LINDSEY/TechMaturation2014/LS6500/Pre-irrad_8_141107/MeasurementNo00390.xls
Tray_Position S13_Position07 Number of `no vial` to this position 75
get measurement from /Users/djaffe/work/GIT/LINDSEY/TechMaturation2014/LS6500/Pre-irrad_8_141107/MeasurementNo00076.xls
get measurement from /Users/djaffe/work/GIT/LINDSEY/TechMaturation2014/LS6500/Pre-irrad_8_141107/MeasurementNo00181.xls
get measurement from /Users/djaffe/work/GIT/LINDSEY/TechMaturation2014/LS6500/Pre-irrad_8_141107/MeasurementNo00286.xls
get measurement from /Users/djaffe/work/GIT/LINDSEY/TechMaturation2014/LS6500/Pre-irrad_8_141107/MeasurementNo00391.xls
Tray_Position S13_Position09 Number of `no vial` to this position 76
get measurement from /Users/djaffe/work/GIT/LINDSEY/TechMaturation2014/LS6500/Pre-irrad_8_141107/MeasurementNo00077.xls
get measurement from /Users/djaffe/work/GIT/LINDSEY/TechMaturation2014/LS6500/Pre-irrad_8_141107/MeasurementNo00182.xls
get measurement from /Users/djaffe/work/GIT/LINDSEY/TechMaturation2014/LS6500/Pre-irrad_8_141107/MeasurementNo00287.xls
get measurement from /Users/djaffe/work/GIT/LINDSEY/TechMaturation2014/LS6500/Pre-irrad_8_141107/MeasurementNo00392.xls
Tray_Position S13_Position10 Number of `no vial` to this position 76
get measurement from /Users/djaffe/work/GIT/LINDSEY/TechMaturation2014/LS6500/Pre-irrad_8_141107/MeasurementNo00078.xls
get measurement from /Users/djaffe/work/GIT/LINDSEY/TechMaturation2014/LS6500/Pre-irrad_8_141107/MeasurementNo00183.xls
get measurement from /Users/djaffe/work/GIT/LINDSEY/TechMaturation2014/LS6500/Pre-irrad_8_141107/MeasurementNo00288.xls
get measurement from /Users/djaffe/work/GIT/LINDSEY/TechMaturation2014/LS6500/Pre-irrad_8_141107/MeasurementNo00393.xls
Tray_Position S14_Position01 Number of `no vial` to this position 78
get measurement from /Users/djaffe/work/GIT/LINDSEY/TechMaturation2014/LS6500/Pre-irrad_8_141107/MeasurementNo00079.xls
get measurement from /Users/djaffe/work/GIT/LINDSEY/TechMaturation2014/LS6500/Pre-irrad_8_141107/MeasurementNo00184.xls
get measurement from /Users/djaffe/work/GIT/LINDSEY/TechMaturation2014/LS6500/Pre-irrad_8_141107/MeasurementNo00289.xls
get measurement from /Users/djaffe/work/GIT/LINDSEY/TechMaturation2014/LS6500/Pre-irrad_8_141107/MeasurementNo00394.xls
Tray_Position S14_Position02 Number of `no vial` to this position 78
get measurement from /Users/djaffe/work/GIT/LINDSEY/TechMaturation2014/LS6500/Pre-irrad_8_141107/MeasurementNo00080.xls
get measurement from /Users/djaffe/work/GIT/LINDSEY/TechMaturation2014/LS6500/Pre-irrad_8_141107/MeasurementNo00185.xls
get measurement from /Users/djaffe/work/GIT/LINDSEY/TechMaturation2014/LS6500/Pre-irrad_8_141107/MeasurementNo00290.xls
get measurement from /Users/djaffe/work/GIT/LINDSEY/TechMaturation2014/LS6500/Pre-irrad_8_141107/MeasurementNo00395.xls
Tray_Position S14_Position03 Number of `no vial` to this position 78
get measurement from /Users/djaffe/work/GIT/LINDSEY/TechMaturation2014/LS6500/Pre-irrad_8_141107/MeasurementNo00081.xls
get measurement from /Users/djaffe/work/GIT/LINDSEY/TechMaturation2014/LS6500/Pre-irrad_8_141107/MeasurementNo00186.xls
get measurement from /Users/djaffe/work/GIT/LINDSEY/TechMaturation2014/LS6500/Pre-irrad_8_141107/MeasurementNo00291.xls
get measurement from /Users/djaffe/work/GIT/LINDSEY/TechMaturation2014/LS6500/Pre-irrad_8_141107/MeasurementNo00396.xls
Tray_Position S14_Position04 Number of `no vial` to this position 78
get measurement from /Users/djaffe/work/GIT/LINDSEY/TechMaturation2014/LS6500/Pre-irrad_8_141107/MeasurementNo00082.xls
get measurement from /Users/djaffe/work/GIT/LINDSEY/TechMaturation2014/LS6500/Pre-irrad_8_141107/MeasurementNo00187.xls
get measurement from /Users/djaffe/work/GIT/LINDSEY/TechMaturation2014/LS6500/Pre-irrad_8_141107/MeasurementNo00292.xls
get measurement from /Users/djaffe/work/GIT/LINDSEY/TechMaturation2014/LS6500/Pre-irrad_8_141107/MeasurementNo00397.xls
Tray_Position S14_Position05 Number of `no vial` to this position 78
get measurement from /Users/djaffe/work/GIT/LINDSEY/TechMaturation2014/LS6500/Pre-irrad_8_141107/MeasurementNo00083.xls
get measurement from /Users/djaffe/work/GIT/LINDSEY/TechMaturation2014/LS6500/Pre-irrad_8_141107/MeasurementNo00188.xls
get measurement from /Users/djaffe/work/GIT/LINDSEY/TechMaturation2014/LS6500/Pre-irrad_8_141107/MeasurementNo00293.xls
get measurement from /Users/djaffe/work/GIT/LINDSEY/TechMaturation2014/LS6500/Pre-irrad_8_141107/MeasurementNo00398.xls
Tray_Position S14_Position06 Number of `no vial` to this position 78
get measurement from /Users/djaffe/work/GIT/LINDSEY/TechMaturation2014/LS6500/Pre-irrad_8_141107/MeasurementNo00084.xls
get measurement from /Users/djaffe/work/GIT/LINDSEY/TechMaturation2014/LS6500/Pre-irrad_8_141107/MeasurementNo00189.xls
get measurement from /Users/djaffe/work/GIT/LINDSEY/TechMaturation2014/LS6500/Pre-irrad_8_141107/MeasurementNo00294.xls
get measurement from /Users/djaffe/work/GIT/LINDSEY/TechMaturation2014/LS6500/Pre-irrad_8_141107/MeasurementNo00399.xls
Tray_Position S14_Position07 Number of `no vial` to this position 78
get measurement from /Users/djaffe/work/GIT/LINDSEY/TechMaturation2014/LS6500/Pre-irrad_8_141107/MeasurementNo00085.xls
get measurement from /Users/djaffe/work/GIT/LINDSEY/TechMaturation2014/LS6500/Pre-irrad_8_141107/MeasurementNo00190.xls
get measurement from /Users/djaffe/work/GIT/LINDSEY/TechMaturation2014/LS6500/Pre-irrad_8_141107/MeasurementNo00295.xls
get measurement from /Users/djaffe/work/GIT/LINDSEY/TechMaturation2014/LS6500/Pre-irrad_8_141107/MeasurementNo00400.xls
Tray_Position S14_Position09 Number of `no vial` to this position 79
get measurement from /Users/djaffe/work/GIT/LINDSEY/TechMaturation2014/LS6500/Pre-irrad_8_141107/MeasurementNo00086.xls
get measurement from /Users/djaffe/work/GIT/LINDSEY/TechMaturation2014/LS6500/Pre-irrad_8_141107/MeasurementNo00191.xls
get measurement from /Users/djaffe/work/GIT/LINDSEY/TechMaturation2014/LS6500/Pre-irrad_8_141107/MeasurementNo00296.xls
get measurement from /Users/djaffe/work/GIT/LINDSEY/TechMaturation2014/LS6500/Pre-irrad_8_141107/MeasurementNo00401.xls
Tray_Position S14_Position11 Number of `no vial` to this position 80
get measurement from /Users/djaffe/work/GIT/LINDSEY/TechMaturation2014/LS6500/Pre-irrad_8_141107/MeasurementNo00087.xls
get measurement from /Users/djaffe/work/GIT/LINDSEY/TechMaturation2014/LS6500/Pre-irrad_8_141107/MeasurementNo00192.xls
get measurement from /Users/djaffe/work/GIT/LINDSEY/TechMaturation2014/LS6500/Pre-irrad_8_141107/MeasurementNo00297.xls
get measurement from /Users/djaffe/work/GIT/LINDSEY/TechMaturation2014/LS6500/Pre-irrad_8_141107/MeasurementNo00402.xls
Tray_Position S15_Position01 Number of `no vial` to this position 81
get measurement from /Users/djaffe/work/GIT/LINDSEY/TechMaturation2014/LS6500/Pre-irrad_8_141107/MeasurementNo00088.xls
get measurement from /Users/djaffe/work/GIT/LINDSEY/TechMaturation2014/LS6500/Pre-irrad_8_141107/MeasurementNo00193.xls
get measurement from /Users/djaffe/work/GIT/LINDSEY/TechMaturation2014/LS6500/Pre-irrad_8_141107/MeasurementNo00298.xls
get measurement from /Users/djaffe/work/GIT/LINDSEY/TechMaturation2014/LS6500/Pre-irrad_8_141107/MeasurementNo00403.xls
Tray_Position S15_Position02 Number of `no vial` to this position 81
get measurement from /Users/djaffe/work/GIT/LINDSEY/TechMaturation2014/LS6500/Pre-irrad_8_141107/MeasurementNo00089.xls
get measurement from /Users/djaffe/work/GIT/LINDSEY/TechMaturation2014/LS6500/Pre-irrad_8_141107/MeasurementNo00194.xls
get measurement from /Users/djaffe/work/GIT/LINDSEY/TechMaturation2014/LS6500/Pre-irrad_8_141107/MeasurementNo00299.xls
get measurement from /Users/djaffe/work/GIT/LINDSEY/TechMaturation2014/LS6500/Pre-irrad_8_141107/MeasurementNo00404.xls
Tray_Position S15_Position04 Number of `no vial` to this position 82
get measurement from /Users/djaffe/work/GIT/LINDSEY/TechMaturation2014/LS6500/Pre-irrad_8_141107/MeasurementNo00090.xls
get measurement from /Users/djaffe/work/GIT/LINDSEY/TechMaturation2014/LS6500/Pre-irrad_8_141107/MeasurementNo00195.xls
get measurement from /Users/djaffe/work/GIT/LINDSEY/TechMaturation2014/LS6500/Pre-irrad_8_141107/MeasurementNo00300.xls
get measurement from /Users/djaffe/work/GIT/LINDSEY/TechMaturation2014/LS6500/Pre-irrad_8_141107/MeasurementNo00405.xls
Tray_Position S15_Position05 Number of `no vial` to this position 82
get measurement from /Users/djaffe/work/GIT/LINDSEY/TechMaturation2014/LS6500/Pre-irrad_8_141107/MeasurementNo00091.xls
get measurement from /Users/djaffe/work/GIT/LINDSEY/TechMaturation2014/LS6500/Pre-irrad_8_141107/MeasurementNo00196.xls
get measurement from /Users/djaffe/work/GIT/LINDSEY/TechMaturation2014/LS6500/Pre-irrad_8_141107/MeasurementNo00301.xls
get measurement from /Users/djaffe/work/GIT/LINDSEY/TechMaturation2014/LS6500/Pre-irrad_8_141107/MeasurementNo00406.xls
Tray_Position S15_Position06 Number of `no vial` to this position 82
get measurement from /Users/djaffe/work/GIT/LINDSEY/TechMaturation2014/LS6500/Pre-irrad_8_141107/MeasurementNo00092.xls
get measurement from /Users/djaffe/work/GIT/LINDSEY/TechMaturation2014/LS6500/Pre-irrad_8_141107/MeasurementNo00197.xls
get measurement from /Users/djaffe/work/GIT/LINDSEY/TechMaturation2014/LS6500/Pre-irrad_8_141107/MeasurementNo00302.xls
get measurement from /Users/djaffe/work/GIT/LINDSEY/TechMaturation2014/LS6500/Pre-irrad_8_141107/MeasurementNo00407.xls
Tray_Position S15_Position09 Number of `no vial` to this position 84
get measurement from /Users/djaffe/work/GIT/LINDSEY/TechMaturation2014/LS6500/Pre-irrad_8_141107/MeasurementNo00093.xls
get measurement from /Users/djaffe/work/GIT/LINDSEY/TechMaturation2014/LS6500/Pre-irrad_8_141107/MeasurementNo00198.xls
get measurement from /Users/djaffe/work/GIT/LINDSEY/TechMaturation2014/LS6500/Pre-irrad_8_141107/MeasurementNo00303.xls
get measurement from /Users/djaffe/work/GIT/LINDSEY/TechMaturation2014/LS6500/Pre-irrad_8_141107/MeasurementNo00408.xls
Tray_Position S15_Position10 Number of `no vial` to this position 84
get measurement from /Users/djaffe/work/GIT/LINDSEY/TechMaturation2014/LS6500/Pre-irrad_8_141107/MeasurementNo00094.xls
get measurement from /Users/djaffe/work/GIT/LINDSEY/TechMaturation2014/LS6500/Pre-irrad_8_141107/MeasurementNo00199.xls
get measurement from /Users/djaffe/work/GIT/LINDSEY/TechMaturation2014/LS6500/Pre-irrad_8_141107/MeasurementNo00304.xls
get measurement from /Users/djaffe/work/GIT/LINDSEY/TechMaturation2014/LS6500/Pre-irrad_8_141107/MeasurementNo00409.xls
Tray_Position S15_Position11 Number of `no vial` to this position 84
get measurement from /Users/djaffe/work/GIT/LINDSEY/TechMaturation2014/LS6500/Pre-irrad_8_141107/MeasurementNo00095.xls
get measurement from /Users/djaffe/work/GIT/LINDSEY/TechMaturation2014/LS6500/Pre-irrad_8_141107/MeasurementNo00200.xls
get measurement from /Users/djaffe/work/GIT/LINDSEY/TechMaturation2014/LS6500/Pre-irrad_8_141107/MeasurementNo00305.xls
get measurement from /Users/djaffe/work/GIT/LINDSEY/TechMaturation2014/LS6500/Pre-irrad_8_141107/MeasurementNo00410.xls
Tray_Position S15_Position12 Number of `no vial` to this position 84
get measurement from /Users/djaffe/work/GIT/LINDSEY/TechMaturation2014/LS6500/Pre-irrad_8_141107/MeasurementNo00096.xls
get measurement from /Users/djaffe/work/GIT/LINDSEY/TechMaturation2014/LS6500/Pre-irrad_8_141107/MeasurementNo00201.xls
get measurement from /Users/djaffe/work/GIT/LINDSEY/TechMaturation2014/LS6500/Pre-irrad_8_141107/MeasurementNo00306.xls
get measurement from /Users/djaffe/work/GIT/LINDSEY/TechMaturation2014/LS6500/Pre-irrad_8_141107/MeasurementNo00411.xls
Tray_Position R1_Position01 Number of `no vial` to this position 84
get measurement from /Users/djaffe/work/GIT/LINDSEY/TechMaturation2014/LS6500/Pre-irrad_8_141107/MeasurementNo00097.xls
get measurement from /Users/djaffe/work/GIT/LINDSEY/TechMaturation2014/LS6500/Pre-irrad_8_141107/MeasurementNo00202.xls
get measurement from /Users/djaffe/work/GIT/LINDSEY/TechMaturation2014/LS6500/Pre-irrad_8_141107/MeasurementNo00307.xls
get measurement from /Users/djaffe/work/GIT/LINDSEY/TechMaturation2014/LS6500/Pre-irrad_8_141107/MeasurementNo00412.xls
Tray_Position R1_Position02 Number of `no vial` to this position 84
get measurement from /Users/djaffe/work/GIT/LINDSEY/TechMaturation2014/LS6500/Pre-irrad_8_141107/MeasurementNo00098.xls
get measurement from /Users/djaffe/work/GIT/LINDSEY/TechMaturation2014/LS6500/Pre-irrad_8_141107/MeasurementNo00203.xls
get measurement from /Users/djaffe/work/GIT/LINDSEY/TechMaturation2014/LS6500/Pre-irrad_8_141107/MeasurementNo00308.xls
get measurement from /Users/djaffe/work/GIT/LINDSEY/TechMaturation2014/LS6500/Pre-irrad_8_141107/MeasurementNo00413.xls
Tray_Position R1_Position03 Number of `no vial` to this position 84
get measurement from /Users/djaffe/work/GIT/LINDSEY/TechMaturation2014/LS6500/Pre-irrad_8_141107/MeasurementNo00099.xls
get measurement from /Users/djaffe/work/GIT/LINDSEY/TechMaturation2014/LS6500/Pre-irrad_8_141107/MeasurementNo00204.xls
get measurement from /Users/djaffe/work/GIT/LINDSEY/TechMaturation2014/LS6500/Pre-irrad_8_141107/MeasurementNo00309.xls
get measurement from /Users/djaffe/work/GIT/LINDSEY/TechMaturation2014/LS6500/Pre-irrad_8_141107/MeasurementNo00414.xls
Tray_Position R1_Position04 Number of `no vial` to this position 84
get measurement from /Users/djaffe/work/GIT/LINDSEY/TechMaturation2014/LS6500/Pre-irrad_8_141107/MeasurementNo00100.xls
get measurement from /Users/djaffe/work/GIT/LINDSEY/TechMaturation2014/LS6500/Pre-irrad_8_141107/MeasurementNo00205.xls
get measurement from /Users/djaffe/work/GIT/LINDSEY/TechMaturation2014/LS6500/Pre-irrad_8_141107/MeasurementNo00310.xls
get measurement from /Users/djaffe/work/GIT/LINDSEY/TechMaturation2014/LS6500/Pre-irrad_8_141107/MeasurementNo00415.xls
Tray_Position R1_Position05 Number of `no vial` to this position 84
get measurement from /Users/djaffe/work/GIT/LINDSEY/TechMaturation2014/LS6500/Pre-irrad_8_141107/MeasurementNo00101.xls
get measurement from /Users/djaffe/work/GIT/LINDSEY/TechMaturation2014/LS6500/Pre-irrad_8_141107/MeasurementNo00206.xls
get measurement from /Users/djaffe/work/GIT/LINDSEY/TechMaturation2014/LS6500/Pre-irrad_8_141107/MeasurementNo00311.xls
get measurement from /Users/djaffe/work/GIT/LINDSEY/TechMaturation2014/LS6500/Pre-irrad_8_141107/MeasurementNo00416.xls
Tray_Position R1_Position06 Number of `no vial` to this position 84
get measurement from /Users/djaffe/work/GIT/LINDSEY/TechMaturation2014/LS6500/Pre-irrad_8_141107/MeasurementNo00102.xls
get measurement from /Users/djaffe/work/GIT/LINDSEY/TechMaturation2014/LS6500/Pre-irrad_8_141107/MeasurementNo00207.xls
get measurement from /Users/djaffe/work/GIT/LINDSEY/TechMaturation2014/LS6500/Pre-irrad_8_141107/MeasurementNo00312.xls
get measurement from /Users/djaffe/work/GIT/LINDSEY/TechMaturation2014/LS6500/Pre-irrad_8_141107/MeasurementNo00417.xls
Tray_Position R1_Position07 Number of `no vial` to this position 84
get measurement from /Users/djaffe/work/GIT/LINDSEY/TechMaturation2014/LS6500/Pre-irrad_8_141107/MeasurementNo00103.xls
get measurement from /Users/djaffe/work/GIT/LINDSEY/TechMaturation2014/LS6500/Pre-irrad_8_141107/MeasurementNo00208.xls
get measurement from /Users/djaffe/work/GIT/LINDSEY/TechMaturation2014/LS6500/Pre-irrad_8_141107/MeasurementNo00313.xls
get measurement from /Users/djaffe/work/GIT/LINDSEY/TechMaturation2014/LS6500/Pre-irrad_8_141107/MeasurementNo00418.xls
Tray_Position R1_Position08 Number of `no vial` to this position 84
get measurement from /Users/djaffe/work/GIT/LINDSEY/TechMaturation2014/LS6500/Pre-irrad_8_141107/MeasurementNo00104.xls
get measurement from /Users/djaffe/work/GIT/LINDSEY/TechMaturation2014/LS6500/Pre-irrad_8_141107/MeasurementNo00209.xls
get measurement from /Users/djaffe/work/GIT/LINDSEY/TechMaturation2014/LS6500/Pre-irrad_8_141107/MeasurementNo00314.xls
get measurement from /Users/djaffe/work/GIT/LINDSEY/TechMaturation2014/LS6500/Pre-irrad_8_141107/MeasurementNo00419.xls
ls6500.putOrGet: patience...writing pickled data to Pickles/Pre-irrad_8_141107.pickle
ls6500.defineMatchingSamples 
Name : Samples
ls6500.Analyze
ls.Analyze: kinds ['0140', '0050', '0100', 'EMPTY', '1000', 'STD']
histogramming samples 0140_2R31 0050_FPMT 0100_1R15 0140_4R23 0100_3F15 0050_1F11 0050_1F13 EMPTY_S13_Position01 EMPTY_S13_Position03 0050_1F16 EMPTY_S8_Position08 EMPTY_S12_Position12 0100_REF1 0100_REF2 0100_4R22 EMPTY_S9_Position09 0100_3R15 0100_4F22 0100_1F22 1000_REF1 0100_1F27 0100_2R15 1000_2R36 1000_2R37 1000_2R34 0050_3R16 0050_1R16 0050_1R11 EMPTY_S15_Position01 EMPTY_S15_Position05 EMPTY_S5_Position05 1000_3R37 1000_2F36 1000_2F37 1000_2F34 0100_1F15 0140_1F31 0100_2R27 0100_2R22 0100_3F22 0140_3F23 0050_4R16 0050_4R13 0050_4R11 EMPTY_S14_Position04 EMPTY_S14_Position01 0140_4F23 0050_2F16 0050_2F11 0050_2F13 1000_4R34 0140_1F23 1000_4R37 0100_4R15 0050_REF2 0050_REF1 1000_1R37 1000_1R36 1000_1R34 0050_2R16 STD_14_C 0100_3R22 0100_4F15 0050_RPMT EMPTY_S6_Position06 EMPTY_S10_Position10 0140_1R31 STD_3_H 0100_2F15 EMPTY_S4_Position04 1000_3R34 0050_1R13 0140_2F23 0140_3R23 0050_4F13 0050_4F11 0050_4F16 1000_REF2 EMPTY_S11_Position11 1000_3F34 1000_3F37 0140_REF1 0140_REF2 0100_2F22 0100_2F27 0140_2F31 EMPTY_S7_Position07 0140_2R23 0050_2R11 0050_2R13 EMPTY_S3_Position03 0050_3F16 0050_3F13 0050_3F11 1000_4F34 0100_1R27 1000_4F37 0100_1R22 1000_1F36 0050_3R13 0140_1R23 1000_1F37 0050_3R11 1000_1F34 
ls6500.Analyze: Wrote hists to Histograms/Pre-irrad_8_141107.root
