ls6500: Output directed to terminal and Log/Pre-irrad_3_141029_201411051631_462407.log
initialize ls6500
dataDir /Users/djaffe/work/GIT/LINDSEY/TechMaturation2014/LS6500/Pre-irrad_3_141029/ 
dataSubDir Pre-irrad_3_141029/
initialize spreadsheetReader
ls6500.Main: pickMode put
ls6500.processHeader: Found 192 total samples
ls6500.matchVialMeas: remove summary file MeasurementNo00187.xls from list
            Position          Sample Measurements
       S1_Position01         STD_3_H ['Pre-irrad_3_141029/MeasurementNo00001.xls']
       S1_Position02       0050_1F13 ['Pre-irrad_3_141029/MeasurementNo00002.xls']
       S1_Position03       0052_1F14 ['Pre-irrad_3_141029/MeasurementNo00003.xls']
       S1_Position04       0050_2F13 ['Pre-irrad_3_141029/MeasurementNo00004.xls']
       S1_Position05       0052_2F14 ['Pre-irrad_3_141029/MeasurementNo00005.xls']
       S1_Position06       0050_3F13 ['Pre-irrad_3_141029/MeasurementNo00006.xls']
       S1_Position07       0052_3F14 ['Pre-irrad_3_141029/MeasurementNo00007.xls']
       S1_Position08       0050_4F13 ['Pre-irrad_3_141029/MeasurementNo00008.xls']
       S1_Position09       0052_4F14 ['Pre-irrad_3_141029/MeasurementNo00009.xls']
       S1_Position10       0100_1F15 ['Pre-irrad_3_141029/MeasurementNo00010.xls']
       S1_Position11       0102_1F25 ['Pre-irrad_3_141029/MeasurementNo00011.xls']
       S1_Position12       0100_2F15 ['Pre-irrad_3_141029/MeasurementNo00012.xls']
       S2_Position01       0102_2F25 ['Pre-irrad_3_141029/MeasurementNo00013.xls']
       S2_Position02        STD_14_C ['Pre-irrad_3_141029/MeasurementNo00014.xls']
       S2_Position03       0100_3F15 ['Pre-irrad_3_141029/MeasurementNo00015.xls']
       S2_Position04       0102_3F25 ['Pre-irrad_3_141029/MeasurementNo00016.xls']
       S2_Position05       0100_4F15 ['Pre-irrad_3_141029/MeasurementNo00017.xls']
       S2_Position06       0102_4F25 ['Pre-irrad_3_141029/MeasurementNo00018.xls']
       S2_Position07       0140_1F23 ['Pre-irrad_3_141029/MeasurementNo00019.xls']
       S2_Position08       0142_1F33 ['Pre-irrad_3_141029/MeasurementNo00020.xls']
       S2_Position09       0140_2F23 ['Pre-irrad_3_141029/MeasurementNo00021.xls']
       S2_Position10       0142_2F33 ['Pre-irrad_3_141029/MeasurementNo00022.xls']
       S2_Position11       0140_3F23 ['Pre-irrad_3_141029/MeasurementNo00023.xls']
       S2_Position12       0142_3F33 ['Pre-irrad_3_141029/MeasurementNo00024.xls']
       S3_Position01       0140_4F23 ['Pre-irrad_3_141029/MeasurementNo00025.xls']
       S3_Position02       0142_4F33 ['Pre-irrad_3_141029/MeasurementNo00026.xls']
       S3_Position03           EMPTY ['Pre-irrad_3_141029/MeasurementNo00027.xls']
       S3_Position04       1000_1F34 ['Pre-irrad_3_141029/MeasurementNo00028.xls']
       S3_Position05       1002_1F35 ['Pre-irrad_3_141029/MeasurementNo00029.xls']
       S3_Position06       1000_2F34 ['Pre-irrad_3_141029/MeasurementNo00030.xls']
       S3_Position07       1002_2F35 ['Pre-irrad_3_141029/MeasurementNo00031.xls']
       S3_Position08       1000_3F34 ['Pre-irrad_3_141029/MeasurementNo00032.xls']
       S3_Position09       1002_3F35 ['Pre-irrad_3_141029/MeasurementNo00033.xls']
       S3_Position10       1000_4F34 ['Pre-irrad_3_141029/MeasurementNo00034.xls']
       S3_Position11       1002_4F35 ['Pre-irrad_3_141029/MeasurementNo00035.xls']
       S3_Position12       0050_1R13 ['Pre-irrad_3_141029/MeasurementNo00036.xls']
       S4_Position01       0052_1R14 ['Pre-irrad_3_141029/MeasurementNo00037.xls']
       S4_Position02       0050_2R13 ['Pre-irrad_3_141029/MeasurementNo00038.xls']
       S4_Position03       0052_2R14 ['Pre-irrad_3_141029/MeasurementNo00039.xls']
       S4_Position04           EMPTY ['Pre-irrad_3_141029/MeasurementNo00040.xls']
       S4_Position05       0050_3R13 ['Pre-irrad_3_141029/MeasurementNo00041.xls']
       S4_Position06       0052_3R14 ['Pre-irrad_3_141029/MeasurementNo00042.xls']
       S4_Position07       0050_4R13 ['Pre-irrad_3_141029/MeasurementNo00043.xls']
       S4_Position08       0052_4R14 ['Pre-irrad_3_141029/MeasurementNo00044.xls']
       S4_Position09       0100_1R15 ['Pre-irrad_3_141029/MeasurementNo00045.xls']
       S4_Position10       0102_1R25 ['Pre-irrad_3_141029/MeasurementNo00046.xls']
       S4_Position11       0100_2R15 ['Pre-irrad_3_141029/MeasurementNo00047.xls']
       S4_Position12       0102_2R25 ['Pre-irrad_3_141029/MeasurementNo00048.xls']
       S5_Position01       0100_3R15 ['Pre-irrad_3_141029/MeasurementNo00049.xls']
       S5_Position02       0102_3R25 ['Pre-irrad_3_141029/MeasurementNo00050.xls']
       S5_Position03       0100_4R15 ['Pre-irrad_3_141029/MeasurementNo00051.xls']
       S5_Position04       0102_4R25 ['Pre-irrad_3_141029/MeasurementNo00052.xls']
       S5_Position05           EMPTY ['Pre-irrad_3_141029/MeasurementNo00053.xls']
       S5_Position06       0140_1R23 ['Pre-irrad_3_141029/MeasurementNo00054.xls']
       S5_Position07       0142_1R33 ['Pre-irrad_3_141029/MeasurementNo00055.xls']
       S5_Position08       0140_2R23 ['Pre-irrad_3_141029/MeasurementNo00056.xls']
       S5_Position09       0142_2R33 ['Pre-irrad_3_141029/MeasurementNo00057.xls']
       S5_Position10       0140_3R23 ['Pre-irrad_3_141029/MeasurementNo00058.xls']
       S5_Position11       0142_3R33 ['Pre-irrad_3_141029/MeasurementNo00059.xls']
       S5_Position12       0140_4R23 ['Pre-irrad_3_141029/MeasurementNo00060.xls']
       S6_Position01       0142_4R33 ['Pre-irrad_3_141029/MeasurementNo00061.xls']
       S6_Position02       1000_1R34 ['Pre-irrad_3_141029/MeasurementNo00062.xls']
       S6_Position03       1002_1R35 ['Pre-irrad_3_141029/MeasurementNo00063.xls']
       S6_Position04       1000_2R34 ['Pre-irrad_3_141029/MeasurementNo00064.xls']
       S6_Position05       1002_2R35 ['Pre-irrad_3_141029/MeasurementNo00065.xls']
       S6_Position06           EMPTY ['Pre-irrad_3_141029/MeasurementNo00066.xls']
       S6_Position07       1000_3R34 ['Pre-irrad_3_141029/MeasurementNo00067.xls']
       S6_Position08       1002_3R35 ['Pre-irrad_3_141029/MeasurementNo00068.xls']
       S6_Position09       1000_4R34 ['Pre-irrad_3_141029/MeasurementNo00069.xls']
       S6_Position10       1002_4R35 ['Pre-irrad_3_141029/MeasurementNo00070.xls']
       S6_Position11       0050_FPMT ['Pre-irrad_3_141029/MeasurementNo00071.xls']
       S6_Position12       0050_RPMT ['Pre-irrad_3_141029/MeasurementNo00072.xls']
       S7_Position01       0050_1F11 ['Pre-irrad_3_141029/MeasurementNo00073.xls']
       S7_Position02       0052_1F12 ['Pre-irrad_3_141029/MeasurementNo00074.xls']
       S7_Position03       0050_2F11 ['Pre-irrad_3_141029/MeasurementNo00075.xls']
       S7_Position04       0052_2F12 ['Pre-irrad_3_141029/MeasurementNo00076.xls']
       S7_Position05       0050_3F11 ['Pre-irrad_3_141029/MeasurementNo00077.xls']
       S7_Position06       0052_3F12 ['Pre-irrad_3_141029/MeasurementNo00078.xls']
       S7_Position07           EMPTY ['Pre-irrad_3_141029/MeasurementNo00079.xls']
       S7_Position08       0050_4F11 ['Pre-irrad_3_141029/MeasurementNo00080.xls']
       S7_Position09       0052_4F12 ['Pre-irrad_3_141029/MeasurementNo00081.xls']
       S7_Position10       0100_1F22 ['Pre-irrad_3_141029/MeasurementNo00082.xls']
       S7_Position11       0102_1F21 ['Pre-irrad_3_141029/MeasurementNo00083.xls']
       S7_Position12       0100_2F22 ['Pre-irrad_3_141029/MeasurementNo00084.xls']
       S8_Position01       0102_2F21 ['Pre-irrad_3_141029/MeasurementNo00085.xls']
       S8_Position02       0100_3F22 ['Pre-irrad_3_141029/MeasurementNo00086.xls']
       S8_Position03       0102_3F21 ['Pre-irrad_3_141029/MeasurementNo00087.xls']
       S8_Position04       0100_4F22 ['Pre-irrad_3_141029/MeasurementNo00088.xls']
       S8_Position05       0102_4F21 ['Pre-irrad_3_141029/MeasurementNo00089.xls']
       S8_Position06       0140_1F31 ['Pre-irrad_3_141029/MeasurementNo00090.xls']
       S8_Position07       0142_1F26 ['Pre-irrad_3_141029/MeasurementNo00091.xls']
       S8_Position08           EMPTY ['Pre-irrad_3_141029/MeasurementNo00092.xls']
       S8_Position09       0140_2F31 ['Pre-irrad_3_141029/MeasurementNo00093.xls']
       S8_Position10       0142_2F26 ['Pre-irrad_3_141029/MeasurementNo00094.xls']
       S8_Position11       0140_3F31 ['Pre-irrad_3_141029/MeasurementNo00095.xls']
       S8_Position12       0142_3F26 ['Pre-irrad_3_141029/MeasurementNo00096.xls']
       S9_Position01       0140_4F31 ['Pre-irrad_3_141029/MeasurementNo00097.xls']
       S9_Position02       0142_4F26 ['Pre-irrad_3_141029/MeasurementNo00098.xls']
       S9_Position03       1000_1F36 ['Pre-irrad_3_141029/MeasurementNo00099.xls']
       S9_Position04       1002_1F32 ['Pre-irrad_3_141029/MeasurementNo00100.xls']
       S9_Position05       1000_2F36 ['Pre-irrad_3_141029/MeasurementNo00101.xls']
       S9_Position06       1002_2F32 ['Pre-irrad_3_141029/MeasurementNo00102.xls']
       S9_Position07       1000_3F36 ['Pre-irrad_3_141029/MeasurementNo00103.xls']
       S9_Position08       1002_3F32 ['Pre-irrad_3_141029/MeasurementNo00104.xls']
       S9_Position09           EMPTY ['Pre-irrad_3_141029/MeasurementNo00105.xls']
       S9_Position10       1000_4F36 ['Pre-irrad_3_141029/MeasurementNo00106.xls']
       S9_Position11       1002_4F32 ['Pre-irrad_3_141029/MeasurementNo00107.xls']
       S9_Position12       0050_1R11 ['Pre-irrad_3_141029/MeasurementNo00108.xls']
      S10_Position01       0052_1R12 ['Pre-irrad_3_141029/MeasurementNo00109.xls']
      S10_Position02       0050_2R11 ['Pre-irrad_3_141029/MeasurementNo00110.xls']
      S10_Position03       0052_2R12 ['Pre-irrad_3_141029/MeasurementNo00111.xls']
      S10_Position04       0050_3R11 ['Pre-irrad_3_141029/MeasurementNo00112.xls']
      S10_Position05       0052_3R12 ['Pre-irrad_3_141029/MeasurementNo00113.xls']
      S10_Position06       0050_4R11 ['Pre-irrad_3_141029/MeasurementNo00114.xls']
      S10_Position07       0052_4R12 ['Pre-irrad_3_141029/MeasurementNo00115.xls']
      S10_Position08       0100_1R22 ['Pre-irrad_3_141029/MeasurementNo00116.xls']
      S10_Position09       0102_1R21 ['Pre-irrad_3_141029/MeasurementNo00117.xls']
      S10_Position10           EMPTY ['Pre-irrad_3_141029/MeasurementNo00118.xls']
      S10_Position11       0100_2R22 ['Pre-irrad_3_141029/MeasurementNo00119.xls']
      S10_Position12       0102_2R21 ['Pre-irrad_3_141029/MeasurementNo00120.xls']
      S11_Position01       0100_3R22 ['Pre-irrad_3_141029/MeasurementNo00121.xls']
      S11_Position02       0102_3R21 ['Pre-irrad_3_141029/MeasurementNo00122.xls']
      S11_Position03       0100_4R22 ['Pre-irrad_3_141029/MeasurementNo00123.xls']
      S11_Position04       0102_4R21 ['Pre-irrad_3_141029/MeasurementNo00124.xls']
      S11_Position05       0140_1R31 ['Pre-irrad_3_141029/MeasurementNo00125.xls']
      S11_Position06       0142_1R26 ['Pre-irrad_3_141029/MeasurementNo00126.xls']
      S11_Position07       0140_2R31 ['Pre-irrad_3_141029/MeasurementNo00127.xls']
      S11_Position08       0142_2R26 ['Pre-irrad_3_141029/MeasurementNo00128.xls']
      S11_Position09       0140_3R31 ['Pre-irrad_3_141029/MeasurementNo00129.xls']
      S11_Position10       0142_3R26 ['Pre-irrad_3_141029/MeasurementNo00130.xls']
      S11_Position11           EMPTY ['Pre-irrad_3_141029/MeasurementNo00131.xls']
      S11_Position12       0140_4R31 ['Pre-irrad_3_141029/MeasurementNo00132.xls']
      S12_Position01       0142_4R26 ['Pre-irrad_3_141029/MeasurementNo00133.xls']
      S12_Position02       1000_1R36 ['Pre-irrad_3_141029/MeasurementNo00134.xls']
      S12_Position03       1002_1R32 ['Pre-irrad_3_141029/MeasurementNo00135.xls']
      S12_Position04       1000_2R36 ['Pre-irrad_3_141029/MeasurementNo00136.xls']
      S12_Position05       1002_2R32 ['Pre-irrad_3_141029/MeasurementNo00137.xls']
      S12_Position06       1000_3R36 ['Pre-irrad_3_141029/MeasurementNo00138.xls']
      S12_Position07       1002_3R32 ['Pre-irrad_3_141029/MeasurementNo00139.xls']
      S12_Position08       1000_4R36 ['Pre-irrad_3_141029/MeasurementNo00140.xls']
      S12_Position09       1002_4R32 ['Pre-irrad_3_141029/MeasurementNo00141.xls']
      S12_Position10       0050_1F16 ['Pre-irrad_3_141029/MeasurementNo00142.xls']
      S12_Position11       0052_1F17 ['Pre-irrad_3_141029/MeasurementNo00143.xls']
      S12_Position12           EMPTY ['Pre-irrad_3_141029/MeasurementNo00144.xls']
      S13_Position01           EMPTY ['Pre-irrad_3_141029/MeasurementNo00145.xls']
      S13_Position02       0050_2F16 ['Pre-irrad_3_141029/MeasurementNo00146.xls']
      S13_Position03           EMPTY ['Pre-irrad_3_141029/MeasurementNo00147.xls']
      S13_Position04       0052_2F17 ['Pre-irrad_3_141029/MeasurementNo00148.xls']
      S13_Position05       0050_3F16 ['Pre-irrad_3_141029/MeasurementNo00149.xls']
      S13_Position06       0052_3F17 ['Pre-irrad_3_141029/MeasurementNo00150.xls']
      S13_Position07       0050_4F16 ['Pre-irrad_3_141029/MeasurementNo00151.xls']
      S13_Position08       0052_4F17 ['Pre-irrad_3_141029/MeasurementNo00152.xls']
      S13_Position09       0100_1F27 ['Pre-irrad_3_141029/MeasurementNo00153.xls']
      S13_Position10       0100_2F27 ['Pre-irrad_3_141029/MeasurementNo00154.xls']
      S13_Position11       0100_3F27 ['Pre-irrad_3_141029/MeasurementNo00155.xls']
      S13_Position12       0100_4F27 ['Pre-irrad_3_141029/MeasurementNo00156.xls']
      S14_Position01           EMPTY ['Pre-irrad_3_141029/MeasurementNo00157.xls']
      S14_Position02       1000_1F37 ['Pre-irrad_3_141029/MeasurementNo00158.xls']
      S14_Position03       1000_2F37 ['Pre-irrad_3_141029/MeasurementNo00159.xls']
      S14_Position04           EMPTY ['Pre-irrad_3_141029/MeasurementNo00160.xls']
      S14_Position05       1000_3F37 ['Pre-irrad_3_141029/MeasurementNo00161.xls']
      S14_Position06       1000_4F37 ['Pre-irrad_3_141029/MeasurementNo00162.xls']
      S14_Position07       0050_1R16 ['Pre-irrad_3_141029/MeasurementNo00163.xls']
      S14_Position08       0052_1R17 ['Pre-irrad_3_141029/MeasurementNo00164.xls']
      S14_Position09       0050_2R16 ['Pre-irrad_3_141029/MeasurementNo00165.xls']
      S14_Position10       0052_2R17 ['Pre-irrad_3_141029/MeasurementNo00166.xls']
      S14_Position11       0050_3R16 ['Pre-irrad_3_141029/MeasurementNo00167.xls']
      S14_Position12       0052_3R17 ['Pre-irrad_3_141029/MeasurementNo00168.xls']
      S15_Position01           EMPTY ['Pre-irrad_3_141029/MeasurementNo00169.xls']
      S15_Position02       0050_4R16 ['Pre-irrad_3_141029/MeasurementNo00170.xls']
      S15_Position03       0052_4R17 ['Pre-irrad_3_141029/MeasurementNo00171.xls']
      S15_Position04       0100_1R27 ['Pre-irrad_3_141029/MeasurementNo00172.xls']
      S15_Position05           EMPTY ['Pre-irrad_3_141029/MeasurementNo00173.xls']
      S15_Position06       0100_2R27 ['Pre-irrad_3_141029/MeasurementNo00174.xls']
      S15_Position07       0100_3R27 ['Pre-irrad_3_141029/MeasurementNo00175.xls']
      S15_Position08       0100_4R27 ['Pre-irrad_3_141029/MeasurementNo00176.xls']
      S15_Position09       1000_1R37 ['Pre-irrad_3_141029/MeasurementNo00177.xls']
      S15_Position10       1000_2R37 ['Pre-irrad_3_141029/MeasurementNo00178.xls']
      S15_Position11       1000_3R37 ['Pre-irrad_3_141029/MeasurementNo00179.xls']
      S15_Position12       1000_4R37 ['Pre-irrad_3_141029/MeasurementNo00180.xls']
       R1_Position01       0050_REF1 ['Pre-irrad_3_141029/MeasurementNo00181.xls']
       R1_Position02       0052_REF1 ['Pre-irrad_3_141029/MeasurementNo00182.xls']
       R1_Position03       0100_REF1 ['Pre-irrad_3_141029/MeasurementNo00183.xls']
       R1_Position04       0102_REF1 ['Pre-irrad_3_141029/MeasurementNo00184.xls']
       R1_Position05       0140_REF1 ['Pre-irrad_3_141029/MeasurementNo00185.xls']
       R1_Position06       0142_REF1 ['Pre-irrad_3_141029/MeasurementNo00186.xls']
