This file is Log/TempVariation_141024_201411031445_341744.log
initialize ls6500
dataDir /Users/djaffe/work/GIT/LINDSEY/TechMaturation2014/LS6500/TempVariation_141024/ 
dataSubDir TempVariation_141024/
initialize spreadsheetReader
ls6500.Main: pickMode put
ls6500.readTempVar: found 4 unique sample measurements
ls6500.putOrGet: patience...writing pickled data to Pickles/TempVariation_141024.pickle
ls6500.Analyze
sample 1000_REF2
sample 1002_REF1
sample 1002_REF2
sample 1000_REF1
1000_REF2 TempVariation 0.174094 0.006523 0.000049 
1002_REF1 TempVariation 0.000000 0.000000 0.000000 
1002_REF2 TempVariation 0.734056 
1000_REF1 TempVariation 0.001355 0.000130 0.000000 0.000000 0.000000 0.000000 0.000000 
keyTitle: ['1000_REF2', '20141024', '15:58:31'] 1000_REF2 20141024 15:58:31
keyTitle: ['1000_REF2', '20141024', '16:05:52'] 1000_REF2 20141024 16:05:52
keyTitle: ['1000_REF2', '20141024', '17:29:07'] 1000_REF2 20141024 17:29:07
keyTitle: ['1000_REF2', '20141024', '17:36:28'] 1000_REF2 20141024 17:36:28
keyTitle: ['1002_REF1', '20141024', '16:14:11'] 1002_REF1 20141024 16:14:11
keyTitle: ['1002_REF1', '20141024', '16:21:29'] 1002_REF1 20141024 16:21:29
keyTitle: ['1002_REF1', '20141024', '16:28:48'] 1002_REF1 20141024 16:28:48
keyTitle: ['1002_REF1', '20141024', '16:36:05'] 1002_REF1 20141024 16:36:05
keyTitle: ['1002_REF2', '20141024', '16:43:38'] 1002_REF2 20141024 16:43:38
keyTitle: ['1002_REF2', '20141024', '16:50:55'] 1002_REF2 20141024 16:50:55
keyTitle: ['1000_REF1', '20141024', '15:28:43'] 1000_REF1 20141024 15:28:43
keyTitle: ['1000_REF1', '20141024', '15:36:05'] 1000_REF1 20141024 15:36:05
keyTitle: ['1000_REF1', '20141024', '15:43:26'] 1000_REF1 20141024 15:43:26
keyTitle: ['1000_REF1', '20141024', '15:50:47'] 1000_REF1 20141024 15:50:47
keyTitle: ['1000_REF1', '20141024', '16:59:22'] 1000_REF1 20141024 16:59:22
keyTitle: ['1000_REF1', '20141024', '17:06:45'] 1000_REF1 20141024 17:06:45
keyTitle: ['1000_REF1', '20141024', '17:14:06'] 1000_REF1 20141024 17:14:06
keyTitle: ['1000_REF1', '20141024', '17:21:28'] 1000_REF1 20141024 17:21:28
ls6500.Analyze: Wrote hists to Histograms/TempVariation_141024.root
